<!DOCTYPE html>
<html lang="en">
  <head>
    <meta charset="UTF-8" />
    <link rel="shortcut icon" href="data:image/png;base64,iVBORw0KGgoAAAANSUhEUgAAADAAAAAwCAYAAABXAvmHAAAABHNCSVQICAgIfAhkiAAAAAlwSFlzAAAC1QAAAtUBwMJvJQAAABl0RVh0U29mdHdhcmUAd3d3Lmlua3NjYXBlLm9yZ5vuPBoAAAf5SURBVGiB7Zp7UFT3Fcc/v3vv8kaQgA8CEmtE8ZEYiVETjS+UkUcm09FM0rE2iRPttOOjY60WbLwNQoI6I9HONNo2rbZpxmo7RkBH8Z34qJpEx2cdoxHREZ8gu+yyu9xf/4BddoFdFlzTOu33r7vnd37nnO+9v9c5vxUEGfp4PcwWpb1pSDFTQBqAhPNCig3h9fYN+n7dFkx/IpjGFucsz0WKEuB7PlSqEOQXl+X9GYQMhs+gEPhFdkGaQFkNZAbkVHJAKur84rIlpx7W90MR+FmmHhdqClkmpfwpoLrkIWEhjJs2iuEThgLw1b7THNhyFLvN7tndEEJ+oihiUdG2/OquxtAlArPT15niet15S0IhEO82JmDIS2lkz5pEbEI3rz5198xU/PVzju88iZReo6dGwAcWI7pk7Y55DY+cwJLsggwDZbWAIZ7ypP69yZ09mZS0JL/9r1+6ybb1u7h6rqp100VDioUrt+eVdSaegAksyinor0i1EOR0T3m3uCgyfjCWEZnDECIwc1LCmUPn2f7xXu7fqm0d0m4U54Li0nfPBmKrQ4/6dD3KZjX9XEqWAKEuuaqpjMoazpQfjiM0PCSgwFvD0eDgwN+PcmDLERx2p1eTEOK3Ns2+rGSrXtMlArquK9YTphlIVgA9PdvSXuhP7uzJxPWK7VLgrVF7p46dG/fz9b7TeE8P7iF473J4/99s3vxaY3t92yWwKLtorIJcAwzzlPdIjifnnQxSh/ta5h8Ol89UUra+ghuX2yxKJw3EvJXleZ+3bmhDYHF20bsglwGKSxYRHc6kN8YwOud5FMX/qLOabVRfvY3R6lUqQtAzJYHwqDC//aWUfL3vLNs/3oO5xuLZZEjQV5TnF/gksDiraA5CfuT6rWoK6RnPkjlzHJHdIvw6djnf8cd91NdZ222PiA5n6lsTAprsVouN/ZuPcOizYzgdLaNHwJwPyvPXtyGg5+oRVsNUBXQHSElLYtr8bBKSnujQmQt2m51t6yr86rwyZzIhYYFP+ttVd9lcUkblhesuUU2jIyRp1a5FFvAYJjap5bqCj03oxqyC1zsV/KNCQtITzCp4g5h498YYq5kaslw/3ASkVAa4ngePHtCpt/SoERoewuDRqe7fBmKg61lpUTOiXU9hEaH8tyE8smXyC6T7cyjtaj9GCCoB1aShqL5NKqqCatKC6ZKgWlNVhRFTnuXquSoMQ3Lr2h2gaQNUFEHKoCRUPwS7guC+DiA5NZHk1EQMQ/KPtdsBGPPqCx1ugF3FYz8HuvwFzLX1OBocPtul0XKUqLlVi/DzBUJCTUTGdLzTt4cuEThRcYpv2yYkPrF306EOdfoOTiY945lOx9JpAubaer49V4WiKv4PZhIsD+oBms5RfqaA1WzjytlrDBzxdKe/RKcJOJoT86jYSKbMeNmnnuckzvzReL+TeNdfDvLgbh12m73TBP53JrGUEqvZhtXcVFgzGg0stfVoIVqblNJqseG0txyBm/RUr+MAwP1bNVhqrdQ/sNJgtXPz6m1sVjs9+8SjKIG924AIOB1O9m46zIO7dW6ZucbCjj/tA2DQqFQGjewPwOHSE20yqp0b9wPwZL9ejM5JB+DTFVs5dfCcl97pL84DEBkTwcKPfkxEtP/kBwIcQvdv1XoF3xquEomjwdleOujG9W9uupP3iycu+9Sz1NZz8ctLgYQWGAHPNb3d9ub0UUojAFtNOkYHuk5nuzl8Gzz2k/j/BP7TaCEgFXeNr3VVoaMlzbVJBbL0uXT85Q0Amua9QJpr6z2t3Hc/uR6EYrhrkacPXfAi0b1XLPGJcT6D7zfsqSanIRpPDU5ut2wihKDv4GS0kKbAnhk7yOcBL65nDGnNyzI0HUnOHvlXi4JsidVtYe7UNaERqrkSKXsA9OgTz7R52fQZ+KS7n9PubFOw0jS1zdtsdDbS2Oi9yqiqgqqpXjK7zYHV4n3jpGmq13Gi8sJ1tnxY7k6OgOrwCEcffbNu9yIAsCR7+XSJ+JubXXO9P+vtiXTvEcN3iQf3zOxue58gpRCvrSjL2+KOsXXH5urch3hUok2hJl7MfZ5Jr7/0yMstDruTw9uOs3fTIRqsXjc6DQgxt7gs73eewnYHYV524ZBGKAEmecpj4qPJnDmB5yYMIcCrgE7h/LFLlK7bxb3qNhX1PSosKCrPP9O6wW8YzbeOq4F+nvLkAYm8MnsKyQMSHzpogBuXqyldX8GVM5Vecim5JhSWFpflb/TVt8P3ODt9nal77zs/QfIe4C4oCSF4bsIQst6eSFRsZJcCr6+zsufTLzhSdgLD+7hiEYJVYWbHBx3dKwc8EPIyC3s7NXQBs2h1I/ny90cyfvqLaCbVj4UWNDoNjm7/kopPDmKzeN3rSRBbNM1YWPjZ0muB2OrCJd/76RKjBBjjKY9PjCNz5jiGjknz2//SySuUrt9NdeVt7wbJcUUR898vyzvSmXi6PBUX5yzPFVKslZDiKX96WF9y38mgZ0qCl/6d6/co/8Nuzh9rc0y+IeDXYSMcv9d1vePjbCs81Fqi5+oRNsM0V8JSIMolVzWFkVOHM3zi0OYblzP8c8dXNDq94rNKWIOqFa7Ytth3stEBgvNXg6nFSYrqKJJSzAjEphCyzCnkvFWlv7rysL6Dupr/MqtopKHIEiSjfKicNBSxYGVp3oFg+Qz6dqTrulJ/PORVIeWbCAYBIDknkBu+iUzd6uu6tKv4N+243iwIA9v6AAAAAElFTkSuQmCC" />
    <meta name="viewport" content="width=device-width, initial-scale=1.0" />
    <title>Postgres EXPLAIN Visualizer 2 (pev2)</title>
    <script type="module" crossorigin>(function(){const e=document.createElement("link").relList;if(e&&e.supports&&e.supports("modulepreload"))return;for(const i of document.querySelectorAll('link[rel="modulepreload"]'))r(i);new MutationObserver(i=>{for(const o of i)if(o.type==="childList")for(const l of o.addedNodes)l.tagName==="LINK"&&l.rel==="modulepreload"&&r(l)}).observe(document,{childList:!0,subtree:!0});function n(i){const o={};return i.integrity&&(o.integrity=i.integrity),i.referrerPolicy&&(o.referrerPolicy=i.referrerPolicy),i.crossOrigin==="use-credentials"?o.credentials="include":i.crossOrigin==="anonymous"?o.credentials="omit":o.credentials="same-origin",o}function r(i){if(i.ep)return;i.ep=!0;const o=n(i);fetch(i.href,o)}})();/**
* @vue/shared v3.5.17
* (c) 2018-present Yuxi (Evan) You and Vue contributors
* @license MIT
**//*! #__NO_SIDE_EFFECTS__ */function f0(t){const e=Object.create(null);for(const n of t.split(","))e[n]=1;return n=>n in e}const Ke={},sa=[],Si=()=>{},gN=()=>!1,Ed=t=>t.charCodeAt(0)===111&&t.charCodeAt(1)===110&&(t.charCodeAt(2)>122||t.charCodeAt(2)<97),p0=t=>t.startsWith("onUpdate:"),$n=Object.assign,h0=(t,e)=>{const n=t.indexOf(e);n>-1&&t.splice(n,1)},TN=Object.prototype.hasOwnProperty,We=(t,e)=>TN.call(t,e),de=Array.isArray,oa=t=>gd(t)==="[object Map]",RT=t=>gd(t)==="[object Set]",me=t=>typeof t=="function",hn=t=>typeof t=="string",ns=t=>typeof t=="symbol",rn=t=>t!==null&&typeof t=="object",OT=t=>(rn(t)||me(t))&&me(t.then)&&me(t.catch),LT=Object.prototype.toString,gd=t=>LT.call(t),SN=t=>gd(t).slice(8,-1),bT=t=>gd(t)==="[object Object]",_0=t=>hn(t)&&t!=="NaN"&&t[0]!=="-"&&""+parseInt(t,10)===t,gl=f0(",key,ref,ref_for,ref_key,onVnodeBeforeMount,onVnodeMounted,onVnodeBeforeUpdate,onVnodeUpdated,onVnodeBeforeUnmount,onVnodeUnmounted"),Td=t=>{const e=Object.create(null);return n=>e[n]||(e[n]=t(n))},AN=/-(\w)/g,Hr=Td(t=>t.replace(AN,(e,n)=>n?n.toUpperCase():"")),vN=/\B([A-Z])/g,bo=Td(t=>t.replace(vN,"-$1").toLowerCase()),Sd=Td(t=>t.charAt(0).toUpperCase()+t.slice(1)),_p=Td(t=>t?`on${Sd(t)}`:""),Rs=(t,e)=>!Object.is(t,e),bu=(t,...e)=>{for(let n=0;n<t.length;n++)t[n](...e)},sh=(t,e,n,r=!1)=>{Object.defineProperty(t,e,{configurable:!0,enumerable:!1,writable:r,value:n})},oh=t=>{const e=parseFloat(t);return isNaN(e)?t:e};let DE;const Ad=()=>DE||(DE=typeof globalThis<"u"?globalThis:typeof self<"u"?self:typeof window<"u"?window:typeof global<"u"?global:{});function qe(t){if(de(t)){const e={};for(let n=0;n<t.length;n++){const r=t[n],i=hn(r)?bN(r):qe(r);if(i)for(const o in i)e[o]=i[o]}return e}else if(hn(t)||rn(t))return t}const RN=/;(?![^(]*\))/g,ON=/:([^]+)/,LN=/\/\*[^]*?\*\//g;function bN(t){const e={};return t.replace(LN,"").split(RN).forEach(n=>{if(n){const r=n.split(ON);r.length>1&&(e[r[0].trim()]=r[1].trim())}}),e}function kt(t){let e="";if(hn(t))e=t;else if(de(t))for(let n=0;n<t.length;n++){const r=kt(t[n]);r&&(e+=r+" ")}else if(rn(t))for(const n in t)t[n]&&(e+=n+" ");return e.trim()}const yN="itemscope,allowfullscreen,formnovalidate,ismap,nomodule,novalidate,readonly",CN=f0(yN);function yT(t){return!!t||t===""}const CT=t=>!!(t&&t.__v_isRef===!0),ut=t=>hn(t)?t:t==null?"":de(t)||rn(t)&&(t.toString===LT||!me(t.toString))?CT(t)?ut(t.value):JSON.stringify(t,IT,2):String(t),IT=(t,e)=>CT(e)?IT(t,e.value):oa(e)?{[`Map(${e.size})`]:[...e.entries()].reduce((n,[r,i],o)=>(n[mp(r,o)+" =>"]=i,n),{})}:RT(e)?{[`Set(${e.size})`]:[...e.values()].map(n=>mp(n))}:ns(e)?mp(e):rn(e)&&!de(e)&&!bT(e)?String(e):e,mp=(t,e="")=>{var n;return ns(t)?`Symbol(${(n=t.description)!=null?n:e})`:t};/**
* @vue/reactivity v3.5.17
* (c) 2018-present Yuxi (Evan) You and Vue contributors
* @license MIT
**/let rr;class IN{constructor(e=!1){this.detached=e,this._active=!0,this._on=0,this.effects=[],this.cleanups=[],this._isPaused=!1,this.parent=rr,!e&&rr&&(this.index=(rr.scopes||(rr.scopes=[])).push(this)-1)}get active(){return this._active}pause(){if(this._active){this._isPaused=!0;let e,n;if(this.scopes)for(e=0,n=this.scopes.length;e<n;e++)this.scopes[e].pause();for(e=0,n=this.effects.length;e<n;e++)this.effects[e].pause()}}resume(){if(this._active&&this._isPaused){this._isPaused=!1;let e,n;if(this.scopes)for(e=0,n=this.scopes.length;e<n;e++)this.scopes[e].resume();for(e=0,n=this.effects.length;e<n;e++)this.effects[e].resume()}}run(e){if(this._active){const n=rr;try{return rr=this,e()}finally{rr=n}}}on(){++this._on===1&&(this.prevScope=rr,rr=this)}off(){this._on>0&&--this._on===0&&(rr=this.prevScope,this.prevScope=void 0)}stop(e){if(this._active){this._active=!1;let n,r;for(n=0,r=this.effects.length;n<r;n++)this.effects[n].stop();for(this.effects.length=0,n=0,r=this.cleanups.length;n<r;n++)this.cleanups[n]();if(this.cleanups.length=0,this.scopes){for(n=0,r=this.scopes.length;n<r;n++)this.scopes[n].stop(!0);this.scopes.length=0}if(!this.detached&&this.parent&&!e){const i=this.parent.scopes.pop();i&&i!==this&&(this.parent.scopes[this.index]=i,i.index=this.index)}this.parent=void 0}}}function NN(){return rr}let je;const Ep=new WeakSet;class NT{constructor(e){this.fn=e,this.deps=void 0,this.depsTail=void 0,this.flags=5,this.next=void 0,this.cleanup=void 0,this.scheduler=void 0,rr&&rr.active&&rr.effects.push(this)}pause(){this.flags|=64}resume(){this.flags&64&&(this.flags&=-65,Ep.has(this)&&(Ep.delete(this),this.trigger()))}notify(){this.flags&2&&!(this.flags&32)||this.flags&8||wT(this)}run(){if(!(this.flags&1))return this.fn();this.flags|=2,PE(this),kT(this);const e=je,n=ni;je=this,ni=!0;try{return this.fn()}finally{BT(this),je=e,ni=n,this.flags&=-3}}stop(){if(this.flags&1){for(let e=this.deps;e;e=e.nextDep)g0(e);this.deps=this.depsTail=void 0,PE(this),this.onStop&&this.onStop(),this.flags&=-2}}trigger(){this.flags&64?Ep.add(this):this.scheduler?this.scheduler():this.runIfDirty()}runIfDirty(){ah(this)&&this.run()}get dirty(){return ah(this)}}let xT=0,Tl,Sl;function wT(t,e=!1){if(t.flags|=8,e){t.next=Sl,Sl=t;return}t.next=Tl,Tl=t}function m0(){xT++}function E0(){if(--xT>0)return;if(Sl){let e=Sl;for(Sl=void 0;e;){const n=e.next;e.next=void 0,e.flags&=-9,e=n}}let t;for(;Tl;){let e=Tl;for(Tl=void 0;e;){const n=e.next;if(e.next=void 0,e.flags&=-9,e.flags&1)try{e.trigger()}catch(r){t||(t=r)}e=n}}if(t)throw t}function kT(t){for(let e=t.deps;e;e=e.nextDep)e.version=-1,e.prevActiveLink=e.dep.activeLink,e.dep.activeLink=e}function BT(t){let e,n=t.depsTail,r=n;for(;r;){const i=r.prevDep;r.version===-1?(r===n&&(n=i),g0(r),xN(r)):e=r,r.dep.activeLink=r.prevActiveLink,r.prevActiveLink=void 0,r=i}t.deps=e,t.depsTail=n}function ah(t){for(let e=t.deps;e;e=e.nextDep)if(e.dep.version!==e.version||e.dep.computed&&(DT(e.dep.computed)||e.dep.version!==e.version))return!0;return!!t._dirty}function DT(t){if(t.flags&4&&!(t.flags&16)||(t.flags&=-17,t.globalVersion===Nl)||(t.globalVersion=Nl,!t.isSSR&&t.flags&128&&(!t.deps&&!t._dirty||!ah(t))))return;t.flags|=2;const e=t.dep,n=je,r=ni;je=t,ni=!0;try{kT(t);const i=t.fn(t._value);(e.version===0||Rs(i,t._value))&&(t.flags|=128,t._value=i,e.version++)}catch(i){throw e.version++,i}finally{je=n,ni=r,BT(t),t.flags&=-3}}function g0(t,e=!1){const{dep:n,prevSub:r,nextSub:i}=t;if(r&&(r.nextSub=i,t.prevSub=void 0),i&&(i.prevSub=r,t.nextSub=void 0),n.subs===t&&(n.subs=r,!r&&n.computed)){n.computed.flags&=-5;for(let o=n.computed.deps;o;o=o.nextDep)g0(o,!0)}!e&&!--n.sc&&n.map&&n.map.delete(n.key)}function xN(t){const{prevDep:e,nextDep:n}=t;e&&(e.nextDep=n,t.prevDep=void 0),n&&(n.prevDep=e,t.nextDep=void 0)}let ni=!0;const PT=[];function qi(){PT.push(ni),ni=!1}function ji(){const t=PT.pop();ni=t===void 0?!0:t}function PE(t){const{cleanup:e}=t;if(t.cleanup=void 0,e){const n=je;je=void 0;try{e()}finally{je=n}}}let Nl=0;class wN{constructor(e,n){this.sub=e,this.dep=n,this.version=n.version,this.nextDep=this.prevDep=this.nextSub=this.prevSub=this.prevActiveLink=void 0}}class T0{constructor(e){this.computed=e,this.version=0,this.activeLink=void 0,this.subs=void 0,this.map=void 0,this.key=void 0,this.sc=0,this.__v_skip=!0}track(e){if(!je||!ni||je===this.computed)return;let n=this.activeLink;if(n===void 0||n.sub!==je)n=this.activeLink=new wN(je,this),je.deps?(n.prevDep=je.depsTail,je.depsTail.nextDep=n,je.depsTail=n):je.deps=je.depsTail=n,MT(n);else if(n.version===-1&&(n.version=this.version,n.nextDep)){const r=n.nextDep;r.prevDep=n.prevDep,n.prevDep&&(n.prevDep.nextDep=r),n.prevDep=je.depsTail,n.nextDep=void 0,je.depsTail.nextDep=n,je.depsTail=n,je.deps===n&&(je.deps=r)}return n}trigger(e){this.version++,Nl++,this.notify(e)}notify(e){m0();try{for(let n=this.subs;n;n=n.prevSub)n.sub.notify()&&n.sub.dep.notify()}finally{E0()}}}function MT(t){if(t.dep.sc++,t.sub.flags&4){const e=t.dep.computed;if(e&&!t.dep.subs){e.flags|=20;for(let r=e.deps;r;r=r.nextDep)MT(r)}const n=t.dep.subs;n!==t&&(t.prevSub=n,n&&(n.nextSub=t)),t.dep.subs=t}}const lh=new WeakMap,ho=Symbol(""),ch=Symbol(""),xl=Symbol("");function Un(t,e,n){if(ni&&je){let r=lh.get(t);r||lh.set(t,r=new Map);let i=r.get(n);i||(r.set(n,i=new T0),i.map=r,i.key=n),i.track()}}function Fi(t,e,n,r,i,o){const l=lh.get(t);if(!l){Nl++;return}const c=u=>{u&&u.trigger()};if(m0(),e==="clear")l.forEach(c);else{const u=de(t),_=u&&_0(n);if(u&&n==="length"){const f=Number(r);l.forEach((E,A)=>{(A==="length"||A===xl||!ns(A)&&A>=f)&&c(E)})}else switch((n!==void 0||l.has(void 0))&&c(l.get(n)),_&&c(l.get(xl)),e){case"add":u?_&&c(l.get("length")):(c(l.get(ho)),oa(t)&&c(l.get(ch)));break;case"delete":u||(c(l.get(ho)),oa(t)&&c(l.get(ch)));break;case"set":oa(t)&&c(l.get(ho));break}}E0()}function Yo(t){const e=He(t);return e===t?e:(Un(e,"iterate",xl),Dr(t)?e:e.map(wn))}function vd(t){return Un(t=He(t),"iterate",xl),t}const kN={__proto__:null,[Symbol.iterator](){return gp(this,Symbol.iterator,wn)},concat(...t){return Yo(this).concat(...t.map(e=>de(e)?Yo(e):e))},entries(){return gp(this,"entries",t=>(t[1]=wn(t[1]),t))},every(t,e){return Wi(this,"every",t,e,void 0,arguments)},filter(t,e){return Wi(this,"filter",t,e,n=>n.map(wn),arguments)},find(t,e){return Wi(this,"find",t,e,wn,arguments)},findIndex(t,e){return Wi(this,"findIndex",t,e,void 0,arguments)},findLast(t,e){return Wi(this,"findLast",t,e,wn,arguments)},findLastIndex(t,e){return Wi(this,"findLastIndex",t,e,void 0,arguments)},forEach(t,e){return Wi(this,"forEach",t,e,void 0,arguments)},includes(...t){return Tp(this,"includes",t)},indexOf(...t){return Tp(this,"indexOf",t)},join(t){return Yo(this).join(t)},lastIndexOf(...t){return Tp(this,"lastIndexOf",t)},map(t,e){return Wi(this,"map",t,e,void 0,arguments)},pop(){return il(this,"pop")},push(...t){return il(this,"push",t)},reduce(t,...e){return ME(this,"reduce",t,e)},reduceRight(t,...e){return ME(this,"reduceRight",t,e)},shift(){return il(this,"shift")},some(t,e){return Wi(this,"some",t,e,void 0,arguments)},splice(...t){return il(this,"splice",t)},toReversed(){return Yo(this).toReversed()},toSorted(t){return Yo(this).toSorted(t)},toSpliced(...t){return Yo(this).toSpliced(...t)},unshift(...t){return il(this,"unshift",t)},values(){return gp(this,"values",wn)}};function gp(t,e,n){const r=vd(t),i=r[e]();return r!==t&&!Dr(t)&&(i._next=i.next,i.next=()=>{const o=i._next();return o.value&&(o.value=n(o.value)),o}),i}const BN=Array.prototype;function Wi(t,e,n,r,i,o){const l=vd(t),c=l!==t&&!Dr(t),u=l[e];if(u!==BN[e]){const E=u.apply(t,o);return c?wn(E):E}let _=n;l!==t&&(c?_=function(E,A){return n.call(this,wn(E),A,t)}:n.length>2&&(_=function(E,A){return n.call(this,E,A,t)}));const f=u.call(l,_,r);return c&&i?i(f):f}function ME(t,e,n,r){const i=vd(t);let o=n;return i!==t&&(Dr(t)?n.length>3&&(o=function(l,c,u){return n.call(this,l,c,u,t)}):o=function(l,c,u){return n.call(this,l,wn(c),u,t)}),i[e](o,...r)}function Tp(t,e,n){const r=He(t);Un(r,"iterate",xl);const i=r[e](...n);return(i===-1||i===!1)&&v0(n[0])?(n[0]=He(n[0]),r[e](...n)):i}function il(t,e,n=[]){qi(),m0();const r=He(t)[e].apply(t,n);return E0(),ji(),r}const DN=f0("__proto__,__v_isRef,__isVue"),HT=new Set(Object.getOwnPropertyNames(Symbol).filter(t=>t!=="arguments"&&t!=="caller").map(t=>Symbol[t]).filter(ns));function PN(t){ns(t)||(t=String(t));const e=He(this);return Un(e,"has",t),e.hasOwnProperty(t)}class WT{constructor(e=!1,n=!1){this._isReadonly=e,this._isShallow=n}get(e,n,r){if(n==="__v_skip")return e.__v_skip;const i=this._isReadonly,o=this._isShallow;if(n==="__v_isReactive")return!i;if(n==="__v_isReadonly")return i;if(n==="__v_isShallow")return o;if(n==="__v_raw")return r===(i?o?XN:VT:o?FT:$T).get(e)||Object.getPrototypeOf(e)===Object.getPrototypeOf(r)?e:void 0;const l=de(e);if(!i){let u;if(l&&(u=kN[n]))return u;if(n==="hasOwnProperty")return PN}const c=Reflect.get(e,n,nn(e)?e:r);return(ns(n)?HT.has(n):DN(n))||(i||Un(e,"get",n),o)?c:nn(c)?l&&_0(n)?c:c.value:rn(c)?i?zT(c):Bn(c):c}}class UT extends WT{constructor(e=!1){super(!1,e)}set(e,n,r,i){let o=e[n];if(!this._isShallow){const u=bs(o);if(!Dr(r)&&!bs(r)&&(o=He(o),r=He(r)),!de(e)&&nn(o)&&!nn(r))return u?!1:(o.value=r,!0)}const l=de(e)&&_0(n)?Number(n)<e.length:We(e,n),c=Reflect.set(e,n,r,nn(e)?e:i);return e===He(i)&&(l?Rs(r,o)&&Fi(e,"set",n,r):Fi(e,"add",n,r)),c}deleteProperty(e,n){const r=We(e,n);e[n];const i=Reflect.deleteProperty(e,n);return i&&r&&Fi(e,"delete",n,void 0),i}has(e,n){const r=Reflect.has(e,n);return(!ns(n)||!HT.has(n))&&Un(e,"has",n),r}ownKeys(e){return Un(e,"iterate",de(e)?"length":ho),Reflect.ownKeys(e)}}class MN extends WT{constructor(e=!1){super(!0,e)}set(e,n){return!0}deleteProperty(e,n){return!0}}const HN=new UT,WN=new MN,UN=new UT(!0);const uh=t=>t,eu=t=>Reflect.getPrototypeOf(t);function $N(t,e,n){return function(...r){const i=this.__v_raw,o=He(i),l=oa(o),c=t==="entries"||t===Symbol.iterator&&l,u=t==="keys"&&l,_=i[t](...r),f=n?uh:e?zu:wn;return!e&&Un(o,"iterate",u?ch:ho),{next(){const{value:E,done:A}=_.next();return A?{value:E,done:A}:{value:c?[f(E[0]),f(E[1])]:f(E),done:A}},[Symbol.iterator](){return this}}}}function nu(t){return function(...e){return t==="delete"?!1:t==="clear"?void 0:this}}function FN(t,e){const n={get(i){const o=this.__v_raw,l=He(o),c=He(i);t||(Rs(i,c)&&Un(l,"get",i),Un(l,"get",c));const{has:u}=eu(l),_=e?uh:t?zu:wn;if(u.call(l,i))return _(o.get(i));if(u.call(l,c))return _(o.get(c));o!==l&&o.get(i)},get size(){const i=this.__v_raw;return!t&&Un(He(i),"iterate",ho),Reflect.get(i,"size",i)},has(i){const o=this.__v_raw,l=He(o),c=He(i);return t||(Rs(i,c)&&Un(l,"has",i),Un(l,"has",c)),i===c?o.has(i):o.has(i)||o.has(c)},forEach(i,o){const l=this,c=l.__v_raw,u=He(c),_=e?uh:t?zu:wn;return!t&&Un(u,"iterate",ho),c.forEach((f,E)=>i.call(o,_(f),_(E),l))}};return $n(n,t?{add:nu("add"),set:nu("set"),delete:nu("delete"),clear:nu("clear")}:{add(i){!e&&!Dr(i)&&!bs(i)&&(i=He(i));const o=He(this);return eu(o).has.call(o,i)||(o.add(i),Fi(o,"add",i,i)),this},set(i,o){!e&&!Dr(o)&&!bs(o)&&(o=He(o));const l=He(this),{has:c,get:u}=eu(l);let _=c.call(l,i);_||(i=He(i),_=c.call(l,i));const f=u.call(l,i);return l.set(i,o),_?Rs(o,f)&&Fi(l,"set",i,o):Fi(l,"add",i,o),this},delete(i){const o=He(this),{has:l,get:c}=eu(o);let u=l.call(o,i);u||(i=He(i),u=l.call(o,i)),c&&c.call(o,i);const _=o.delete(i);return u&&Fi(o,"delete",i,void 0),_},clear(){const i=He(this),o=i.size!==0,l=i.clear();return o&&Fi(i,"clear",void 0,void 0),l}}),["keys","values","entries",Symbol.iterator].forEach(i=>{n[i]=$N(i,t,e)}),n}function S0(t,e){const n=FN(t,e);return(r,i,o)=>i==="__v_isReactive"?!t:i==="__v_isReadonly"?t:i==="__v_raw"?r:Reflect.get(We(n,i)&&i in r?n:r,i,o)}const VN={get:S0(!1,!1)},zN={get:S0(!1,!0)},GN={get:S0(!0,!1)};const $T=new WeakMap,FT=new WeakMap,VT=new WeakMap,XN=new WeakMap;function KN(t){switch(t){case"Object":case"Array":return 1;case"Map":case"Set":case"WeakMap":case"WeakSet":return 2;default:return 0}}function YN(t){return t.__v_skip||!Object.isExtensible(t)?0:KN(SN(t))}function Bn(t){return bs(t)?t:A0(t,!1,HN,VN,$T)}function qN(t){return A0(t,!1,UN,zN,FT)}function zT(t){return A0(t,!0,WN,GN,VT)}function A0(t,e,n,r,i){if(!rn(t)||t.__v_raw&&!(e&&t.__v_isReactive))return t;const o=YN(t);if(o===0)return t;const l=i.get(t);if(l)return l;const c=new Proxy(t,o===2?r:n);return i.set(t,c),c}function Os(t){return bs(t)?Os(t.__v_raw):!!(t&&t.__v_isReactive)}function bs(t){return!!(t&&t.__v_isReadonly)}function Dr(t){return!!(t&&t.__v_isShallow)}function v0(t){return t?!!t.__v_raw:!1}function He(t){const e=t&&t.__v_raw;return e?He(e):t}function jN(t){return!We(t,"__v_skip")&&Object.isExtensible(t)&&sh(t,"__v_skip",!0),t}const wn=t=>rn(t)?Bn(t):t,zu=t=>rn(t)?zT(t):t;function nn(t){return t?t.__v_isRef===!0:!1}function te(t){return GT(t,!1)}function JN(t){return GT(t,!0)}function GT(t,e){return nn(t)?t:new QN(t,e)}class QN{constructor(e,n){this.dep=new T0,this.__v_isRef=!0,this.__v_isShallow=!1,this._rawValue=n?e:He(e),this._value=n?e:wn(e),this.__v_isShallow=n}get value(){return this.dep.track(),this._value}set value(e){const n=this._rawValue,r=this.__v_isShallow||Dr(e)||bs(e);e=r?e:He(e),Rs(e,n)&&(this._rawValue=e,this._value=r?e:wn(e),this.dep.trigger())}}function p(t){return nn(t)?t.value:t}const ZN={get:(t,e,n)=>e==="__v_raw"?t:p(Reflect.get(t,e,n)),set:(t,e,n,r)=>{const i=t[e];return nn(i)&&!nn(n)?(i.value=n,!0):Reflect.set(t,e,n,r)}};function XT(t){return Os(t)?t:new Proxy(t,ZN)}class t2{constructor(e,n,r){this.fn=e,this.setter=n,this._value=void 0,this.dep=new T0(this),this.__v_isRef=!0,this.deps=void 0,this.depsTail=void 0,this.flags=16,this.globalVersion=Nl-1,this.next=void 0,this.effect=this,this.__v_isReadonly=!n,this.isSSR=r}notify(){if(this.flags|=16,!(this.flags&8)&&je!==this)return wT(this,!0),!0}get value(){const e=this.dep.track();return DT(this),e&&(e.version=this.dep.version),this._value}set value(e){this.setter&&this.setter(e)}}function e2(t,e,n=!1){let r,i;return me(t)?r=t:(r=t.get,i=t.set),new t2(r,i,n)}const ru={},Gu=new WeakMap;let io;function n2(t,e=!1,n=io){if(n){let r=Gu.get(n);r||Gu.set(n,r=[]),r.push(t)}}function r2(t,e,n=Ke){const{immediate:r,deep:i,once:o,scheduler:l,augmentJob:c,call:u}=n,_=y=>i?y:Dr(y)||i===!1||i===0?Vi(y,1):Vi(y);let f,E,A,b,k=!1,S=!1;if(nn(t)?(E=()=>t.value,k=Dr(t)):Os(t)?(E=()=>_(t),k=!0):de(t)?(S=!0,k=t.some(y=>Os(y)||Dr(y)),E=()=>t.map(y=>{if(nn(y))return y.value;if(Os(y))return _(y);if(me(y))return u?u(y,2):y()})):me(t)?e?E=u?()=>u(t,2):t:E=()=>{if(A){qi();try{A()}finally{ji()}}const y=io;io=f;try{return u?u(t,3,[b]):t(b)}finally{io=y}}:E=Si,e&&i){const y=E,K=i===!0?1/0:i;E=()=>Vi(y(),K)}const O=NN(),R=()=>{f.stop(),O&&O.active&&h0(O.effects,f)};if(o&&e){const y=e;e=(...K)=>{y(...K),R()}}let x=S?new Array(t.length).fill(ru):ru;const Y=y=>{if(!(!(f.flags&1)||!f.dirty&&!y))if(e){const K=f.run();if(i||k||(S?K.some((P,X)=>Rs(P,x[X])):Rs(K,x))){A&&A();const P=io;io=f;try{const X=[K,x===ru?void 0:S&&x[0]===ru?[]:x,b];x=K,u?u(e,3,X):e(...X)}finally{io=P}}}else f.run()};return c&&c(Y),f=new NT(E),f.scheduler=l?()=>l(Y,!1):Y,b=y=>n2(y,!1,f),A=f.onStop=()=>{const y=Gu.get(f);if(y){if(u)u(y,4);else for(const K of y)K();Gu.delete(f)}},e?r?Y(!0):x=f.run():l?l(Y.bind(null,!0),!0):f.run(),R.pause=f.pause.bind(f),R.resume=f.resume.bind(f),R.stop=R,R}function Vi(t,e=1/0,n){if(e<=0||!rn(t)||t.__v_skip||(n=n||new Set,n.has(t)))return t;if(n.add(t),e--,nn(t))Vi(t.value,e,n);else if(de(t))for(let r=0;r<t.length;r++)Vi(t[r],e,n);else if(RT(t)||oa(t))t.forEach(r=>{Vi(r,e,n)});else if(bT(t)){for(const r in t)Vi(t[r],e,n);for(const r of Object.getOwnPropertySymbols(t))Object.prototype.propertyIsEnumerable.call(t,r)&&Vi(t[r],e,n)}return t}/**
* @vue/runtime-core v3.5.17
* (c) 2018-present Yuxi (Evan) You and Vue contributors
* @license MIT
**/function Yl(t,e,n,r){try{return r?t(...r):t()}catch(i){Rd(i,e,n)}}function Li(t,e,n,r){if(me(t)){const i=Yl(t,e,n,r);return i&&OT(i)&&i.catch(o=>{Rd(o,e,n)}),i}if(de(t)){const i=[];for(let o=0;o<t.length;o++)i.push(Li(t[o],e,n,r));return i}}function Rd(t,e,n,r=!0){const i=e?e.vnode:null,{errorHandler:o,throwUnhandledErrorInProduction:l}=e&&e.appContext.config||Ke;if(e){let c=e.parent;const u=e.proxy,_=`https://vuejs.org/error-reference/#runtime-${n}`;for(;c;){const f=c.ec;if(f){for(let E=0;E<f.length;E++)if(f[E](t,u,_)===!1)return}c=c.parent}if(o){qi(),Yl(o,null,10,[t,u,_]),ji();return}}i2(t,n,i,r,l)}function i2(t,e,n,r=!0,i=!1){if(i)throw t;console.error(t)}const Kn=[];let pi=-1;const aa=[];let Ts=null,Jo=0;const KT=Promise.resolve();let Xu=null;function wl(t){const e=Xu||KT;return t?e.then(this?t.bind(this):t):e}function s2(t){let e=pi+1,n=Kn.length;for(;e<n;){const r=e+n>>>1,i=Kn[r],o=kl(i);o<t||o===t&&i.flags&2?e=r+1:n=r}return e}function R0(t){if(!(t.flags&1)){const e=kl(t),n=Kn[Kn.length-1];!n||!(t.flags&2)&&e>=kl(n)?Kn.push(t):Kn.splice(s2(e),0,t),t.flags|=1,YT()}}function YT(){Xu||(Xu=KT.then(jT))}function o2(t){de(t)?aa.push(...t):Ts&&t.id===-1?Ts.splice(Jo+1,0,t):t.flags&1||(aa.push(t),t.flags|=1),YT()}function HE(t,e,n=pi+1){for(;n<Kn.length;n++){const r=Kn[n];if(r&&r.flags&2){if(t&&r.id!==t.uid)continue;Kn.splice(n,1),n--,r.flags&4&&(r.flags&=-2),r(),r.flags&4||(r.flags&=-2)}}}function qT(t){if(aa.length){const e=[...new Set(aa)].sort((n,r)=>kl(n)-kl(r));if(aa.length=0,Ts){Ts.push(...e);return}for(Ts=e,Jo=0;Jo<Ts.length;Jo++){const n=Ts[Jo];n.flags&4&&(n.flags&=-2),n.flags&8||n(),n.flags&=-2}Ts=null,Jo=0}}const kl=t=>t.id==null?t.flags&2?-1:1/0:t.id;function jT(t){try{for(pi=0;pi<Kn.length;pi++){const e=Kn[pi];e&&!(e.flags&8)&&(e.flags&4&&(e.flags&=-2),Yl(e,e.i,e.i?15:14),e.flags&4||(e.flags&=-2))}}finally{for(;pi<Kn.length;pi++){const e=Kn[pi];e&&(e.flags&=-2)}pi=-1,Kn.length=0,qT(),Xu=null,(Kn.length||aa.length)&&jT()}}let On=null,JT=null;function Ku(t){const e=On;return On=t,JT=t&&t.type.__scopeId||null,e}function ye(t,e=On,n){if(!e||t._n)return t;const r=(...i)=>{r._d&&YE(-1);const o=Ku(e);let l;try{l=t(...i)}finally{Ku(o),r._d&&YE(1)}return l};return r._n=!0,r._c=!0,r._d=!0,r}function Ce(t,e){if(On===null)return t;const n=yd(On),r=t.dirs||(t.dirs=[]);for(let i=0;i<e.length;i++){let[o,l,c,u=Ke]=e[i];o&&(me(o)&&(o={mounted:o,updated:o}),o.deep&&Vi(l),r.push({dir:o,instance:n,value:l,oldValue:void 0,arg:c,modifiers:u}))}return t}function eo(t,e,n,r){const i=t.dirs,o=e&&e.dirs;for(let l=0;l<i.length;l++){const c=i[l];o&&(c.oldValue=o[l].value);let u=c.dir[r];u&&(qi(),Li(u,n,8,[t.el,c,t,e]),ji())}}const a2=Symbol("_vte"),l2=t=>t.__isTeleport;function O0(t,e){t.shapeFlag&6&&t.component?(t.transition=e,O0(t.component.subTree,e)):t.shapeFlag&128?(t.ssContent.transition=e.clone(t.ssContent),t.ssFallback.transition=e.clone(t.ssFallback)):t.transition=e}/*! #__NO_SIDE_EFFECTS__ */function we(t,e){return me(t)?$n({name:t.name},e,{setup:t}):t}function QT(t){t.ids=[t.ids[0]+t.ids[2]+++"-",0,0]}function Al(t,e,n,r,i=!1){if(de(t)){t.forEach((k,S)=>Al(k,e&&(de(e)?e[S]:e),n,r,i));return}if(la(r)&&!i){r.shapeFlag&512&&r.type.__asyncResolved&&r.component.subTree.component&&Al(t,e,n,r.component.subTree);return}const o=r.shapeFlag&4?yd(r.component):r.el,l=i?null:o,{i:c,r:u}=t,_=e&&e.r,f=c.refs===Ke?c.refs={}:c.refs,E=c.setupState,A=He(E),b=E===Ke?()=>!1:k=>We(A,k);if(_!=null&&_!==u&&(hn(_)?(f[_]=null,b(_)&&(E[_]=null)):nn(_)&&(_.value=null)),me(u))Yl(u,c,12,[l,f]);else{const k=hn(u),S=nn(u);if(k||S){const O=()=>{if(t.f){const R=k?b(u)?E[u]:f[u]:u.value;i?de(R)&&h0(R,o):de(R)?R.includes(o)||R.push(o):k?(f[u]=[o],b(u)&&(E[u]=f[u])):(u.value=[o],t.k&&(f[t.k]=u.value))}else k?(f[u]=l,b(u)&&(E[u]=l)):S&&(u.value=l,t.k&&(f[t.k]=l))};l?(O.id=-1,gr(O,n)):O()}}}Ad().requestIdleCallback;Ad().cancelIdleCallback;const la=t=>!!t.type.__asyncLoader,ZT=t=>t.type.__isKeepAlive;function c2(t,e){tS(t,"a",e)}function u2(t,e){tS(t,"da",e)}function tS(t,e,n=kn){const r=t.__wdc||(t.__wdc=()=>{let i=n;for(;i;){if(i.isDeactivated)return;i=i.parent}return t()});if(Od(e,r,n),n){let i=n.parent;for(;i&&i.parent;)ZT(i.parent.vnode)&&d2(r,e,n,i),i=i.parent}}function d2(t,e,n,r){const i=Od(e,t,r,!0);L0(()=>{h0(r[e],i)},n)}function Od(t,e,n=kn,r=!1){if(n){const i=n[t]||(n[t]=[]),o=e.__weh||(e.__weh=(...l)=>{qi();const c=ql(n),u=Li(e,n,t,l);return c(),ji(),u});return r?i.unshift(o):i.push(o),o}}const rs=t=>(e,n=kn)=>{(!Dl||t==="sp")&&Od(t,(...r)=>e(...r),n)},ks=rs("bm"),Bs=rs("m"),f2=rs("bu"),p2=rs("u"),eS=rs("bum"),L0=rs("um"),h2=rs("sp"),_2=rs("rtg"),m2=rs("rtc");function E2(t,e=kn){Od("ec",t,e)}const nS="components";function rS(t,e){return sS(nS,t,!0,e)||t}const iS=Symbol.for("v-ndc");function g2(t){return hn(t)?sS(nS,t,!1)||t:t||iS}function sS(t,e,n=!0,r=!1){const i=On||kn;if(i){const o=i.type;{const c=ox(o,!1);if(c&&(c===e||c===Hr(e)||c===Sd(Hr(e))))return o}const l=WE(i[t]||o[t],e)||WE(i.appContext[t],e);return!l&&r?o:l}}function WE(t,e){return t&&(t[e]||t[Hr(e)]||t[Sd(Hr(e))])}function Je(t,e,n,r){let i;const o=n,l=de(t);if(l||hn(t)){const c=l&&Os(t);let u=!1,_=!1;c&&(u=!Dr(t),_=bs(t),t=vd(t)),i=new Array(t.length);for(let f=0,E=t.length;f<E;f++)i[f]=e(u?_?zu(wn(t[f])):wn(t[f]):t[f],f,void 0,o)}else if(typeof t=="number"){i=new Array(t);for(let c=0;c<t;c++)i[c]=e(c+1,c,void 0,o)}else if(rn(t))if(t[Symbol.iterator])i=Array.from(t,(c,u)=>e(c,u,void 0,o));else{const c=Object.keys(t);i=new Array(c.length);for(let u=0,_=c.length;u<_;u++){const f=c[u];i[u]=e(t[f],f,u,o)}}else i=[];return i}function As(t,e,n={},r,i){if(On.ce||On.parent&&la(On.parent)&&On.parent.ce)return e!=="default"&&(n.name=e),N(),he(Ft,null,[Tt("slot",n,r&&r())],64);let o=t[e];o&&o._c&&(o._d=!1),N();const l=o&&oS(o(n)),c=n.key||l&&l.key,u=he(Ft,{key:(c&&!ns(c)?c:`_${e}`)+(!l&&r?"_fb":"")},l||(r?r():[]),l&&t._===1?64:-2);return u.scopeId&&(u.slotScopeIds=[u.scopeId+"-s"]),o&&o._c&&(o._d=!0),u}function oS(t){return t.some(e=>fa(e)?!(e.type===Ji||e.type===Ft&&!oS(e.children)):!0)?t:null}const dh=t=>t?bS(t)?yd(t):dh(t.parent):null,vl=$n(Object.create(null),{$:t=>t,$el:t=>t.vnode.el,$data:t=>t.data,$props:t=>t.props,$attrs:t=>t.attrs,$slots:t=>t.slots,$refs:t=>t.refs,$parent:t=>dh(t.parent),$root:t=>dh(t.root),$host:t=>t.ce,$emit:t=>t.emit,$options:t=>lS(t),$forceUpdate:t=>t.f||(t.f=()=>{R0(t.update)}),$nextTick:t=>t.n||(t.n=wl.bind(t.proxy)),$watch:t=>W2.bind(t)}),Sp=(t,e)=>t!==Ke&&!t.__isScriptSetup&&We(t,e),T2={get({_:t},e){if(e==="__v_skip")return!0;const{ctx:n,setupState:r,data:i,props:o,accessCache:l,type:c,appContext:u}=t;let _;if(e[0]!=="$"){const b=l[e];if(b!==void 0)switch(b){case 1:return r[e];case 2:return i[e];case 4:return n[e];case 3:return o[e]}else{if(Sp(r,e))return l[e]=1,r[e];if(i!==Ke&&We(i,e))return l[e]=2,i[e];if((_=t.propsOptions[0])&&We(_,e))return l[e]=3,o[e];if(n!==Ke&&We(n,e))return l[e]=4,n[e];fh&&(l[e]=0)}}const f=vl[e];let E,A;if(f)return e==="$attrs"&&Un(t.attrs,"get",""),f(t);if((E=c.__cssModules)&&(E=E[e]))return E;if(n!==Ke&&We(n,e))return l[e]=4,n[e];if(A=u.config.globalProperties,We(A,e))return A[e]},set({_:t},e,n){const{data:r,setupState:i,ctx:o}=t;return Sp(i,e)?(i[e]=n,!0):r!==Ke&&We(r,e)?(r[e]=n,!0):We(t.props,e)||e[0]==="$"&&e.slice(1)in t?!1:(o[e]=n,!0)},has({_:{data:t,setupState:e,accessCache:n,ctx:r,appContext:i,propsOptions:o}},l){let c;return!!n[l]||t!==Ke&&We(t,l)||Sp(e,l)||(c=o[0])&&We(c,l)||We(r,l)||We(vl,l)||We(i.config.globalProperties,l)},defineProperty(t,e,n){return n.get!=null?t._.accessCache[e]=0:We(n,"value")&&this.set(t,e,n.value,null),Reflect.defineProperty(t,e,n)}};function UE(t){return de(t)?t.reduce((e,n)=>(e[n]=null,e),{}):t}let fh=!0;function S2(t){const e=lS(t),n=t.proxy,r=t.ctx;fh=!1,e.beforeCreate&&$E(e.beforeCreate,t,"bc");const{data:i,computed:o,methods:l,watch:c,provide:u,inject:_,created:f,beforeMount:E,mounted:A,beforeUpdate:b,updated:k,activated:S,deactivated:O,beforeDestroy:R,beforeUnmount:x,destroyed:Y,unmounted:y,render:K,renderTracked:P,renderTriggered:X,errorCaptured:ot,serverPrefetch:xt,expose:Pt,inheritAttrs:vt,components:et,directives:M,filters:G}=e;if(_&&A2(_,r,null),l)for(const w in l){const ct=l[w];me(ct)&&(r[w]=ct.bind(n))}if(i){const w=i.call(n,n);rn(w)&&(t.data=Bn(w))}if(fh=!0,o)for(const w in o){const ct=o[w],St=me(ct)?ct.bind(n,n):me(ct.get)?ct.get.bind(n,n):Si,yt=!me(ct)&&me(ct.set)?ct.set.bind(n):Si,dt=Bt({get:St,set:yt});Object.defineProperty(r,w,{enumerable:!0,configurable:!0,get:()=>dt.value,set:j=>dt.value=j})}if(c)for(const w in c)aS(c[w],r,n,w);if(u){const w=me(u)?u.call(n):u;Reflect.ownKeys(w).forEach(ct=>{Yn(ct,w[ct])})}f&&$E(f,t,"c");function U(w,ct){de(ct)?ct.forEach(St=>w(St.bind(n))):ct&&w(ct.bind(n))}if(U(ks,E),U(Bs,A),U(f2,b),U(p2,k),U(c2,S),U(u2,O),U(E2,ot),U(m2,P),U(_2,X),U(eS,x),U(L0,y),U(h2,xt),de(Pt))if(Pt.length){const w=t.exposed||(t.exposed={});Pt.forEach(ct=>{Object.defineProperty(w,ct,{get:()=>n[ct],set:St=>n[ct]=St})})}else t.exposed||(t.exposed={});K&&t.render===Si&&(t.render=K),vt!=null&&(t.inheritAttrs=vt),et&&(t.components=et),M&&(t.directives=M),xt&&QT(t)}function A2(t,e,n=Si){de(t)&&(t=ph(t));for(const r in t){const i=t[r];let o;rn(i)?"default"in i?o=Re(i.from||r,i.default,!0):o=Re(i.from||r):o=Re(i),nn(o)?Object.defineProperty(e,r,{enumerable:!0,configurable:!0,get:()=>o.value,set:l=>o.value=l}):e[r]=o}}function $E(t,e,n){Li(de(t)?t.map(r=>r.bind(e.proxy)):t.bind(e.proxy),e,n)}function aS(t,e,n,r){let i=r.includes(".")?AS(n,r):()=>n[r];if(hn(t)){const o=e[t];me(o)&&bn(i,o)}else if(me(t))bn(i,t.bind(n));else if(rn(t))if(de(t))t.forEach(o=>aS(o,e,n,r));else{const o=me(t.handler)?t.handler.bind(n):e[t.handler];me(o)&&bn(i,o,t)}}function lS(t){const e=t.type,{mixins:n,extends:r}=e,{mixins:i,optionsCache:o,config:{optionMergeStrategies:l}}=t.appContext,c=o.get(e);let u;return c?u=c:!i.length&&!n&&!r?u=e:(u={},i.length&&i.forEach(_=>Yu(u,_,l,!0)),Yu(u,e,l)),rn(e)&&o.set(e,u),u}function Yu(t,e,n,r=!1){const{mixins:i,extends:o}=e;o&&Yu(t,o,n,!0),i&&i.forEach(l=>Yu(t,l,n,!0));for(const l in e)if(!(r&&l==="expose")){const c=v2[l]||n&&n[l];t[l]=c?c(t[l],e[l]):e[l]}return t}const v2={data:FE,props:VE,emits:VE,methods:pl,computed:pl,beforeCreate:Xn,created:Xn,beforeMount:Xn,mounted:Xn,beforeUpdate:Xn,updated:Xn,beforeDestroy:Xn,beforeUnmount:Xn,destroyed:Xn,unmounted:Xn,activated:Xn,deactivated:Xn,errorCaptured:Xn,serverPrefetch:Xn,components:pl,directives:pl,watch:O2,provide:FE,inject:R2};function FE(t,e){return e?t?function(){return $n(me(t)?t.call(this,this):t,me(e)?e.call(this,this):e)}:e:t}function R2(t,e){return pl(ph(t),ph(e))}function ph(t){if(de(t)){const e={};for(let n=0;n<t.length;n++)e[t[n]]=t[n];return e}return t}function Xn(t,e){return t?[...new Set([].concat(t,e))]:e}function pl(t,e){return t?$n(Object.create(null),t,e):e}function VE(t,e){return t?de(t)&&de(e)?[...new Set([...t,...e])]:$n(Object.create(null),UE(t),UE(e??{})):e}function O2(t,e){if(!t)return e;if(!e)return t;const n=$n(Object.create(null),t);for(const r in e)n[r]=Xn(t[r],e[r]);return n}function cS(){return{app:null,config:{isNativeTag:gN,performance:!1,globalProperties:{},optionMergeStrategies:{},errorHandler:void 0,warnHandler:void 0,compilerOptions:{}},mixins:[],components:{},directives:{},provides:Object.create(null),optionsCache:new WeakMap,propsCache:new WeakMap,emitsCache:new WeakMap}}let L2=0;function b2(t,e){return function(r,i=null){me(r)||(r=$n({},r)),i!=null&&!rn(i)&&(i=null);const o=cS(),l=new WeakSet,c=[];let u=!1;const _=o.app={_uid:L2++,_component:r,_props:i,_container:null,_context:o,_instance:null,version:lx,get config(){return o.config},set config(f){},use(f,...E){return l.has(f)||(f&&me(f.install)?(l.add(f),f.install(_,...E)):me(f)&&(l.add(f),f(_,...E))),_},mixin(f){return o.mixins.includes(f)||o.mixins.push(f),_},component(f,E){return E?(o.components[f]=E,_):o.components[f]},directive(f,E){return E?(o.directives[f]=E,_):o.directives[f]},mount(f,E,A){if(!u){const b=_._ceVNode||Tt(r,i);return b.appContext=o,A===!0?A="svg":A===!1&&(A=void 0),t(b,f,A),u=!0,_._container=f,f.__vue_app__=_,yd(b.component)}},onUnmount(f){c.push(f)},unmount(){u&&(Li(c,_._instance,16),t(null,_._container),delete _._container.__vue_app__)},provide(f,E){return o.provides[f]=E,_},runWithContext(f){const E=ca;ca=_;try{return f()}finally{ca=E}}};return _}}let ca=null;function Yn(t,e){if(kn){let n=kn.provides;const r=kn.parent&&kn.parent.provides;r===n&&(n=kn.provides=Object.create(r)),n[t]=e}}function Re(t,e,n=!1){const r=kn||On;if(r||ca){let i=ca?ca._context.provides:r?r.parent==null||r.ce?r.vnode.appContext&&r.vnode.appContext.provides:r.parent.provides:void 0;if(i&&t in i)return i[t];if(arguments.length>1)return n&&me(e)?e.call(r&&r.proxy):e}}const uS={},dS=()=>Object.create(uS),fS=t=>Object.getPrototypeOf(t)===uS;function y2(t,e,n,r=!1){const i={},o=dS();t.propsDefaults=Object.create(null),pS(t,e,i,o);for(const l in t.propsOptions[0])l in i||(i[l]=void 0);n?t.props=r?i:qN(i):t.type.props?t.props=i:t.props=o,t.attrs=o}function C2(t,e,n,r){const{props:i,attrs:o,vnode:{patchFlag:l}}=t,c=He(i),[u]=t.propsOptions;let _=!1;if((r||l>0)&&!(l&16)){if(l&8){const f=t.vnode.dynamicProps;for(let E=0;E<f.length;E++){let A=f[E];if(Ld(t.emitsOptions,A))continue;const b=e[A];if(u)if(We(o,A))b!==o[A]&&(o[A]=b,_=!0);else{const k=Hr(A);i[k]=hh(u,c,k,b,t,!1)}else b!==o[A]&&(o[A]=b,_=!0)}}}else{pS(t,e,i,o)&&(_=!0);let f;for(const E in c)(!e||!We(e,E)&&((f=bo(E))===E||!We(e,f)))&&(u?n&&(n[E]!==void 0||n[f]!==void 0)&&(i[E]=hh(u,c,E,void 0,t,!0)):delete i[E]);if(o!==c)for(const E in o)(!e||!We(e,E))&&(delete o[E],_=!0)}_&&Fi(t.attrs,"set","")}function pS(t,e,n,r){const[i,o]=t.propsOptions;let l=!1,c;if(e)for(let u in e){if(gl(u))continue;const _=e[u];let f;i&&We(i,f=Hr(u))?!o||!o.includes(f)?n[f]=_:(c||(c={}))[f]=_:Ld(t.emitsOptions,u)||(!(u in r)||_!==r[u])&&(r[u]=_,l=!0)}if(o){const u=He(n),_=c||Ke;for(let f=0;f<o.length;f++){const E=o[f];n[E]=hh(i,u,E,_[E],t,!We(_,E))}}return l}function hh(t,e,n,r,i,o){const l=t[n];if(l!=null){const c=We(l,"default");if(c&&r===void 0){const u=l.default;if(l.type!==Function&&!l.skipFactory&&me(u)){const{propsDefaults:_}=i;if(n in _)r=_[n];else{const f=ql(i);r=_[n]=u.call(null,e),f()}}else r=u;i.ce&&i.ce._setProp(n,r)}l[0]&&(o&&!c?r=!1:l[1]&&(r===""||r===bo(n))&&(r=!0))}return r}const I2=new WeakMap;function hS(t,e,n=!1){const r=n?I2:e.propsCache,i=r.get(t);if(i)return i;const o=t.props,l={},c=[];let u=!1;if(!me(t)){const f=E=>{u=!0;const[A,b]=hS(E,e,!0);$n(l,A),b&&c.push(...b)};!n&&e.mixins.length&&e.mixins.forEach(f),t.extends&&f(t.extends),t.mixins&&t.mixins.forEach(f)}if(!o&&!u)return rn(t)&&r.set(t,sa),sa;if(de(o))for(let f=0;f<o.length;f++){const E=Hr(o[f]);zE(E)&&(l[E]=Ke)}else if(o)for(const f in o){const E=Hr(f);if(zE(E)){const A=o[f],b=l[E]=de(A)||me(A)?{type:A}:$n({},A),k=b.type;let S=!1,O=!0;if(de(k))for(let R=0;R<k.length;++R){const x=k[R],Y=me(x)&&x.name;if(Y==="Boolean"){S=!0;break}else Y==="String"&&(O=!1)}else S=me(k)&&k.name==="Boolean";b[0]=S,b[1]=O,(S||We(b,"default"))&&c.push(E)}}const _=[l,c];return rn(t)&&r.set(t,_),_}function zE(t){return t[0]!=="$"&&!gl(t)}const b0=t=>t[0]==="_"||t==="$stable",y0=t=>de(t)?t.map(hi):[hi(t)],N2=(t,e,n)=>{if(e._n)return e;const r=ye((...i)=>y0(e(...i)),n);return r._c=!1,r},_S=(t,e,n)=>{const r=t._ctx;for(const i in t){if(b0(i))continue;const o=t[i];if(me(o))e[i]=N2(i,o,r);else if(o!=null){const l=y0(o);e[i]=()=>l}}},mS=(t,e)=>{const n=y0(e);t.slots.default=()=>n},ES=(t,e,n)=>{for(const r in e)(n||!b0(r))&&(t[r]=e[r])},x2=(t,e,n)=>{const r=t.slots=dS();if(t.vnode.shapeFlag&32){const i=e.__;i&&sh(r,"__",i,!0);const o=e._;o?(ES(r,e,n),n&&sh(r,"_",o,!0)):_S(e,r)}else e&&mS(t,e)},w2=(t,e,n)=>{const{vnode:r,slots:i}=t;let o=!0,l=Ke;if(r.shapeFlag&32){const c=e._;c?n&&c===1?o=!1:ES(i,e,n):(o=!e.$stable,_S(e,i)),l=e}else e&&(mS(t,e),l={default:1});if(o)for(const c in i)!b0(c)&&l[c]==null&&delete i[c]},gr=X2;function k2(t){return B2(t)}function B2(t,e){const n=Ad();n.__VUE__=!0;const{insert:r,remove:i,patchProp:o,createElement:l,createText:c,createComment:u,setText:_,setElementText:f,parentNode:E,nextSibling:A,setScopeId:b=Si,insertStaticContent:k}=t,S=(W,z,rt,gt=null,mt=null,ht=null,wt=void 0,tt=null,nt=!!z.dynamicChildren)=>{if(W===z)return;W&&!sl(W,z)&&(gt=Ct(W),j(W,mt,ht,!0),W=null),z.patchFlag===-2&&(nt=!1,z.dynamicChildren=null);const{type:st,ref:Wt,shapeFlag:bt}=z;switch(st){case bd:O(W,z,rt,gt);break;case Ji:R(W,z,rt,gt);break;case yu:W==null&&x(z,rt,gt,wt);break;case Ft:et(W,z,rt,gt,mt,ht,wt,tt,nt);break;default:bt&1?K(W,z,rt,gt,mt,ht,wt,tt,nt):bt&6?M(W,z,rt,gt,mt,ht,wt,tt,nt):(bt&64||bt&128)&&st.process(W,z,rt,gt,mt,ht,wt,tt,nt,Qe)}Wt!=null&&mt?Al(Wt,W&&W.ref,ht,z||W,!z):Wt==null&&W&&W.ref!=null&&Al(W.ref,null,ht,W,!0)},O=(W,z,rt,gt)=>{if(W==null)r(z.el=c(z.children),rt,gt);else{const mt=z.el=W.el;z.children!==W.children&&_(mt,z.children)}},R=(W,z,rt,gt)=>{W==null?r(z.el=u(z.children||""),rt,gt):z.el=W.el},x=(W,z,rt,gt)=>{[W.el,W.anchor]=k(W.children,z,rt,gt,W.el,W.anchor)},Y=({el:W,anchor:z},rt,gt)=>{let mt;for(;W&&W!==z;)mt=A(W),r(W,rt,gt),W=mt;r(z,rt,gt)},y=({el:W,anchor:z})=>{let rt;for(;W&&W!==z;)rt=A(W),i(W),W=rt;i(z)},K=(W,z,rt,gt,mt,ht,wt,tt,nt)=>{z.type==="svg"?wt="svg":z.type==="math"&&(wt="mathml"),W==null?P(z,rt,gt,mt,ht,wt,tt,nt):xt(W,z,mt,ht,wt,tt,nt)},P=(W,z,rt,gt,mt,ht,wt,tt)=>{let nt,st;const{props:Wt,shapeFlag:bt,transition:Mt,dirs:Kt}=W;if(nt=W.el=l(W.type,ht,Wt&&Wt.is,Wt),bt&8?f(nt,W.children):bt&16&&ot(W.children,nt,null,gt,mt,Ap(W,ht),wt,tt),Kt&&eo(W,null,gt,"created"),X(nt,W,W.scopeId,wt,gt),Wt){for(const fe in Wt)fe!=="value"&&!gl(fe)&&o(nt,fe,null,Wt[fe],ht,gt);"value"in Wt&&o(nt,"value",null,Wt.value,ht),(st=Wt.onVnodeBeforeMount)&&di(st,gt,W)}Kt&&eo(W,null,gt,"beforeMount");const ne=D2(mt,Mt);ne&&Mt.beforeEnter(nt),r(nt,z,rt),((st=Wt&&Wt.onVnodeMounted)||ne||Kt)&&gr(()=>{st&&di(st,gt,W),ne&&Mt.enter(nt),Kt&&eo(W,null,gt,"mounted")},mt)},X=(W,z,rt,gt,mt)=>{if(rt&&b(W,rt),gt)for(let ht=0;ht<gt.length;ht++)b(W,gt[ht]);if(mt){let ht=mt.subTree;if(z===ht||RS(ht.type)&&(ht.ssContent===z||ht.ssFallback===z)){const wt=mt.vnode;X(W,wt,wt.scopeId,wt.slotScopeIds,mt.parent)}}},ot=(W,z,rt,gt,mt,ht,wt,tt,nt=0)=>{for(let st=nt;st<W.length;st++){const Wt=W[st]=tt?Ss(W[st]):hi(W[st]);S(null,Wt,z,rt,gt,mt,ht,wt,tt)}},xt=(W,z,rt,gt,mt,ht,wt)=>{const tt=z.el=W.el;let{patchFlag:nt,dynamicChildren:st,dirs:Wt}=z;nt|=W.patchFlag&16;const bt=W.props||Ke,Mt=z.props||Ke;let Kt;if(rt&&no(rt,!1),(Kt=Mt.onVnodeBeforeUpdate)&&di(Kt,rt,z,W),Wt&&eo(z,W,rt,"beforeUpdate"),rt&&no(rt,!0),(bt.innerHTML&&Mt.innerHTML==null||bt.textContent&&Mt.textContent==null)&&f(tt,""),st?Pt(W.dynamicChildren,st,tt,rt,gt,Ap(z,mt),ht):wt||ct(W,z,tt,null,rt,gt,Ap(z,mt),ht,!1),nt>0){if(nt&16)vt(tt,bt,Mt,rt,mt);else if(nt&2&&bt.class!==Mt.class&&o(tt,"class",null,Mt.class,mt),nt&4&&o(tt,"style",bt.style,Mt.style,mt),nt&8){const ne=z.dynamicProps;for(let fe=0;fe<ne.length;fe++){const ue=ne[fe],on=bt[ue],an=Mt[ue];(an!==on||ue==="value")&&o(tt,ue,on,an,mt,rt)}}nt&1&&W.children!==z.children&&f(tt,z.children)}else!wt&&st==null&&vt(tt,bt,Mt,rt,mt);((Kt=Mt.onVnodeUpdated)||Wt)&&gr(()=>{Kt&&di(Kt,rt,z,W),Wt&&eo(z,W,rt,"updated")},gt)},Pt=(W,z,rt,gt,mt,ht,wt)=>{for(let tt=0;tt<z.length;tt++){const nt=W[tt],st=z[tt],Wt=nt.el&&(nt.type===Ft||!sl(nt,st)||nt.shapeFlag&198)?E(nt.el):rt;S(nt,st,Wt,null,gt,mt,ht,wt,!0)}},vt=(W,z,rt,gt,mt)=>{if(z!==rt){if(z!==Ke)for(const ht in z)!gl(ht)&&!(ht in rt)&&o(W,ht,z[ht],null,mt,gt);for(const ht in rt){if(gl(ht))continue;const wt=rt[ht],tt=z[ht];wt!==tt&&ht!=="value"&&o(W,ht,tt,wt,mt,gt)}"value"in rt&&o(W,"value",z.value,rt.value,mt)}},et=(W,z,rt,gt,mt,ht,wt,tt,nt)=>{const st=z.el=W?W.el:c(""),Wt=z.anchor=W?W.anchor:c("");let{patchFlag:bt,dynamicChildren:Mt,slotScopeIds:Kt}=z;Kt&&(tt=tt?tt.concat(Kt):Kt),W==null?(r(st,rt,gt),r(Wt,rt,gt),ot(z.children||[],rt,Wt,mt,ht,wt,tt,nt)):bt>0&&bt&64&&Mt&&W.dynamicChildren?(Pt(W.dynamicChildren,Mt,rt,mt,ht,wt,tt),(z.key!=null||mt&&z===mt.subTree)&&gS(W,z,!0)):ct(W,z,rt,Wt,mt,ht,wt,tt,nt)},M=(W,z,rt,gt,mt,ht,wt,tt,nt)=>{z.slotScopeIds=tt,W==null?z.shapeFlag&512?mt.ctx.activate(z,rt,gt,wt,nt):G(z,rt,gt,mt,ht,wt,nt):Rt(W,z,nt)},G=(W,z,rt,gt,mt,ht,wt)=>{const tt=W.component=tx(W,gt,mt);if(ZT(W)&&(tt.ctx.renderer=Qe),nx(tt,!1,wt),tt.asyncDep){if(mt&&mt.registerDep(tt,U,wt),!W.el){const nt=tt.subTree=Tt(Ji);R(null,nt,z,rt)}}else U(tt,W,z,rt,mt,ht,wt)},Rt=(W,z,rt)=>{const gt=z.component=W.component;if(z2(W,z,rt))if(gt.asyncDep&&!gt.asyncResolved){w(gt,z,rt);return}else gt.next=z,gt.update();else z.el=W.el,gt.vnode=z},U=(W,z,rt,gt,mt,ht,wt)=>{const tt=()=>{if(W.isMounted){let{next:bt,bu:Mt,u:Kt,parent:ne,vnode:fe}=W;{const An=TS(W);if(An){bt&&(bt.el=fe.el,w(W,bt,wt)),An.asyncDep.then(()=>{W.isUnmounted||tt()});return}}let ue=bt,on;no(W,!1),bt?(bt.el=fe.el,w(W,bt,wt)):bt=fe,Mt&&bu(Mt),(on=bt.props&&bt.props.onVnodeBeforeUpdate)&&di(on,ne,bt,fe),no(W,!0);const an=XE(W),Sn=W.subTree;W.subTree=an,S(Sn,an,E(Sn.el),Ct(Sn),W,mt,ht),bt.el=an.el,ue===null&&G2(W,an.el),Kt&&gr(Kt,mt),(on=bt.props&&bt.props.onVnodeUpdated)&&gr(()=>di(on,ne,bt,fe),mt)}else{let bt;const{el:Mt,props:Kt}=z,{bm:ne,m:fe,parent:ue,root:on,type:an}=W,Sn=la(z);no(W,!1),ne&&bu(ne),!Sn&&(bt=Kt&&Kt.onVnodeBeforeMount)&&di(bt,ue,z),no(W,!0);{on.ce&&on.ce._def.shadowRoot!==!1&&on.ce._injectChildStyle(an);const An=W.subTree=XE(W);S(null,An,rt,gt,W,mt,ht),z.el=An.el}if(fe&&gr(fe,mt),!Sn&&(bt=Kt&&Kt.onVnodeMounted)){const An=z;gr(()=>di(bt,ue,An),mt)}(z.shapeFlag&256||ue&&la(ue.vnode)&&ue.vnode.shapeFlag&256)&&W.a&&gr(W.a,mt),W.isMounted=!0,z=rt=gt=null}};W.scope.on();const nt=W.effect=new NT(tt);W.scope.off();const st=W.update=nt.run.bind(nt),Wt=W.job=nt.runIfDirty.bind(nt);Wt.i=W,Wt.id=W.uid,nt.scheduler=()=>R0(Wt),no(W,!0),st()},w=(W,z,rt)=>{z.component=W;const gt=W.vnode.props;W.vnode=z,W.next=null,C2(W,z.props,gt,rt),w2(W,z.children,rt),qi(),HE(W),ji()},ct=(W,z,rt,gt,mt,ht,wt,tt,nt=!1)=>{const st=W&&W.children,Wt=W?W.shapeFlag:0,bt=z.children,{patchFlag:Mt,shapeFlag:Kt}=z;if(Mt>0){if(Mt&128){yt(st,bt,rt,gt,mt,ht,wt,tt,nt);return}else if(Mt&256){St(st,bt,rt,gt,mt,ht,wt,tt,nt);return}}Kt&8?(Wt&16&&at(st,mt,ht),bt!==st&&f(rt,bt)):Wt&16?Kt&16?yt(st,bt,rt,gt,mt,ht,wt,tt,nt):at(st,mt,ht,!0):(Wt&8&&f(rt,""),Kt&16&&ot(bt,rt,gt,mt,ht,wt,tt,nt))},St=(W,z,rt,gt,mt,ht,wt,tt,nt)=>{W=W||sa,z=z||sa;const st=W.length,Wt=z.length,bt=Math.min(st,Wt);let Mt;for(Mt=0;Mt<bt;Mt++){const Kt=z[Mt]=nt?Ss(z[Mt]):hi(z[Mt]);S(W[Mt],Kt,rt,null,mt,ht,wt,tt,nt)}st>Wt?at(W,mt,ht,!0,!1,bt):ot(z,rt,gt,mt,ht,wt,tt,nt,bt)},yt=(W,z,rt,gt,mt,ht,wt,tt,nt)=>{let st=0;const Wt=z.length;let bt=W.length-1,Mt=Wt-1;for(;st<=bt&&st<=Mt;){const Kt=W[st],ne=z[st]=nt?Ss(z[st]):hi(z[st]);if(sl(Kt,ne))S(Kt,ne,rt,null,mt,ht,wt,tt,nt);else break;st++}for(;st<=bt&&st<=Mt;){const Kt=W[bt],ne=z[Mt]=nt?Ss(z[Mt]):hi(z[Mt]);if(sl(Kt,ne))S(Kt,ne,rt,null,mt,ht,wt,tt,nt);else break;bt--,Mt--}if(st>bt){if(st<=Mt){const Kt=Mt+1,ne=Kt<Wt?z[Kt].el:gt;for(;st<=Mt;)S(null,z[st]=nt?Ss(z[st]):hi(z[st]),rt,ne,mt,ht,wt,tt,nt),st++}}else if(st>Mt)for(;st<=bt;)j(W[st],mt,ht,!0),st++;else{const Kt=st,ne=st,fe=new Map;for(st=ne;st<=Mt;st++){const Ht=z[st]=nt?Ss(z[st]):hi(z[st]);Ht.key!=null&&fe.set(Ht.key,st)}let ue,on=0;const an=Mt-ne+1;let Sn=!1,An=0;const cr=new Array(an);for(st=0;st<an;st++)cr[st]=0;for(st=Kt;st<=bt;st++){const Ht=W[st];if(on>=an){j(Ht,mt,ht,!0);continue}let Gt;if(Ht.key!=null)Gt=fe.get(Ht.key);else for(ue=ne;ue<=Mt;ue++)if(cr[ue-ne]===0&&sl(Ht,z[ue])){Gt=ue;break}Gt===void 0?j(Ht,mt,ht,!0):(cr[Gt-ne]=st+1,Gt>=An?An=Gt:Sn=!0,S(Ht,z[Gt],rt,null,mt,ht,wt,tt,nt),on++)}const lt=Sn?P2(cr):sa;for(ue=lt.length-1,st=an-1;st>=0;st--){const Ht=ne+st,Gt=z[Ht],Oe=Ht+1<Wt?z[Ht+1].el:gt;cr[st]===0?S(null,Gt,rt,Oe,mt,ht,wt,tt,nt):Sn&&(ue<0||st!==lt[ue]?dt(Gt,rt,Oe,2):ue--)}}},dt=(W,z,rt,gt,mt=null)=>{const{el:ht,type:wt,transition:tt,children:nt,shapeFlag:st}=W;if(st&6){dt(W.component.subTree,z,rt,gt);return}if(st&128){W.suspense.move(z,rt,gt);return}if(st&64){wt.move(W,z,rt,Qe);return}if(wt===Ft){r(ht,z,rt);for(let bt=0;bt<nt.length;bt++)dt(nt[bt],z,rt,gt);r(W.anchor,z,rt);return}if(wt===yu){Y(W,z,rt);return}if(gt!==2&&st&1&&tt)if(gt===0)tt.beforeEnter(ht),r(ht,z,rt),gr(()=>tt.enter(ht),mt);else{const{leave:bt,delayLeave:Mt,afterLeave:Kt}=tt,ne=()=>{W.ctx.isUnmounted?i(ht):r(ht,z,rt)},fe=()=>{bt(ht,()=>{ne(),Kt&&Kt()})};Mt?Mt(ht,ne,fe):fe()}else r(ht,z,rt)},j=(W,z,rt,gt=!1,mt=!1)=>{const{type:ht,props:wt,ref:tt,children:nt,dynamicChildren:st,shapeFlag:Wt,patchFlag:bt,dirs:Mt,cacheIndex:Kt}=W;if(bt===-2&&(mt=!1),tt!=null&&(qi(),Al(tt,null,rt,W,!0),ji()),Kt!=null&&(z.renderCache[Kt]=void 0),Wt&256){z.ctx.deactivate(W);return}const ne=Wt&1&&Mt,fe=!la(W);let ue;if(fe&&(ue=wt&&wt.onVnodeBeforeUnmount)&&di(ue,z,W),Wt&6)J(W.component,rt,gt);else{if(Wt&128){W.suspense.unmount(rt,gt);return}ne&&eo(W,null,z,"beforeUnmount"),Wt&64?W.type.remove(W,z,rt,Qe,gt):st&&!st.hasOnce&&(ht!==Ft||bt>0&&bt&64)?at(st,z,rt,!1,!0):(ht===Ft&&bt&384||!mt&&Wt&16)&&at(nt,z,rt),gt&&D(W)}(fe&&(ue=wt&&wt.onVnodeUnmounted)||ne)&&gr(()=>{ue&&di(ue,z,W),ne&&eo(W,null,z,"unmounted")},rt)},D=W=>{const{type:z,el:rt,anchor:gt,transition:mt}=W;if(z===Ft){L(rt,gt);return}if(z===yu){y(W);return}const ht=()=>{i(rt),mt&&!mt.persisted&&mt.afterLeave&&mt.afterLeave()};if(W.shapeFlag&1&&mt&&!mt.persisted){const{leave:wt,delayLeave:tt}=mt,nt=()=>wt(rt,ht);tt?tt(W.el,ht,nt):nt()}else ht()},L=(W,z)=>{let rt;for(;W!==z;)rt=A(W),i(W),W=rt;i(z)},J=(W,z,rt)=>{const{bum:gt,scope:mt,job:ht,subTree:wt,um:tt,m:nt,a:st,parent:Wt,slots:{__:bt}}=W;GE(nt),GE(st),gt&&bu(gt),Wt&&de(bt)&&bt.forEach(Mt=>{Wt.renderCache[Mt]=void 0}),mt.stop(),ht&&(ht.flags|=8,j(wt,W,z,rt)),tt&&gr(tt,z),gr(()=>{W.isUnmounted=!0},z),z&&z.pendingBranch&&!z.isUnmounted&&W.asyncDep&&!W.asyncResolved&&W.suspenseId===z.pendingId&&(z.deps--,z.deps===0&&z.resolve())},at=(W,z,rt,gt=!1,mt=!1,ht=0)=>{for(let wt=ht;wt<W.length;wt++)j(W[wt],z,rt,gt,mt)},Ct=W=>{if(W.shapeFlag&6)return Ct(W.component.subTree);if(W.shapeFlag&128)return W.suspense.next();const z=A(W.anchor||W.el),rt=z&&z[a2];return rt?A(rt):z};let Xt=!1;const ze=(W,z,rt)=>{W==null?z._vnode&&j(z._vnode,null,null,!0):S(z._vnode||null,W,z,null,null,null,rt),z._vnode=W,Xt||(Xt=!0,HE(),qT(),Xt=!1)},Qe={p:S,um:j,m:dt,r:D,mt:G,mc:ot,pc:ct,pbc:Pt,n:Ct,o:t};return{render:ze,hydrate:void 0,createApp:b2(ze)}}function Ap({type:t,props:e},n){return n==="svg"&&t==="foreignObject"||n==="mathml"&&t==="annotation-xml"&&e&&e.encoding&&e.encoding.includes("html")?void 0:n}function no({effect:t,job:e},n){n?(t.flags|=32,e.flags|=4):(t.flags&=-33,e.flags&=-5)}function D2(t,e){return(!t||t&&!t.pendingBranch)&&e&&!e.persisted}function gS(t,e,n=!1){const r=t.children,i=e.children;if(de(r)&&de(i))for(let o=0;o<r.length;o++){const l=r[o];let c=i[o];c.shapeFlag&1&&!c.dynamicChildren&&((c.patchFlag<=0||c.patchFlag===32)&&(c=i[o]=Ss(i[o]),c.el=l.el),!n&&c.patchFlag!==-2&&gS(l,c)),c.type===bd&&(c.el=l.el),c.type===Ji&&!c.el&&(c.el=l.el)}}function P2(t){const e=t.slice(),n=[0];let r,i,o,l,c;const u=t.length;for(r=0;r<u;r++){const _=t[r];if(_!==0){if(i=n[n.length-1],t[i]<_){e[r]=i,n.push(r);continue}for(o=0,l=n.length-1;o<l;)c=o+l>>1,t[n[c]]<_?o=c+1:l=c;_<t[n[o]]&&(o>0&&(e[r]=n[o-1]),n[o]=r)}}for(o=n.length,l=n[o-1];o-- >0;)n[o]=l,l=e[l];return n}function TS(t){const e=t.subTree.component;if(e)return e.asyncDep&&!e.asyncResolved?e:TS(e)}function GE(t){if(t)for(let e=0;e<t.length;e++)t[e].flags|=8}const M2=Symbol.for("v-scx"),H2=()=>Re(M2);function bn(t,e,n){return SS(t,e,n)}function SS(t,e,n=Ke){const{immediate:r,deep:i,flush:o,once:l}=n,c=$n({},n),u=e&&r||!e&&o!=="post";let _;if(Dl){if(o==="sync"){const b=H2();_=b.__watcherHandles||(b.__watcherHandles=[])}else if(!u){const b=()=>{};return b.stop=Si,b.resume=Si,b.pause=Si,b}}const f=kn;c.call=(b,k,S)=>Li(b,f,k,S);let E=!1;o==="post"?c.scheduler=b=>{gr(b,f&&f.suspense)}:o!=="sync"&&(E=!0,c.scheduler=(b,k)=>{k?b():R0(b)}),c.augmentJob=b=>{e&&(b.flags|=4),E&&(b.flags|=2,f&&(b.id=f.uid,b.i=f))};const A=r2(t,e,c);return Dl&&(_?_.push(A):u&&A()),A}function W2(t,e,n){const r=this.proxy,i=hn(t)?t.includes(".")?AS(r,t):()=>r[t]:t.bind(r,r);let o;me(e)?o=e:(o=e.handler,n=e);const l=ql(this),c=SS(i,o.bind(r),n);return l(),c}function AS(t,e){const n=e.split(".");return()=>{let r=t;for(let i=0;i<n.length&&r;i++)r=r[n[i]];return r}}const U2=(t,e)=>e==="modelValue"||e==="model-value"?t.modelModifiers:t[`${e}Modifiers`]||t[`${Hr(e)}Modifiers`]||t[`${bo(e)}Modifiers`];function $2(t,e,...n){if(t.isUnmounted)return;const r=t.vnode.props||Ke;let i=n;const o=e.startsWith("update:"),l=o&&U2(r,e.slice(7));l&&(l.trim&&(i=n.map(f=>hn(f)?f.trim():f)),l.number&&(i=n.map(oh)));let c,u=r[c=_p(e)]||r[c=_p(Hr(e))];!u&&o&&(u=r[c=_p(bo(e))]),u&&Li(u,t,6,i);const _=r[c+"Once"];if(_){if(!t.emitted)t.emitted={};else if(t.emitted[c])return;t.emitted[c]=!0,Li(_,t,6,i)}}function vS(t,e,n=!1){const r=e.emitsCache,i=r.get(t);if(i!==void 0)return i;const o=t.emits;let l={},c=!1;if(!me(t)){const u=_=>{const f=vS(_,e,!0);f&&(c=!0,$n(l,f))};!n&&e.mixins.length&&e.mixins.forEach(u),t.extends&&u(t.extends),t.mixins&&t.mixins.forEach(u)}return!o&&!c?(rn(t)&&r.set(t,null),null):(de(o)?o.forEach(u=>l[u]=null):$n(l,o),rn(t)&&r.set(t,l),l)}function Ld(t,e){return!t||!Ed(e)?!1:(e=e.slice(2).replace(/Once$/,""),We(t,e[0].toLowerCase()+e.slice(1))||We(t,bo(e))||We(t,e))}function XE(t){const{type:e,vnode:n,proxy:r,withProxy:i,propsOptions:[o],slots:l,attrs:c,emit:u,render:_,renderCache:f,props:E,data:A,setupState:b,ctx:k,inheritAttrs:S}=t,O=Ku(t);let R,x;try{if(n.shapeFlag&4){const y=i||r,K=y;R=hi(_.call(K,y,f,E,b,A,k)),x=c}else{const y=e;R=hi(y.length>1?y(E,{attrs:c,slots:l,emit:u}):y(E,null)),x=e.props?c:F2(c)}}catch(y){Rl.length=0,Rd(y,t,1),R=Tt(Ji)}let Y=R;if(x&&S!==!1){const y=Object.keys(x),{shapeFlag:K}=Y;y.length&&K&7&&(o&&y.some(p0)&&(x=V2(x,o)),Y=pa(Y,x,!1,!0))}return n.dirs&&(Y=pa(Y,null,!1,!0),Y.dirs=Y.dirs?Y.dirs.concat(n.dirs):n.dirs),n.transition&&O0(Y,n.transition),R=Y,Ku(O),R}const F2=t=>{let e;for(const n in t)(n==="class"||n==="style"||Ed(n))&&((e||(e={}))[n]=t[n]);return e},V2=(t,e)=>{const n={};for(const r in t)(!p0(r)||!(r.slice(9)in e))&&(n[r]=t[r]);return n};function z2(t,e,n){const{props:r,children:i,component:o}=t,{props:l,children:c,patchFlag:u}=e,_=o.emitsOptions;if(e.dirs||e.transition)return!0;if(n&&u>=0){if(u&1024)return!0;if(u&16)return r?KE(r,l,_):!!l;if(u&8){const f=e.dynamicProps;for(let E=0;E<f.length;E++){const A=f[E];if(l[A]!==r[A]&&!Ld(_,A))return!0}}}else return(i||c)&&(!c||!c.$stable)?!0:r===l?!1:r?l?KE(r,l,_):!0:!!l;return!1}function KE(t,e,n){const r=Object.keys(e);if(r.length!==Object.keys(t).length)return!0;for(let i=0;i<r.length;i++){const o=r[i];if(e[o]!==t[o]&&!Ld(n,o))return!0}return!1}function G2({vnode:t,parent:e},n){for(;e;){const r=e.subTree;if(r.suspense&&r.suspense.activeBranch===t&&(r.el=t.el),r===t)(t=e.vnode).el=n,e=e.parent;else break}}const RS=t=>t.__isSuspense;function X2(t,e){e&&e.pendingBranch?de(t)?e.effects.push(...t):e.effects.push(t):o2(t)}const Ft=Symbol.for("v-fgt"),bd=Symbol.for("v-txt"),Ji=Symbol.for("v-cmt"),yu=Symbol.for("v-stc"),Rl=[];let Sr=null;function N(t=!1){Rl.push(Sr=t?null:[])}function K2(){Rl.pop(),Sr=Rl[Rl.length-1]||null}let Bl=1;function YE(t,e=!1){Bl+=t,t<0&&Sr&&e&&(Sr.hasOnce=!0)}function OS(t){return t.dynamicChildren=Bl>0?Sr||sa:null,K2(),Bl>0&&Sr&&Sr.push(t),t}function B(t,e,n,r,i,o){return OS(T(t,e,n,r,i,o,!0))}function he(t,e,n,r,i){return OS(Tt(t,e,n,r,i,!0))}function fa(t){return t?t.__v_isVNode===!0:!1}function sl(t,e){return t.type===e.type&&t.key===e.key}const LS=({key:t})=>t??null,Cu=({ref:t,ref_key:e,ref_for:n})=>(typeof t=="number"&&(t=""+t),t!=null?hn(t)||nn(t)||me(t)?{i:On,r:t,k:e,f:!!n}:t:null);function T(t,e=null,n=null,r=0,i=null,o=t===Ft?0:1,l=!1,c=!1){const u={__v_isVNode:!0,__v_skip:!0,type:t,props:e,key:e&&LS(e),ref:e&&Cu(e),scopeId:JT,slotScopeIds:null,children:n,component:null,suspense:null,ssContent:null,ssFallback:null,dirs:null,transition:null,el:null,anchor:null,target:null,targetStart:null,targetAnchor:null,staticCount:0,shapeFlag:o,patchFlag:r,dynamicProps:i,dynamicChildren:null,appContext:null,ctx:On};return c?(C0(u,n),o&128&&t.normalize(u)):n&&(u.shapeFlag|=hn(n)?8:16),Bl>0&&!l&&Sr&&(u.patchFlag>0||o&6)&&u.patchFlag!==32&&Sr.push(u),u}const Tt=Y2;function Y2(t,e=null,n=null,r=0,i=null,o=!1){if((!t||t===iS)&&(t=Ji),fa(t)){const c=pa(t,e,!0);return n&&C0(c,n),Bl>0&&!o&&Sr&&(c.shapeFlag&6?Sr[Sr.indexOf(t)]=c:Sr.push(c)),c.patchFlag=-2,c}if(ax(t)&&(t=t.__vccOpts),e){e=q2(e);let{class:c,style:u}=e;c&&!hn(c)&&(e.class=kt(c)),rn(u)&&(v0(u)&&!de(u)&&(u=$n({},u)),e.style=qe(u))}const l=hn(t)?1:RS(t)?128:l2(t)?64:rn(t)?4:me(t)?2:0;return T(t,e,n,r,i,l,o,!0)}function q2(t){return t?v0(t)||fS(t)?$n({},t):t:null}function pa(t,e,n=!1,r=!1){const{props:i,ref:o,patchFlag:l,children:c,transition:u}=t,_=e?J2(i||{},e):i,f={__v_isVNode:!0,__v_skip:!0,type:t.type,props:_,key:_&&LS(_),ref:e&&e.ref?n&&o?de(o)?o.concat(Cu(e)):[o,Cu(e)]:Cu(e):o,scopeId:t.scopeId,slotScopeIds:t.slotScopeIds,children:c,target:t.target,targetStart:t.targetStart,targetAnchor:t.targetAnchor,staticCount:t.staticCount,shapeFlag:t.shapeFlag,patchFlag:e&&t.type!==Ft?l===-1?16:l|16:l,dynamicProps:t.dynamicProps,dynamicChildren:t.dynamicChildren,appContext:t.appContext,dirs:t.dirs,transition:u,component:t.component,suspense:t.suspense,ssContent:t.ssContent&&pa(t.ssContent),ssFallback:t.ssFallback&&pa(t.ssFallback),el:t.el,anchor:t.anchor,ctx:t.ctx,ce:t.ce};return u&&r&&O0(f,u.clone(f)),f}function g(t=" ",e=0){return Tt(bd,null,t,e)}function j2(t,e){const n=Tt(yu,null,t);return n.staticCount=e,n}function Z(t="",e=!1){return e?(N(),he(Ji,null,t)):Tt(Ji,null,t)}function hi(t){return t==null||typeof t=="boolean"?Tt(Ji):de(t)?Tt(Ft,null,t.slice()):fa(t)?Ss(t):Tt(bd,null,String(t))}function Ss(t){return t.el===null&&t.patchFlag!==-1||t.memo?t:pa(t)}function C0(t,e){let n=0;const{shapeFlag:r}=t;if(e==null)e=null;else if(de(e))n=16;else if(typeof e=="object")if(r&65){const i=e.default;i&&(i._c&&(i._d=!1),C0(t,i()),i._c&&(i._d=!0));return}else{n=32;const i=e._;!i&&!fS(e)?e._ctx=On:i===3&&On&&(On.slots._===1?e._=1:(e._=2,t.patchFlag|=1024))}else me(e)?(e={default:e,_ctx:On},n=32):(e=String(e),r&64?(n=16,e=[g(e)]):n=8);t.children=e,t.shapeFlag|=n}function J2(...t){const e={};for(let n=0;n<t.length;n++){const r=t[n];for(const i in r)if(i==="class")e.class!==r.class&&(e.class=kt([e.class,r.class]));else if(i==="style")e.style=qe([e.style,r.style]);else if(Ed(i)){const o=e[i],l=r[i];l&&o!==l&&!(de(o)&&o.includes(l))&&(e[i]=o?[].concat(o,l):l)}else i!==""&&(e[i]=r[i])}return e}function di(t,e,n,r=null){Li(t,e,7,[n,r])}const Q2=cS();let Z2=0;function tx(t,e,n){const r=t.type,i=(e?e.appContext:t.appContext)||Q2,o={uid:Z2++,vnode:t,type:r,parent:e,appContext:i,root:null,next:null,subTree:null,effect:null,update:null,job:null,scope:new IN(!0),render:null,proxy:null,exposed:null,exposeProxy:null,withProxy:null,provides:e?e.provides:Object.create(i.provides),ids:e?e.ids:["",0,0],accessCache:null,renderCache:[],components:null,directives:null,propsOptions:hS(r,i),emitsOptions:vS(r,i),emit:null,emitted:null,propsDefaults:Ke,inheritAttrs:r.inheritAttrs,ctx:Ke,data:Ke,props:Ke,attrs:Ke,slots:Ke,refs:Ke,setupState:Ke,setupContext:null,suspense:n,suspenseId:n?n.pendingId:0,asyncDep:null,asyncResolved:!1,isMounted:!1,isUnmounted:!1,isDeactivated:!1,bc:null,c:null,bm:null,m:null,bu:null,u:null,um:null,bum:null,da:null,a:null,rtg:null,rtc:null,ec:null,sp:null};return o.ctx={_:o},o.root=e?e.root:o,o.emit=$2.bind(null,o),t.ce&&t.ce(o),o}let kn=null;const ex=()=>kn||On;let qu,_h;{const t=Ad(),e=(n,r)=>{let i;return(i=t[n])||(i=t[n]=[]),i.push(r),o=>{i.length>1?i.forEach(l=>l(o)):i[0](o)}};qu=e("__VUE_INSTANCE_SETTERS__",n=>kn=n),_h=e("__VUE_SSR_SETTERS__",n=>Dl=n)}const ql=t=>{const e=kn;return qu(t),t.scope.on(),()=>{t.scope.off(),qu(e)}},qE=()=>{kn&&kn.scope.off(),qu(null)};function bS(t){return t.vnode.shapeFlag&4}let Dl=!1;function nx(t,e=!1,n=!1){e&&_h(e);const{props:r,children:i}=t.vnode,o=bS(t);y2(t,r,o,e),x2(t,i,n||e);const l=o?rx(t,e):void 0;return e&&_h(!1),l}function rx(t,e){const n=t.type;t.accessCache=Object.create(null),t.proxy=new Proxy(t.ctx,T2);const{setup:r}=n;if(r){qi();const i=t.setupContext=r.length>1?sx(t):null,o=ql(t),l=Yl(r,t,0,[t.props,i]),c=OT(l);if(ji(),o(),(c||t.sp)&&!la(t)&&QT(t),c){if(l.then(qE,qE),e)return l.then(u=>{jE(t,u)}).catch(u=>{Rd(u,t,0)});t.asyncDep=l}else jE(t,l)}else yS(t)}function jE(t,e,n){me(e)?t.type.__ssrInlineRender?t.ssrRender=e:t.render=e:rn(e)&&(t.setupState=XT(e)),yS(t)}function yS(t,e,n){const r=t.type;t.render||(t.render=r.render||Si);{const i=ql(t);qi();try{S2(t)}finally{ji(),i()}}}const ix={get(t,e){return Un(t,"get",""),t[e]}};function sx(t){const e=n=>{t.exposed=n||{}};return{attrs:new Proxy(t.attrs,ix),slots:t.slots,emit:t.emit,expose:e}}function yd(t){return t.exposed?t.exposeProxy||(t.exposeProxy=new Proxy(XT(jN(t.exposed)),{get(e,n){if(n in e)return e[n];if(n in vl)return vl[n](t)},has(e,n){return n in e||n in vl}})):t.proxy}function ox(t,e=!0){return me(t)?t.displayName||t.name:t.name||e&&t.__name}function ax(t){return me(t)&&"__vccOpts"in t}const Bt=(t,e)=>e2(t,e,Dl);function vs(t,e,n){const r=arguments.length;return r===2?rn(e)&&!de(e)?fa(e)?Tt(t,null,[e]):Tt(t,e):Tt(t,null,e):(r>3?n=Array.prototype.slice.call(arguments,2):r===3&&fa(n)&&(n=[n]),Tt(t,e,n))}const lx="3.5.17";/**
* @vue/runtime-dom v3.5.17
* (c) 2018-present Yuxi (Evan) You and Vue contributors
* @license MIT
**/let mh;const JE=typeof window<"u"&&window.trustedTypes;if(JE)try{mh=JE.createPolicy("vue",{createHTML:t=>t})}catch{}const CS=mh?t=>mh.createHTML(t):t=>t,cx="http://www.w3.org/2000/svg",ux="http://www.w3.org/1998/Math/MathML",$i=typeof document<"u"?document:null,QE=$i&&$i.createElement("template"),dx={insert:(t,e,n)=>{e.insertBefore(t,n||null)},remove:t=>{const e=t.parentNode;e&&e.removeChild(t)},createElement:(t,e,n,r)=>{const i=e==="svg"?$i.createElementNS(cx,t):e==="mathml"?$i.createElementNS(ux,t):n?$i.createElement(t,{is:n}):$i.createElement(t);return t==="select"&&r&&r.multiple!=null&&i.setAttribute("multiple",r.multiple),i},createText:t=>$i.createTextNode(t),createComment:t=>$i.createComment(t),setText:(t,e)=>{t.nodeValue=e},setElementText:(t,e)=>{t.textContent=e},parentNode:t=>t.parentNode,nextSibling:t=>t.nextSibling,querySelector:t=>$i.querySelector(t),setScopeId(t,e){t.setAttribute(e,"")},insertStaticContent(t,e,n,r,i,o){const l=n?n.previousSibling:e.lastChild;if(i&&(i===o||i.nextSibling))for(;e.insertBefore(i.cloneNode(!0),n),!(i===o||!(i=i.nextSibling)););else{QE.innerHTML=CS(r==="svg"?`<svg>${t}</svg>`:r==="mathml"?`<math>${t}</math>`:t);const c=QE.content;if(r==="svg"||r==="mathml"){const u=c.firstChild;for(;u.firstChild;)c.appendChild(u.firstChild);c.removeChild(u)}e.insertBefore(c,n)}return[l?l.nextSibling:e.firstChild,n?n.previousSibling:e.lastChild]}},fx=Symbol("_vtc");function px(t,e,n){const r=t[fx];r&&(e=(e?[e,...r]:[...r]).join(" ")),e==null?t.removeAttribute("class"):n?t.setAttribute("class",e):t.className=e}const ZE=Symbol("_vod"),hx=Symbol("_vsh"),_x=Symbol(""),mx=/(^|;)\s*display\s*:/;function Ex(t,e,n){const r=t.style,i=hn(n);let o=!1;if(n&&!i){if(e)if(hn(e))for(const l of e.split(";")){const c=l.slice(0,l.indexOf(":")).trim();n[c]==null&&Iu(r,c,"")}else for(const l in e)n[l]==null&&Iu(r,l,"");for(const l in n)l==="display"&&(o=!0),Iu(r,l,n[l])}else if(i){if(e!==n){const l=r[_x];l&&(n+=";"+l),r.cssText=n,o=mx.test(n)}}else e&&t.removeAttribute("style");ZE in t&&(t[ZE]=o?r.display:"",t[hx]&&(r.display="none"))}const tg=/\s*!important$/;function Iu(t,e,n){if(de(n))n.forEach(r=>Iu(t,e,r));else if(n==null&&(n=""),e.startsWith("--"))t.setProperty(e,n);else{const r=gx(t,e);tg.test(n)?t.setProperty(bo(r),n.replace(tg,""),"important"):t[r]=n}}const eg=["Webkit","Moz","ms"],vp={};function gx(t,e){const n=vp[e];if(n)return n;let r=Hr(e);if(r!=="filter"&&r in t)return vp[e]=r;r=Sd(r);for(let i=0;i<eg.length;i++){const o=eg[i]+r;if(o in t)return vp[e]=o}return e}const ng="http://www.w3.org/1999/xlink";function rg(t,e,n,r,i,o=CN(e)){r&&e.startsWith("xlink:")?n==null?t.removeAttributeNS(ng,e.slice(6,e.length)):t.setAttributeNS(ng,e,n):n==null||o&&!yT(n)?t.removeAttribute(e):t.setAttribute(e,o?"":ns(n)?String(n):n)}function ig(t,e,n,r,i){if(e==="innerHTML"||e==="textContent"){n!=null&&(t[e]=e==="innerHTML"?CS(n):n);return}const o=t.tagName;if(e==="value"&&o!=="PROGRESS"&&!o.includes("-")){const c=o==="OPTION"?t.getAttribute("value")||"":t.value,u=n==null?t.type==="checkbox"?"on":"":String(n);(c!==u||!("_value"in t))&&(t.value=u),n==null&&t.removeAttribute(e),t._value=n;return}let l=!1;if(n===""||n==null){const c=typeof t[e];c==="boolean"?n=yT(n):n==null&&c==="string"?(n="",l=!0):c==="number"&&(n=0,l=!0)}try{t[e]=n}catch{}l&&t.removeAttribute(i||e)}function Qo(t,e,n,r){t.addEventListener(e,n,r)}function Tx(t,e,n,r){t.removeEventListener(e,n,r)}const sg=Symbol("_vei");function Sx(t,e,n,r,i=null){const o=t[sg]||(t[sg]={}),l=o[e];if(r&&l)l.value=r;else{const[c,u]=Ax(e);if(r){const _=o[e]=Ox(r,i);Qo(t,c,_,u)}else l&&(Tx(t,c,l,u),o[e]=void 0)}}const og=/(?:Once|Passive|Capture)$/;function Ax(t){let e;if(og.test(t)){e={};let r;for(;r=t.match(og);)t=t.slice(0,t.length-r[0].length),e[r[0].toLowerCase()]=!0}return[t[2]===":"?t.slice(3):bo(t.slice(2)),e]}let Rp=0;const vx=Promise.resolve(),Rx=()=>Rp||(vx.then(()=>Rp=0),Rp=Date.now());function Ox(t,e){const n=r=>{if(!r._vts)r._vts=Date.now();else if(r._vts<=n.attached)return;Li(Lx(r,n.value),e,5,[r])};return n.value=t,n.attached=Rx(),n}function Lx(t,e){if(de(e)){const n=t.stopImmediatePropagation;return t.stopImmediatePropagation=()=>{n.call(t),t._stopped=!0},e.map(r=>i=>!i._stopped&&r&&r(i))}else return e}const ag=t=>t.charCodeAt(0)===111&&t.charCodeAt(1)===110&&t.charCodeAt(2)>96&&t.charCodeAt(2)<123,bx=(t,e,n,r,i,o)=>{const l=i==="svg";e==="class"?px(t,r,l):e==="style"?Ex(t,n,r):Ed(e)?p0(e)||Sx(t,e,n,r,o):(e[0]==="."?(e=e.slice(1),!0):e[0]==="^"?(e=e.slice(1),!1):yx(t,e,r,l))?(ig(t,e,r),!t.tagName.includes("-")&&(e==="value"||e==="checked"||e==="selected")&&rg(t,e,r,l,o,e!=="value")):t._isVueCE&&(/[A-Z]/.test(e)||!hn(r))?ig(t,Hr(e),r,o,e):(e==="true-value"?t._trueValue=r:e==="false-value"&&(t._falseValue=r),rg(t,e,r,l))};function yx(t,e,n,r){if(r)return!!(e==="innerHTML"||e==="textContent"||e in t&&ag(e)&&me(n));if(e==="spellcheck"||e==="draggable"||e==="translate"||e==="autocorrect"||e==="form"||e==="list"&&t.tagName==="INPUT"||e==="type"&&t.tagName==="TEXTAREA")return!1;if(e==="width"||e==="height"){const i=t.tagName;if(i==="IMG"||i==="VIDEO"||i==="CANVAS"||i==="SOURCE")return!1}return ag(e)&&hn(n)?!1:e in t}const lg=t=>{const e=t.props["onUpdate:modelValue"]||!1;return de(e)?n=>bu(e,n):e};function Cx(t){t.target.composing=!0}function cg(t){const e=t.target;e.composing&&(e.composing=!1,e.dispatchEvent(new Event("input")))}const Op=Symbol("_assign"),Lp={created(t,{modifiers:{lazy:e,trim:n,number:r}},i){t[Op]=lg(i);const o=r||i.props&&i.props.type==="number";Qo(t,e?"change":"input",l=>{if(l.target.composing)return;let c=t.value;n&&(c=c.trim()),o&&(c=oh(c)),t[Op](c)}),n&&Qo(t,"change",()=>{t.value=t.value.trim()}),e||(Qo(t,"compositionstart",Cx),Qo(t,"compositionend",cg),Qo(t,"change",cg))},mounted(t,{value:e}){t.value=e??""},beforeUpdate(t,{value:e,oldValue:n,modifiers:{lazy:r,trim:i,number:o}},l){if(t[Op]=lg(l),t.composing)return;const c=(o||t.type==="number")&&!/^0\d/.test(t.value)?oh(t.value):t.value,u=e??"";c!==u&&(document.activeElement===t&&t.type!=="range"&&(r&&e===n||i&&t.value.trim()===u)||(t.value=u))}},Ix=["ctrl","shift","alt","meta"],Nx={stop:t=>t.stopPropagation(),prevent:t=>t.preventDefault(),self:t=>t.target!==t.currentTarget,ctrl:t=>!t.ctrlKey,shift:t=>!t.shiftKey,alt:t=>!t.altKey,meta:t=>!t.metaKey,left:t=>"button"in t&&t.button!==0,middle:t=>"button"in t&&t.button!==1,right:t=>"button"in t&&t.button!==2,exact:(t,e)=>Ix.some(n=>t[`${n}Key`]&&!e.includes(n))},De=(t,e)=>{const n=t._withMods||(t._withMods={}),r=e.join(".");return n[r]||(n[r]=(i,...o)=>{for(let l=0;l<e.length;l++){const c=Nx[e[l]];if(c&&c(i,e))return}return t(i,...o)})},xx=$n({patchProp:bx},dx);let ug;function wx(){return ug||(ug=k2(xx))}const Pl=(...t)=>{const e=wx().createApp(...t),{mount:n}=e;return e.mount=r=>{const i=Bx(r);if(!i)return;const o=e._component;!me(o)&&!o.render&&!o.template&&(o.template=i.innerHTML),i.nodeType===1&&(i.textContent="");const l=n(i,!1,kx(i));return i instanceof Element&&(i.removeAttribute("v-cloak"),i.setAttribute("data-v-app","")),l},e};function kx(t){if(t instanceof SVGElement)return"svg";if(typeof MathMLElement=="function"&&t instanceof MathMLElement)return"mathml"}function Bx(t){return hn(t)?document.querySelector(t):t}var qn="top",Ar="bottom",vr="right",jn="left",Cd="auto",xa=[qn,Ar,vr,jn],To="start",ha="end",IS="clippingParents",I0="viewport",Zo="popper",NS="reference",Eh=xa.reduce(function(t,e){return t.concat([e+"-"+To,e+"-"+ha])},[]),N0=[].concat(xa,[Cd]).reduce(function(t,e){return t.concat([e,e+"-"+To,e+"-"+ha])},[]),xS="beforeRead",wS="read",kS="afterRead",BS="beforeMain",DS="main",PS="afterMain",MS="beforeWrite",HS="write",WS="afterWrite",US=[xS,wS,kS,BS,DS,PS,MS,HS,WS];function bi(t){return t?(t.nodeName||"").toLowerCase():null}function Rr(t){if(t==null)return window;if(t.toString()!=="[object Window]"){var e=t.ownerDocument;return e&&e.defaultView||window}return t}function So(t){var e=Rr(t).Element;return t instanceof e||t instanceof Element}function Pr(t){var e=Rr(t).HTMLElement;return t instanceof e||t instanceof HTMLElement}function x0(t){if(typeof ShadowRoot>"u")return!1;var e=Rr(t).ShadowRoot;return t instanceof e||t instanceof ShadowRoot}function Dx(t){var e=t.state;Object.keys(e.elements).forEach(function(n){var r=e.styles[n]||{},i=e.attributes[n]||{},o=e.elements[n];!Pr(o)||!bi(o)||(Object.assign(o.style,r),Object.keys(i).forEach(function(l){var c=i[l];c===!1?o.removeAttribute(l):o.setAttribute(l,c===!0?"":c)}))})}function Px(t){var e=t.state,n={popper:{position:e.options.strategy,left:"0",top:"0",margin:"0"},arrow:{position:"absolute"},reference:{}};return Object.assign(e.elements.popper.style,n.popper),e.styles=n,e.elements.arrow&&Object.assign(e.elements.arrow.style,n.arrow),function(){Object.keys(e.elements).forEach(function(r){var i=e.elements[r],o=e.attributes[r]||{},l=Object.keys(e.styles.hasOwnProperty(r)?e.styles[r]:n[r]),c=l.reduce(function(u,_){return u[_]="",u},{});!Pr(i)||!bi(i)||(Object.assign(i.style,c),Object.keys(o).forEach(function(u){i.removeAttribute(u)}))})}}const w0={name:"applyStyles",enabled:!0,phase:"write",fn:Dx,effect:Px,requires:["computeStyles"]};function Ai(t){return t.split("-")[0]}var _o=Math.max,ju=Math.min,_a=Math.round;function gh(){var t=navigator.userAgentData;return t!=null&&t.brands&&Array.isArray(t.brands)?t.brands.map(function(e){return e.brand+"/"+e.version}).join(" "):navigator.userAgent}function $S(){return!/^((?!chrome|android).)*safari/i.test(gh())}function ma(t,e,n){e===void 0&&(e=!1),n===void 0&&(n=!1);var r=t.getBoundingClientRect(),i=1,o=1;e&&Pr(t)&&(i=t.offsetWidth>0&&_a(r.width)/t.offsetWidth||1,o=t.offsetHeight>0&&_a(r.height)/t.offsetHeight||1);var l=So(t)?Rr(t):window,c=l.visualViewport,u=!$S()&&n,_=(r.left+(u&&c?c.offsetLeft:0))/i,f=(r.top+(u&&c?c.offsetTop:0))/o,E=r.width/i,A=r.height/o;return{width:E,height:A,top:f,right:_+E,bottom:f+A,left:_,x:_,y:f}}function k0(t){var e=ma(t),n=t.offsetWidth,r=t.offsetHeight;return Math.abs(e.width-n)<=1&&(n=e.width),Math.abs(e.height-r)<=1&&(r=e.height),{x:t.offsetLeft,y:t.offsetTop,width:n,height:r}}function FS(t,e){var n=e.getRootNode&&e.getRootNode();if(t.contains(e))return!0;if(n&&x0(n)){var r=e;do{if(r&&t.isSameNode(r))return!0;r=r.parentNode||r.host}while(r)}return!1}function Qi(t){return Rr(t).getComputedStyle(t)}function Mx(t){return["table","td","th"].indexOf(bi(t))>=0}function Ds(t){return((So(t)?t.ownerDocument:t.document)||window.document).documentElement}function Id(t){return bi(t)==="html"?t:t.assignedSlot||t.parentNode||(x0(t)?t.host:null)||Ds(t)}function dg(t){return!Pr(t)||Qi(t).position==="fixed"?null:t.offsetParent}function Hx(t){var e=/firefox/i.test(gh()),n=/Trident/i.test(gh());if(n&&Pr(t)){var r=Qi(t);if(r.position==="fixed")return null}var i=Id(t);for(x0(i)&&(i=i.host);Pr(i)&&["html","body"].indexOf(bi(i))<0;){var o=Qi(i);if(o.transform!=="none"||o.perspective!=="none"||o.contain==="paint"||["transform","perspective"].indexOf(o.willChange)!==-1||e&&o.willChange==="filter"||e&&o.filter&&o.filter!=="none")return i;i=i.parentNode}return null}function jl(t){for(var e=Rr(t),n=dg(t);n&&Mx(n)&&Qi(n).position==="static";)n=dg(n);return n&&(bi(n)==="html"||bi(n)==="body"&&Qi(n).position==="static")?e:n||Hx(t)||e}function B0(t){return["top","bottom"].indexOf(t)>=0?"x":"y"}function Ol(t,e,n){return _o(t,ju(e,n))}function Wx(t,e,n){var r=Ol(t,e,n);return r>n?n:r}function VS(){return{top:0,right:0,bottom:0,left:0}}function zS(t){return Object.assign({},VS(),t)}function GS(t,e){return e.reduce(function(n,r){return n[r]=t,n},{})}var Ux=function(e,n){return e=typeof e=="function"?e(Object.assign({},n.rects,{placement:n.placement})):e,zS(typeof e!="number"?e:GS(e,xa))};function $x(t){var e,n=t.state,r=t.name,i=t.options,o=n.elements.arrow,l=n.modifiersData.popperOffsets,c=Ai(n.placement),u=B0(c),_=[jn,vr].indexOf(c)>=0,f=_?"height":"width";if(!(!o||!l)){var E=Ux(i.padding,n),A=k0(o),b=u==="y"?qn:jn,k=u==="y"?Ar:vr,S=n.rects.reference[f]+n.rects.reference[u]-l[u]-n.rects.popper[f],O=l[u]-n.rects.reference[u],R=jl(o),x=R?u==="y"?R.clientHeight||0:R.clientWidth||0:0,Y=S/2-O/2,y=E[b],K=x-A[f]-E[k],P=x/2-A[f]/2+Y,X=Ol(y,P,K),ot=u;n.modifiersData[r]=(e={},e[ot]=X,e.centerOffset=X-P,e)}}function Fx(t){var e=t.state,n=t.options,r=n.element,i=r===void 0?"[data-popper-arrow]":r;i!=null&&(typeof i=="string"&&(i=e.elements.popper.querySelector(i),!i)||FS(e.elements.popper,i)&&(e.elements.arrow=i))}const XS={name:"arrow",enabled:!0,phase:"main",fn:$x,effect:Fx,requires:["popperOffsets"],requiresIfExists:["preventOverflow"]};function Ea(t){return t.split("-")[1]}var Vx={top:"auto",right:"auto",bottom:"auto",left:"auto"};function zx(t,e){var n=t.x,r=t.y,i=e.devicePixelRatio||1;return{x:_a(n*i)/i||0,y:_a(r*i)/i||0}}function fg(t){var e,n=t.popper,r=t.popperRect,i=t.placement,o=t.variation,l=t.offsets,c=t.position,u=t.gpuAcceleration,_=t.adaptive,f=t.roundOffsets,E=t.isFixed,A=l.x,b=A===void 0?0:A,k=l.y,S=k===void 0?0:k,O=typeof f=="function"?f({x:b,y:S}):{x:b,y:S};b=O.x,S=O.y;var R=l.hasOwnProperty("x"),x=l.hasOwnProperty("y"),Y=jn,y=qn,K=window;if(_){var P=jl(n),X="clientHeight",ot="clientWidth";if(P===Rr(n)&&(P=Ds(n),Qi(P).position!=="static"&&c==="absolute"&&(X="scrollHeight",ot="scrollWidth")),P=P,i===qn||(i===jn||i===vr)&&o===ha){y=Ar;var xt=E&&P===K&&K.visualViewport?K.visualViewport.height:P[X];S-=xt-r.height,S*=u?1:-1}if(i===jn||(i===qn||i===Ar)&&o===ha){Y=vr;var Pt=E&&P===K&&K.visualViewport?K.visualViewport.width:P[ot];b-=Pt-r.width,b*=u?1:-1}}var vt=Object.assign({position:c},_&&Vx),et=f===!0?zx({x:b,y:S},Rr(n)):{x:b,y:S};if(b=et.x,S=et.y,u){var M;return Object.assign({},vt,(M={},M[y]=x?"0":"",M[Y]=R?"0":"",M.transform=(K.devicePixelRatio||1)<=1?"translate("+b+"px, "+S+"px)":"translate3d("+b+"px, "+S+"px, 0)",M))}return Object.assign({},vt,(e={},e[y]=x?S+"px":"",e[Y]=R?b+"px":"",e.transform="",e))}function Gx(t){var e=t.state,n=t.options,r=n.gpuAcceleration,i=r===void 0?!0:r,o=n.adaptive,l=o===void 0?!0:o,c=n.roundOffsets,u=c===void 0?!0:c,_={placement:Ai(e.placement),variation:Ea(e.placement),popper:e.elements.popper,popperRect:e.rects.popper,gpuAcceleration:i,isFixed:e.options.strategy==="fixed"};e.modifiersData.popperOffsets!=null&&(e.styles.popper=Object.assign({},e.styles.popper,fg(Object.assign({},_,{offsets:e.modifiersData.popperOffsets,position:e.options.strategy,adaptive:l,roundOffsets:u})))),e.modifiersData.arrow!=null&&(e.styles.arrow=Object.assign({},e.styles.arrow,fg(Object.assign({},_,{offsets:e.modifiersData.arrow,position:"absolute",adaptive:!1,roundOffsets:u})))),e.attributes.popper=Object.assign({},e.attributes.popper,{"data-popper-placement":e.placement})}const D0={name:"computeStyles",enabled:!0,phase:"beforeWrite",fn:Gx,data:{}};var iu={passive:!0};function Xx(t){var e=t.state,n=t.instance,r=t.options,i=r.scroll,o=i===void 0?!0:i,l=r.resize,c=l===void 0?!0:l,u=Rr(e.elements.popper),_=[].concat(e.scrollParents.reference,e.scrollParents.popper);return o&&_.forEach(function(f){f.addEventListener("scroll",n.update,iu)}),c&&u.addEventListener("resize",n.update,iu),function(){o&&_.forEach(function(f){f.removeEventListener("scroll",n.update,iu)}),c&&u.removeEventListener("resize",n.update,iu)}}const P0={name:"eventListeners",enabled:!0,phase:"write",fn:function(){},effect:Xx,data:{}};var Kx={left:"right",right:"left",bottom:"top",top:"bottom"};function Nu(t){return t.replace(/left|right|bottom|top/g,function(e){return Kx[e]})}var Yx={start:"end",end:"start"};function pg(t){return t.replace(/start|end/g,function(e){return Yx[e]})}function M0(t){var e=Rr(t),n=e.pageXOffset,r=e.pageYOffset;return{scrollLeft:n,scrollTop:r}}function H0(t){return ma(Ds(t)).left+M0(t).scrollLeft}function qx(t,e){var n=Rr(t),r=Ds(t),i=n.visualViewport,o=r.clientWidth,l=r.clientHeight,c=0,u=0;if(i){o=i.width,l=i.height;var _=$S();(_||!_&&e==="fixed")&&(c=i.offsetLeft,u=i.offsetTop)}return{width:o,height:l,x:c+H0(t),y:u}}function jx(t){var e,n=Ds(t),r=M0(t),i=(e=t.ownerDocument)==null?void 0:e.body,o=_o(n.scrollWidth,n.clientWidth,i?i.scrollWidth:0,i?i.clientWidth:0),l=_o(n.scrollHeight,n.clientHeight,i?i.scrollHeight:0,i?i.clientHeight:0),c=-r.scrollLeft+H0(t),u=-r.scrollTop;return Qi(i||n).direction==="rtl"&&(c+=_o(n.clientWidth,i?i.clientWidth:0)-o),{width:o,height:l,x:c,y:u}}function W0(t){var e=Qi(t),n=e.overflow,r=e.overflowX,i=e.overflowY;return/auto|scroll|overlay|hidden/.test(n+i+r)}function KS(t){return["html","body","#document"].indexOf(bi(t))>=0?t.ownerDocument.body:Pr(t)&&W0(t)?t:KS(Id(t))}function Ll(t,e){var n;e===void 0&&(e=[]);var r=KS(t),i=r===((n=t.ownerDocument)==null?void 0:n.body),o=Rr(r),l=i?[o].concat(o.visualViewport||[],W0(r)?r:[]):r,c=e.concat(l);return i?c:c.concat(Ll(Id(l)))}function Th(t){return Object.assign({},t,{left:t.x,top:t.y,right:t.x+t.width,bottom:t.y+t.height})}function Jx(t,e){var n=ma(t,!1,e==="fixed");return n.top=n.top+t.clientTop,n.left=n.left+t.clientLeft,n.bottom=n.top+t.clientHeight,n.right=n.left+t.clientWidth,n.width=t.clientWidth,n.height=t.clientHeight,n.x=n.left,n.y=n.top,n}function hg(t,e,n){return e===I0?Th(qx(t,n)):So(e)?Jx(e,n):Th(jx(Ds(t)))}function Qx(t){var e=Ll(Id(t)),n=["absolute","fixed"].indexOf(Qi(t).position)>=0,r=n&&Pr(t)?jl(t):t;return So(r)?e.filter(function(i){return So(i)&&FS(i,r)&&bi(i)!=="body"}):[]}function Zx(t,e,n,r){var i=e==="clippingParents"?Qx(t):[].concat(e),o=[].concat(i,[n]),l=o[0],c=o.reduce(function(u,_){var f=hg(t,_,r);return u.top=_o(f.top,u.top),u.right=ju(f.right,u.right),u.bottom=ju(f.bottom,u.bottom),u.left=_o(f.left,u.left),u},hg(t,l,r));return c.width=c.right-c.left,c.height=c.bottom-c.top,c.x=c.left,c.y=c.top,c}function YS(t){var e=t.reference,n=t.element,r=t.placement,i=r?Ai(r):null,o=r?Ea(r):null,l=e.x+e.width/2-n.width/2,c=e.y+e.height/2-n.height/2,u;switch(i){case qn:u={x:l,y:e.y-n.height};break;case Ar:u={x:l,y:e.y+e.height};break;case vr:u={x:e.x+e.width,y:c};break;case jn:u={x:e.x-n.width,y:c};break;default:u={x:e.x,y:e.y}}var _=i?B0(i):null;if(_!=null){var f=_==="y"?"height":"width";switch(o){case To:u[_]=u[_]-(e[f]/2-n[f]/2);break;case ha:u[_]=u[_]+(e[f]/2-n[f]/2);break}}return u}function ga(t,e){e===void 0&&(e={});var n=e,r=n.placement,i=r===void 0?t.placement:r,o=n.strategy,l=o===void 0?t.strategy:o,c=n.boundary,u=c===void 0?IS:c,_=n.rootBoundary,f=_===void 0?I0:_,E=n.elementContext,A=E===void 0?Zo:E,b=n.altBoundary,k=b===void 0?!1:b,S=n.padding,O=S===void 0?0:S,R=zS(typeof O!="number"?O:GS(O,xa)),x=A===Zo?NS:Zo,Y=t.rects.popper,y=t.elements[k?x:A],K=Zx(So(y)?y:y.contextElement||Ds(t.elements.popper),u,f,l),P=ma(t.elements.reference),X=YS({reference:P,element:Y,placement:i}),ot=Th(Object.assign({},Y,X)),xt=A===Zo?ot:P,Pt={top:K.top-xt.top+R.top,bottom:xt.bottom-K.bottom+R.bottom,left:K.left-xt.left+R.left,right:xt.right-K.right+R.right},vt=t.modifiersData.offset;if(A===Zo&&vt){var et=vt[i];Object.keys(Pt).forEach(function(M){var G=[vr,Ar].indexOf(M)>=0?1:-1,Rt=[qn,Ar].indexOf(M)>=0?"y":"x";Pt[M]+=et[Rt]*G})}return Pt}function tw(t,e){e===void 0&&(e={});var n=e,r=n.placement,i=n.boundary,o=n.rootBoundary,l=n.padding,c=n.flipVariations,u=n.allowedAutoPlacements,_=u===void 0?N0:u,f=Ea(r),E=f?c?Eh:Eh.filter(function(k){return Ea(k)===f}):xa,A=E.filter(function(k){return _.indexOf(k)>=0});A.length===0&&(A=E);var b=A.reduce(function(k,S){return k[S]=ga(t,{placement:S,boundary:i,rootBoundary:o,padding:l})[Ai(S)],k},{});return Object.keys(b).sort(function(k,S){return b[k]-b[S]})}function ew(t){if(Ai(t)===Cd)return[];var e=Nu(t);return[pg(t),e,pg(e)]}function nw(t){var e=t.state,n=t.options,r=t.name;if(!e.modifiersData[r]._skip){for(var i=n.mainAxis,o=i===void 0?!0:i,l=n.altAxis,c=l===void 0?!0:l,u=n.fallbackPlacements,_=n.padding,f=n.boundary,E=n.rootBoundary,A=n.altBoundary,b=n.flipVariations,k=b===void 0?!0:b,S=n.allowedAutoPlacements,O=e.options.placement,R=Ai(O),x=R===O,Y=u||(x||!k?[Nu(O)]:ew(O)),y=[O].concat(Y).reduce(function(L,J){return L.concat(Ai(J)===Cd?tw(e,{placement:J,boundary:f,rootBoundary:E,padding:_,flipVariations:k,allowedAutoPlacements:S}):J)},[]),K=e.rects.reference,P=e.rects.popper,X=new Map,ot=!0,xt=y[0],Pt=0;Pt<y.length;Pt++){var vt=y[Pt],et=Ai(vt),M=Ea(vt)===To,G=[qn,Ar].indexOf(et)>=0,Rt=G?"width":"height",U=ga(e,{placement:vt,boundary:f,rootBoundary:E,altBoundary:A,padding:_}),w=G?M?vr:jn:M?Ar:qn;K[Rt]>P[Rt]&&(w=Nu(w));var ct=Nu(w),St=[];if(o&&St.push(U[et]<=0),c&&St.push(U[w]<=0,U[ct]<=0),St.every(function(L){return L})){xt=vt,ot=!1;break}X.set(vt,St)}if(ot)for(var yt=k?3:1,dt=function(J){var at=y.find(function(Ct){var Xt=X.get(Ct);if(Xt)return Xt.slice(0,J).every(function(ze){return ze})});if(at)return xt=at,"break"},j=yt;j>0;j--){var D=dt(j);if(D==="break")break}e.placement!==xt&&(e.modifiersData[r]._skip=!0,e.placement=xt,e.reset=!0)}}const qS={name:"flip",enabled:!0,phase:"main",fn:nw,requiresIfExists:["offset"],data:{_skip:!1}};function _g(t,e,n){return n===void 0&&(n={x:0,y:0}),{top:t.top-e.height-n.y,right:t.right-e.width+n.x,bottom:t.bottom-e.height+n.y,left:t.left-e.width-n.x}}function mg(t){return[qn,vr,Ar,jn].some(function(e){return t[e]>=0})}function rw(t){var e=t.state,n=t.name,r=e.rects.reference,i=e.rects.popper,o=e.modifiersData.preventOverflow,l=ga(e,{elementContext:"reference"}),c=ga(e,{altBoundary:!0}),u=_g(l,r),_=_g(c,i,o),f=mg(u),E=mg(_);e.modifiersData[n]={referenceClippingOffsets:u,popperEscapeOffsets:_,isReferenceHidden:f,hasPopperEscaped:E},e.attributes.popper=Object.assign({},e.attributes.popper,{"data-popper-reference-hidden":f,"data-popper-escaped":E})}const jS={name:"hide",enabled:!0,phase:"main",requiresIfExists:["preventOverflow"],fn:rw};function iw(t,e,n){var r=Ai(t),i=[jn,qn].indexOf(r)>=0?-1:1,o=typeof n=="function"?n(Object.assign({},e,{placement:t})):n,l=o[0],c=o[1];return l=l||0,c=(c||0)*i,[jn,vr].indexOf(r)>=0?{x:c,y:l}:{x:l,y:c}}function sw(t){var e=t.state,n=t.options,r=t.name,i=n.offset,o=i===void 0?[0,0]:i,l=N0.reduce(function(f,E){return f[E]=iw(E,e.rects,o),f},{}),c=l[e.placement],u=c.x,_=c.y;e.modifiersData.popperOffsets!=null&&(e.modifiersData.popperOffsets.x+=u,e.modifiersData.popperOffsets.y+=_),e.modifiersData[r]=l}const JS={name:"offset",enabled:!0,phase:"main",requires:["popperOffsets"],fn:sw};function ow(t){var e=t.state,n=t.name;e.modifiersData[n]=YS({reference:e.rects.reference,element:e.rects.popper,placement:e.placement})}const U0={name:"popperOffsets",enabled:!0,phase:"read",fn:ow,data:{}};function aw(t){return t==="x"?"y":"x"}function lw(t){var e=t.state,n=t.options,r=t.name,i=n.mainAxis,o=i===void 0?!0:i,l=n.altAxis,c=l===void 0?!1:l,u=n.boundary,_=n.rootBoundary,f=n.altBoundary,E=n.padding,A=n.tether,b=A===void 0?!0:A,k=n.tetherOffset,S=k===void 0?0:k,O=ga(e,{boundary:u,rootBoundary:_,padding:E,altBoundary:f}),R=Ai(e.placement),x=Ea(e.placement),Y=!x,y=B0(R),K=aw(y),P=e.modifiersData.popperOffsets,X=e.rects.reference,ot=e.rects.popper,xt=typeof S=="function"?S(Object.assign({},e.rects,{placement:e.placement})):S,Pt=typeof xt=="number"?{mainAxis:xt,altAxis:xt}:Object.assign({mainAxis:0,altAxis:0},xt),vt=e.modifiersData.offset?e.modifiersData.offset[e.placement]:null,et={x:0,y:0};if(P){if(o){var M,G=y==="y"?qn:jn,Rt=y==="y"?Ar:vr,U=y==="y"?"height":"width",w=P[y],ct=w+O[G],St=w-O[Rt],yt=b?-ot[U]/2:0,dt=x===To?X[U]:ot[U],j=x===To?-ot[U]:-X[U],D=e.elements.arrow,L=b&&D?k0(D):{width:0,height:0},J=e.modifiersData["arrow#persistent"]?e.modifiersData["arrow#persistent"].padding:VS(),at=J[G],Ct=J[Rt],Xt=Ol(0,X[U],L[U]),ze=Y?X[U]/2-yt-Xt-at-Pt.mainAxis:dt-Xt-at-Pt.mainAxis,Qe=Y?-X[U]/2+yt+Xt+Ct+Pt.mainAxis:j+Xt+Ct+Pt.mainAxis,_n=e.elements.arrow&&jl(e.elements.arrow),W=_n?y==="y"?_n.clientTop||0:_n.clientLeft||0:0,z=(M=vt?.[y])!=null?M:0,rt=w+ze-z-W,gt=w+Qe-z,mt=Ol(b?ju(ct,rt):ct,w,b?_o(St,gt):St);P[y]=mt,et[y]=mt-w}if(c){var ht,wt=y==="x"?qn:jn,tt=y==="x"?Ar:vr,nt=P[K],st=K==="y"?"height":"width",Wt=nt+O[wt],bt=nt-O[tt],Mt=[qn,jn].indexOf(R)!==-1,Kt=(ht=vt?.[K])!=null?ht:0,ne=Mt?Wt:nt-X[st]-ot[st]-Kt+Pt.altAxis,fe=Mt?nt+X[st]+ot[st]-Kt-Pt.altAxis:bt,ue=b&&Mt?Wx(ne,nt,fe):Ol(b?ne:Wt,nt,b?fe:bt);P[K]=ue,et[K]=ue-nt}e.modifiersData[r]=et}}const QS={name:"preventOverflow",enabled:!0,phase:"main",fn:lw,requiresIfExists:["offset"]};function cw(t){return{scrollLeft:t.scrollLeft,scrollTop:t.scrollTop}}function uw(t){return t===Rr(t)||!Pr(t)?M0(t):cw(t)}function dw(t){var e=t.getBoundingClientRect(),n=_a(e.width)/t.offsetWidth||1,r=_a(e.height)/t.offsetHeight||1;return n!==1||r!==1}function fw(t,e,n){n===void 0&&(n=!1);var r=Pr(e),i=Pr(e)&&dw(e),o=Ds(e),l=ma(t,i,n),c={scrollLeft:0,scrollTop:0},u={x:0,y:0};return(r||!r&&!n)&&((bi(e)!=="body"||W0(o))&&(c=uw(e)),Pr(e)?(u=ma(e,!0),u.x+=e.clientLeft,u.y+=e.clientTop):o&&(u.x=H0(o))),{x:l.left+c.scrollLeft-u.x,y:l.top+c.scrollTop-u.y,width:l.width,height:l.height}}function pw(t){var e=new Map,n=new Set,r=[];t.forEach(function(o){e.set(o.name,o)});function i(o){n.add(o.name);var l=[].concat(o.requires||[],o.requiresIfExists||[]);l.forEach(function(c){if(!n.has(c)){var u=e.get(c);u&&i(u)}}),r.push(o)}return t.forEach(function(o){n.has(o.name)||i(o)}),r}function hw(t){var e=pw(t);return US.reduce(function(n,r){return n.concat(e.filter(function(i){return i.phase===r}))},[])}function _w(t){var e;return function(){return e||(e=new Promise(function(n){Promise.resolve().then(function(){e=void 0,n(t())})})),e}}function mw(t){var e=t.reduce(function(n,r){var i=n[r.name];return n[r.name]=i?Object.assign({},i,r,{options:Object.assign({},i.options,r.options),data:Object.assign({},i.data,r.data)}):r,n},{});return Object.keys(e).map(function(n){return e[n]})}var Eg={placement:"bottom",modifiers:[],strategy:"absolute"};function gg(){for(var t=arguments.length,e=new Array(t),n=0;n<t;n++)e[n]=arguments[n];return!e.some(function(r){return!(r&&typeof r.getBoundingClientRect=="function")})}function Nd(t){t===void 0&&(t={});var e=t,n=e.defaultModifiers,r=n===void 0?[]:n,i=e.defaultOptions,o=i===void 0?Eg:i;return function(c,u,_){_===void 0&&(_=o);var f={placement:"bottom",orderedModifiers:[],options:Object.assign({},Eg,o),modifiersData:{},elements:{reference:c,popper:u},attributes:{},styles:{}},E=[],A=!1,b={state:f,setOptions:function(R){var x=typeof R=="function"?R(f.options):R;S(),f.options=Object.assign({},o,f.options,x),f.scrollParents={reference:So(c)?Ll(c):c.contextElement?Ll(c.contextElement):[],popper:Ll(u)};var Y=hw(mw([].concat(r,f.options.modifiers)));return f.orderedModifiers=Y.filter(function(y){return y.enabled}),k(),b.update()},forceUpdate:function(){if(!A){var R=f.elements,x=R.reference,Y=R.popper;if(gg(x,Y)){f.rects={reference:fw(x,jl(Y),f.options.strategy==="fixed"),popper:k0(Y)},f.reset=!1,f.placement=f.options.placement,f.orderedModifiers.forEach(function(Pt){return f.modifiersData[Pt.name]=Object.assign({},Pt.data)});for(var y=0;y<f.orderedModifiers.length;y++){if(f.reset===!0){f.reset=!1,y=-1;continue}var K=f.orderedModifiers[y],P=K.fn,X=K.options,ot=X===void 0?{}:X,xt=K.name;typeof P=="function"&&(f=P({state:f,options:ot,name:xt,instance:b})||f)}}}},update:_w(function(){return new Promise(function(O){b.forceUpdate(),O(f)})}),destroy:function(){S(),A=!0}};if(!gg(c,u))return b;b.setOptions(_).then(function(O){!A&&_.onFirstUpdate&&_.onFirstUpdate(O)});function k(){f.orderedModifiers.forEach(function(O){var R=O.name,x=O.options,Y=x===void 0?{}:x,y=O.effect;if(typeof y=="function"){var K=y({state:f,name:R,instance:b,options:Y}),P=function(){};E.push(K||P)}})}function S(){E.forEach(function(O){return O()}),E=[]}return b}}var Ew=Nd(),gw=[P0,U0,D0,w0],Tw=Nd({defaultModifiers:gw}),Sw=[P0,U0,D0,w0,JS,qS,QS,XS,jS],$0=Nd({defaultModifiers:Sw});const ZS=Object.freeze(Object.defineProperty({__proto__:null,afterMain:PS,afterRead:kS,afterWrite:WS,applyStyles:w0,arrow:XS,auto:Cd,basePlacements:xa,beforeMain:BS,beforeRead:xS,beforeWrite:MS,bottom:Ar,clippingParents:IS,computeStyles:D0,createPopper:$0,createPopperBase:Ew,createPopperLite:Tw,detectOverflow:ga,end:ha,eventListeners:P0,flip:qS,hide:jS,left:jn,main:DS,modifierPhases:US,offset:JS,placements:N0,popper:Zo,popperGenerator:Nd,popperOffsets:U0,preventOverflow:QS,read:wS,reference:NS,right:vr,start:To,top:qn,variationPlacements:Eh,viewport:I0,write:HS},Symbol.toStringTag,{value:"Module"}));/*!
  * Bootstrap v5.3.7 (https://getbootstrap.com/)
  * Copyright 2011-2025 The Bootstrap Authors (https://github.com/twbs/bootstrap/graphs/contributors)
  * Licensed under MIT (https://github.com/twbs/bootstrap/blob/main/LICENSE)
  */const Es=new Map,bp={set(t,e,n){Es.has(t)||Es.set(t,new Map);const r=Es.get(t);if(!r.has(e)&&r.size!==0){console.error(`Bootstrap doesn't allow more than one instance per element. Bound instance: ${Array.from(r.keys())[0]}.`);return}r.set(e,n)},get(t,e){return Es.has(t)&&Es.get(t).get(e)||null},remove(t,e){if(!Es.has(t))return;const n=Es.get(t);n.delete(e),n.size===0&&Es.delete(t)}},Aw=1e6,vw=1e3,Sh="transitionend",tA=t=>(t&&window.CSS&&window.CSS.escape&&(t=t.replace(/#([^\s"#']+)/g,(e,n)=>`#${CSS.escape(n)}`)),t),Rw=t=>t==null?`${t}`:Object.prototype.toString.call(t).match(/\s([a-z]+)/i)[1].toLowerCase(),Ow=t=>{do t+=Math.floor(Math.random()*Aw);while(document.getElementById(t));return t},Lw=t=>{if(!t)return 0;let{transitionDuration:e,transitionDelay:n}=window.getComputedStyle(t);const r=Number.parseFloat(e),i=Number.parseFloat(n);return!r&&!i?0:(e=e.split(",")[0],n=n.split(",")[0],(Number.parseFloat(e)+Number.parseFloat(n))*vw)},eA=t=>{t.dispatchEvent(new Event(Sh))},Ki=t=>!t||typeof t!="object"?!1:(typeof t.jquery<"u"&&(t=t[0]),typeof t.nodeType<"u"),ys=t=>Ki(t)?t.jquery?t[0]:t:typeof t=="string"&&t.length>0?document.querySelector(tA(t)):null,wa=t=>{if(!Ki(t)||t.getClientRects().length===0)return!1;const e=getComputedStyle(t).getPropertyValue("visibility")==="visible",n=t.closest("details:not([open])");if(!n)return e;if(n!==t){const r=t.closest("summary");if(r&&r.parentNode!==n||r===null)return!1}return e},Cs=t=>!t||t.nodeType!==Node.ELEMENT_NODE||t.classList.contains("disabled")?!0:typeof t.disabled<"u"?t.disabled:t.hasAttribute("disabled")&&t.getAttribute("disabled")!=="false",nA=t=>{if(!document.documentElement.attachShadow)return null;if(typeof t.getRootNode=="function"){const e=t.getRootNode();return e instanceof ShadowRoot?e:null}return t instanceof ShadowRoot?t:t.parentNode?nA(t.parentNode):null},Ju=()=>{},Jl=t=>{t.offsetHeight},rA=()=>window.jQuery&&!document.body.hasAttribute("data-bs-no-jquery")?window.jQuery:null,yp=[],bw=t=>{document.readyState==="loading"?(yp.length||document.addEventListener("DOMContentLoaded",()=>{for(const e of yp)e()}),yp.push(t)):t()},Wr=()=>document.documentElement.dir==="rtl",Vr=t=>{bw(()=>{const e=rA();if(e){const n=t.NAME,r=e.fn[n];e.fn[n]=t.jQueryInterface,e.fn[n].Constructor=t,e.fn[n].noConflict=()=>(e.fn[n]=r,t.jQueryInterface)}})},ir=(t,e=[],n=t)=>typeof t=="function"?t.call(...e):n,iA=(t,e,n=!0)=>{if(!n){ir(t);return}const i=Lw(e)+5;let o=!1;const l=({target:c})=>{c===e&&(o=!0,e.removeEventListener(Sh,l),ir(t))};e.addEventListener(Sh,l),setTimeout(()=>{o||eA(e)},i)},F0=(t,e,n,r)=>{const i=t.length;let o=t.indexOf(e);return o===-1?!n&&r?t[i-1]:t[0]:(o+=n?1:-1,r&&(o=(o+i)%i),t[Math.max(0,Math.min(o,i-1))])},yw=/[^.]*(?=\..*)\.|.*/,Cw=/\..*/,Iw=/::\d+$/,Cp={};let Tg=1;const sA={mouseenter:"mouseover",mouseleave:"mouseout"},Nw=new Set(["click","dblclick","mouseup","mousedown","contextmenu","mousewheel","DOMMouseScroll","mouseover","mouseout","mousemove","selectstart","selectend","keydown","keypress","keyup","orientationchange","touchstart","touchmove","touchend","touchcancel","pointerdown","pointermove","pointerup","pointerleave","pointercancel","gesturestart","gesturechange","gestureend","focus","blur","change","reset","select","submit","focusin","focusout","load","unload","beforeunload","resize","move","DOMContentLoaded","readystatechange","error","abort","scroll"]);function oA(t,e){return e&&`${e}::${Tg++}`||t.uidEvent||Tg++}function aA(t){const e=oA(t);return t.uidEvent=e,Cp[e]=Cp[e]||{},Cp[e]}function xw(t,e){return function n(r){return V0(r,{delegateTarget:t}),n.oneOff&&Lt.off(t,r.type,e),e.apply(t,[r])}}function ww(t,e,n){return function r(i){const o=t.querySelectorAll(e);for(let{target:l}=i;l&&l!==this;l=l.parentNode)for(const c of o)if(c===l)return V0(i,{delegateTarget:l}),r.oneOff&&Lt.off(t,i.type,e,n),n.apply(l,[i])}}function lA(t,e,n=null){return Object.values(t).find(r=>r.callable===e&&r.delegationSelector===n)}function cA(t,e,n){const r=typeof e=="string",i=r?n:e||n;let o=uA(t);return Nw.has(o)||(o=t),[r,i,o]}function Sg(t,e,n,r,i){if(typeof e!="string"||!t)return;let[o,l,c]=cA(e,n,r);e in sA&&(l=(k=>function(S){if(!S.relatedTarget||S.relatedTarget!==S.delegateTarget&&!S.delegateTarget.contains(S.relatedTarget))return k.call(this,S)})(l));const u=aA(t),_=u[c]||(u[c]={}),f=lA(_,l,o?n:null);if(f){f.oneOff=f.oneOff&&i;return}const E=oA(l,e.replace(yw,"")),A=o?ww(t,n,l):xw(t,l);A.delegationSelector=o?n:null,A.callable=l,A.oneOff=i,A.uidEvent=E,_[E]=A,t.addEventListener(c,A,o)}function Ah(t,e,n,r,i){const o=lA(e[n],r,i);o&&(t.removeEventListener(n,o,!!i),delete e[n][o.uidEvent])}function kw(t,e,n,r){const i=e[n]||{};for(const[o,l]of Object.entries(i))o.includes(r)&&Ah(t,e,n,l.callable,l.delegationSelector)}function uA(t){return t=t.replace(Cw,""),sA[t]||t}const Lt={on(t,e,n,r){Sg(t,e,n,r,!1)},one(t,e,n,r){Sg(t,e,n,r,!0)},off(t,e,n,r){if(typeof e!="string"||!t)return;const[i,o,l]=cA(e,n,r),c=l!==e,u=aA(t),_=u[l]||{},f=e.startsWith(".");if(typeof o<"u"){if(!Object.keys(_).length)return;Ah(t,u,l,o,i?n:null);return}if(f)for(const E of Object.keys(u))kw(t,u,E,e.slice(1));for(const[E,A]of Object.entries(_)){const b=E.replace(Iw,"");(!c||e.includes(b))&&Ah(t,u,l,A.callable,A.delegationSelector)}},trigger(t,e,n){if(typeof e!="string"||!t)return null;const r=rA(),i=uA(e),o=e!==i;let l=null,c=!0,u=!0,_=!1;o&&r&&(l=r.Event(e,n),r(t).trigger(l),c=!l.isPropagationStopped(),u=!l.isImmediatePropagationStopped(),_=l.isDefaultPrevented());const f=V0(new Event(e,{bubbles:c,cancelable:!0}),n);return _&&f.preventDefault(),u&&t.dispatchEvent(f),f.defaultPrevented&&l&&l.preventDefault(),f}};function V0(t,e={}){for(const[n,r]of Object.entries(e))try{t[n]=r}catch{Object.defineProperty(t,n,{configurable:!0,get(){return r}})}return t}function Ag(t){if(t==="true")return!0;if(t==="false")return!1;if(t===Number(t).toString())return Number(t);if(t===""||t==="null")return null;if(typeof t!="string")return t;try{return JSON.parse(decodeURIComponent(t))}catch{return t}}function Ip(t){return t.replace(/[A-Z]/g,e=>`-${e.toLowerCase()}`)}const Yi={setDataAttribute(t,e,n){t.setAttribute(`data-bs-${Ip(e)}`,n)},removeDataAttribute(t,e){t.removeAttribute(`data-bs-${Ip(e)}`)},getDataAttributes(t){if(!t)return{};const e={},n=Object.keys(t.dataset).filter(r=>r.startsWith("bs")&&!r.startsWith("bsConfig"));for(const r of n){let i=r.replace(/^bs/,"");i=i.charAt(0).toLowerCase()+i.slice(1),e[i]=Ag(t.dataset[r])}return e},getDataAttribute(t,e){return Ag(t.getAttribute(`data-bs-${Ip(e)}`))}};class Ql{static get Default(){return{}}static get DefaultType(){return{}}static get NAME(){throw new Error('You have to implement the static method "NAME", for each component!')}_getConfig(e){return e=this._mergeConfigObj(e),e=this._configAfterMerge(e),this._typeCheckConfig(e),e}_configAfterMerge(e){return e}_mergeConfigObj(e,n){const r=Ki(n)?Yi.getDataAttribute(n,"config"):{};return{...this.constructor.Default,...typeof r=="object"?r:{},...Ki(n)?Yi.getDataAttributes(n):{},...typeof e=="object"?e:{}}}_typeCheckConfig(e,n=this.constructor.DefaultType){for(const[r,i]of Object.entries(n)){const o=e[r],l=Ki(o)?"element":Rw(o);if(!new RegExp(i).test(l))throw new TypeError(`${this.constructor.NAME.toUpperCase()}: Option "${r}" provided type "${l}" but expected type "${i}".`)}}}const Bw="5.3.7";class ri extends Ql{constructor(e,n){super(),e=ys(e),e&&(this._element=e,this._config=this._getConfig(n),bp.set(this._element,this.constructor.DATA_KEY,this))}dispose(){bp.remove(this._element,this.constructor.DATA_KEY),Lt.off(this._element,this.constructor.EVENT_KEY);for(const e of Object.getOwnPropertyNames(this))this[e]=null}_queueCallback(e,n,r=!0){iA(e,n,r)}_getConfig(e){return e=this._mergeConfigObj(e,this._element),e=this._configAfterMerge(e),this._typeCheckConfig(e),e}static getInstance(e){return bp.get(ys(e),this.DATA_KEY)}static getOrCreateInstance(e,n={}){return this.getInstance(e)||new this(e,typeof n=="object"?n:null)}static get VERSION(){return Bw}static get DATA_KEY(){return`bs.${this.NAME}`}static get EVENT_KEY(){return`.${this.DATA_KEY}`}static eventName(e){return`${e}${this.EVENT_KEY}`}}const Np=t=>{let e=t.getAttribute("data-bs-target");if(!e||e==="#"){let n=t.getAttribute("href");if(!n||!n.includes("#")&&!n.startsWith("."))return null;n.includes("#")&&!n.startsWith("#")&&(n=`#${n.split("#")[1]}`),e=n&&n!=="#"?n.trim():null}return e?e.split(",").map(n=>tA(n)).join(","):null},ee={find(t,e=document.documentElement){return[].concat(...Element.prototype.querySelectorAll.call(e,t))},findOne(t,e=document.documentElement){return Element.prototype.querySelector.call(e,t)},children(t,e){return[].concat(...t.children).filter(n=>n.matches(e))},parents(t,e){const n=[];let r=t.parentNode.closest(e);for(;r;)n.push(r),r=r.parentNode.closest(e);return n},prev(t,e){let n=t.previousElementSibling;for(;n;){if(n.matches(e))return[n];n=n.previousElementSibling}return[]},next(t,e){let n=t.nextElementSibling;for(;n;){if(n.matches(e))return[n];n=n.nextElementSibling}return[]},focusableChildren(t){const e=["a","button","input","textarea","select","details","[tabindex]",'[contenteditable="true"]'].map(n=>`${n}:not([tabindex^="-"])`).join(",");return this.find(e,t).filter(n=>!Cs(n)&&wa(n))},getSelectorFromElement(t){const e=Np(t);return e&&ee.findOne(e)?e:null},getElementFromSelector(t){const e=Np(t);return e?ee.findOne(e):null},getMultipleElementsFromSelector(t){const e=Np(t);return e?ee.find(e):[]}},xd=(t,e="hide")=>{const n=`click.dismiss${t.EVENT_KEY}`,r=t.NAME;Lt.on(document,n,`[data-bs-dismiss="${r}"]`,function(i){if(["A","AREA"].includes(this.tagName)&&i.preventDefault(),Cs(this))return;const o=ee.getElementFromSelector(this)||this.closest(`.${r}`);t.getOrCreateInstance(o)[e]()})},Dw="alert",Pw="bs.alert",dA=`.${Pw}`,Mw=`close${dA}`,Hw=`closed${dA}`,Ww="fade",Uw="show";class wd extends ri{static get NAME(){return Dw}close(){if(Lt.trigger(this._element,Mw).defaultPrevented)return;this._element.classList.remove(Uw);const n=this._element.classList.contains(Ww);this._queueCallback(()=>this._destroyElement(),this._element,n)}_destroyElement(){this._element.remove(),Lt.trigger(this._element,Hw),this.dispose()}static jQueryInterface(e){return this.each(function(){const n=wd.getOrCreateInstance(this);if(typeof e=="string"){if(n[e]===void 0||e.startsWith("_")||e==="constructor")throw new TypeError(`No method named "${e}"`);n[e](this)}})}}xd(wd,"close");Vr(wd);const $w="button",Fw="bs.button",Vw=`.${Fw}`,zw=".data-api",Gw="active",vg='[data-bs-toggle="button"]',Xw=`click${Vw}${zw}`;class kd extends ri{static get NAME(){return $w}toggle(){this._element.setAttribute("aria-pressed",this._element.classList.toggle(Gw))}static jQueryInterface(e){return this.each(function(){const n=kd.getOrCreateInstance(this);e==="toggle"&&n[e]()})}}Lt.on(document,Xw,vg,t=>{t.preventDefault();const e=t.target.closest(vg);kd.getOrCreateInstance(e).toggle()});Vr(kd);const Kw="swipe",ka=".bs.swipe",Yw=`touchstart${ka}`,qw=`touchmove${ka}`,jw=`touchend${ka}`,Jw=`pointerdown${ka}`,Qw=`pointerup${ka}`,Zw="touch",tk="pen",ek="pointer-event",nk=40,rk={endCallback:null,leftCallback:null,rightCallback:null},ik={endCallback:"(function|null)",leftCallback:"(function|null)",rightCallback:"(function|null)"};class Qu extends Ql{constructor(e,n){super(),this._element=e,!(!e||!Qu.isSupported())&&(this._config=this._getConfig(n),this._deltaX=0,this._supportPointerEvents=!!window.PointerEvent,this._initEvents())}static get Default(){return rk}static get DefaultType(){return ik}static get NAME(){return Kw}dispose(){Lt.off(this._element,ka)}_start(e){if(!this._supportPointerEvents){this._deltaX=e.touches[0].clientX;return}this._eventIsPointerPenTouch(e)&&(this._deltaX=e.clientX)}_end(e){this._eventIsPointerPenTouch(e)&&(this._deltaX=e.clientX-this._deltaX),this._handleSwipe(),ir(this._config.endCallback)}_move(e){this._deltaX=e.touches&&e.touches.length>1?0:e.touches[0].clientX-this._deltaX}_handleSwipe(){const e=Math.abs(this._deltaX);if(e<=nk)return;const n=e/this._deltaX;this._deltaX=0,n&&ir(n>0?this._config.rightCallback:this._config.leftCallback)}_initEvents(){this._supportPointerEvents?(Lt.on(this._element,Jw,e=>this._start(e)),Lt.on(this._element,Qw,e=>this._end(e)),this._element.classList.add(ek)):(Lt.on(this._element,Yw,e=>this._start(e)),Lt.on(this._element,qw,e=>this._move(e)),Lt.on(this._element,jw,e=>this._end(e)))}_eventIsPointerPenTouch(e){return this._supportPointerEvents&&(e.pointerType===tk||e.pointerType===Zw)}static isSupported(){return"ontouchstart"in document.documentElement||navigator.maxTouchPoints>0}}const sk="carousel",ok="bs.carousel",Ps=`.${ok}`,fA=".data-api",ak="ArrowLeft",lk="ArrowRight",ck=500,ol="next",qo="prev",ta="left",xu="right",uk=`slide${Ps}`,xp=`slid${Ps}`,dk=`keydown${Ps}`,fk=`mouseenter${Ps}`,pk=`mouseleave${Ps}`,hk=`dragstart${Ps}`,_k=`load${Ps}${fA}`,mk=`click${Ps}${fA}`,pA="carousel",su="active",Ek="slide",gk="carousel-item-end",Tk="carousel-item-start",Sk="carousel-item-next",Ak="carousel-item-prev",hA=".active",_A=".carousel-item",vk=hA+_A,Rk=".carousel-item img",Ok=".carousel-indicators",Lk="[data-bs-slide], [data-bs-slide-to]",bk='[data-bs-ride="carousel"]',yk={[ak]:xu,[lk]:ta},Ck={interval:5e3,keyboard:!0,pause:"hover",ride:!1,touch:!0,wrap:!0},Ik={interval:"(number|boolean)",keyboard:"boolean",pause:"(string|boolean)",ride:"(boolean|string)",touch:"boolean",wrap:"boolean"};class Zl extends ri{constructor(e,n){super(e,n),this._interval=null,this._activeElement=null,this._isSliding=!1,this.touchTimeout=null,this._swipeHelper=null,this._indicatorsElement=ee.findOne(Ok,this._element),this._addEventListeners(),this._config.ride===pA&&this.cycle()}static get Default(){return Ck}static get DefaultType(){return Ik}static get NAME(){return sk}next(){this._slide(ol)}nextWhenVisible(){!document.hidden&&wa(this._element)&&this.next()}prev(){this._slide(qo)}pause(){this._isSliding&&eA(this._element),this._clearInterval()}cycle(){this._clearInterval(),this._updateInterval(),this._interval=setInterval(()=>this.nextWhenVisible(),this._config.interval)}_maybeEnableCycle(){if(this._config.ride){if(this._isSliding){Lt.one(this._element,xp,()=>this.cycle());return}this.cycle()}}to(e){const n=this._getItems();if(e>n.length-1||e<0)return;if(this._isSliding){Lt.one(this._element,xp,()=>this.to(e));return}const r=this._getItemIndex(this._getActive());if(r===e)return;const i=e>r?ol:qo;this._slide(i,n[e])}dispose(){this._swipeHelper&&this._swipeHelper.dispose(),super.dispose()}_configAfterMerge(e){return e.defaultInterval=e.interval,e}_addEventListeners(){this._config.keyboard&&Lt.on(this._element,dk,e=>this._keydown(e)),this._config.pause==="hover"&&(Lt.on(this._element,fk,()=>this.pause()),Lt.on(this._element,pk,()=>this._maybeEnableCycle())),this._config.touch&&Qu.isSupported()&&this._addTouchEventListeners()}_addTouchEventListeners(){for(const r of ee.find(Rk,this._element))Lt.on(r,hk,i=>i.preventDefault());const n={leftCallback:()=>this._slide(this._directionToOrder(ta)),rightCallback:()=>this._slide(this._directionToOrder(xu)),endCallback:()=>{this._config.pause==="hover"&&(this.pause(),this.touchTimeout&&clearTimeout(this.touchTimeout),this.touchTimeout=setTimeout(()=>this._maybeEnableCycle(),ck+this._config.interval))}};this._swipeHelper=new Qu(this._element,n)}_keydown(e){if(/input|textarea/i.test(e.target.tagName))return;const n=yk[e.key];n&&(e.preventDefault(),this._slide(this._directionToOrder(n)))}_getItemIndex(e){return this._getItems().indexOf(e)}_setActiveIndicatorElement(e){if(!this._indicatorsElement)return;const n=ee.findOne(hA,this._indicatorsElement);n.classList.remove(su),n.removeAttribute("aria-current");const r=ee.findOne(`[data-bs-slide-to="${e}"]`,this._indicatorsElement);r&&(r.classList.add(su),r.setAttribute("aria-current","true"))}_updateInterval(){const e=this._activeElement||this._getActive();if(!e)return;const n=Number.parseInt(e.getAttribute("data-bs-interval"),10);this._config.interval=n||this._config.defaultInterval}_slide(e,n=null){if(this._isSliding)return;const r=this._getActive(),i=e===ol,o=n||F0(this._getItems(),r,i,this._config.wrap);if(o===r)return;const l=this._getItemIndex(o),c=b=>Lt.trigger(this._element,b,{relatedTarget:o,direction:this._orderToDirection(e),from:this._getItemIndex(r),to:l});if(c(uk).defaultPrevented||!r||!o)return;const _=!!this._interval;this.pause(),this._isSliding=!0,this._setActiveIndicatorElement(l),this._activeElement=o;const f=i?Tk:gk,E=i?Sk:Ak;o.classList.add(E),Jl(o),r.classList.add(f),o.classList.add(f);const A=()=>{o.classList.remove(f,E),o.classList.add(su),r.classList.remove(su,E,f),this._isSliding=!1,c(xp)};this._queueCallback(A,r,this._isAnimated()),_&&this.cycle()}_isAnimated(){return this._element.classList.contains(Ek)}_getActive(){return ee.findOne(vk,this._element)}_getItems(){return ee.find(_A,this._element)}_clearInterval(){this._interval&&(clearInterval(this._interval),this._interval=null)}_directionToOrder(e){return Wr()?e===ta?qo:ol:e===ta?ol:qo}_orderToDirection(e){return Wr()?e===qo?ta:xu:e===qo?xu:ta}static jQueryInterface(e){return this.each(function(){const n=Zl.getOrCreateInstance(this,e);if(typeof e=="number"){n.to(e);return}if(typeof e=="string"){if(n[e]===void 0||e.startsWith("_")||e==="constructor")throw new TypeError(`No method named "${e}"`);n[e]()}})}}Lt.on(document,mk,Lk,function(t){const e=ee.getElementFromSelector(this);if(!e||!e.classList.contains(pA))return;t.preventDefault();const n=Zl.getOrCreateInstance(e),r=this.getAttribute("data-bs-slide-to");if(r){n.to(r),n._maybeEnableCycle();return}if(Yi.getDataAttribute(this,"slide")==="next"){n.next(),n._maybeEnableCycle();return}n.prev(),n._maybeEnableCycle()});Lt.on(window,_k,()=>{const t=ee.find(bk);for(const e of t)Zl.getOrCreateInstance(e)});Vr(Zl);const Nk="collapse",xk="bs.collapse",tc=`.${xk}`,wk=".data-api",kk=`show${tc}`,Bk=`shown${tc}`,Dk=`hide${tc}`,Pk=`hidden${tc}`,Mk=`click${tc}${wk}`,wp="show",na="collapse",ou="collapsing",Hk="collapsed",Wk=`:scope .${na} .${na}`,Uk="collapse-horizontal",$k="width",Fk="height",Vk=".collapse.show, .collapse.collapsing",vh='[data-bs-toggle="collapse"]',zk={parent:null,toggle:!0},Gk={parent:"(null|element)",toggle:"boolean"};class Ml extends ri{constructor(e,n){super(e,n),this._isTransitioning=!1,this._triggerArray=[];const r=ee.find(vh);for(const i of r){const o=ee.getSelectorFromElement(i),l=ee.find(o).filter(c=>c===this._element);o!==null&&l.length&&this._triggerArray.push(i)}this._initializeChildren(),this._config.parent||this._addAriaAndCollapsedClass(this._triggerArray,this._isShown()),this._config.toggle&&this.toggle()}static get Default(){return zk}static get DefaultType(){return Gk}static get NAME(){return Nk}toggle(){this._isShown()?this.hide():this.show()}show(){if(this._isTransitioning||this._isShown())return;let e=[];if(this._config.parent&&(e=this._getFirstLevelChildren(Vk).filter(c=>c!==this._element).map(c=>Ml.getOrCreateInstance(c,{toggle:!1}))),e.length&&e[0]._isTransitioning||Lt.trigger(this._element,kk).defaultPrevented)return;for(const c of e)c.hide();const r=this._getDimension();this._element.classList.remove(na),this._element.classList.add(ou),this._element.style[r]=0,this._addAriaAndCollapsedClass(this._triggerArray,!0),this._isTransitioning=!0;const i=()=>{this._isTransitioning=!1,this._element.classList.remove(ou),this._element.classList.add(na,wp),this._element.style[r]="",Lt.trigger(this._element,Bk)},l=`scroll${r[0].toUpperCase()+r.slice(1)}`;this._queueCallback(i,this._element,!0),this._element.style[r]=`${this._element[l]}px`}hide(){if(this._isTransitioning||!this._isShown()||Lt.trigger(this._element,Dk).defaultPrevented)return;const n=this._getDimension();this._element.style[n]=`${this._element.getBoundingClientRect()[n]}px`,Jl(this._element),this._element.classList.add(ou),this._element.classList.remove(na,wp);for(const i of this._triggerArray){const o=ee.getElementFromSelector(i);o&&!this._isShown(o)&&this._addAriaAndCollapsedClass([i],!1)}this._isTransitioning=!0;const r=()=>{this._isTransitioning=!1,this._element.classList.remove(ou),this._element.classList.add(na),Lt.trigger(this._element,Pk)};this._element.style[n]="",this._queueCallback(r,this._element,!0)}_isShown(e=this._element){return e.classList.contains(wp)}_configAfterMerge(e){return e.toggle=!!e.toggle,e.parent=ys(e.parent),e}_getDimension(){return this._element.classList.contains(Uk)?$k:Fk}_initializeChildren(){if(!this._config.parent)return;const e=this._getFirstLevelChildren(vh);for(const n of e){const r=ee.getElementFromSelector(n);r&&this._addAriaAndCollapsedClass([n],this._isShown(r))}}_getFirstLevelChildren(e){const n=ee.find(Wk,this._config.parent);return ee.find(e,this._config.parent).filter(r=>!n.includes(r))}_addAriaAndCollapsedClass(e,n){if(e.length)for(const r of e)r.classList.toggle(Hk,!n),r.setAttribute("aria-expanded",n)}static jQueryInterface(e){const n={};return typeof e=="string"&&/show|hide/.test(e)&&(n.toggle=!1),this.each(function(){const r=Ml.getOrCreateInstance(this,n);if(typeof e=="string"){if(typeof r[e]>"u")throw new TypeError(`No method named "${e}"`);r[e]()}})}}Lt.on(document,Mk,vh,function(t){(t.target.tagName==="A"||t.delegateTarget&&t.delegateTarget.tagName==="A")&&t.preventDefault();for(const e of ee.getMultipleElementsFromSelector(this))Ml.getOrCreateInstance(e,{toggle:!1}).toggle()});Vr(Ml);const Rg="dropdown",Xk="bs.dropdown",yo=`.${Xk}`,z0=".data-api",Kk="Escape",Og="Tab",Yk="ArrowUp",Lg="ArrowDown",qk=2,jk=`hide${yo}`,Jk=`hidden${yo}`,Qk=`show${yo}`,Zk=`shown${yo}`,mA=`click${yo}${z0}`,EA=`keydown${yo}${z0}`,tB=`keyup${yo}${z0}`,ea="show",eB="dropup",nB="dropend",rB="dropstart",iB="dropup-center",sB="dropdown-center",co='[data-bs-toggle="dropdown"]:not(.disabled):not(:disabled)',oB=`${co}.${ea}`,wu=".dropdown-menu",aB=".navbar",lB=".navbar-nav",cB=".dropdown-menu .dropdown-item:not(.disabled):not(:disabled)",uB=Wr()?"top-end":"top-start",dB=Wr()?"top-start":"top-end",fB=Wr()?"bottom-end":"bottom-start",pB=Wr()?"bottom-start":"bottom-end",hB=Wr()?"left-start":"right-start",_B=Wr()?"right-start":"left-start",mB="top",EB="bottom",gB={autoClose:!0,boundary:"clippingParents",display:"dynamic",offset:[0,2],popperConfig:null,reference:"toggle"},TB={autoClose:"(boolean|string)",boundary:"(string|element)",display:"string",offset:"(array|string|function)",popperConfig:"(null|object|function)",reference:"(string|element|object)"};class vi extends ri{constructor(e,n){super(e,n),this._popper=null,this._parent=this._element.parentNode,this._menu=ee.next(this._element,wu)[0]||ee.prev(this._element,wu)[0]||ee.findOne(wu,this._parent),this._inNavbar=this._detectNavbar()}static get Default(){return gB}static get DefaultType(){return TB}static get NAME(){return Rg}toggle(){return this._isShown()?this.hide():this.show()}show(){if(Cs(this._element)||this._isShown())return;const e={relatedTarget:this._element};if(!Lt.trigger(this._element,Qk,e).defaultPrevented){if(this._createPopper(),"ontouchstart"in document.documentElement&&!this._parent.closest(lB))for(const r of[].concat(...document.body.children))Lt.on(r,"mouseover",Ju);this._element.focus(),this._element.setAttribute("aria-expanded",!0),this._menu.classList.add(ea),this._element.classList.add(ea),Lt.trigger(this._element,Zk,e)}}hide(){if(Cs(this._element)||!this._isShown())return;const e={relatedTarget:this._element};this._completeHide(e)}dispose(){this._popper&&this._popper.destroy(),super.dispose()}update(){this._inNavbar=this._detectNavbar(),this._popper&&this._popper.update()}_completeHide(e){if(!Lt.trigger(this._element,jk,e).defaultPrevented){if("ontouchstart"in document.documentElement)for(const r of[].concat(...document.body.children))Lt.off(r,"mouseover",Ju);this._popper&&this._popper.destroy(),this._menu.classList.remove(ea),this._element.classList.remove(ea),this._element.setAttribute("aria-expanded","false"),Yi.removeDataAttribute(this._menu,"popper"),Lt.trigger(this._element,Jk,e),this._element.focus()}}_getConfig(e){if(e=super._getConfig(e),typeof e.reference=="object"&&!Ki(e.reference)&&typeof e.reference.getBoundingClientRect!="function")throw new TypeError(`${Rg.toUpperCase()}: Option "reference" provided type "object" without a required "getBoundingClientRect" method.`);return e}_createPopper(){if(typeof ZS>"u")throw new TypeError("Bootstrap's dropdowns require Popper (https://popper.js.org/docs/v2/)");let e=this._element;this._config.reference==="parent"?e=this._parent:Ki(this._config.reference)?e=ys(this._config.reference):typeof this._config.reference=="object"&&(e=this._config.reference);const n=this._getPopperConfig();this._popper=$0(e,this._menu,n)}_isShown(){return this._menu.classList.contains(ea)}_getPlacement(){const e=this._parent;if(e.classList.contains(nB))return hB;if(e.classList.contains(rB))return _B;if(e.classList.contains(iB))return mB;if(e.classList.contains(sB))return EB;const n=getComputedStyle(this._menu).getPropertyValue("--bs-position").trim()==="end";return e.classList.contains(eB)?n?dB:uB:n?pB:fB}_detectNavbar(){return this._element.closest(aB)!==null}_getOffset(){const{offset:e}=this._config;return typeof e=="string"?e.split(",").map(n=>Number.parseInt(n,10)):typeof e=="function"?n=>e(n,this._element):e}_getPopperConfig(){const e={placement:this._getPlacement(),modifiers:[{name:"preventOverflow",options:{boundary:this._config.boundary}},{name:"offset",options:{offset:this._getOffset()}}]};return(this._inNavbar||this._config.display==="static")&&(Yi.setDataAttribute(this._menu,"popper","static"),e.modifiers=[{name:"applyStyles",enabled:!1}]),{...e,...ir(this._config.popperConfig,[void 0,e])}}_selectMenuItem({key:e,target:n}){const r=ee.find(cB,this._menu).filter(i=>wa(i));r.length&&F0(r,n,e===Lg,!r.includes(n)).focus()}static jQueryInterface(e){return this.each(function(){const n=vi.getOrCreateInstance(this,e);if(typeof e=="string"){if(typeof n[e]>"u")throw new TypeError(`No method named "${e}"`);n[e]()}})}static clearMenus(e){if(e.button===qk||e.type==="keyup"&&e.key!==Og)return;const n=ee.find(oB);for(const r of n){const i=vi.getInstance(r);if(!i||i._config.autoClose===!1)continue;const o=e.composedPath(),l=o.includes(i._menu);if(o.includes(i._element)||i._config.autoClose==="inside"&&!l||i._config.autoClose==="outside"&&l||i._menu.contains(e.target)&&(e.type==="keyup"&&e.key===Og||/input|select|option|textarea|form/i.test(e.target.tagName)))continue;const c={relatedTarget:i._element};e.type==="click"&&(c.clickEvent=e),i._completeHide(c)}}static dataApiKeydownHandler(e){const n=/input|textarea/i.test(e.target.tagName),r=e.key===Kk,i=[Yk,Lg].includes(e.key);if(!i&&!r||n&&!r)return;e.preventDefault();const o=this.matches(co)?this:ee.prev(this,co)[0]||ee.next(this,co)[0]||ee.findOne(co,e.delegateTarget.parentNode),l=vi.getOrCreateInstance(o);if(i){e.stopPropagation(),l.show(),l._selectMenuItem(e);return}l._isShown()&&(e.stopPropagation(),l.hide(),o.focus())}}Lt.on(document,EA,co,vi.dataApiKeydownHandler);Lt.on(document,EA,wu,vi.dataApiKeydownHandler);Lt.on(document,mA,vi.clearMenus);Lt.on(document,tB,vi.clearMenus);Lt.on(document,mA,co,function(t){t.preventDefault(),vi.getOrCreateInstance(this).toggle()});Vr(vi);const gA="backdrop",SB="fade",bg="show",yg=`mousedown.bs.${gA}`,AB={className:"modal-backdrop",clickCallback:null,isAnimated:!1,isVisible:!0,rootElement:"body"},vB={className:"string",clickCallback:"(function|null)",isAnimated:"boolean",isVisible:"boolean",rootElement:"(element|string)"};class TA extends Ql{constructor(e){super(),this._config=this._getConfig(e),this._isAppended=!1,this._element=null}static get Default(){return AB}static get DefaultType(){return vB}static get NAME(){return gA}show(e){if(!this._config.isVisible){ir(e);return}this._append();const n=this._getElement();this._config.isAnimated&&Jl(n),n.classList.add(bg),this._emulateAnimation(()=>{ir(e)})}hide(e){if(!this._config.isVisible){ir(e);return}this._getElement().classList.remove(bg),this._emulateAnimation(()=>{this.dispose(),ir(e)})}dispose(){this._isAppended&&(Lt.off(this._element,yg),this._element.remove(),this._isAppended=!1)}_getElement(){if(!this._element){const e=document.createElement("div");e.className=this._config.className,this._config.isAnimated&&e.classList.add(SB),this._element=e}return this._element}_configAfterMerge(e){return e.rootElement=ys(e.rootElement),e}_append(){if(this._isAppended)return;const e=this._getElement();this._config.rootElement.append(e),Lt.on(e,yg,()=>{ir(this._config.clickCallback)}),this._isAppended=!0}_emulateAnimation(e){iA(e,this._getElement(),this._config.isAnimated)}}const RB="focustrap",OB="bs.focustrap",Zu=`.${OB}`,LB=`focusin${Zu}`,bB=`keydown.tab${Zu}`,yB="Tab",CB="forward",Cg="backward",IB={autofocus:!0,trapElement:null},NB={autofocus:"boolean",trapElement:"element"};class SA extends Ql{constructor(e){super(),this._config=this._getConfig(e),this._isActive=!1,this._lastTabNavDirection=null}static get Default(){return IB}static get DefaultType(){return NB}static get NAME(){return RB}activate(){this._isActive||(this._config.autofocus&&this._config.trapElement.focus(),Lt.off(document,Zu),Lt.on(document,LB,e=>this._handleFocusin(e)),Lt.on(document,bB,e=>this._handleKeydown(e)),this._isActive=!0)}deactivate(){this._isActive&&(this._isActive=!1,Lt.off(document,Zu))}_handleFocusin(e){const{trapElement:n}=this._config;if(e.target===document||e.target===n||n.contains(e.target))return;const r=ee.focusableChildren(n);r.length===0?n.focus():this._lastTabNavDirection===Cg?r[r.length-1].focus():r[0].focus()}_handleKeydown(e){e.key===yB&&(this._lastTabNavDirection=e.shiftKey?Cg:CB)}}const Ig=".fixed-top, .fixed-bottom, .is-fixed, .sticky-top",Ng=".sticky-top",au="padding-right",xg="margin-right";class Rh{constructor(){this._element=document.body}getWidth(){const e=document.documentElement.clientWidth;return Math.abs(window.innerWidth-e)}hide(){const e=this.getWidth();this._disableOverFlow(),this._setElementAttributes(this._element,au,n=>n+e),this._setElementAttributes(Ig,au,n=>n+e),this._setElementAttributes(Ng,xg,n=>n-e)}reset(){this._resetElementAttributes(this._element,"overflow"),this._resetElementAttributes(this._element,au),this._resetElementAttributes(Ig,au),this._resetElementAttributes(Ng,xg)}isOverflowing(){return this.getWidth()>0}_disableOverFlow(){this._saveInitialAttribute(this._element,"overflow"),this._element.style.overflow="hidden"}_setElementAttributes(e,n,r){const i=this.getWidth(),o=l=>{if(l!==this._element&&window.innerWidth>l.clientWidth+i)return;this._saveInitialAttribute(l,n);const c=window.getComputedStyle(l).getPropertyValue(n);l.style.setProperty(n,`${r(Number.parseFloat(c))}px`)};this._applyManipulationCallback(e,o)}_saveInitialAttribute(e,n){const r=e.style.getPropertyValue(n);r&&Yi.setDataAttribute(e,n,r)}_resetElementAttributes(e,n){const r=i=>{const o=Yi.getDataAttribute(i,n);if(o===null){i.style.removeProperty(n);return}Yi.removeDataAttribute(i,n),i.style.setProperty(n,o)};this._applyManipulationCallback(e,r)}_applyManipulationCallback(e,n){if(Ki(e)){n(e);return}for(const r of ee.find(e,this._element))n(r)}}const xB="modal",wB="bs.modal",Ur=`.${wB}`,kB=".data-api",BB="Escape",DB=`hide${Ur}`,PB=`hidePrevented${Ur}`,AA=`hidden${Ur}`,vA=`show${Ur}`,MB=`shown${Ur}`,HB=`resize${Ur}`,WB=`click.dismiss${Ur}`,UB=`mousedown.dismiss${Ur}`,$B=`keydown.dismiss${Ur}`,FB=`click${Ur}${kB}`,wg="modal-open",VB="fade",kg="show",kp="modal-static",zB=".modal.show",GB=".modal-dialog",XB=".modal-body",KB='[data-bs-toggle="modal"]',YB={backdrop:!0,focus:!0,keyboard:!0},qB={backdrop:"(boolean|string)",focus:"boolean",keyboard:"boolean"};class Ta extends ri{constructor(e,n){super(e,n),this._dialog=ee.findOne(GB,this._element),this._backdrop=this._initializeBackDrop(),this._focustrap=this._initializeFocusTrap(),this._isShown=!1,this._isTransitioning=!1,this._scrollBar=new Rh,this._addEventListeners()}static get Default(){return YB}static get DefaultType(){return qB}static get NAME(){return xB}toggle(e){return this._isShown?this.hide():this.show(e)}show(e){this._isShown||this._isTransitioning||Lt.trigger(this._element,vA,{relatedTarget:e}).defaultPrevented||(this._isShown=!0,this._isTransitioning=!0,this._scrollBar.hide(),document.body.classList.add(wg),this._adjustDialog(),this._backdrop.show(()=>this._showElement(e)))}hide(){!this._isShown||this._isTransitioning||Lt.trigger(this._element,DB).defaultPrevented||(this._isShown=!1,this._isTransitioning=!0,this._focustrap.deactivate(),this._element.classList.remove(kg),this._queueCallback(()=>this._hideModal(),this._element,this._isAnimated()))}dispose(){Lt.off(window,Ur),Lt.off(this._dialog,Ur),this._backdrop.dispose(),this._focustrap.deactivate(),super.dispose()}handleUpdate(){this._adjustDialog()}_initializeBackDrop(){return new TA({isVisible:!!this._config.backdrop,isAnimated:this._isAnimated()})}_initializeFocusTrap(){return new SA({trapElement:this._element})}_showElement(e){document.body.contains(this._element)||document.body.append(this._element),this._element.style.display="block",this._element.removeAttribute("aria-hidden"),this._element.setAttribute("aria-modal",!0),this._element.setAttribute("role","dialog"),this._element.scrollTop=0;const n=ee.findOne(XB,this._dialog);n&&(n.scrollTop=0),Jl(this._element),this._element.classList.add(kg);const r=()=>{this._config.focus&&this._focustrap.activate(),this._isTransitioning=!1,Lt.trigger(this._element,MB,{relatedTarget:e})};this._queueCallback(r,this._dialog,this._isAnimated())}_addEventListeners(){Lt.on(this._element,$B,e=>{if(e.key===BB){if(this._config.keyboard){this.hide();return}this._triggerBackdropTransition()}}),Lt.on(window,HB,()=>{this._isShown&&!this._isTransitioning&&this._adjustDialog()}),Lt.on(this._element,UB,e=>{Lt.one(this._element,WB,n=>{if(!(this._element!==e.target||this._element!==n.target)){if(this._config.backdrop==="static"){this._triggerBackdropTransition();return}this._config.backdrop&&this.hide()}})})}_hideModal(){this._element.style.display="none",this._element.setAttribute("aria-hidden",!0),this._element.removeAttribute("aria-modal"),this._element.removeAttribute("role"),this._isTransitioning=!1,this._backdrop.hide(()=>{document.body.classList.remove(wg),this._resetAdjustments(),this._scrollBar.reset(),Lt.trigger(this._element,AA)})}_isAnimated(){return this._element.classList.contains(VB)}_triggerBackdropTransition(){if(Lt.trigger(this._element,PB).defaultPrevented)return;const n=this._element.scrollHeight>document.documentElement.clientHeight,r=this._element.style.overflowY;r==="hidden"||this._element.classList.contains(kp)||(n||(this._element.style.overflowY="hidden"),this._element.classList.add(kp),this._queueCallback(()=>{this._element.classList.remove(kp),this._queueCallback(()=>{this._element.style.overflowY=r},this._dialog)},this._dialog),this._element.focus())}_adjustDialog(){const e=this._element.scrollHeight>document.documentElement.clientHeight,n=this._scrollBar.getWidth(),r=n>0;if(r&&!e){const i=Wr()?"paddingLeft":"paddingRight";this._element.style[i]=`${n}px`}if(!r&&e){const i=Wr()?"paddingRight":"paddingLeft";this._element.style[i]=`${n}px`}}_resetAdjustments(){this._element.style.paddingLeft="",this._element.style.paddingRight=""}static jQueryInterface(e,n){return this.each(function(){const r=Ta.getOrCreateInstance(this,e);if(typeof e=="string"){if(typeof r[e]>"u")throw new TypeError(`No method named "${e}"`);r[e](n)}})}}Lt.on(document,FB,KB,function(t){const e=ee.getElementFromSelector(this);["A","AREA"].includes(this.tagName)&&t.preventDefault(),Lt.one(e,vA,i=>{i.defaultPrevented||Lt.one(e,AA,()=>{wa(this)&&this.focus()})});const n=ee.findOne(zB);n&&Ta.getInstance(n).hide(),Ta.getOrCreateInstance(e).toggle(this)});xd(Ta);Vr(Ta);const jB="offcanvas",JB="bs.offcanvas",is=`.${JB}`,RA=".data-api",QB=`load${is}${RA}`,ZB="Escape",Bg="show",Dg="showing",Pg="hiding",tD="offcanvas-backdrop",OA=".offcanvas.show",eD=`show${is}`,nD=`shown${is}`,rD=`hide${is}`,Mg=`hidePrevented${is}`,LA=`hidden${is}`,iD=`resize${is}`,sD=`click${is}${RA}`,oD=`keydown.dismiss${is}`,aD='[data-bs-toggle="offcanvas"]',lD={backdrop:!0,keyboard:!0,scroll:!1},cD={backdrop:"(boolean|string)",keyboard:"boolean",scroll:"boolean"};class Is extends ri{constructor(e,n){super(e,n),this._isShown=!1,this._backdrop=this._initializeBackDrop(),this._focustrap=this._initializeFocusTrap(),this._addEventListeners()}static get Default(){return lD}static get DefaultType(){return cD}static get NAME(){return jB}toggle(e){return this._isShown?this.hide():this.show(e)}show(e){if(this._isShown||Lt.trigger(this._element,eD,{relatedTarget:e}).defaultPrevented)return;this._isShown=!0,this._backdrop.show(),this._config.scroll||new Rh().hide(),this._element.setAttribute("aria-modal",!0),this._element.setAttribute("role","dialog"),this._element.classList.add(Dg);const r=()=>{(!this._config.scroll||this._config.backdrop)&&this._focustrap.activate(),this._element.classList.add(Bg),this._element.classList.remove(Dg),Lt.trigger(this._element,nD,{relatedTarget:e})};this._queueCallback(r,this._element,!0)}hide(){if(!this._isShown||Lt.trigger(this._element,rD).defaultPrevented)return;this._focustrap.deactivate(),this._element.blur(),this._isShown=!1,this._element.classList.add(Pg),this._backdrop.hide();const n=()=>{this._element.classList.remove(Bg,Pg),this._element.removeAttribute("aria-modal"),this._element.removeAttribute("role"),this._config.scroll||new Rh().reset(),Lt.trigger(this._element,LA)};this._queueCallback(n,this._element,!0)}dispose(){this._backdrop.dispose(),this._focustrap.deactivate(),super.dispose()}_initializeBackDrop(){const e=()=>{if(this._config.backdrop==="static"){Lt.trigger(this._element,Mg);return}this.hide()},n=!!this._config.backdrop;return new TA({className:tD,isVisible:n,isAnimated:!0,rootElement:this._element.parentNode,clickCallback:n?e:null})}_initializeFocusTrap(){return new SA({trapElement:this._element})}_addEventListeners(){Lt.on(this._element,oD,e=>{if(e.key===ZB){if(this._config.keyboard){this.hide();return}Lt.trigger(this._element,Mg)}})}static jQueryInterface(e){return this.each(function(){const n=Is.getOrCreateInstance(this,e);if(typeof e=="string"){if(n[e]===void 0||e.startsWith("_")||e==="constructor")throw new TypeError(`No method named "${e}"`);n[e](this)}})}}Lt.on(document,sD,aD,function(t){const e=ee.getElementFromSelector(this);if(["A","AREA"].includes(this.tagName)&&t.preventDefault(),Cs(this))return;Lt.one(e,LA,()=>{wa(this)&&this.focus()});const n=ee.findOne(OA);n&&n!==e&&Is.getInstance(n).hide(),Is.getOrCreateInstance(e).toggle(this)});Lt.on(window,QB,()=>{for(const t of ee.find(OA))Is.getOrCreateInstance(t).show()});Lt.on(window,iD,()=>{for(const t of ee.find("[aria-modal][class*=show][class*=offcanvas-]"))getComputedStyle(t).position!=="fixed"&&Is.getOrCreateInstance(t).hide()});xd(Is);Vr(Is);const uD=/^aria-[\w-]*$/i,bA={"*":["class","dir","id","lang","role",uD],a:["target","href","title","rel"],area:[],b:[],br:[],col:[],code:[],dd:[],div:[],dl:[],dt:[],em:[],hr:[],h1:[],h2:[],h3:[],h4:[],h5:[],h6:[],i:[],img:["src","srcset","alt","title","width","height"],li:[],ol:[],p:[],pre:[],s:[],small:[],span:[],sub:[],sup:[],strong:[],u:[],ul:[]},dD=new Set(["background","cite","href","itemtype","longdesc","poster","src","xlink:href"]),fD=/^(?!javascript:)(?:[a-z0-9+.-]+:|[^&:/?#]*(?:[/?#]|$))/i,pD=(t,e)=>{const n=t.nodeName.toLowerCase();return e.includes(n)?dD.has(n)?!!fD.test(t.nodeValue):!0:e.filter(r=>r instanceof RegExp).some(r=>r.test(n))};function hD(t,e,n){if(!t.length)return t;if(n&&typeof n=="function")return n(t);const i=new window.DOMParser().parseFromString(t,"text/html"),o=[].concat(...i.body.querySelectorAll("*"));for(const l of o){const c=l.nodeName.toLowerCase();if(!Object.keys(e).includes(c)){l.remove();continue}const u=[].concat(...l.attributes),_=[].concat(e["*"]||[],e[c]||[]);for(const f of u)pD(f,_)||l.removeAttribute(f.nodeName)}return i.body.innerHTML}const _D="TemplateFactory",mD={allowList:bA,content:{},extraClass:"",html:!1,sanitize:!0,sanitizeFn:null,template:"<div></div>"},ED={allowList:"object",content:"object",extraClass:"(string|function)",html:"boolean",sanitize:"boolean",sanitizeFn:"(null|function)",template:"string"},gD={entry:"(string|element|function|null)",selector:"(string|element)"};class TD extends Ql{constructor(e){super(),this._config=this._getConfig(e)}static get Default(){return mD}static get DefaultType(){return ED}static get NAME(){return _D}getContent(){return Object.values(this._config.content).map(e=>this._resolvePossibleFunction(e)).filter(Boolean)}hasContent(){return this.getContent().length>0}changeContent(e){return this._checkContent(e),this._config.content={...this._config.content,...e},this}toHtml(){const e=document.createElement("div");e.innerHTML=this._maybeSanitize(this._config.template);for(const[i,o]of Object.entries(this._config.content))this._setContent(e,o,i);const n=e.children[0],r=this._resolvePossibleFunction(this._config.extraClass);return r&&n.classList.add(...r.split(" ")),n}_typeCheckConfig(e){super._typeCheckConfig(e),this._checkContent(e.content)}_checkContent(e){for(const[n,r]of Object.entries(e))super._typeCheckConfig({selector:n,entry:r},gD)}_setContent(e,n,r){const i=ee.findOne(r,e);if(i){if(n=this._resolvePossibleFunction(n),!n){i.remove();return}if(Ki(n)){this._putElementInTemplate(ys(n),i);return}if(this._config.html){i.innerHTML=this._maybeSanitize(n);return}i.textContent=n}}_maybeSanitize(e){return this._config.sanitize?hD(e,this._config.allowList,this._config.sanitizeFn):e}_resolvePossibleFunction(e){return ir(e,[void 0,this])}_putElementInTemplate(e,n){if(this._config.html){n.innerHTML="",n.append(e);return}n.textContent=e.textContent}}const SD="tooltip",AD=new Set(["sanitize","allowList","sanitizeFn"]),Bp="fade",vD="modal",lu="show",RD=".tooltip-inner",Hg=`.${vD}`,Wg="hide.bs.modal",al="hover",Dp="focus",Pp="click",OD="manual",LD="hide",bD="hidden",yD="show",CD="shown",ID="inserted",ND="click",xD="focusin",wD="focusout",kD="mouseenter",BD="mouseleave",DD={AUTO:"auto",TOP:"top",RIGHT:Wr()?"left":"right",BOTTOM:"bottom",LEFT:Wr()?"right":"left"},PD={allowList:bA,animation:!0,boundary:"clippingParents",container:!1,customClass:"",delay:0,fallbackPlacements:["top","right","bottom","left"],html:!1,offset:[0,6],placement:"top",popperConfig:null,sanitize:!0,sanitizeFn:null,selector:!1,template:'<div class="tooltip" role="tooltip"><div class="tooltip-arrow"></div><div class="tooltip-inner"></div></div>',title:"",trigger:"hover focus"},MD={allowList:"object",animation:"boolean",boundary:"(string|element)",container:"(string|element|boolean)",customClass:"(string|function)",delay:"(number|object)",fallbackPlacements:"array",html:"boolean",offset:"(array|string|function)",placement:"(string|function)",popperConfig:"(null|object|function)",sanitize:"boolean",sanitizeFn:"(null|function)",selector:"(string|boolean)",template:"string",title:"(string|element|function)",trigger:"string"};class Ba extends ri{constructor(e,n){if(typeof ZS>"u")throw new TypeError("Bootstrap's tooltips require Popper (https://popper.js.org/docs/v2/)");super(e,n),this._isEnabled=!0,this._timeout=0,this._isHovered=null,this._activeTrigger={},this._popper=null,this._templateFactory=null,this._newContent=null,this.tip=null,this._setListeners(),this._config.selector||this._fixTitle()}static get Default(){return PD}static get DefaultType(){return MD}static get NAME(){return SD}enable(){this._isEnabled=!0}disable(){this._isEnabled=!1}toggleEnabled(){this._isEnabled=!this._isEnabled}toggle(){if(this._isEnabled){if(this._isShown()){this._leave();return}this._enter()}}dispose(){clearTimeout(this._timeout),Lt.off(this._element.closest(Hg),Wg,this._hideModalHandler),this._element.getAttribute("data-bs-original-title")&&this._element.setAttribute("title",this._element.getAttribute("data-bs-original-title")),this._disposePopper(),super.dispose()}show(){if(this._element.style.display==="none")throw new Error("Please use show on visible elements");if(!(this._isWithContent()&&this._isEnabled))return;const e=Lt.trigger(this._element,this.constructor.eventName(yD)),r=(nA(this._element)||this._element.ownerDocument.documentElement).contains(this._element);if(e.defaultPrevented||!r)return;this._disposePopper();const i=this._getTipElement();this._element.setAttribute("aria-describedby",i.getAttribute("id"));const{container:o}=this._config;if(this._element.ownerDocument.documentElement.contains(this.tip)||(o.append(i),Lt.trigger(this._element,this.constructor.eventName(ID))),this._popper=this._createPopper(i),i.classList.add(lu),"ontouchstart"in document.documentElement)for(const c of[].concat(...document.body.children))Lt.on(c,"mouseover",Ju);const l=()=>{Lt.trigger(this._element,this.constructor.eventName(CD)),this._isHovered===!1&&this._leave(),this._isHovered=!1};this._queueCallback(l,this.tip,this._isAnimated())}hide(){if(!this._isShown()||Lt.trigger(this._element,this.constructor.eventName(LD)).defaultPrevented)return;if(this._getTipElement().classList.remove(lu),"ontouchstart"in document.documentElement)for(const i of[].concat(...document.body.children))Lt.off(i,"mouseover",Ju);this._activeTrigger[Pp]=!1,this._activeTrigger[Dp]=!1,this._activeTrigger[al]=!1,this._isHovered=null;const r=()=>{this._isWithActiveTrigger()||(this._isHovered||this._disposePopper(),this._element.removeAttribute("aria-describedby"),Lt.trigger(this._element,this.constructor.eventName(bD)))};this._queueCallback(r,this.tip,this._isAnimated())}update(){this._popper&&this._popper.update()}_isWithContent(){return!!this._getTitle()}_getTipElement(){return this.tip||(this.tip=this._createTipElement(this._newContent||this._getContentForTemplate())),this.tip}_createTipElement(e){const n=this._getTemplateFactory(e).toHtml();if(!n)return null;n.classList.remove(Bp,lu),n.classList.add(`bs-${this.constructor.NAME}-auto`);const r=Ow(this.constructor.NAME).toString();return n.setAttribute("id",r),this._isAnimated()&&n.classList.add(Bp),n}setContent(e){this._newContent=e,this._isShown()&&(this._disposePopper(),this.show())}_getTemplateFactory(e){return this._templateFactory?this._templateFactory.changeContent(e):this._templateFactory=new TD({...this._config,content:e,extraClass:this._resolvePossibleFunction(this._config.customClass)}),this._templateFactory}_getContentForTemplate(){return{[RD]:this._getTitle()}}_getTitle(){return this._resolvePossibleFunction(this._config.title)||this._element.getAttribute("data-bs-original-title")}_initializeOnDelegatedTarget(e){return this.constructor.getOrCreateInstance(e.delegateTarget,this._getDelegateConfig())}_isAnimated(){return this._config.animation||this.tip&&this.tip.classList.contains(Bp)}_isShown(){return this.tip&&this.tip.classList.contains(lu)}_createPopper(e){const n=ir(this._config.placement,[this,e,this._element]),r=DD[n.toUpperCase()];return $0(this._element,e,this._getPopperConfig(r))}_getOffset(){const{offset:e}=this._config;return typeof e=="string"?e.split(",").map(n=>Number.parseInt(n,10)):typeof e=="function"?n=>e(n,this._element):e}_resolvePossibleFunction(e){return ir(e,[this._element,this._element])}_getPopperConfig(e){const n={placement:e,modifiers:[{name:"flip",options:{fallbackPlacements:this._config.fallbackPlacements}},{name:"offset",options:{offset:this._getOffset()}},{name:"preventOverflow",options:{boundary:this._config.boundary}},{name:"arrow",options:{element:`.${this.constructor.NAME}-arrow`}},{name:"preSetPlacement",enabled:!0,phase:"beforeMain",fn:r=>{this._getTipElement().setAttribute("data-popper-placement",r.state.placement)}}]};return{...n,...ir(this._config.popperConfig,[void 0,n])}}_setListeners(){const e=this._config.trigger.split(" ");for(const n of e)if(n==="click")Lt.on(this._element,this.constructor.eventName(ND),this._config.selector,r=>{const i=this._initializeOnDelegatedTarget(r);i._activeTrigger[Pp]=!(i._isShown()&&i._activeTrigger[Pp]),i.toggle()});else if(n!==OD){const r=n===al?this.constructor.eventName(kD):this.constructor.eventName(xD),i=n===al?this.constructor.eventName(BD):this.constructor.eventName(wD);Lt.on(this._element,r,this._config.selector,o=>{const l=this._initializeOnDelegatedTarget(o);l._activeTrigger[o.type==="focusin"?Dp:al]=!0,l._enter()}),Lt.on(this._element,i,this._config.selector,o=>{const l=this._initializeOnDelegatedTarget(o);l._activeTrigger[o.type==="focusout"?Dp:al]=l._element.contains(o.relatedTarget),l._leave()})}this._hideModalHandler=()=>{this._element&&this.hide()},Lt.on(this._element.closest(Hg),Wg,this._hideModalHandler)}_fixTitle(){const e=this._element.getAttribute("title");e&&(!this._element.getAttribute("aria-label")&&!this._element.textContent.trim()&&this._element.setAttribute("aria-label",e),this._element.setAttribute("data-bs-original-title",e),this._element.removeAttribute("title"))}_enter(){if(this._isShown()||this._isHovered){this._isHovered=!0;return}this._isHovered=!0,this._setTimeout(()=>{this._isHovered&&this.show()},this._config.delay.show)}_leave(){this._isWithActiveTrigger()||(this._isHovered=!1,this._setTimeout(()=>{this._isHovered||this.hide()},this._config.delay.hide))}_setTimeout(e,n){clearTimeout(this._timeout),this._timeout=setTimeout(e,n)}_isWithActiveTrigger(){return Object.values(this._activeTrigger).includes(!0)}_getConfig(e){const n=Yi.getDataAttributes(this._element);for(const r of Object.keys(n))AD.has(r)&&delete n[r];return e={...n,...typeof e=="object"&&e?e:{}},e=this._mergeConfigObj(e),e=this._configAfterMerge(e),this._typeCheckConfig(e),e}_configAfterMerge(e){return e.container=e.container===!1?document.body:ys(e.container),typeof e.delay=="number"&&(e.delay={show:e.delay,hide:e.delay}),typeof e.title=="number"&&(e.title=e.title.toString()),typeof e.content=="number"&&(e.content=e.content.toString()),e}_getDelegateConfig(){const e={};for(const[n,r]of Object.entries(this._config))this.constructor.Default[n]!==r&&(e[n]=r);return e.selector=!1,e.trigger="manual",e}_disposePopper(){this._popper&&(this._popper.destroy(),this._popper=null),this.tip&&(this.tip.remove(),this.tip=null)}static jQueryInterface(e){return this.each(function(){const n=Ba.getOrCreateInstance(this,e);if(typeof e=="string"){if(typeof n[e]>"u")throw new TypeError(`No method named "${e}"`);n[e]()}})}}Vr(Ba);const HD="popover",WD=".popover-header",UD=".popover-body",$D={...Ba.Default,content:"",offset:[0,8],placement:"right",template:'<div class="popover" role="tooltip"><div class="popover-arrow"></div><h3 class="popover-header"></h3><div class="popover-body"></div></div>',trigger:"click"},FD={...Ba.DefaultType,content:"(null|string|element|function)"};class G0 extends Ba{static get Default(){return $D}static get DefaultType(){return FD}static get NAME(){return HD}_isWithContent(){return this._getTitle()||this._getContent()}_getContentForTemplate(){return{[WD]:this._getTitle(),[UD]:this._getContent()}}_getContent(){return this._resolvePossibleFunction(this._config.content)}static jQueryInterface(e){return this.each(function(){const n=G0.getOrCreateInstance(this,e);if(typeof e=="string"){if(typeof n[e]>"u")throw new TypeError(`No method named "${e}"`);n[e]()}})}}Vr(G0);const VD="scrollspy",zD="bs.scrollspy",X0=`.${zD}`,GD=".data-api",XD=`activate${X0}`,Ug=`click${X0}`,KD=`load${X0}${GD}`,YD="dropdown-item",jo="active",qD='[data-bs-spy="scroll"]',Mp="[href]",jD=".nav, .list-group",$g=".nav-link",JD=".nav-item",QD=".list-group-item",ZD=`${$g}, ${JD} > ${$g}, ${QD}`,tP=".dropdown",eP=".dropdown-toggle",nP={offset:null,rootMargin:"0px 0px -25%",smoothScroll:!1,target:null,threshold:[.1,.5,1]},rP={offset:"(number|null)",rootMargin:"string",smoothScroll:"boolean",target:"element",threshold:"array"};class Bd extends ri{constructor(e,n){super(e,n),this._targetLinks=new Map,this._observableSections=new Map,this._rootElement=getComputedStyle(this._element).overflowY==="visible"?null:this._element,this._activeTarget=null,this._observer=null,this._previousScrollData={visibleEntryTop:0,parentScrollTop:0},this.refresh()}static get Default(){return nP}static get DefaultType(){return rP}static get NAME(){return VD}refresh(){this._initializeTargetsAndObservables(),this._maybeEnableSmoothScroll(),this._observer?this._observer.disconnect():this._observer=this._getNewObserver();for(const e of this._observableSections.values())this._observer.observe(e)}dispose(){this._observer.disconnect(),super.dispose()}_configAfterMerge(e){return e.target=ys(e.target)||document.body,e.rootMargin=e.offset?`${e.offset}px 0px -30%`:e.rootMargin,typeof e.threshold=="string"&&(e.threshold=e.threshold.split(",").map(n=>Number.parseFloat(n))),e}_maybeEnableSmoothScroll(){this._config.smoothScroll&&(Lt.off(this._config.target,Ug),Lt.on(this._config.target,Ug,Mp,e=>{const n=this._observableSections.get(e.target.hash);if(n){e.preventDefault();const r=this._rootElement||window,i=n.offsetTop-this._element.offsetTop;if(r.scrollTo){r.scrollTo({top:i,behavior:"smooth"});return}r.scrollTop=i}}))}_getNewObserver(){const e={root:this._rootElement,threshold:this._config.threshold,rootMargin:this._config.rootMargin};return new IntersectionObserver(n=>this._observerCallback(n),e)}_observerCallback(e){const n=l=>this._targetLinks.get(`#${l.target.id}`),r=l=>{this._previousScrollData.visibleEntryTop=l.target.offsetTop,this._process(n(l))},i=(this._rootElement||document.documentElement).scrollTop,o=i>=this._previousScrollData.parentScrollTop;this._previousScrollData.parentScrollTop=i;for(const l of e){if(!l.isIntersecting){this._activeTarget=null,this._clearActiveClass(n(l));continue}const c=l.target.offsetTop>=this._previousScrollData.visibleEntryTop;if(o&&c){if(r(l),!i)return;continue}!o&&!c&&r(l)}}_initializeTargetsAndObservables(){this._targetLinks=new Map,this._observableSections=new Map;const e=ee.find(Mp,this._config.target);for(const n of e){if(!n.hash||Cs(n))continue;const r=ee.findOne(decodeURI(n.hash),this._element);wa(r)&&(this._targetLinks.set(decodeURI(n.hash),n),this._observableSections.set(n.hash,r))}}_process(e){this._activeTarget!==e&&(this._clearActiveClass(this._config.target),this._activeTarget=e,e.classList.add(jo),this._activateParents(e),Lt.trigger(this._element,XD,{relatedTarget:e}))}_activateParents(e){if(e.classList.contains(YD)){ee.findOne(eP,e.closest(tP)).classList.add(jo);return}for(const n of ee.parents(e,jD))for(const r of ee.prev(n,ZD))r.classList.add(jo)}_clearActiveClass(e){e.classList.remove(jo);const n=ee.find(`${Mp}.${jo}`,e);for(const r of n)r.classList.remove(jo)}static jQueryInterface(e){return this.each(function(){const n=Bd.getOrCreateInstance(this,e);if(typeof e=="string"){if(n[e]===void 0||e.startsWith("_")||e==="constructor")throw new TypeError(`No method named "${e}"`);n[e]()}})}}Lt.on(window,KD,()=>{for(const t of ee.find(qD))Bd.getOrCreateInstance(t)});Vr(Bd);const iP="tab",sP="bs.tab",Co=`.${sP}`,oP=`hide${Co}`,aP=`hidden${Co}`,lP=`show${Co}`,cP=`shown${Co}`,uP=`click${Co}`,dP=`keydown${Co}`,fP=`load${Co}`,pP="ArrowLeft",Fg="ArrowRight",hP="ArrowUp",Vg="ArrowDown",Hp="Home",zg="End",uo="active",Gg="fade",Wp="show",_P="dropdown",yA=".dropdown-toggle",mP=".dropdown-menu",Up=`:not(${yA})`,EP='.list-group, .nav, [role="tablist"]',gP=".nav-item, .list-group-item",TP=`.nav-link${Up}, .list-group-item${Up}, [role="tab"]${Up}`,CA='[data-bs-toggle="tab"], [data-bs-toggle="pill"], [data-bs-toggle="list"]',$p=`${TP}, ${CA}`,SP=`.${uo}[data-bs-toggle="tab"], .${uo}[data-bs-toggle="pill"], .${uo}[data-bs-toggle="list"]`;class Sa extends ri{constructor(e){super(e),this._parent=this._element.closest(EP),this._parent&&(this._setInitialAttributes(this._parent,this._getChildren()),Lt.on(this._element,dP,n=>this._keydown(n)))}static get NAME(){return iP}show(){const e=this._element;if(this._elemIsActive(e))return;const n=this._getActiveElem(),r=n?Lt.trigger(n,oP,{relatedTarget:e}):null;Lt.trigger(e,lP,{relatedTarget:n}).defaultPrevented||r&&r.defaultPrevented||(this._deactivate(n,e),this._activate(e,n))}_activate(e,n){if(!e)return;e.classList.add(uo),this._activate(ee.getElementFromSelector(e));const r=()=>{if(e.getAttribute("role")!=="tab"){e.classList.add(Wp);return}e.removeAttribute("tabindex"),e.setAttribute("aria-selected",!0),this._toggleDropDown(e,!0),Lt.trigger(e,cP,{relatedTarget:n})};this._queueCallback(r,e,e.classList.contains(Gg))}_deactivate(e,n){if(!e)return;e.classList.remove(uo),e.blur(),this._deactivate(ee.getElementFromSelector(e));const r=()=>{if(e.getAttribute("role")!=="tab"){e.classList.remove(Wp);return}e.setAttribute("aria-selected",!1),e.setAttribute("tabindex","-1"),this._toggleDropDown(e,!1),Lt.trigger(e,aP,{relatedTarget:n})};this._queueCallback(r,e,e.classList.contains(Gg))}_keydown(e){if(![pP,Fg,hP,Vg,Hp,zg].includes(e.key))return;e.stopPropagation(),e.preventDefault();const n=this._getChildren().filter(i=>!Cs(i));let r;if([Hp,zg].includes(e.key))r=n[e.key===Hp?0:n.length-1];else{const i=[Fg,Vg].includes(e.key);r=F0(n,e.target,i,!0)}r&&(r.focus({preventScroll:!0}),Sa.getOrCreateInstance(r).show())}_getChildren(){return ee.find($p,this._parent)}_getActiveElem(){return this._getChildren().find(e=>this._elemIsActive(e))||null}_setInitialAttributes(e,n){this._setAttributeIfNotExists(e,"role","tablist");for(const r of n)this._setInitialAttributesOnChild(r)}_setInitialAttributesOnChild(e){e=this._getInnerElement(e);const n=this._elemIsActive(e),r=this._getOuterElement(e);e.setAttribute("aria-selected",n),r!==e&&this._setAttributeIfNotExists(r,"role","presentation"),n||e.setAttribute("tabindex","-1"),this._setAttributeIfNotExists(e,"role","tab"),this._setInitialAttributesOnTargetPanel(e)}_setInitialAttributesOnTargetPanel(e){const n=ee.getElementFromSelector(e);n&&(this._setAttributeIfNotExists(n,"role","tabpanel"),e.id&&this._setAttributeIfNotExists(n,"aria-labelledby",`${e.id}`))}_toggleDropDown(e,n){const r=this._getOuterElement(e);if(!r.classList.contains(_P))return;const i=(o,l)=>{const c=ee.findOne(o,r);c&&c.classList.toggle(l,n)};i(yA,uo),i(mP,Wp),r.setAttribute("aria-expanded",n)}_setAttributeIfNotExists(e,n,r){e.hasAttribute(n)||e.setAttribute(n,r)}_elemIsActive(e){return e.classList.contains(uo)}_getInnerElement(e){return e.matches($p)?e:ee.findOne($p,e)}_getOuterElement(e){return e.closest(gP)||e}static jQueryInterface(e){return this.each(function(){const n=Sa.getOrCreateInstance(this);if(typeof e=="string"){if(n[e]===void 0||e.startsWith("_")||e==="constructor")throw new TypeError(`No method named "${e}"`);n[e]()}})}}Lt.on(document,uP,CA,function(t){["A","AREA"].includes(this.tagName)&&t.preventDefault(),!Cs(this)&&Sa.getOrCreateInstance(this).show()});Lt.on(window,fP,()=>{for(const t of ee.find(SP))Sa.getOrCreateInstance(t)});Vr(Sa);const AP="toast",vP="bs.toast",Ms=`.${vP}`,RP=`mouseover${Ms}`,OP=`mouseout${Ms}`,LP=`focusin${Ms}`,bP=`focusout${Ms}`,yP=`hide${Ms}`,CP=`hidden${Ms}`,IP=`show${Ms}`,NP=`shown${Ms}`,xP="fade",Xg="hide",cu="show",uu="showing",wP={animation:"boolean",autohide:"boolean",delay:"number"},kP={animation:!0,autohide:!0,delay:5e3};class Dd extends ri{constructor(e,n){super(e,n),this._timeout=null,this._hasMouseInteraction=!1,this._hasKeyboardInteraction=!1,this._setListeners()}static get Default(){return kP}static get DefaultType(){return wP}static get NAME(){return AP}show(){if(Lt.trigger(this._element,IP).defaultPrevented)return;this._clearTimeout(),this._config.animation&&this._element.classList.add(xP);const n=()=>{this._element.classList.remove(uu),Lt.trigger(this._element,NP),this._maybeScheduleHide()};this._element.classList.remove(Xg),Jl(this._element),this._element.classList.add(cu,uu),this._queueCallback(n,this._element,this._config.animation)}hide(){if(!this.isShown()||Lt.trigger(this._element,yP).defaultPrevented)return;const n=()=>{this._element.classList.add(Xg),this._element.classList.remove(uu,cu),Lt.trigger(this._element,CP)};this._element.classList.add(uu),this._queueCallback(n,this._element,this._config.animation)}dispose(){this._clearTimeout(),this.isShown()&&this._element.classList.remove(cu),super.dispose()}isShown(){return this._element.classList.contains(cu)}_maybeScheduleHide(){this._config.autohide&&(this._hasMouseInteraction||this._hasKeyboardInteraction||(this._timeout=setTimeout(()=>{this.hide()},this._config.delay)))}_onInteraction(e,n){switch(e.type){case"mouseover":case"mouseout":{this._hasMouseInteraction=n;break}case"focusin":case"focusout":{this._hasKeyboardInteraction=n;break}}if(n){this._clearTimeout();return}const r=e.relatedTarget;this._element===r||this._element.contains(r)||this._maybeScheduleHide()}_setListeners(){Lt.on(this._element,RP,e=>this._onInteraction(e,!0)),Lt.on(this._element,OP,e=>this._onInteraction(e,!1)),Lt.on(this._element,LP,e=>this._onInteraction(e,!0)),Lt.on(this._element,bP,e=>this._onInteraction(e,!1))}_clearTimeout(){clearTimeout(this._timeout),this._timeout=null}static jQueryInterface(e){return this.each(function(){const n=Dd.getOrCreateInstance(this,e);if(typeof e=="string"){if(typeof n[e]>"u")throw new TypeError(`No method named "${e}"`);n[e](this)}})}}xd(Dd);Vr(Dd);/*!
  * vue-tippy v6.7.1
  * (c) 2025 
  * @license MIT
  */var ar="top",$r="bottom",Fr="right",lr="left",K0="auto",ec=[ar,$r,Fr,lr],Aa="start",Hl="end",BP="clippingParents",IA="viewport",ll="popper",DP="reference",Kg=ec.reduce(function(t,e){return t.concat([e+"-"+Aa,e+"-"+Hl])},[]),NA=[].concat(ec,[K0]).reduce(function(t,e){return t.concat([e,e+"-"+Aa,e+"-"+Hl])},[]),PP="beforeRead",MP="read",HP="afterRead",WP="beforeMain",UP="main",$P="afterMain",FP="beforeWrite",VP="write",zP="afterWrite",GP=[PP,MP,HP,WP,UP,$P,FP,VP,zP];function yi(t){return t?(t.nodeName||"").toLowerCase():null}function ii(t){if(t==null)return window;if(t.toString()!=="[object Window]"){var e=t.ownerDocument;return e&&e.defaultView||window}return t}function va(t){var e=ii(t).Element;return t instanceof e||t instanceof Element}function Mr(t){var e=ii(t).HTMLElement;return t instanceof e||t instanceof HTMLElement}function xA(t){if(typeof ShadowRoot>"u")return!1;var e=ii(t).ShadowRoot;return t instanceof e||t instanceof ShadowRoot}function XP(t){var e=t.state;Object.keys(e.elements).forEach(function(n){var r=e.styles[n]||{},i=e.attributes[n]||{},o=e.elements[n];!Mr(o)||!yi(o)||(Object.assign(o.style,r),Object.keys(i).forEach(function(l){var c=i[l];c===!1?o.removeAttribute(l):o.setAttribute(l,c===!0?"":c)}))})}function KP(t){var e=t.state,n={popper:{position:e.options.strategy,left:"0",top:"0",margin:"0"},arrow:{position:"absolute"},reference:{}};return Object.assign(e.elements.popper.style,n.popper),e.styles=n,e.elements.arrow&&Object.assign(e.elements.arrow.style,n.arrow),function(){Object.keys(e.elements).forEach(function(r){var i=e.elements[r],o=e.attributes[r]||{},l=Object.keys(e.styles.hasOwnProperty(r)?e.styles[r]:n[r]),c=l.reduce(function(u,_){return u[_]="",u},{});!Mr(i)||!yi(i)||(Object.assign(i.style,c),Object.keys(o).forEach(function(u){i.removeAttribute(u)}))})}}var wA={name:"applyStyles",enabled:!0,phase:"write",fn:XP,effect:KP,requires:["computeStyles"]};function Ri(t){return t.split("-")[0]}var mo=Math.max,td=Math.min,Ra=Math.round;function Oa(t,e){e===void 0&&(e=!1);var n=t.getBoundingClientRect(),r=1,i=1;if(Mr(t)&&e){var o=t.offsetHeight,l=t.offsetWidth;l>0&&(r=Ra(n.width)/l||1),o>0&&(i=Ra(n.height)/o||1)}return{width:n.width/r,height:n.height/i,top:n.top/i,right:n.right/r,bottom:n.bottom/i,left:n.left/r,x:n.left/r,y:n.top/i}}function Y0(t){var e=Oa(t),n=t.offsetWidth,r=t.offsetHeight;return Math.abs(e.width-n)<=1&&(n=e.width),Math.abs(e.height-r)<=1&&(r=e.height),{x:t.offsetLeft,y:t.offsetTop,width:n,height:r}}function kA(t,e){var n=e.getRootNode&&e.getRootNode();if(t.contains(e))return!0;if(n&&xA(n)){var r=e;do{if(r&&t.isSameNode(r))return!0;r=r.parentNode||r.host}while(r)}return!1}function Ci(t){return ii(t).getComputedStyle(t)}function YP(t){return["table","td","th"].indexOf(yi(t))>=0}function Hs(t){return((va(t)?t.ownerDocument:t.document)||window.document).documentElement}function Pd(t){return yi(t)==="html"?t:t.assignedSlot||t.parentNode||(xA(t)?t.host:null)||Hs(t)}function Yg(t){return!Mr(t)||Ci(t).position==="fixed"?null:t.offsetParent}function qP(t){var e=navigator.userAgent.toLowerCase().indexOf("firefox")!==-1,n=navigator.userAgent.indexOf("Trident")!==-1;if(n&&Mr(t)){var r=Ci(t);if(r.position==="fixed")return null}for(var i=Pd(t);Mr(i)&&["html","body"].indexOf(yi(i))<0;){var o=Ci(i);if(o.transform!=="none"||o.perspective!=="none"||o.contain==="paint"||["transform","perspective"].indexOf(o.willChange)!==-1||e&&o.willChange==="filter"||e&&o.filter&&o.filter!=="none")return i;i=i.parentNode}return null}function nc(t){for(var e=ii(t),n=Yg(t);n&&YP(n)&&Ci(n).position==="static";)n=Yg(n);return n&&(yi(n)==="html"||yi(n)==="body"&&Ci(n).position==="static")?e:n||qP(t)||e}function q0(t){return["top","bottom"].indexOf(t)>=0?"x":"y"}function bl(t,e,n){return mo(t,td(e,n))}function jP(t,e,n){var r=bl(t,e,n);return r>n?n:r}function BA(){return{top:0,right:0,bottom:0,left:0}}function DA(t){return Object.assign({},BA(),t)}function PA(t,e){return e.reduce(function(n,r){return n[r]=t,n},{})}var JP=function(e,n){return e=typeof e=="function"?e(Object.assign({},n.rects,{placement:n.placement})):e,DA(typeof e!="number"?e:PA(e,ec))};function QP(t){var e,n=t.state,r=t.name,i=t.options,o=n.elements.arrow,l=n.modifiersData.popperOffsets,c=Ri(n.placement),u=q0(c),_=[lr,Fr].indexOf(c)>=0,f=_?"height":"width";if(!(!o||!l)){var E=JP(i.padding,n),A=Y0(o),b=u==="y"?ar:lr,k=u==="y"?$r:Fr,S=n.rects.reference[f]+n.rects.reference[u]-l[u]-n.rects.popper[f],O=l[u]-n.rects.reference[u],R=nc(o),x=R?u==="y"?R.clientHeight||0:R.clientWidth||0:0,Y=S/2-O/2,y=E[b],K=x-A[f]-E[k],P=x/2-A[f]/2+Y,X=bl(y,P,K),ot=u;n.modifiersData[r]=(e={},e[ot]=X,e.centerOffset=X-P,e)}}function ZP(t){var e=t.state,n=t.options,r=n.element,i=r===void 0?"[data-popper-arrow]":r;i!=null&&(typeof i=="string"&&(i=e.elements.popper.querySelector(i),!i)||kA(e.elements.popper,i)&&(e.elements.arrow=i))}var t4={name:"arrow",enabled:!0,phase:"main",fn:QP,effect:ZP,requires:["popperOffsets"],requiresIfExists:["preventOverflow"]};function La(t){return t.split("-")[1]}var e4={top:"auto",right:"auto",bottom:"auto",left:"auto"};function n4(t){var e=t.x,n=t.y,r=window,i=r.devicePixelRatio||1;return{x:Ra(e*i)/i||0,y:Ra(n*i)/i||0}}function qg(t){var e,n=t.popper,r=t.popperRect,i=t.placement,o=t.variation,l=t.offsets,c=t.position,u=t.gpuAcceleration,_=t.adaptive,f=t.roundOffsets,E=t.isFixed,A=f===!0?n4(l):typeof f=="function"?f(l):l,b=A.x,k=b===void 0?0:b,S=A.y,O=S===void 0?0:S,R=l.hasOwnProperty("x"),x=l.hasOwnProperty("y"),Y=lr,y=ar,K=window;if(_){var P=nc(n),X="clientHeight",ot="clientWidth";if(P===ii(n)&&(P=Hs(n),Ci(P).position!=="static"&&c==="absolute"&&(X="scrollHeight",ot="scrollWidth")),P=P,i===ar||(i===lr||i===Fr)&&o===Hl){y=$r;var xt=E&&K.visualViewport?K.visualViewport.height:P[X];O-=xt-r.height,O*=u?1:-1}if(i===lr||(i===ar||i===$r)&&o===Hl){Y=Fr;var Pt=E&&K.visualViewport?K.visualViewport.width:P[ot];k-=Pt-r.width,k*=u?1:-1}}var vt=Object.assign({position:c},_&&e4);if(u){var et;return Object.assign({},vt,(et={},et[y]=x?"0":"",et[Y]=R?"0":"",et.transform=(K.devicePixelRatio||1)<=1?"translate("+k+"px, "+O+"px)":"translate3d("+k+"px, "+O+"px, 0)",et))}return Object.assign({},vt,(e={},e[y]=x?O+"px":"",e[Y]=R?k+"px":"",e.transform="",e))}function r4(t){var e=t.state,n=t.options,r=n.gpuAcceleration,i=r===void 0?!0:r,o=n.adaptive,l=o===void 0?!0:o,c=n.roundOffsets,u=c===void 0?!0:c,_={placement:Ri(e.placement),variation:La(e.placement),popper:e.elements.popper,popperRect:e.rects.popper,gpuAcceleration:i,isFixed:e.options.strategy==="fixed"};e.modifiersData.popperOffsets!=null&&(e.styles.popper=Object.assign({},e.styles.popper,qg(Object.assign({},_,{offsets:e.modifiersData.popperOffsets,position:e.options.strategy,adaptive:l,roundOffsets:u})))),e.modifiersData.arrow!=null&&(e.styles.arrow=Object.assign({},e.styles.arrow,qg(Object.assign({},_,{offsets:e.modifiersData.arrow,position:"absolute",adaptive:!1,roundOffsets:u})))),e.attributes.popper=Object.assign({},e.attributes.popper,{"data-popper-placement":e.placement})}var i4={name:"computeStyles",enabled:!0,phase:"beforeWrite",fn:r4,data:{}},du={passive:!0};function s4(t){var e=t.state,n=t.instance,r=t.options,i=r.scroll,o=i===void 0?!0:i,l=r.resize,c=l===void 0?!0:l,u=ii(e.elements.popper),_=[].concat(e.scrollParents.reference,e.scrollParents.popper);return o&&_.forEach(function(f){f.addEventListener("scroll",n.update,du)}),c&&u.addEventListener("resize",n.update,du),function(){o&&_.forEach(function(f){f.removeEventListener("scroll",n.update,du)}),c&&u.removeEventListener("resize",n.update,du)}}var o4={name:"eventListeners",enabled:!0,phase:"write",fn:function(){},effect:s4,data:{}},a4={left:"right",right:"left",bottom:"top",top:"bottom"};function ku(t){return t.replace(/left|right|bottom|top/g,function(e){return a4[e]})}var l4={start:"end",end:"start"};function jg(t){return t.replace(/start|end/g,function(e){return l4[e]})}function j0(t){var e=ii(t),n=e.pageXOffset,r=e.pageYOffset;return{scrollLeft:n,scrollTop:r}}function J0(t){return Oa(Hs(t)).left+j0(t).scrollLeft}function c4(t){var e=ii(t),n=Hs(t),r=e.visualViewport,i=n.clientWidth,o=n.clientHeight,l=0,c=0;return r&&(i=r.width,o=r.height,/^((?!chrome|android).)*safari/i.test(navigator.userAgent)||(l=r.offsetLeft,c=r.offsetTop)),{width:i,height:o,x:l+J0(t),y:c}}function u4(t){var e,n=Hs(t),r=j0(t),i=(e=t.ownerDocument)==null?void 0:e.body,o=mo(n.scrollWidth,n.clientWidth,i?i.scrollWidth:0,i?i.clientWidth:0),l=mo(n.scrollHeight,n.clientHeight,i?i.scrollHeight:0,i?i.clientHeight:0),c=-r.scrollLeft+J0(t),u=-r.scrollTop;return Ci(i||n).direction==="rtl"&&(c+=mo(n.clientWidth,i?i.clientWidth:0)-o),{width:o,height:l,x:c,y:u}}function Q0(t){var e=Ci(t),n=e.overflow,r=e.overflowX,i=e.overflowY;return/auto|scroll|overlay|hidden/.test(n+i+r)}function MA(t){return["html","body","#document"].indexOf(yi(t))>=0?t.ownerDocument.body:Mr(t)&&Q0(t)?t:MA(Pd(t))}function yl(t,e){var n;e===void 0&&(e=[]);var r=MA(t),i=r===((n=t.ownerDocument)==null?void 0:n.body),o=ii(r),l=i?[o].concat(o.visualViewport||[],Q0(r)?r:[]):r,c=e.concat(l);return i?c:c.concat(yl(Pd(l)))}function Oh(t){return Object.assign({},t,{left:t.x,top:t.y,right:t.x+t.width,bottom:t.y+t.height})}function d4(t){var e=Oa(t);return e.top=e.top+t.clientTop,e.left=e.left+t.clientLeft,e.bottom=e.top+t.clientHeight,e.right=e.left+t.clientWidth,e.width=t.clientWidth,e.height=t.clientHeight,e.x=e.left,e.y=e.top,e}function Jg(t,e){return e===IA?Oh(c4(t)):va(e)?d4(e):Oh(u4(Hs(t)))}function f4(t){var e=yl(Pd(t)),n=["absolute","fixed"].indexOf(Ci(t).position)>=0,r=n&&Mr(t)?nc(t):t;return va(r)?e.filter(function(i){return va(i)&&kA(i,r)&&yi(i)!=="body"&&(n?Ci(i).position!=="static":!0)}):[]}function p4(t,e,n){var r=e==="clippingParents"?f4(t):[].concat(e),i=[].concat(r,[n]),o=i[0],l=i.reduce(function(c,u){var _=Jg(t,u);return c.top=mo(_.top,c.top),c.right=td(_.right,c.right),c.bottom=td(_.bottom,c.bottom),c.left=mo(_.left,c.left),c},Jg(t,o));return l.width=l.right-l.left,l.height=l.bottom-l.top,l.x=l.left,l.y=l.top,l}function HA(t){var e=t.reference,n=t.element,r=t.placement,i=r?Ri(r):null,o=r?La(r):null,l=e.x+e.width/2-n.width/2,c=e.y+e.height/2-n.height/2,u;switch(i){case ar:u={x:l,y:e.y-n.height};break;case $r:u={x:l,y:e.y+e.height};break;case Fr:u={x:e.x+e.width,y:c};break;case lr:u={x:e.x-n.width,y:c};break;default:u={x:e.x,y:e.y}}var _=i?q0(i):null;if(_!=null){var f=_==="y"?"height":"width";switch(o){case Aa:u[_]=u[_]-(e[f]/2-n[f]/2);break;case Hl:u[_]=u[_]+(e[f]/2-n[f]/2);break}}return u}function Wl(t,e){e===void 0&&(e={});var n=e,r=n.placement,i=r===void 0?t.placement:r,o=n.boundary,l=o===void 0?BP:o,c=n.rootBoundary,u=c===void 0?IA:c,_=n.elementContext,f=_===void 0?ll:_,E=n.altBoundary,A=E===void 0?!1:E,b=n.padding,k=b===void 0?0:b,S=DA(typeof k!="number"?k:PA(k,ec)),O=f===ll?DP:ll,R=t.rects.popper,x=t.elements[A?O:f],Y=p4(va(x)?x:x.contextElement||Hs(t.elements.popper),l,u),y=Oa(t.elements.reference),K=HA({reference:y,element:R,placement:i}),P=Oh(Object.assign({},R,K)),X=f===ll?P:y,ot={top:Y.top-X.top+S.top,bottom:X.bottom-Y.bottom+S.bottom,left:Y.left-X.left+S.left,right:X.right-Y.right+S.right},xt=t.modifiersData.offset;if(f===ll&&xt){var Pt=xt[i];Object.keys(ot).forEach(function(vt){var et=[Fr,$r].indexOf(vt)>=0?1:-1,M=[ar,$r].indexOf(vt)>=0?"y":"x";ot[vt]+=Pt[M]*et})}return ot}function h4(t,e){e===void 0&&(e={});var n=e,r=n.placement,i=n.boundary,o=n.rootBoundary,l=n.padding,c=n.flipVariations,u=n.allowedAutoPlacements,_=u===void 0?NA:u,f=La(r),E=f?c?Kg:Kg.filter(function(k){return La(k)===f}):ec,A=E.filter(function(k){return _.indexOf(k)>=0});A.length===0&&(A=E);var b=A.reduce(function(k,S){return k[S]=Wl(t,{placement:S,boundary:i,rootBoundary:o,padding:l})[Ri(S)],k},{});return Object.keys(b).sort(function(k,S){return b[k]-b[S]})}function _4(t){if(Ri(t)===K0)return[];var e=ku(t);return[jg(t),e,jg(e)]}function m4(t){var e=t.state,n=t.options,r=t.name;if(!e.modifiersData[r]._skip){for(var i=n.mainAxis,o=i===void 0?!0:i,l=n.altAxis,c=l===void 0?!0:l,u=n.fallbackPlacements,_=n.padding,f=n.boundary,E=n.rootBoundary,A=n.altBoundary,b=n.flipVariations,k=b===void 0?!0:b,S=n.allowedAutoPlacements,O=e.options.placement,R=Ri(O),x=R===O,Y=u||(x||!k?[ku(O)]:_4(O)),y=[O].concat(Y).reduce(function(L,J){return L.concat(Ri(J)===K0?h4(e,{placement:J,boundary:f,rootBoundary:E,padding:_,flipVariations:k,allowedAutoPlacements:S}):J)},[]),K=e.rects.reference,P=e.rects.popper,X=new Map,ot=!0,xt=y[0],Pt=0;Pt<y.length;Pt++){var vt=y[Pt],et=Ri(vt),M=La(vt)===Aa,G=[ar,$r].indexOf(et)>=0,Rt=G?"width":"height",U=Wl(e,{placement:vt,boundary:f,rootBoundary:E,altBoundary:A,padding:_}),w=G?M?Fr:lr:M?$r:ar;K[Rt]>P[Rt]&&(w=ku(w));var ct=ku(w),St=[];if(o&&St.push(U[et]<=0),c&&St.push(U[w]<=0,U[ct]<=0),St.every(function(L){return L})){xt=vt,ot=!1;break}X.set(vt,St)}if(ot)for(var yt=k?3:1,dt=function(J){var at=y.find(function(Ct){var Xt=X.get(Ct);if(Xt)return Xt.slice(0,J).every(function(ze){return ze})});if(at)return xt=at,"break"},j=yt;j>0;j--){var D=dt(j);if(D==="break")break}e.placement!==xt&&(e.modifiersData[r]._skip=!0,e.placement=xt,e.reset=!0)}}var E4={name:"flip",enabled:!0,phase:"main",fn:m4,requiresIfExists:["offset"],data:{_skip:!1}};function Qg(t,e,n){return n===void 0&&(n={x:0,y:0}),{top:t.top-e.height-n.y,right:t.right-e.width+n.x,bottom:t.bottom-e.height+n.y,left:t.left-e.width-n.x}}function Zg(t){return[ar,Fr,$r,lr].some(function(e){return t[e]>=0})}function g4(t){var e=t.state,n=t.name,r=e.rects.reference,i=e.rects.popper,o=e.modifiersData.preventOverflow,l=Wl(e,{elementContext:"reference"}),c=Wl(e,{altBoundary:!0}),u=Qg(l,r),_=Qg(c,i,o),f=Zg(u),E=Zg(_);e.modifiersData[n]={referenceClippingOffsets:u,popperEscapeOffsets:_,isReferenceHidden:f,hasPopperEscaped:E},e.attributes.popper=Object.assign({},e.attributes.popper,{"data-popper-reference-hidden":f,"data-popper-escaped":E})}var T4={name:"hide",enabled:!0,phase:"main",requiresIfExists:["preventOverflow"],fn:g4};function S4(t,e,n){var r=Ri(t),i=[lr,ar].indexOf(r)>=0?-1:1,o=typeof n=="function"?n(Object.assign({},e,{placement:t})):n,l=o[0],c=o[1];return l=l||0,c=(c||0)*i,[lr,Fr].indexOf(r)>=0?{x:c,y:l}:{x:l,y:c}}function A4(t){var e=t.state,n=t.options,r=t.name,i=n.offset,o=i===void 0?[0,0]:i,l=NA.reduce(function(f,E){return f[E]=S4(E,e.rects,o),f},{}),c=l[e.placement],u=c.x,_=c.y;e.modifiersData.popperOffsets!=null&&(e.modifiersData.popperOffsets.x+=u,e.modifiersData.popperOffsets.y+=_),e.modifiersData[r]=l}var v4={name:"offset",enabled:!0,phase:"main",requires:["popperOffsets"],fn:A4};function R4(t){var e=t.state,n=t.name;e.modifiersData[n]=HA({reference:e.rects.reference,element:e.rects.popper,placement:e.placement})}var O4={name:"popperOffsets",enabled:!0,phase:"read",fn:R4,data:{}};function L4(t){return t==="x"?"y":"x"}function b4(t){var e=t.state,n=t.options,r=t.name,i=n.mainAxis,o=i===void 0?!0:i,l=n.altAxis,c=l===void 0?!1:l,u=n.boundary,_=n.rootBoundary,f=n.altBoundary,E=n.padding,A=n.tether,b=A===void 0?!0:A,k=n.tetherOffset,S=k===void 0?0:k,O=Wl(e,{boundary:u,rootBoundary:_,padding:E,altBoundary:f}),R=Ri(e.placement),x=La(e.placement),Y=!x,y=q0(R),K=L4(y),P=e.modifiersData.popperOffsets,X=e.rects.reference,ot=e.rects.popper,xt=typeof S=="function"?S(Object.assign({},e.rects,{placement:e.placement})):S,Pt=typeof xt=="number"?{mainAxis:xt,altAxis:xt}:Object.assign({mainAxis:0,altAxis:0},xt),vt=e.modifiersData.offset?e.modifiersData.offset[e.placement]:null,et={x:0,y:0};if(P){if(o){var M,G=y==="y"?ar:lr,Rt=y==="y"?$r:Fr,U=y==="y"?"height":"width",w=P[y],ct=w+O[G],St=w-O[Rt],yt=b?-ot[U]/2:0,dt=x===Aa?X[U]:ot[U],j=x===Aa?-ot[U]:-X[U],D=e.elements.arrow,L=b&&D?Y0(D):{width:0,height:0},J=e.modifiersData["arrow#persistent"]?e.modifiersData["arrow#persistent"].padding:BA(),at=J[G],Ct=J[Rt],Xt=bl(0,X[U],L[U]),ze=Y?X[U]/2-yt-Xt-at-Pt.mainAxis:dt-Xt-at-Pt.mainAxis,Qe=Y?-X[U]/2+yt+Xt+Ct+Pt.mainAxis:j+Xt+Ct+Pt.mainAxis,_n=e.elements.arrow&&nc(e.elements.arrow),W=_n?y==="y"?_n.clientTop||0:_n.clientLeft||0:0,z=(M=vt?.[y])!=null?M:0,rt=w+ze-z-W,gt=w+Qe-z,mt=bl(b?td(ct,rt):ct,w,b?mo(St,gt):St);P[y]=mt,et[y]=mt-w}if(c){var ht,wt=y==="x"?ar:lr,tt=y==="x"?$r:Fr,nt=P[K],st=K==="y"?"height":"width",Wt=nt+O[wt],bt=nt-O[tt],Mt=[ar,lr].indexOf(R)!==-1,Kt=(ht=vt?.[K])!=null?ht:0,ne=Mt?Wt:nt-X[st]-ot[st]-Kt+Pt.altAxis,fe=Mt?nt+X[st]+ot[st]-Kt-Pt.altAxis:bt,ue=b&&Mt?jP(ne,nt,fe):bl(b?ne:Wt,nt,b?fe:bt);P[K]=ue,et[K]=ue-nt}e.modifiersData[r]=et}}var y4={name:"preventOverflow",enabled:!0,phase:"main",fn:b4,requiresIfExists:["offset"]};function C4(t){return{scrollLeft:t.scrollLeft,scrollTop:t.scrollTop}}function I4(t){return t===ii(t)||!Mr(t)?j0(t):C4(t)}function N4(t){var e=t.getBoundingClientRect(),n=Ra(e.width)/t.offsetWidth||1,r=Ra(e.height)/t.offsetHeight||1;return n!==1||r!==1}function x4(t,e,n){n===void 0&&(n=!1);var r=Mr(e),i=Mr(e)&&N4(e),o=Hs(e),l=Oa(t,i),c={scrollLeft:0,scrollTop:0},u={x:0,y:0};return(r||!r&&!n)&&((yi(e)!=="body"||Q0(o))&&(c=I4(e)),Mr(e)?(u=Oa(e,!0),u.x+=e.clientLeft,u.y+=e.clientTop):o&&(u.x=J0(o))),{x:l.left+c.scrollLeft-u.x,y:l.top+c.scrollTop-u.y,width:l.width,height:l.height}}function w4(t){var e=new Map,n=new Set,r=[];t.forEach(function(o){e.set(o.name,o)});function i(o){n.add(o.name);var l=[].concat(o.requires||[],o.requiresIfExists||[]);l.forEach(function(c){if(!n.has(c)){var u=e.get(c);u&&i(u)}}),r.push(o)}return t.forEach(function(o){n.has(o.name)||i(o)}),r}function k4(t){var e=w4(t);return GP.reduce(function(n,r){return n.concat(e.filter(function(i){return i.phase===r}))},[])}function B4(t){var e;return function(){return e||(e=new Promise(function(n){Promise.resolve().then(function(){e=void 0,n(t())})})),e}}function D4(t){var e=t.reduce(function(n,r){var i=n[r.name];return n[r.name]=i?Object.assign({},i,r,{options:Object.assign({},i.options,r.options),data:Object.assign({},i.data,r.data)}):r,n},{});return Object.keys(e).map(function(n){return e[n]})}var t1={placement:"bottom",modifiers:[],strategy:"absolute"};function e1(){for(var t=arguments.length,e=new Array(t),n=0;n<t;n++)e[n]=arguments[n];return!e.some(function(r){return!(r&&typeof r.getBoundingClientRect=="function")})}function P4(t){t===void 0&&(t={});var e=t,n=e.defaultModifiers,r=n===void 0?[]:n,i=e.defaultOptions,o=i===void 0?t1:i;return function(c,u,_){_===void 0&&(_=o);var f={placement:"bottom",orderedModifiers:[],options:Object.assign({},t1,o),modifiersData:{},elements:{reference:c,popper:u},attributes:{},styles:{}},E=[],A=!1,b={state:f,setOptions:function(R){var x=typeof R=="function"?R(f.options):R;S(),f.options=Object.assign({},o,f.options,x),f.scrollParents={reference:va(c)?yl(c):c.contextElement?yl(c.contextElement):[],popper:yl(u)};var Y=k4(D4([].concat(r,f.options.modifiers)));return f.orderedModifiers=Y.filter(function(y){return y.enabled}),k(),b.update()},forceUpdate:function(){if(!A){var R=f.elements,x=R.reference,Y=R.popper;if(e1(x,Y)){f.rects={reference:x4(x,nc(Y),f.options.strategy==="fixed"),popper:Y0(Y)},f.reset=!1,f.placement=f.options.placement,f.orderedModifiers.forEach(function(Pt){return f.modifiersData[Pt.name]=Object.assign({},Pt.data)});for(var y=0;y<f.orderedModifiers.length;y++){if(f.reset===!0){f.reset=!1,y=-1;continue}var K=f.orderedModifiers[y],P=K.fn,X=K.options,ot=X===void 0?{}:X,xt=K.name;typeof P=="function"&&(f=P({state:f,options:ot,name:xt,instance:b})||f)}}}},update:B4(function(){return new Promise(function(O){b.forceUpdate(),O(f)})}),destroy:function(){S(),A=!0}};if(!e1(c,u))return b;b.setOptions(_).then(function(O){!A&&_.onFirstUpdate&&_.onFirstUpdate(O)});function k(){f.orderedModifiers.forEach(function(O){var R=O.name,x=O.options,Y=x===void 0?{}:x,y=O.effect;if(typeof y=="function"){var K=y({state:f,name:R,instance:b,options:Y}),P=function(){};E.push(K||P)}})}function S(){E.forEach(function(O){return O()}),E=[]}return b}}var M4=[o4,O4,i4,wA,v4,E4,y4,t4,T4],H4=P4({defaultModifiers:M4}),W4="tippy-box",WA="tippy-content",UA="tippy-backdrop",$A="tippy-arrow",FA="tippy-svg-arrow",so={passive:!0,capture:!0},VA=function(){return document.body};function Fp(t,e,n){if(Array.isArray(t)){var r=t[e];return r??(Array.isArray(n)?n[e]:n)}return t}function Z0(t,e){var n={}.toString.call(t);return n.indexOf("[object")===0&&n.indexOf(e+"]")>-1}function zA(t,e){return typeof t=="function"?t.apply(void 0,e):t}function n1(t,e){if(e===0)return t;var n;return function(r){clearTimeout(n),n=setTimeout(function(){t(r)},e)}}function U4(t,e){var n=Object.assign({},t);return e.forEach(function(r){delete n[r]}),n}function $4(t){return t.split(/\s+/).filter(Boolean)}function lo(t){return[].concat(t)}function r1(t,e){t.indexOf(e)===-1&&t.push(e)}function F4(t){return t.filter(function(e,n){return t.indexOf(e)===n})}function GA(t){return t.split("-")[0]}function ba(t){return[].slice.call(t)}function i1(t){return Object.keys(t).reduce(function(e,n){return t[n]!==void 0&&(e[n]=t[n]),e},{})}function Eo(){return document.createElement("div")}function Md(t){return["Element","Fragment"].some(function(e){return Z0(t,e)})}function V4(t){return Z0(t,"NodeList")}function t_(t){return Z0(t,"MouseEvent")}function z4(t){return!!(t&&t._tippy&&t._tippy.reference===t)}function G4(t){return Md(t)?[t]:V4(t)?ba(t):Array.isArray(t)?t:ba(document.querySelectorAll(t))}function Vp(t,e){t.forEach(function(n){n&&(n.style.transitionDuration=e+"ms")})}function Ul(t,e){t.forEach(function(n){n&&n.setAttribute("data-state",e)})}function XA(t){var e,n=lo(t),r=n[0];return r!=null&&(e=r.ownerDocument)!=null&&e.body?r.ownerDocument:document}function X4(t,e){var n=e.clientX,r=e.clientY;return t.every(function(i){var o=i.popperRect,l=i.popperState,c=i.props,u=c.interactiveBorder,_=GA(l.placement),f=l.modifiersData.offset;if(!f)return!0;var E=_==="bottom"?f.top.y:0,A=_==="top"?f.bottom.y:0,b=_==="right"?f.left.x:0,k=_==="left"?f.right.x:0,S=o.top-r+E>u,O=r-o.bottom-A>u,R=o.left-n+b>u,x=n-o.right-k>u;return S||O||R||x})}function zp(t,e,n){var r=e+"EventListener";["transitionend","webkitTransitionEnd"].forEach(function(i){t[r](i,n)})}function s1(t,e){for(var n=e;n;){var r;if(t.contains(n))return!0;n=n.getRootNode==null||(r=n.getRootNode())==null?void 0:r.host}return!1}var _i={isTouch:!1},o1=0;function K4(){_i.isTouch||(_i.isTouch=!0,window.performance&&document.addEventListener("mousemove",KA))}function KA(){var t=performance.now();t-o1<20&&(_i.isTouch=!1,document.removeEventListener("mousemove",KA)),o1=t}function Y4(){var t=document.activeElement;if(z4(t)){var e=t._tippy;t.blur&&!e.state.isVisible&&t.blur()}}function q4(){document.addEventListener("touchstart",K4,so),window.addEventListener("blur",Y4)}var j4=typeof window<"u"&&typeof document<"u",J4=j4?!!window.msCrypto:!1,Q4={animateFill:!1,followCursor:!1,inlinePositioning:!1,sticky:!1},Z4={allowHTML:!1,animation:"fade",arrow:!0,content:"",inertia:!1,maxWidth:350,role:"tooltip",theme:"",zIndex:9999},ei=Object.assign({appendTo:VA,aria:{content:"auto",expanded:"auto"},delay:0,duration:[300,250],getReferenceClientRect:null,hideOnClick:!0,ignoreAttributes:!1,interactive:!1,interactiveBorder:2,interactiveDebounce:0,moveTransition:"",offset:[0,10],onAfterUpdate:function(){},onBeforeUpdate:function(){},onCreate:function(){},onDestroy:function(){},onHidden:function(){},onHide:function(){},onMount:function(){},onShow:function(){},onShown:function(){},onTrigger:function(){},onUntrigger:function(){},onClickOutside:function(){},placement:"top",plugins:[],popperOptions:{},render:null,showOnCreate:!1,touch:!0,trigger:"mouseenter focus",triggerTarget:null},Q4,Z4),t3=Object.keys(ei),e3=function(e){var n=Object.keys(e);n.forEach(function(r){ei[r]=e[r]})};function YA(t){var e=t.plugins||[],n=e.reduce(function(r,i){var o=i.name,l=i.defaultValue;if(o){var c;r[o]=t[o]!==void 0?t[o]:(c=ei[o])!=null?c:l}return r},{});return Object.assign({},t,n)}function n3(t,e){var n=e?Object.keys(YA(Object.assign({},ei,{plugins:e}))):t3,r=n.reduce(function(i,o){var l=(t.getAttribute("data-tippy-"+o)||"").trim();if(!l)return i;if(o==="content")i[o]=l;else try{i[o]=JSON.parse(l)}catch{i[o]=l}return i},{});return r}function a1(t,e){var n=Object.assign({},e,{content:zA(e.content,[t])},e.ignoreAttributes?{}:n3(t,e.plugins));return n.aria=Object.assign({},ei.aria,n.aria),n.aria={expanded:n.aria.expanded==="auto"?e.interactive:n.aria.expanded,content:n.aria.content==="auto"?e.interactive?null:"describedby":n.aria.content},n}var r3=function(){return"innerHTML"};function Lh(t,e){t[r3()]=e}function l1(t){var e=Eo();return t===!0?e.className=$A:(e.className=FA,Md(t)?e.appendChild(t):Lh(e,t)),e}function c1(t,e){Md(e.content)?(Lh(t,""),t.appendChild(e.content)):typeof e.content!="function"&&(e.allowHTML?Lh(t,e.content):t.textContent=e.content)}function ed(t){var e=t.firstElementChild,n=ba(e.children);return{box:e,content:n.find(function(r){return r.classList.contains(WA)}),arrow:n.find(function(r){return r.classList.contains($A)||r.classList.contains(FA)}),backdrop:n.find(function(r){return r.classList.contains(UA)})}}function qA(t){var e=Eo(),n=Eo();n.className=W4,n.setAttribute("data-state","hidden"),n.setAttribute("tabindex","-1");var r=Eo();r.className=WA,r.setAttribute("data-state","hidden"),c1(r,t.props),e.appendChild(n),n.appendChild(r),i(t.props,t.props);function i(o,l){var c=ed(e),u=c.box,_=c.content,f=c.arrow;l.theme?u.setAttribute("data-theme",l.theme):u.removeAttribute("data-theme"),typeof l.animation=="string"?u.setAttribute("data-animation",l.animation):u.removeAttribute("data-animation"),l.inertia?u.setAttribute("data-inertia",""):u.removeAttribute("data-inertia"),u.style.maxWidth=typeof l.maxWidth=="number"?l.maxWidth+"px":l.maxWidth,l.role?u.setAttribute("role",l.role):u.removeAttribute("role"),(o.content!==l.content||o.allowHTML!==l.allowHTML)&&c1(_,t.props),l.arrow?f?o.arrow!==l.arrow&&(u.removeChild(f),u.appendChild(l1(l.arrow))):u.appendChild(l1(l.arrow)):f&&u.removeChild(f)}return{popper:e,onUpdate:i}}qA.$$tippy=!0;var i3=1,fu=[],Gp=[];function s3(t,e){var n=a1(t,Object.assign({},ei,YA(i1(e)))),r,i,o,l=!1,c=!1,u=!1,_=!1,f,E,A,b=[],k=n1(rt,n.interactiveDebounce),S,O=i3++,R=null,x=F4(n.plugins),Y={isEnabled:!0,isVisible:!1,isDestroyed:!1,isMounted:!1,isShown:!1},y={id:O,reference:t,popper:Eo(),popperInstance:R,props:n,state:Y,plugins:x,clearDelayTimeouts:ne,setProps:fe,setContent:ue,show:on,hide:an,hideWithInteractivity:Sn,enable:Mt,disable:Kt,unmount:An,destroy:cr};if(!n.render)return y;var K=n.render(y),P=K.popper,X=K.onUpdate;P.setAttribute("data-tippy-root",""),P.id="tippy-"+y.id,y.popper=P,t._tippy=y,P._tippy=y;var ot=x.map(function(lt){return lt.fn(y)}),xt=t.hasAttribute("aria-expanded");return _n(),yt(),w(),ct("onCreate",[y]),n.showOnCreate&&Wt(),P.addEventListener("mouseenter",function(){y.props.interactive&&y.state.isVisible&&y.clearDelayTimeouts()}),P.addEventListener("mouseleave",function(){y.props.interactive&&y.props.trigger.indexOf("mouseenter")>=0&&G().addEventListener("mousemove",k)}),y;function Pt(){var lt=y.props.touch;return Array.isArray(lt)?lt:[lt,0]}function vt(){return Pt()[0]==="hold"}function et(){var lt;return!!((lt=y.props.render)!=null&&lt.$$tippy)}function M(){return S||t}function G(){var lt=M().parentNode;return lt?XA(lt):document}function Rt(){return ed(P)}function U(lt){return y.state.isMounted&&!y.state.isVisible||_i.isTouch||f&&f.type==="focus"?0:Fp(y.props.delay,lt?0:1,ei.delay)}function w(lt){lt===void 0&&(lt=!1),P.style.pointerEvents=y.props.interactive&&!lt?"":"none",P.style.zIndex=""+y.props.zIndex}function ct(lt,Ht,Gt){if(Gt===void 0&&(Gt=!0),ot.forEach(function(Ae){Ae[lt]&&Ae[lt].apply(Ae,Ht)}),Gt){var Oe;(Oe=y.props)[lt].apply(Oe,Ht)}}function St(){var lt=y.props.aria;if(lt.content){var Ht="aria-"+lt.content,Gt=P.id,Oe=lo(y.props.triggerTarget||t);Oe.forEach(function(Ae){var mn=Ae.getAttribute(Ht);if(y.state.isVisible)Ae.setAttribute(Ht,mn?mn+" "+Gt:Gt);else{var yn=mn&&mn.replace(Gt,"").trim();yn?Ae.setAttribute(Ht,yn):Ae.removeAttribute(Ht)}})}}function yt(){if(!(xt||!y.props.aria.expanded)){var lt=lo(y.props.triggerTarget||t);lt.forEach(function(Ht){y.props.interactive?Ht.setAttribute("aria-expanded",y.state.isVisible&&Ht===M()?"true":"false"):Ht.removeAttribute("aria-expanded")})}}function dt(){G().removeEventListener("mousemove",k),fu=fu.filter(function(lt){return lt!==k})}function j(lt){if(!(_i.isTouch&&(u||lt.type==="mousedown"))){var Ht=lt.composedPath&&lt.composedPath()[0]||lt.target;if(!(y.props.interactive&&s1(P,Ht))){if(lo(y.props.triggerTarget||t).some(function(Gt){return s1(Gt,Ht)})){if(_i.isTouch||y.state.isVisible&&y.props.trigger.indexOf("click")>=0)return}else ct("onClickOutside",[y,lt]);y.props.hideOnClick===!0&&(y.clearDelayTimeouts(),y.hide(),c=!0,setTimeout(function(){c=!1}),y.state.isMounted||at())}}}function D(){u=!0}function L(){u=!1}function J(){var lt=G();lt.addEventListener("mousedown",j,!0),lt.addEventListener("touchend",j,so),lt.addEventListener("touchstart",L,so),lt.addEventListener("touchmove",D,so)}function at(){var lt=G();lt.removeEventListener("mousedown",j,!0),lt.removeEventListener("touchend",j,so),lt.removeEventListener("touchstart",L,so),lt.removeEventListener("touchmove",D,so)}function Ct(lt,Ht){ze(lt,function(){!y.state.isVisible&&P.parentNode&&P.parentNode.contains(P)&&Ht()})}function Xt(lt,Ht){ze(lt,Ht)}function ze(lt,Ht){var Gt=Rt().box;function Oe(Ae){Ae.target===Gt&&(zp(Gt,"remove",Oe),Ht())}if(lt===0)return Ht();zp(Gt,"remove",E),zp(Gt,"add",Oe),E=Oe}function Qe(lt,Ht,Gt){Gt===void 0&&(Gt=!1);var Oe=lo(y.props.triggerTarget||t);Oe.forEach(function(Ae){Ae.addEventListener(lt,Ht,Gt),b.push({node:Ae,eventType:lt,handler:Ht,options:Gt})})}function _n(){vt()&&(Qe("touchstart",z,{passive:!0}),Qe("touchend",gt,{passive:!0})),$4(y.props.trigger).forEach(function(lt){if(lt!=="manual")switch(Qe(lt,z),lt){case"mouseenter":Qe("mouseleave",gt);break;case"focus":Qe(J4?"focusout":"blur",mt);break;case"focusin":Qe("focusout",mt);break}})}function W(){b.forEach(function(lt){var Ht=lt.node,Gt=lt.eventType,Oe=lt.handler,Ae=lt.options;Ht.removeEventListener(Gt,Oe,Ae)}),b=[]}function z(lt){var Ht,Gt=!1;if(!(!y.state.isEnabled||ht(lt)||c)){var Oe=((Ht=f)==null?void 0:Ht.type)==="focus";f=lt,S=lt.currentTarget,yt(),!y.state.isVisible&&t_(lt)&&fu.forEach(function(Ae){return Ae(lt)}),lt.type==="click"&&(y.props.trigger.indexOf("mouseenter")<0||l)&&y.props.hideOnClick!==!1&&y.state.isVisible?Gt=!0:Wt(lt),lt.type==="click"&&(l=!Gt),Gt&&!Oe&&bt(lt)}}function rt(lt){var Ht=lt.target,Gt=M().contains(Ht)||P.contains(Ht);if(!(lt.type==="mousemove"&&Gt)){var Oe=st().concat(P).map(function(Ae){var mn,yn=Ae._tippy,Gr=(mn=yn.popperInstance)==null?void 0:mn.state;return Gr?{popperRect:Ae.getBoundingClientRect(),popperState:Gr,props:n}:null}).filter(Boolean);X4(Oe,lt)&&(dt(),bt(lt))}}function gt(lt){var Ht=ht(lt)||y.props.trigger.indexOf("click")>=0&&l;if(!Ht){if(y.props.interactive){y.hideWithInteractivity(lt);return}bt(lt)}}function mt(lt){y.props.trigger.indexOf("focusin")<0&&lt.target!==M()||y.props.interactive&&lt.relatedTarget&&P.contains(lt.relatedTarget)||bt(lt)}function ht(lt){return _i.isTouch?vt()!==lt.type.indexOf("touch")>=0:!1}function wt(){tt();var lt=y.props,Ht=lt.popperOptions,Gt=lt.placement,Oe=lt.offset,Ae=lt.getReferenceClientRect,mn=lt.moveTransition,yn=et()?ed(P).arrow:null,Gr=Ae?{getBoundingClientRect:Ae,contextElement:Ae.contextElement||M()}:t,os={name:"$$tippy",enabled:!0,phase:"beforeWrite",requires:["computeStyles"],fn:function(pt){var Dt=pt.state;if(et()){var ae=Rt(),Ge=ae.box;["placement","reference-hidden","escaped"].forEach(function($e){$e==="placement"?Ge.setAttribute("data-placement",Dt.placement):Dt.attributes.popper["data-popper-"+$e]?Ge.setAttribute("data-"+$e,""):Ge.removeAttribute("data-"+$e)}),Dt.attributes.popper={}}}},Dn=[{name:"offset",options:{offset:Oe}},{name:"preventOverflow",options:{padding:{top:2,bottom:2,left:5,right:5}}},{name:"flip",options:{padding:5}},{name:"computeStyles",options:{adaptive:!mn}},os];et()&&yn&&Dn.push({name:"arrow",options:{element:yn,padding:3}}),Dn.push.apply(Dn,Ht?.modifiers||[]),y.popperInstance=H4(Gr,P,Object.assign({},Ht,{placement:Gt,onFirstUpdate:A,modifiers:Dn}))}function tt(){y.popperInstance&&(y.popperInstance.destroy(),y.popperInstance=null)}function nt(){var lt=y.props.appendTo,Ht,Gt=M();y.props.interactive&&lt===VA||lt==="parent"?Ht=Gt.parentNode:Ht=zA(lt,[Gt]),Ht.contains(P)||Ht.appendChild(P),y.state.isMounted=!0,wt()}function st(){return ba(P.querySelectorAll("[data-tippy-root]"))}function Wt(lt){y.clearDelayTimeouts(),lt&&ct("onTrigger",[y,lt]),J();var Ht=U(!0),Gt=Pt(),Oe=Gt[0],Ae=Gt[1];_i.isTouch&&Oe==="hold"&&Ae&&(Ht=Ae),Ht?r=setTimeout(function(){y.show()},Ht):y.show()}function bt(lt){if(y.clearDelayTimeouts(),ct("onUntrigger",[y,lt]),!y.state.isVisible){at();return}if(!(y.props.trigger.indexOf("mouseenter")>=0&&y.props.trigger.indexOf("click")>=0&&["mouseleave","mousemove"].indexOf(lt.type)>=0&&l)){var Ht=U(!1);Ht?i=setTimeout(function(){y.state.isVisible&&y.hide()},Ht):o=requestAnimationFrame(function(){y.hide()})}}function Mt(){y.state.isEnabled=!0}function Kt(){y.hide(),y.state.isEnabled=!1}function ne(){clearTimeout(r),clearTimeout(i),cancelAnimationFrame(o)}function fe(lt){if(!y.state.isDestroyed){ct("onBeforeUpdate",[y,lt]),W();var Ht=y.props,Gt=a1(t,Object.assign({},Ht,i1(lt),{ignoreAttributes:!0}));y.props=Gt,_n(),Ht.interactiveDebounce!==Gt.interactiveDebounce&&(dt(),k=n1(rt,Gt.interactiveDebounce)),Ht.triggerTarget&&!Gt.triggerTarget?lo(Ht.triggerTarget).forEach(function(Oe){Oe.removeAttribute("aria-expanded")}):Gt.triggerTarget&&t.removeAttribute("aria-expanded"),yt(),w(),X&&X(Ht,Gt),y.popperInstance&&(wt(),st().forEach(function(Oe){requestAnimationFrame(Oe._tippy.popperInstance.forceUpdate)})),ct("onAfterUpdate",[y,lt])}}function ue(lt){y.setProps({content:lt})}function on(){var lt=y.state.isVisible,Ht=y.state.isDestroyed,Gt=!y.state.isEnabled,Oe=_i.isTouch&&!y.props.touch,Ae=Fp(y.props.duration,0,ei.duration);if(!(lt||Ht||Gt||Oe)&&!M().hasAttribute("disabled")&&(ct("onShow",[y],!1),y.props.onShow(y)!==!1)){if(y.state.isVisible=!0,et()&&(P.style.visibility="visible"),w(),J(),y.state.isMounted||(P.style.transition="none"),et()){var mn=Rt(),yn=mn.box,Gr=mn.content;Vp([yn,Gr],0)}A=function(){var Dn;if(!(!y.state.isVisible||_)){if(_=!0,P.offsetHeight,P.style.transition=y.props.moveTransition,et()&&y.props.animation){var $=Rt(),pt=$.box,Dt=$.content;Vp([pt,Dt],Ae),Ul([pt,Dt],"visible")}St(),yt(),r1(Gp,y),(Dn=y.popperInstance)==null||Dn.forceUpdate(),ct("onMount",[y]),y.props.animation&&et()&&Xt(Ae,function(){y.state.isShown=!0,ct("onShown",[y])})}},nt()}}function an(){var lt=!y.state.isVisible,Ht=y.state.isDestroyed,Gt=!y.state.isEnabled,Oe=Fp(y.props.duration,1,ei.duration);if(!(lt||Ht||Gt)&&(ct("onHide",[y],!1),y.props.onHide(y)!==!1)){if(y.state.isVisible=!1,y.state.isShown=!1,_=!1,l=!1,et()&&(P.style.visibility="hidden"),dt(),at(),w(!0),et()){var Ae=Rt(),mn=Ae.box,yn=Ae.content;y.props.animation&&(Vp([mn,yn],Oe),Ul([mn,yn],"hidden"))}St(),yt(),y.props.animation?et()&&Ct(Oe,y.unmount):y.unmount()}}function Sn(lt){G().addEventListener("mousemove",k),r1(fu,k),k(lt)}function An(){y.state.isVisible&&y.hide(),y.state.isMounted&&(tt(),st().forEach(function(lt){lt._tippy.unmount()}),P.parentNode&&P.parentNode.removeChild(P),Gp=Gp.filter(function(lt){return lt!==y}),y.state.isMounted=!1,ct("onHidden",[y]))}function cr(){y.state.isDestroyed||(y.clearDelayTimeouts(),y.unmount(),W(),delete t._tippy,y.state.isDestroyed=!0,ct("onDestroy",[y]))}}function Zt(t,e){e===void 0&&(e={});var n=ei.plugins.concat(e.plugins||[]);q4();var r=Object.assign({},e,{plugins:n}),i=G4(t),o=i.reduce(function(l,c){var u=c&&s3(c,r);return u&&l.push(u),l},[]);return Md(t)?o[0]:o}Zt.defaultProps=ei;Zt.setDefaultProps=e3;Zt.currentInput=_i;var o3=Object.assign({},wA,{effect:function(e){var n=e.state,r={popper:{position:n.options.strategy,left:"0",top:"0",margin:"0"},arrow:{position:"absolute"},reference:{}};Object.assign(n.elements.popper.style,r.popper),n.styles=r,n.elements.arrow&&Object.assign(n.elements.arrow.style,r.arrow)}}),a3=function(e,n){var r;n===void 0&&(n={});var i=e,o=[],l=[],c,u=n.overrides,_=[],f=!1;function E(){l=i.map(function(y){return lo(y.props.triggerTarget||y.reference)}).reduce(function(y,K){return y.concat(K)},[])}function A(){o=i.map(function(y){return y.reference})}function b(y){i.forEach(function(K){y?K.enable():K.disable()})}function k(y){return i.map(function(K){var P=K.setProps;return K.setProps=function(X){P(X),K.reference===c&&y.setProps(X)},function(){K.setProps=P}})}function S(y,K){var P=l.indexOf(K);if(K!==c){c=K;var X=(u||[]).concat("content").reduce(function(ot,xt){return ot[xt]=i[P].props[xt],ot},{});y.setProps(Object.assign({},X,{getReferenceClientRect:typeof X.getReferenceClientRect=="function"?X.getReferenceClientRect:function(){var ot;return(ot=o[P])==null?void 0:ot.getBoundingClientRect()}}))}}b(!1),A(),E();var O={fn:function(){return{onDestroy:function(){b(!0)},onHidden:function(){c=null},onClickOutside:function(P){P.props.showOnCreate&&!f&&(f=!0,c=null)},onShow:function(P){P.props.showOnCreate&&!f&&(f=!0,S(P,o[0]))},onTrigger:function(P,X){S(P,X.currentTarget)}}}},R=Zt(Eo(),Object.assign({},U4(n,["overrides"]),{plugins:[O].concat(n.plugins||[]),triggerTarget:l,popperOptions:Object.assign({},n.popperOptions,{modifiers:[].concat(((r=n.popperOptions)==null?void 0:r.modifiers)||[],[o3])})})),x=R.show;R.show=function(y){if(x(),!c&&y==null)return S(R,o[0]);if(!(c&&y==null)){if(typeof y=="number")return o[y]&&S(R,o[y]);if(i.indexOf(y)>=0){var K=y.reference;return S(R,K)}if(o.indexOf(y)>=0)return S(R,y)}},R.showNext=function(){var y=o[0];if(!c)return R.show(0);var K=o.indexOf(c);R.show(o[K+1]||y)},R.showPrevious=function(){var y=o[o.length-1];if(!c)return R.show(y);var K=o.indexOf(c),P=o[K-1]||y;R.show(P)};var Y=R.setProps;return R.setProps=function(y){u=y.overrides||u,Y(y)},R.setInstances=function(y){b(!0),_.forEach(function(K){return K()}),i=y,b(!1),A(),E(),_=k(R),R.setProps({triggerTarget:l})},_=k(R),R},l3={name:"animateFill",defaultValue:!1,fn:function(e){var n;if(!((n=e.props.render)!=null&&n.$$tippy))return{};var r=ed(e.popper),i=r.box,o=r.content,l=e.props.animateFill?c3():null;return{onCreate:function(){l&&(i.insertBefore(l,i.firstElementChild),i.setAttribute("data-animatefill",""),i.style.overflow="hidden",e.setProps({arrow:!1,animation:"shift-away"}))},onMount:function(){if(l){var u=i.style.transitionDuration,_=Number(u.replace("ms",""));o.style.transitionDelay=Math.round(_/10)+"ms",l.style.transitionDuration=u,Ul([l],"visible")}},onShow:function(){l&&(l.style.transitionDuration="0ms")},onHide:function(){l&&Ul([l],"hidden")}}}};function c3(){var t=Eo();return t.className=UA,Ul([t],"hidden"),t}var bh={clientX:0,clientY:0},pu=[];function jA(t){var e=t.clientX,n=t.clientY;bh={clientX:e,clientY:n}}function u3(t){t.addEventListener("mousemove",jA)}function d3(t){t.removeEventListener("mousemove",jA)}var f3={name:"followCursor",defaultValue:!1,fn:function(e){var n=e.reference,r=XA(e.props.triggerTarget||n),i=!1,o=!1,l=!0,c=e.props;function u(){return e.props.followCursor==="initial"&&e.state.isVisible}function _(){r.addEventListener("mousemove",A)}function f(){r.removeEventListener("mousemove",A)}function E(){i=!0,e.setProps({getReferenceClientRect:null}),i=!1}function A(S){var O=S.target?n.contains(S.target):!0,R=e.props.followCursor,x=S.clientX,Y=S.clientY,y=n.getBoundingClientRect(),K=x-y.left,P=Y-y.top;(O||!e.props.interactive)&&e.setProps({getReferenceClientRect:function(){var ot=n.getBoundingClientRect(),xt=x,Pt=Y;R==="initial"&&(xt=ot.left+K,Pt=ot.top+P);var vt=R==="horizontal"?ot.top:Pt,et=R==="vertical"?ot.right:xt,M=R==="horizontal"?ot.bottom:Pt,G=R==="vertical"?ot.left:xt;return{width:et-G,height:M-vt,top:vt,right:et,bottom:M,left:G}}})}function b(){e.props.followCursor&&(pu.push({instance:e,doc:r}),u3(r))}function k(){pu=pu.filter(function(S){return S.instance!==e}),pu.filter(function(S){return S.doc===r}).length===0&&d3(r)}return{onCreate:b,onDestroy:k,onBeforeUpdate:function(){c=e.props},onAfterUpdate:function(O,R){var x=R.followCursor;i||x!==void 0&&c.followCursor!==x&&(k(),x?(b(),e.state.isMounted&&!o&&!u()&&_()):(f(),E()))},onMount:function(){e.props.followCursor&&!o&&(l&&(A(bh),l=!1),u()||_())},onTrigger:function(O,R){t_(R)&&(bh={clientX:R.clientX,clientY:R.clientY}),o=R.type==="focus"},onHidden:function(){e.props.followCursor&&(E(),f(),l=!0)}}}};function p3(t,e){var n;return{popperOptions:Object.assign({},t.popperOptions,{modifiers:[].concat((((n=t.popperOptions)==null?void 0:n.modifiers)||[]).filter(function(r){var i=r.name;return i!==e.name}),[e])})}}var h3={name:"inlinePositioning",defaultValue:!1,fn:function(e){var n=e.reference;function r(){return!!e.props.inlinePositioning}var i,o=-1,l=!1,c=[],u={name:"tippyInlinePositioning",enabled:!0,phase:"afterWrite",fn:function(b){var k=b.state;r()&&(c.indexOf(k.placement)!==-1&&(c=[]),i!==k.placement&&c.indexOf(k.placement)===-1&&(c.push(k.placement),e.setProps({getReferenceClientRect:function(){return _(k.placement)}})),i=k.placement)}};function _(A){return _3(GA(A),n.getBoundingClientRect(),ba(n.getClientRects()),o)}function f(A){l=!0,e.setProps(A),l=!1}function E(){l||f(p3(e.props,u))}return{onCreate:E,onAfterUpdate:E,onTrigger:function(b,k){if(t_(k)){var S=ba(e.reference.getClientRects()),O=S.find(function(x){return x.left-2<=k.clientX&&x.right+2>=k.clientX&&x.top-2<=k.clientY&&x.bottom+2>=k.clientY}),R=S.indexOf(O);o=R>-1?R:o}},onHidden:function(){o=-1}}}};function _3(t,e,n,r){if(n.length<2||t===null)return e;if(n.length===2&&r>=0&&n[0].left>n[1].right)return n[r]||e;switch(t){case"top":case"bottom":{var i=n[0],o=n[n.length-1],l=t==="top",c=i.top,u=o.bottom,_=l?i.left:o.left,f=l?i.right:o.right,E=f-_,A=u-c;return{top:c,bottom:u,left:_,right:f,width:E,height:A}}case"left":case"right":{var b=Math.min.apply(Math,n.map(function(P){return P.left})),k=Math.max.apply(Math,n.map(function(P){return P.right})),S=n.filter(function(P){return t==="left"?P.left===b:P.right===k}),O=S[0].top,R=S[S.length-1].bottom,x=b,Y=k,y=Y-x,K=R-O;return{top:O,bottom:R,left:x,right:Y,width:y,height:K}}default:return e}}var m3={name:"sticky",defaultValue:!1,fn:function(e){var n=e.reference,r=e.popper;function i(){return e.popperInstance?e.popperInstance.state.elements.reference:n}function o(_){return e.props.sticky===!0||e.props.sticky===_}var l=null,c=null;function u(){var _=o("reference")?i().getBoundingClientRect():null,f=o("popper")?r.getBoundingClientRect():null;(_&&u1(l,_)||f&&u1(c,f))&&e.popperInstance&&e.popperInstance.update(),l=_,c=f,e.state.isMounted&&requestAnimationFrame(u)}return{onMount:function(){e.props.sticky&&u()}}}};function u1(t,e){return t&&e?t.top!==e.top||t.right!==e.right||t.bottom!==e.bottom||t.left!==e.left:!0}Zt.setDefaultProps({render:qA});Zt.setDefaultProps({onShow:t=>{if(!t.props.content)return!1}});const E3=t=>t instanceof Object&&"$"in t&&"$el"in t;function JA(t,e={},n={mount:!0,appName:"Tippy"}){n=Object.assign({mount:!0,appName:"Tippy"},n);const r=ex(),i=te(),o=te({isEnabled:!1,isVisible:!1,isDestroyed:!1,isMounted:!1,isShown:!1}),l=JN();let c=null;const u=()=>c||(c=document.createDocumentFragment(),c),_=X=>{let ot,xt=nn(X)?X.value:X;return fa(xt)?(l.value||(l.value=Pl({name:n.appName,setup:()=>()=>nn(X)?X.value:X}),r&&Object.assign(l.value._context,r.appContext),l.value.mount(u())),ot=()=>u()):typeof xt=="object"?(l.value||(l.value=Pl({name:n.appName,setup:()=>()=>vs(nn(X)?X.value:X)}),r&&Object.assign(l.value._context,r.appContext),l.value.mount(u())),ot=()=>u()):ot=xt,ot},f=X=>{let ot={};return nn(X)?ot=X.value||{}:Os(X)?ot={...X}:ot={...X},ot.content&&(ot.content=_(ot.content)),ot.triggerTarget&&(ot.triggerTarget=nn(ot.triggerTarget)?ot.triggerTarget.value:ot.triggerTarget),(!ot.plugins||!Array.isArray(ot.plugins))&&(ot.plugins=[]),ot.plugins=ot.plugins.filter(xt=>xt.name!=="vueTippyReactiveState"),ot.plugins.push({name:"vueTippyReactiveState",fn:()=>({onCreate(){o.value.isEnabled=!0},onMount(){o.value.isMounted=!0},onShow(){o.value.isMounted=!0,o.value.isVisible=!0},onShown(){o.value.isShown=!0},onHide(){o.value.isMounted=!1,o.value.isVisible=!1},onHidden(){o.value.isShown=!1},onUnmounted(){o.value.isMounted=!1},onDestroy(){o.value.isDestroyed=!0}})}),ot},E=()=>{i.value&&i.value.setProps(f(e))},A=()=>{!i.value||!e.content||i.value.setContent(_(e.content))},b=X=>{var ot;(ot=i.value)===null||ot===void 0||ot.setContent(_(X))},k=X=>{var ot;(ot=i.value)===null||ot===void 0||ot.setProps(f(X))},S=()=>{var X;i.value&&(i.value.destroy(),i.value=void 0),c=null,(X=l.value)===null||X===void 0||X.unmount(),l.value=void 0},O=()=>{var X;(X=i.value)===null||X===void 0||X.show()},R=()=>{var X;(X=i.value)===null||X===void 0||X.hide()},x=()=>{var X;(X=i.value)===null||X===void 0||X.disable(),o.value.isEnabled=!1},Y=()=>{var X;(X=i.value)===null||X===void 0||X.enable(),o.value.isEnabled=!0},y=()=>{var X;(X=i.value)===null||X===void 0||X.unmount()},K=()=>{if(!t)return;let X=nn(t)?t.value:t;typeof X=="function"&&(X=X()),E3(X)&&(X=X.$el),X&&(i.value=Zt(X,f(e)),X.$tippy=P)},P={tippy:i,refresh:E,refreshContent:A,setContent:b,setProps:k,destroy:S,hide:R,show:O,disable:x,enable:Y,unmount:y,mount:K,state:o};return n.mount&&(r?r.isMounted?K():Bs(K):K()),r&&L0(()=>{S()}),nn(e)||Os(e)?bn(e,E,{immediate:!1}):nn(e.content)&&bn(e.content,A,{immediate:!1}),P}function g3(t,e){const n=te();return Bs(()=>{const i=(Array.isArray(t)?t.map(o=>o.value):typeof t=="function"?t():t.value).map(o=>o instanceof Element?o._tippy:o).filter(Boolean);n.value=a3(i,e?{allowHTML:!0,...e}:{allowHTML:!0})}),{singleton:n}}function T3(t){return typeof t=="function"?t():p(t)}function S3(t){var e,n;const r=T3(t);return(n=(e=r)===null||e===void 0?void 0:e.$el)!==null&&n!==void 0?n:r}const A3=we({props:{to:{type:[String,Function]},tag:{type:[String,Object],default:"span"},contentTag:{type:[String,Object],default:"span"},contentClass:{type:String,default:null},appendTo:{default:()=>Zt.defaultProps.appendTo},aria:{default:()=>Zt.defaultProps.aria},delay:{default:()=>Zt.defaultProps.delay},duration:{default:()=>Zt.defaultProps.duration},getReferenceClientRect:{default:()=>Zt.defaultProps.getReferenceClientRect},hideOnClick:{type:[Boolean,String],default:()=>Zt.defaultProps.hideOnClick},ignoreAttributes:{type:Boolean,default:()=>Zt.defaultProps.ignoreAttributes},interactive:{type:Boolean,default:()=>Zt.defaultProps.interactive},interactiveBorder:{default:()=>Zt.defaultProps.interactiveBorder},interactiveDebounce:{default:()=>Zt.defaultProps.interactiveDebounce},moveTransition:{default:()=>Zt.defaultProps.moveTransition},offset:{default:()=>Zt.defaultProps.offset},onAfterUpdate:{default:()=>Zt.defaultProps.onAfterUpdate},onBeforeUpdate:{default:()=>Zt.defaultProps.onBeforeUpdate},onCreate:{default:()=>Zt.defaultProps.onCreate},onDestroy:{default:()=>Zt.defaultProps.onDestroy},onHidden:{default:()=>Zt.defaultProps.onHidden},onHide:{default:()=>Zt.defaultProps.onHide},onMount:{default:()=>Zt.defaultProps.onMount},onShow:{default:()=>Zt.defaultProps.onShow},onShown:{default:()=>Zt.defaultProps.onShown},onTrigger:{default:()=>Zt.defaultProps.onTrigger},onUntrigger:{default:()=>Zt.defaultProps.onUntrigger},onClickOutside:{default:()=>Zt.defaultProps.onClickOutside},placement:{default:()=>Zt.defaultProps.placement},plugins:{default:()=>Zt.defaultProps.plugins},popperOptions:{default:()=>Zt.defaultProps.popperOptions},render:{default:()=>Zt.defaultProps.render},showOnCreate:{type:Boolean,default:()=>Zt.defaultProps.showOnCreate},touch:{type:[Boolean,String,Array],default:()=>Zt.defaultProps.touch},trigger:{default:()=>Zt.defaultProps.trigger},triggerTarget:{default:()=>Zt.defaultProps.triggerTarget},animateFill:{type:Boolean,default:()=>Zt.defaultProps.animateFill},followCursor:{type:[Boolean,String],default:()=>Zt.defaultProps.followCursor},inlinePositioning:{type:Boolean,default:()=>Zt.defaultProps.inlinePositioning},sticky:{type:[Boolean,String],default:()=>Zt.defaultProps.sticky},allowHTML:{type:Boolean,default:()=>Zt.defaultProps.allowHTML},animation:{default:()=>Zt.defaultProps.animation},arrow:{default:()=>Zt.defaultProps.arrow},content:{default:()=>Zt.defaultProps.content},inertia:{default:()=>Zt.defaultProps.inertia},maxWidth:{default:()=>Zt.defaultProps.maxWidth},role:{default:()=>Zt.defaultProps.role},theme:{default:()=>Zt.defaultProps.theme},zIndex:{default:()=>Zt.defaultProps.zIndex}},emits:["state"],setup(t,{slots:e,emit:n,expose:r}){const i=te(),o=te(),l=te(),c=te(!1),u=()=>{let b={...t};for(const k of["to","tag","contentTag","contentClass"])b.hasOwnProperty(k)&&delete b[k];return b};let _=()=>S3(i);t.to&&(typeof Element<"u"&&t.to instanceof Element?_=()=>t.to:t.to==="parent"?_=()=>{let b=i.value;return b||(b=i.value=o.value.parentElement),b}:(typeof t.to=="string"||t.to instanceof String)&&(_=()=>document.querySelector(t.to)));const f=JA(_,u());let E=e.content;!E&&t.to==="parent"&&(E=e.default),Bs(()=>{c.value=!0,wl(()=>{E&&f.setContent(()=>l.value)})}),bn(f.state,()=>{n("state",p(f.state))},{immediate:!0,deep:!0}),bn(()=>t,()=>{f.setProps(u()),E&&f.setContent(()=>l.value)},{deep:!0});let A=Bn({elem:i,contentElem:l,mounted:c,...f});return r(A),()=>{const b=(typeof t.contentTag=="string",t.contentTag),k=E?vs(b,{ref:l,style:{display:c.value?"inherit":"none"},class:t.contentClass},E(A)):null;if(t.to==="parent"){const R=[];if(!i.value){const x=vs("span",{ref:o,"data-v-tippy":"",style:{display:"none"}});R.push(x)}return k&&R.push(k),R}const S=e.default?e.default(A):[];if(!t.tag){const R=vs(S[0],{ref:i,"data-v-tippy":""});return k?[R,k]:R}const O=(typeof t.tag=="string",t.tag);return vs(O,{ref:i,"data-v-tippy":""},k?[S,k]:S)}}}),v3=["a11y","allowHTML","arrow","flip","flipOnUpdate","hideOnClick","ignoreAttributes","inertia","interactive","lazy","multiple","showOnInit","touch","touchHold"];let yh={};Object.keys(Zt.defaultProps).forEach(t=>{v3.includes(t)?yh[t]={type:Boolean,default:function(){return Zt.defaultProps[t]}}:yh[t]={default:function(){return Zt.defaultProps[t]}}});const R3=we({props:yh,setup(t){const e=te([]),{singleton:n}=g3(e,t);return{instances:e,singleton:n}},mounted(){var t;const n=this.$el.parentElement.querySelectorAll("[data-v-tippy]");this.instances=Array.from(n).map(r=>r._tippy).filter(Boolean),(t=this.singleton)===null||t===void 0||t.setInstances(this.instances)},render(){let t=this.$slots.default?this.$slots.default():[];return vs(()=>t)}}),xe={mounted(t,e,n){const r=typeof e.value=="string"?{content:e.value}:e.value||{},i=Object.keys(e.modifiers||{}),o=i.find(c=>c!=="arrow"),l=i.findIndex(c=>c==="arrow")!==-1;o&&(r.placement=r.placement||o),l&&(r.arrow=r.arrow!==void 0?r.arrow:!0),n.props&&n.props.onTippyShow&&(r.onShow=function(...c){var u;return(u=n.props)===null||u===void 0?void 0:u.onTippyShow(...c)}),n.props&&n.props.onTippyShown&&(r.onShown=function(...c){var u;return(u=n.props)===null||u===void 0?void 0:u.onTippyShown(...c)}),n.props&&n.props.onTippyHidden&&(r.onHidden=function(...c){var u;return(u=n.props)===null||u===void 0?void 0:u.onTippyHidden(...c)}),n.props&&n.props.onTippyHide&&(r.onHide=function(...c){var u;return(u=n.props)===null||u===void 0?void 0:u.onTippyHide(...c)}),n.props&&n.props.onTippyMount&&(r.onMount=function(...c){var u;return(u=n.props)===null||u===void 0?void 0:u.onTippyMount(...c)}),t.getAttribute("title")&&!r.content&&(r.content=t.getAttribute("title"),t.removeAttribute("title")),t.getAttribute("content")&&!r.content&&(r.content=t.getAttribute("content")),JA(t,r)},unmounted(t){t.$tippy?t.$tippy.destroy():t._tippy&&t._tippy.destroy()},updated(t,e){const n=typeof e.value=="string"?{content:e.value}:e.value||{};n.content||(n.content=null),t.getAttribute("title")&&!n.content&&(n.content=t.getAttribute("title"),t.removeAttribute("title")),t.getAttribute("content")&&!n.content&&(n.content=t.getAttribute("content")),t.$tippy?t.$tippy.setProps(n||{}):t._tippy&&t._tippy.setProps(n||{})}},O3={install(t,e={}){Zt.setDefaultProps(e.defaultProps||{}),t.directive(e.directive||"tippy",xe),t.component(e.component||"tippy",A3),t.component(e.componentSingleton||"tippy-singleton",R3)}},L3=Zt.setDefaultProps;L3({ignoreAttributes:!0,plugins:[m3,h3,f3,l3]});const b3=["to"],d1=we({__name:"VLink",props:{to:{type:String,required:!0}},setup(t){const e=t,n=Re("currentPath"),r=i=>{i.preventDefault(),n.value=e.to};return(i,o)=>(N(),B("a",{to:t.to,onClick:r,href:""},[As(i.$slots,"default")],8,b3))}}),y3={class:"d-flex flex-column vh-100"},C3={class:"navbar container"},I3={key:0,class:"text-center ms-auto"},e_=we({__name:"MainLayout",props:{title:{}},setup(t){const e=t;return(n,r)=>(N(),B("div",y3,[T("div",C3,[e?.title?(N(),B("div",I3,ut(e?.title),1)):Z("",!0),r[2]||(r[2]=g()),Tt(d1,{class:"btn btn-secondary ms-auto",to:"/"},{default:ye(()=>r[0]||(r[0]=[g("New Plan")])),_:1,__:[0]}),r[3]||(r[3]=g()),Tt(d1,{class:"btn btn-link",to:"/about"},{default:ye(()=>r[1]||(r[1]=[g("About")])),_:1,__:[1]})]),r[4]||(r[4]=g()),As(n.$slots,"default")]))}}),N3=we({__name:"AboutView",setup(t){return(e,n)=>(N(),he(e_,null,{default:ye(()=>n[0]||(n[0]=[T("div",{class:"container"},[T("h2",null,"Disclaimer"),g(),T("p",null,[g(`
        This project is a rewrite of the excellent
        `),T("a",{href:"https://github.com/AlexTatiyants/pev"},"Postgres Explain Visualizer (pev)"),g(`. Kudos go to Alex Tatiyants.
      `)]),g(),T("p",null,[g(`
        The pev project was initialy written in early 2016 but seem to be
        abandonned since then. There was no activity at all for more than
        `),T("a",{href:"https://github.com/AlexTatiyants/pev/issues/42"},"3 years and counting"),g(`
        though there are
        `),T("a",{href:"https://github.com/AlexTatiyants/pev/issues"},"several issues open"),g(`
        and relevant pull requests pending.
      `)]),g(),T("h2",null,"Usage tips"),g(),T("p",null,[g(`
        To get the most out of it, we recommend generating a query plan using
        the following line:
        `),T("code",null,"EXPLAIN (ANALYZE, COSTS, VERBOSE, BUFFERS, FORMAT JSON)"),g(`. It
        is recommend submitting a (decently formatted) SQL query that generated
        the plan.
      `)]),g(),T("p",null,`
        PEV2 can also parse text although the JSON format usually has better
        support.
      `),g(),T("h2",null,"Help improve PEV2"),g(),T("p",null,"You can help us."),g(),T("p",null,[g(`
        Report issues or contribute to the code on
        `),T("a",{href:"https://github.com/dalibo/pev2"},"Github"),g(`.
      `)]),g(),T("hr"),g(),T("div",{class:"text-center text-secondary"},[T("b",null,"pev2"),g(` is brought to you by
        `),T("a",{href:"https://dalibo.com"},"Dalibo")])],-1)])),_:1,__:[0]}))}});/*!
 * Font Awesome Free 6.7.2 by @fontawesome - https://fontawesome.com
 * License - https://fontawesome.com/license/free (Icons: CC BY 4.0, Fonts: SIL OFL 1.1, Code: MIT License)
 * Copyright 2024 Fonticons, Inc.
 */function x3(t,e,n){return(e=k3(e))in t?Object.defineProperty(t,e,{value:n,enumerable:!0,configurable:!0,writable:!0}):t[e]=n,t}function f1(t,e){var n=Object.keys(t);if(Object.getOwnPropertySymbols){var r=Object.getOwnPropertySymbols(t);e&&(r=r.filter(function(i){return Object.getOwnPropertyDescriptor(t,i).enumerable})),n.push.apply(n,r)}return n}function It(t){for(var e=1;e<arguments.length;e++){var n=arguments[e]!=null?arguments[e]:{};e%2?f1(Object(n),!0).forEach(function(r){x3(t,r,n[r])}):Object.getOwnPropertyDescriptors?Object.defineProperties(t,Object.getOwnPropertyDescriptors(n)):f1(Object(n)).forEach(function(r){Object.defineProperty(t,r,Object.getOwnPropertyDescriptor(n,r))})}return t}function w3(t,e){if(typeof t!="object"||!t)return t;var n=t[Symbol.toPrimitive];if(n!==void 0){var r=n.call(t,e);if(typeof r!="object")return r;throw new TypeError("@@toPrimitive must return a primitive value.")}return(e==="string"?String:Number)(t)}function k3(t){var e=w3(t,"string");return typeof e=="symbol"?e:e+""}const p1=()=>{};let n_={},QA={},ZA=null,tv={mark:p1,measure:p1};try{typeof window<"u"&&(n_=window),typeof document<"u"&&(QA=document),typeof MutationObserver<"u"&&(ZA=MutationObserver),typeof performance<"u"&&(tv=performance)}catch{}const{userAgent:h1=""}=n_.navigator||{},Ns=n_,tn=QA,_1=ZA,hu=tv;Ns.document;const ss=!!tn.documentElement&&!!tn.head&&typeof tn.addEventListener=="function"&&typeof tn.createElement=="function",ev=~h1.indexOf("MSIE")||~h1.indexOf("Trident/");var B3=/fa(s|r|l|t|d|dr|dl|dt|b|k|kd|ss|sr|sl|st|sds|sdr|sdl|sdt)?[\-\ ]/,D3=/Font ?Awesome ?([56 ]*)(Solid|Regular|Light|Thin|Duotone|Brands|Free|Pro|Sharp Duotone|Sharp|Kit)?.*/i,nv={classic:{fa:"solid",fas:"solid","fa-solid":"solid",far:"regular","fa-regular":"regular",fal:"light","fa-light":"light",fat:"thin","fa-thin":"thin",fab:"brands","fa-brands":"brands"},duotone:{fa:"solid",fad:"solid","fa-solid":"solid","fa-duotone":"solid",fadr:"regular","fa-regular":"regular",fadl:"light","fa-light":"light",fadt:"thin","fa-thin":"thin"},sharp:{fa:"solid",fass:"solid","fa-solid":"solid",fasr:"regular","fa-regular":"regular",fasl:"light","fa-light":"light",fast:"thin","fa-thin":"thin"},"sharp-duotone":{fa:"solid",fasds:"solid","fa-solid":"solid",fasdr:"regular","fa-regular":"regular",fasdl:"light","fa-light":"light",fasdt:"thin","fa-thin":"thin"}},P3={GROUP:"duotone-group",PRIMARY:"primary",SECONDARY:"secondary"},rv=["fa-classic","fa-duotone","fa-sharp","fa-sharp-duotone"],Fn="classic",Hd="duotone",M3="sharp",H3="sharp-duotone",iv=[Fn,Hd,M3,H3],W3={classic:{900:"fas",400:"far",normal:"far",300:"fal",100:"fat"},duotone:{900:"fad",400:"fadr",300:"fadl",100:"fadt"},sharp:{900:"fass",400:"fasr",300:"fasl",100:"fast"},"sharp-duotone":{900:"fasds",400:"fasdr",300:"fasdl",100:"fasdt"}},U3={"Font Awesome 6 Free":{900:"fas",400:"far"},"Font Awesome 6 Pro":{900:"fas",400:"far",normal:"far",300:"fal",100:"fat"},"Font Awesome 6 Brands":{400:"fab",normal:"fab"},"Font Awesome 6 Duotone":{900:"fad",400:"fadr",normal:"fadr",300:"fadl",100:"fadt"},"Font Awesome 6 Sharp":{900:"fass",400:"fasr",normal:"fasr",300:"fasl",100:"fast"},"Font Awesome 6 Sharp Duotone":{900:"fasds",400:"fasdr",normal:"fasdr",300:"fasdl",100:"fasdt"}},$3=new Map([["classic",{defaultShortPrefixId:"fas",defaultStyleId:"solid",styleIds:["solid","regular","light","thin","brands"],futureStyleIds:[],defaultFontWeight:900}],["sharp",{defaultShortPrefixId:"fass",defaultStyleId:"solid",styleIds:["solid","regular","light","thin"],futureStyleIds:[],defaultFontWeight:900}],["duotone",{defaultShortPrefixId:"fad",defaultStyleId:"solid",styleIds:["solid","regular","light","thin"],futureStyleIds:[],defaultFontWeight:900}],["sharp-duotone",{defaultShortPrefixId:"fasds",defaultStyleId:"solid",styleIds:["solid","regular","light","thin"],futureStyleIds:[],defaultFontWeight:900}]]),F3={classic:{solid:"fas",regular:"far",light:"fal",thin:"fat",brands:"fab"},duotone:{solid:"fad",regular:"fadr",light:"fadl",thin:"fadt"},sharp:{solid:"fass",regular:"fasr",light:"fasl",thin:"fast"},"sharp-duotone":{solid:"fasds",regular:"fasdr",light:"fasdl",thin:"fasdt"}},V3=["fak","fa-kit","fakd","fa-kit-duotone"],m1={kit:{fak:"kit","fa-kit":"kit"},"kit-duotone":{fakd:"kit-duotone","fa-kit-duotone":"kit-duotone"}},z3=["kit"],G3={kit:{"fa-kit":"fak"}},X3=["fak","fakd"],K3={kit:{fak:"fa-kit"}},E1={kit:{kit:"fak"},"kit-duotone":{"kit-duotone":"fakd"}},_u={GROUP:"duotone-group",SWAP_OPACITY:"swap-opacity",PRIMARY:"primary",SECONDARY:"secondary"},Y3=["fa-classic","fa-duotone","fa-sharp","fa-sharp-duotone"],q3=["fak","fa-kit","fakd","fa-kit-duotone"],j3={"Font Awesome Kit":{400:"fak",normal:"fak"},"Font Awesome Kit Duotone":{400:"fakd",normal:"fakd"}},J3={classic:{"fa-brands":"fab","fa-duotone":"fad","fa-light":"fal","fa-regular":"far","fa-solid":"fas","fa-thin":"fat"},duotone:{"fa-regular":"fadr","fa-light":"fadl","fa-thin":"fadt"},sharp:{"fa-solid":"fass","fa-regular":"fasr","fa-light":"fasl","fa-thin":"fast"},"sharp-duotone":{"fa-solid":"fasds","fa-regular":"fasdr","fa-light":"fasdl","fa-thin":"fasdt"}},Q3={classic:["fas","far","fal","fat","fad"],duotone:["fadr","fadl","fadt"],sharp:["fass","fasr","fasl","fast"],"sharp-duotone":["fasds","fasdr","fasdl","fasdt"]},Ch={classic:{fab:"fa-brands",fad:"fa-duotone",fal:"fa-light",far:"fa-regular",fas:"fa-solid",fat:"fa-thin"},duotone:{fadr:"fa-regular",fadl:"fa-light",fadt:"fa-thin"},sharp:{fass:"fa-solid",fasr:"fa-regular",fasl:"fa-light",fast:"fa-thin"},"sharp-duotone":{fasds:"fa-solid",fasdr:"fa-regular",fasdl:"fa-light",fasdt:"fa-thin"}},Z3=["fa-solid","fa-regular","fa-light","fa-thin","fa-duotone","fa-brands"],Ih=["fa","fas","far","fal","fat","fad","fadr","fadl","fadt","fab","fass","fasr","fasl","fast","fasds","fasdr","fasdl","fasdt",...Y3,...Z3],t6=["solid","regular","light","thin","duotone","brands"],sv=[1,2,3,4,5,6,7,8,9,10],e6=sv.concat([11,12,13,14,15,16,17,18,19,20]),n6=[...Object.keys(Q3),...t6,"2xs","xs","sm","lg","xl","2xl","beat","border","fade","beat-fade","bounce","flip-both","flip-horizontal","flip-vertical","flip","fw","inverse","layers-counter","layers-text","layers","li","pull-left","pull-right","pulse","rotate-180","rotate-270","rotate-90","rotate-by","shake","spin-pulse","spin-reverse","spin","stack-1x","stack-2x","stack","ul",_u.GROUP,_u.SWAP_OPACITY,_u.PRIMARY,_u.SECONDARY].concat(sv.map(t=>"".concat(t,"x"))).concat(e6.map(t=>"w-".concat(t))),r6={"Font Awesome 5 Free":{900:"fas",400:"far"},"Font Awesome 5 Pro":{900:"fas",400:"far",normal:"far",300:"fal"},"Font Awesome 5 Brands":{400:"fab",normal:"fab"},"Font Awesome 5 Duotone":{900:"fad"}};const Zi="___FONT_AWESOME___",Nh=16,ov="fa",av="svg-inline--fa",Ao="data-fa-i2svg",xh="data-fa-pseudo-element",i6="data-fa-pseudo-element-pending",r_="data-prefix",i_="data-icon",g1="fontawesome-i2svg",s6="async",o6=["HTML","HEAD","STYLE","SCRIPT"],lv=(()=>{try{return!0}catch{return!1}})();function rc(t){return new Proxy(t,{get(e,n){return n in e?e[n]:e[Fn]}})}const cv=It({},nv);cv[Fn]=It(It(It(It({},{"fa-duotone":"duotone"}),nv[Fn]),m1.kit),m1["kit-duotone"]);const a6=rc(cv),wh=It({},F3);wh[Fn]=It(It(It(It({},{duotone:"fad"}),wh[Fn]),E1.kit),E1["kit-duotone"]);const T1=rc(wh),kh=It({},Ch);kh[Fn]=It(It({},kh[Fn]),K3.kit);const s_=rc(kh),Bh=It({},J3);Bh[Fn]=It(It({},Bh[Fn]),G3.kit);rc(Bh);const l6=B3,uv="fa-layers-text",c6=D3,u6=It({},W3);rc(u6);const d6=["class","data-prefix","data-icon","data-fa-transform","data-fa-mask"],Xp=P3,f6=[...z3,...n6],Cl=Ns.FontAwesomeConfig||{};function p6(t){var e=tn.querySelector("script["+t+"]");if(e)return e.getAttribute(t)}function h6(t){return t===""?!0:t==="false"?!1:t==="true"?!0:t}tn&&typeof tn.querySelector=="function"&&[["data-family-prefix","familyPrefix"],["data-css-prefix","cssPrefix"],["data-family-default","familyDefault"],["data-style-default","styleDefault"],["data-replacement-class","replacementClass"],["data-auto-replace-svg","autoReplaceSvg"],["data-auto-add-css","autoAddCss"],["data-auto-a11y","autoA11y"],["data-search-pseudo-elements","searchPseudoElements"],["data-observe-mutations","observeMutations"],["data-mutate-approach","mutateApproach"],["data-keep-original-source","keepOriginalSource"],["data-measure-performance","measurePerformance"],["data-show-missing-icons","showMissingIcons"]].forEach(e=>{let[n,r]=e;const i=h6(p6(n));i!=null&&(Cl[r]=i)});const dv={styleDefault:"solid",familyDefault:Fn,cssPrefix:ov,replacementClass:av,autoReplaceSvg:!0,autoAddCss:!0,autoA11y:!0,searchPseudoElements:!1,observeMutations:!0,mutateApproach:"async",keepOriginalSource:!0,measurePerformance:!1,showMissingIcons:!0};Cl.familyPrefix&&(Cl.cssPrefix=Cl.familyPrefix);const ya=It(It({},dv),Cl);ya.autoReplaceSvg||(ya.observeMutations=!1);const Jt={};Object.keys(dv).forEach(t=>{Object.defineProperty(Jt,t,{enumerable:!0,set:function(e){ya[t]=e,Il.forEach(n=>n(Jt))},get:function(){return ya[t]}})});Object.defineProperty(Jt,"familyPrefix",{enumerable:!0,set:function(t){ya.cssPrefix=t,Il.forEach(e=>e(Jt))},get:function(){return ya.cssPrefix}});Ns.FontAwesomeConfig=Jt;const Il=[];function _6(t){return Il.push(t),()=>{Il.splice(Il.indexOf(t),1)}}const gs=Nh,Ei={size:16,x:0,y:0,rotate:0,flipX:!1,flipY:!1};function m6(t){if(!t||!ss)return;const e=tn.createElement("style");e.setAttribute("type","text/css"),e.innerHTML=t;const n=tn.head.childNodes;let r=null;for(let i=n.length-1;i>-1;i--){const o=n[i],l=(o.tagName||"").toUpperCase();["STYLE","LINK"].indexOf(l)>-1&&(r=o)}return tn.head.insertBefore(e,r),t}const E6="0123456789abcdefghijklmnopqrstuvwxyzABCDEFGHIJKLMNOPQRSTUVWXYZ";function $l(){let t=12,e="";for(;t-- >0;)e+=E6[Math.random()*62|0];return e}function Da(t){const e=[];for(let n=(t||[]).length>>>0;n--;)e[n]=t[n];return e}function o_(t){return t.classList?Da(t.classList):(t.getAttribute("class")||"").split(" ").filter(e=>e)}function fv(t){return"".concat(t).replace(/&/g,"&amp;").replace(/"/g,"&quot;").replace(/'/g,"&#39;").replace(/</g,"&lt;").replace(/>/g,"&gt;")}function g6(t){return Object.keys(t||{}).reduce((e,n)=>e+"".concat(n,'="').concat(fv(t[n]),'" '),"").trim()}function Wd(t){return Object.keys(t||{}).reduce((e,n)=>e+"".concat(n,": ").concat(t[n].trim(),";"),"")}function a_(t){return t.size!==Ei.size||t.x!==Ei.x||t.y!==Ei.y||t.rotate!==Ei.rotate||t.flipX||t.flipY}function T6(t){let{transform:e,containerWidth:n,iconWidth:r}=t;const i={transform:"translate(".concat(n/2," 256)")},o="translate(".concat(e.x*32,", ").concat(e.y*32,") "),l="scale(".concat(e.size/16*(e.flipX?-1:1),", ").concat(e.size/16*(e.flipY?-1:1),") "),c="rotate(".concat(e.rotate," 0 0)"),u={transform:"".concat(o," ").concat(l," ").concat(c)},_={transform:"translate(".concat(r/2*-1," -256)")};return{outer:i,inner:u,path:_}}function S6(t){let{transform:e,width:n=Nh,height:r=Nh,startCentered:i=!1}=t,o="";return i&&ev?o+="translate(".concat(e.x/gs-n/2,"em, ").concat(e.y/gs-r/2,"em) "):i?o+="translate(calc(-50% + ".concat(e.x/gs,"em), calc(-50% + ").concat(e.y/gs,"em)) "):o+="translate(".concat(e.x/gs,"em, ").concat(e.y/gs,"em) "),o+="scale(".concat(e.size/gs*(e.flipX?-1:1),", ").concat(e.size/gs*(e.flipY?-1:1),") "),o+="rotate(".concat(e.rotate,"deg) "),o}var A6=`:root, :host {
  --fa-font-solid: normal 900 1em/1 "Font Awesome 6 Free";
  --fa-font-regular: normal 400 1em/1 "Font Awesome 6 Free";
  --fa-font-light: normal 300 1em/1 "Font Awesome 6 Pro";
  --fa-font-thin: normal 100 1em/1 "Font Awesome 6 Pro";
  --fa-font-duotone: normal 900 1em/1 "Font Awesome 6 Duotone";
  --fa-font-duotone-regular: normal 400 1em/1 "Font Awesome 6 Duotone";
  --fa-font-duotone-light: normal 300 1em/1 "Font Awesome 6 Duotone";
  --fa-font-duotone-thin: normal 100 1em/1 "Font Awesome 6 Duotone";
  --fa-font-brands: normal 400 1em/1 "Font Awesome 6 Brands";
  --fa-font-sharp-solid: normal 900 1em/1 "Font Awesome 6 Sharp";
  --fa-font-sharp-regular: normal 400 1em/1 "Font Awesome 6 Sharp";
  --fa-font-sharp-light: normal 300 1em/1 "Font Awesome 6 Sharp";
  --fa-font-sharp-thin: normal 100 1em/1 "Font Awesome 6 Sharp";
  --fa-font-sharp-duotone-solid: normal 900 1em/1 "Font Awesome 6 Sharp Duotone";
  --fa-font-sharp-duotone-regular: normal 400 1em/1 "Font Awesome 6 Sharp Duotone";
  --fa-font-sharp-duotone-light: normal 300 1em/1 "Font Awesome 6 Sharp Duotone";
  --fa-font-sharp-duotone-thin: normal 100 1em/1 "Font Awesome 6 Sharp Duotone";
}

svg:not(:root).svg-inline--fa, svg:not(:host).svg-inline--fa {
  overflow: visible;
  box-sizing: content-box;
}

.svg-inline--fa {
  display: var(--fa-display, inline-block);
  height: 1em;
  overflow: visible;
  vertical-align: -0.125em;
}
.svg-inline--fa.fa-2xs {
  vertical-align: 0.1em;
}
.svg-inline--fa.fa-xs {
  vertical-align: 0em;
}
.svg-inline--fa.fa-sm {
  vertical-align: -0.0714285705em;
}
.svg-inline--fa.fa-lg {
  vertical-align: -0.2em;
}
.svg-inline--fa.fa-xl {
  vertical-align: -0.25em;
}
.svg-inline--fa.fa-2xl {
  vertical-align: -0.3125em;
}
.svg-inline--fa.fa-pull-left {
  margin-right: var(--fa-pull-margin, 0.3em);
  width: auto;
}
.svg-inline--fa.fa-pull-right {
  margin-left: var(--fa-pull-margin, 0.3em);
  width: auto;
}
.svg-inline--fa.fa-li {
  width: var(--fa-li-width, 2em);
  top: 0.25em;
}
.svg-inline--fa.fa-fw {
  width: var(--fa-fw-width, 1.25em);
}

.fa-layers svg.svg-inline--fa {
  bottom: 0;
  left: 0;
  margin: auto;
  position: absolute;
  right: 0;
  top: 0;
}

.fa-layers-counter, .fa-layers-text {
  display: inline-block;
  position: absolute;
  text-align: center;
}

.fa-layers {
  display: inline-block;
  height: 1em;
  position: relative;
  text-align: center;
  vertical-align: -0.125em;
  width: 1em;
}
.fa-layers svg.svg-inline--fa {
  transform-origin: center center;
}

.fa-layers-text {
  left: 50%;
  top: 50%;
  transform: translate(-50%, -50%);
  transform-origin: center center;
}

.fa-layers-counter {
  background-color: var(--fa-counter-background-color, #ff253a);
  border-radius: var(--fa-counter-border-radius, 1em);
  box-sizing: border-box;
  color: var(--fa-inverse, #fff);
  line-height: var(--fa-counter-line-height, 1);
  max-width: var(--fa-counter-max-width, 5em);
  min-width: var(--fa-counter-min-width, 1.5em);
  overflow: hidden;
  padding: var(--fa-counter-padding, 0.25em 0.5em);
  right: var(--fa-right, 0);
  text-overflow: ellipsis;
  top: var(--fa-top, 0);
  transform: scale(var(--fa-counter-scale, 0.25));
  transform-origin: top right;
}

.fa-layers-bottom-right {
  bottom: var(--fa-bottom, 0);
  right: var(--fa-right, 0);
  top: auto;
  transform: scale(var(--fa-layers-scale, 0.25));
  transform-origin: bottom right;
}

.fa-layers-bottom-left {
  bottom: var(--fa-bottom, 0);
  left: var(--fa-left, 0);
  right: auto;
  top: auto;
  transform: scale(var(--fa-layers-scale, 0.25));
  transform-origin: bottom left;
}

.fa-layers-top-right {
  top: var(--fa-top, 0);
  right: var(--fa-right, 0);
  transform: scale(var(--fa-layers-scale, 0.25));
  transform-origin: top right;
}

.fa-layers-top-left {
  left: var(--fa-left, 0);
  right: auto;
  top: var(--fa-top, 0);
  transform: scale(var(--fa-layers-scale, 0.25));
  transform-origin: top left;
}

.fa-1x {
  font-size: 1em;
}

.fa-2x {
  font-size: 2em;
}

.fa-3x {
  font-size: 3em;
}

.fa-4x {
  font-size: 4em;
}

.fa-5x {
  font-size: 5em;
}

.fa-6x {
  font-size: 6em;
}

.fa-7x {
  font-size: 7em;
}

.fa-8x {
  font-size: 8em;
}

.fa-9x {
  font-size: 9em;
}

.fa-10x {
  font-size: 10em;
}

.fa-2xs {
  font-size: 0.625em;
  line-height: 0.1em;
  vertical-align: 0.225em;
}

.fa-xs {
  font-size: 0.75em;
  line-height: 0.0833333337em;
  vertical-align: 0.125em;
}

.fa-sm {
  font-size: 0.875em;
  line-height: 0.0714285718em;
  vertical-align: 0.0535714295em;
}

.fa-lg {
  font-size: 1.25em;
  line-height: 0.05em;
  vertical-align: -0.075em;
}

.fa-xl {
  font-size: 1.5em;
  line-height: 0.0416666682em;
  vertical-align: -0.125em;
}

.fa-2xl {
  font-size: 2em;
  line-height: 0.03125em;
  vertical-align: -0.1875em;
}

.fa-fw {
  text-align: center;
  width: 1.25em;
}

.fa-ul {
  list-style-type: none;
  margin-left: var(--fa-li-margin, 2.5em);
  padding-left: 0;
}
.fa-ul > li {
  position: relative;
}

.fa-li {
  left: calc(-1 * var(--fa-li-width, 2em));
  position: absolute;
  text-align: center;
  width: var(--fa-li-width, 2em);
  line-height: inherit;
}

.fa-border {
  border-color: var(--fa-border-color, #eee);
  border-radius: var(--fa-border-radius, 0.1em);
  border-style: var(--fa-border-style, solid);
  border-width: var(--fa-border-width, 0.08em);
  padding: var(--fa-border-padding, 0.2em 0.25em 0.15em);
}

.fa-pull-left {
  float: left;
  margin-right: var(--fa-pull-margin, 0.3em);
}

.fa-pull-right {
  float: right;
  margin-left: var(--fa-pull-margin, 0.3em);
}

.fa-beat {
  animation-name: fa-beat;
  animation-delay: var(--fa-animation-delay, 0s);
  animation-direction: var(--fa-animation-direction, normal);
  animation-duration: var(--fa-animation-duration, 1s);
  animation-iteration-count: var(--fa-animation-iteration-count, infinite);
  animation-timing-function: var(--fa-animation-timing, ease-in-out);
}

.fa-bounce {
  animation-name: fa-bounce;
  animation-delay: var(--fa-animation-delay, 0s);
  animation-direction: var(--fa-animation-direction, normal);
  animation-duration: var(--fa-animation-duration, 1s);
  animation-iteration-count: var(--fa-animation-iteration-count, infinite);
  animation-timing-function: var(--fa-animation-timing, cubic-bezier(0.28, 0.84, 0.42, 1));
}

.fa-fade {
  animation-name: fa-fade;
  animation-delay: var(--fa-animation-delay, 0s);
  animation-direction: var(--fa-animation-direction, normal);
  animation-duration: var(--fa-animation-duration, 1s);
  animation-iteration-count: var(--fa-animation-iteration-count, infinite);
  animation-timing-function: var(--fa-animation-timing, cubic-bezier(0.4, 0, 0.6, 1));
}

.fa-beat-fade {
  animation-name: fa-beat-fade;
  animation-delay: var(--fa-animation-delay, 0s);
  animation-direction: var(--fa-animation-direction, normal);
  animation-duration: var(--fa-animation-duration, 1s);
  animation-iteration-count: var(--fa-animation-iteration-count, infinite);
  animation-timing-function: var(--fa-animation-timing, cubic-bezier(0.4, 0, 0.6, 1));
}

.fa-flip {
  animation-name: fa-flip;
  animation-delay: var(--fa-animation-delay, 0s);
  animation-direction: var(--fa-animation-direction, normal);
  animation-duration: var(--fa-animation-duration, 1s);
  animation-iteration-count: var(--fa-animation-iteration-count, infinite);
  animation-timing-function: var(--fa-animation-timing, ease-in-out);
}

.fa-shake {
  animation-name: fa-shake;
  animation-delay: var(--fa-animation-delay, 0s);
  animation-direction: var(--fa-animation-direction, normal);
  animation-duration: var(--fa-animation-duration, 1s);
  animation-iteration-count: var(--fa-animation-iteration-count, infinite);
  animation-timing-function: var(--fa-animation-timing, linear);
}

.fa-spin {
  animation-name: fa-spin;
  animation-delay: var(--fa-animation-delay, 0s);
  animation-direction: var(--fa-animation-direction, normal);
  animation-duration: var(--fa-animation-duration, 2s);
  animation-iteration-count: var(--fa-animation-iteration-count, infinite);
  animation-timing-function: var(--fa-animation-timing, linear);
}

.fa-spin-reverse {
  --fa-animation-direction: reverse;
}

.fa-pulse,
.fa-spin-pulse {
  animation-name: fa-spin;
  animation-direction: var(--fa-animation-direction, normal);
  animation-duration: var(--fa-animation-duration, 1s);
  animation-iteration-count: var(--fa-animation-iteration-count, infinite);
  animation-timing-function: var(--fa-animation-timing, steps(8));
}

@media (prefers-reduced-motion: reduce) {
  .fa-beat,
.fa-bounce,
.fa-fade,
.fa-beat-fade,
.fa-flip,
.fa-pulse,
.fa-shake,
.fa-spin,
.fa-spin-pulse {
    animation-delay: -1ms;
    animation-duration: 1ms;
    animation-iteration-count: 1;
    transition-delay: 0s;
    transition-duration: 0s;
  }
}
@keyframes fa-beat {
  0%, 90% {
    transform: scale(1);
  }
  45% {
    transform: scale(var(--fa-beat-scale, 1.25));
  }
}
@keyframes fa-bounce {
  0% {
    transform: scale(1, 1) translateY(0);
  }
  10% {
    transform: scale(var(--fa-bounce-start-scale-x, 1.1), var(--fa-bounce-start-scale-y, 0.9)) translateY(0);
  }
  30% {
    transform: scale(var(--fa-bounce-jump-scale-x, 0.9), var(--fa-bounce-jump-scale-y, 1.1)) translateY(var(--fa-bounce-height, -0.5em));
  }
  50% {
    transform: scale(var(--fa-bounce-land-scale-x, 1.05), var(--fa-bounce-land-scale-y, 0.95)) translateY(0);
  }
  57% {
    transform: scale(1, 1) translateY(var(--fa-bounce-rebound, -0.125em));
  }
  64% {
    transform: scale(1, 1) translateY(0);
  }
  100% {
    transform: scale(1, 1) translateY(0);
  }
}
@keyframes fa-fade {
  50% {
    opacity: var(--fa-fade-opacity, 0.4);
  }
}
@keyframes fa-beat-fade {
  0%, 100% {
    opacity: var(--fa-beat-fade-opacity, 0.4);
    transform: scale(1);
  }
  50% {
    opacity: 1;
    transform: scale(var(--fa-beat-fade-scale, 1.125));
  }
}
@keyframes fa-flip {
  50% {
    transform: rotate3d(var(--fa-flip-x, 0), var(--fa-flip-y, 1), var(--fa-flip-z, 0), var(--fa-flip-angle, -180deg));
  }
}
@keyframes fa-shake {
  0% {
    transform: rotate(-15deg);
  }
  4% {
    transform: rotate(15deg);
  }
  8%, 24% {
    transform: rotate(-18deg);
  }
  12%, 28% {
    transform: rotate(18deg);
  }
  16% {
    transform: rotate(-22deg);
  }
  20% {
    transform: rotate(22deg);
  }
  32% {
    transform: rotate(-12deg);
  }
  36% {
    transform: rotate(12deg);
  }
  40%, 100% {
    transform: rotate(0deg);
  }
}
@keyframes fa-spin {
  0% {
    transform: rotate(0deg);
  }
  100% {
    transform: rotate(360deg);
  }
}
.fa-rotate-90 {
  transform: rotate(90deg);
}

.fa-rotate-180 {
  transform: rotate(180deg);
}

.fa-rotate-270 {
  transform: rotate(270deg);
}

.fa-flip-horizontal {
  transform: scale(-1, 1);
}

.fa-flip-vertical {
  transform: scale(1, -1);
}

.fa-flip-both,
.fa-flip-horizontal.fa-flip-vertical {
  transform: scale(-1, -1);
}

.fa-rotate-by {
  transform: rotate(var(--fa-rotate-angle, 0));
}

.fa-stack {
  display: inline-block;
  vertical-align: middle;
  height: 2em;
  position: relative;
  width: 2.5em;
}

.fa-stack-1x,
.fa-stack-2x {
  bottom: 0;
  left: 0;
  margin: auto;
  position: absolute;
  right: 0;
  top: 0;
  z-index: var(--fa-stack-z-index, auto);
}

.svg-inline--fa.fa-stack-1x {
  height: 1em;
  width: 1.25em;
}
.svg-inline--fa.fa-stack-2x {
  height: 2em;
  width: 2.5em;
}

.fa-inverse {
  color: var(--fa-inverse, #fff);
}

.sr-only,
.fa-sr-only {
  position: absolute;
  width: 1px;
  height: 1px;
  padding: 0;
  margin: -1px;
  overflow: hidden;
  clip: rect(0, 0, 0, 0);
  white-space: nowrap;
  border-width: 0;
}

.sr-only-focusable:not(:focus),
.fa-sr-only-focusable:not(:focus) {
  position: absolute;
  width: 1px;
  height: 1px;
  padding: 0;
  margin: -1px;
  overflow: hidden;
  clip: rect(0, 0, 0, 0);
  white-space: nowrap;
  border-width: 0;
}

.svg-inline--fa .fa-primary {
  fill: var(--fa-primary-color, currentColor);
  opacity: var(--fa-primary-opacity, 1);
}

.svg-inline--fa .fa-secondary {
  fill: var(--fa-secondary-color, currentColor);
  opacity: var(--fa-secondary-opacity, 0.4);
}

.svg-inline--fa.fa-swap-opacity .fa-primary {
  opacity: var(--fa-secondary-opacity, 0.4);
}

.svg-inline--fa.fa-swap-opacity .fa-secondary {
  opacity: var(--fa-primary-opacity, 1);
}

.svg-inline--fa mask .fa-primary,
.svg-inline--fa mask .fa-secondary {
  fill: black;
}`;function pv(){const t=ov,e=av,n=Jt.cssPrefix,r=Jt.replacementClass;let i=A6;if(n!==t||r!==e){const o=new RegExp("\\.".concat(t,"\\-"),"g"),l=new RegExp("\\--".concat(t,"\\-"),"g"),c=new RegExp("\\.".concat(e),"g");i=i.replace(o,".".concat(n,"-")).replace(l,"--".concat(n,"-")).replace(c,".".concat(r))}return i}let S1=!1;function Kp(){Jt.autoAddCss&&!S1&&(m6(pv()),S1=!0)}var v6={mixout(){return{dom:{css:pv,insertCss:Kp}}},hooks(){return{beforeDOMElementCreation(){Kp()},beforeI2svg(){Kp()}}}};const ts=Ns||{};ts[Zi]||(ts[Zi]={});ts[Zi].styles||(ts[Zi].styles={});ts[Zi].hooks||(ts[Zi].hooks={});ts[Zi].shims||(ts[Zi].shims=[]);var gi=ts[Zi];const hv=[],_v=function(){tn.removeEventListener("DOMContentLoaded",_v),nd=1,hv.map(t=>t())};let nd=!1;ss&&(nd=(tn.documentElement.doScroll?/^loaded|^c/:/^loaded|^i|^c/).test(tn.readyState),nd||tn.addEventListener("DOMContentLoaded",_v));function R6(t){ss&&(nd?setTimeout(t,0):hv.push(t))}function ic(t){const{tag:e,attributes:n={},children:r=[]}=t;return typeof t=="string"?fv(t):"<".concat(e," ").concat(g6(n),">").concat(r.map(ic).join(""),"</").concat(e,">")}function A1(t,e,n){if(t&&t[e]&&t[e][n])return{prefix:e,iconName:n,icon:t[e][n]}}var Yp=function(e,n,r,i){var o=Object.keys(e),l=o.length,c=n,u,_,f;for(r===void 0?(u=1,f=e[o[0]]):(u=0,f=r);u<l;u++)_=o[u],f=c(f,e[_],_,e);return f};function O6(t){const e=[];let n=0;const r=t.length;for(;n<r;){const i=t.charCodeAt(n++);if(i>=55296&&i<=56319&&n<r){const o=t.charCodeAt(n++);(o&64512)==56320?e.push(((i&1023)<<10)+(o&1023)+65536):(e.push(i),n--)}else e.push(i)}return e}function Dh(t){const e=O6(t);return e.length===1?e[0].toString(16):null}function L6(t,e){const n=t.length;let r=t.charCodeAt(e),i;return r>=55296&&r<=56319&&n>e+1&&(i=t.charCodeAt(e+1),i>=56320&&i<=57343)?(r-55296)*1024+i-56320+65536:r}function v1(t){return Object.keys(t).reduce((e,n)=>{const r=t[n];return!!r.icon?e[r.iconName]=r.icon:e[n]=r,e},{})}function Ph(t,e){let n=arguments.length>2&&arguments[2]!==void 0?arguments[2]:{};const{skipHooks:r=!1}=n,i=v1(e);typeof gi.hooks.addPack=="function"&&!r?gi.hooks.addPack(t,v1(e)):gi.styles[t]=It(It({},gi.styles[t]||{}),i),t==="fas"&&Ph("fa",e)}const{styles:Fl,shims:b6}=gi,mv=Object.keys(s_),y6=mv.reduce((t,e)=>(t[e]=Object.keys(s_[e]),t),{});let l_=null,Ev={},gv={},Tv={},Sv={},Av={};function C6(t){return~f6.indexOf(t)}function I6(t,e){const n=e.split("-"),r=n[0],i=n.slice(1).join("-");return r===t&&i!==""&&!C6(i)?i:null}const vv=()=>{const t=r=>Yp(Fl,(i,o,l)=>(i[l]=Yp(o,r,{}),i),{});Ev=t((r,i,o)=>(i[3]&&(r[i[3]]=o),i[2]&&i[2].filter(c=>typeof c=="number").forEach(c=>{r[c.toString(16)]=o}),r)),gv=t((r,i,o)=>(r[o]=o,i[2]&&i[2].filter(c=>typeof c=="string").forEach(c=>{r[c]=o}),r)),Av=t((r,i,o)=>{const l=i[2];return r[o]=o,l.forEach(c=>{r[c]=o}),r});const e="far"in Fl||Jt.autoFetchSvg,n=Yp(b6,(r,i)=>{const o=i[0];let l=i[1];const c=i[2];return l==="far"&&!e&&(l="fas"),typeof o=="string"&&(r.names[o]={prefix:l,iconName:c}),typeof o=="number"&&(r.unicodes[o.toString(16)]={prefix:l,iconName:c}),r},{names:{},unicodes:{}});Tv=n.names,Sv=n.unicodes,l_=Ud(Jt.styleDefault,{family:Jt.familyDefault})};_6(t=>{l_=Ud(t.styleDefault,{family:Jt.familyDefault})});vv();function c_(t,e){return(Ev[t]||{})[e]}function N6(t,e){return(gv[t]||{})[e]}function fo(t,e){return(Av[t]||{})[e]}function Rv(t){return Tv[t]||{prefix:null,iconName:null}}function x6(t){const e=Sv[t],n=c_("fas",t);return e||(n?{prefix:"fas",iconName:n}:null)||{prefix:null,iconName:null}}function xs(){return l_}const Ov=()=>({prefix:null,iconName:null,rest:[]});function w6(t){let e=Fn;const n=mv.reduce((r,i)=>(r[i]="".concat(Jt.cssPrefix,"-").concat(i),r),{});return iv.forEach(r=>{(t.includes(n[r])||t.some(i=>y6[r].includes(i)))&&(e=r)}),e}function Ud(t){let e=arguments.length>1&&arguments[1]!==void 0?arguments[1]:{};const{family:n=Fn}=e,r=a6[n][t];if(n===Hd&&!t)return"fad";const i=T1[n][t]||T1[n][r],o=t in gi.styles?t:null;return i||o||null}function k6(t){let e=[],n=null;return t.forEach(r=>{const i=I6(Jt.cssPrefix,r);i?n=i:r&&e.push(r)}),{iconName:n,rest:e}}function R1(t){return t.sort().filter((e,n,r)=>r.indexOf(e)===n)}function $d(t){let e=arguments.length>1&&arguments[1]!==void 0?arguments[1]:{};const{skipLookups:n=!1}=e;let r=null;const i=Ih.concat(q3),o=R1(t.filter(E=>i.includes(E))),l=R1(t.filter(E=>!Ih.includes(E))),c=o.filter(E=>(r=E,!rv.includes(E))),[u=null]=c,_=w6(o),f=It(It({},k6(l)),{},{prefix:Ud(u,{family:_})});return It(It(It({},f),M6({values:t,family:_,styles:Fl,config:Jt,canonical:f,givenPrefix:r})),B6(n,r,f))}function B6(t,e,n){let{prefix:r,iconName:i}=n;if(t||!r||!i)return{prefix:r,iconName:i};const o=e==="fa"?Rv(i):{},l=fo(r,i);return i=o.iconName||l||i,r=o.prefix||r,r==="far"&&!Fl.far&&Fl.fas&&!Jt.autoFetchSvg&&(r="fas"),{prefix:r,iconName:i}}const D6=iv.filter(t=>t!==Fn||t!==Hd),P6=Object.keys(Ch).filter(t=>t!==Fn).map(t=>Object.keys(Ch[t])).flat();function M6(t){const{values:e,family:n,canonical:r,givenPrefix:i="",styles:o={},config:l={}}=t,c=n===Hd,u=e.includes("fa-duotone")||e.includes("fad"),_=l.familyDefault==="duotone",f=r.prefix==="fad"||r.prefix==="fa-duotone";if(!c&&(u||_||f)&&(r.prefix="fad"),(e.includes("fa-brands")||e.includes("fab"))&&(r.prefix="fab"),!r.prefix&&D6.includes(n)&&(Object.keys(o).find(A=>P6.includes(A))||l.autoFetchSvg)){const A=$3.get(n).defaultShortPrefixId;r.prefix=A,r.iconName=fo(r.prefix,r.iconName)||r.iconName}return(r.prefix==="fa"||i==="fa")&&(r.prefix=xs()||"fas"),r}class H6{constructor(){this.definitions={}}add(){for(var e=arguments.length,n=new Array(e),r=0;r<e;r++)n[r]=arguments[r];const i=n.reduce(this._pullDefinitions,{});Object.keys(i).forEach(o=>{this.definitions[o]=It(It({},this.definitions[o]||{}),i[o]),Ph(o,i[o]);const l=s_[Fn][o];l&&Ph(l,i[o]),vv()})}reset(){this.definitions={}}_pullDefinitions(e,n){const r=n.prefix&&n.iconName&&n.icon?{0:n}:n;return Object.keys(r).map(i=>{const{prefix:o,iconName:l,icon:c}=r[i],u=c[2];e[o]||(e[o]={}),u.length>0&&u.forEach(_=>{typeof _=="string"&&(e[o][_]=c)}),e[o][l]=c}),e}}let O1=[],ra={};const ua={},W6=Object.keys(ua);function U6(t,e){let{mixoutsTo:n}=e;return O1=t,ra={},Object.keys(ua).forEach(r=>{W6.indexOf(r)===-1&&delete ua[r]}),O1.forEach(r=>{const i=r.mixout?r.mixout():{};if(Object.keys(i).forEach(o=>{typeof i[o]=="function"&&(n[o]=i[o]),typeof i[o]=="object"&&Object.keys(i[o]).forEach(l=>{n[o]||(n[o]={}),n[o][l]=i[o][l]})}),r.hooks){const o=r.hooks();Object.keys(o).forEach(l=>{ra[l]||(ra[l]=[]),ra[l].push(o[l])})}r.provides&&r.provides(ua)}),n}function Mh(t,e){for(var n=arguments.length,r=new Array(n>2?n-2:0),i=2;i<n;i++)r[i-2]=arguments[i];return(ra[t]||[]).forEach(l=>{e=l.apply(null,[e,...r])}),e}function vo(t){for(var e=arguments.length,n=new Array(e>1?e-1:0),r=1;r<e;r++)n[r-1]=arguments[r];(ra[t]||[]).forEach(o=>{o.apply(null,n)})}function ws(){const t=arguments[0],e=Array.prototype.slice.call(arguments,1);return ua[t]?ua[t].apply(null,e):void 0}function Hh(t){t.prefix==="fa"&&(t.prefix="fas");let{iconName:e}=t;const n=t.prefix||xs();if(e)return e=fo(n,e)||e,A1(Lv.definitions,n,e)||A1(gi.styles,n,e)}const Lv=new H6,$6=()=>{Jt.autoReplaceSvg=!1,Jt.observeMutations=!1,vo("noAuto")},F6={i2svg:function(){let t=arguments.length>0&&arguments[0]!==void 0?arguments[0]:{};return ss?(vo("beforeI2svg",t),ws("pseudoElements2svg",t),ws("i2svg",t)):Promise.reject(new Error("Operation requires a DOM of some kind."))},watch:function(){let t=arguments.length>0&&arguments[0]!==void 0?arguments[0]:{};const{autoReplaceSvgRoot:e}=t;Jt.autoReplaceSvg===!1&&(Jt.autoReplaceSvg=!0),Jt.observeMutations=!0,R6(()=>{z6({autoReplaceSvgRoot:e}),vo("watch",t)})}},V6={icon:t=>{if(t===null)return null;if(typeof t=="object"&&t.prefix&&t.iconName)return{prefix:t.prefix,iconName:fo(t.prefix,t.iconName)||t.iconName};if(Array.isArray(t)&&t.length===2){const e=t[1].indexOf("fa-")===0?t[1].slice(3):t[1],n=Ud(t[0]);return{prefix:n,iconName:fo(n,e)||e}}if(typeof t=="string"&&(t.indexOf("".concat(Jt.cssPrefix,"-"))>-1||t.match(l6))){const e=$d(t.split(" "),{skipLookups:!0});return{prefix:e.prefix||xs(),iconName:fo(e.prefix,e.iconName)||e.iconName}}if(typeof t=="string"){const e=xs();return{prefix:e,iconName:fo(e,t)||t}}}},Lr={noAuto:$6,config:Jt,dom:F6,parse:V6,library:Lv,findIconDefinition:Hh,toHtml:ic},z6=function(){let t=arguments.length>0&&arguments[0]!==void 0?arguments[0]:{};const{autoReplaceSvgRoot:e=tn}=t;(Object.keys(gi.styles).length>0||Jt.autoFetchSvg)&&ss&&Jt.autoReplaceSvg&&Lr.dom.i2svg({node:e})};function Fd(t,e){return Object.defineProperty(t,"abstract",{get:e}),Object.defineProperty(t,"html",{get:function(){return t.abstract.map(n=>ic(n))}}),Object.defineProperty(t,"node",{get:function(){if(!ss)return;const n=tn.createElement("div");return n.innerHTML=t.html,n.children}}),t}function G6(t){let{children:e,main:n,mask:r,attributes:i,styles:o,transform:l}=t;if(a_(l)&&n.found&&!r.found){const{width:c,height:u}=n,_={x:c/u/2,y:.5};i.style=Wd(It(It({},o),{},{"transform-origin":"".concat(_.x+l.x/16,"em ").concat(_.y+l.y/16,"em")}))}return[{tag:"svg",attributes:i,children:e}]}function X6(t){let{prefix:e,iconName:n,children:r,attributes:i,symbol:o}=t;const l=o===!0?"".concat(e,"-").concat(Jt.cssPrefix,"-").concat(n):o;return[{tag:"svg",attributes:{style:"display: none;"},children:[{tag:"symbol",attributes:It(It({},i),{},{id:l}),children:r}]}]}function u_(t){const{icons:{main:e,mask:n},prefix:r,iconName:i,transform:o,symbol:l,title:c,maskId:u,titleId:_,extra:f,watchable:E=!1}=t,{width:A,height:b}=n.found?n:e,k=X3.includes(r),S=[Jt.replacementClass,i?"".concat(Jt.cssPrefix,"-").concat(i):""].filter(K=>f.classes.indexOf(K)===-1).filter(K=>K!==""||!!K).concat(f.classes).join(" ");let O={children:[],attributes:It(It({},f.attributes),{},{"data-prefix":r,"data-icon":i,class:S,role:f.attributes.role||"img",xmlns:"http://www.w3.org/2000/svg",viewBox:"0 0 ".concat(A," ").concat(b)})};const R=k&&!~f.classes.indexOf("fa-fw")?{width:"".concat(A/b*16*.0625,"em")}:{};E&&(O.attributes[Ao]=""),c&&(O.children.push({tag:"title",attributes:{id:O.attributes["aria-labelledby"]||"title-".concat(_||$l())},children:[c]}),delete O.attributes.title);const x=It(It({},O),{},{prefix:r,iconName:i,main:e,mask:n,maskId:u,transform:o,symbol:l,styles:It(It({},R),f.styles)}),{children:Y,attributes:y}=n.found&&e.found?ws("generateAbstractMask",x)||{children:[],attributes:{}}:ws("generateAbstractIcon",x)||{children:[],attributes:{}};return x.children=Y,x.attributes=y,l?X6(x):G6(x)}function L1(t){const{content:e,width:n,height:r,transform:i,title:o,extra:l,watchable:c=!1}=t,u=It(It(It({},l.attributes),o?{title:o}:{}),{},{class:l.classes.join(" ")});c&&(u[Ao]="");const _=It({},l.styles);a_(i)&&(_.transform=S6({transform:i,startCentered:!0,width:n,height:r}),_["-webkit-transform"]=_.transform);const f=Wd(_);f.length>0&&(u.style=f);const E=[];return E.push({tag:"span",attributes:u,children:[e]}),o&&E.push({tag:"span",attributes:{class:"sr-only"},children:[o]}),E}function K6(t){const{content:e,title:n,extra:r}=t,i=It(It(It({},r.attributes),n?{title:n}:{}),{},{class:r.classes.join(" ")}),o=Wd(r.styles);o.length>0&&(i.style=o);const l=[];return l.push({tag:"span",attributes:i,children:[e]}),n&&l.push({tag:"span",attributes:{class:"sr-only"},children:[n]}),l}const{styles:qp}=gi;function Wh(t){const e=t[0],n=t[1],[r]=t.slice(4);let i=null;return Array.isArray(r)?i={tag:"g",attributes:{class:"".concat(Jt.cssPrefix,"-").concat(Xp.GROUP)},children:[{tag:"path",attributes:{class:"".concat(Jt.cssPrefix,"-").concat(Xp.SECONDARY),fill:"currentColor",d:r[0]}},{tag:"path",attributes:{class:"".concat(Jt.cssPrefix,"-").concat(Xp.PRIMARY),fill:"currentColor",d:r[1]}}]}:i={tag:"path",attributes:{fill:"currentColor",d:r}},{found:!0,width:e,height:n,icon:i}}const Y6={found:!1,width:512,height:512};function q6(t,e){!lv&&!Jt.showMissingIcons&&t&&console.error('Icon with name "'.concat(t,'" and prefix "').concat(e,'" is missing.'))}function Uh(t,e){let n=e;return e==="fa"&&Jt.styleDefault!==null&&(e=xs()),new Promise((r,i)=>{if(n==="fa"){const o=Rv(t)||{};t=o.iconName||t,e=o.prefix||e}if(t&&e&&qp[e]&&qp[e][t]){const o=qp[e][t];return r(Wh(o))}q6(t,e),r(It(It({},Y6),{},{icon:Jt.showMissingIcons&&t?ws("missingIconAbstract")||{}:{}}))})}const b1=()=>{},$h=Jt.measurePerformance&&hu&&hu.mark&&hu.measure?hu:{mark:b1,measure:b1},hl='FA "6.7.2"',j6=t=>($h.mark("".concat(hl," ").concat(t," begins")),()=>bv(t)),bv=t=>{$h.mark("".concat(hl," ").concat(t," ends")),$h.measure("".concat(hl," ").concat(t),"".concat(hl," ").concat(t," begins"),"".concat(hl," ").concat(t," ends"))};var d_={begin:j6,end:bv};const Bu=()=>{};function y1(t){return typeof(t.getAttribute?t.getAttribute(Ao):null)=="string"}function J6(t){const e=t.getAttribute?t.getAttribute(r_):null,n=t.getAttribute?t.getAttribute(i_):null;return e&&n}function Q6(t){return t&&t.classList&&t.classList.contains&&t.classList.contains(Jt.replacementClass)}function Z6(){return Jt.autoReplaceSvg===!0?Du.replace:Du[Jt.autoReplaceSvg]||Du.replace}function tM(t){return tn.createElementNS("http://www.w3.org/2000/svg",t)}function eM(t){return tn.createElement(t)}function yv(t){let e=arguments.length>1&&arguments[1]!==void 0?arguments[1]:{};const{ceFn:n=t.tag==="svg"?tM:eM}=e;if(typeof t=="string")return tn.createTextNode(t);const r=n(t.tag);return Object.keys(t.attributes||[]).forEach(function(o){r.setAttribute(o,t.attributes[o])}),(t.children||[]).forEach(function(o){r.appendChild(yv(o,{ceFn:n}))}),r}function nM(t){let e=" ".concat(t.outerHTML," ");return e="".concat(e,"Font Awesome fontawesome.com "),e}const Du={replace:function(t){const e=t[0];if(e.parentNode)if(t[1].forEach(n=>{e.parentNode.insertBefore(yv(n),e)}),e.getAttribute(Ao)===null&&Jt.keepOriginalSource){let n=tn.createComment(nM(e));e.parentNode.replaceChild(n,e)}else e.remove()},nest:function(t){const e=t[0],n=t[1];if(~o_(e).indexOf(Jt.replacementClass))return Du.replace(t);const r=new RegExp("".concat(Jt.cssPrefix,"-.*"));if(delete n[0].attributes.id,n[0].attributes.class){const o=n[0].attributes.class.split(" ").reduce((l,c)=>(c===Jt.replacementClass||c.match(r)?l.toSvg.push(c):l.toNode.push(c),l),{toNode:[],toSvg:[]});n[0].attributes.class=o.toSvg.join(" "),o.toNode.length===0?e.removeAttribute("class"):e.setAttribute("class",o.toNode.join(" "))}const i=n.map(o=>ic(o)).join(`
`);e.setAttribute(Ao,""),e.innerHTML=i}};function C1(t){t()}function Cv(t,e){const n=typeof e=="function"?e:Bu;if(t.length===0)n();else{let r=C1;Jt.mutateApproach===s6&&(r=Ns.requestAnimationFrame||C1),r(()=>{const i=Z6(),o=d_.begin("mutate");t.map(i),o(),n()})}}let f_=!1;function Iv(){f_=!0}function Fh(){f_=!1}let rd=null;function I1(t){if(!_1||!Jt.observeMutations)return;const{treeCallback:e=Bu,nodeCallback:n=Bu,pseudoElementsCallback:r=Bu,observeMutationsRoot:i=tn}=t;rd=new _1(o=>{if(f_)return;const l=xs();Da(o).forEach(c=>{if(c.type==="childList"&&c.addedNodes.length>0&&!y1(c.addedNodes[0])&&(Jt.searchPseudoElements&&r(c.target),e(c.target)),c.type==="attributes"&&c.target.parentNode&&Jt.searchPseudoElements&&r(c.target.parentNode),c.type==="attributes"&&y1(c.target)&&~d6.indexOf(c.attributeName))if(c.attributeName==="class"&&J6(c.target)){const{prefix:u,iconName:_}=$d(o_(c.target));c.target.setAttribute(r_,u||l),_&&c.target.setAttribute(i_,_)}else Q6(c.target)&&n(c.target)})}),ss&&rd.observe(i,{childList:!0,attributes:!0,characterData:!0,subtree:!0})}function rM(){rd&&rd.disconnect()}function iM(t){const e=t.getAttribute("style");let n=[];return e&&(n=e.split(";").reduce((r,i)=>{const o=i.split(":"),l=o[0],c=o.slice(1);return l&&c.length>0&&(r[l]=c.join(":").trim()),r},{})),n}function sM(t){const e=t.getAttribute("data-prefix"),n=t.getAttribute("data-icon"),r=t.innerText!==void 0?t.innerText.trim():"";let i=$d(o_(t));return i.prefix||(i.prefix=xs()),e&&n&&(i.prefix=e,i.iconName=n),i.iconName&&i.prefix||(i.prefix&&r.length>0&&(i.iconName=N6(i.prefix,t.innerText)||c_(i.prefix,Dh(t.innerText))),!i.iconName&&Jt.autoFetchSvg&&t.firstChild&&t.firstChild.nodeType===Node.TEXT_NODE&&(i.iconName=t.firstChild.data)),i}function oM(t){const e=Da(t.attributes).reduce((i,o)=>(i.name!=="class"&&i.name!=="style"&&(i[o.name]=o.value),i),{}),n=t.getAttribute("title"),r=t.getAttribute("data-fa-title-id");return Jt.autoA11y&&(n?e["aria-labelledby"]="".concat(Jt.replacementClass,"-title-").concat(r||$l()):(e["aria-hidden"]="true",e.focusable="false")),e}function aM(){return{iconName:null,title:null,titleId:null,prefix:null,transform:Ei,symbol:!1,mask:{iconName:null,prefix:null,rest:[]},maskId:null,extra:{classes:[],styles:{},attributes:{}}}}function N1(t){let e=arguments.length>1&&arguments[1]!==void 0?arguments[1]:{styleParser:!0};const{iconName:n,prefix:r,rest:i}=sM(t),o=oM(t),l=Mh("parseNodeAttributes",{},t);let c=e.styleParser?iM(t):[];return It({iconName:n,title:t.getAttribute("title"),titleId:t.getAttribute("data-fa-title-id"),prefix:r,transform:Ei,mask:{iconName:null,prefix:null,rest:[]},maskId:null,symbol:!1,extra:{classes:i,styles:c,attributes:o}},l)}const{styles:lM}=gi;function Nv(t){const e=Jt.autoReplaceSvg==="nest"?N1(t,{styleParser:!1}):N1(t);return~e.extra.classes.indexOf(uv)?ws("generateLayersText",t,e):ws("generateSvgReplacementMutation",t,e)}function cM(){return[...V3,...Ih]}function x1(t){let e=arguments.length>1&&arguments[1]!==void 0?arguments[1]:null;if(!ss)return Promise.resolve();const n=tn.documentElement.classList,r=f=>n.add("".concat(g1,"-").concat(f)),i=f=>n.remove("".concat(g1,"-").concat(f)),o=Jt.autoFetchSvg?cM():rv.concat(Object.keys(lM));o.includes("fa")||o.push("fa");const l=[".".concat(uv,":not([").concat(Ao,"])")].concat(o.map(f=>".".concat(f,":not([").concat(Ao,"])"))).join(", ");if(l.length===0)return Promise.resolve();let c=[];try{c=Da(t.querySelectorAll(l))}catch{}if(c.length>0)r("pending"),i("complete");else return Promise.resolve();const u=d_.begin("onTree"),_=c.reduce((f,E)=>{try{const A=Nv(E);A&&f.push(A)}catch(A){lv||A.name==="MissingIcon"&&console.error(A)}return f},[]);return new Promise((f,E)=>{Promise.all(_).then(A=>{Cv(A,()=>{r("active"),r("complete"),i("pending"),typeof e=="function"&&e(),u(),f()})}).catch(A=>{u(),E(A)})})}function uM(t){let e=arguments.length>1&&arguments[1]!==void 0?arguments[1]:null;Nv(t).then(n=>{n&&Cv([n],e)})}function dM(t){return function(e){let n=arguments.length>1&&arguments[1]!==void 0?arguments[1]:{};const r=(e||{}).icon?e:Hh(e||{});let{mask:i}=n;return i&&(i=(i||{}).icon?i:Hh(i||{})),t(r,It(It({},n),{},{mask:i}))}}const fM=function(t){let e=arguments.length>1&&arguments[1]!==void 0?arguments[1]:{};const{transform:n=Ei,symbol:r=!1,mask:i=null,maskId:o=null,title:l=null,titleId:c=null,classes:u=[],attributes:_={},styles:f={}}=e;if(!t)return;const{prefix:E,iconName:A,icon:b}=t;return Fd(It({type:"icon"},t),()=>(vo("beforeDOMElementCreation",{iconDefinition:t,params:e}),Jt.autoA11y&&(l?_["aria-labelledby"]="".concat(Jt.replacementClass,"-title-").concat(c||$l()):(_["aria-hidden"]="true",_.focusable="false")),u_({icons:{main:Wh(b),mask:i?Wh(i.icon):{found:!1,width:null,height:null,icon:{}}},prefix:E,iconName:A,transform:It(It({},Ei),n),symbol:r,title:l,maskId:o,titleId:c,extra:{attributes:_,styles:f,classes:u}})))};var pM={mixout(){return{icon:dM(fM)}},hooks(){return{mutationObserverCallbacks(t){return t.treeCallback=x1,t.nodeCallback=uM,t}}},provides(t){t.i2svg=function(e){const{node:n=tn,callback:r=()=>{}}=e;return x1(n,r)},t.generateSvgReplacementMutation=function(e,n){const{iconName:r,title:i,titleId:o,prefix:l,transform:c,symbol:u,mask:_,maskId:f,extra:E}=n;return new Promise((A,b)=>{Promise.all([Uh(r,l),_.iconName?Uh(_.iconName,_.prefix):Promise.resolve({found:!1,width:512,height:512,icon:{}})]).then(k=>{let[S,O]=k;A([e,u_({icons:{main:S,mask:O},prefix:l,iconName:r,transform:c,symbol:u,maskId:f,title:i,titleId:o,extra:E,watchable:!0})])}).catch(b)})},t.generateAbstractIcon=function(e){let{children:n,attributes:r,main:i,transform:o,styles:l}=e;const c=Wd(l);c.length>0&&(r.style=c);let u;return a_(o)&&(u=ws("generateAbstractTransformGrouping",{main:i,transform:o,containerWidth:i.width,iconWidth:i.width})),n.push(u||i.icon),{children:n,attributes:r}}}},hM={mixout(){return{layer(t){let e=arguments.length>1&&arguments[1]!==void 0?arguments[1]:{};const{classes:n=[]}=e;return Fd({type:"layer"},()=>{vo("beforeDOMElementCreation",{assembler:t,params:e});let r=[];return t(i=>{Array.isArray(i)?i.map(o=>{r=r.concat(o.abstract)}):r=r.concat(i.abstract)}),[{tag:"span",attributes:{class:["".concat(Jt.cssPrefix,"-layers"),...n].join(" ")},children:r}]})}}}},_M={mixout(){return{counter(t){let e=arguments.length>1&&arguments[1]!==void 0?arguments[1]:{};const{title:n=null,classes:r=[],attributes:i={},styles:o={}}=e;return Fd({type:"counter",content:t},()=>(vo("beforeDOMElementCreation",{content:t,params:e}),K6({content:t.toString(),title:n,extra:{attributes:i,styles:o,classes:["".concat(Jt.cssPrefix,"-layers-counter"),...r]}})))}}}},mM={mixout(){return{text(t){let e=arguments.length>1&&arguments[1]!==void 0?arguments[1]:{};const{transform:n=Ei,title:r=null,classes:i=[],attributes:o={},styles:l={}}=e;return Fd({type:"text",content:t},()=>(vo("beforeDOMElementCreation",{content:t,params:e}),L1({content:t,transform:It(It({},Ei),n),title:r,extra:{attributes:o,styles:l,classes:["".concat(Jt.cssPrefix,"-layers-text"),...i]}})))}}},provides(t){t.generateLayersText=function(e,n){const{title:r,transform:i,extra:o}=n;let l=null,c=null;if(ev){const u=parseInt(getComputedStyle(e).fontSize,10),_=e.getBoundingClientRect();l=_.width/u,c=_.height/u}return Jt.autoA11y&&!r&&(o.attributes["aria-hidden"]="true"),Promise.resolve([e,L1({content:e.innerHTML,width:l,height:c,transform:i,title:r,extra:o,watchable:!0})])}}};const EM=new RegExp('"',"ug"),w1=[1105920,1112319],k1=It(It(It(It({},{FontAwesome:{normal:"fas",400:"fas"}}),U3),r6),j3),Vh=Object.keys(k1).reduce((t,e)=>(t[e.toLowerCase()]=k1[e],t),{}),gM=Object.keys(Vh).reduce((t,e)=>{const n=Vh[e];return t[e]=n[900]||[...Object.entries(n)][0][1],t},{});function TM(t){const e=t.replace(EM,""),n=L6(e,0),r=n>=w1[0]&&n<=w1[1],i=e.length===2?e[0]===e[1]:!1;return{value:Dh(i?e[0]:e),isSecondary:r||i}}function SM(t,e){const n=t.replace(/^['"]|['"]$/g,"").toLowerCase(),r=parseInt(e),i=isNaN(r)?"normal":r;return(Vh[n]||{})[i]||gM[n]}function B1(t,e){const n="".concat(i6).concat(e.replace(":","-"));return new Promise((r,i)=>{if(t.getAttribute(n)!==null)return r();const l=Da(t.children).filter(A=>A.getAttribute(xh)===e)[0],c=Ns.getComputedStyle(t,e),u=c.getPropertyValue("font-family"),_=u.match(c6),f=c.getPropertyValue("font-weight"),E=c.getPropertyValue("content");if(l&&!_)return t.removeChild(l),r();if(_&&E!=="none"&&E!==""){const A=c.getPropertyValue("content");let b=SM(u,f);const{value:k,isSecondary:S}=TM(A),O=_[0].startsWith("FontAwesome");let R=c_(b,k),x=R;if(O){const Y=x6(k);Y.iconName&&Y.prefix&&(R=Y.iconName,b=Y.prefix)}if(R&&!S&&(!l||l.getAttribute(r_)!==b||l.getAttribute(i_)!==x)){t.setAttribute(n,x),l&&t.removeChild(l);const Y=aM(),{extra:y}=Y;y.attributes[xh]=e,Uh(R,b).then(K=>{const P=u_(It(It({},Y),{},{icons:{main:K,mask:Ov()},prefix:b,iconName:x,extra:y,watchable:!0})),X=tn.createElementNS("http://www.w3.org/2000/svg","svg");e==="::before"?t.insertBefore(X,t.firstChild):t.appendChild(X),X.outerHTML=P.map(ot=>ic(ot)).join(`
`),t.removeAttribute(n),r()}).catch(i)}else r()}else r()})}function AM(t){return Promise.all([B1(t,"::before"),B1(t,"::after")])}function vM(t){return t.parentNode!==document.head&&!~o6.indexOf(t.tagName.toUpperCase())&&!t.getAttribute(xh)&&(!t.parentNode||t.parentNode.tagName!=="svg")}function D1(t){if(ss)return new Promise((e,n)=>{const r=Da(t.querySelectorAll("*")).filter(vM).map(AM),i=d_.begin("searchPseudoElements");Iv(),Promise.all(r).then(()=>{i(),Fh(),e()}).catch(()=>{i(),Fh(),n()})})}var RM={hooks(){return{mutationObserverCallbacks(t){return t.pseudoElementsCallback=D1,t}}},provides(t){t.pseudoElements2svg=function(e){const{node:n=tn}=e;Jt.searchPseudoElements&&D1(n)}}};let P1=!1;var OM={mixout(){return{dom:{unwatch(){Iv(),P1=!0}}}},hooks(){return{bootstrap(){I1(Mh("mutationObserverCallbacks",{}))},noAuto(){rM()},watch(t){const{observeMutationsRoot:e}=t;P1?Fh():I1(Mh("mutationObserverCallbacks",{observeMutationsRoot:e}))}}}};const M1=t=>{let e={size:16,x:0,y:0,flipX:!1,flipY:!1,rotate:0};return t.toLowerCase().split(" ").reduce((n,r)=>{const i=r.toLowerCase().split("-"),o=i[0];let l=i.slice(1).join("-");if(o&&l==="h")return n.flipX=!0,n;if(o&&l==="v")return n.flipY=!0,n;if(l=parseFloat(l),isNaN(l))return n;switch(o){case"grow":n.size=n.size+l;break;case"shrink":n.size=n.size-l;break;case"left":n.x=n.x-l;break;case"right":n.x=n.x+l;break;case"up":n.y=n.y-l;break;case"down":n.y=n.y+l;break;case"rotate":n.rotate=n.rotate+l;break}return n},e)};var LM={mixout(){return{parse:{transform:t=>M1(t)}}},hooks(){return{parseNodeAttributes(t,e){const n=e.getAttribute("data-fa-transform");return n&&(t.transform=M1(n)),t}}},provides(t){t.generateAbstractTransformGrouping=function(e){let{main:n,transform:r,containerWidth:i,iconWidth:o}=e;const l={transform:"translate(".concat(i/2," 256)")},c="translate(".concat(r.x*32,", ").concat(r.y*32,") "),u="scale(".concat(r.size/16*(r.flipX?-1:1),", ").concat(r.size/16*(r.flipY?-1:1),") "),_="rotate(".concat(r.rotate," 0 0)"),f={transform:"".concat(c," ").concat(u," ").concat(_)},E={transform:"translate(".concat(o/2*-1," -256)")},A={outer:l,inner:f,path:E};return{tag:"g",attributes:It({},A.outer),children:[{tag:"g",attributes:It({},A.inner),children:[{tag:n.icon.tag,children:n.icon.children,attributes:It(It({},n.icon.attributes),A.path)}]}]}}}};const jp={x:0,y:0,width:"100%",height:"100%"};function H1(t){let e=arguments.length>1&&arguments[1]!==void 0?arguments[1]:!0;return t.attributes&&(t.attributes.fill||e)&&(t.attributes.fill="black"),t}function bM(t){return t.tag==="g"?t.children:[t]}var yM={hooks(){return{parseNodeAttributes(t,e){const n=e.getAttribute("data-fa-mask"),r=n?$d(n.split(" ").map(i=>i.trim())):Ov();return r.prefix||(r.prefix=xs()),t.mask=r,t.maskId=e.getAttribute("data-fa-mask-id"),t}}},provides(t){t.generateAbstractMask=function(e){let{children:n,attributes:r,main:i,mask:o,maskId:l,transform:c}=e;const{width:u,icon:_}=i,{width:f,icon:E}=o,A=T6({transform:c,containerWidth:f,iconWidth:u}),b={tag:"rect",attributes:It(It({},jp),{},{fill:"white"})},k=_.children?{children:_.children.map(H1)}:{},S={tag:"g",attributes:It({},A.inner),children:[H1(It({tag:_.tag,attributes:It(It({},_.attributes),A.path)},k))]},O={tag:"g",attributes:It({},A.outer),children:[S]},R="mask-".concat(l||$l()),x="clip-".concat(l||$l()),Y={tag:"mask",attributes:It(It({},jp),{},{id:R,maskUnits:"userSpaceOnUse",maskContentUnits:"userSpaceOnUse"}),children:[b,O]},y={tag:"defs",children:[{tag:"clipPath",attributes:{id:x},children:bM(E)},Y]};return n.push(y,{tag:"rect",attributes:It({fill:"currentColor","clip-path":"url(#".concat(x,")"),mask:"url(#".concat(R,")")},jp)}),{children:n,attributes:r}}}},CM={provides(t){let e=!1;Ns.matchMedia&&(e=Ns.matchMedia("(prefers-reduced-motion: reduce)").matches),t.missingIconAbstract=function(){const n=[],r={fill:"currentColor"},i={attributeType:"XML",repeatCount:"indefinite",dur:"2s"};n.push({tag:"path",attributes:It(It({},r),{},{d:"M156.5,447.7l-12.6,29.5c-18.7-9.5-35.9-21.2-51.5-34.9l22.7-22.7C127.6,430.5,141.5,440,156.5,447.7z M40.6,272H8.5 c1.4,21.2,5.4,41.7,11.7,61.1L50,321.2C45.1,305.5,41.8,289,40.6,272z M40.6,240c1.4-18.8,5.2-37,11.1-54.1l-29.5-12.6 C14.7,194.3,10,216.7,8.5,240H40.6z M64.3,156.5c7.8-14.9,17.2-28.8,28.1-41.5L69.7,92.3c-13.7,15.6-25.5,32.8-34.9,51.5 L64.3,156.5z M397,419.6c-13.9,12-29.4,22.3-46.1,30.4l11.9,29.8c20.7-9.9,39.8-22.6,56.9-37.6L397,419.6z M115,92.4 c13.9-12,29.4-22.3,46.1-30.4l-11.9-29.8c-20.7,9.9-39.8,22.6-56.8,37.6L115,92.4z M447.7,355.5c-7.8,14.9-17.2,28.8-28.1,41.5 l22.7,22.7c13.7-15.6,25.5-32.9,34.9-51.5L447.7,355.5z M471.4,272c-1.4,18.8-5.2,37-11.1,54.1l29.5,12.6 c7.5-21.1,12.2-43.5,13.6-66.8H471.4z M321.2,462c-15.7,5-32.2,8.2-49.2,9.4v32.1c21.2-1.4,41.7-5.4,61.1-11.7L321.2,462z M240,471.4c-18.8-1.4-37-5.2-54.1-11.1l-12.6,29.5c21.1,7.5,43.5,12.2,66.8,13.6V471.4z M462,190.8c5,15.7,8.2,32.2,9.4,49.2h32.1 c-1.4-21.2-5.4-41.7-11.7-61.1L462,190.8z M92.4,397c-12-13.9-22.3-29.4-30.4-46.1l-29.8,11.9c9.9,20.7,22.6,39.8,37.6,56.9 L92.4,397z M272,40.6c18.8,1.4,36.9,5.2,54.1,11.1l12.6-29.5C317.7,14.7,295.3,10,272,8.5V40.6z M190.8,50 c15.7-5,32.2-8.2,49.2-9.4V8.5c-21.2,1.4-41.7,5.4-61.1,11.7L190.8,50z M442.3,92.3L419.6,115c12,13.9,22.3,29.4,30.5,46.1 l29.8-11.9C470,128.5,457.3,109.4,442.3,92.3z M397,92.4l22.7-22.7c-15.6-13.7-32.8-25.5-51.5-34.9l-12.6,29.5 C370.4,72.1,384.4,81.5,397,92.4z"})});const o=It(It({},i),{},{attributeName:"opacity"}),l={tag:"circle",attributes:It(It({},r),{},{cx:"256",cy:"364",r:"28"}),children:[]};return e||l.children.push({tag:"animate",attributes:It(It({},i),{},{attributeName:"r",values:"28;14;28;28;14;28;"})},{tag:"animate",attributes:It(It({},o),{},{values:"1;0;1;1;0;1;"})}),n.push(l),n.push({tag:"path",attributes:It(It({},r),{},{opacity:"1",d:"M263.7,312h-16c-6.6,0-12-5.4-12-12c0-71,77.4-63.9,77.4-107.8c0-20-17.8-40.2-57.4-40.2c-29.1,0-44.3,9.6-59.2,28.7 c-3.9,5-11.1,6-16.2,2.4l-13.1-9.2c-5.6-3.9-6.9-11.8-2.6-17.2c21.2-27.2,46.4-44.7,91.2-44.7c52.3,0,97.4,29.8,97.4,80.2 c0,67.6-77.4,63.5-77.4,107.8C275.7,306.6,270.3,312,263.7,312z"}),children:e?[]:[{tag:"animate",attributes:It(It({},o),{},{values:"1;0;0;0;0;1;"})}]}),e||n.push({tag:"path",attributes:It(It({},r),{},{opacity:"0",d:"M232.5,134.5l7,168c0.3,6.4,5.6,11.5,12,11.5h9c6.4,0,11.7-5.1,12-11.5l7-168c0.3-6.8-5.2-12.5-12-12.5h-23 C237.7,122,232.2,127.7,232.5,134.5z"}),children:[{tag:"animate",attributes:It(It({},o),{},{values:"0;0;1;1;0;0;"})}]}),{tag:"g",attributes:{class:"missing"},children:n}}}},IM={hooks(){return{parseNodeAttributes(t,e){const n=e.getAttribute("data-fa-symbol"),r=n===null?!1:n===""?!0:n;return t.symbol=r,t}}}},NM=[v6,pM,hM,_M,mM,RM,OM,LM,yM,CM,IM];U6(NM,{mixoutsTo:Lr});Lr.noAuto;Lr.config;Lr.library;Lr.dom;const zh=Lr.parse;Lr.findIconDefinition;Lr.toHtml;const xM=Lr.icon;Lr.layer;Lr.text;Lr.counter;function W1(t,e){var n=Object.keys(t);if(Object.getOwnPropertySymbols){var r=Object.getOwnPropertySymbols(t);e&&(r=r.filter(function(i){return Object.getOwnPropertyDescriptor(t,i).enumerable})),n.push.apply(n,r)}return n}function zi(t){for(var e=1;e<arguments.length;e++){var n=arguments[e]!=null?arguments[e]:{};e%2?W1(Object(n),!0).forEach(function(r){nr(t,r,n[r])}):Object.getOwnPropertyDescriptors?Object.defineProperties(t,Object.getOwnPropertyDescriptors(n)):W1(Object(n)).forEach(function(r){Object.defineProperty(t,r,Object.getOwnPropertyDescriptor(n,r))})}return t}function wM(t,e){if(typeof t!="object"||!t)return t;var n=t[Symbol.toPrimitive];if(n!==void 0){var r=n.call(t,e);if(typeof r!="object")return r;throw new TypeError("@@toPrimitive must return a primitive value.")}return(e==="string"?String:Number)(t)}function kM(t){var e=wM(t,"string");return typeof e=="symbol"?e:e+""}function id(t){"@babel/helpers - typeof";return id=typeof Symbol=="function"&&typeof Symbol.iterator=="symbol"?function(e){return typeof e}:function(e){return e&&typeof Symbol=="function"&&e.constructor===Symbol&&e!==Symbol.prototype?"symbol":typeof e},id(t)}function nr(t,e,n){return e=kM(e),e in t?Object.defineProperty(t,e,{value:n,enumerable:!0,configurable:!0,writable:!0}):t[e]=n,t}function BM(t,e){if(t==null)return{};var n={};for(var r in t)if(Object.prototype.hasOwnProperty.call(t,r)){if(e.indexOf(r)>=0)continue;n[r]=t[r]}return n}function DM(t,e){if(t==null)return{};var n=BM(t,e),r,i;if(Object.getOwnPropertySymbols){var o=Object.getOwnPropertySymbols(t);for(i=0;i<o.length;i++)r=o[i],!(e.indexOf(r)>=0)&&Object.prototype.propertyIsEnumerable.call(t,r)&&(n[r]=t[r])}return n}var PM=typeof globalThis<"u"?globalThis:typeof window<"u"?window:typeof global<"u"?global:typeof self<"u"?self:{},xv={exports:{}};(function(t){(function(e){var n=function(R,x,Y){if(!_(x)||E(x)||A(x)||b(x)||u(x))return x;var y,K=0,P=0;if(f(x))for(y=[],P=x.length;K<P;K++)y.push(n(R,x[K],Y));else{y={};for(var X in x)Object.prototype.hasOwnProperty.call(x,X)&&(y[R(X,Y)]=n(R,x[X],Y))}return y},r=function(R,x){x=x||{};var Y=x.separator||"_",y=x.split||/(?=[A-Z])/;return R.split(y).join(Y)},i=function(R){return k(R)?R:(R=R.replace(/[\-_\s]+(.)?/g,function(x,Y){return Y?Y.toUpperCase():""}),R.substr(0,1).toLowerCase()+R.substr(1))},o=function(R){var x=i(R);return x.substr(0,1).toUpperCase()+x.substr(1)},l=function(R,x){return r(R,x).toLowerCase()},c=Object.prototype.toString,u=function(R){return typeof R=="function"},_=function(R){return R===Object(R)},f=function(R){return c.call(R)=="[object Array]"},E=function(R){return c.call(R)=="[object Date]"},A=function(R){return c.call(R)=="[object RegExp]"},b=function(R){return c.call(R)=="[object Boolean]"},k=function(R){return R=R-0,R===R},S=function(R,x){var Y=x&&"process"in x?x.process:x;return typeof Y!="function"?R:function(y,K){return Y(y,R,K)}},O={camelize:i,decamelize:l,pascalize:o,depascalize:l,camelizeKeys:function(R,x){return n(S(i,x),R)},decamelizeKeys:function(R,x){return n(S(l,x),R,x)},pascalizeKeys:function(R,x){return n(S(o,x),R)},depascalizeKeys:function(){return this.decamelizeKeys.apply(this,arguments)}};t.exports?t.exports=O:e.humps=O})(PM)})(xv);var MM=xv.exports,HM=["class","style"];function WM(t){return t.split(";").map(function(e){return e.trim()}).filter(function(e){return e}).reduce(function(e,n){var r=n.indexOf(":"),i=MM.camelize(n.slice(0,r)),o=n.slice(r+1).trim();return e[i]=o,e},{})}function UM(t){return t.split(/\s+/).reduce(function(e,n){return e[n]=!0,e},{})}function wv(t){var e=arguments.length>1&&arguments[1]!==void 0?arguments[1]:{},n=arguments.length>2&&arguments[2]!==void 0?arguments[2]:{};if(typeof t=="string")return t;var r=(t.children||[]).map(function(u){return wv(u)}),i=Object.keys(t.attributes||{}).reduce(function(u,_){var f=t.attributes[_];switch(_){case"class":u.class=UM(f);break;case"style":u.style=WM(f);break;default:u.attrs[_]=f}return u},{attrs:{},class:{},style:{}});n.class;var o=n.style,l=o===void 0?{}:o,c=DM(n,HM);return vs(t.tag,zi(zi(zi({},e),{},{class:i.class,style:zi(zi({},i.style),l)},i.attrs),c),r)}var kv=!1;try{kv=!0}catch{}function $M(){if(!kv&&console&&typeof console.error=="function"){var t;(t=console).error.apply(t,arguments)}}function Jp(t,e){return Array.isArray(e)&&e.length>0||!Array.isArray(e)&&e?nr({},t,e):{}}function FM(t){var e,n=(e={"fa-spin":t.spin,"fa-pulse":t.pulse,"fa-fw":t.fixedWidth,"fa-border":t.border,"fa-li":t.listItem,"fa-inverse":t.inverse,"fa-flip":t.flip===!0,"fa-flip-horizontal":t.flip==="horizontal"||t.flip==="both","fa-flip-vertical":t.flip==="vertical"||t.flip==="both"},nr(nr(nr(nr(nr(nr(nr(nr(nr(nr(e,"fa-".concat(t.size),t.size!==null),"fa-rotate-".concat(t.rotation),t.rotation!==null),"fa-pull-".concat(t.pull),t.pull!==null),"fa-swap-opacity",t.swapOpacity),"fa-bounce",t.bounce),"fa-shake",t.shake),"fa-beat",t.beat),"fa-fade",t.fade),"fa-beat-fade",t.beatFade),"fa-flash",t.flash),nr(nr(e,"fa-spin-pulse",t.spinPulse),"fa-spin-reverse",t.spinReverse));return Object.keys(n).map(function(r){return n[r]?r:null}).filter(function(r){return r})}function U1(t){if(t&&id(t)==="object"&&t.prefix&&t.iconName&&t.icon)return t;if(zh.icon)return zh.icon(t);if(t===null)return null;if(id(t)==="object"&&t.prefix&&t.iconName)return t;if(Array.isArray(t)&&t.length===2)return{prefix:t[0],iconName:t[1]};if(typeof t=="string")return{prefix:"fas",iconName:t}}var Te=we({name:"FontAwesomeIcon",props:{border:{type:Boolean,default:!1},fixedWidth:{type:Boolean,default:!1},flip:{type:[Boolean,String],default:!1,validator:function(e){return[!0,!1,"horizontal","vertical","both"].indexOf(e)>-1}},icon:{type:[Object,Array,String],required:!0},mask:{type:[Object,Array,String],default:null},maskId:{type:String,default:null},listItem:{type:Boolean,default:!1},pull:{type:String,default:null,validator:function(e){return["right","left"].indexOf(e)>-1}},pulse:{type:Boolean,default:!1},rotation:{type:[String,Number],default:null,validator:function(e){return[90,180,270].indexOf(Number.parseInt(e,10))>-1}},swapOpacity:{type:Boolean,default:!1},size:{type:String,default:null,validator:function(e){return["2xs","xs","sm","lg","xl","2xl","1x","2x","3x","4x","5x","6x","7x","8x","9x","10x"].indexOf(e)>-1}},spin:{type:Boolean,default:!1},transform:{type:[String,Object],default:null},symbol:{type:[Boolean,String],default:!1},title:{type:String,default:null},titleId:{type:String,default:null},inverse:{type:Boolean,default:!1},bounce:{type:Boolean,default:!1},shake:{type:Boolean,default:!1},beat:{type:Boolean,default:!1},fade:{type:Boolean,default:!1},beatFade:{type:Boolean,default:!1},flash:{type:Boolean,default:!1},spinPulse:{type:Boolean,default:!1},spinReverse:{type:Boolean,default:!1}},setup:function(e,n){var r=n.attrs,i=Bt(function(){return U1(e.icon)}),o=Bt(function(){return Jp("classes",FM(e))}),l=Bt(function(){return Jp("transform",typeof e.transform=="string"?zh.transform(e.transform):e.transform)}),c=Bt(function(){return Jp("mask",U1(e.mask))}),u=Bt(function(){return xM(i.value,zi(zi(zi(zi({},o.value),l.value),c.value),{},{symbol:e.symbol,title:e.title,titleId:e.titleId,maskId:e.maskId}))});bn(u,function(f){if(!f)return $M("Could not find one or more icon(s)",i.value,c.value)},{immediate:!0});var _=Bt(function(){return u.value?wv(u.value.abstract[0],{},r):null});return function(){return _.value}}});function VM(t){switch(typeof t){case"number":break;case"string":t=+new Date(t);break;case"object":t.constructor===Date&&(t=t.getTime());break;default:t=+new Date}const e=[[2,"1 second ago","1 second from now"],[60,"seconds",1],[120,"1 minute ago","1 minute from now"],[3600,"minutes",60],[7200,"1 hour ago","1 hour from now"],[86400,"hours",3600],[172800,"Yesterday","Tomorrow"],[604800,"days",86400],[1209600,"Last week","Next week"],[2419200,"weeks",604800],[4838400,"Last month","Next month"],[29030400,"months",2419200],[58060800,"Last year","Next year"],[290304e4,"years",29030400]];let n=(+new Date-t)/1e3,r="ago",i=1;if(n==0)return"Just now";n<0&&(n=Math.abs(n),r="from now",i=2);let o=0,l;for(;l=e[o++];)if(n<l[0])return typeof l[2]=="string"?l[i]:Math.floor(n/l[2])+" "+l[1]+" "+r;return t}var mu=typeof globalThis<"u"?globalThis:typeof window<"u"?window:typeof global<"u"?global:typeof self<"u"?self:{};function p_(t){return t&&t.__esModule&&Object.prototype.hasOwnProperty.call(t,"default")?t.default:t}var _l={exports:{}};/**
 * @license
 * Lodash <https://lodash.com/>
 * Copyright OpenJS Foundation and other contributors <https://openjsf.org/>
 * Released under MIT license <https://lodash.com/license>
 * Based on Underscore.js 1.8.3 <http://underscorejs.org/LICENSE>
 * Copyright Jeremy Ashkenas, DocumentCloud and Investigative Reporters & Editors
 */var zM=_l.exports,$1;function GM(){return $1||($1=1,function(t,e){(function(){var n,r="4.17.21",i=200,o="Unsupported core-js use. Try https://npms.io/search?q=ponyfill.",l="Expected a function",c="Invalid `variable` option passed into `_.template`",u="__lodash_hash_undefined__",_=500,f="__lodash_placeholder__",E=1,A=2,b=4,k=1,S=2,O=1,R=2,x=4,Y=8,y=16,K=32,P=64,X=128,ot=256,xt=512,Pt=30,vt="...",et=800,M=16,G=1,Rt=2,U=3,w=1/0,ct=9007199254740991,St=17976931348623157e292,yt=NaN,dt=4294967295,j=dt-1,D=dt>>>1,L=[["ary",X],["bind",O],["bindKey",R],["curry",Y],["curryRight",y],["flip",xt],["partial",K],["partialRight",P],["rearg",ot]],J="[object Arguments]",at="[object Array]",Ct="[object AsyncFunction]",Xt="[object Boolean]",ze="[object Date]",Qe="[object DOMException]",_n="[object Error]",W="[object Function]",z="[object GeneratorFunction]",rt="[object Map]",gt="[object Number]",mt="[object Null]",ht="[object Object]",wt="[object Promise]",tt="[object Proxy]",nt="[object RegExp]",st="[object Set]",Wt="[object String]",bt="[object Symbol]",Mt="[object Undefined]",Kt="[object WeakMap]",ne="[object WeakSet]",fe="[object ArrayBuffer]",ue="[object DataView]",on="[object Float32Array]",an="[object Float64Array]",Sn="[object Int8Array]",An="[object Int16Array]",cr="[object Int32Array]",lt="[object Uint8Array]",Ht="[object Uint8ClampedArray]",Gt="[object Uint16Array]",Oe="[object Uint32Array]",Ae=/\b__p \+= '';/g,mn=/\b(__p \+=) '' \+/g,yn=/(__e\(.*?\)|\b__t\)) \+\n'';/g,Gr=/&(?:amp|lt|gt|quot|#39);/g,os=/[&<>"']/g,Dn=RegExp(Gr.source),$=RegExp(os.source),pt=/<%-([\s\S]+?)%>/g,Dt=/<%([\s\S]+?)%>/g,ae=/<%=([\s\S]+?)%>/g,Ge=/\.|\[(?:[^[\]]*|(["'])(?:(?!\1)[^\\]|\\.)*?\1)\]/,$e=/^\w*$/,Yt=/[^.[\]]+|\[(?:(-?\d+(?:\.\d+)?)|(["'])((?:(?!\2)[^\\]|\\.)*?)\2)\]|(?=(?:\.|\[\])(?:\.|\[\]|$))/g,Vt=/[\\^$.*+?()[\]{}|]/g,le=RegExp(Vt.source),ln=/^\s+/,cn=/\s/,Us=/\{(?:\n\/\* \[wrapped with .+\] \*\/)?\n?/,Ma=/\{\n\/\* \[wrapped with (.+)\] \*/,Ha=/,? & /,Jd=/[^\x00-\x2f\x3a-\x40\x5b-\x60\x7b-\x7f]+/g,Wa=/[()=,{}\[\]\/\s]/,Qd=/\\(\\)?/g,Zd=/\$\{([^\\}]*(?:\\.[^\\}]*)*)\}/g,ac=/\w*$/,lc=/^[-+]0x[0-9a-f]+$/i,No=/^0b[01]+$/i,tf=/^\[object .+?Constructor\]$/,ef=/^0o[0-7]+$/i,nf=/^(?:0|[1-9]\d*)$/,oi=/[\xc0-\xd6\xd8-\xf6\xf8-\xff\u0100-\u017f]/g,$s=/($^)/,cc=/['\n\r\u2028\u2029\\]/g,xo="\\ud800-\\udfff",rf="\\u0300-\\u036f",sf="\\ufe20-\\ufe2f",wo="\\u20d0-\\u20ff",uc=rf+sf+wo,Nt="\\u2700-\\u27bf",Qt="a-z\\xdf-\\xf6\\xf8-\\xff",Le="\\xac\\xb1\\xd7\\xf7",Fe="\\x00-\\x2f\\x3a-\\x40\\x5b-\\x60\\x7b-\\xbf",dn="\\u2000-\\u206f",ur=" \\t\\x0b\\f\\xa0\\ufeff\\n\\r\\u2028\\u2029\\u1680\\u180e\\u2000\\u2001\\u2002\\u2003\\u2004\\u2005\\u2006\\u2007\\u2008\\u2009\\u200a\\u202f\\u205f\\u3000",Xr="A-Z\\xc0-\\xd6\\xd8-\\xde",Fs="\\ufe0e\\ufe0f",Pn=Le+Fe+dn+ur,Jn="['’]",dc="["+xo+"]",Ua="["+Pn+"]",Vs="["+uc+"]",fc="\\d+",of="["+Nt+"]",pc="["+Qt+"]",hc="[^"+xo+Pn+fc+Nt+Qt+Xr+"]",as="\\ud83c[\\udffb-\\udfff]",_c="(?:"+Vs+"|"+as+")",dr="[^"+xo+"]",$a="(?:\\ud83c[\\udde6-\\uddff]){2}",zs="[\\ud800-\\udbff][\\udc00-\\udfff]",ie="["+Xr+"]",Fa="\\u200d",En="(?:"+pc+"|"+hc+")",Ve="(?:"+ie+"|"+hc+")",Gs="(?:"+Jn+"(?:d|ll|m|re|s|t|ve))?",ai="(?:"+Jn+"(?:D|LL|M|RE|S|T|VE))?",ko=_c+"?",Bo="["+Fs+"]?",Ut="(?:"+Fa+"(?:"+[dr,$a,zs].join("|")+")"+Bo+ko+")*",jt="\\d*(?:1st|2nd|3rd|(?![123])\\dth)(?=\\b|[A-Z_])",Ee="\\d*(?:1ST|2ND|3RD|(?![123])\\dTH)(?=\\b|[a-z_])",ke=Bo+ko+Ut,vn="(?:"+[of,$a,zs].join("|")+")"+ke,Kr="(?:"+[dr+Vs+"?",Vs,$a,zs,dc].join("|")+")",af=RegExp(Jn,"g"),lf=RegExp(Vs,"g"),cf=RegExp(as+"(?="+as+")|"+Kr+ke,"g"),IR=RegExp([ie+"?"+pc+"+"+Gs+"(?="+[Ua,ie,"$"].join("|")+")",Ve+"+"+ai+"(?="+[Ua,ie+En,"$"].join("|")+")",ie+"?"+En+"+"+Gs,ie+"+"+ai,Ee,jt,fc,vn].join("|"),"g"),NR=RegExp("["+Fa+xo+uc+Fs+"]"),xR=/[a-z][A-Z]|[A-Z]{2}[a-z]|[0-9][a-zA-Z]|[a-zA-Z][0-9]|[^a-zA-Z0-9 ]/,wR=["Array","Buffer","DataView","Date","Error","Float32Array","Float64Array","Function","Int8Array","Int16Array","Int32Array","Map","Math","Object","Promise","RegExp","Set","String","Symbol","TypeError","Uint8Array","Uint8ClampedArray","Uint16Array","Uint32Array","WeakMap","_","clearTimeout","isFinite","parseInt","setTimeout"],kR=-1,Ze={};Ze[on]=Ze[an]=Ze[Sn]=Ze[An]=Ze[cr]=Ze[lt]=Ze[Ht]=Ze[Gt]=Ze[Oe]=!0,Ze[J]=Ze[at]=Ze[fe]=Ze[Xt]=Ze[ue]=Ze[ze]=Ze[_n]=Ze[W]=Ze[rt]=Ze[gt]=Ze[ht]=Ze[nt]=Ze[st]=Ze[Wt]=Ze[Kt]=!1;var Ye={};Ye[J]=Ye[at]=Ye[fe]=Ye[ue]=Ye[Xt]=Ye[ze]=Ye[on]=Ye[an]=Ye[Sn]=Ye[An]=Ye[cr]=Ye[rt]=Ye[gt]=Ye[ht]=Ye[nt]=Ye[st]=Ye[Wt]=Ye[bt]=Ye[lt]=Ye[Ht]=Ye[Gt]=Ye[Oe]=!0,Ye[_n]=Ye[W]=Ye[Kt]=!1;var BR={À:"A",Á:"A",Â:"A",Ã:"A",Ä:"A",Å:"A",à:"a",á:"a",â:"a",ã:"a",ä:"a",å:"a",Ç:"C",ç:"c",Ð:"D",ð:"d",È:"E",É:"E",Ê:"E",Ë:"E",è:"e",é:"e",ê:"e",ë:"e",Ì:"I",Í:"I",Î:"I",Ï:"I",ì:"i",í:"i",î:"i",ï:"i",Ñ:"N",ñ:"n",Ò:"O",Ó:"O",Ô:"O",Õ:"O",Ö:"O",Ø:"O",ò:"o",ó:"o",ô:"o",õ:"o",ö:"o",ø:"o",Ù:"U",Ú:"U",Û:"U",Ü:"U",ù:"u",ú:"u",û:"u",ü:"u",Ý:"Y",ý:"y",ÿ:"y",Æ:"Ae",æ:"ae",Þ:"Th",þ:"th",ß:"ss",Ā:"A",Ă:"A",Ą:"A",ā:"a",ă:"a",ą:"a",Ć:"C",Ĉ:"C",Ċ:"C",Č:"C",ć:"c",ĉ:"c",ċ:"c",č:"c",Ď:"D",Đ:"D",ď:"d",đ:"d",Ē:"E",Ĕ:"E",Ė:"E",Ę:"E",Ě:"E",ē:"e",ĕ:"e",ė:"e",ę:"e",ě:"e",Ĝ:"G",Ğ:"G",Ġ:"G",Ģ:"G",ĝ:"g",ğ:"g",ġ:"g",ģ:"g",Ĥ:"H",Ħ:"H",ĥ:"h",ħ:"h",Ĩ:"I",Ī:"I",Ĭ:"I",Į:"I",İ:"I",ĩ:"i",ī:"i",ĭ:"i",į:"i",ı:"i",Ĵ:"J",ĵ:"j",Ķ:"K",ķ:"k",ĸ:"k",Ĺ:"L",Ļ:"L",Ľ:"L",Ŀ:"L",Ł:"L",ĺ:"l",ļ:"l",ľ:"l",ŀ:"l",ł:"l",Ń:"N",Ņ:"N",Ň:"N",Ŋ:"N",ń:"n",ņ:"n",ň:"n",ŋ:"n",Ō:"O",Ŏ:"O",Ő:"O",ō:"o",ŏ:"o",ő:"o",Ŕ:"R",Ŗ:"R",Ř:"R",ŕ:"r",ŗ:"r",ř:"r",Ś:"S",Ŝ:"S",Ş:"S",Š:"S",ś:"s",ŝ:"s",ş:"s",š:"s",Ţ:"T",Ť:"T",Ŧ:"T",ţ:"t",ť:"t",ŧ:"t",Ũ:"U",Ū:"U",Ŭ:"U",Ů:"U",Ű:"U",Ų:"U",ũ:"u",ū:"u",ŭ:"u",ů:"u",ű:"u",ų:"u",Ŵ:"W",ŵ:"w",Ŷ:"Y",ŷ:"y",Ÿ:"Y",Ź:"Z",Ż:"Z",Ž:"Z",ź:"z",ż:"z",ž:"z",Ĳ:"IJ",ĳ:"ij",Œ:"Oe",œ:"oe",ŉ:"'n",ſ:"s"},DR={"&":"&amp;","<":"&lt;",">":"&gt;",'"':"&quot;","'":"&#39;"},PR={"&amp;":"&","&lt;":"<","&gt;":">","&quot;":'"',"&#39;":"'"},MR={"\\":"\\","'":"'","\n":"n","\r":"r","\u2028":"u2028","\u2029":"u2029"},HR=parseFloat,WR=parseInt,C_=typeof mu=="object"&&mu&&mu.Object===Object&&mu,UR=typeof self=="object"&&self&&self.Object===Object&&self,Cn=C_||UR||Function("return this")(),uf=e&&!e.nodeType&&e,Xs=uf&&!0&&t&&!t.nodeType&&t,I_=Xs&&Xs.exports===uf,df=I_&&C_.process,br=function(){try{var q=Xs&&Xs.require&&Xs.require("util").types;return q||df&&df.binding&&df.binding("util")}catch{}}(),N_=br&&br.isArrayBuffer,x_=br&&br.isDate,w_=br&&br.isMap,k_=br&&br.isRegExp,B_=br&&br.isSet,D_=br&&br.isTypedArray;function fr(q,ft,it){switch(it.length){case 0:return q.call(ft);case 1:return q.call(ft,it[0]);case 2:return q.call(ft,it[0],it[1]);case 3:return q.call(ft,it[0],it[1],it[2])}return q.apply(ft,it)}function $R(q,ft,it,zt){for(var pe=-1,Pe=q==null?0:q.length;++pe<Pe;){var gn=q[pe];ft(zt,gn,it(gn),q)}return zt}function yr(q,ft){for(var it=-1,zt=q==null?0:q.length;++it<zt&&ft(q[it],it,q)!==!1;);return q}function FR(q,ft){for(var it=q==null?0:q.length;it--&&ft(q[it],it,q)!==!1;);return q}function P_(q,ft){for(var it=-1,zt=q==null?0:q.length;++it<zt;)if(!ft(q[it],it,q))return!1;return!0}function ls(q,ft){for(var it=-1,zt=q==null?0:q.length,pe=0,Pe=[];++it<zt;){var gn=q[it];ft(gn,it,q)&&(Pe[pe++]=gn)}return Pe}function mc(q,ft){var it=q==null?0:q.length;return!!it&&Do(q,ft,0)>-1}function ff(q,ft,it){for(var zt=-1,pe=q==null?0:q.length;++zt<pe;)if(it(ft,q[zt]))return!0;return!1}function en(q,ft){for(var it=-1,zt=q==null?0:q.length,pe=Array(zt);++it<zt;)pe[it]=ft(q[it],it,q);return pe}function cs(q,ft){for(var it=-1,zt=ft.length,pe=q.length;++it<zt;)q[pe+it]=ft[it];return q}function pf(q,ft,it,zt){var pe=-1,Pe=q==null?0:q.length;for(zt&&Pe&&(it=q[++pe]);++pe<Pe;)it=ft(it,q[pe],pe,q);return it}function VR(q,ft,it,zt){var pe=q==null?0:q.length;for(zt&&pe&&(it=q[--pe]);pe--;)it=ft(it,q[pe],pe,q);return it}function hf(q,ft){for(var it=-1,zt=q==null?0:q.length;++it<zt;)if(ft(q[it],it,q))return!0;return!1}var zR=_f("length");function GR(q){return q.split("")}function XR(q){return q.match(Jd)||[]}function M_(q,ft,it){var zt;return it(q,function(pe,Pe,gn){if(ft(pe,Pe,gn))return zt=Pe,!1}),zt}function Ec(q,ft,it,zt){for(var pe=q.length,Pe=it+(zt?1:-1);zt?Pe--:++Pe<pe;)if(ft(q[Pe],Pe,q))return Pe;return-1}function Do(q,ft,it){return ft===ft?iO(q,ft,it):Ec(q,H_,it)}function KR(q,ft,it,zt){for(var pe=it-1,Pe=q.length;++pe<Pe;)if(zt(q[pe],ft))return pe;return-1}function H_(q){return q!==q}function W_(q,ft){var it=q==null?0:q.length;return it?Ef(q,ft)/it:yt}function _f(q){return function(ft){return ft==null?n:ft[q]}}function mf(q){return function(ft){return q==null?n:q[ft]}}function U_(q,ft,it,zt,pe){return pe(q,function(Pe,gn,Xe){it=zt?(zt=!1,Pe):ft(it,Pe,gn,Xe)}),it}function YR(q,ft){var it=q.length;for(q.sort(ft);it--;)q[it]=q[it].value;return q}function Ef(q,ft){for(var it,zt=-1,pe=q.length;++zt<pe;){var Pe=ft(q[zt]);Pe!==n&&(it=it===n?Pe:it+Pe)}return it}function gf(q,ft){for(var it=-1,zt=Array(q);++it<q;)zt[it]=ft(it);return zt}function qR(q,ft){return en(ft,function(it){return[it,q[it]]})}function $_(q){return q&&q.slice(0,G_(q)+1).replace(ln,"")}function pr(q){return function(ft){return q(ft)}}function Tf(q,ft){return en(ft,function(it){return q[it]})}function Va(q,ft){return q.has(ft)}function F_(q,ft){for(var it=-1,zt=q.length;++it<zt&&Do(ft,q[it],0)>-1;);return it}function V_(q,ft){for(var it=q.length;it--&&Do(ft,q[it],0)>-1;);return it}function jR(q,ft){for(var it=q.length,zt=0;it--;)q[it]===ft&&++zt;return zt}var JR=mf(BR),QR=mf(DR);function ZR(q){return"\\"+MR[q]}function tO(q,ft){return q==null?n:q[ft]}function Po(q){return NR.test(q)}function eO(q){return xR.test(q)}function nO(q){for(var ft,it=[];!(ft=q.next()).done;)it.push(ft.value);return it}function Sf(q){var ft=-1,it=Array(q.size);return q.forEach(function(zt,pe){it[++ft]=[pe,zt]}),it}function z_(q,ft){return function(it){return q(ft(it))}}function us(q,ft){for(var it=-1,zt=q.length,pe=0,Pe=[];++it<zt;){var gn=q[it];(gn===ft||gn===f)&&(q[it]=f,Pe[pe++]=it)}return Pe}function gc(q){var ft=-1,it=Array(q.size);return q.forEach(function(zt){it[++ft]=zt}),it}function rO(q){var ft=-1,it=Array(q.size);return q.forEach(function(zt){it[++ft]=[zt,zt]}),it}function iO(q,ft,it){for(var zt=it-1,pe=q.length;++zt<pe;)if(q[zt]===ft)return zt;return-1}function sO(q,ft,it){for(var zt=it+1;zt--;)if(q[zt]===ft)return zt;return zt}function Mo(q){return Po(q)?aO(q):zR(q)}function Yr(q){return Po(q)?lO(q):GR(q)}function G_(q){for(var ft=q.length;ft--&&cn.test(q.charAt(ft)););return ft}var oO=mf(PR);function aO(q){for(var ft=cf.lastIndex=0;cf.test(q);)++ft;return ft}function lO(q){return q.match(cf)||[]}function cO(q){return q.match(IR)||[]}var uO=function q(ft){ft=ft==null?Cn:Ho.defaults(Cn.Object(),ft,Ho.pick(Cn,wR));var it=ft.Array,zt=ft.Date,pe=ft.Error,Pe=ft.Function,gn=ft.Math,Xe=ft.Object,Af=ft.RegExp,dO=ft.String,Cr=ft.TypeError,Tc=it.prototype,fO=Pe.prototype,Wo=Xe.prototype,Sc=ft["__core-js_shared__"],Ac=fO.toString,Ue=Wo.hasOwnProperty,pO=0,X_=function(){var s=/[^.]+$/.exec(Sc&&Sc.keys&&Sc.keys.IE_PROTO||"");return s?"Symbol(src)_1."+s:""}(),vc=Wo.toString,hO=Ac.call(Xe),_O=Cn._,mO=Af("^"+Ac.call(Ue).replace(Vt,"\\$&").replace(/hasOwnProperty|(function).*?(?=\\\()| for .+?(?=\\\])/g,"$1.*?")+"$"),Rc=I_?ft.Buffer:n,ds=ft.Symbol,Oc=ft.Uint8Array,K_=Rc?Rc.allocUnsafe:n,Lc=z_(Xe.getPrototypeOf,Xe),Y_=Xe.create,q_=Wo.propertyIsEnumerable,bc=Tc.splice,j_=ds?ds.isConcatSpreadable:n,za=ds?ds.iterator:n,Ks=ds?ds.toStringTag:n,yc=function(){try{var s=Qs(Xe,"defineProperty");return s({},"",{}),s}catch{}}(),EO=ft.clearTimeout!==Cn.clearTimeout&&ft.clearTimeout,gO=zt&&zt.now!==Cn.Date.now&&zt.now,TO=ft.setTimeout!==Cn.setTimeout&&ft.setTimeout,Cc=gn.ceil,Ic=gn.floor,vf=Xe.getOwnPropertySymbols,SO=Rc?Rc.isBuffer:n,J_=ft.isFinite,AO=Tc.join,vO=z_(Xe.keys,Xe),Tn=gn.max,Mn=gn.min,RO=zt.now,OO=ft.parseInt,Q_=gn.random,LO=Tc.reverse,Rf=Qs(ft,"DataView"),Ga=Qs(ft,"Map"),Of=Qs(ft,"Promise"),Uo=Qs(ft,"Set"),Xa=Qs(ft,"WeakMap"),Ka=Qs(Xe,"create"),Nc=Xa&&new Xa,$o={},bO=Zs(Rf),yO=Zs(Ga),CO=Zs(Of),IO=Zs(Uo),NO=Zs(Xa),xc=ds?ds.prototype:n,Ya=xc?xc.valueOf:n,Z_=xc?xc.toString:n;function C(s){if(un(s)&&!_e(s)&&!(s instanceof Ie)){if(s instanceof Ir)return s;if(Ue.call(s,"__wrapped__"))return tE(s)}return new Ir(s)}var Fo=function(){function s(){}return function(a){if(!sn(a))return{};if(Y_)return Y_(a);s.prototype=a;var d=new s;return s.prototype=n,d}}();function wc(){}function Ir(s,a){this.__wrapped__=s,this.__actions__=[],this.__chain__=!!a,this.__index__=0,this.__values__=n}C.templateSettings={escape:pt,evaluate:Dt,interpolate:ae,variable:"",imports:{_:C}},C.prototype=wc.prototype,C.prototype.constructor=C,Ir.prototype=Fo(wc.prototype),Ir.prototype.constructor=Ir;function Ie(s){this.__wrapped__=s,this.__actions__=[],this.__dir__=1,this.__filtered__=!1,this.__iteratees__=[],this.__takeCount__=dt,this.__views__=[]}function xO(){var s=new Ie(this.__wrapped__);return s.__actions__=Qn(this.__actions__),s.__dir__=this.__dir__,s.__filtered__=this.__filtered__,s.__iteratees__=Qn(this.__iteratees__),s.__takeCount__=this.__takeCount__,s.__views__=Qn(this.__views__),s}function wO(){if(this.__filtered__){var s=new Ie(this);s.__dir__=-1,s.__filtered__=!0}else s=this.clone(),s.__dir__*=-1;return s}function kO(){var s=this.__wrapped__.value(),a=this.__dir__,d=_e(s),m=a<0,v=d?s.length:0,I=GL(0,v,this.__views__),H=I.start,V=I.end,Q=V-H,_t=m?V:H-1,Et=this.__iteratees__,At=Et.length,$t=0,qt=Mn(Q,this.__takeCount__);if(!d||!m&&v==Q&&qt==Q)return Rm(s,this.__actions__);var se=[];t:for(;Q--&&$t<qt;){_t+=a;for(var Se=-1,oe=s[_t];++Se<At;){var be=Et[Se],Ne=be.iteratee,mr=be.type,Gn=Ne(oe);if(mr==Rt)oe=Gn;else if(!Gn){if(mr==G)continue t;break t}}se[$t++]=oe}return se}Ie.prototype=Fo(wc.prototype),Ie.prototype.constructor=Ie;function Ys(s){var a=-1,d=s==null?0:s.length;for(this.clear();++a<d;){var m=s[a];this.set(m[0],m[1])}}function BO(){this.__data__=Ka?Ka(null):{},this.size=0}function DO(s){var a=this.has(s)&&delete this.__data__[s];return this.size-=a?1:0,a}function PO(s){var a=this.__data__;if(Ka){var d=a[s];return d===u?n:d}return Ue.call(a,s)?a[s]:n}function MO(s){var a=this.__data__;return Ka?a[s]!==n:Ue.call(a,s)}function HO(s,a){var d=this.__data__;return this.size+=this.has(s)?0:1,d[s]=Ka&&a===n?u:a,this}Ys.prototype.clear=BO,Ys.prototype.delete=DO,Ys.prototype.get=PO,Ys.prototype.has=MO,Ys.prototype.set=HO;function Ni(s){var a=-1,d=s==null?0:s.length;for(this.clear();++a<d;){var m=s[a];this.set(m[0],m[1])}}function WO(){this.__data__=[],this.size=0}function UO(s){var a=this.__data__,d=kc(a,s);if(d<0)return!1;var m=a.length-1;return d==m?a.pop():bc.call(a,d,1),--this.size,!0}function $O(s){var a=this.__data__,d=kc(a,s);return d<0?n:a[d][1]}function FO(s){return kc(this.__data__,s)>-1}function VO(s,a){var d=this.__data__,m=kc(d,s);return m<0?(++this.size,d.push([s,a])):d[m][1]=a,this}Ni.prototype.clear=WO,Ni.prototype.delete=UO,Ni.prototype.get=$O,Ni.prototype.has=FO,Ni.prototype.set=VO;function xi(s){var a=-1,d=s==null?0:s.length;for(this.clear();++a<d;){var m=s[a];this.set(m[0],m[1])}}function zO(){this.size=0,this.__data__={hash:new Ys,map:new(Ga||Ni),string:new Ys}}function GO(s){var a=Gc(this,s).delete(s);return this.size-=a?1:0,a}function XO(s){return Gc(this,s).get(s)}function KO(s){return Gc(this,s).has(s)}function YO(s,a){var d=Gc(this,s),m=d.size;return d.set(s,a),this.size+=d.size==m?0:1,this}xi.prototype.clear=zO,xi.prototype.delete=GO,xi.prototype.get=XO,xi.prototype.has=KO,xi.prototype.set=YO;function qs(s){var a=-1,d=s==null?0:s.length;for(this.__data__=new xi;++a<d;)this.add(s[a])}function qO(s){return this.__data__.set(s,u),this}function jO(s){return this.__data__.has(s)}qs.prototype.add=qs.prototype.push=qO,qs.prototype.has=jO;function qr(s){var a=this.__data__=new Ni(s);this.size=a.size}function JO(){this.__data__=new Ni,this.size=0}function QO(s){var a=this.__data__,d=a.delete(s);return this.size=a.size,d}function ZO(s){return this.__data__.get(s)}function tL(s){return this.__data__.has(s)}function eL(s,a){var d=this.__data__;if(d instanceof Ni){var m=d.__data__;if(!Ga||m.length<i-1)return m.push([s,a]),this.size=++d.size,this;d=this.__data__=new xi(m)}return d.set(s,a),this.size=d.size,this}qr.prototype.clear=JO,qr.prototype.delete=QO,qr.prototype.get=ZO,qr.prototype.has=tL,qr.prototype.set=eL;function tm(s,a){var d=_e(s),m=!d&&to(s),v=!d&&!m&&ms(s),I=!d&&!m&&!v&&Xo(s),H=d||m||v||I,V=H?gf(s.length,dO):[],Q=V.length;for(var _t in s)(a||Ue.call(s,_t))&&!(H&&(_t=="length"||v&&(_t=="offset"||_t=="parent")||I&&(_t=="buffer"||_t=="byteLength"||_t=="byteOffset")||Di(_t,Q)))&&V.push(_t);return V}function em(s){var a=s.length;return a?s[Df(0,a-1)]:n}function nL(s,a){return Xc(Qn(s),js(a,0,s.length))}function rL(s){return Xc(Qn(s))}function Lf(s,a,d){(d!==n&&!jr(s[a],d)||d===n&&!(a in s))&&wi(s,a,d)}function qa(s,a,d){var m=s[a];(!(Ue.call(s,a)&&jr(m,d))||d===n&&!(a in s))&&wi(s,a,d)}function kc(s,a){for(var d=s.length;d--;)if(jr(s[d][0],a))return d;return-1}function iL(s,a,d,m){return fs(s,function(v,I,H){a(m,v,d(v),H)}),m}function nm(s,a){return s&&ci(a,Rn(a),s)}function sL(s,a){return s&&ci(a,tr(a),s)}function wi(s,a,d){a=="__proto__"&&yc?yc(s,a,{configurable:!0,enumerable:!0,value:d,writable:!0}):s[a]=d}function bf(s,a){for(var d=-1,m=a.length,v=it(m),I=s==null;++d<m;)v[d]=I?n:op(s,a[d]);return v}function js(s,a,d){return s===s&&(d!==n&&(s=s<=d?s:d),a!==n&&(s=s>=a?s:a)),s}function Nr(s,a,d,m,v,I){var H,V=a&E,Q=a&A,_t=a&b;if(d&&(H=v?d(s,m,v,I):d(s)),H!==n)return H;if(!sn(s))return s;var Et=_e(s);if(Et){if(H=KL(s),!V)return Qn(s,H)}else{var At=Hn(s),$t=At==W||At==z;if(ms(s))return bm(s,V);if(At==ht||At==J||$t&&!v){if(H=Q||$t?{}:Gm(s),!V)return Q?PL(s,sL(H,s)):DL(s,nm(H,s))}else{if(!Ye[At])return v?s:{};H=YL(s,At,V)}}I||(I=new qr);var qt=I.get(s);if(qt)return qt;I.set(s,H),SE(s)?s.forEach(function(oe){H.add(Nr(oe,a,d,oe,s,I))}):gE(s)&&s.forEach(function(oe,be){H.set(be,Nr(oe,a,d,be,s,I))});var se=_t?Q?Xf:Gf:Q?tr:Rn,Se=Et?n:se(s);return yr(Se||s,function(oe,be){Se&&(be=oe,oe=s[be]),qa(H,be,Nr(oe,a,d,be,s,I))}),H}function oL(s){var a=Rn(s);return function(d){return rm(d,s,a)}}function rm(s,a,d){var m=d.length;if(s==null)return!m;for(s=Xe(s);m--;){var v=d[m],I=a[v],H=s[v];if(H===n&&!(v in s)||!I(H))return!1}return!0}function im(s,a,d){if(typeof s!="function")throw new Cr(l);return nl(function(){s.apply(n,d)},a)}function ja(s,a,d,m){var v=-1,I=mc,H=!0,V=s.length,Q=[],_t=a.length;if(!V)return Q;d&&(a=en(a,pr(d))),m?(I=ff,H=!1):a.length>=i&&(I=Va,H=!1,a=new qs(a));t:for(;++v<V;){var Et=s[v],At=d==null?Et:d(Et);if(Et=m||Et!==0?Et:0,H&&At===At){for(var $t=_t;$t--;)if(a[$t]===At)continue t;Q.push(Et)}else I(a,At,m)||Q.push(Et)}return Q}var fs=xm(li),sm=xm(Cf,!0);function aL(s,a){var d=!0;return fs(s,function(m,v,I){return d=!!a(m,v,I),d}),d}function Bc(s,a,d){for(var m=-1,v=s.length;++m<v;){var I=s[m],H=a(I);if(H!=null&&(V===n?H===H&&!_r(H):d(H,V)))var V=H,Q=I}return Q}function lL(s,a,d,m){var v=s.length;for(d=ge(d),d<0&&(d=-d>v?0:v+d),m=m===n||m>v?v:ge(m),m<0&&(m+=v),m=d>m?0:vE(m);d<m;)s[d++]=a;return s}function om(s,a){var d=[];return fs(s,function(m,v,I){a(m,v,I)&&d.push(m)}),d}function In(s,a,d,m,v){var I=-1,H=s.length;for(d||(d=jL),v||(v=[]);++I<H;){var V=s[I];a>0&&d(V)?a>1?In(V,a-1,d,m,v):cs(v,V):m||(v[v.length]=V)}return v}var yf=wm(),am=wm(!0);function li(s,a){return s&&yf(s,a,Rn)}function Cf(s,a){return s&&am(s,a,Rn)}function Dc(s,a){return ls(a,function(d){return Pi(s[d])})}function Js(s,a){a=hs(a,s);for(var d=0,m=a.length;s!=null&&d<m;)s=s[ui(a[d++])];return d&&d==m?s:n}function lm(s,a,d){var m=a(s);return _e(s)?m:cs(m,d(s))}function Vn(s){return s==null?s===n?Mt:mt:Ks&&Ks in Xe(s)?zL(s):rb(s)}function If(s,a){return s>a}function cL(s,a){return s!=null&&Ue.call(s,a)}function uL(s,a){return s!=null&&a in Xe(s)}function dL(s,a,d){return s>=Mn(a,d)&&s<Tn(a,d)}function Nf(s,a,d){for(var m=d?ff:mc,v=s[0].length,I=s.length,H=I,V=it(I),Q=1/0,_t=[];H--;){var Et=s[H];H&&a&&(Et=en(Et,pr(a))),Q=Mn(Et.length,Q),V[H]=!d&&(a||v>=120&&Et.length>=120)?new qs(H&&Et):n}Et=s[0];var At=-1,$t=V[0];t:for(;++At<v&&_t.length<Q;){var qt=Et[At],se=a?a(qt):qt;if(qt=d||qt!==0?qt:0,!($t?Va($t,se):m(_t,se,d))){for(H=I;--H;){var Se=V[H];if(!(Se?Va(Se,se):m(s[H],se,d)))continue t}$t&&$t.push(se),_t.push(qt)}}return _t}function fL(s,a,d,m){return li(s,function(v,I,H){a(m,d(v),I,H)}),m}function Ja(s,a,d){a=hs(a,s),s=qm(s,a);var m=s==null?s:s[ui(wr(a))];return m==null?n:fr(m,s,d)}function cm(s){return un(s)&&Vn(s)==J}function pL(s){return un(s)&&Vn(s)==fe}function hL(s){return un(s)&&Vn(s)==ze}function Qa(s,a,d,m,v){return s===a?!0:s==null||a==null||!un(s)&&!un(a)?s!==s&&a!==a:_L(s,a,d,m,Qa,v)}function _L(s,a,d,m,v,I){var H=_e(s),V=_e(a),Q=H?at:Hn(s),_t=V?at:Hn(a);Q=Q==J?ht:Q,_t=_t==J?ht:_t;var Et=Q==ht,At=_t==ht,$t=Q==_t;if($t&&ms(s)){if(!ms(a))return!1;H=!0,Et=!1}if($t&&!Et)return I||(I=new qr),H||Xo(s)?Fm(s,a,d,m,v,I):FL(s,a,Q,d,m,v,I);if(!(d&k)){var qt=Et&&Ue.call(s,"__wrapped__"),se=At&&Ue.call(a,"__wrapped__");if(qt||se){var Se=qt?s.value():s,oe=se?a.value():a;return I||(I=new qr),v(Se,oe,d,m,I)}}return $t?(I||(I=new qr),VL(s,a,d,m,v,I)):!1}function mL(s){return un(s)&&Hn(s)==rt}function xf(s,a,d,m){var v=d.length,I=v,H=!m;if(s==null)return!I;for(s=Xe(s);v--;){var V=d[v];if(H&&V[2]?V[1]!==s[V[0]]:!(V[0]in s))return!1}for(;++v<I;){V=d[v];var Q=V[0],_t=s[Q],Et=V[1];if(H&&V[2]){if(_t===n&&!(Q in s))return!1}else{var At=new qr;if(m)var $t=m(_t,Et,Q,s,a,At);if(!($t===n?Qa(Et,_t,k|S,m,At):$t))return!1}}return!0}function um(s){if(!sn(s)||QL(s))return!1;var a=Pi(s)?mO:tf;return a.test(Zs(s))}function EL(s){return un(s)&&Vn(s)==nt}function gL(s){return un(s)&&Hn(s)==st}function TL(s){return un(s)&&Qc(s.length)&&!!Ze[Vn(s)]}function dm(s){return typeof s=="function"?s:s==null?er:typeof s=="object"?_e(s)?hm(s[0],s[1]):pm(s):kE(s)}function wf(s){if(!el(s))return vO(s);var a=[];for(var d in Xe(s))Ue.call(s,d)&&d!="constructor"&&a.push(d);return a}function SL(s){if(!sn(s))return nb(s);var a=el(s),d=[];for(var m in s)m=="constructor"&&(a||!Ue.call(s,m))||d.push(m);return d}function kf(s,a){return s<a}function fm(s,a){var d=-1,m=Zn(s)?it(s.length):[];return fs(s,function(v,I,H){m[++d]=a(v,I,H)}),m}function pm(s){var a=Yf(s);return a.length==1&&a[0][2]?Km(a[0][0],a[0][1]):function(d){return d===s||xf(d,s,a)}}function hm(s,a){return jf(s)&&Xm(a)?Km(ui(s),a):function(d){var m=op(d,s);return m===n&&m===a?ap(d,s):Qa(a,m,k|S)}}function Pc(s,a,d,m,v){s!==a&&yf(a,function(I,H){if(v||(v=new qr),sn(I))AL(s,a,H,d,Pc,m,v);else{var V=m?m(Qf(s,H),I,H+"",s,a,v):n;V===n&&(V=I),Lf(s,H,V)}},tr)}function AL(s,a,d,m,v,I,H){var V=Qf(s,d),Q=Qf(a,d),_t=H.get(Q);if(_t){Lf(s,d,_t);return}var Et=I?I(V,Q,d+"",s,a,H):n,At=Et===n;if(At){var $t=_e(Q),qt=!$t&&ms(Q),se=!$t&&!qt&&Xo(Q);Et=Q,$t||qt||se?_e(V)?Et=V:fn(V)?Et=Qn(V):qt?(At=!1,Et=bm(Q,!0)):se?(At=!1,Et=ym(Q,!0)):Et=[]:rl(Q)||to(Q)?(Et=V,to(V)?Et=RE(V):(!sn(V)||Pi(V))&&(Et=Gm(Q))):At=!1}At&&(H.set(Q,Et),v(Et,Q,m,I,H),H.delete(Q)),Lf(s,d,Et)}function _m(s,a){var d=s.length;if(d)return a+=a<0?d:0,Di(a,d)?s[a]:n}function mm(s,a,d){a.length?a=en(a,function(I){return _e(I)?function(H){return Js(H,I.length===1?I[0]:I)}:I}):a=[er];var m=-1;a=en(a,pr(re()));var v=fm(s,function(I,H,V){var Q=en(a,function(_t){return _t(I)});return{criteria:Q,index:++m,value:I}});return YR(v,function(I,H){return BL(I,H,d)})}function vL(s,a){return Em(s,a,function(d,m){return ap(s,m)})}function Em(s,a,d){for(var m=-1,v=a.length,I={};++m<v;){var H=a[m],V=Js(s,H);d(V,H)&&Za(I,hs(H,s),V)}return I}function RL(s){return function(a){return Js(a,s)}}function Bf(s,a,d,m){var v=m?KR:Do,I=-1,H=a.length,V=s;for(s===a&&(a=Qn(a)),d&&(V=en(s,pr(d)));++I<H;)for(var Q=0,_t=a[I],Et=d?d(_t):_t;(Q=v(V,Et,Q,m))>-1;)V!==s&&bc.call(V,Q,1),bc.call(s,Q,1);return s}function gm(s,a){for(var d=s?a.length:0,m=d-1;d--;){var v=a[d];if(d==m||v!==I){var I=v;Di(v)?bc.call(s,v,1):Hf(s,v)}}return s}function Df(s,a){return s+Ic(Q_()*(a-s+1))}function OL(s,a,d,m){for(var v=-1,I=Tn(Cc((a-s)/(d||1)),0),H=it(I);I--;)H[m?I:++v]=s,s+=d;return H}function Pf(s,a){var d="";if(!s||a<1||a>ct)return d;do a%2&&(d+=s),a=Ic(a/2),a&&(s+=s);while(a);return d}function ve(s,a){return Zf(Ym(s,a,er),s+"")}function LL(s){return em(Ko(s))}function bL(s,a){var d=Ko(s);return Xc(d,js(a,0,d.length))}function Za(s,a,d,m){if(!sn(s))return s;a=hs(a,s);for(var v=-1,I=a.length,H=I-1,V=s;V!=null&&++v<I;){var Q=ui(a[v]),_t=d;if(Q==="__proto__"||Q==="constructor"||Q==="prototype")return s;if(v!=H){var Et=V[Q];_t=m?m(Et,Q,V):n,_t===n&&(_t=sn(Et)?Et:Di(a[v+1])?[]:{})}qa(V,Q,_t),V=V[Q]}return s}var Tm=Nc?function(s,a){return Nc.set(s,a),s}:er,yL=yc?function(s,a){return yc(s,"toString",{configurable:!0,enumerable:!1,value:cp(a),writable:!0})}:er;function CL(s){return Xc(Ko(s))}function xr(s,a,d){var m=-1,v=s.length;a<0&&(a=-a>v?0:v+a),d=d>v?v:d,d<0&&(d+=v),v=a>d?0:d-a>>>0,a>>>=0;for(var I=it(v);++m<v;)I[m]=s[m+a];return I}function IL(s,a){var d;return fs(s,function(m,v,I){return d=a(m,v,I),!d}),!!d}function Mc(s,a,d){var m=0,v=s==null?m:s.length;if(typeof a=="number"&&a===a&&v<=D){for(;m<v;){var I=m+v>>>1,H=s[I];H!==null&&!_r(H)&&(d?H<=a:H<a)?m=I+1:v=I}return v}return Mf(s,a,er,d)}function Mf(s,a,d,m){var v=0,I=s==null?0:s.length;if(I===0)return 0;a=d(a);for(var H=a!==a,V=a===null,Q=_r(a),_t=a===n;v<I;){var Et=Ic((v+I)/2),At=d(s[Et]),$t=At!==n,qt=At===null,se=At===At,Se=_r(At);if(H)var oe=m||se;else _t?oe=se&&(m||$t):V?oe=se&&$t&&(m||!qt):Q?oe=se&&$t&&!qt&&(m||!Se):qt||Se?oe=!1:oe=m?At<=a:At<a;oe?v=Et+1:I=Et}return Mn(I,j)}function Sm(s,a){for(var d=-1,m=s.length,v=0,I=[];++d<m;){var H=s[d],V=a?a(H):H;if(!d||!jr(V,Q)){var Q=V;I[v++]=H===0?0:H}}return I}function Am(s){return typeof s=="number"?s:_r(s)?yt:+s}function hr(s){if(typeof s=="string")return s;if(_e(s))return en(s,hr)+"";if(_r(s))return Z_?Z_.call(s):"";var a=s+"";return a=="0"&&1/s==-1/0?"-0":a}function ps(s,a,d){var m=-1,v=mc,I=s.length,H=!0,V=[],Q=V;if(d)H=!1,v=ff;else if(I>=i){var _t=a?null:UL(s);if(_t)return gc(_t);H=!1,v=Va,Q=new qs}else Q=a?[]:V;t:for(;++m<I;){var Et=s[m],At=a?a(Et):Et;if(Et=d||Et!==0?Et:0,H&&At===At){for(var $t=Q.length;$t--;)if(Q[$t]===At)continue t;a&&Q.push(At),V.push(Et)}else v(Q,At,d)||(Q!==V&&Q.push(At),V.push(Et))}return V}function Hf(s,a){return a=hs(a,s),s=qm(s,a),s==null||delete s[ui(wr(a))]}function vm(s,a,d,m){return Za(s,a,d(Js(s,a)),m)}function Hc(s,a,d,m){for(var v=s.length,I=m?v:-1;(m?I--:++I<v)&&a(s[I],I,s););return d?xr(s,m?0:I,m?I+1:v):xr(s,m?I+1:0,m?v:I)}function Rm(s,a){var d=s;return d instanceof Ie&&(d=d.value()),pf(a,function(m,v){return v.func.apply(v.thisArg,cs([m],v.args))},d)}function Wf(s,a,d){var m=s.length;if(m<2)return m?ps(s[0]):[];for(var v=-1,I=it(m);++v<m;)for(var H=s[v],V=-1;++V<m;)V!=v&&(I[v]=ja(I[v]||H,s[V],a,d));return ps(In(I,1),a,d)}function Om(s,a,d){for(var m=-1,v=s.length,I=a.length,H={};++m<v;){var V=m<I?a[m]:n;d(H,s[m],V)}return H}function Uf(s){return fn(s)?s:[]}function $f(s){return typeof s=="function"?s:er}function hs(s,a){return _e(s)?s:jf(s,a)?[s]:Zm(Me(s))}var NL=ve;function _s(s,a,d){var m=s.length;return d=d===n?m:d,!a&&d>=m?s:xr(s,a,d)}var Lm=EO||function(s){return Cn.clearTimeout(s)};function bm(s,a){if(a)return s.slice();var d=s.length,m=K_?K_(d):new s.constructor(d);return s.copy(m),m}function Ff(s){var a=new s.constructor(s.byteLength);return new Oc(a).set(new Oc(s)),a}function xL(s,a){var d=a?Ff(s.buffer):s.buffer;return new s.constructor(d,s.byteOffset,s.byteLength)}function wL(s){var a=new s.constructor(s.source,ac.exec(s));return a.lastIndex=s.lastIndex,a}function kL(s){return Ya?Xe(Ya.call(s)):{}}function ym(s,a){var d=a?Ff(s.buffer):s.buffer;return new s.constructor(d,s.byteOffset,s.length)}function Cm(s,a){if(s!==a){var d=s!==n,m=s===null,v=s===s,I=_r(s),H=a!==n,V=a===null,Q=a===a,_t=_r(a);if(!V&&!_t&&!I&&s>a||I&&H&&Q&&!V&&!_t||m&&H&&Q||!d&&Q||!v)return 1;if(!m&&!I&&!_t&&s<a||_t&&d&&v&&!m&&!I||V&&d&&v||!H&&v||!Q)return-1}return 0}function BL(s,a,d){for(var m=-1,v=s.criteria,I=a.criteria,H=v.length,V=d.length;++m<H;){var Q=Cm(v[m],I[m]);if(Q){if(m>=V)return Q;var _t=d[m];return Q*(_t=="desc"?-1:1)}}return s.index-a.index}function Im(s,a,d,m){for(var v=-1,I=s.length,H=d.length,V=-1,Q=a.length,_t=Tn(I-H,0),Et=it(Q+_t),At=!m;++V<Q;)Et[V]=a[V];for(;++v<H;)(At||v<I)&&(Et[d[v]]=s[v]);for(;_t--;)Et[V++]=s[v++];return Et}function Nm(s,a,d,m){for(var v=-1,I=s.length,H=-1,V=d.length,Q=-1,_t=a.length,Et=Tn(I-V,0),At=it(Et+_t),$t=!m;++v<Et;)At[v]=s[v];for(var qt=v;++Q<_t;)At[qt+Q]=a[Q];for(;++H<V;)($t||v<I)&&(At[qt+d[H]]=s[v++]);return At}function Qn(s,a){var d=-1,m=s.length;for(a||(a=it(m));++d<m;)a[d]=s[d];return a}function ci(s,a,d,m){var v=!d;d||(d={});for(var I=-1,H=a.length;++I<H;){var V=a[I],Q=m?m(d[V],s[V],V,d,s):n;Q===n&&(Q=s[V]),v?wi(d,V,Q):qa(d,V,Q)}return d}function DL(s,a){return ci(s,qf(s),a)}function PL(s,a){return ci(s,Vm(s),a)}function Wc(s,a){return function(d,m){var v=_e(d)?$R:iL,I=a?a():{};return v(d,s,re(m,2),I)}}function Vo(s){return ve(function(a,d){var m=-1,v=d.length,I=v>1?d[v-1]:n,H=v>2?d[2]:n;for(I=s.length>3&&typeof I=="function"?(v--,I):n,H&&zn(d[0],d[1],H)&&(I=v<3?n:I,v=1),a=Xe(a);++m<v;){var V=d[m];V&&s(a,V,m,I)}return a})}function xm(s,a){return function(d,m){if(d==null)return d;if(!Zn(d))return s(d,m);for(var v=d.length,I=a?v:-1,H=Xe(d);(a?I--:++I<v)&&m(H[I],I,H)!==!1;);return d}}function wm(s){return function(a,d,m){for(var v=-1,I=Xe(a),H=m(a),V=H.length;V--;){var Q=H[s?V:++v];if(d(I[Q],Q,I)===!1)break}return a}}function ML(s,a,d){var m=a&O,v=tl(s);function I(){var H=this&&this!==Cn&&this instanceof I?v:s;return H.apply(m?d:this,arguments)}return I}function km(s){return function(a){a=Me(a);var d=Po(a)?Yr(a):n,m=d?d[0]:a.charAt(0),v=d?_s(d,1).join(""):a.slice(1);return m[s]()+v}}function zo(s){return function(a){return pf(xE(NE(a).replace(af,"")),s,"")}}function tl(s){return function(){var a=arguments;switch(a.length){case 0:return new s;case 1:return new s(a[0]);case 2:return new s(a[0],a[1]);case 3:return new s(a[0],a[1],a[2]);case 4:return new s(a[0],a[1],a[2],a[3]);case 5:return new s(a[0],a[1],a[2],a[3],a[4]);case 6:return new s(a[0],a[1],a[2],a[3],a[4],a[5]);case 7:return new s(a[0],a[1],a[2],a[3],a[4],a[5],a[6])}var d=Fo(s.prototype),m=s.apply(d,a);return sn(m)?m:d}}function HL(s,a,d){var m=tl(s);function v(){for(var I=arguments.length,H=it(I),V=I,Q=Go(v);V--;)H[V]=arguments[V];var _t=I<3&&H[0]!==Q&&H[I-1]!==Q?[]:us(H,Q);if(I-=_t.length,I<d)return Hm(s,a,Uc,v.placeholder,n,H,_t,n,n,d-I);var Et=this&&this!==Cn&&this instanceof v?m:s;return fr(Et,this,H)}return v}function Bm(s){return function(a,d,m){var v=Xe(a);if(!Zn(a)){var I=re(d,3);a=Rn(a),d=function(V){return I(v[V],V,v)}}var H=s(a,d,m);return H>-1?v[I?a[H]:H]:n}}function Dm(s){return Bi(function(a){var d=a.length,m=d,v=Ir.prototype.thru;for(s&&a.reverse();m--;){var I=a[m];if(typeof I!="function")throw new Cr(l);if(v&&!H&&zc(I)=="wrapper")var H=new Ir([],!0)}for(m=H?m:d;++m<d;){I=a[m];var V=zc(I),Q=V=="wrapper"?Kf(I):n;Q&&Jf(Q[0])&&Q[1]==(X|Y|K|ot)&&!Q[4].length&&Q[9]==1?H=H[zc(Q[0])].apply(H,Q[3]):H=I.length==1&&Jf(I)?H[V]():H.thru(I)}return function(){var _t=arguments,Et=_t[0];if(H&&_t.length==1&&_e(Et))return H.plant(Et).value();for(var At=0,$t=d?a[At].apply(this,_t):Et;++At<d;)$t=a[At].call(this,$t);return $t}})}function Uc(s,a,d,m,v,I,H,V,Q,_t){var Et=a&X,At=a&O,$t=a&R,qt=a&(Y|y),se=a&xt,Se=$t?n:tl(s);function oe(){for(var be=arguments.length,Ne=it(be),mr=be;mr--;)Ne[mr]=arguments[mr];if(qt)var Gn=Go(oe),Er=jR(Ne,Gn);if(m&&(Ne=Im(Ne,m,v,qt)),I&&(Ne=Nm(Ne,I,H,qt)),be-=Er,qt&&be<_t){var pn=us(Ne,Gn);return Hm(s,a,Uc,oe.placeholder,d,Ne,pn,V,Q,_t-be)}var Jr=At?d:this,Hi=$t?Jr[s]:s;return be=Ne.length,V?Ne=ib(Ne,V):se&&be>1&&Ne.reverse(),Et&&Q<be&&(Ne.length=Q),this&&this!==Cn&&this instanceof oe&&(Hi=Se||tl(Hi)),Hi.apply(Jr,Ne)}return oe}function Pm(s,a){return function(d,m){return fL(d,s,a(m),{})}}function $c(s,a){return function(d,m){var v;if(d===n&&m===n)return a;if(d!==n&&(v=d),m!==n){if(v===n)return m;typeof d=="string"||typeof m=="string"?(d=hr(d),m=hr(m)):(d=Am(d),m=Am(m)),v=s(d,m)}return v}}function Vf(s){return Bi(function(a){return a=en(a,pr(re())),ve(function(d){var m=this;return s(a,function(v){return fr(v,m,d)})})})}function Fc(s,a){a=a===n?" ":hr(a);var d=a.length;if(d<2)return d?Pf(a,s):a;var m=Pf(a,Cc(s/Mo(a)));return Po(a)?_s(Yr(m),0,s).join(""):m.slice(0,s)}function WL(s,a,d,m){var v=a&O,I=tl(s);function H(){for(var V=-1,Q=arguments.length,_t=-1,Et=m.length,At=it(Et+Q),$t=this&&this!==Cn&&this instanceof H?I:s;++_t<Et;)At[_t]=m[_t];for(;Q--;)At[_t++]=arguments[++V];return fr($t,v?d:this,At)}return H}function Mm(s){return function(a,d,m){return m&&typeof m!="number"&&zn(a,d,m)&&(d=m=n),a=Mi(a),d===n?(d=a,a=0):d=Mi(d),m=m===n?a<d?1:-1:Mi(m),OL(a,d,m,s)}}function Vc(s){return function(a,d){return typeof a=="string"&&typeof d=="string"||(a=kr(a),d=kr(d)),s(a,d)}}function Hm(s,a,d,m,v,I,H,V,Q,_t){var Et=a&Y,At=Et?H:n,$t=Et?n:H,qt=Et?I:n,se=Et?n:I;a|=Et?K:P,a&=~(Et?P:K),a&x||(a&=-4);var Se=[s,a,v,qt,At,se,$t,V,Q,_t],oe=d.apply(n,Se);return Jf(s)&&jm(oe,Se),oe.placeholder=m,Jm(oe,s,a)}function zf(s){var a=gn[s];return function(d,m){if(d=kr(d),m=m==null?0:Mn(ge(m),292),m&&J_(d)){var v=(Me(d)+"e").split("e"),I=a(v[0]+"e"+(+v[1]+m));return v=(Me(I)+"e").split("e"),+(v[0]+"e"+(+v[1]-m))}return a(d)}}var UL=Uo&&1/gc(new Uo([,-0]))[1]==w?function(s){return new Uo(s)}:fp;function Wm(s){return function(a){var d=Hn(a);return d==rt?Sf(a):d==st?rO(a):qR(a,s(a))}}function ki(s,a,d,m,v,I,H,V){var Q=a&R;if(!Q&&typeof s!="function")throw new Cr(l);var _t=m?m.length:0;if(_t||(a&=-97,m=v=n),H=H===n?H:Tn(ge(H),0),V=V===n?V:ge(V),_t-=v?v.length:0,a&P){var Et=m,At=v;m=v=n}var $t=Q?n:Kf(s),qt=[s,a,d,m,v,Et,At,I,H,V];if($t&&eb(qt,$t),s=qt[0],a=qt[1],d=qt[2],m=qt[3],v=qt[4],V=qt[9]=qt[9]===n?Q?0:s.length:Tn(qt[9]-_t,0),!V&&a&(Y|y)&&(a&=-25),!a||a==O)var se=ML(s,a,d);else a==Y||a==y?se=HL(s,a,V):(a==K||a==(O|K))&&!v.length?se=WL(s,a,d,m):se=Uc.apply(n,qt);var Se=$t?Tm:jm;return Jm(Se(se,qt),s,a)}function Um(s,a,d,m){return s===n||jr(s,Wo[d])&&!Ue.call(m,d)?a:s}function $m(s,a,d,m,v,I){return sn(s)&&sn(a)&&(I.set(a,s),Pc(s,a,n,$m,I),I.delete(a)),s}function $L(s){return rl(s)?n:s}function Fm(s,a,d,m,v,I){var H=d&k,V=s.length,Q=a.length;if(V!=Q&&!(H&&Q>V))return!1;var _t=I.get(s),Et=I.get(a);if(_t&&Et)return _t==a&&Et==s;var At=-1,$t=!0,qt=d&S?new qs:n;for(I.set(s,a),I.set(a,s);++At<V;){var se=s[At],Se=a[At];if(m)var oe=H?m(Se,se,At,a,s,I):m(se,Se,At,s,a,I);if(oe!==n){if(oe)continue;$t=!1;break}if(qt){if(!hf(a,function(be,Ne){if(!Va(qt,Ne)&&(se===be||v(se,be,d,m,I)))return qt.push(Ne)})){$t=!1;break}}else if(!(se===Se||v(se,Se,d,m,I))){$t=!1;break}}return I.delete(s),I.delete(a),$t}function FL(s,a,d,m,v,I,H){switch(d){case ue:if(s.byteLength!=a.byteLength||s.byteOffset!=a.byteOffset)return!1;s=s.buffer,a=a.buffer;case fe:return!(s.byteLength!=a.byteLength||!I(new Oc(s),new Oc(a)));case Xt:case ze:case gt:return jr(+s,+a);case _n:return s.name==a.name&&s.message==a.message;case nt:case Wt:return s==a+"";case rt:var V=Sf;case st:var Q=m&k;if(V||(V=gc),s.size!=a.size&&!Q)return!1;var _t=H.get(s);if(_t)return _t==a;m|=S,H.set(s,a);var Et=Fm(V(s),V(a),m,v,I,H);return H.delete(s),Et;case bt:if(Ya)return Ya.call(s)==Ya.call(a)}return!1}function VL(s,a,d,m,v,I){var H=d&k,V=Gf(s),Q=V.length,_t=Gf(a),Et=_t.length;if(Q!=Et&&!H)return!1;for(var At=Q;At--;){var $t=V[At];if(!(H?$t in a:Ue.call(a,$t)))return!1}var qt=I.get(s),se=I.get(a);if(qt&&se)return qt==a&&se==s;var Se=!0;I.set(s,a),I.set(a,s);for(var oe=H;++At<Q;){$t=V[At];var be=s[$t],Ne=a[$t];if(m)var mr=H?m(Ne,be,$t,a,s,I):m(be,Ne,$t,s,a,I);if(!(mr===n?be===Ne||v(be,Ne,d,m,I):mr)){Se=!1;break}oe||(oe=$t=="constructor")}if(Se&&!oe){var Gn=s.constructor,Er=a.constructor;Gn!=Er&&"constructor"in s&&"constructor"in a&&!(typeof Gn=="function"&&Gn instanceof Gn&&typeof Er=="function"&&Er instanceof Er)&&(Se=!1)}return I.delete(s),I.delete(a),Se}function Bi(s){return Zf(Ym(s,n,rE),s+"")}function Gf(s){return lm(s,Rn,qf)}function Xf(s){return lm(s,tr,Vm)}var Kf=Nc?function(s){return Nc.get(s)}:fp;function zc(s){for(var a=s.name+"",d=$o[a],m=Ue.call($o,a)?d.length:0;m--;){var v=d[m],I=v.func;if(I==null||I==s)return v.name}return a}function Go(s){var a=Ue.call(C,"placeholder")?C:s;return a.placeholder}function re(){var s=C.iteratee||up;return s=s===up?dm:s,arguments.length?s(arguments[0],arguments[1]):s}function Gc(s,a){var d=s.__data__;return JL(a)?d[typeof a=="string"?"string":"hash"]:d.map}function Yf(s){for(var a=Rn(s),d=a.length;d--;){var m=a[d],v=s[m];a[d]=[m,v,Xm(v)]}return a}function Qs(s,a){var d=tO(s,a);return um(d)?d:n}function zL(s){var a=Ue.call(s,Ks),d=s[Ks];try{s[Ks]=n;var m=!0}catch{}var v=vc.call(s);return m&&(a?s[Ks]=d:delete s[Ks]),v}var qf=vf?function(s){return s==null?[]:(s=Xe(s),ls(vf(s),function(a){return q_.call(s,a)}))}:pp,Vm=vf?function(s){for(var a=[];s;)cs(a,qf(s)),s=Lc(s);return a}:pp,Hn=Vn;(Rf&&Hn(new Rf(new ArrayBuffer(1)))!=ue||Ga&&Hn(new Ga)!=rt||Of&&Hn(Of.resolve())!=wt||Uo&&Hn(new Uo)!=st||Xa&&Hn(new Xa)!=Kt)&&(Hn=function(s){var a=Vn(s),d=a==ht?s.constructor:n,m=d?Zs(d):"";if(m)switch(m){case bO:return ue;case yO:return rt;case CO:return wt;case IO:return st;case NO:return Kt}return a});function GL(s,a,d){for(var m=-1,v=d.length;++m<v;){var I=d[m],H=I.size;switch(I.type){case"drop":s+=H;break;case"dropRight":a-=H;break;case"take":a=Mn(a,s+H);break;case"takeRight":s=Tn(s,a-H);break}}return{start:s,end:a}}function XL(s){var a=s.match(Ma);return a?a[1].split(Ha):[]}function zm(s,a,d){a=hs(a,s);for(var m=-1,v=a.length,I=!1;++m<v;){var H=ui(a[m]);if(!(I=s!=null&&d(s,H)))break;s=s[H]}return I||++m!=v?I:(v=s==null?0:s.length,!!v&&Qc(v)&&Di(H,v)&&(_e(s)||to(s)))}function KL(s){var a=s.length,d=new s.constructor(a);return a&&typeof s[0]=="string"&&Ue.call(s,"index")&&(d.index=s.index,d.input=s.input),d}function Gm(s){return typeof s.constructor=="function"&&!el(s)?Fo(Lc(s)):{}}function YL(s,a,d){var m=s.constructor;switch(a){case fe:return Ff(s);case Xt:case ze:return new m(+s);case ue:return xL(s,d);case on:case an:case Sn:case An:case cr:case lt:case Ht:case Gt:case Oe:return ym(s,d);case rt:return new m;case gt:case Wt:return new m(s);case nt:return wL(s);case st:return new m;case bt:return kL(s)}}function qL(s,a){var d=a.length;if(!d)return s;var m=d-1;return a[m]=(d>1?"& ":"")+a[m],a=a.join(d>2?", ":" "),s.replace(Us,`{
/* [wrapped with `+a+`] */
`)}function jL(s){return _e(s)||to(s)||!!(j_&&s&&s[j_])}function Di(s,a){var d=typeof s;return a=a??ct,!!a&&(d=="number"||d!="symbol"&&nf.test(s))&&s>-1&&s%1==0&&s<a}function zn(s,a,d){if(!sn(d))return!1;var m=typeof a;return(m=="number"?Zn(d)&&Di(a,d.length):m=="string"&&a in d)?jr(d[a],s):!1}function jf(s,a){if(_e(s))return!1;var d=typeof s;return d=="number"||d=="symbol"||d=="boolean"||s==null||_r(s)?!0:$e.test(s)||!Ge.test(s)||a!=null&&s in Xe(a)}function JL(s){var a=typeof s;return a=="string"||a=="number"||a=="symbol"||a=="boolean"?s!=="__proto__":s===null}function Jf(s){var a=zc(s),d=C[a];if(typeof d!="function"||!(a in Ie.prototype))return!1;if(s===d)return!0;var m=Kf(d);return!!m&&s===m[0]}function QL(s){return!!X_&&X_ in s}var ZL=Sc?Pi:hp;function el(s){var a=s&&s.constructor,d=typeof a=="function"&&a.prototype||Wo;return s===d}function Xm(s){return s===s&&!sn(s)}function Km(s,a){return function(d){return d==null?!1:d[s]===a&&(a!==n||s in Xe(d))}}function tb(s){var a=jc(s,function(m){return d.size===_&&d.clear(),m}),d=a.cache;return a}function eb(s,a){var d=s[1],m=a[1],v=d|m,I=v<(O|R|X),H=m==X&&d==Y||m==X&&d==ot&&s[7].length<=a[8]||m==(X|ot)&&a[7].length<=a[8]&&d==Y;if(!(I||H))return s;m&O&&(s[2]=a[2],v|=d&O?0:x);var V=a[3];if(V){var Q=s[3];s[3]=Q?Im(Q,V,a[4]):V,s[4]=Q?us(s[3],f):a[4]}return V=a[5],V&&(Q=s[5],s[5]=Q?Nm(Q,V,a[6]):V,s[6]=Q?us(s[5],f):a[6]),V=a[7],V&&(s[7]=V),m&X&&(s[8]=s[8]==null?a[8]:Mn(s[8],a[8])),s[9]==null&&(s[9]=a[9]),s[0]=a[0],s[1]=v,s}function nb(s){var a=[];if(s!=null)for(var d in Xe(s))a.push(d);return a}function rb(s){return vc.call(s)}function Ym(s,a,d){return a=Tn(a===n?s.length-1:a,0),function(){for(var m=arguments,v=-1,I=Tn(m.length-a,0),H=it(I);++v<I;)H[v]=m[a+v];v=-1;for(var V=it(a+1);++v<a;)V[v]=m[v];return V[a]=d(H),fr(s,this,V)}}function qm(s,a){return a.length<2?s:Js(s,xr(a,0,-1))}function ib(s,a){for(var d=s.length,m=Mn(a.length,d),v=Qn(s);m--;){var I=a[m];s[m]=Di(I,d)?v[I]:n}return s}function Qf(s,a){if(!(a==="constructor"&&typeof s[a]=="function")&&a!="__proto__")return s[a]}var jm=Qm(Tm),nl=TO||function(s,a){return Cn.setTimeout(s,a)},Zf=Qm(yL);function Jm(s,a,d){var m=a+"";return Zf(s,qL(m,sb(XL(m),d)))}function Qm(s){var a=0,d=0;return function(){var m=RO(),v=M-(m-d);if(d=m,v>0){if(++a>=et)return arguments[0]}else a=0;return s.apply(n,arguments)}}function Xc(s,a){var d=-1,m=s.length,v=m-1;for(a=a===n?m:a;++d<a;){var I=Df(d,v),H=s[I];s[I]=s[d],s[d]=H}return s.length=a,s}var Zm=tb(function(s){var a=[];return s.charCodeAt(0)===46&&a.push(""),s.replace(Yt,function(d,m,v,I){a.push(v?I.replace(Qd,"$1"):m||d)}),a});function ui(s){if(typeof s=="string"||_r(s))return s;var a=s+"";return a=="0"&&1/s==-1/0?"-0":a}function Zs(s){if(s!=null){try{return Ac.call(s)}catch{}try{return s+""}catch{}}return""}function sb(s,a){return yr(L,function(d){var m="_."+d[0];a&d[1]&&!mc(s,m)&&s.push(m)}),s.sort()}function tE(s){if(s instanceof Ie)return s.clone();var a=new Ir(s.__wrapped__,s.__chain__);return a.__actions__=Qn(s.__actions__),a.__index__=s.__index__,a.__values__=s.__values__,a}function ob(s,a,d){(d?zn(s,a,d):a===n)?a=1:a=Tn(ge(a),0);var m=s==null?0:s.length;if(!m||a<1)return[];for(var v=0,I=0,H=it(Cc(m/a));v<m;)H[I++]=xr(s,v,v+=a);return H}function ab(s){for(var a=-1,d=s==null?0:s.length,m=0,v=[];++a<d;){var I=s[a];I&&(v[m++]=I)}return v}function lb(){var s=arguments.length;if(!s)return[];for(var a=it(s-1),d=arguments[0],m=s;m--;)a[m-1]=arguments[m];return cs(_e(d)?Qn(d):[d],In(a,1))}var cb=ve(function(s,a){return fn(s)?ja(s,In(a,1,fn,!0)):[]}),ub=ve(function(s,a){var d=wr(a);return fn(d)&&(d=n),fn(s)?ja(s,In(a,1,fn,!0),re(d,2)):[]}),db=ve(function(s,a){var d=wr(a);return fn(d)&&(d=n),fn(s)?ja(s,In(a,1,fn,!0),n,d):[]});function fb(s,a,d){var m=s==null?0:s.length;return m?(a=d||a===n?1:ge(a),xr(s,a<0?0:a,m)):[]}function pb(s,a,d){var m=s==null?0:s.length;return m?(a=d||a===n?1:ge(a),a=m-a,xr(s,0,a<0?0:a)):[]}function hb(s,a){return s&&s.length?Hc(s,re(a,3),!0,!0):[]}function _b(s,a){return s&&s.length?Hc(s,re(a,3),!0):[]}function mb(s,a,d,m){var v=s==null?0:s.length;return v?(d&&typeof d!="number"&&zn(s,a,d)&&(d=0,m=v),lL(s,a,d,m)):[]}function eE(s,a,d){var m=s==null?0:s.length;if(!m)return-1;var v=d==null?0:ge(d);return v<0&&(v=Tn(m+v,0)),Ec(s,re(a,3),v)}function nE(s,a,d){var m=s==null?0:s.length;if(!m)return-1;var v=m-1;return d!==n&&(v=ge(d),v=d<0?Tn(m+v,0):Mn(v,m-1)),Ec(s,re(a,3),v,!0)}function rE(s){var a=s==null?0:s.length;return a?In(s,1):[]}function Eb(s){var a=s==null?0:s.length;return a?In(s,w):[]}function gb(s,a){var d=s==null?0:s.length;return d?(a=a===n?1:ge(a),In(s,a)):[]}function Tb(s){for(var a=-1,d=s==null?0:s.length,m={};++a<d;){var v=s[a];m[v[0]]=v[1]}return m}function iE(s){return s&&s.length?s[0]:n}function Sb(s,a,d){var m=s==null?0:s.length;if(!m)return-1;var v=d==null?0:ge(d);return v<0&&(v=Tn(m+v,0)),Do(s,a,v)}function Ab(s){var a=s==null?0:s.length;return a?xr(s,0,-1):[]}var vb=ve(function(s){var a=en(s,Uf);return a.length&&a[0]===s[0]?Nf(a):[]}),Rb=ve(function(s){var a=wr(s),d=en(s,Uf);return a===wr(d)?a=n:d.pop(),d.length&&d[0]===s[0]?Nf(d,re(a,2)):[]}),Ob=ve(function(s){var a=wr(s),d=en(s,Uf);return a=typeof a=="function"?a:n,a&&d.pop(),d.length&&d[0]===s[0]?Nf(d,n,a):[]});function Lb(s,a){return s==null?"":AO.call(s,a)}function wr(s){var a=s==null?0:s.length;return a?s[a-1]:n}function bb(s,a,d){var m=s==null?0:s.length;if(!m)return-1;var v=m;return d!==n&&(v=ge(d),v=v<0?Tn(m+v,0):Mn(v,m-1)),a===a?sO(s,a,v):Ec(s,H_,v,!0)}function yb(s,a){return s&&s.length?_m(s,ge(a)):n}var Cb=ve(sE);function sE(s,a){return s&&s.length&&a&&a.length?Bf(s,a):s}function Ib(s,a,d){return s&&s.length&&a&&a.length?Bf(s,a,re(d,2)):s}function Nb(s,a,d){return s&&s.length&&a&&a.length?Bf(s,a,n,d):s}var xb=Bi(function(s,a){var d=s==null?0:s.length,m=bf(s,a);return gm(s,en(a,function(v){return Di(v,d)?+v:v}).sort(Cm)),m});function wb(s,a){var d=[];if(!(s&&s.length))return d;var m=-1,v=[],I=s.length;for(a=re(a,3);++m<I;){var H=s[m];a(H,m,s)&&(d.push(H),v.push(m))}return gm(s,v),d}function tp(s){return s==null?s:LO.call(s)}function kb(s,a,d){var m=s==null?0:s.length;return m?(d&&typeof d!="number"&&zn(s,a,d)?(a=0,d=m):(a=a==null?0:ge(a),d=d===n?m:ge(d)),xr(s,a,d)):[]}function Bb(s,a){return Mc(s,a)}function Db(s,a,d){return Mf(s,a,re(d,2))}function Pb(s,a){var d=s==null?0:s.length;if(d){var m=Mc(s,a);if(m<d&&jr(s[m],a))return m}return-1}function Mb(s,a){return Mc(s,a,!0)}function Hb(s,a,d){return Mf(s,a,re(d,2),!0)}function Wb(s,a){var d=s==null?0:s.length;if(d){var m=Mc(s,a,!0)-1;if(jr(s[m],a))return m}return-1}function Ub(s){return s&&s.length?Sm(s):[]}function $b(s,a){return s&&s.length?Sm(s,re(a,2)):[]}function Fb(s){var a=s==null?0:s.length;return a?xr(s,1,a):[]}function Vb(s,a,d){return s&&s.length?(a=d||a===n?1:ge(a),xr(s,0,a<0?0:a)):[]}function zb(s,a,d){var m=s==null?0:s.length;return m?(a=d||a===n?1:ge(a),a=m-a,xr(s,a<0?0:a,m)):[]}function Gb(s,a){return s&&s.length?Hc(s,re(a,3),!1,!0):[]}function Xb(s,a){return s&&s.length?Hc(s,re(a,3)):[]}var Kb=ve(function(s){return ps(In(s,1,fn,!0))}),Yb=ve(function(s){var a=wr(s);return fn(a)&&(a=n),ps(In(s,1,fn,!0),re(a,2))}),qb=ve(function(s){var a=wr(s);return a=typeof a=="function"?a:n,ps(In(s,1,fn,!0),n,a)});function jb(s){return s&&s.length?ps(s):[]}function Jb(s,a){return s&&s.length?ps(s,re(a,2)):[]}function Qb(s,a){return a=typeof a=="function"?a:n,s&&s.length?ps(s,n,a):[]}function ep(s){if(!(s&&s.length))return[];var a=0;return s=ls(s,function(d){if(fn(d))return a=Tn(d.length,a),!0}),gf(a,function(d){return en(s,_f(d))})}function oE(s,a){if(!(s&&s.length))return[];var d=ep(s);return a==null?d:en(d,function(m){return fr(a,n,m)})}var Zb=ve(function(s,a){return fn(s)?ja(s,a):[]}),ty=ve(function(s){return Wf(ls(s,fn))}),ey=ve(function(s){var a=wr(s);return fn(a)&&(a=n),Wf(ls(s,fn),re(a,2))}),ny=ve(function(s){var a=wr(s);return a=typeof a=="function"?a:n,Wf(ls(s,fn),n,a)}),ry=ve(ep);function iy(s,a){return Om(s||[],a||[],qa)}function sy(s,a){return Om(s||[],a||[],Za)}var oy=ve(function(s){var a=s.length,d=a>1?s[a-1]:n;return d=typeof d=="function"?(s.pop(),d):n,oE(s,d)});function aE(s){var a=C(s);return a.__chain__=!0,a}function ay(s,a){return a(s),s}function Kc(s,a){return a(s)}var ly=Bi(function(s){var a=s.length,d=a?s[0]:0,m=this.__wrapped__,v=function(I){return bf(I,s)};return a>1||this.__actions__.length||!(m instanceof Ie)||!Di(d)?this.thru(v):(m=m.slice(d,+d+(a?1:0)),m.__actions__.push({func:Kc,args:[v],thisArg:n}),new Ir(m,this.__chain__).thru(function(I){return a&&!I.length&&I.push(n),I}))});function cy(){return aE(this)}function uy(){return new Ir(this.value(),this.__chain__)}function dy(){this.__values__===n&&(this.__values__=AE(this.value()));var s=this.__index__>=this.__values__.length,a=s?n:this.__values__[this.__index__++];return{done:s,value:a}}function fy(){return this}function py(s){for(var a,d=this;d instanceof wc;){var m=tE(d);m.__index__=0,m.__values__=n,a?v.__wrapped__=m:a=m;var v=m;d=d.__wrapped__}return v.__wrapped__=s,a}function hy(){var s=this.__wrapped__;if(s instanceof Ie){var a=s;return this.__actions__.length&&(a=new Ie(this)),a=a.reverse(),a.__actions__.push({func:Kc,args:[tp],thisArg:n}),new Ir(a,this.__chain__)}return this.thru(tp)}function _y(){return Rm(this.__wrapped__,this.__actions__)}var my=Wc(function(s,a,d){Ue.call(s,d)?++s[d]:wi(s,d,1)});function Ey(s,a,d){var m=_e(s)?P_:aL;return d&&zn(s,a,d)&&(a=n),m(s,re(a,3))}function gy(s,a){var d=_e(s)?ls:om;return d(s,re(a,3))}var Ty=Bm(eE),Sy=Bm(nE);function Ay(s,a){return In(Yc(s,a),1)}function vy(s,a){return In(Yc(s,a),w)}function Ry(s,a,d){return d=d===n?1:ge(d),In(Yc(s,a),d)}function lE(s,a){var d=_e(s)?yr:fs;return d(s,re(a,3))}function cE(s,a){var d=_e(s)?FR:sm;return d(s,re(a,3))}var Oy=Wc(function(s,a,d){Ue.call(s,d)?s[d].push(a):wi(s,d,[a])});function Ly(s,a,d,m){s=Zn(s)?s:Ko(s),d=d&&!m?ge(d):0;var v=s.length;return d<0&&(d=Tn(v+d,0)),Zc(s)?d<=v&&s.indexOf(a,d)>-1:!!v&&Do(s,a,d)>-1}var by=ve(function(s,a,d){var m=-1,v=typeof a=="function",I=Zn(s)?it(s.length):[];return fs(s,function(H){I[++m]=v?fr(a,H,d):Ja(H,a,d)}),I}),yy=Wc(function(s,a,d){wi(s,d,a)});function Yc(s,a){var d=_e(s)?en:fm;return d(s,re(a,3))}function Cy(s,a,d,m){return s==null?[]:(_e(a)||(a=a==null?[]:[a]),d=m?n:d,_e(d)||(d=d==null?[]:[d]),mm(s,a,d))}var Iy=Wc(function(s,a,d){s[d?0:1].push(a)},function(){return[[],[]]});function Ny(s,a,d){var m=_e(s)?pf:U_,v=arguments.length<3;return m(s,re(a,4),d,v,fs)}function xy(s,a,d){var m=_e(s)?VR:U_,v=arguments.length<3;return m(s,re(a,4),d,v,sm)}function wy(s,a){var d=_e(s)?ls:om;return d(s,Jc(re(a,3)))}function ky(s){var a=_e(s)?em:LL;return a(s)}function By(s,a,d){(d?zn(s,a,d):a===n)?a=1:a=ge(a);var m=_e(s)?nL:bL;return m(s,a)}function Dy(s){var a=_e(s)?rL:CL;return a(s)}function Py(s){if(s==null)return 0;if(Zn(s))return Zc(s)?Mo(s):s.length;var a=Hn(s);return a==rt||a==st?s.size:wf(s).length}function My(s,a,d){var m=_e(s)?hf:IL;return d&&zn(s,a,d)&&(a=n),m(s,re(a,3))}var Hy=ve(function(s,a){if(s==null)return[];var d=a.length;return d>1&&zn(s,a[0],a[1])?a=[]:d>2&&zn(a[0],a[1],a[2])&&(a=[a[0]]),mm(s,In(a,1),[])}),qc=gO||function(){return Cn.Date.now()};function Wy(s,a){if(typeof a!="function")throw new Cr(l);return s=ge(s),function(){if(--s<1)return a.apply(this,arguments)}}function uE(s,a,d){return a=d?n:a,a=s&&a==null?s.length:a,ki(s,X,n,n,n,n,a)}function dE(s,a){var d;if(typeof a!="function")throw new Cr(l);return s=ge(s),function(){return--s>0&&(d=a.apply(this,arguments)),s<=1&&(a=n),d}}var np=ve(function(s,a,d){var m=O;if(d.length){var v=us(d,Go(np));m|=K}return ki(s,m,a,d,v)}),fE=ve(function(s,a,d){var m=O|R;if(d.length){var v=us(d,Go(fE));m|=K}return ki(a,m,s,d,v)});function pE(s,a,d){a=d?n:a;var m=ki(s,Y,n,n,n,n,n,a);return m.placeholder=pE.placeholder,m}function hE(s,a,d){a=d?n:a;var m=ki(s,y,n,n,n,n,n,a);return m.placeholder=hE.placeholder,m}function _E(s,a,d){var m,v,I,H,V,Q,_t=0,Et=!1,At=!1,$t=!0;if(typeof s!="function")throw new Cr(l);a=kr(a)||0,sn(d)&&(Et=!!d.leading,At="maxWait"in d,I=At?Tn(kr(d.maxWait)||0,a):I,$t="trailing"in d?!!d.trailing:$t);function qt(pn){var Jr=m,Hi=v;return m=v=n,_t=pn,H=s.apply(Hi,Jr),H}function se(pn){return _t=pn,V=nl(be,a),Et?qt(pn):H}function Se(pn){var Jr=pn-Q,Hi=pn-_t,BE=a-Jr;return At?Mn(BE,I-Hi):BE}function oe(pn){var Jr=pn-Q,Hi=pn-_t;return Q===n||Jr>=a||Jr<0||At&&Hi>=I}function be(){var pn=qc();if(oe(pn))return Ne(pn);V=nl(be,Se(pn))}function Ne(pn){return V=n,$t&&m?qt(pn):(m=v=n,H)}function mr(){V!==n&&Lm(V),_t=0,m=Q=v=V=n}function Gn(){return V===n?H:Ne(qc())}function Er(){var pn=qc(),Jr=oe(pn);if(m=arguments,v=this,Q=pn,Jr){if(V===n)return se(Q);if(At)return Lm(V),V=nl(be,a),qt(Q)}return V===n&&(V=nl(be,a)),H}return Er.cancel=mr,Er.flush=Gn,Er}var Uy=ve(function(s,a){return im(s,1,a)}),$y=ve(function(s,a,d){return im(s,kr(a)||0,d)});function Fy(s){return ki(s,xt)}function jc(s,a){if(typeof s!="function"||a!=null&&typeof a!="function")throw new Cr(l);var d=function(){var m=arguments,v=a?a.apply(this,m):m[0],I=d.cache;if(I.has(v))return I.get(v);var H=s.apply(this,m);return d.cache=I.set(v,H)||I,H};return d.cache=new(jc.Cache||xi),d}jc.Cache=xi;function Jc(s){if(typeof s!="function")throw new Cr(l);return function(){var a=arguments;switch(a.length){case 0:return!s.call(this);case 1:return!s.call(this,a[0]);case 2:return!s.call(this,a[0],a[1]);case 3:return!s.call(this,a[0],a[1],a[2])}return!s.apply(this,a)}}function Vy(s){return dE(2,s)}var zy=NL(function(s,a){a=a.length==1&&_e(a[0])?en(a[0],pr(re())):en(In(a,1),pr(re()));var d=a.length;return ve(function(m){for(var v=-1,I=Mn(m.length,d);++v<I;)m[v]=a[v].call(this,m[v]);return fr(s,this,m)})}),rp=ve(function(s,a){var d=us(a,Go(rp));return ki(s,K,n,a,d)}),mE=ve(function(s,a){var d=us(a,Go(mE));return ki(s,P,n,a,d)}),Gy=Bi(function(s,a){return ki(s,ot,n,n,n,a)});function Xy(s,a){if(typeof s!="function")throw new Cr(l);return a=a===n?a:ge(a),ve(s,a)}function Ky(s,a){if(typeof s!="function")throw new Cr(l);return a=a==null?0:Tn(ge(a),0),ve(function(d){var m=d[a],v=_s(d,0,a);return m&&cs(v,m),fr(s,this,v)})}function Yy(s,a,d){var m=!0,v=!0;if(typeof s!="function")throw new Cr(l);return sn(d)&&(m="leading"in d?!!d.leading:m,v="trailing"in d?!!d.trailing:v),_E(s,a,{leading:m,maxWait:a,trailing:v})}function qy(s){return uE(s,1)}function jy(s,a){return rp($f(a),s)}function Jy(){if(!arguments.length)return[];var s=arguments[0];return _e(s)?s:[s]}function Qy(s){return Nr(s,b)}function Zy(s,a){return a=typeof a=="function"?a:n,Nr(s,b,a)}function tC(s){return Nr(s,E|b)}function eC(s,a){return a=typeof a=="function"?a:n,Nr(s,E|b,a)}function nC(s,a){return a==null||rm(s,a,Rn(a))}function jr(s,a){return s===a||s!==s&&a!==a}var rC=Vc(If),iC=Vc(function(s,a){return s>=a}),to=cm(function(){return arguments}())?cm:function(s){return un(s)&&Ue.call(s,"callee")&&!q_.call(s,"callee")},_e=it.isArray,sC=N_?pr(N_):pL;function Zn(s){return s!=null&&Qc(s.length)&&!Pi(s)}function fn(s){return un(s)&&Zn(s)}function oC(s){return s===!0||s===!1||un(s)&&Vn(s)==Xt}var ms=SO||hp,aC=x_?pr(x_):hL;function lC(s){return un(s)&&s.nodeType===1&&!rl(s)}function cC(s){if(s==null)return!0;if(Zn(s)&&(_e(s)||typeof s=="string"||typeof s.splice=="function"||ms(s)||Xo(s)||to(s)))return!s.length;var a=Hn(s);if(a==rt||a==st)return!s.size;if(el(s))return!wf(s).length;for(var d in s)if(Ue.call(s,d))return!1;return!0}function uC(s,a){return Qa(s,a)}function dC(s,a,d){d=typeof d=="function"?d:n;var m=d?d(s,a):n;return m===n?Qa(s,a,n,d):!!m}function ip(s){if(!un(s))return!1;var a=Vn(s);return a==_n||a==Qe||typeof s.message=="string"&&typeof s.name=="string"&&!rl(s)}function fC(s){return typeof s=="number"&&J_(s)}function Pi(s){if(!sn(s))return!1;var a=Vn(s);return a==W||a==z||a==Ct||a==tt}function EE(s){return typeof s=="number"&&s==ge(s)}function Qc(s){return typeof s=="number"&&s>-1&&s%1==0&&s<=ct}function sn(s){var a=typeof s;return s!=null&&(a=="object"||a=="function")}function un(s){return s!=null&&typeof s=="object"}var gE=w_?pr(w_):mL;function pC(s,a){return s===a||xf(s,a,Yf(a))}function hC(s,a,d){return d=typeof d=="function"?d:n,xf(s,a,Yf(a),d)}function _C(s){return TE(s)&&s!=+s}function mC(s){if(ZL(s))throw new pe(o);return um(s)}function EC(s){return s===null}function gC(s){return s==null}function TE(s){return typeof s=="number"||un(s)&&Vn(s)==gt}function rl(s){if(!un(s)||Vn(s)!=ht)return!1;var a=Lc(s);if(a===null)return!0;var d=Ue.call(a,"constructor")&&a.constructor;return typeof d=="function"&&d instanceof d&&Ac.call(d)==hO}var sp=k_?pr(k_):EL;function TC(s){return EE(s)&&s>=-9007199254740991&&s<=ct}var SE=B_?pr(B_):gL;function Zc(s){return typeof s=="string"||!_e(s)&&un(s)&&Vn(s)==Wt}function _r(s){return typeof s=="symbol"||un(s)&&Vn(s)==bt}var Xo=D_?pr(D_):TL;function SC(s){return s===n}function AC(s){return un(s)&&Hn(s)==Kt}function vC(s){return un(s)&&Vn(s)==ne}var RC=Vc(kf),OC=Vc(function(s,a){return s<=a});function AE(s){if(!s)return[];if(Zn(s))return Zc(s)?Yr(s):Qn(s);if(za&&s[za])return nO(s[za]());var a=Hn(s),d=a==rt?Sf:a==st?gc:Ko;return d(s)}function Mi(s){if(!s)return s===0?s:0;if(s=kr(s),s===w||s===-1/0){var a=s<0?-1:1;return a*St}return s===s?s:0}function ge(s){var a=Mi(s),d=a%1;return a===a?d?a-d:a:0}function vE(s){return s?js(ge(s),0,dt):0}function kr(s){if(typeof s=="number")return s;if(_r(s))return yt;if(sn(s)){var a=typeof s.valueOf=="function"?s.valueOf():s;s=sn(a)?a+"":a}if(typeof s!="string")return s===0?s:+s;s=$_(s);var d=No.test(s);return d||ef.test(s)?WR(s.slice(2),d?2:8):lc.test(s)?yt:+s}function RE(s){return ci(s,tr(s))}function LC(s){return s?js(ge(s),-9007199254740991,ct):s===0?s:0}function Me(s){return s==null?"":hr(s)}var bC=Vo(function(s,a){if(el(a)||Zn(a)){ci(a,Rn(a),s);return}for(var d in a)Ue.call(a,d)&&qa(s,d,a[d])}),OE=Vo(function(s,a){ci(a,tr(a),s)}),tu=Vo(function(s,a,d,m){ci(a,tr(a),s,m)}),yC=Vo(function(s,a,d,m){ci(a,Rn(a),s,m)}),CC=Bi(bf);function IC(s,a){var d=Fo(s);return a==null?d:nm(d,a)}var NC=ve(function(s,a){s=Xe(s);var d=-1,m=a.length,v=m>2?a[2]:n;for(v&&zn(a[0],a[1],v)&&(m=1);++d<m;)for(var I=a[d],H=tr(I),V=-1,Q=H.length;++V<Q;){var _t=H[V],Et=s[_t];(Et===n||jr(Et,Wo[_t])&&!Ue.call(s,_t))&&(s[_t]=I[_t])}return s}),xC=ve(function(s){return s.push(n,$m),fr(LE,n,s)});function wC(s,a){return M_(s,re(a,3),li)}function kC(s,a){return M_(s,re(a,3),Cf)}function BC(s,a){return s==null?s:yf(s,re(a,3),tr)}function DC(s,a){return s==null?s:am(s,re(a,3),tr)}function PC(s,a){return s&&li(s,re(a,3))}function MC(s,a){return s&&Cf(s,re(a,3))}function HC(s){return s==null?[]:Dc(s,Rn(s))}function WC(s){return s==null?[]:Dc(s,tr(s))}function op(s,a,d){var m=s==null?n:Js(s,a);return m===n?d:m}function UC(s,a){return s!=null&&zm(s,a,cL)}function ap(s,a){return s!=null&&zm(s,a,uL)}var $C=Pm(function(s,a,d){a!=null&&typeof a.toString!="function"&&(a=vc.call(a)),s[a]=d},cp(er)),FC=Pm(function(s,a,d){a!=null&&typeof a.toString!="function"&&(a=vc.call(a)),Ue.call(s,a)?s[a].push(d):s[a]=[d]},re),VC=ve(Ja);function Rn(s){return Zn(s)?tm(s):wf(s)}function tr(s){return Zn(s)?tm(s,!0):SL(s)}function zC(s,a){var d={};return a=re(a,3),li(s,function(m,v,I){wi(d,a(m,v,I),m)}),d}function GC(s,a){var d={};return a=re(a,3),li(s,function(m,v,I){wi(d,v,a(m,v,I))}),d}var XC=Vo(function(s,a,d){Pc(s,a,d)}),LE=Vo(function(s,a,d,m){Pc(s,a,d,m)}),KC=Bi(function(s,a){var d={};if(s==null)return d;var m=!1;a=en(a,function(I){return I=hs(I,s),m||(m=I.length>1),I}),ci(s,Xf(s),d),m&&(d=Nr(d,E|A|b,$L));for(var v=a.length;v--;)Hf(d,a[v]);return d});function YC(s,a){return bE(s,Jc(re(a)))}var qC=Bi(function(s,a){return s==null?{}:vL(s,a)});function bE(s,a){if(s==null)return{};var d=en(Xf(s),function(m){return[m]});return a=re(a),Em(s,d,function(m,v){return a(m,v[0])})}function jC(s,a,d){a=hs(a,s);var m=-1,v=a.length;for(v||(v=1,s=n);++m<v;){var I=s==null?n:s[ui(a[m])];I===n&&(m=v,I=d),s=Pi(I)?I.call(s):I}return s}function JC(s,a,d){return s==null?s:Za(s,a,d)}function QC(s,a,d,m){return m=typeof m=="function"?m:n,s==null?s:Za(s,a,d,m)}var yE=Wm(Rn),CE=Wm(tr);function ZC(s,a,d){var m=_e(s),v=m||ms(s)||Xo(s);if(a=re(a,4),d==null){var I=s&&s.constructor;v?d=m?new I:[]:sn(s)?d=Pi(I)?Fo(Lc(s)):{}:d={}}return(v?yr:li)(s,function(H,V,Q){return a(d,H,V,Q)}),d}function tI(s,a){return s==null?!0:Hf(s,a)}function eI(s,a,d){return s==null?s:vm(s,a,$f(d))}function nI(s,a,d,m){return m=typeof m=="function"?m:n,s==null?s:vm(s,a,$f(d),m)}function Ko(s){return s==null?[]:Tf(s,Rn(s))}function rI(s){return s==null?[]:Tf(s,tr(s))}function iI(s,a,d){return d===n&&(d=a,a=n),d!==n&&(d=kr(d),d=d===d?d:0),a!==n&&(a=kr(a),a=a===a?a:0),js(kr(s),a,d)}function sI(s,a,d){return a=Mi(a),d===n?(d=a,a=0):d=Mi(d),s=kr(s),dL(s,a,d)}function oI(s,a,d){if(d&&typeof d!="boolean"&&zn(s,a,d)&&(a=d=n),d===n&&(typeof a=="boolean"?(d=a,a=n):typeof s=="boolean"&&(d=s,s=n)),s===n&&a===n?(s=0,a=1):(s=Mi(s),a===n?(a=s,s=0):a=Mi(a)),s>a){var m=s;s=a,a=m}if(d||s%1||a%1){var v=Q_();return Mn(s+v*(a-s+HR("1e-"+((v+"").length-1))),a)}return Df(s,a)}var aI=zo(function(s,a,d){return a=a.toLowerCase(),s+(d?IE(a):a)});function IE(s){return lp(Me(s).toLowerCase())}function NE(s){return s=Me(s),s&&s.replace(oi,JR).replace(lf,"")}function lI(s,a,d){s=Me(s),a=hr(a);var m=s.length;d=d===n?m:js(ge(d),0,m);var v=d;return d-=a.length,d>=0&&s.slice(d,v)==a}function cI(s){return s=Me(s),s&&$.test(s)?s.replace(os,QR):s}function uI(s){return s=Me(s),s&&le.test(s)?s.replace(Vt,"\\$&"):s}var dI=zo(function(s,a,d){return s+(d?"-":"")+a.toLowerCase()}),fI=zo(function(s,a,d){return s+(d?" ":"")+a.toLowerCase()}),pI=km("toLowerCase");function hI(s,a,d){s=Me(s),a=ge(a);var m=a?Mo(s):0;if(!a||m>=a)return s;var v=(a-m)/2;return Fc(Ic(v),d)+s+Fc(Cc(v),d)}function _I(s,a,d){s=Me(s),a=ge(a);var m=a?Mo(s):0;return a&&m<a?s+Fc(a-m,d):s}function mI(s,a,d){s=Me(s),a=ge(a);var m=a?Mo(s):0;return a&&m<a?Fc(a-m,d)+s:s}function EI(s,a,d){return d||a==null?a=0:a&&(a=+a),OO(Me(s).replace(ln,""),a||0)}function gI(s,a,d){return(d?zn(s,a,d):a===n)?a=1:a=ge(a),Pf(Me(s),a)}function TI(){var s=arguments,a=Me(s[0]);return s.length<3?a:a.replace(s[1],s[2])}var SI=zo(function(s,a,d){return s+(d?"_":"")+a.toLowerCase()});function AI(s,a,d){return d&&typeof d!="number"&&zn(s,a,d)&&(a=d=n),d=d===n?dt:d>>>0,d?(s=Me(s),s&&(typeof a=="string"||a!=null&&!sp(a))&&(a=hr(a),!a&&Po(s))?_s(Yr(s),0,d):s.split(a,d)):[]}var vI=zo(function(s,a,d){return s+(d?" ":"")+lp(a)});function RI(s,a,d){return s=Me(s),d=d==null?0:js(ge(d),0,s.length),a=hr(a),s.slice(d,d+a.length)==a}function OI(s,a,d){var m=C.templateSettings;d&&zn(s,a,d)&&(a=n),s=Me(s),a=tu({},a,m,Um);var v=tu({},a.imports,m.imports,Um),I=Rn(v),H=Tf(v,I),V,Q,_t=0,Et=a.interpolate||$s,At="__p += '",$t=Af((a.escape||$s).source+"|"+Et.source+"|"+(Et===ae?Zd:$s).source+"|"+(a.evaluate||$s).source+"|$","g"),qt="//# sourceURL="+(Ue.call(a,"sourceURL")?(a.sourceURL+"").replace(/\s/g," "):"lodash.templateSources["+ ++kR+"]")+`
`;s.replace($t,function(oe,be,Ne,mr,Gn,Er){return Ne||(Ne=mr),At+=s.slice(_t,Er).replace(cc,ZR),be&&(V=!0,At+=`' +
__e(`+be+`) +
'`),Gn&&(Q=!0,At+=`';
`+Gn+`;
__p += '`),Ne&&(At+=`' +
((__t = (`+Ne+`)) == null ? '' : __t) +
'`),_t=Er+oe.length,oe}),At+=`';
`;var se=Ue.call(a,"variable")&&a.variable;if(!se)At=`with (obj) {
`+At+`
}
`;else if(Wa.test(se))throw new pe(c);At=(Q?At.replace(Ae,""):At).replace(mn,"$1").replace(yn,"$1;"),At="function("+(se||"obj")+`) {
`+(se?"":`obj || (obj = {});
`)+"var __t, __p = ''"+(V?", __e = _.escape":"")+(Q?`, __j = Array.prototype.join;
function print() { __p += __j.call(arguments, '') }
`:`;
`)+At+`return __p
}`;var Se=wE(function(){return Pe(I,qt+"return "+At).apply(n,H)});if(Se.source=At,ip(Se))throw Se;return Se}function LI(s){return Me(s).toLowerCase()}function bI(s){return Me(s).toUpperCase()}function yI(s,a,d){if(s=Me(s),s&&(d||a===n))return $_(s);if(!s||!(a=hr(a)))return s;var m=Yr(s),v=Yr(a),I=F_(m,v),H=V_(m,v)+1;return _s(m,I,H).join("")}function CI(s,a,d){if(s=Me(s),s&&(d||a===n))return s.slice(0,G_(s)+1);if(!s||!(a=hr(a)))return s;var m=Yr(s),v=V_(m,Yr(a))+1;return _s(m,0,v).join("")}function II(s,a,d){if(s=Me(s),s&&(d||a===n))return s.replace(ln,"");if(!s||!(a=hr(a)))return s;var m=Yr(s),v=F_(m,Yr(a));return _s(m,v).join("")}function NI(s,a){var d=Pt,m=vt;if(sn(a)){var v="separator"in a?a.separator:v;d="length"in a?ge(a.length):d,m="omission"in a?hr(a.omission):m}s=Me(s);var I=s.length;if(Po(s)){var H=Yr(s);I=H.length}if(d>=I)return s;var V=d-Mo(m);if(V<1)return m;var Q=H?_s(H,0,V).join(""):s.slice(0,V);if(v===n)return Q+m;if(H&&(V+=Q.length-V),sp(v)){if(s.slice(V).search(v)){var _t,Et=Q;for(v.global||(v=Af(v.source,Me(ac.exec(v))+"g")),v.lastIndex=0;_t=v.exec(Et);)var At=_t.index;Q=Q.slice(0,At===n?V:At)}}else if(s.indexOf(hr(v),V)!=V){var $t=Q.lastIndexOf(v);$t>-1&&(Q=Q.slice(0,$t))}return Q+m}function xI(s){return s=Me(s),s&&Dn.test(s)?s.replace(Gr,oO):s}var wI=zo(function(s,a,d){return s+(d?" ":"")+a.toUpperCase()}),lp=km("toUpperCase");function xE(s,a,d){return s=Me(s),a=d?n:a,a===n?eO(s)?cO(s):XR(s):s.match(a)||[]}var wE=ve(function(s,a){try{return fr(s,n,a)}catch(d){return ip(d)?d:new pe(d)}}),kI=Bi(function(s,a){return yr(a,function(d){d=ui(d),wi(s,d,np(s[d],s))}),s});function BI(s){var a=s==null?0:s.length,d=re();return s=a?en(s,function(m){if(typeof m[1]!="function")throw new Cr(l);return[d(m[0]),m[1]]}):[],ve(function(m){for(var v=-1;++v<a;){var I=s[v];if(fr(I[0],this,m))return fr(I[1],this,m)}})}function DI(s){return oL(Nr(s,E))}function cp(s){return function(){return s}}function PI(s,a){return s==null||s!==s?a:s}var MI=Dm(),HI=Dm(!0);function er(s){return s}function up(s){return dm(typeof s=="function"?s:Nr(s,E))}function WI(s){return pm(Nr(s,E))}function UI(s,a){return hm(s,Nr(a,E))}var $I=ve(function(s,a){return function(d){return Ja(d,s,a)}}),FI=ve(function(s,a){return function(d){return Ja(s,d,a)}});function dp(s,a,d){var m=Rn(a),v=Dc(a,m);d==null&&!(sn(a)&&(v.length||!m.length))&&(d=a,a=s,s=this,v=Dc(a,Rn(a)));var I=!(sn(d)&&"chain"in d)||!!d.chain,H=Pi(s);return yr(v,function(V){var Q=a[V];s[V]=Q,H&&(s.prototype[V]=function(){var _t=this.__chain__;if(I||_t){var Et=s(this.__wrapped__),At=Et.__actions__=Qn(this.__actions__);return At.push({func:Q,args:arguments,thisArg:s}),Et.__chain__=_t,Et}return Q.apply(s,cs([this.value()],arguments))})}),s}function VI(){return Cn._===this&&(Cn._=_O),this}function fp(){}function zI(s){return s=ge(s),ve(function(a){return _m(a,s)})}var GI=Vf(en),XI=Vf(P_),KI=Vf(hf);function kE(s){return jf(s)?_f(ui(s)):RL(s)}function YI(s){return function(a){return s==null?n:Js(s,a)}}var qI=Mm(),jI=Mm(!0);function pp(){return[]}function hp(){return!1}function JI(){return{}}function QI(){return""}function ZI(){return!0}function tN(s,a){if(s=ge(s),s<1||s>ct)return[];var d=dt,m=Mn(s,dt);a=re(a),s-=dt;for(var v=gf(m,a);++d<s;)a(d);return v}function eN(s){return _e(s)?en(s,ui):_r(s)?[s]:Qn(Zm(Me(s)))}function nN(s){var a=++pO;return Me(s)+a}var rN=$c(function(s,a){return s+a},0),iN=zf("ceil"),sN=$c(function(s,a){return s/a},1),oN=zf("floor");function aN(s){return s&&s.length?Bc(s,er,If):n}function lN(s,a){return s&&s.length?Bc(s,re(a,2),If):n}function cN(s){return W_(s,er)}function uN(s,a){return W_(s,re(a,2))}function dN(s){return s&&s.length?Bc(s,er,kf):n}function fN(s,a){return s&&s.length?Bc(s,re(a,2),kf):n}var pN=$c(function(s,a){return s*a},1),hN=zf("round"),_N=$c(function(s,a){return s-a},0);function mN(s){return s&&s.length?Ef(s,er):0}function EN(s,a){return s&&s.length?Ef(s,re(a,2)):0}return C.after=Wy,C.ary=uE,C.assign=bC,C.assignIn=OE,C.assignInWith=tu,C.assignWith=yC,C.at=CC,C.before=dE,C.bind=np,C.bindAll=kI,C.bindKey=fE,C.castArray=Jy,C.chain=aE,C.chunk=ob,C.compact=ab,C.concat=lb,C.cond=BI,C.conforms=DI,C.constant=cp,C.countBy=my,C.create=IC,C.curry=pE,C.curryRight=hE,C.debounce=_E,C.defaults=NC,C.defaultsDeep=xC,C.defer=Uy,C.delay=$y,C.difference=cb,C.differenceBy=ub,C.differenceWith=db,C.drop=fb,C.dropRight=pb,C.dropRightWhile=hb,C.dropWhile=_b,C.fill=mb,C.filter=gy,C.flatMap=Ay,C.flatMapDeep=vy,C.flatMapDepth=Ry,C.flatten=rE,C.flattenDeep=Eb,C.flattenDepth=gb,C.flip=Fy,C.flow=MI,C.flowRight=HI,C.fromPairs=Tb,C.functions=HC,C.functionsIn=WC,C.groupBy=Oy,C.initial=Ab,C.intersection=vb,C.intersectionBy=Rb,C.intersectionWith=Ob,C.invert=$C,C.invertBy=FC,C.invokeMap=by,C.iteratee=up,C.keyBy=yy,C.keys=Rn,C.keysIn=tr,C.map=Yc,C.mapKeys=zC,C.mapValues=GC,C.matches=WI,C.matchesProperty=UI,C.memoize=jc,C.merge=XC,C.mergeWith=LE,C.method=$I,C.methodOf=FI,C.mixin=dp,C.negate=Jc,C.nthArg=zI,C.omit=KC,C.omitBy=YC,C.once=Vy,C.orderBy=Cy,C.over=GI,C.overArgs=zy,C.overEvery=XI,C.overSome=KI,C.partial=rp,C.partialRight=mE,C.partition=Iy,C.pick=qC,C.pickBy=bE,C.property=kE,C.propertyOf=YI,C.pull=Cb,C.pullAll=sE,C.pullAllBy=Ib,C.pullAllWith=Nb,C.pullAt=xb,C.range=qI,C.rangeRight=jI,C.rearg=Gy,C.reject=wy,C.remove=wb,C.rest=Xy,C.reverse=tp,C.sampleSize=By,C.set=JC,C.setWith=QC,C.shuffle=Dy,C.slice=kb,C.sortBy=Hy,C.sortedUniq=Ub,C.sortedUniqBy=$b,C.split=AI,C.spread=Ky,C.tail=Fb,C.take=Vb,C.takeRight=zb,C.takeRightWhile=Gb,C.takeWhile=Xb,C.tap=ay,C.throttle=Yy,C.thru=Kc,C.toArray=AE,C.toPairs=yE,C.toPairsIn=CE,C.toPath=eN,C.toPlainObject=RE,C.transform=ZC,C.unary=qy,C.union=Kb,C.unionBy=Yb,C.unionWith=qb,C.uniq=jb,C.uniqBy=Jb,C.uniqWith=Qb,C.unset=tI,C.unzip=ep,C.unzipWith=oE,C.update=eI,C.updateWith=nI,C.values=Ko,C.valuesIn=rI,C.without=Zb,C.words=xE,C.wrap=jy,C.xor=ty,C.xorBy=ey,C.xorWith=ny,C.zip=ry,C.zipObject=iy,C.zipObjectDeep=sy,C.zipWith=oy,C.entries=yE,C.entriesIn=CE,C.extend=OE,C.extendWith=tu,dp(C,C),C.add=rN,C.attempt=wE,C.camelCase=aI,C.capitalize=IE,C.ceil=iN,C.clamp=iI,C.clone=Qy,C.cloneDeep=tC,C.cloneDeepWith=eC,C.cloneWith=Zy,C.conformsTo=nC,C.deburr=NE,C.defaultTo=PI,C.divide=sN,C.endsWith=lI,C.eq=jr,C.escape=cI,C.escapeRegExp=uI,C.every=Ey,C.find=Ty,C.findIndex=eE,C.findKey=wC,C.findLast=Sy,C.findLastIndex=nE,C.findLastKey=kC,C.floor=oN,C.forEach=lE,C.forEachRight=cE,C.forIn=BC,C.forInRight=DC,C.forOwn=PC,C.forOwnRight=MC,C.get=op,C.gt=rC,C.gte=iC,C.has=UC,C.hasIn=ap,C.head=iE,C.identity=er,C.includes=Ly,C.indexOf=Sb,C.inRange=sI,C.invoke=VC,C.isArguments=to,C.isArray=_e,C.isArrayBuffer=sC,C.isArrayLike=Zn,C.isArrayLikeObject=fn,C.isBoolean=oC,C.isBuffer=ms,C.isDate=aC,C.isElement=lC,C.isEmpty=cC,C.isEqual=uC,C.isEqualWith=dC,C.isError=ip,C.isFinite=fC,C.isFunction=Pi,C.isInteger=EE,C.isLength=Qc,C.isMap=gE,C.isMatch=pC,C.isMatchWith=hC,C.isNaN=_C,C.isNative=mC,C.isNil=gC,C.isNull=EC,C.isNumber=TE,C.isObject=sn,C.isObjectLike=un,C.isPlainObject=rl,C.isRegExp=sp,C.isSafeInteger=TC,C.isSet=SE,C.isString=Zc,C.isSymbol=_r,C.isTypedArray=Xo,C.isUndefined=SC,C.isWeakMap=AC,C.isWeakSet=vC,C.join=Lb,C.kebabCase=dI,C.last=wr,C.lastIndexOf=bb,C.lowerCase=fI,C.lowerFirst=pI,C.lt=RC,C.lte=OC,C.max=aN,C.maxBy=lN,C.mean=cN,C.meanBy=uN,C.min=dN,C.minBy=fN,C.stubArray=pp,C.stubFalse=hp,C.stubObject=JI,C.stubString=QI,C.stubTrue=ZI,C.multiply=pN,C.nth=yb,C.noConflict=VI,C.noop=fp,C.now=qc,C.pad=hI,C.padEnd=_I,C.padStart=mI,C.parseInt=EI,C.random=oI,C.reduce=Ny,C.reduceRight=xy,C.repeat=gI,C.replace=TI,C.result=jC,C.round=hN,C.runInContext=q,C.sample=ky,C.size=Py,C.snakeCase=SI,C.some=My,C.sortedIndex=Bb,C.sortedIndexBy=Db,C.sortedIndexOf=Pb,C.sortedLastIndex=Mb,C.sortedLastIndexBy=Hb,C.sortedLastIndexOf=Wb,C.startCase=vI,C.startsWith=RI,C.subtract=_N,C.sum=mN,C.sumBy=EN,C.template=OI,C.times=tN,C.toFinite=Mi,C.toInteger=ge,C.toLength=vE,C.toLower=LI,C.toNumber=kr,C.toSafeInteger=LC,C.toString=Me,C.toUpper=bI,C.trim=yI,C.trimEnd=CI,C.trimStart=II,C.truncate=NI,C.unescape=xI,C.uniqueId=nN,C.upperCase=wI,C.upperFirst=lp,C.each=lE,C.eachRight=cE,C.first=iE,dp(C,function(){var s={};return li(C,function(a,d){Ue.call(C.prototype,d)||(s[d]=a)}),s}(),{chain:!1}),C.VERSION=r,yr(["bind","bindKey","curry","curryRight","partial","partialRight"],function(s){C[s].placeholder=C}),yr(["drop","take"],function(s,a){Ie.prototype[s]=function(d){d=d===n?1:Tn(ge(d),0);var m=this.__filtered__&&!a?new Ie(this):this.clone();return m.__filtered__?m.__takeCount__=Mn(d,m.__takeCount__):m.__views__.push({size:Mn(d,dt),type:s+(m.__dir__<0?"Right":"")}),m},Ie.prototype[s+"Right"]=function(d){return this.reverse()[s](d).reverse()}}),yr(["filter","map","takeWhile"],function(s,a){var d=a+1,m=d==G||d==U;Ie.prototype[s]=function(v){var I=this.clone();return I.__iteratees__.push({iteratee:re(v,3),type:d}),I.__filtered__=I.__filtered__||m,I}}),yr(["head","last"],function(s,a){var d="take"+(a?"Right":"");Ie.prototype[s]=function(){return this[d](1).value()[0]}}),yr(["initial","tail"],function(s,a){var d="drop"+(a?"":"Right");Ie.prototype[s]=function(){return this.__filtered__?new Ie(this):this[d](1)}}),Ie.prototype.compact=function(){return this.filter(er)},Ie.prototype.find=function(s){return this.filter(s).head()},Ie.prototype.findLast=function(s){return this.reverse().find(s)},Ie.prototype.invokeMap=ve(function(s,a){return typeof s=="function"?new Ie(this):this.map(function(d){return Ja(d,s,a)})}),Ie.prototype.reject=function(s){return this.filter(Jc(re(s)))},Ie.prototype.slice=function(s,a){s=ge(s);var d=this;return d.__filtered__&&(s>0||a<0)?new Ie(d):(s<0?d=d.takeRight(-s):s&&(d=d.drop(s)),a!==n&&(a=ge(a),d=a<0?d.dropRight(-a):d.take(a-s)),d)},Ie.prototype.takeRightWhile=function(s){return this.reverse().takeWhile(s).reverse()},Ie.prototype.toArray=function(){return this.take(dt)},li(Ie.prototype,function(s,a){var d=/^(?:filter|find|map|reject)|While$/.test(a),m=/^(?:head|last)$/.test(a),v=C[m?"take"+(a=="last"?"Right":""):a],I=m||/^find/.test(a);v&&(C.prototype[a]=function(){var H=this.__wrapped__,V=m?[1]:arguments,Q=H instanceof Ie,_t=V[0],Et=Q||_e(H),At=function(be){var Ne=v.apply(C,cs([be],V));return m&&$t?Ne[0]:Ne};Et&&d&&typeof _t=="function"&&_t.length!=1&&(Q=Et=!1);var $t=this.__chain__,qt=!!this.__actions__.length,se=I&&!$t,Se=Q&&!qt;if(!I&&Et){H=Se?H:new Ie(this);var oe=s.apply(H,V);return oe.__actions__.push({func:Kc,args:[At],thisArg:n}),new Ir(oe,$t)}return se&&Se?s.apply(this,V):(oe=this.thru(At),se?m?oe.value()[0]:oe.value():oe)})}),yr(["pop","push","shift","sort","splice","unshift"],function(s){var a=Tc[s],d=/^(?:push|sort|unshift)$/.test(s)?"tap":"thru",m=/^(?:pop|shift)$/.test(s);C.prototype[s]=function(){var v=arguments;if(m&&!this.__chain__){var I=this.value();return a.apply(_e(I)?I:[],v)}return this[d](function(H){return a.apply(_e(H)?H:[],v)})}}),li(Ie.prototype,function(s,a){var d=C[a];if(d){var m=d.name+"";Ue.call($o,m)||($o[m]=[]),$o[m].push({name:a,func:d})}}),$o[Uc(n,R).name]=[{name:"wrapper",func:n}],Ie.prototype.clone=xO,Ie.prototype.reverse=wO,Ie.prototype.value=kO,C.prototype.at=ly,C.prototype.chain=cy,C.prototype.commit=uy,C.prototype.next=dy,C.prototype.plant=py,C.prototype.reverse=hy,C.prototype.toJSON=C.prototype.valueOf=C.prototype.value=_y,C.prototype.first=C.prototype.head,za&&(C.prototype[za]=fy),C},Ho=uO();Xs?((Xs.exports=Ho)._=Ho,uf._=Ho):Cn._=Ho}).call(zM)}(_l,_l.exports)),_l.exports}var Bv=GM();const F=p_(Bv),XM={name:"splitpanes",emits:["ready","resize","resized","pane-click","pane-maximize","pane-add","pane-remove","splitter-click"],props:{horizontal:{type:Boolean},pushOtherPanes:{type:Boolean,default:!0},dblClickSplitter:{type:Boolean,default:!0},rtl:{type:Boolean,default:!1},firstSplitter:{type:Boolean}},provide(){return{requestUpdate:this.requestUpdate,onPaneAdd:this.onPaneAdd,onPaneRemove:this.onPaneRemove,onPaneClick:this.onPaneClick}},data:()=>({container:null,ready:!1,panes:[],touch:{mouseDown:!1,dragging:!1,activeSplitter:null},splitterTaps:{splitter:null,timeoutId:null}}),computed:{panesCount(){return this.panes.length},indexedPanes(){return this.panes.reduce((t,e)=>(t[e.id]=e)&&t,{})}},methods:{updatePaneComponents(){this.panes.forEach(t=>{t.update&&t.update({[this.horizontal?"height":"width"]:`${this.indexedPanes[t.id].size}%`})})},bindEvents(){document.addEventListener("mousemove",this.onMouseMove,{passive:!1}),document.addEventListener("mouseup",this.onMouseUp),"ontouchstart"in window&&(document.addEventListener("touchmove",this.onMouseMove,{passive:!1}),document.addEventListener("touchend",this.onMouseUp))},unbindEvents(){document.removeEventListener("mousemove",this.onMouseMove,{passive:!1}),document.removeEventListener("mouseup",this.onMouseUp),"ontouchstart"in window&&(document.removeEventListener("touchmove",this.onMouseMove,{passive:!1}),document.removeEventListener("touchend",this.onMouseUp))},onMouseDown(t,e){this.bindEvents(),this.touch.mouseDown=!0,this.touch.activeSplitter=e},onMouseMove(t){this.touch.mouseDown&&(t.preventDefault(),this.touch.dragging=!0,this.calculatePanesSize(this.getCurrentMouseDrag(t)),this.$emit("resize",this.panes.map(e=>({min:e.min,max:e.max,size:e.size}))))},onMouseUp(){this.touch.dragging&&this.$emit("resized",this.panes.map(t=>({min:t.min,max:t.max,size:t.size}))),this.touch.mouseDown=!1,setTimeout(()=>{this.touch.dragging=!1,this.unbindEvents()},100)},onSplitterClick(t,e){"ontouchstart"in window&&(t.preventDefault(),this.dblClickSplitter&&(this.splitterTaps.splitter===e?(clearTimeout(this.splitterTaps.timeoutId),this.splitterTaps.timeoutId=null,this.onSplitterDblClick(t,e),this.splitterTaps.splitter=null):(this.splitterTaps.splitter=e,this.splitterTaps.timeoutId=setTimeout(()=>{this.splitterTaps.splitter=null},500)))),this.touch.dragging||this.$emit("splitter-click",this.panes[e])},onSplitterDblClick(t,e){let n=0;this.panes=this.panes.map((r,i)=>(r.size=i===e?r.max:r.min,i!==e&&(n+=r.min),r)),this.panes[e].size-=n,this.$emit("pane-maximize",this.panes[e]),this.$emit("resized",this.panes.map(r=>({min:r.min,max:r.max,size:r.size})))},onPaneClick(t,e){this.$emit("pane-click",this.indexedPanes[e])},getCurrentMouseDrag(t){const e=this.container.getBoundingClientRect(),{clientX:n,clientY:r}="ontouchstart"in window&&t.touches?t.touches[0]:t;return{x:n-e.left,y:r-e.top}},getCurrentDragPercentage(t){t=t[this.horizontal?"y":"x"];const e=this.container[this.horizontal?"clientHeight":"clientWidth"];return this.rtl&&!this.horizontal&&(t=e-t),t*100/e},calculatePanesSize(t){const e=this.touch.activeSplitter;let n={prevPanesSize:this.sumPrevPanesSize(e),nextPanesSize:this.sumNextPanesSize(e),prevReachedMinPanes:0,nextReachedMinPanes:0};const r=0+(this.pushOtherPanes?0:n.prevPanesSize),i=100-(this.pushOtherPanes?0:n.nextPanesSize),o=Math.max(Math.min(this.getCurrentDragPercentage(t),i),r);let l=[e,e+1],c=this.panes[l[0]]||null,u=this.panes[l[1]]||null;const _=c.max<100&&o>=c.max+n.prevPanesSize,f=u.max<100&&o<=100-(u.max+this.sumNextPanesSize(e+1));if(_||f){_?(c.size=c.max,u.size=Math.max(100-c.max-n.prevPanesSize-n.nextPanesSize,0)):(c.size=Math.max(100-u.max-n.prevPanesSize-this.sumNextPanesSize(e+1),0),u.size=u.max);return}if(this.pushOtherPanes){const E=this.doPushOtherPanes(n,o);if(!E)return;({sums:n,panesToResize:l}=E),c=this.panes[l[0]]||null,u=this.panes[l[1]]||null}c!==null&&(c.size=Math.min(Math.max(o-n.prevPanesSize-n.prevReachedMinPanes,c.min),c.max)),u!==null&&(u.size=Math.min(Math.max(100-o-n.nextPanesSize-n.nextReachedMinPanes,u.min),u.max))},doPushOtherPanes(t,e){const n=this.touch.activeSplitter,r=[n,n+1];return e<t.prevPanesSize+this.panes[r[0]].min&&(r[0]=this.findPrevExpandedPane(n).index,t.prevReachedMinPanes=0,r[0]<n&&this.panes.forEach((i,o)=>{o>r[0]&&o<=n&&(i.size=i.min,t.prevReachedMinPanes+=i.min)}),t.prevPanesSize=this.sumPrevPanesSize(r[0]),r[0]===void 0)?(t.prevReachedMinPanes=0,this.panes[0].size=this.panes[0].min,this.panes.forEach((i,o)=>{o>0&&o<=n&&(i.size=i.min,t.prevReachedMinPanes+=i.min)}),this.panes[r[1]].size=100-t.prevReachedMinPanes-this.panes[0].min-t.prevPanesSize-t.nextPanesSize,null):e>100-t.nextPanesSize-this.panes[r[1]].min&&(r[1]=this.findNextExpandedPane(n).index,t.nextReachedMinPanes=0,r[1]>n+1&&this.panes.forEach((i,o)=>{o>n&&o<r[1]&&(i.size=i.min,t.nextReachedMinPanes+=i.min)}),t.nextPanesSize=this.sumNextPanesSize(r[1]-1),r[1]===void 0)?(t.nextReachedMinPanes=0,this.panes[this.panesCount-1].size=this.panes[this.panesCount-1].min,this.panes.forEach((i,o)=>{o<this.panesCount-1&&o>=n+1&&(i.size=i.min,t.nextReachedMinPanes+=i.min)}),this.panes[r[0]].size=100-t.prevPanesSize-t.nextReachedMinPanes-this.panes[this.panesCount-1].min-t.nextPanesSize,null):{sums:t,panesToResize:r}},sumPrevPanesSize(t){return this.panes.reduce((e,n,r)=>e+(r<t?n.size:0),0)},sumNextPanesSize(t){return this.panes.reduce((e,n,r)=>e+(r>t+1?n.size:0),0)},findPrevExpandedPane(t){return[...this.panes].reverse().find(e=>e.index<t&&e.size>e.min)||{}},findNextExpandedPane(t){return this.panes.find(e=>e.index>t+1&&e.size>e.min)||{}},checkSplitpanesNodes(){Array.from(this.container.children).forEach(t=>{const e=t.classList.contains("splitpanes__pane"),n=t.classList.contains("splitpanes__splitter");!e&&!n&&(t.parentNode.removeChild(t),console.warn("Splitpanes: Only <pane> elements are allowed at the root of <splitpanes>. One of your DOM nodes was removed."))})},addSplitter(t,e,n=!1){const r=t-1,i=document.createElement("div");i.classList.add("splitpanes__splitter"),n||(i.onmousedown=o=>this.onMouseDown(o,r),typeof window<"u"&&"ontouchstart"in window&&(i.ontouchstart=o=>this.onMouseDown(o,r)),i.onclick=o=>this.onSplitterClick(o,r+1)),this.dblClickSplitter&&(i.ondblclick=o=>this.onSplitterDblClick(o,r+1)),e.parentNode.insertBefore(i,e)},removeSplitter(t){t.onmousedown=void 0,t.onclick=void 0,t.ondblclick=void 0,t.parentNode.removeChild(t)},redoSplitters(){const t=Array.from(this.container.children);t.forEach(n=>{n.className.includes("splitpanes__splitter")&&this.removeSplitter(n)});let e=0;t.forEach(n=>{n.className.includes("splitpanes__pane")&&(!e&&this.firstSplitter?this.addSplitter(e,n,!0):e&&this.addSplitter(e,n),e++)})},requestUpdate({target:t,...e}){const n=this.indexedPanes[t._.uid];Object.entries(e).forEach(([r,i])=>n[r]=i)},onPaneAdd(t){let e=-1;Array.from(t.$el.parentNode.children).some(i=>(i.className.includes("splitpanes__pane")&&e++,i===t.$el));const n=parseFloat(t.minSize),r=parseFloat(t.maxSize);this.panes.splice(e,0,{id:t._.uid,index:e,min:isNaN(n)?0:n,max:isNaN(r)?100:r,size:t.size===null?null:parseFloat(t.size),givenSize:t.size,update:t.update}),this.panes.forEach((i,o)=>i.index=o),this.ready&&this.$nextTick(()=>{this.redoSplitters(),this.resetPaneSizes({addedPane:this.panes[e]}),this.$emit("pane-add",{index:e,panes:this.panes.map(i=>({min:i.min,max:i.max,size:i.size}))})})},onPaneRemove(t){const e=this.panes.findIndex(r=>r.id===t._.uid),n=this.panes.splice(e,1)[0];this.panes.forEach((r,i)=>r.index=i),this.$nextTick(()=>{this.redoSplitters(),this.resetPaneSizes({removedPane:{...n,index:e}}),this.$emit("pane-remove",{removed:n,panes:this.panes.map(r=>({min:r.min,max:r.max,size:r.size}))})})},resetPaneSizes(t={}){!t.addedPane&&!t.removedPane?this.initialPanesSizing():this.panes.some(e=>e.givenSize!==null||e.min||e.max<100)?this.equalizeAfterAddOrRemove(t):this.equalize(),this.ready&&this.$emit("resized",this.panes.map(e=>({min:e.min,max:e.max,size:e.size})))},equalize(){const t=100/this.panesCount;let e=0;const n=[],r=[];this.panes.forEach(i=>{i.size=Math.max(Math.min(t,i.max),i.min),e-=i.size,i.size>=i.max&&n.push(i.id),i.size<=i.min&&r.push(i.id)}),e>.1&&this.readjustSizes(e,n,r)},initialPanesSizing(){let t=100;const e=[],n=[];let r=0;this.panes.forEach(o=>{t-=o.size,o.size!==null&&r++,o.size>=o.max&&e.push(o.id),o.size<=o.min&&n.push(o.id)});let i=100;t>.1&&(this.panes.forEach(o=>{o.size===null&&(o.size=Math.max(Math.min(t/(this.panesCount-r),o.max),o.min)),i-=o.size}),i>.1&&this.readjustSizes(t,e,n))},equalizeAfterAddOrRemove({addedPane:t,removedPane:e}={}){let n=100/this.panesCount,r=0;const i=[],o=[];t&&t.givenSize!==null&&(n=(100-t.givenSize)/(this.panesCount-1)),this.panes.forEach(l=>{r-=l.size,l.size>=l.max&&i.push(l.id),l.size<=l.min&&o.push(l.id)}),!(Math.abs(r)<.1)&&(this.panes.forEach(l=>{t&&t.givenSize!==null&&t.id===l.id||(l.size=Math.max(Math.min(n,l.max),l.min)),r-=l.size,l.size>=l.max&&i.push(l.id),l.size<=l.min&&o.push(l.id)}),r>.1&&this.readjustSizes(r,i,o))},readjustSizes(t,e,n){let r;t>0?r=t/(this.panesCount-e.length):r=t/(this.panesCount-n.length),this.panes.forEach((i,o)=>{if(t>0&&!e.includes(i.id)){const l=Math.max(Math.min(i.size+r,i.max),i.min),c=l-i.size;t-=c,i.size=l}else if(!n.includes(i.id)){const l=Math.max(Math.min(i.size+r,i.max),i.min),c=l-i.size;t-=c,i.size=l}i.update({[this.horizontal?"height":"width"]:`${this.indexedPanes[i.id].size}%`})}),Math.abs(t)>.1&&this.$nextTick(()=>{this.ready&&console.warn("Splitpanes: Could not resize panes correctly due to their constraints.")})}},watch:{panes:{deep:!0,immediate:!1,handler(){this.updatePaneComponents()}},horizontal(){this.updatePaneComponents()},firstSplitter(){this.redoSplitters()},dblClickSplitter(t){[...this.container.querySelectorAll(".splitpanes__splitter")].forEach((e,n)=>{e.ondblclick=t?r=>this.onSplitterDblClick(r,n):void 0})}},beforeUnmount(){this.ready=!1},mounted(){this.container=this.$refs.container,this.checkSplitpanesNodes(),this.redoSplitters(),this.resetPaneSizes(),this.$emit("ready"),this.ready=!0},render(){return vs("div",{ref:"container",class:["splitpanes",`splitpanes--${this.horizontal?"horizontal":"vertical"}`,{"splitpanes--dragging":this.touch.dragging}]},this.$slots.default())}},KM=(t,e)=>{const n=t.__vccOpts||t;for(const[r,i]of e)n[r]=i;return n},YM={name:"pane",inject:["requestUpdate","onPaneAdd","onPaneRemove","onPaneClick"],props:{size:{type:[Number,String],default:null},minSize:{type:[Number,String],default:0},maxSize:{type:[Number,String],default:100}},data:()=>({style:{}}),mounted(){this.onPaneAdd(this)},beforeUnmount(){this.onPaneRemove(this)},methods:{update(t){this.style=t}},computed:{sizeNumber(){return this.size||this.size===0?parseFloat(this.size):null},minSizeNumber(){return parseFloat(this.minSize)},maxSizeNumber(){return parseFloat(this.maxSize)}},watch:{sizeNumber(t){this.requestUpdate({target:this,size:t})},minSizeNumber(t){this.requestUpdate({target:this,min:t})},maxSizeNumber(t){this.requestUpdate({target:this,max:t})}}};function qM(t,e,n,r,i,o){return N(),B("div",{class:"splitpanes__pane",onClick:e[0]||(e[0]=l=>o.onPaneClick(l,t._.uid)),style:qe(t.style)},[As(t.$slots,"default")],4)}const F1=KM(YM,[["render",qM]]),sd=Symbol("selectedNodeId"),Vd=Symbol("highlightedNodeId"),Ro=Symbol("selectNode"),Ws=Symbol("viewOptions"),zr=Symbol("plan");var Pu={exports:{}};/*!
 * clipboard.js v2.0.10
 * https://clipboardjs.com/
 *
 * Licensed MIT © Zeno Rocha
 */var jM=Pu.exports,V1;function JM(){return V1||(V1=1,function(t,e){(function(r,i){t.exports=i()})(jM,function(){return function(){var n={686:function(o,l,c){c.d(l,{default:function(){return yt}});var u=c(279),_=c.n(u),f=c(370),E=c.n(f),A=c(817),b=c.n(A);function k(dt){try{return document.execCommand(dt)}catch{return!1}}var S=function(j){var D=b()(j);return k("cut"),D},O=S;function R(dt){var j=document.documentElement.getAttribute("dir")==="rtl",D=document.createElement("textarea");D.style.fontSize="12pt",D.style.border="0",D.style.padding="0",D.style.margin="0",D.style.position="absolute",D.style[j?"right":"left"]="-9999px";var L=window.pageYOffset||document.documentElement.scrollTop;return D.style.top="".concat(L,"px"),D.setAttribute("readonly",""),D.value=dt,D}var x=function(j){var D=arguments.length>1&&arguments[1]!==void 0?arguments[1]:{container:document.body},L="";if(typeof j=="string"){var J=R(j);D.container.appendChild(J),L=b()(J),k("copy"),J.remove()}else L=b()(j),k("copy");return L},Y=x;function y(dt){"@babel/helpers - typeof";return typeof Symbol=="function"&&typeof Symbol.iterator=="symbol"?y=function(D){return typeof D}:y=function(D){return D&&typeof Symbol=="function"&&D.constructor===Symbol&&D!==Symbol.prototype?"symbol":typeof D},y(dt)}var K=function(){var j=arguments.length>0&&arguments[0]!==void 0?arguments[0]:{},D=j.action,L=D===void 0?"copy":D,J=j.container,at=j.target,Ct=j.text;if(L!=="copy"&&L!=="cut")throw new Error('Invalid "action" value, use either "copy" or "cut"');if(at!==void 0)if(at&&y(at)==="object"&&at.nodeType===1){if(L==="copy"&&at.hasAttribute("disabled"))throw new Error('Invalid "target" attribute. Please use "readonly" instead of "disabled" attribute');if(L==="cut"&&(at.hasAttribute("readonly")||at.hasAttribute("disabled")))throw new Error(`Invalid "target" attribute. You can't cut text from elements with "readonly" or "disabled" attributes`)}else throw new Error('Invalid "target" value, use a valid Element');if(Ct)return Y(Ct,{container:J});if(at)return L==="cut"?O(at):Y(at,{container:J})},P=K;function X(dt){"@babel/helpers - typeof";return typeof Symbol=="function"&&typeof Symbol.iterator=="symbol"?X=function(D){return typeof D}:X=function(D){return D&&typeof Symbol=="function"&&D.constructor===Symbol&&D!==Symbol.prototype?"symbol":typeof D},X(dt)}function ot(dt,j){if(!(dt instanceof j))throw new TypeError("Cannot call a class as a function")}function xt(dt,j){for(var D=0;D<j.length;D++){var L=j[D];L.enumerable=L.enumerable||!1,L.configurable=!0,"value"in L&&(L.writable=!0),Object.defineProperty(dt,L.key,L)}}function Pt(dt,j,D){return j&&xt(dt.prototype,j),D&&xt(dt,D),dt}function vt(dt,j){if(typeof j!="function"&&j!==null)throw new TypeError("Super expression must either be null or a function");dt.prototype=Object.create(j&&j.prototype,{constructor:{value:dt,writable:!0,configurable:!0}}),j&&et(dt,j)}function et(dt,j){return et=Object.setPrototypeOf||function(L,J){return L.__proto__=J,L},et(dt,j)}function M(dt){var j=U();return function(){var L=w(dt),J;if(j){var at=w(this).constructor;J=Reflect.construct(L,arguments,at)}else J=L.apply(this,arguments);return G(this,J)}}function G(dt,j){return j&&(X(j)==="object"||typeof j=="function")?j:Rt(dt)}function Rt(dt){if(dt===void 0)throw new ReferenceError("this hasn't been initialised - super() hasn't been called");return dt}function U(){if(typeof Reflect>"u"||!Reflect.construct||Reflect.construct.sham)return!1;if(typeof Proxy=="function")return!0;try{return Date.prototype.toString.call(Reflect.construct(Date,[],function(){})),!0}catch{return!1}}function w(dt){return w=Object.setPrototypeOf?Object.getPrototypeOf:function(D){return D.__proto__||Object.getPrototypeOf(D)},w(dt)}function ct(dt,j){var D="data-clipboard-".concat(dt);if(j.hasAttribute(D))return j.getAttribute(D)}var St=function(dt){vt(D,dt);var j=M(D);function D(L,J){var at;return ot(this,D),at=j.call(this),at.resolveOptions(J),at.listenClick(L),at}return Pt(D,[{key:"resolveOptions",value:function(){var J=arguments.length>0&&arguments[0]!==void 0?arguments[0]:{};this.action=typeof J.action=="function"?J.action:this.defaultAction,this.target=typeof J.target=="function"?J.target:this.defaultTarget,this.text=typeof J.text=="function"?J.text:this.defaultText,this.container=X(J.container)==="object"?J.container:document.body}},{key:"listenClick",value:function(J){var at=this;this.listener=E()(J,"click",function(Ct){return at.onClick(Ct)})}},{key:"onClick",value:function(J){var at=J.delegateTarget||J.currentTarget,Ct=this.action(at)||"copy",Xt=P({action:Ct,container:this.container,target:this.target(at),text:this.text(at)});this.emit(Xt?"success":"error",{action:Ct,text:Xt,trigger:at,clearSelection:function(){at&&at.focus(),document.activeElement.blur(),window.getSelection().removeAllRanges()}})}},{key:"defaultAction",value:function(J){return ct("action",J)}},{key:"defaultTarget",value:function(J){var at=ct("target",J);if(at)return document.querySelector(at)}},{key:"defaultText",value:function(J){return ct("text",J)}},{key:"destroy",value:function(){this.listener.destroy()}}],[{key:"copy",value:function(J){var at=arguments.length>1&&arguments[1]!==void 0?arguments[1]:{container:document.body};return Y(J,at)}},{key:"cut",value:function(J){return O(J)}},{key:"isSupported",value:function(){var J=arguments.length>0&&arguments[0]!==void 0?arguments[0]:["copy","cut"],at=typeof J=="string"?[J]:J,Ct=!!document.queryCommandSupported;return at.forEach(function(Xt){Ct=Ct&&!!document.queryCommandSupported(Xt)}),Ct}}]),D}(_()),yt=St},828:function(o){var l=9;if(typeof Element<"u"&&!Element.prototype.matches){var c=Element.prototype;c.matches=c.matchesSelector||c.mozMatchesSelector||c.msMatchesSelector||c.oMatchesSelector||c.webkitMatchesSelector}function u(_,f){for(;_&&_.nodeType!==l;){if(typeof _.matches=="function"&&_.matches(f))return _;_=_.parentNode}}o.exports=u},438:function(o,l,c){var u=c(828);function _(A,b,k,S,O){var R=E.apply(this,arguments);return A.addEventListener(k,R,O),{destroy:function(){A.removeEventListener(k,R,O)}}}function f(A,b,k,S,O){return typeof A.addEventListener=="function"?_.apply(null,arguments):typeof k=="function"?_.bind(null,document).apply(null,arguments):(typeof A=="string"&&(A=document.querySelectorAll(A)),Array.prototype.map.call(A,function(R){return _(R,b,k,S,O)}))}function E(A,b,k,S){return function(O){O.delegateTarget=u(O.target,b),O.delegateTarget&&S.call(A,O)}}o.exports=f},879:function(o,l){l.node=function(c){return c!==void 0&&c instanceof HTMLElement&&c.nodeType===1},l.nodeList=function(c){var u=Object.prototype.toString.call(c);return c!==void 0&&(u==="[object NodeList]"||u==="[object HTMLCollection]")&&"length"in c&&(c.length===0||l.node(c[0]))},l.string=function(c){return typeof c=="string"||c instanceof String},l.fn=function(c){var u=Object.prototype.toString.call(c);return u==="[object Function]"}},370:function(o,l,c){var u=c(879),_=c(438);function f(k,S,O){if(!k&&!S&&!O)throw new Error("Missing required arguments");if(!u.string(S))throw new TypeError("Second argument must be a String");if(!u.fn(O))throw new TypeError("Third argument must be a Function");if(u.node(k))return E(k,S,O);if(u.nodeList(k))return A(k,S,O);if(u.string(k))return b(k,S,O);throw new TypeError("First argument must be a String, HTMLElement, HTMLCollection, or NodeList")}function E(k,S,O){return k.addEventListener(S,O),{destroy:function(){k.removeEventListener(S,O)}}}function A(k,S,O){return Array.prototype.forEach.call(k,function(R){R.addEventListener(S,O)}),{destroy:function(){Array.prototype.forEach.call(k,function(R){R.removeEventListener(S,O)})}}}function b(k,S,O){return _(document.body,k,S,O)}o.exports=f},817:function(o){function l(c){var u;if(c.nodeName==="SELECT")c.focus(),u=c.value;else if(c.nodeName==="INPUT"||c.nodeName==="TEXTAREA"){var _=c.hasAttribute("readonly");_||c.setAttribute("readonly",""),c.select(),c.setSelectionRange(0,c.value.length),_||c.removeAttribute("readonly"),u=c.value}else{c.hasAttribute("contenteditable")&&c.focus();var f=window.getSelection(),E=document.createRange();E.selectNodeContents(c),f.removeAllRanges(),f.addRange(E),u=f.toString()}return u}o.exports=l},279:function(o){function l(){}l.prototype={on:function(c,u,_){var f=this.e||(this.e={});return(f[c]||(f[c]=[])).push({fn:u,ctx:_}),this},once:function(c,u,_){var f=this;function E(){f.off(c,E),u.apply(_,arguments)}return E._=u,this.on(c,E,_)},emit:function(c){var u=[].slice.call(arguments,1),_=((this.e||(this.e={}))[c]||[]).slice(),f=0,E=_.length;for(f;f<E;f++)_[f].fn.apply(_[f].ctx,u);return this},off:function(c,u){var _=this.e||(this.e={}),f=_[c],E=[];if(f&&u)for(var A=0,b=f.length;A<b;A++)f[A].fn!==u&&f[A].fn._!==u&&E.push(f[A]);return E.length?_[c]=E:delete _[c],this}},o.exports=l,o.exports.TinyEmitter=l}},r={};function i(o){if(r[o])return r[o].exports;var l=r[o]={exports:{}};return n[o](l,l.exports,i),l.exports}return function(){i.n=function(o){var l=o&&o.__esModule?function(){return o.default}:function(){return o};return i.d(l,{a:l}),l}}(),function(){i.d=function(o,l){for(var c in l)i.o(l,c)&&!i.o(o,c)&&Object.defineProperty(o,c,{enumerable:!0,get:l[c]})}}(),function(){i.o=function(o,l){return Object.prototype.hasOwnProperty.call(o,l)}}(),i(686)}().default})}(Pu)),Pu.exports}var QM=JM();const ZM=p_(QM),tH=t=>({toClipboard(e,n){return new Promise((r,i)=>{const o=document.createElement("button"),l=new ZM(o,{text:()=>e,action:()=>"copy",container:n!==void 0?n:document.body});l.on("success",c=>{l.destroy(),r(c)}),l.on("error",c=>{l.destroy(),i(c)}),document.body.appendChild(o),o.click(),document.body.removeChild(o)})}});/*!
 * Font Awesome Free 6.7.2 by @fontawesome - https://fontawesome.com
 * License - https://fontawesome.com/license/free (Icons: CC BY 4.0, Fonts: SIL OFL 1.1, Code: MIT License)
 * Copyright 2024 Fonticons, Inc.
 */const eH={prefix:"fas",iconName:"pen-to-square",icon:[512,512,["edit"],"f044","M471.6 21.7c-21.9-21.9-57.3-21.9-79.2 0L362.3 51.7l97.9 97.9 30.1-30.1c21.9-21.9 21.9-57.3 0-79.2L471.6 21.7zm-299.2 220c-6.1 6.1-10.8 13.6-13.5 21.9l-29.6 88.8c-2.9 8.6-.6 18.1 5.8 24.6s15.9 8.7 24.6 5.8l88.8-29.6c8.2-2.7 15.7-7.4 21.9-13.5L437.7 172.3 339.7 74.3 172.4 241.7zM96 64C43 64 0 107 0 160L0 416c0 53 43 96 96 96l256 0c53 0 96-43 96-96l0-96c0-17.7-14.3-32-32-32s-32 14.3-32 32l0 96c0 17.7-14.3 32-32 32L96 448c-17.7 0-32-14.3-32-32l0-256c0-17.7 14.3-32 32-32l96 0c17.7 0 32-14.3 32-32s-14.3-32-32-32L96 64z"]},nH=eH,rH={prefix:"fas",iconName:"chevron-up",icon:[512,512,[],"f077","M233.4 105.4c12.5-12.5 32.8-12.5 45.3 0l192 192c12.5 12.5 12.5 32.8 0 45.3s-32.8 12.5-45.3 0L256 173.3 86.6 342.6c-12.5 12.5-32.8 12.5-45.3 0s-12.5-32.8 0-45.3l192-192z"]},iH={prefix:"fas",iconName:"align-justify",icon:[448,512,[],"f039","M448 64c0-17.7-14.3-32-32-32L32 32C14.3 32 0 46.3 0 64S14.3 96 32 96l384 0c17.7 0 32-14.3 32-32zm0 256c0-17.7-14.3-32-32-32L32 288c-17.7 0-32 14.3-32 32s14.3 32 32 32l384 0c17.7 0 32-14.3 32-32zM0 192c0 17.7 14.3 32 32 32l384 0c17.7 0 32-14.3 32-32s-14.3-32-32-32L32 160c-17.7 0-32 14.3-32 32zM448 448c0-17.7-14.3-32-32-32L32 416c-17.7 0-32 14.3-32 32s14.3 32 32 32l384 0c17.7 0 32-14.3 32-32z"]},sH={prefix:"fas",iconName:"clipboard",icon:[384,512,[128203],"f328","M192 0c-41.8 0-77.4 26.7-90.5 64L64 64C28.7 64 0 92.7 0 128L0 448c0 35.3 28.7 64 64 64l256 0c35.3 0 64-28.7 64-64l0-320c0-35.3-28.7-64-64-64l-37.5 0C269.4 26.7 233.8 0 192 0zm0 64a32 32 0 1 1 0 64 32 32 0 1 1 0-64zM112 192l160 0c8.8 0 16 7.2 16 16s-7.2 16-16 16l-160 0c-8.8 0-16-7.2-16-16s7.2-16 16-16z"]},oH={prefix:"fas",iconName:"arrow-down-wide-short",icon:[576,512,["sort-amount-asc","sort-amount-down"],"f160","M151.6 469.6C145.5 476.2 137 480 128 480s-17.5-3.8-23.6-10.4l-88-96c-11.9-13-11.1-33.3 2-45.2s33.3-11.1 45.2 2L96 365.7 96 64c0-17.7 14.3-32 32-32s32 14.3 32 32l0 301.7 32.4-35.4c11.9-13 32.2-13.9 45.2-2s13.9 32.2 2 45.2l-88 96zM320 480c-17.7 0-32-14.3-32-32s14.3-32 32-32l32 0c17.7 0 32 14.3 32 32s-14.3 32-32 32l-32 0zm0-128c-17.7 0-32-14.3-32-32s14.3-32 32-32l96 0c17.7 0 32 14.3 32 32s-14.3 32-32 32l-96 0zm0-128c-17.7 0-32-14.3-32-32s14.3-32 32-32l160 0c17.7 0 32 14.3 32 32s-14.3 32-32 32l-160 0zm0-128c-17.7 0-32-14.3-32-32s14.3-32 32-32l224 0c17.7 0 32 14.3 32 32s-14.3 32-32 32L320 96z"]},Gh={prefix:"fas",iconName:"filter",icon:[512,512,[],"f0b0","M3.9 54.9C10.5 40.9 24.5 32 40 32l432 0c15.5 0 29.5 8.9 36.1 22.9s4.6 30.5-5.2 42.5L320 320.9 320 448c0 12.1-6.8 23.2-17.7 28.6s-23.8 4.3-33.5-3l-64-48c-8.1-6-12.8-15.5-12.8-25.6l0-79.1L9 97.3C-.7 85.4-2.8 68.8 3.9 54.9z"]},aH={prefix:"fas",iconName:"trash",icon:[448,512,[],"f1f8","M135.2 17.7L128 32 32 32C14.3 32 0 46.3 0 64S14.3 96 32 96l384 0c17.7 0 32-14.3 32-32s-14.3-32-32-32l-96 0-7.2-14.3C307.4 6.8 296.3 0 284.2 0L163.8 0c-12.1 0-23.2 6.8-28.6 17.7zM416 128L32 128 53.2 467c1.6 25.3 22.6 45 47.9 45l245.8 0c25.3 0 46.3-19.7 47.9-45L416 128z"]},lH={prefix:"fas",iconName:"circle-info",icon:[512,512,["info-circle"],"f05a","M256 512A256 256 0 1 0 256 0a256 256 0 1 0 0 512zM216 336l24 0 0-64-24 0c-13.3 0-24-10.7-24-24s10.7-24 24-24l48 0c13.3 0 24 10.7 24 24l0 88 8 0c13.3 0 24 10.7 24 24s-10.7 24-24 24l-80 0c-13.3 0-24-10.7-24-24s10.7-24 24-24zm40-208a32 32 0 1 1 0 64 32 32 0 1 1 0-64z"]},Ls=lH,cH={prefix:"fas",iconName:"arrow-rotate-left",icon:[512,512,[8634,"arrow-left-rotate","arrow-rotate-back","arrow-rotate-backward","undo"],"f0e2","M125.7 160l50.3 0c17.7 0 32 14.3 32 32s-14.3 32-32 32L48 224c-17.7 0-32-14.3-32-32L16 64c0-17.7 14.3-32 32-32s32 14.3 32 32l0 51.2L97.6 97.6c87.5-87.5 229.3-87.5 316.8 0s87.5 229.3 0 316.8s-229.3 87.5-316.8 0c-12.5-12.5-12.5-32.8 0-45.3s32.8-12.5 45.3 0c62.5 62.5 163.8 62.5 226.3 0s62.5-163.8 0-226.3s-163.8-62.5-226.3 0L125.7 160z"]},uH=cH,Dv={prefix:"fas",iconName:"clock",icon:[512,512,[128339,"clock-four"],"f017","M256 0a256 256 0 1 1 0 512A256 256 0 1 1 256 0zM232 120l0 136c0 8 4 15.5 10.7 20l96 64c11 7.4 25.9 4.4 33.3-6.7s4.4-25.9-6.7-33.3L280 243.2 280 120c0-13.3-10.7-24-24-24s-24 10.7-24 24z"]},Eu={prefix:"fas",iconName:"caret-down",icon:[320,512,[],"f0d7","M137.4 374.6c12.5 12.5 32.8 12.5 45.3 0l128-128c9.2-9.2 11.9-22.9 6.9-34.9s-16.6-19.8-29.6-19.8L32 192c-12.9 0-24.6 7.8-29.6 19.8s-2.2 25.7 6.9 34.9l128 128z"]},dH={prefix:"fas",iconName:"arrow-down-short-wide",icon:[576,512,["sort-amount-desc","sort-amount-down-alt"],"f884","M151.6 469.6C145.5 476.2 137 480 128 480s-17.5-3.8-23.6-10.4l-88-96c-11.9-13-11.1-33.3 2-45.2s33.3-11.1 45.2 2L96 365.7 96 64c0-17.7 14.3-32 32-32s32 14.3 32 32l0 301.7 32.4-35.4c11.9-13 32.2-13.9 45.2-2s13.9 32.2 2 45.2l-88 96zM320 32l32 0c17.7 0 32 14.3 32 32s-14.3 32-32 32l-32 0c-17.7 0-32-14.3-32-32s14.3-32 32-32zm0 128l96 0c17.7 0 32 14.3 32 32s-14.3 32-32 32l-96 0c-17.7 0-32-14.3-32-32s14.3-32 32-32zm0 128l160 0c17.7 0 32 14.3 32 32s-14.3 32-32 32l-160 0c-17.7 0-32-14.3-32-32s14.3-32 32-32zm0 128l224 0c17.7 0 32 14.3 32 32s-14.3 32-32 32l-224 0c-17.7 0-32-14.3-32-32s14.3-32 32-32z"]},fH={prefix:"fas",iconName:"thumbs-down",icon:[512,512,[128078,61576],"f165","M313.4 479.1c26-5.2 42.9-30.5 37.7-56.5l-2.3-11.4c-5.3-26.7-15.1-52.1-28.8-75.2l144 0c26.5 0 48-21.5 48-48c0-18.5-10.5-34.6-25.9-42.6C497 236.6 504 223.1 504 208c0-23.4-16.8-42.9-38.9-47.1c4.4-7.3 6.9-15.8 6.9-24.9c0-21.3-13.9-39.4-33.1-45.6c.7-3.3 1.1-6.8 1.1-10.4c0-26.5-21.5-48-48-48l-97.5 0c-19 0-37.5 5.6-53.3 16.1L202.7 73.8C176 91.6 160 121.6 160 153.7l0 38.3 0 48 0 24.9c0 29.2 13.3 56.7 36 75l7.4 5.9c26.5 21.2 44.6 51 51.2 84.2l2.3 11.4c5.2 26 30.5 42.9 56.5 37.7zM32 384l64 0c17.7 0 32-14.3 32-32l0-224c0-17.7-14.3-32-32-32L32 96C14.3 96 0 110.3 0 128L0 352c0 17.7 14.3 32 32 32z"]},Pv={prefix:"fas",iconName:"arrow-down",icon:[384,512,[8595],"f063","M169.4 470.6c12.5 12.5 32.8 12.5 45.3 0l160-160c12.5-12.5 12.5-32.8 0-45.3s-32.8-12.5-45.3 0L224 370.8 224 64c0-17.7-14.3-32-32-32s-32 14.3-32 32l0 306.7L54.6 265.4c-12.5-12.5-32.8-12.5-45.3 0s-12.5 32.8 0 45.3l160 160z"]},pH={prefix:"fas",iconName:"magnifying-glass",icon:[512,512,[128269,"search"],"f002","M416 208c0 45.9-14.9 88.3-40 122.7L502.6 457.4c12.5 12.5 12.5 32.8 0 45.3s-32.8 12.5-45.3 0L330.7 376c-34.4 25.2-76.8 40-122.7 40C93.1 416 0 322.9 0 208S93.1 0 208 0S416 93.1 416 208zM208 352a144 144 0 1 0 0-288 144 144 0 1 0 0 288z"]},hH=pH,Mv={prefix:"fas",iconName:"chevron-down",icon:[512,512,[],"f078","M233.4 406.6c12.5 12.5 32.8 12.5 45.3 0l192-192c12.5-12.5 12.5-32.8 0-45.3s-32.8-12.5-45.3 0L256 338.7 86.6 169.4c-12.5-12.5-32.8-12.5-45.3 0s-12.5 32.8 0 45.3l192 192z"]},Hv={prefix:"fas",iconName:"arrow-up",icon:[384,512,[8593],"f062","M214.6 41.4c-12.5-12.5-32.8-12.5-45.3 0l-160 160c-12.5 12.5-12.5 32.8 0 45.3s32.8 12.5 45.3 0L160 141.2 160 448c0 17.7 14.3 32 32 32s32-14.3 32-32l0-306.7L329.4 246.6c12.5 12.5 32.8 12.5 45.3 0s12.5-32.8 0-45.3l-160-160z"]},_H={prefix:"fas",iconName:"chevron-right",icon:[320,512,[9002],"f054","M310.6 233.4c12.5 12.5 12.5 32.8 0 45.3l-192 192c-12.5 12.5-32.8 12.5-45.3 0s-12.5-32.8 0-45.3L242.7 256 73.4 86.6c-12.5-12.5-12.5-32.8 0-45.3s32.8-12.5 45.3 0l192 192z"]},mH={prefix:"fas",iconName:"check",icon:[448,512,[10003,10004],"f00c","M438.6 105.4c12.5 12.5 12.5 32.8 0 45.3l-256 256c-12.5 12.5-32.8 12.5-45.3 0l-128-128c-12.5-12.5-12.5-32.8 0-45.3s32.8-12.5 45.3 0L160 338.7 393.4 105.4c12.5-12.5 32.8-12.5 45.3 0z"]},EH={prefix:"fas",iconName:"triangle-exclamation",icon:[512,512,[9888,"exclamation-triangle","warning"],"f071","M256 32c14.2 0 27.3 7.5 34.5 19.8l216 368c7.3 12.4 7.3 27.7 .2 40.1S486.3 480 472 480L40 480c-14.3 0-27.6-7.7-34.7-20.1s-7-27.8 .2-40.1l216-368C228.7 39.5 241.8 32 256 32zm0 128c-13.3 0-24 10.7-24 24l0 112c0 13.3 10.7 24 24 24s24-10.7 24-24l0-112c0-13.3-10.7-24-24-24zm32 224a32 32 0 1 0 -64 0 32 32 0 1 0 64 0z"]},z1=EH,gH={prefix:"fas",iconName:"right-left",icon:[512,512,["exchange-alt"],"f362","M32 96l320 0 0-64c0-12.9 7.8-24.6 19.8-29.6s25.7-2.2 34.9 6.9l96 96c6 6 9.4 14.1 9.4 22.6s-3.4 16.6-9.4 22.6l-96 96c-9.2 9.2-22.9 11.9-34.9 6.9s-19.8-16.6-19.8-29.6l0-64L32 160c-17.7 0-32-14.3-32-32s14.3-32 32-32zM480 352c17.7 0 32 14.3 32 32s-14.3 32-32 32l-320 0 0 64c0 12.9-7.8 24.6-19.8 29.6s-25.7 2.2-34.9-6.9l-96-96c-6-6-9.4-14.1-9.4-22.6s3.4-16.6 9.4-22.6l96-96c9.2-9.2 22.9-11.9 34.9-6.9s19.8 16.6 19.8 29.6l0 64 320 0z"]},Wv=gH,Uv={prefix:"fas",iconName:"dollar-sign",icon:[320,512,[128178,61781,"dollar","usd"],"24","M160 0c17.7 0 32 14.3 32 32l0 35.7c1.6 .2 3.1 .4 4.7 .7c.4 .1 .7 .1 1.1 .2l48 8.8c17.4 3.2 28.9 19.9 25.7 37.2s-19.9 28.9-37.2 25.7l-47.5-8.7c-31.3-4.6-58.9-1.5-78.3 6.2s-27.2 18.3-29 28.1c-2 10.7-.5 16.7 1.2 20.4c1.8 3.9 5.5 8.3 12.8 13.2c16.3 10.7 41.3 17.7 73.7 26.3l2.9 .8c28.6 7.6 63.6 16.8 89.6 33.8c14.2 9.3 27.6 21.9 35.9 39.5c8.5 17.9 10.3 37.9 6.4 59.2c-6.9 38-33.1 63.4-65.6 76.7c-13.7 5.6-28.6 9.2-44.4 11l0 33.4c0 17.7-14.3 32-32 32s-32-14.3-32-32l0-34.9c-.4-.1-.9-.1-1.3-.2l-.2 0s0 0 0 0c-24.4-3.8-64.5-14.3-91.5-26.3c-16.1-7.2-23.4-26.1-16.2-42.2s26.1-23.4 42.2-16.2c20.9 9.3 55.3 18.5 75.2 21.6c31.9 4.7 58.2 2 76-5.3c16.9-6.9 24.6-16.9 26.8-28.9c1.9-10.6 .4-16.7-1.3-20.4c-1.9-4-5.6-8.4-13-13.3c-16.4-10.7-41.5-17.7-74-26.3l-2.8-.7s0 0 0 0C119.4 279.3 84.4 270 58.4 253c-14.2-9.3-27.5-22-35.8-39.6c-8.4-17.9-10.1-37.9-6.1-59.2C23.7 116 52.3 91.2 84.8 78.3c13.3-5.3 27.9-8.9 43.2-11L128 32c0-17.7 14.3-32 32-32z"]},TH={class:"copy position-absolute",style:{top:"0",right:"0"}},Qp=we({__name:"Copy",props:{content:{}},setup(t){const e=t,n=te(!1);function r(){const{toClipboard:i}=tH();i(e.content),n.value=!0,window.setTimeout(()=>{n.value=!1},2e3)}return(i,o)=>(N(),B("div",TH,[T("button",{name:"copyRawButton",class:kt(["btn btn-outline-secondary bg-light btn-sm m-2",n.value?"d-none":"d-block"]),onClick:r},[Tt(p(Te),{"fixed-width":"",icon:p(sH)},null,8,["icon"])],2),o[0]||(o[0]=g()),Ce((N(),B("button",{class:kt(["btn btn-outline-secondary bg-light btn-sm m-2",n.value?"d-block":"d-none"]),onClick:r},[Tt(p(Te),{"fixed-width":"",icon:p(mH),class:"text-success"},null,8,["icon"])],2)),[[p(xe),{placement:"left",arrow:!0,content:"copied"}]])]))}});var Be=(t=>(t[t.time=0]="time",t[t.rows=1]="rows",t[t.cost=2]="cost",t[t.buffers=3]="buffers",t[t.estimate_factor=4]="estimate_factor",t[t.io=5]="io",t))(Be||{}),ce=(t=>(t.shared="Shared",t.temp="Temp",t.local="Local",t))(ce||{});class Tr{static NONE="none";static DURATION="duration";static ROWS="rows";static COST="cost"}var Ti=(t=>(t.asc="asc",t.desc="desc",t))(Ti||{}),Ln=(t=>(t[t.over=1]="over",t[t.under=2]="under",t[t.none=3]="none",t))(Ln||{}),h=(t=>(t.NODE_TYPE="Node Type",t.ACTUAL_ROWS="Actual Rows",t.PLAN_ROWS="Plan Rows",t.PLAN_WIDTH="Plan Width",t.ROWS_REMOVED_BY_FILTER="Rows Removed by Filter",t.ROWS_REMOVED_BY_JOIN_FILTER="Rows Removed by Join Filter",t.ROWS_REMOVED_BY_INDEX_RECHECK="Rows Removed by Index Recheck",t.ACTUAL_STARTUP_TIME="Actual Startup Time",t.ACTUAL_TOTAL_TIME="Actual Total Time",t.ACTUAL_LOOPS="Actual Loops",t.STARTUP_COST="Startup Cost",t.TOTAL_COST="Total Cost",t.PLANS="Plans",t.RELATION_NAME="Relation Name",t.SCHEMA="Schema",t.ALIAS="Alias",t.GROUP_KEY="Group Key",t.SORT_KEY="Sort Key",t.SORT_METHOD="Sort Method",t.SORT_SPACE_TYPE="Sort Space Type",t.SORT_SPACE_USED="Sort Space Used",t.JOIN_TYPE="Join Type",t.INDEX_NAME="Index Name",t.HASH_CONDITION="Hash Cond",t.PARENT_RELATIONSHIP="Parent Relationship",t.SUBPLAN_NAME="Subplan Name",t.PARALLEL_AWARE="Parallel Aware",t.WORKERS="Workers",t.WORKERS_PLANNED="Workers Planned",t.WORKERS_LAUNCHED="Workers Launched",t.SHARED_HIT_BLOCKS="Shared Hit Blocks",t.SHARED_READ_BLOCKS="Shared Read Blocks",t.SHARED_DIRTIED_BLOCKS="Shared Dirtied Blocks",t.SHARED_WRITTEN_BLOCKS="Shared Written Blocks",t.TEMP_READ_BLOCKS="Temp Read Blocks",t.TEMP_WRITTEN_BLOCKS="Temp Written Blocks",t.LOCAL_HIT_BLOCKS="Local Hit Blocks",t.LOCAL_READ_BLOCKS="Local Read Blocks",t.LOCAL_DIRTIED_BLOCKS="Local Dirtied Blocks",t.LOCAL_WRITTEN_BLOCKS="Local Written Blocks",t.IO_READ_TIME="I/O Read Time",t.IO_WRITE_TIME="I/O Write Time",t.SHARED_IO_READ_TIME="Shared I/O Read Time",t.SHARED_IO_WRITE_TIME="Shared I/O Write Time",t.LOCAL_IO_READ_TIME="Local I/O Read Time",t.LOCAL_IO_WRITE_TIME="Local I/O Write Time",t.TEMP_IO_READ_TIME="Temp I/O Read Time",t.TEMP_IO_WRITE_TIME="Temp I/O Write Time",t.OUTPUT="Output",t.HEAP_FETCHES="Heap Fetches",t.WAL_RECORDS="WAL Records",t.WAL_BYTES="WAL Bytes",t.WAL_FPI="WAL FPI",t.FULL_SORT_GROUPS="Full-sort Groups",t.PRE_SORTED_GROUPS="Pre-sorted Groups",t.PRESORTED_KEY="Presorted Key",t.FILTER="Filter",t.STRATEGY="Strategy",t.PARTIAL_MODE="Partial Mode",t.OPERATION="Operation",t.RECHECK_COND="Recheck Cond",t.NODE_ID="nodeId",t.EXCLUSIVE_DURATION="*Duration (exclusive)",t.EXCLUSIVE_COST="*Cost (exclusive)",t.ACTUAL_ROWS_REVISED="*Actual Rows Revised",t.ACTUAL_ROWS_FRACTIONAL="*Actual Rows Is Fractional",t.PLAN_ROWS_REVISED="*Plan Rows Revised",t.ROWS_REMOVED_BY_FILTER_REVISED="*Rows Removed by Filter",t.ROWS_REMOVED_BY_JOIN_FILTER_REVISED="*Rows Removed by Join Filter",t.ROWS_REMOVED_BY_INDEX_RECHECK_REVISED="*Rows Removed by Index Recheck",t.PLANNER_ESTIMATE_FACTOR="*Planner Row Estimate Factor",t.PLANNER_ESTIMATE_DIRECTION="*Planner Row Estimate Direction",t.EXCLUSIVE_SHARED_HIT_BLOCKS="*Shared Hit Blocks (exclusive)",t.EXCLUSIVE_SHARED_READ_BLOCKS="*Shared Read Blocks (exclusive)",t.EXCLUSIVE_SHARED_DIRTIED_BLOCKS="*Shared Dirtied Blocks (exclusive)",t.EXCLUSIVE_SHARED_WRITTEN_BLOCKS="*Shared Written Blocks (exclusive)",t.EXCLUSIVE_TEMP_READ_BLOCKS="*Temp Read Blocks (exclusive)",t.EXCLUSIVE_TEMP_WRITTEN_BLOCKS="*Temp Written Blocks (exclusive)",t.EXCLUSIVE_LOCAL_HIT_BLOCKS="*Local Hit Blocks (exclusive)",t.EXCLUSIVE_LOCAL_READ_BLOCKS="*Local Read Blocks (exclusive)",t.EXCLUSIVE_LOCAL_DIRTIED_BLOCKS="*Local Dirtied Blocks (exclusive)",t.EXCLUSIVE_LOCAL_WRITTEN_BLOCKS="*Local Written Blocks (exclusive)",t.AVERAGE_IO_READ_SPEED="*I/O Read Speed",t.AVERAGE_IO_WRITE_SPEED="*I/O Write Speed",t.AVERAGE_SHARED_IO_READ_SPEED="*Shared I/O Read Speed",t.AVERAGE_SHARED_IO_WRITE_SPEED="*Shared I/O Write Speed",t.AVERAGE_LOCAL_IO_READ_SPEED="*Local I/O Read Speed",t.AVERAGE_LOCAL_IO_WRITE_SPEED="*Local I/O Write Speed",t.AVERAGE_TEMP_IO_READ_SPEED="*Temp I/O Read Speed",t.AVERAGE_TEMP_IO_WRITE_SPEED="*Temp I/O Write Speed",t.EXCLUSIVE_IO_READ_TIME="*I/O Read Time (exclusive)",t.EXCLUSIVE_IO_WRITE_TIME="*I/O Write Time (exclusive)",t.EXCLUSIVE_AVERAGE_IO_READ_SPEED="*I/O Read Speed (exclusive)",t.EXCLUSIVE_AVERAGE_IO_WRITE_SPEED="*I/O Write Speed (exclusive)",t.EXCLUSIVE_SHARED_IO_READ_TIME="*Shared I/O Read Time (exclusive)",t.EXCLUSIVE_SHARED_IO_WRITE_TIME="*Shared I/O Write Time (exclusive)",t.EXCLUSIVE_AVERAGE_SHARED_IO_READ_SPEED="*Shared I/O Read Speed (exclusive)",t.EXCLUSIVE_AVERAGE_SHARED_IO_WRITE_SPEED="*Shared I/O Write Speed (exclusive)",t.EXCLUSIVE_LOCAL_IO_READ_TIME="*Local I/O Read Time (exclusive)",t.EXCLUSIVE_LOCAL_IO_WRITE_TIME="*Local I/O Write Time (exclusive)",t.EXCLUSIVE_AVERAGE_LOCAL_IO_READ_SPEED="*Local I/O Read Speed (exclusive)",t.EXCLUSIVE_AVERAGE_LOCAL_IO_WRITE_SPEED="*Local I/O Write Speed (exclusive)",t.EXCLUSIVE_TEMP_IO_READ_TIME="*Temp I/O Read Time (exclusive)",t.EXCLUSIVE_TEMP_IO_WRITE_TIME="*Temp I/O Write Time (exclusive)",t.EXCLUSIVE_AVERAGE_TEMP_IO_READ_SPEED="*Temp I/O Read Speed (exclusive)",t.EXCLUSIVE_AVERAGE_TEMP_IO_WRITE_SPEED="*Temp I/O Write Speed (exclusive)",t.SUM_IO_READ_TIME="*I/O Read Time (all scopes)",t.SUM_IO_WRITE_TIME="*I/O Write Time (all scopes)",t.AVERAGE_SUM_IO_READ_SPEED="*I/O Read Time speed (all scopes)",t.AVERAGE_SUM_IO_WRITE_SPEED="*I/O Write Time speed (all scopes)",t.EXCLUSIVE_SUM_IO_READ_TIME="*I/O Read Time (exclusive, all scopes)",t.EXCLUSIVE_SUM_IO_WRITE_TIME="*I/O Write Time (exclusive, all scopes)",t.EXCLUSIVE_AVERAGE_SUM_IO_READ_SPEED="*I/O Read Time speed (exclusive, all scopes)",t.EXCLUSIVE_AVERAGE_SUM_IO_WRITE_SPEED="*I/O Write Time speed (exclusive, all scopes)",t.WORKERS_PLANNED_BY_GATHER="*Workers Planned By Gather",t.WORKERS_LAUNCHED_BY_GATHER="*Workers Launched By Gather",t.CTE_SCAN="CTE Scan",t.CTE_NAME="CTE Name",t.FUNCTION_NAME="Function Name",t.ARRAY_INDEX_KEY="arrayIndex",t.PEV_PLAN_TAG="plan_",t.JIT="JIT",t))(h||{}),xn=(t=>(t[t.blocks=0]="blocks",t[t.boolean=1]="boolean",t[t.bytes=2]="bytes",t[t.cost=3]="cost",t[t.duration=4]="duration",t[t.estimateDirection=5]="estimateDirection",t[t.factor=6]="factor",t[t.increment=7]="increment",t[t.json=8]="json",t[t.kilobytes=9]="kilobytes",t[t.list=10]="list",t[t.loops=11]="loops",t[t.rows=12]="rows",t[t.sortGroups=13]="sortGroups",t[t.transferRate=14]="transferRate",t[t.jit=15]="jit",t))(xn||{});const Ot={};Ot["Actual Rows"]=12;Ot["Actual Loops"]=11;Ot["Plan Rows"]=12;Ot["Plan Width"]=2;Ot["*Actual Rows Revised"]=12;Ot["*Actual Rows Is Fractional"]=1;Ot["*Plan Rows Revised"]=12;Ot["Actual Total Time"]=4;Ot["Actual Startup Time"]=4;Ot["Startup Cost"]=3;Ot["Total Cost"]=3;Ot["Parallel Aware"]=1;Ot.Workers=8;Ot["Sort Space Used"]=9;Ot["Rows Removed by Filter"]=12;Ot["Rows Removed by Join Filter"]=12;Ot["*Rows Removed by Filter"]=12;Ot["*Rows Removed by Join Filter"]=12;Ot["Rows Removed by Index Recheck"]=12;Ot["*Rows Removed by Index Recheck"]=12;Ot["Heap Fetches"]=12;Ot.Output=10;Ot["Sort Key"]=10;Ot["Presorted Key"]=10;Ot["WAL Records"]=12;Ot["WAL Bytes"]=2;Ot["WAL FPI"]=12;Ot["*Duration (exclusive)"]=4;Ot["*Cost (exclusive)"]=3;Ot["*Planner Row Estimate Factor"]=6;Ot["*Planner Row Estimate Direction"]=5;Ot["I/O Read Time"]=4;Ot["I/O Write Time"]=4;Ot["*I/O Read Time (all scopes)"]=4;Ot["*I/O Write Time (all scopes)"]=4;Ot["*I/O Read Time speed (all scopes)"]=14;Ot["*I/O Write Time speed (all scopes)"]=14;Ot["I/O Read Time"]=4;Ot["I/O Write Time"]=4;Ot["*I/O Read Speed"]=14;Ot["*I/O Write Speed"]=14;Ot["Shared I/O Read Time"]=4;Ot["Shared I/O Write Time"]=4;Ot["*Shared I/O Read Speed"]=14;Ot["*Shared I/O Write Speed"]=14;Ot["Local I/O Read Time"]=4;Ot["Local I/O Write Time"]=4;Ot["*Local I/O Read Speed"]=14;Ot["*Local I/O Write Speed"]=14;Ot["Temp I/O Read Time"]=4;Ot["Temp I/O Write Time"]=4;Ot["*Temp I/O Read Speed"]=14;Ot["*Temp I/O Write Speed"]=14;Ot["*I/O Read Time (exclusive)"]=4;Ot["*I/O Write Time (exclusive)"]=4;Ot["*I/O Read Speed (exclusive)"]=14;Ot["*I/O Write Speed (exclusive)"]=14;Ot["*Shared I/O Read Time (exclusive)"]=4;Ot["*Shared I/O Write Time (exclusive)"]=4;Ot["*Shared I/O Read Speed (exclusive)"]=14;Ot["*Shared I/O Write Speed (exclusive)"]=14;Ot["*Local I/O Read Time (exclusive)"]=4;Ot["*Local I/O Write Time (exclusive)"]=4;Ot["*Local I/O Read Speed (exclusive)"]=14;Ot["*Local I/O Write Speed (exclusive)"]=14;Ot["*Temp I/O Read Time (exclusive)"]=4;Ot["*Temp I/O Write Time (exclusive)"]=4;Ot["*Temp I/O Read Speed (exclusive)"]=14;Ot["*Temp I/O Write Speed (exclusive)"]=14;Ot["*Shared Hit Blocks (exclusive)"]=0;Ot["*Shared Read Blocks (exclusive)"]=0;Ot["*Shared Dirtied Blocks (exclusive)"]=0;Ot["*Shared Written Blocks (exclusive)"]=0;Ot["*Temp Read Blocks (exclusive)"]=0;Ot["*Temp Written Blocks (exclusive)"]=0;Ot["*Local Hit Blocks (exclusive)"]=0;Ot["*Local Read Blocks (exclusive)"]=0;Ot["*Local Dirtied Blocks (exclusive)"]=0;Ot["*Local Written Blocks (exclusive)"]=0;Ot["Full-sort Groups"]=13;Ot["Pre-sorted Groups"]=13;Ot.JIT=15;class zd{static WORKER_NUMBER="Worker Number"}Ot[zd.WORKER_NUMBER]=7;var Mu=(t=>(t.GROUP_COUNT="Group Count",t.SORT_METHODS_USED="Sort Methods Used",t.SORT_SPACE_MEMORY="Sort Space Memory",t))(Mu||{}),Xh=(t=>(t.AVERAGE_SORT_SPACE_USED="Average Sort Space Used",t.PEAK_SORT_SPACE_USED="Peak Sort Space Used",t))(Xh||{}),Hu=(t=>(t.SHARED="shared",t.LOCAL="local",t.TEMP="temp",t))(Hu||{});class Pa{nodeId=0;getNodeTypeDescription(e){return SH[e.toUpperCase()]}getHelpMessage(e){return AH[e.toUpperCase()]}}const SH={LIMIT:"returns a specified number of rows from a record set.",SORT:"sorts a record set based on the specified sort key.","NESTED LOOP":`merges two record sets by looping through every record in the first set and
   trying to find a match in the second set. All matching records are returned.`,"MERGE JOIN":"merges two record sets by first sorting them on a <strong>join key</strong>.",HASH:`generates a hash table from the records in the input recordset. Hash is used by
   <strong>Hash Join</strong>.`,"HASH JOIN":"joins two record sets by hashing one of them (using a <strong>Hash Scan</strong>).",AGGREGATE:"groups records together based on a GROUP BY or aggregate function (like <code>sum()</code>).",HASHAGGREGATE:`groups records together based on a GROUP BY or aggregate function (like sum()). Hash Aggregate uses
   a hash to first organize the records by a key.`,"SEQ SCAN":`finds relevant records by sequentially scanning the input record set. When reading from a table,
   Seq Scans (unlike Index Scans) perform a single read operation (only the table is read).`,"INDEX SCAN":`finds relevant records based on an <strong>Index</strong>.
    Index Scans perform 2 read operations: one to
    read the index and another to read the actual value from the table.`,"INDEX ONLY SCAN":`finds relevant records based on an <strong>Index</strong>.
    Index Only Scans perform a single read operation
    from the index and do not read from the corresponding table.`,"BITMAP HEAP SCAN":`searches through the pages returned by the <strong>Bitmap Index Scan</strong>
    for relevant rows.`,"BITMAP INDEX SCAN":`uses a <strong>Bitmap Index</strong> (index which uses 1 bit per page)
    to find all relevant pages.
    Results of this node are fed to the <strong>Bitmap Heap Scan</strong>.`,"CTE SCAN":`performs a sequential scan of <strong>Common Table Expression (CTE) query</strong> results. Note that
    results of a CTE are materialized (calculated and temporarily stored).`,MEMOIZE:"is used to cache the results of the inner side of a nested loop. It avoids executing underlying nodes when the results for the current parameters are already in the cache.",GATHER:"reads the results of the parallel workers, in an undefined order.","GATHER MERGE":"reads the results of the parallel workers, preserving any ordering."},AH={"MISSING EXECUTION TIME":`Execution time (or Total runtime) not available for this plan. Make sure you
    use EXPLAIN ANALYZE.`,"MISSING PLANNING TIME":"Planning time not available for this plan.","WORKERS PLANNED NOT LAUNCHED":`Less workers than planned were launched.
Consider modifying max_parallel_workers or max_parallel_workers_per_gather.`,"WORKERS DETAILED INFO MISSING":"Consider using EXPLAIN (ANALYZE, VERBOSE)","FUZZY NEEDS VERBOSE":"Information may not be accurate. Use EXPLAIN VERBOSE mode.","HINT TRACK_IO_TIMING":"HINT: activate <em><b>track_io_timing</b></em> to have details on time spent outside the PG cache.","IO TIMINGS PARALLEL":"Distributed among parallel workers"};function vH(t,e,n,r){if(!e)return;const i=t.getBoundingClientRect(),o=e.getBoundingClientRect();let l=t.scrollLeft;const c=o.left>=i.left&&o.left<=i.right&&o.right<=i.right;let u=t.scrollTop;const _=o.top>=i.top&&o.top<=i.bottom&&o.bottom<=i.bottom;(!c||!_)&&(l=o.left+t.scrollLeft-i.left-i.width/2+o.width/2,u=o.top+t.scrollTop-i.top-i.height/2+o.height/2,RH({element:t,to:{scrollTop:u,scrollLeft:l},duration:400,done:r}))}const G1=({currentTime:t,start:e,change:n,duration:r})=>{let i=t;return i/=r/2,i<1?n/2*i*i+e:(i-=1,-n/2*(i*(i-2)-1)+e)};function RH({duration:t,element:e,to:n,done:r}){const i=e.scrollTop,o=e.scrollLeft,l=n.scrollTop-i,c=n.scrollLeft-o,u=new Date().getTime(),_=()=>{const E=new Date().getTime()-u;e.scrollTop=G1({currentTime:E,start:i,change:l,duration:t}),e.scrollLeft=G1({currentTime:E,start:o,change:c,duration:t}),E<t?requestAnimationFrame(_):(e.scrollTop=n.scrollTop,e.scrollLeft=n.scrollLeft)};_()}function X1(t,e){const n="([\\s\\S]*?)(e)?(?:(o)|(c)|(t)|(sp)|$)".replace("sp",e).replace("o","[\\(\\{\\[]").replace("c","[\\)\\}\\]]").replace("t",`['"]`).replace("e","[\\\\]"),r=new RegExp(n,"gi"),i=[];let o=[];const l=[];return t.replace(r,(c,u,_,f,E,A,b)=>{if(_)return o.push(u,b||f||E||A),"";if(f)i.push(f);else if(E)i.pop();else if(A)i[i.length-1]!==A?i.push(A):i.pop();else if(b?!i.length:!u)return o.push(u),l.push(o.join("")),o=[],"";return o.push(c),""}),l}function OH(t,e){let n;const r=t.content.Plan;return r.nodeId==e?r:(r&&r.Plans&&(r.Plans.some(function i(o){return o.nodeId===e?(n=o,!0):o.Plans&&o.Plans.some(i)}),!n&&t.ctes&&F.each(t.ctes,i=>{if(i.nodeId==e)return n=i,!1;if(i.Plans&&(i.Plans.some(function o(l){return l.nodeId===e?(n=l,!0):l.Plans&&l.Plans.some(o)}),n))return!1})),n)}function LH(t,e){let n;return t.ctes&&F.each(t.ctes,r=>{if(r[h.SUBPLAN_NAME]=="CTE "+e)return n=r,!1}),n}const bH=[h.NODE_TYPE,h.CTE_NAME,h.EXCLUSIVE_DURATION,h.EXCLUSIVE_COST,h.TOTAL_COST,h.PLAN_ROWS,h.ACTUAL_ROWS,h.ACTUAL_LOOPS,h.OUTPUT,h.WORKERS,h.WORKERS_PLANNED,h.WORKERS_LAUNCHED,h.EXCLUSIVE_SHARED_HIT_BLOCKS,h.EXCLUSIVE_SHARED_READ_BLOCKS,h.EXCLUSIVE_SHARED_DIRTIED_BLOCKS,h.EXCLUSIVE_SHARED_WRITTEN_BLOCKS,h.EXCLUSIVE_TEMP_READ_BLOCKS,h.EXCLUSIVE_TEMP_WRITTEN_BLOCKS,h.EXCLUSIVE_LOCAL_HIT_BLOCKS,h.EXCLUSIVE_LOCAL_READ_BLOCKS,h.EXCLUSIVE_LOCAL_DIRTIED_BLOCKS,h.EXCLUSIVE_LOCAL_WRITTEN_BLOCKS,h.SHARED_HIT_BLOCKS,h.SHARED_READ_BLOCKS,h.SHARED_DIRTIED_BLOCKS,h.SHARED_WRITTEN_BLOCKS,h.TEMP_READ_BLOCKS,h.TEMP_WRITTEN_BLOCKS,h.LOCAL_HIT_BLOCKS,h.LOCAL_READ_BLOCKS,h.LOCAL_DIRTIED_BLOCKS,h.LOCAL_WRITTEN_BLOCKS,h.PLANNER_ESTIMATE_FACTOR,h.PLANNER_ESTIMATE_DIRECTION,h.SUBPLAN_NAME,h.GROUP_KEY,h.HASH_CONDITION,h.JOIN_TYPE,h.INDEX_NAME,h.HASH_CONDITION,h.EXCLUSIVE_IO_READ_TIME,h.EXCLUSIVE_IO_WRITE_TIME,h.EXCLUSIVE_SHARED_IO_READ_TIME,h.EXCLUSIVE_SHARED_IO_WRITE_TIME,h.EXCLUSIVE_LOCAL_IO_READ_TIME,h.EXCLUSIVE_LOCAL_IO_WRITE_TIME,h.EXCLUSIVE_TEMP_IO_READ_TIME,h.EXCLUSIVE_TEMP_IO_WRITE_TIME,h.EXCLUSIVE_AVERAGE_IO_READ_SPEED,h.EXCLUSIVE_AVERAGE_IO_WRITE_SPEED,h.EXCLUSIVE_AVERAGE_SHARED_IO_READ_SPEED,h.EXCLUSIVE_AVERAGE_SHARED_IO_WRITE_SPEED,h.EXCLUSIVE_AVERAGE_LOCAL_IO_READ_SPEED,h.EXCLUSIVE_AVERAGE_LOCAL_IO_WRITE_SPEED,h.EXCLUSIVE_AVERAGE_TEMP_IO_READ_SPEED,h.EXCLUSIVE_AVERAGE_TEMP_IO_WRITE_SPEED,h.EXCLUSIVE_AVERAGE_IO_READ_SPEED,h.EXCLUSIVE_AVERAGE_IO_WRITE_SPEED,h.EXCLUSIVE_SUM_IO_READ_TIME,h.EXCLUSIVE_SUM_IO_WRITE_TIME,h.EXCLUSIVE_AVERAGE_SUM_IO_READ_SPEED,h.EXCLUSIVE_AVERAGE_SUM_IO_WRITE_SPEED,h.AVERAGE_IO_READ_SPEED,h.AVERAGE_IO_WRITE_SPEED,h.AVERAGE_SHARED_IO_READ_SPEED,h.AVERAGE_SHARED_IO_WRITE_SPEED,h.AVERAGE_LOCAL_IO_READ_SPEED,h.AVERAGE_LOCAL_IO_WRITE_SPEED,h.AVERAGE_TEMP_IO_READ_SPEED,h.AVERAGE_TEMP_IO_WRITE_SPEED,h.IO_READ_TIME,h.IO_WRITE_TIME,h.SHARED_IO_READ_TIME,h.SHARED_IO_WRITE_TIME,h.LOCAL_IO_READ_TIME,h.LOCAL_IO_WRITE_TIME,h.TEMP_IO_READ_TIME,h.TEMP_IO_WRITE_TIME,h.SUM_IO_READ_TIME,h.SUM_IO_WRITE_TIME,h.AVERAGE_SUM_IO_READ_SPEED,h.AVERAGE_SUM_IO_WRITE_SPEED,h.HEAP_FETCHES,h.WAL_RECORDS,h.WAL_BYTES,h.WAL_FPI,h.NODE_ID,h.ROWS_REMOVED_BY_FILTER,h.ROWS_REMOVED_BY_JOIN_FILTER,h.ROWS_REMOVED_BY_INDEX_RECHECK,h.ACTUAL_ROWS_REVISED,h.PLAN_ROWS_REVISED,h.ROWS_REMOVED_BY_FILTER_REVISED,h.ROWS_REMOVED_BY_JOIN_FILTER_REVISED,h.ROWS_REMOVED_BY_INDEX_RECHECK_REVISED,"size",h.RELATION_NAME,h.ALIAS,h.FUNCTION_NAME,h.STRATEGY,h.PARTIAL_MODE];function $v(t,e){return(!!e||Ot[t]===xn.increment||t===h.ACTUAL_ROWS)&&bH.indexOf(t)===-1}const yH={class:"tree-lines"},Gd=we({__name:"LevelDivider",props:{level:{},isSubplan:{type:Boolean},isNode:{type:Boolean},isLastChild:{type:Boolean},branches:{},index:{},dense:{type:Boolean,default:!1}},setup(t){const n=t.dense?"":" ";return(r,i)=>(N(),B("span",yH,[(N(!0),B(Ft,null,Je(p(F).range(r.level),o=>(N(),B(Ft,null,[p(F).indexOf(r.branches,o)!=-1?(N(),B(Ft,{key:0},[g(ut(p(n))+"│",1)],64)):o!==0?(N(),B(Ft,{key:1},[g(ut(p(n))+" ",1)],64)):Z("",!0)],64))),256)),r.index!==0?(N(),B(Ft,{key:0},[r.isSubplan&&r.isNode?(N(),B(Ft,{key:1},[r.isLastChild?(N(),B(Ft,{key:1},[g(ut(p(n))+" ",1)],64)):(N(),B(Ft,{key:0},[g(ut(p(n))+"│",1)],64))],64)):(N(),B(Ft,{key:0},[g(ut(p(n))+ut(r.isLastChild?"└":"├"),1)],64))],64)):Z("",!0)]))}}),CH={class:"table-borderless"},IH={class:"text-nowrap p-0"},NH={class:"p-0 ps-1"},xH={class:"table-borderless"},wH={class:"p-0 ps-1"},kH=we({__name:"SortGroup",props:{sortGroup:{}},setup(t){return(e,n)=>(N(),B("div",null,[g(`
    Count: `+ut(e.sortGroup["Group Count"])+" ",1),n[6]||(n[6]=T("br",null,null,-1)),n[7]||(n[7]=g()),T("table",CH,[T("tbody",null,[T("tr",null,[T("td",IH,[n[0]||(n[0]=g(`
            Sort Method`)),e.sortGroup["Sort Methods Used"].length>1?(N(),B(Ft,{key:0},[g("s")],64)):Z("",!0),n[1]||(n[1]=g(`:
          `))]),n[2]||(n[2]=g()),T("td",NH,ut(p(Gi)(e.sortGroup["Sort Methods Used"])),1)])])]),n[8]||(n[8]=g()),T("table",xH,[T("tbody",null,[T("tr",null,[n[4]||(n[4]=T("td",{class:"p-0"},"Memory:",-1)),n[5]||(n[5]=g()),T("td",wH,[g(`
            Average:
            `+ut(p(Kh)(e.sortGroup["Sort Space Memory"]["Average Sort Space Used"]))+" ",1),n[3]||(n[3]=T("br",null,null,-1)),g(`
            Peak:
            `+ut(p(Kh)(e.sortGroup["Sort Space Memory"]["Peak Sort Space Used"])),1)])])])])]))}}),BH={class:"table table-sm table-borderless"},DH={class:"text-end"},PH={class:"text-end"},MH={class:"text-end"},Fv=we({__name:"JitDetails",props:{jit:{}},setup(t){const e=t;return(n,r)=>(N(),B("table",BH,[T("tbody",null,[T("tr",null,[r[0]||(r[0]=T("th",null,"Functions",-1)),r[1]||(r[1]=g()),T("td",DH,ut(e.jit.Functions),1)]),r[4]||(r[4]=g()),r[5]||(r[5]=T("tr",null,[T("th",{colspan:"2"},"Options")],-1)),r[6]||(r[6]=g()),(N(!0),B(Ft,null,Je(e.jit.Options,(i,o)=>(N(),B("tr",{key:o},[T("td",null,"  "+ut(o),1),r[2]||(r[2]=g()),T("td",PH,[g(ut(i?"✓":"✗")+" ",1),T("small",null,"("+ut(i)+")",1)])]))),128)),r[7]||(r[7]=g()),r[8]||(r[8]=T("tr",null,[T("th",{colspan:"2"},"Timing")],-1)),r[9]||(r[9]=g()),(N(!0),B(Ft,null,Je(e.jit.Timing,(i,o)=>(N(),B("tr",{key:o},[T("td",null,"  "+ut(o),1),r[3]||(r[3]=g()),T("td",MH,ut(i)+" ms",1)]))),128))])]))}});var Zp,K1;function HH(){if(K1)return Zp;K1=1;function t($){return $ instanceof Map?$.clear=$.delete=$.set=function(){throw new Error("map is read-only")}:$ instanceof Set&&($.add=$.clear=$.delete=function(){throw new Error("set is read-only")}),Object.freeze($),Object.getOwnPropertyNames($).forEach(pt=>{const Dt=$[pt],ae=typeof Dt;(ae==="object"||ae==="function")&&!Object.isFrozen(Dt)&&t(Dt)}),$}class e{constructor(pt){pt.data===void 0&&(pt.data={}),this.data=pt.data,this.isMatchIgnored=!1}ignoreMatch(){this.isMatchIgnored=!0}}function n($){return $.replace(/&/g,"&amp;").replace(/</g,"&lt;").replace(/>/g,"&gt;").replace(/"/g,"&quot;").replace(/'/g,"&#x27;")}function r($,...pt){const Dt=Object.create(null);for(const ae in $)Dt[ae]=$[ae];return pt.forEach(function(ae){for(const Ge in ae)Dt[Ge]=ae[Ge]}),Dt}const i="</span>",o=$=>!!$.scope,l=($,{prefix:pt})=>{if($.startsWith("language:"))return $.replace("language:","language-");if($.includes(".")){const Dt=$.split(".");return[`${pt}${Dt.shift()}`,...Dt.map((ae,Ge)=>`${ae}${"_".repeat(Ge+1)}`)].join(" ")}return`${pt}${$}`};class c{constructor(pt,Dt){this.buffer="",this.classPrefix=Dt.classPrefix,pt.walk(this)}addText(pt){this.buffer+=n(pt)}openNode(pt){if(!o(pt))return;const Dt=l(pt.scope,{prefix:this.classPrefix});this.span(Dt)}closeNode(pt){o(pt)&&(this.buffer+=i)}value(){return this.buffer}span(pt){this.buffer+=`<span class="${pt}">`}}const u=($={})=>{const pt={children:[]};return Object.assign(pt,$),pt};class _{constructor(){this.rootNode=u(),this.stack=[this.rootNode]}get top(){return this.stack[this.stack.length-1]}get root(){return this.rootNode}add(pt){this.top.children.push(pt)}openNode(pt){const Dt=u({scope:pt});this.add(Dt),this.stack.push(Dt)}closeNode(){if(this.stack.length>1)return this.stack.pop()}closeAllNodes(){for(;this.closeNode(););}toJSON(){return JSON.stringify(this.rootNode,null,4)}walk(pt){return this.constructor._walk(pt,this.rootNode)}static _walk(pt,Dt){return typeof Dt=="string"?pt.addText(Dt):Dt.children&&(pt.openNode(Dt),Dt.children.forEach(ae=>this._walk(pt,ae)),pt.closeNode(Dt)),pt}static _collapse(pt){typeof pt!="string"&&pt.children&&(pt.children.every(Dt=>typeof Dt=="string")?pt.children=[pt.children.join("")]:pt.children.forEach(Dt=>{_._collapse(Dt)}))}}class f extends _{constructor(pt){super(),this.options=pt}addText(pt){pt!==""&&this.add(pt)}startScope(pt){this.openNode(pt)}endScope(){this.closeNode()}__addSublanguage(pt,Dt){const ae=pt.root;Dt&&(ae.scope=`language:${Dt}`),this.add(ae)}toHTML(){return new c(this,this.options).value()}finalize(){return this.closeAllNodes(),!0}}function E($){return $?typeof $=="string"?$:$.source:null}function A($){return S("(?=",$,")")}function b($){return S("(?:",$,")*")}function k($){return S("(?:",$,")?")}function S(...$){return $.map(Dt=>E(Dt)).join("")}function O($){const pt=$[$.length-1];return typeof pt=="object"&&pt.constructor===Object?($.splice($.length-1,1),pt):{}}function R(...$){return"("+(O($).capture?"":"?:")+$.map(ae=>E(ae)).join("|")+")"}function x($){return new RegExp($.toString()+"|").exec("").length-1}function Y($,pt){const Dt=$&&$.exec(pt);return Dt&&Dt.index===0}const y=/\[(?:[^\\\]]|\\.)*\]|\(\??|\\([1-9][0-9]*)|\\./;function K($,{joinWith:pt}){let Dt=0;return $.map(ae=>{Dt+=1;const Ge=Dt;let $e=E(ae),Yt="";for(;$e.length>0;){const Vt=y.exec($e);if(!Vt){Yt+=$e;break}Yt+=$e.substring(0,Vt.index),$e=$e.substring(Vt.index+Vt[0].length),Vt[0][0]==="\\"&&Vt[1]?Yt+="\\"+String(Number(Vt[1])+Ge):(Yt+=Vt[0],Vt[0]==="("&&Dt++)}return Yt}).map(ae=>`(${ae})`).join(pt)}const P=/\b\B/,X="[a-zA-Z]\\w*",ot="[a-zA-Z_]\\w*",xt="\\b\\d+(\\.\\d+)?",Pt="(-?)(\\b0[xX][a-fA-F0-9]+|(\\b\\d+(\\.\\d*)?|\\.\\d+)([eE][-+]?\\d+)?)",vt="\\b(0b[01]+)",et="!|!=|!==|%|%=|&|&&|&=|\\*|\\*=|\\+|\\+=|,|-|-=|/=|/|:|;|<<|<<=|<=|<|===|==|=|>>>=|>>=|>=|>>>|>>|>|\\?|\\[|\\{|\\(|\\^|\\^=|\\||\\|=|\\|\\||~",M=($={})=>{const pt=/^#![ ]*\//;return $.binary&&($.begin=S(pt,/.*\b/,$.binary,/\b.*/)),r({scope:"meta",begin:pt,end:/$/,relevance:0,"on:begin":(Dt,ae)=>{Dt.index!==0&&ae.ignoreMatch()}},$)},G={begin:"\\\\[\\s\\S]",relevance:0},Rt={scope:"string",begin:"'",end:"'",illegal:"\\n",contains:[G]},U={scope:"string",begin:'"',end:'"',illegal:"\\n",contains:[G]},w={begin:/\b(a|an|the|are|I'm|isn't|don't|doesn't|won't|but|just|should|pretty|simply|enough|gonna|going|wtf|so|such|will|you|your|they|like|more)\b/},ct=function($,pt,Dt={}){const ae=r({scope:"comment",begin:$,end:pt,contains:[]},Dt);ae.contains.push({scope:"doctag",begin:"[ ]*(?=(TODO|FIXME|NOTE|BUG|OPTIMIZE|HACK|XXX):)",end:/(TODO|FIXME|NOTE|BUG|OPTIMIZE|HACK|XXX):/,excludeBegin:!0,relevance:0});const Ge=R("I","a","is","so","us","to","at","if","in","it","on",/[A-Za-z]+['](d|ve|re|ll|t|s|n)/,/[A-Za-z]+[-][a-z]+/,/[A-Za-z][a-z]{2,}/);return ae.contains.push({begin:S(/[ ]+/,"(",Ge,/[.]?[:]?([.][ ]|[ ])/,"){3}")}),ae},St=ct("//","$"),yt=ct("/\\*","\\*/"),dt=ct("#","$"),j={scope:"number",begin:xt,relevance:0},D={scope:"number",begin:Pt,relevance:0},L={scope:"number",begin:vt,relevance:0},J={scope:"regexp",begin:/\/(?=[^/\n]*\/)/,end:/\/[gimuy]*/,contains:[G,{begin:/\[/,end:/\]/,relevance:0,contains:[G]}]},at={scope:"title",begin:X,relevance:0},Ct={scope:"title",begin:ot,relevance:0},Xt={begin:"\\.\\s*"+ot,relevance:0};var Qe=Object.freeze({__proto__:null,APOS_STRING_MODE:Rt,BACKSLASH_ESCAPE:G,BINARY_NUMBER_MODE:L,BINARY_NUMBER_RE:vt,COMMENT:ct,C_BLOCK_COMMENT_MODE:yt,C_LINE_COMMENT_MODE:St,C_NUMBER_MODE:D,C_NUMBER_RE:Pt,END_SAME_AS_BEGIN:function($){return Object.assign($,{"on:begin":(pt,Dt)=>{Dt.data._beginMatch=pt[1]},"on:end":(pt,Dt)=>{Dt.data._beginMatch!==pt[1]&&Dt.ignoreMatch()}})},HASH_COMMENT_MODE:dt,IDENT_RE:X,MATCH_NOTHING_RE:P,METHOD_GUARD:Xt,NUMBER_MODE:j,NUMBER_RE:xt,PHRASAL_WORDS_MODE:w,QUOTE_STRING_MODE:U,REGEXP_MODE:J,RE_STARTERS_RE:et,SHEBANG:M,TITLE_MODE:at,UNDERSCORE_IDENT_RE:ot,UNDERSCORE_TITLE_MODE:Ct});function _n($,pt){$.input[$.index-1]==="."&&pt.ignoreMatch()}function W($,pt){$.className!==void 0&&($.scope=$.className,delete $.className)}function z($,pt){pt&&$.beginKeywords&&($.begin="\\b("+$.beginKeywords.split(" ").join("|")+")(?!\\.)(?=\\b|\\s)",$.__beforeBegin=_n,$.keywords=$.keywords||$.beginKeywords,delete $.beginKeywords,$.relevance===void 0&&($.relevance=0))}function rt($,pt){Array.isArray($.illegal)&&($.illegal=R(...$.illegal))}function gt($,pt){if($.match){if($.begin||$.end)throw new Error("begin & end are not supported with match");$.begin=$.match,delete $.match}}function mt($,pt){$.relevance===void 0&&($.relevance=1)}const ht=($,pt)=>{if(!$.beforeMatch)return;if($.starts)throw new Error("beforeMatch cannot be used with starts");const Dt=Object.assign({},$);Object.keys($).forEach(ae=>{delete $[ae]}),$.keywords=Dt.keywords,$.begin=S(Dt.beforeMatch,A(Dt.begin)),$.starts={relevance:0,contains:[Object.assign(Dt,{endsParent:!0})]},$.relevance=0,delete Dt.beforeMatch},wt=["of","and","for","in","not","or","if","then","parent","list","value"],tt="keyword";function nt($,pt,Dt=tt){const ae=Object.create(null);return typeof $=="string"?Ge(Dt,$.split(" ")):Array.isArray($)?Ge(Dt,$):Object.keys($).forEach(function($e){Object.assign(ae,nt($[$e],pt,$e))}),ae;function Ge($e,Yt){pt&&(Yt=Yt.map(Vt=>Vt.toLowerCase())),Yt.forEach(function(Vt){const le=Vt.split("|");ae[le[0]]=[$e,st(le[0],le[1])]})}}function st($,pt){return pt?Number(pt):Wt($)?0:1}function Wt($){return wt.includes($.toLowerCase())}const bt={},Mt=$=>{console.error($)},Kt=($,...pt)=>{console.log(`WARN: ${$}`,...pt)},ne=($,pt)=>{bt[`${$}/${pt}`]||(console.log(`Deprecated as of ${$}. ${pt}`),bt[`${$}/${pt}`]=!0)},fe=new Error;function ue($,pt,{key:Dt}){let ae=0;const Ge=$[Dt],$e={},Yt={};for(let Vt=1;Vt<=pt.length;Vt++)Yt[Vt+ae]=Ge[Vt],$e[Vt+ae]=!0,ae+=x(pt[Vt-1]);$[Dt]=Yt,$[Dt]._emit=$e,$[Dt]._multi=!0}function on($){if(Array.isArray($.begin)){if($.skip||$.excludeBegin||$.returnBegin)throw Mt("skip, excludeBegin, returnBegin not compatible with beginScope: {}"),fe;if(typeof $.beginScope!="object"||$.beginScope===null)throw Mt("beginScope must be object"),fe;ue($,$.begin,{key:"beginScope"}),$.begin=K($.begin,{joinWith:""})}}function an($){if(Array.isArray($.end)){if($.skip||$.excludeEnd||$.returnEnd)throw Mt("skip, excludeEnd, returnEnd not compatible with endScope: {}"),fe;if(typeof $.endScope!="object"||$.endScope===null)throw Mt("endScope must be object"),fe;ue($,$.end,{key:"endScope"}),$.end=K($.end,{joinWith:""})}}function Sn($){$.scope&&typeof $.scope=="object"&&$.scope!==null&&($.beginScope=$.scope,delete $.scope)}function An($){Sn($),typeof $.beginScope=="string"&&($.beginScope={_wrap:$.beginScope}),typeof $.endScope=="string"&&($.endScope={_wrap:$.endScope}),on($),an($)}function cr($){function pt(Yt,Vt){return new RegExp(E(Yt),"m"+($.case_insensitive?"i":"")+($.unicodeRegex?"u":"")+(Vt?"g":""))}class Dt{constructor(){this.matchIndexes={},this.regexes=[],this.matchAt=1,this.position=0}addRule(Vt,le){le.position=this.position++,this.matchIndexes[this.matchAt]=le,this.regexes.push([le,Vt]),this.matchAt+=x(Vt)+1}compile(){this.regexes.length===0&&(this.exec=()=>null);const Vt=this.regexes.map(le=>le[1]);this.matcherRe=pt(K(Vt,{joinWith:"|"}),!0),this.lastIndex=0}exec(Vt){this.matcherRe.lastIndex=this.lastIndex;const le=this.matcherRe.exec(Vt);if(!le)return null;const ln=le.findIndex((Us,Ma)=>Ma>0&&Us!==void 0),cn=this.matchIndexes[ln];return le.splice(0,ln),Object.assign(le,cn)}}class ae{constructor(){this.rules=[],this.multiRegexes=[],this.count=0,this.lastIndex=0,this.regexIndex=0}getMatcher(Vt){if(this.multiRegexes[Vt])return this.multiRegexes[Vt];const le=new Dt;return this.rules.slice(Vt).forEach(([ln,cn])=>le.addRule(ln,cn)),le.compile(),this.multiRegexes[Vt]=le,le}resumingScanAtSamePosition(){return this.regexIndex!==0}considerAll(){this.regexIndex=0}addRule(Vt,le){this.rules.push([Vt,le]),le.type==="begin"&&this.count++}exec(Vt){const le=this.getMatcher(this.regexIndex);le.lastIndex=this.lastIndex;let ln=le.exec(Vt);if(this.resumingScanAtSamePosition()&&!(ln&&ln.index===this.lastIndex)){const cn=this.getMatcher(0);cn.lastIndex=this.lastIndex+1,ln=cn.exec(Vt)}return ln&&(this.regexIndex+=ln.position+1,this.regexIndex===this.count&&this.considerAll()),ln}}function Ge(Yt){const Vt=new ae;return Yt.contains.forEach(le=>Vt.addRule(le.begin,{rule:le,type:"begin"})),Yt.terminatorEnd&&Vt.addRule(Yt.terminatorEnd,{type:"end"}),Yt.illegal&&Vt.addRule(Yt.illegal,{type:"illegal"}),Vt}function $e(Yt,Vt){const le=Yt;if(Yt.isCompiled)return le;[W,gt,An,ht].forEach(cn=>cn(Yt,Vt)),$.compilerExtensions.forEach(cn=>cn(Yt,Vt)),Yt.__beforeBegin=null,[z,rt,mt].forEach(cn=>cn(Yt,Vt)),Yt.isCompiled=!0;let ln=null;return typeof Yt.keywords=="object"&&Yt.keywords.$pattern&&(Yt.keywords=Object.assign({},Yt.keywords),ln=Yt.keywords.$pattern,delete Yt.keywords.$pattern),ln=ln||/\w+/,Yt.keywords&&(Yt.keywords=nt(Yt.keywords,$.case_insensitive)),le.keywordPatternRe=pt(ln,!0),Vt&&(Yt.begin||(Yt.begin=/\B|\b/),le.beginRe=pt(le.begin),!Yt.end&&!Yt.endsWithParent&&(Yt.end=/\B|\b/),Yt.end&&(le.endRe=pt(le.end)),le.terminatorEnd=E(le.end)||"",Yt.endsWithParent&&Vt.terminatorEnd&&(le.terminatorEnd+=(Yt.end?"|":"")+Vt.terminatorEnd)),Yt.illegal&&(le.illegalRe=pt(Yt.illegal)),Yt.contains||(Yt.contains=[]),Yt.contains=[].concat(...Yt.contains.map(function(cn){return Ht(cn==="self"?Yt:cn)})),Yt.contains.forEach(function(cn){$e(cn,le)}),Yt.starts&&$e(Yt.starts,Vt),le.matcher=Ge(le),le}if($.compilerExtensions||($.compilerExtensions=[]),$.contains&&$.contains.includes("self"))throw new Error("ERR: contains `self` is not supported at the top-level of a language.  See documentation.");return $.classNameAliases=r($.classNameAliases||{}),$e($)}function lt($){return $?$.endsWithParent||lt($.starts):!1}function Ht($){return $.variants&&!$.cachedVariants&&($.cachedVariants=$.variants.map(function(pt){return r($,{variants:null},pt)})),$.cachedVariants?$.cachedVariants:lt($)?r($,{starts:$.starts?r($.starts):null}):Object.isFrozen($)?r($):$}var Gt="11.11.1";class Oe extends Error{constructor(pt,Dt){super(pt),this.name="HTMLInjectionError",this.html=Dt}}const Ae=n,mn=r,yn=Symbol("nomatch"),Gr=7,os=function($){const pt=Object.create(null),Dt=Object.create(null),ae=[];let Ge=!0;const $e="Could not find the language '{}', did you forget to load/include a language module?",Yt={disableAutodetect:!0,name:"Plain text",contains:[]};let Vt={ignoreUnescapedHTML:!1,throwUnescapedHTML:!1,noHighlightRe:/^(no-?highlight)$/i,languageDetectRe:/\blang(?:uage)?-([\w-]+)\b/i,classPrefix:"hljs-",cssSelector:"pre code",languages:null,__emitter:f};function le(Nt){return Vt.noHighlightRe.test(Nt)}function ln(Nt){let Qt=Nt.className+" ";Qt+=Nt.parentNode?Nt.parentNode.className:"";const Le=Vt.languageDetectRe.exec(Qt);if(Le){const Fe=oi(Le[1]);return Fe||(Kt($e.replace("{}",Le[1])),Kt("Falling back to no-highlight mode for this block.",Nt)),Fe?Le[1]:"no-highlight"}return Qt.split(/\s+/).find(Fe=>le(Fe)||oi(Fe))}function cn(Nt,Qt,Le){let Fe="",dn="";typeof Qt=="object"?(Fe=Nt,Le=Qt.ignoreIllegals,dn=Qt.language):(ne("10.7.0","highlight(lang, code, ...args) has been deprecated."),ne("10.7.0",`Please use highlight(code, options) instead.
https://github.com/highlightjs/highlight.js/issues/2277`),dn=Nt,Fe=Qt),Le===void 0&&(Le=!0);const ur={code:Fe,language:dn};wo("before:highlight",ur);const Xr=ur.result?ur.result:Us(ur.language,ur.code,Le);return Xr.code=ur.code,wo("after:highlight",Xr),Xr}function Us(Nt,Qt,Le,Fe){const dn=Object.create(null);function ur(Ut,jt){return Ut.keywords[jt]}function Xr(){if(!ie.keywords){En.addText(Ve);return}let Ut=0;ie.keywordPatternRe.lastIndex=0;let jt=ie.keywordPatternRe.exec(Ve),Ee="";for(;jt;){Ee+=Ve.substring(Ut,jt.index);const ke=dr.case_insensitive?jt[0].toLowerCase():jt[0],vn=ur(ie,ke);if(vn){const[Kr,af]=vn;if(En.addText(Ee),Ee="",dn[ke]=(dn[ke]||0)+1,dn[ke]<=Gr&&(Gs+=af),Kr.startsWith("_"))Ee+=jt[0];else{const lf=dr.classNameAliases[Kr]||Kr;Jn(jt[0],lf)}}else Ee+=jt[0];Ut=ie.keywordPatternRe.lastIndex,jt=ie.keywordPatternRe.exec(Ve)}Ee+=Ve.substring(Ut),En.addText(Ee)}function Fs(){if(Ve==="")return;let Ut=null;if(typeof ie.subLanguage=="string"){if(!pt[ie.subLanguage]){En.addText(Ve);return}Ut=Us(ie.subLanguage,Ve,!0,Fa[ie.subLanguage]),Fa[ie.subLanguage]=Ut._top}else Ut=Ha(Ve,ie.subLanguage.length?ie.subLanguage:null);ie.relevance>0&&(Gs+=Ut.relevance),En.__addSublanguage(Ut._emitter,Ut.language)}function Pn(){ie.subLanguage!=null?Fs():Xr(),Ve=""}function Jn(Ut,jt){Ut!==""&&(En.startScope(jt),En.addText(Ut),En.endScope())}function dc(Ut,jt){let Ee=1;const ke=jt.length-1;for(;Ee<=ke;){if(!Ut._emit[Ee]){Ee++;continue}const vn=dr.classNameAliases[Ut[Ee]]||Ut[Ee],Kr=jt[Ee];vn?Jn(Kr,vn):(Ve=Kr,Xr(),Ve=""),Ee++}}function Ua(Ut,jt){return Ut.scope&&typeof Ut.scope=="string"&&En.openNode(dr.classNameAliases[Ut.scope]||Ut.scope),Ut.beginScope&&(Ut.beginScope._wrap?(Jn(Ve,dr.classNameAliases[Ut.beginScope._wrap]||Ut.beginScope._wrap),Ve=""):Ut.beginScope._multi&&(dc(Ut.beginScope,jt),Ve="")),ie=Object.create(Ut,{parent:{value:ie}}),ie}function Vs(Ut,jt,Ee){let ke=Y(Ut.endRe,Ee);if(ke){if(Ut["on:end"]){const vn=new e(Ut);Ut["on:end"](jt,vn),vn.isMatchIgnored&&(ke=!1)}if(ke){for(;Ut.endsParent&&Ut.parent;)Ut=Ut.parent;return Ut}}if(Ut.endsWithParent)return Vs(Ut.parent,jt,Ee)}function fc(Ut){return ie.matcher.regexIndex===0?(Ve+=Ut[0],1):(Bo=!0,0)}function of(Ut){const jt=Ut[0],Ee=Ut.rule,ke=new e(Ee),vn=[Ee.__beforeBegin,Ee["on:begin"]];for(const Kr of vn)if(Kr&&(Kr(Ut,ke),ke.isMatchIgnored))return fc(jt);return Ee.skip?Ve+=jt:(Ee.excludeBegin&&(Ve+=jt),Pn(),!Ee.returnBegin&&!Ee.excludeBegin&&(Ve=jt)),Ua(Ee,Ut),Ee.returnBegin?0:jt.length}function pc(Ut){const jt=Ut[0],Ee=Qt.substring(Ut.index),ke=Vs(ie,Ut,Ee);if(!ke)return yn;const vn=ie;ie.endScope&&ie.endScope._wrap?(Pn(),Jn(jt,ie.endScope._wrap)):ie.endScope&&ie.endScope._multi?(Pn(),dc(ie.endScope,Ut)):vn.skip?Ve+=jt:(vn.returnEnd||vn.excludeEnd||(Ve+=jt),Pn(),vn.excludeEnd&&(Ve=jt));do ie.scope&&En.closeNode(),!ie.skip&&!ie.subLanguage&&(Gs+=ie.relevance),ie=ie.parent;while(ie!==ke.parent);return ke.starts&&Ua(ke.starts,Ut),vn.returnEnd?0:jt.length}function hc(){const Ut=[];for(let jt=ie;jt!==dr;jt=jt.parent)jt.scope&&Ut.unshift(jt.scope);Ut.forEach(jt=>En.openNode(jt))}let as={};function _c(Ut,jt){const Ee=jt&&jt[0];if(Ve+=Ut,Ee==null)return Pn(),0;if(as.type==="begin"&&jt.type==="end"&&as.index===jt.index&&Ee===""){if(Ve+=Qt.slice(jt.index,jt.index+1),!Ge){const ke=new Error(`0 width match regex (${Nt})`);throw ke.languageName=Nt,ke.badRule=as.rule,ke}return 1}if(as=jt,jt.type==="begin")return of(jt);if(jt.type==="illegal"&&!Le){const ke=new Error('Illegal lexeme "'+Ee+'" for mode "'+(ie.scope||"<unnamed>")+'"');throw ke.mode=ie,ke}else if(jt.type==="end"){const ke=pc(jt);if(ke!==yn)return ke}if(jt.type==="illegal"&&Ee==="")return Ve+=`
`,1;if(ko>1e5&&ko>jt.index*3)throw new Error("potential infinite loop, way more iterations than matches");return Ve+=Ee,Ee.length}const dr=oi(Nt);if(!dr)throw Mt($e.replace("{}",Nt)),new Error('Unknown language: "'+Nt+'"');const $a=cr(dr);let zs="",ie=Fe||$a;const Fa={},En=new Vt.__emitter(Vt);hc();let Ve="",Gs=0,ai=0,ko=0,Bo=!1;try{if(dr.__emitTokens)dr.__emitTokens(Qt,En);else{for(ie.matcher.considerAll();;){ko++,Bo?Bo=!1:ie.matcher.considerAll(),ie.matcher.lastIndex=ai;const Ut=ie.matcher.exec(Qt);if(!Ut)break;const jt=Qt.substring(ai,Ut.index),Ee=_c(jt,Ut);ai=Ut.index+Ee}_c(Qt.substring(ai))}return En.finalize(),zs=En.toHTML(),{language:Nt,value:zs,relevance:Gs,illegal:!1,_emitter:En,_top:ie}}catch(Ut){if(Ut.message&&Ut.message.includes("Illegal"))return{language:Nt,value:Ae(Qt),illegal:!0,relevance:0,_illegalBy:{message:Ut.message,index:ai,context:Qt.slice(ai-100,ai+100),mode:Ut.mode,resultSoFar:zs},_emitter:En};if(Ge)return{language:Nt,value:Ae(Qt),illegal:!1,relevance:0,errorRaised:Ut,_emitter:En,_top:ie};throw Ut}}function Ma(Nt){const Qt={value:Ae(Nt),illegal:!1,relevance:0,_top:Yt,_emitter:new Vt.__emitter(Vt)};return Qt._emitter.addText(Nt),Qt}function Ha(Nt,Qt){Qt=Qt||Vt.languages||Object.keys(pt);const Le=Ma(Nt),Fe=Qt.filter(oi).filter(cc).map(Pn=>Us(Pn,Nt,!1));Fe.unshift(Le);const dn=Fe.sort((Pn,Jn)=>{if(Pn.relevance!==Jn.relevance)return Jn.relevance-Pn.relevance;if(Pn.language&&Jn.language){if(oi(Pn.language).supersetOf===Jn.language)return 1;if(oi(Jn.language).supersetOf===Pn.language)return-1}return 0}),[ur,Xr]=dn,Fs=ur;return Fs.secondBest=Xr,Fs}function Jd(Nt,Qt,Le){const Fe=Qt&&Dt[Qt]||Le;Nt.classList.add("hljs"),Nt.classList.add(`language-${Fe}`)}function Wa(Nt){let Qt=null;const Le=ln(Nt);if(le(Le))return;if(wo("before:highlightElement",{el:Nt,language:Le}),Nt.dataset.highlighted){console.log("Element previously highlighted. To highlight again, first unset `dataset.highlighted`.",Nt);return}if(Nt.children.length>0&&(Vt.ignoreUnescapedHTML||(console.warn("One of your code blocks includes unescaped HTML. This is a potentially serious security risk."),console.warn("https://github.com/highlightjs/highlight.js/wiki/security"),console.warn("The element with unescaped HTML:"),console.warn(Nt)),Vt.throwUnescapedHTML))throw new Oe("One of your code blocks includes unescaped HTML.",Nt.innerHTML);Qt=Nt;const Fe=Qt.textContent,dn=Le?cn(Fe,{language:Le,ignoreIllegals:!0}):Ha(Fe);Nt.innerHTML=dn.value,Nt.dataset.highlighted="yes",Jd(Nt,Le,dn.language),Nt.result={language:dn.language,re:dn.relevance,relevance:dn.relevance},dn.secondBest&&(Nt.secondBest={language:dn.secondBest.language,relevance:dn.secondBest.relevance}),wo("after:highlightElement",{el:Nt,result:dn,text:Fe})}function Qd(Nt){Vt=mn(Vt,Nt)}const Zd=()=>{No(),ne("10.6.0","initHighlighting() deprecated.  Use highlightAll() now.")};function ac(){No(),ne("10.6.0","initHighlightingOnLoad() deprecated.  Use highlightAll() now.")}let lc=!1;function No(){function Nt(){No()}if(document.readyState==="loading"){lc||window.addEventListener("DOMContentLoaded",Nt,!1),lc=!0;return}document.querySelectorAll(Vt.cssSelector).forEach(Wa)}function tf(Nt,Qt){let Le=null;try{Le=Qt($)}catch(Fe){if(Mt("Language definition for '{}' could not be registered.".replace("{}",Nt)),Ge)Mt(Fe);else throw Fe;Le=Yt}Le.name||(Le.name=Nt),pt[Nt]=Le,Le.rawDefinition=Qt.bind(null,$),Le.aliases&&$s(Le.aliases,{languageName:Nt})}function ef(Nt){delete pt[Nt];for(const Qt of Object.keys(Dt))Dt[Qt]===Nt&&delete Dt[Qt]}function nf(){return Object.keys(pt)}function oi(Nt){return Nt=(Nt||"").toLowerCase(),pt[Nt]||pt[Dt[Nt]]}function $s(Nt,{languageName:Qt}){typeof Nt=="string"&&(Nt=[Nt]),Nt.forEach(Le=>{Dt[Le.toLowerCase()]=Qt})}function cc(Nt){const Qt=oi(Nt);return Qt&&!Qt.disableAutodetect}function xo(Nt){Nt["before:highlightBlock"]&&!Nt["before:highlightElement"]&&(Nt["before:highlightElement"]=Qt=>{Nt["before:highlightBlock"](Object.assign({block:Qt.el},Qt))}),Nt["after:highlightBlock"]&&!Nt["after:highlightElement"]&&(Nt["after:highlightElement"]=Qt=>{Nt["after:highlightBlock"](Object.assign({block:Qt.el},Qt))})}function rf(Nt){xo(Nt),ae.push(Nt)}function sf(Nt){const Qt=ae.indexOf(Nt);Qt!==-1&&ae.splice(Qt,1)}function wo(Nt,Qt){const Le=Nt;ae.forEach(function(Fe){Fe[Le]&&Fe[Le](Qt)})}function uc(Nt){return ne("10.7.0","highlightBlock will be removed entirely in v12.0"),ne("10.7.0","Please use highlightElement now."),Wa(Nt)}Object.assign($,{highlight:cn,highlightAuto:Ha,highlightAll:No,highlightElement:Wa,highlightBlock:uc,configure:Qd,initHighlighting:Zd,initHighlightingOnLoad:ac,registerLanguage:tf,unregisterLanguage:ef,listLanguages:nf,getLanguage:oi,registerAliases:$s,autoDetection:cc,inherit:mn,addPlugin:rf,removePlugin:sf}),$.debugMode=function(){Ge=!1},$.safeMode=function(){Ge=!0},$.versionString=Gt,$.regex={concat:S,lookahead:A,either:R,optional:k,anyNumberOfTimes:b};for(const Nt in Qe)typeof Qe[Nt]=="object"&&t(Qe[Nt]);return Object.assign($,Qe),$},Dn=os({});return Dn.newInstance=()=>os({}),Zp=Dn,Dn.HighlightJS=Dn,Dn.default=Dn,Zp}var WH=HH();const Xd=p_(WH);function UH(t){const e=t.COMMENT("--","$"),n="[a-zA-Z_][a-zA-Z_0-9$]*",r="\\$([a-zA-Z_]?|[a-zA-Z_][a-zA-Z_0-9]*)\\$",i="<<\\s*"+n+"\\s*>>",o="ABORT ALTER ANALYZE BEGIN CALL CHECKPOINT|10 CLOSE CLUSTER COMMENT COMMIT COPY CREATE DEALLOCATE DECLARE DELETE DISCARD DO DROP END EXECUTE EXPLAIN FETCH GRANT IMPORT INSERT LISTEN LOAD LOCK MOVE NOTIFY PREPARE REASSIGN|10 REFRESH REINDEX RELEASE RESET REVOKE ROLLBACK SAVEPOINT SECURITY SELECT SET SHOW START TRUNCATE UNLISTEN|10 UPDATE VACUUM|10 VALUES AGGREGATE COLLATION CONVERSION|10 DATABASE DEFAULT PRIVILEGES DOMAIN TRIGGER EXTENSION FOREIGN WRAPPER|10 TABLE FUNCTION GROUP LANGUAGE LARGE OBJECT MATERIALIZED VIEW OPERATOR CLASS FAMILY POLICY PUBLICATION|10 ROLE RULE SCHEMA SEQUENCE SERVER STATISTICS SUBSCRIPTION SYSTEM TABLESPACE CONFIGURATION DICTIONARY PARSER TEMPLATE TYPE USER MAPPING PREPARED ACCESS METHOD CAST AS TRANSFORM TRANSACTION OWNED TO INTO SESSION AUTHORIZATION INDEX PROCEDURE ASSERTION ALL ANALYSE AND ANY ARRAY ASC ASYMMETRIC|10 BOTH CASE CHECK COLLATE COLUMN CONCURRENTLY|10 CONSTRAINT CROSS DEFERRABLE RANGE DESC DISTINCT ELSE EXCEPT FOR FREEZE|10 FROM FULL HAVING ILIKE IN INITIALLY INNER INTERSECT IS ISNULL JOIN LATERAL LEADING LIKE LIMIT NATURAL NOT NOTNULL NULL OFFSET ON ONLY OR ORDER OUTER OVERLAPS PLACING PRIMARY REFERENCES RETURNING SIMILAR SOME SYMMETRIC TABLESAMPLE THEN TRAILING UNION UNIQUE USING VARIADIC|10 VERBOSE WHEN WHERE WINDOW WITH BY RETURNS INOUT OUT SETOF|10 IF STRICT CURRENT CONTINUE OWNER LOCATION OVER PARTITION WITHIN BETWEEN ESCAPE EXTERNAL INVOKER DEFINER WORK RENAME VERSION CONNECTION CONNECT TABLES TEMP TEMPORARY FUNCTIONS SEQUENCES TYPES SCHEMAS OPTION CASCADE RESTRICT ADD ADMIN EXISTS VALID VALIDATE ENABLE DISABLE REPLICA|10 ALWAYS PASSING COLUMNS PATH REF VALUE OVERRIDING IMMUTABLE STABLE VOLATILE BEFORE AFTER EACH ROW PROCEDURAL ROUTINE NO HANDLER VALIDATOR OPTIONS STORAGE OIDS|10 WITHOUT INHERIT DEPENDS CALLED INPUT LEAKPROOF|10 COST ROWS NOWAIT SEARCH UNTIL ENCRYPTED|10 PASSWORD CONFLICT|10 INSTEAD INHERITS CHARACTERISTICS WRITE CURSOR ALSO STATEMENT SHARE EXCLUSIVE INLINE ISOLATION REPEATABLE READ COMMITTED SERIALIZABLE UNCOMMITTED LOCAL GLOBAL SQL PROCEDURES RECURSIVE SNAPSHOT ROLLUP CUBE TRUSTED|10 INCLUDE FOLLOWING PRECEDING UNBOUNDED RANGE GROUPS UNENCRYPTED|10 SYSID FORMAT DELIMITER HEADER QUOTE ENCODING FILTER OFF FORCE_QUOTE FORCE_NOT_NULL FORCE_NULL COSTS BUFFERS TIMING SUMMARY DISABLE_PAGE_SKIPPING RESTART CYCLE GENERATED IDENTITY DEFERRED IMMEDIATE LEVEL LOGGED UNLOGGED OF NOTHING NONE EXCLUDE ATTRIBUTE USAGE ROUTINES TRUE FALSE NAN INFINITY ",l="SUPERUSER NOSUPERUSER CREATEDB NOCREATEDB CREATEROLE NOCREATEROLE INHERIT NOINHERIT LOGIN NOLOGIN REPLICATION NOREPLICATION BYPASSRLS NOBYPASSRLS ",c="ALIAS BEGIN CONSTANT DECLARE END EXCEPTION RETURN PERFORM|10 RAISE GET DIAGNOSTICS STACKED|10 FOREACH LOOP ELSIF EXIT WHILE REVERSE SLICE DEBUG LOG INFO NOTICE WARNING ASSERT OPEN ",u="BIGINT INT8 BIGSERIAL SERIAL8 BIT VARYING VARBIT BOOLEAN BOOL BOX BYTEA CHARACTER CHAR VARCHAR CIDR CIRCLE DATE DOUBLE PRECISION FLOAT8 FLOAT INET INTEGER INT INT4 INTERVAL JSON JSONB LINE LSEG|10 MACADDR MACADDR8 MONEY NUMERIC DEC DECIMAL PATH POINT POLYGON REAL FLOAT4 SMALLINT INT2 SMALLSERIAL|10 SERIAL2|10 SERIAL|10 SERIAL4|10 TEXT TIME ZONE TIMETZ|10 TIMESTAMP TIMESTAMPTZ|10 TSQUERY|10 TSVECTOR|10 TXID_SNAPSHOT|10 UUID XML NATIONAL NCHAR INT4RANGE|10 INT8RANGE|10 NUMRANGE|10 TSRANGE|10 TSTZRANGE|10 DATERANGE|10 ANYELEMENT ANYARRAY ANYNONARRAY ANYENUM ANYRANGE CSTRING INTERNAL RECORD PG_DDL_COMMAND VOID UNKNOWN OPAQUE REFCURSOR NAME OID REGPROC|10 REGPROCEDURE|10 REGOPER|10 REGOPERATOR|10 REGCLASS|10 REGTYPE|10 REGROLE|10 REGNAMESPACE|10 REGCONFIG|10 REGDICTIONARY|10 ",_=u.trim().split(" ").map(function(S){return S.split("|")[0]}).join("|"),f="CURRENT_TIME CURRENT_TIMESTAMP CURRENT_USER CURRENT_CATALOG|10 CURRENT_DATE LOCALTIME LOCALTIMESTAMP CURRENT_ROLE|10 CURRENT_SCHEMA|10 SESSION_USER PUBLIC ",E="FOUND NEW OLD TG_NAME|10 TG_WHEN|10 TG_LEVEL|10 TG_OP|10 TG_RELID|10 TG_RELNAME|10 TG_TABLE_NAME|10 TG_TABLE_SCHEMA|10 TG_NARGS|10 TG_ARGV|10 TG_EVENT|10 TG_TAG|10 ROW_COUNT RESULT_OID|10 PG_CONTEXT|10 RETURNED_SQLSTATE COLUMN_NAME CONSTRAINT_NAME PG_DATATYPE_NAME|10 MESSAGE_TEXT TABLE_NAME SCHEMA_NAME PG_EXCEPTION_DETAIL|10 PG_EXCEPTION_HINT|10 PG_EXCEPTION_CONTEXT|10 ",A="SQLSTATE SQLERRM|10 SUCCESSFUL_COMPLETION WARNING DYNAMIC_RESULT_SETS_RETURNED IMPLICIT_ZERO_BIT_PADDING NULL_VALUE_ELIMINATED_IN_SET_FUNCTION PRIVILEGE_NOT_GRANTED PRIVILEGE_NOT_REVOKED STRING_DATA_RIGHT_TRUNCATION DEPRECATED_FEATURE NO_DATA NO_ADDITIONAL_DYNAMIC_RESULT_SETS_RETURNED SQL_STATEMENT_NOT_YET_COMPLETE CONNECTION_EXCEPTION CONNECTION_DOES_NOT_EXIST CONNECTION_FAILURE SQLCLIENT_UNABLE_TO_ESTABLISH_SQLCONNECTION SQLSERVER_REJECTED_ESTABLISHMENT_OF_SQLCONNECTION TRANSACTION_RESOLUTION_UNKNOWN PROTOCOL_VIOLATION TRIGGERED_ACTION_EXCEPTION FEATURE_NOT_SUPPORTED INVALID_TRANSACTION_INITIATION LOCATOR_EXCEPTION INVALID_LOCATOR_SPECIFICATION INVALID_GRANTOR INVALID_GRANT_OPERATION INVALID_ROLE_SPECIFICATION DIAGNOSTICS_EXCEPTION STACKED_DIAGNOSTICS_ACCESSED_WITHOUT_ACTIVE_HANDLER CASE_NOT_FOUND CARDINALITY_VIOLATION DATA_EXCEPTION ARRAY_SUBSCRIPT_ERROR CHARACTER_NOT_IN_REPERTOIRE DATETIME_FIELD_OVERFLOW DIVISION_BY_ZERO ERROR_IN_ASSIGNMENT ESCAPE_CHARACTER_CONFLICT INDICATOR_OVERFLOW INTERVAL_FIELD_OVERFLOW INVALID_ARGUMENT_FOR_LOGARITHM INVALID_ARGUMENT_FOR_NTILE_FUNCTION INVALID_ARGUMENT_FOR_NTH_VALUE_FUNCTION INVALID_ARGUMENT_FOR_POWER_FUNCTION INVALID_ARGUMENT_FOR_WIDTH_BUCKET_FUNCTION INVALID_CHARACTER_VALUE_FOR_CAST INVALID_DATETIME_FORMAT INVALID_ESCAPE_CHARACTER INVALID_ESCAPE_OCTET INVALID_ESCAPE_SEQUENCE NONSTANDARD_USE_OF_ESCAPE_CHARACTER INVALID_INDICATOR_PARAMETER_VALUE INVALID_PARAMETER_VALUE INVALID_REGULAR_EXPRESSION INVALID_ROW_COUNT_IN_LIMIT_CLAUSE INVALID_ROW_COUNT_IN_RESULT_OFFSET_CLAUSE INVALID_TABLESAMPLE_ARGUMENT INVALID_TABLESAMPLE_REPEAT INVALID_TIME_ZONE_DISPLACEMENT_VALUE INVALID_USE_OF_ESCAPE_CHARACTER MOST_SPECIFIC_TYPE_MISMATCH NULL_VALUE_NOT_ALLOWED NULL_VALUE_NO_INDICATOR_PARAMETER NUMERIC_VALUE_OUT_OF_RANGE SEQUENCE_GENERATOR_LIMIT_EXCEEDED STRING_DATA_LENGTH_MISMATCH STRING_DATA_RIGHT_TRUNCATION SUBSTRING_ERROR TRIM_ERROR UNTERMINATED_C_STRING ZERO_LENGTH_CHARACTER_STRING FLOATING_POINT_EXCEPTION INVALID_TEXT_REPRESENTATION INVALID_BINARY_REPRESENTATION BAD_COPY_FILE_FORMAT UNTRANSLATABLE_CHARACTER NOT_AN_XML_DOCUMENT INVALID_XML_DOCUMENT INVALID_XML_CONTENT INVALID_XML_COMMENT INVALID_XML_PROCESSING_INSTRUCTION INTEGRITY_CONSTRAINT_VIOLATION RESTRICT_VIOLATION NOT_NULL_VIOLATION FOREIGN_KEY_VIOLATION UNIQUE_VIOLATION CHECK_VIOLATION EXCLUSION_VIOLATION INVALID_CURSOR_STATE INVALID_TRANSACTION_STATE ACTIVE_SQL_TRANSACTION BRANCH_TRANSACTION_ALREADY_ACTIVE HELD_CURSOR_REQUIRES_SAME_ISOLATION_LEVEL INAPPROPRIATE_ACCESS_MODE_FOR_BRANCH_TRANSACTION INAPPROPRIATE_ISOLATION_LEVEL_FOR_BRANCH_TRANSACTION NO_ACTIVE_SQL_TRANSACTION_FOR_BRANCH_TRANSACTION READ_ONLY_SQL_TRANSACTION SCHEMA_AND_DATA_STATEMENT_MIXING_NOT_SUPPORTED NO_ACTIVE_SQL_TRANSACTION IN_FAILED_SQL_TRANSACTION IDLE_IN_TRANSACTION_SESSION_TIMEOUT INVALID_SQL_STATEMENT_NAME TRIGGERED_DATA_CHANGE_VIOLATION INVALID_AUTHORIZATION_SPECIFICATION INVALID_PASSWORD DEPENDENT_PRIVILEGE_DESCRIPTORS_STILL_EXIST DEPENDENT_OBJECTS_STILL_EXIST INVALID_TRANSACTION_TERMINATION SQL_ROUTINE_EXCEPTION FUNCTION_EXECUTED_NO_RETURN_STATEMENT MODIFYING_SQL_DATA_NOT_PERMITTED PROHIBITED_SQL_STATEMENT_ATTEMPTED READING_SQL_DATA_NOT_PERMITTED INVALID_CURSOR_NAME EXTERNAL_ROUTINE_EXCEPTION CONTAINING_SQL_NOT_PERMITTED MODIFYING_SQL_DATA_NOT_PERMITTED PROHIBITED_SQL_STATEMENT_ATTEMPTED READING_SQL_DATA_NOT_PERMITTED EXTERNAL_ROUTINE_INVOCATION_EXCEPTION INVALID_SQLSTATE_RETURNED NULL_VALUE_NOT_ALLOWED TRIGGER_PROTOCOL_VIOLATED SRF_PROTOCOL_VIOLATED EVENT_TRIGGER_PROTOCOL_VIOLATED SAVEPOINT_EXCEPTION INVALID_SAVEPOINT_SPECIFICATION INVALID_CATALOG_NAME INVALID_SCHEMA_NAME TRANSACTION_ROLLBACK TRANSACTION_INTEGRITY_CONSTRAINT_VIOLATION SERIALIZATION_FAILURE STATEMENT_COMPLETION_UNKNOWN DEADLOCK_DETECTED SYNTAX_ERROR_OR_ACCESS_RULE_VIOLATION SYNTAX_ERROR INSUFFICIENT_PRIVILEGE CANNOT_COERCE GROUPING_ERROR WINDOWING_ERROR INVALID_RECURSION INVALID_FOREIGN_KEY INVALID_NAME NAME_TOO_LONG RESERVED_NAME DATATYPE_MISMATCH INDETERMINATE_DATATYPE COLLATION_MISMATCH INDETERMINATE_COLLATION WRONG_OBJECT_TYPE GENERATED_ALWAYS UNDEFINED_COLUMN UNDEFINED_FUNCTION UNDEFINED_TABLE UNDEFINED_PARAMETER UNDEFINED_OBJECT DUPLICATE_COLUMN DUPLICATE_CURSOR DUPLICATE_DATABASE DUPLICATE_FUNCTION DUPLICATE_PREPARED_STATEMENT DUPLICATE_SCHEMA DUPLICATE_TABLE DUPLICATE_ALIAS DUPLICATE_OBJECT AMBIGUOUS_COLUMN AMBIGUOUS_FUNCTION AMBIGUOUS_PARAMETER AMBIGUOUS_ALIAS INVALID_COLUMN_REFERENCE INVALID_COLUMN_DEFINITION INVALID_CURSOR_DEFINITION INVALID_DATABASE_DEFINITION INVALID_FUNCTION_DEFINITION INVALID_PREPARED_STATEMENT_DEFINITION INVALID_SCHEMA_DEFINITION INVALID_TABLE_DEFINITION INVALID_OBJECT_DEFINITION WITH_CHECK_OPTION_VIOLATION INSUFFICIENT_RESOURCES DISK_FULL OUT_OF_MEMORY TOO_MANY_CONNECTIONS CONFIGURATION_LIMIT_EXCEEDED PROGRAM_LIMIT_EXCEEDED STATEMENT_TOO_COMPLEX TOO_MANY_COLUMNS TOO_MANY_ARGUMENTS OBJECT_NOT_IN_PREREQUISITE_STATE OBJECT_IN_USE CANT_CHANGE_RUNTIME_PARAM LOCK_NOT_AVAILABLE OPERATOR_INTERVENTION QUERY_CANCELED ADMIN_SHUTDOWN CRASH_SHUTDOWN CANNOT_CONNECT_NOW DATABASE_DROPPED SYSTEM_ERROR IO_ERROR UNDEFINED_FILE DUPLICATE_FILE SNAPSHOT_TOO_OLD CONFIG_FILE_ERROR LOCK_FILE_EXISTS FDW_ERROR FDW_COLUMN_NAME_NOT_FOUND FDW_DYNAMIC_PARAMETER_VALUE_NEEDED FDW_FUNCTION_SEQUENCE_ERROR FDW_INCONSISTENT_DESCRIPTOR_INFORMATION FDW_INVALID_ATTRIBUTE_VALUE FDW_INVALID_COLUMN_NAME FDW_INVALID_COLUMN_NUMBER FDW_INVALID_DATA_TYPE FDW_INVALID_DATA_TYPE_DESCRIPTORS FDW_INVALID_DESCRIPTOR_FIELD_IDENTIFIER FDW_INVALID_HANDLE FDW_INVALID_OPTION_INDEX FDW_INVALID_OPTION_NAME FDW_INVALID_STRING_LENGTH_OR_BUFFER_LENGTH FDW_INVALID_STRING_FORMAT FDW_INVALID_USE_OF_NULL_POINTER FDW_TOO_MANY_HANDLES FDW_OUT_OF_MEMORY FDW_NO_SCHEMAS FDW_OPTION_NAME_NOT_FOUND FDW_REPLY_HANDLE FDW_SCHEMA_NOT_FOUND FDW_TABLE_NOT_FOUND FDW_UNABLE_TO_CREATE_EXECUTION FDW_UNABLE_TO_CREATE_REPLY FDW_UNABLE_TO_ESTABLISH_CONNECTION PLPGSQL_ERROR RAISE_EXCEPTION NO_DATA_FOUND TOO_MANY_ROWS ASSERT_FAILURE INTERNAL_ERROR DATA_CORRUPTED INDEX_CORRUPTED ",k="ARRAY_AGG AVG BIT_AND BIT_OR BOOL_AND BOOL_OR COUNT EVERY JSON_AGG JSONB_AGG JSON_OBJECT_AGG JSONB_OBJECT_AGG MAX MIN MODE STRING_AGG SUM XMLAGG CORR COVAR_POP COVAR_SAMP REGR_AVGX REGR_AVGY REGR_COUNT REGR_INTERCEPT REGR_R2 REGR_SLOPE REGR_SXX REGR_SXY REGR_SYY STDDEV STDDEV_POP STDDEV_SAMP VARIANCE VAR_POP VAR_SAMP PERCENTILE_CONT PERCENTILE_DISC ROW_NUMBER RANK DENSE_RANK PERCENT_RANK CUME_DIST NTILE LAG LEAD FIRST_VALUE LAST_VALUE NTH_VALUE NUM_NONNULLS NUM_NULLS ABS CBRT CEIL CEILING DEGREES DIV EXP FLOOR LN LOG MOD PI POWER RADIANS ROUND SCALE SIGN SQRT TRUNC WIDTH_BUCKET RANDOM SETSEED ACOS ACOSD ASIN ASIND ATAN ATAND ATAN2 ATAN2D COS COSD COT COTD SIN SIND TAN TAND BIT_LENGTH CHAR_LENGTH CHARACTER_LENGTH LOWER OCTET_LENGTH OVERLAY POSITION SUBSTRING TREAT TRIM UPPER ASCII BTRIM CHR CONCAT CONCAT_WS CONVERT CONVERT_FROM CONVERT_TO DECODE ENCODE INITCAP LEFT LENGTH LPAD LTRIM MD5 PARSE_IDENT PG_CLIENT_ENCODING QUOTE_IDENT|10 QUOTE_LITERAL|10 QUOTE_NULLABLE|10 REGEXP_MATCH REGEXP_MATCHES REGEXP_REPLACE REGEXP_SPLIT_TO_ARRAY REGEXP_SPLIT_TO_TABLE REPEAT REPLACE REVERSE RIGHT RPAD RTRIM SPLIT_PART STRPOS SUBSTR TO_ASCII TO_HEX TRANSLATE OCTET_LENGTH GET_BIT GET_BYTE SET_BIT SET_BYTE TO_CHAR TO_DATE TO_NUMBER TO_TIMESTAMP AGE CLOCK_TIMESTAMP|10 DATE_PART DATE_TRUNC ISFINITE JUSTIFY_DAYS JUSTIFY_HOURS JUSTIFY_INTERVAL MAKE_DATE MAKE_INTERVAL|10 MAKE_TIME MAKE_TIMESTAMP|10 MAKE_TIMESTAMPTZ|10 NOW STATEMENT_TIMESTAMP|10 TIMEOFDAY TRANSACTION_TIMESTAMP|10 ENUM_FIRST ENUM_LAST ENUM_RANGE AREA CENTER DIAMETER HEIGHT ISCLOSED ISOPEN NPOINTS PCLOSE POPEN RADIUS WIDTH BOX BOUND_BOX CIRCLE LINE LSEG PATH POLYGON ABBREV BROADCAST HOST HOSTMASK MASKLEN NETMASK NETWORK SET_MASKLEN TEXT INET_SAME_FAMILY INET_MERGE MACADDR8_SET7BIT ARRAY_TO_TSVECTOR GET_CURRENT_TS_CONFIG NUMNODE PLAINTO_TSQUERY PHRASETO_TSQUERY WEBSEARCH_TO_TSQUERY QUERYTREE SETWEIGHT STRIP TO_TSQUERY TO_TSVECTOR JSON_TO_TSVECTOR JSONB_TO_TSVECTOR TS_DELETE TS_FILTER TS_HEADLINE TS_RANK TS_RANK_CD TS_REWRITE TSQUERY_PHRASE TSVECTOR_TO_ARRAY TSVECTOR_UPDATE_TRIGGER TSVECTOR_UPDATE_TRIGGER_COLUMN XMLCOMMENT XMLCONCAT XMLELEMENT XMLFOREST XMLPI XMLROOT XMLEXISTS XML_IS_WELL_FORMED XML_IS_WELL_FORMED_DOCUMENT XML_IS_WELL_FORMED_CONTENT XPATH XPATH_EXISTS XMLTABLE XMLNAMESPACES TABLE_TO_XML TABLE_TO_XMLSCHEMA TABLE_TO_XML_AND_XMLSCHEMA QUERY_TO_XML QUERY_TO_XMLSCHEMA QUERY_TO_XML_AND_XMLSCHEMA CURSOR_TO_XML CURSOR_TO_XMLSCHEMA SCHEMA_TO_XML SCHEMA_TO_XMLSCHEMA SCHEMA_TO_XML_AND_XMLSCHEMA DATABASE_TO_XML DATABASE_TO_XMLSCHEMA DATABASE_TO_XML_AND_XMLSCHEMA XMLATTRIBUTES TO_JSON TO_JSONB ARRAY_TO_JSON ROW_TO_JSON JSON_BUILD_ARRAY JSONB_BUILD_ARRAY JSON_BUILD_OBJECT JSONB_BUILD_OBJECT JSON_OBJECT JSONB_OBJECT JSON_ARRAY_LENGTH JSONB_ARRAY_LENGTH JSON_EACH JSONB_EACH JSON_EACH_TEXT JSONB_EACH_TEXT JSON_EXTRACT_PATH JSONB_EXTRACT_PATH JSON_OBJECT_KEYS JSONB_OBJECT_KEYS JSON_POPULATE_RECORD JSONB_POPULATE_RECORD JSON_POPULATE_RECORDSET JSONB_POPULATE_RECORDSET JSON_ARRAY_ELEMENTS JSONB_ARRAY_ELEMENTS JSON_ARRAY_ELEMENTS_TEXT JSONB_ARRAY_ELEMENTS_TEXT JSON_TYPEOF JSONB_TYPEOF JSON_TO_RECORD JSONB_TO_RECORD JSON_TO_RECORDSET JSONB_TO_RECORDSET JSON_STRIP_NULLS JSONB_STRIP_NULLS JSONB_SET JSONB_INSERT JSONB_PRETTY CURRVAL LASTVAL NEXTVAL SETVAL COALESCE NULLIF GREATEST LEAST ARRAY_APPEND ARRAY_CAT ARRAY_NDIMS ARRAY_DIMS ARRAY_FILL ARRAY_LENGTH ARRAY_LOWER ARRAY_POSITION ARRAY_POSITIONS ARRAY_PREPEND ARRAY_REMOVE ARRAY_REPLACE ARRAY_TO_STRING ARRAY_UPPER CARDINALITY STRING_TO_ARRAY UNNEST ISEMPTY LOWER_INC UPPER_INC LOWER_INF UPPER_INF RANGE_MERGE GENERATE_SERIES GENERATE_SUBSCRIPTS CURRENT_DATABASE CURRENT_QUERY CURRENT_SCHEMA|10 CURRENT_SCHEMAS|10 INET_CLIENT_ADDR INET_CLIENT_PORT INET_SERVER_ADDR INET_SERVER_PORT ROW_SECURITY_ACTIVE FORMAT_TYPE TO_REGCLASS TO_REGPROC TO_REGPROCEDURE TO_REGOPER TO_REGOPERATOR TO_REGTYPE TO_REGNAMESPACE TO_REGROLE COL_DESCRIPTION OBJ_DESCRIPTION SHOBJ_DESCRIPTION TXID_CURRENT TXID_CURRENT_IF_ASSIGNED TXID_CURRENT_SNAPSHOT TXID_SNAPSHOT_XIP TXID_SNAPSHOT_XMAX TXID_SNAPSHOT_XMIN TXID_VISIBLE_IN_SNAPSHOT TXID_STATUS CURRENT_SETTING SET_CONFIG BRIN_SUMMARIZE_NEW_VALUES BRIN_SUMMARIZE_RANGE BRIN_DESUMMARIZE_RANGE GIN_CLEAN_PENDING_LIST SUPPRESS_REDUNDANT_UPDATES_TRIGGER LO_FROM_BYTEA LO_PUT LO_GET LO_CREAT LO_CREATE LO_UNLINK LO_IMPORT LO_EXPORT LOREAD LOWRITE GROUPING CAST ".trim().split(" ").map(function(S){return S.split("|")[0]}).join("|");return{name:"PostgreSQL",aliases:["postgres","postgresql"],supersetOf:"sql",case_insensitive:!0,keywords:{keyword:o+c+l,built_in:f+E+A},illegal:/:==|\W\s*\(\*|(^|\s)\$[a-z]|\{\{|[a-z]:\s*$|\.\.\.|TO:|DO:/,contains:[{className:"keyword",variants:[{begin:/\bTEXT\s*SEARCH\b/},{begin:/\b(PRIMARY|FOREIGN|FOR(\s+NO)?)\s+KEY\b/},{begin:/\bPARALLEL\s+(UNSAFE|RESTRICTED|SAFE)\b/},{begin:/\bSTORAGE\s+(PLAIN|EXTERNAL|EXTENDED|MAIN)\b/},{begin:/\bMATCH\s+(FULL|PARTIAL|SIMPLE)\b/},{begin:/\bNULLS\s+(FIRST|LAST)\b/},{begin:/\bEVENT\s+TRIGGER\b/},{begin:/\b(MAPPING|OR)\s+REPLACE\b/},{begin:/\b(FROM|TO)\s+(PROGRAM|STDIN|STDOUT)\b/},{begin:/\b(SHARE|EXCLUSIVE)\s+MODE\b/},{begin:/\b(LEFT|RIGHT)\s+(OUTER\s+)?JOIN\b/},{begin:/\b(FETCH|MOVE)\s+(NEXT|PRIOR|FIRST|LAST|ABSOLUTE|RELATIVE|FORWARD|BACKWARD)\b/},{begin:/\bPRESERVE\s+ROWS\b/},{begin:/\bDISCARD\s+PLANS\b/},{begin:/\bREFERENCING\s+(OLD|NEW)\b/},{begin:/\bSKIP\s+LOCKED\b/},{begin:/\bGROUPING\s+SETS\b/},{begin:/\b(BINARY|INSENSITIVE|SCROLL|NO\s+SCROLL)\s+(CURSOR|FOR)\b/},{begin:/\b(WITH|WITHOUT)\s+HOLD\b/},{begin:/\bWITH\s+(CASCADED|LOCAL)\s+CHECK\s+OPTION\b/},{begin:/\bEXCLUDE\s+(TIES|NO\s+OTHERS)\b/},{begin:/\bFORMAT\s+(TEXT|XML|JSON|YAML)\b/},{begin:/\bSET\s+((SESSION|LOCAL)\s+)?NAMES\b/},{begin:/\bIS\s+(NOT\s+)?UNKNOWN\b/},{begin:/\bSECURITY\s+LABEL\b/},{begin:/\bSTANDALONE\s+(YES|NO|NO\s+VALUE)\b/},{begin:/\bWITH\s+(NO\s+)?DATA\b/},{begin:/\b(FOREIGN|SET)\s+DATA\b/},{begin:/\bSET\s+(CATALOG|CONSTRAINTS)\b/},{begin:/\b(WITH|FOR)\s+ORDINALITY\b/},{begin:/\bIS\s+(NOT\s+)?DOCUMENT\b/},{begin:/\bXML\s+OPTION\s+(DOCUMENT|CONTENT)\b/},{begin:/\b(STRIP|PRESERVE)\s+WHITESPACE\b/},{begin:/\bNO\s+(ACTION|MAXVALUE|MINVALUE)\b/},{begin:/\bPARTITION\s+BY\s+(RANGE|LIST|HASH)\b/},{begin:/\bAT\s+TIME\s+ZONE\b/},{begin:/\bGRANTED\s+BY\b/},{begin:/\bRETURN\s+(QUERY|NEXT)\b/},{begin:/\b(ATTACH|DETACH)\s+PARTITION\b/},{begin:/\bFORCE\s+ROW\s+LEVEL\s+SECURITY\b/},{begin:/\b(INCLUDING|EXCLUDING)\s+(COMMENTS|CONSTRAINTS|DEFAULTS|IDENTITY|INDEXES|STATISTICS|STORAGE|ALL)\b/},{begin:/\bAS\s+(ASSIGNMENT|IMPLICIT|PERMISSIVE|RESTRICTIVE|ENUM|RANGE)\b/}]},{begin:/\b(FORMAT|FAMILY|VERSION)\s*\(/},{begin:/\bINCLUDE\s*\(/,keywords:"INCLUDE"},{begin:/\bRANGE(?!\s*(BETWEEN|UNBOUNDED|CURRENT|[-0-9]+))/},{begin:/\b(VERSION|OWNER|TEMPLATE|TABLESPACE|CONNECTION\s+LIMIT|PROCEDURE|RESTRICT|JOIN|PARSER|COPY|START|END|COLLATION|INPUT|ANALYZE|STORAGE|LIKE|DEFAULT|DELIMITER|ENCODING|COLUMN|CONSTRAINT|TABLE|SCHEMA)\s*=/},{begin:/\b(PG_\w+?|HAS_[A-Z_]+_PRIVILEGE)\b/,relevance:10},{begin:/\bEXTRACT\s*\(/,end:/\bFROM\b/,returnEnd:!0,keywords:{type:"CENTURY DAY DECADE DOW DOY EPOCH HOUR ISODOW ISOYEAR MICROSECONDS MILLENNIUM MILLISECONDS MINUTE MONTH QUARTER SECOND TIMEZONE TIMEZONE_HOUR TIMEZONE_MINUTE WEEK YEAR"}},{begin:/\b(XMLELEMENT|XMLPI)\s*\(\s*NAME/,keywords:{keyword:"NAME"}},{begin:/\b(XMLPARSE|XMLSERIALIZE)\s*\(\s*(DOCUMENT|CONTENT)/,keywords:{keyword:"DOCUMENT CONTENT"}},{beginKeywords:"CACHE INCREMENT MAXVALUE MINVALUE",end:t.C_NUMBER_RE,returnEnd:!0,keywords:"BY CACHE INCREMENT MAXVALUE MINVALUE"},{className:"type",begin:/\b(WITH|WITHOUT)\s+TIME\s+ZONE\b/},{className:"type",begin:/\bINTERVAL\s+(YEAR|MONTH|DAY|HOUR|MINUTE|SECOND)(\s+TO\s+(MONTH|HOUR|MINUTE|SECOND))?\b/},{begin:/\bRETURNS\s+(LANGUAGE_HANDLER|TRIGGER|EVENT_TRIGGER|FDW_HANDLER|INDEX_AM_HANDLER|TSM_HANDLER)\b/,keywords:{keyword:"RETURNS",type:"LANGUAGE_HANDLER TRIGGER EVENT_TRIGGER FDW_HANDLER INDEX_AM_HANDLER TSM_HANDLER"}},{begin:"\\b("+k+")\\s*\\("},{begin:"\\.("+_+")\\b"},{begin:"\\b("+_+")\\s+PATH\\b",keywords:{keyword:"PATH",type:u.replace("PATH ","")}},{className:"type",begin:"\\b("+_+")\\b"},{className:"string",begin:"'",end:"'",contains:[{begin:"''"}]},{className:"string",begin:"(e|E|u&|U&)'",end:"'",contains:[{begin:"\\\\."}],relevance:10},t.END_SAME_AS_BEGIN({begin:r,end:r,contains:[{subLanguage:["pgsql","perl","python","tcl","r","lua","java","php","ruby","bash","scheme","xml","json"],endsWithParent:!0}]}),{begin:'"',end:'"',contains:[{begin:'""'}]},t.C_NUMBER_MODE,t.C_BLOCK_COMMENT_MODE,e,{className:"meta",variants:[{begin:"%(ROW)?TYPE",relevance:10},{begin:"\\$\\d+"},{begin:"^#\\w",end:"$"}]},{className:"symbol",begin:i,relevance:10}]}}function $H(t){const e={className:"attr",begin:/"(\\.|[^\\"\r\n])*"(?=\s*:)/,relevance:1.01},n={match:/[{}[\],:]/,className:"punctuation",relevance:0},r=["true","false","null"],i={scope:"literal",beginKeywords:r.join(" ")};return{name:"JSON",aliases:["jsonc"],keywords:{literal:r},contains:[e,n,t.QUOTE_STRING_MODE,i,t.C_NUMBER_MODE,t.C_LINE_COMMENT_MODE,t.C_BLOCK_COMMENT_MODE],illegal:"\\S"}}Xd.registerLanguage("pgsql",UH);Xd.registerLanguage("json",$H);function sr(t){if(t===void 0)return"N/A";const e=[];let n=1e3*60*60*24;const r=Math.floor(t/n);r&&e.push(r+"d");let i=t%n;n/=24;const o=Math.floor(i/n);o&&e.push(o+"h"),i=i%n,n/=60;const l=Math.floor(i/n);l&&e.push(l+"m"),i=i%n,n/=60;const c=Math.floor(i/n);c&&e.push(c+"s"),i=i%n;const u=parseFloat(i.toPrecision(3));return e.push(u.toLocaleString()+"ms"),e.slice(0,2).join(" ")}function h_(t){return t===void 0?"N/A":t.toLocaleString(void 0,{minimumFractionDigits:2})}function oo(t){return t===void 0?"N/A":t.toLocaleString()}function FH(t){return t===void 0?"N/A":t.toLocaleString()}function __(t){const e=parseFloat(t.toPrecision(2)).toLocaleString();return F.template("${f}&nbsp;&times;")({f:e})}function Gi(t){return t instanceof Array||(t=[t]),t=F.map(t,e=>F.escape(e.replace(/(^\(|\)$)/g,""))),t.join(", ")}function Vv(t,e){return F.map(t,n=>{let r=F.escape(n);return e&&(r+=e.indexOf(n)!==-1?'&nbsp;<span class="text-secondary">(presort)</span>':""),r}).join(", ")}function Kh(t){return Kd(t*1024)}function VH(t){return Kd(t)}function Kd(t,e=2){const r=e<0?0:e,i=["Bytes","kB","MB","GB","TB","PB","EB","ZB","YB"],o=Math.floor(Math.log(t)/Math.log(1024)),l=F.template("${value} ${unit}"),c=parseFloat((t/Math.pow(1024,o)).toPrecision(r)).toLocaleString();return l({value:c,unit:i[o]})}function Qr(t){return t?Kd(t*8*1024):""}function Wn(t,e=!1){if(e=!!e,!t)return"";let n=t.toLocaleString();return e&&(n+=`<br><small>${Qr(t)}</small>`),n}function Y1(t){return isNaN(t)?"-":F.round(t*100)+"%"}function zH(t){return typeof t=="string"&&(t=t.split(/\s*,\s*/)),'<ul class="list-unstyled mb-0">'+F.template("<% _.forEach(lines, function(line) { %><li><%= line %></li><% }); %>")({lines:t})+"</ul>"}function GH(t){return Pl(kH,{sortGroup:t}).mount(document.createElement("div")).$el.outerHTML}function Yh(t){return t?Kd(t*8*1024)+"/s":""}function XH(t){return Pl(Fv,{jit:t}).mount(document.createElement("div")).$el.outerHTML}function Vl(t,e){if(F.has(Ot,t)){if(Ot[t]===xn.duration)return sr(e);if(Ot[t]===xn.boolean)return e?"yes":"no";if(Ot[t]===xn.cost)return h_(e);if(Ot[t]===xn.rows)return oo(e);if(Ot[t]===xn.loops)return FH(e);if(Ot[t]===xn.factor)return __(e);if(Ot[t]===xn.estimateDirection)switch(e){case Ln.over:return'<i class="fa fa-arrow-up"></i> over';case Ln.under:return'<i class="fa fa-arrow-down"></i> under';default:return"-"}else{if(Ot[t]===xn.json)return JSON.stringify(e,null,2);if(Ot[t]===xn.bytes)return VH(e);if(Ot[t]===xn.kilobytes)return Kh(e);if(Ot[t]===xn.blocks)return Wn(e,!0);if(Ot[t]===xn.list)return zH(e);if(Ot[t]===xn.sortGroups)return GH(e);if(Ot[t]===xn.transferRate)return Yh(e);if(Ot[t]===xn.jit)return XH(e)}}return F.escape(e)}function qh(t){let e;return t>90?e=4:t>40?e=3:t>10&&(e=2),e?"c-"+e:""}function KH(t){return Xd.highlight(t,{language:"pgsql"}).value}function YH(t){return Xd.highlight(t,{language:"json"}).value}const zv=we({__name:"TimeTooltip",props:{node:{}},setup(t){return(e,n)=>(N(),B(Ft,null,[n[0]||(n[0]=g(`
  Duration:
  `)),n[1]||(n[1]=T("br",null,null,-1)),g("Exclusive: "+ut(p(sr)(e.node[p(h).EXCLUSIVE_DURATION]))+`, Total:
  `+ut(p(sr)(e.node[p(h).ACTUAL_TOTAL_TIME])),1)],64))}});function qH(t,e,n){let r,i,o;{const l=n*(1+e),c=2*n-l;r=th(c,l,t+1/3),i=th(c,l,t),o=th(c,l,t-1/3)}return[Math.floor(r*255),Math.floor(i*255),Math.floor(o*255)]}function jH(t){const e=(100-t)*1.2/360,n=qH(e,.9,.4);return"rgb("+n[0]+","+n[1]+","+n[2]+")"}function th(t,e,n){return n<0&&(n+=1),n>1&&(n-=1),n<1/6?t+(e-t)*6*n:n<1/2?e:n<2/3?t+(e-t)*(2/3-n)*6:t}function Io(t,e,n){const r=te(NaN),i=te(NaN),o=te(0),l=te(null),c=te(),u=te(),_=te(NaN),f=te(NaN),E=te();ks(()=>{A(),S(),O(),Y(),u.value=e[h.PLANNER_ESTIMATE_DIRECTION],c.value=e[h.PLANNER_ESTIMATE_FACTOR]}),bn(()=>n.highlightType,A);function A(){let tt;switch(n.highlightType){case Tr.DURATION:if(tt=e[h.EXCLUSIVE_DURATION],tt===void 0){l.value=null;break}o.value=Math.round(tt/t.value.planStats.maxDuration*100),l.value=sr(tt);break;case Tr.ROWS:if(tt=e[h.ACTUAL_ROWS_REVISED],tt===void 0){l.value=null;break}o.value=Math.round(tt/t.value.planStats.maxRows*100)||0,l.value=oo(tt);break;case Tr.COST:if(tt=e[h.EXCLUSIVE_COST],tt===void 0){l.value=null;break}o.value=Math.round(tt/t.value.planStats.maxCost*100),l.value=h_(tt);break}}const b=Bt(()=>jH(o.value)),k=Bt(()=>{let tt=M.value?"Parallel ":"";return tt+=e[h.PARTIAL_MODE]?e[h.PARTIAL_MODE]+" ":"",tt+=e[h.NODE_TYPE],tt});function S(){const tt=t.value.planStats.executionTime||t.value.content?.Plan?.[h.ACTUAL_TOTAL_TIME],nt=e[h.EXCLUSIVE_DURATION];r.value=F.round(nt/tt*100)}function O(){const tt=t.value.content.maxTotalCost,nt=e[h.EXCLUSIVE_COST];i.value=F.round(nt/tt*100)}const R=Object.keys(e).find(tt=>tt===h.ROWS_REMOVED_BY_FILTER_REVISED||tt===h.ROWS_REMOVED_BY_JOIN_FILTER_REVISED||tt===h.ROWS_REMOVED_BY_INDEX_RECHECK_REVISED),x=Object.keys(h).find(tt=>h[tt]===R);function Y(){if(x){const tt=e[h[x]];_.value=tt;const nt=e[h.ACTUAL_ROWS_REVISED];f.value=F.floor(tt/(tt+nt)*100),f.value===100?E.value=">99":f.value===0?E.value="<1":E.value=f.value.toString()}}const y=Bt(()=>{let tt;const nt=r.value;return nt>90?tt=4:nt>40?tt=3:nt>10&&(tt=2),tt?"c-"+tt:!1}),K=Bt(()=>{let tt;const nt=e[h.PLANNER_ESTIMATE_FACTOR];return nt>1e3?tt=4:nt>100?tt=3:nt>10&&(tt=2),tt?"c-"+tt:!1}),P=Bt(()=>{let tt;const nt=i.value;return nt>90?tt=4:nt>40?tt=3:nt>10&&(tt=2),tt?"c-"+tt:!1}),X=Bt(()=>{let tt;const nt=f.value;return nt>90?tt=4:nt>50&&(tt=3),tt?"c-"+tt:!1}),ot=Bt(()=>{let tt;const nt=e[h.HEAP_FETCHES]/(e[h.ACTUAL_ROWS]+(e[h.ROWS_REMOVED_BY_FILTER]||0)+(e[h.ROWS_REMOVED_BY_JOIN_FILTER]||0))*100;return nt>90?tt=4:nt>40?tt=3:nt>0&&(tt=2),tt?"c-"+tt:!1}),xt=Bt(()=>E.value+"% of rows removed by filter"),Pt=Bt(()=>`Filter used:<br><pre class="mb-0" style="white-space: pre-wrap;"><code>${e[h.FILTER]}</code></pre>`),vt=Bt(()=>`Recheck condition:<br><pre class="mb-0" style="white-space: pre-wrap;"><code>${e[h.RECHECK_COND]}</code></pre>`),et=Bt(()=>!!t.value.planStats.executionTime&&!e[h.ACTUAL_LOOPS]),M=Bt(()=>e[h.PARALLEL_AWARE]),G=Bt(()=>{if(console.warn("Make sure it works for workers that are not array"),e[h.WORKERS_LAUNCHED])return e[h.WORKERS_LAUNCHED];if(e[h.WORKERS_LAUNCHED_BY_GATHER])return e[h.WORKERS_LAUNCHED_BY_GATHER];const tt=e[h.WORKERS];return tt?tt.length:NaN}),Rt=Bt(()=>e[h.WORKERS_LAUNCHED]||e[h.WORKERS_PLANNED_BY_GATHER]),U=Bt(()=>{const tt=e[h.WORKERS_PLANNED_BY_GATHER];return[...Array(tt).keys()].slice().reverse()}),w=Bt(()=>{switch(e[h.PLANNER_ESTIMATE_FACTOR]){case 1/0:return 100;case 1:return 0;default:return(e[h.PLANNER_ESTIMATE_FACTOR]||0)/t.value.planStats.maxEstimateFactor*100}}),ct=Bt(()=>e[h.EXCLUSIVE_SHARED_HIT_BLOCKS]/t.value.planStats.maxBlocks?.[ce.shared]*100),St=Bt(()=>e[h.EXCLUSIVE_SHARED_READ_BLOCKS]/t.value.planStats.maxBlocks?.[ce.shared]*100),yt=Bt(()=>e[h.EXCLUSIVE_SHARED_DIRTIED_BLOCKS]/t.value.planStats.maxBlocks?.[ce.shared]*100),dt=Bt(()=>e[h.EXCLUSIVE_SHARED_WRITTEN_BLOCKS]/t.value.planStats.maxBlocks?.[ce.shared]*100),j=Bt(()=>e[h.EXCLUSIVE_TEMP_READ_BLOCKS]/t.value.planStats.maxBlocks?.[ce.temp]*100),D=Bt(()=>e[h.EXCLUSIVE_TEMP_WRITTEN_BLOCKS]/t.value.planStats.maxBlocks?.[ce.temp]*100),L=Bt(()=>e[h.EXCLUSIVE_LOCAL_HIT_BLOCKS]/t.value.planStats.maxBlocks?.[ce.local]*100),J=Bt(()=>e[h.EXCLUSIVE_LOCAL_READ_BLOCKS]/t.value.planStats.maxBlocks?.[ce.local]*100),at=Bt(()=>e[h.EXCLUSIVE_LOCAL_DIRTIED_BLOCKS]/t.value.planStats.maxBlocks?.[ce.local]*100),Ct=Bt(()=>e[h.EXCLUSIVE_LOCAL_WRITTEN_BLOCKS]/t.value.planStats.maxBlocks?.[ce.local]*100),Xt=Bt(()=>["Rows: ",oo(e[h.ACTUAL_ROWS_REVISED])].join("")),ze=Bt(()=>{const tt=e[h.PLANNER_ESTIMATE_FACTOR],nt=e[h.PLANNER_ESTIMATE_DIRECTION];let st="";if(tt===void 0||nt===void 0)return"N/A";switch(nt){case Ln.over:st+="Over";break;case Ln.under:st+="Under";break;default:st+="Correctly"}return st+=" estimated",st+=tt!==1?" by <b>"+__(tt)+"</b>":"",st+="<br>",st+=`Rows: ${oo(e[h.ACTUAL_ROWS_REVISED])} `,st+=`(${oo(e[h.PLAN_ROWS_REVISED])} planned)`,st}),Qe=Bt(()=>["Cost: ",oo(e[h.EXCLUSIVE_COST])].join("")),_n=Bt(()=>`${h[x]}: ${rt.value}${oo(_.value)}`),W=Bt(()=>!!e[h.ACTUAL_ROWS_FRACTIONAL]),z=Bt(()=>e[h.ACTUAL_LOOPS]>1),rt=Bt(()=>!W.value&&z.value?"~":""),gt=Bt(()=>tt=>{let nt="",st,Wt,bt,Mt;switch(tt){case ce.shared:st=e[h.EXCLUSIVE_SHARED_HIT_BLOCKS],Wt=e[h.EXCLUSIVE_SHARED_READ_BLOCKS],Mt=e[h.EXCLUSIVE_SHARED_DIRTIED_BLOCKS],bt=e[h.EXCLUSIVE_SHARED_WRITTEN_BLOCKS];break;case ce.temp:Wt=e[h.EXCLUSIVE_TEMP_READ_BLOCKS],bt=e[h.EXCLUSIVE_TEMP_WRITTEN_BLOCKS];break;case ce.local:st=e[h.EXCLUSIVE_LOCAL_HIT_BLOCKS],Wt=e[h.EXCLUSIVE_LOCAL_READ_BLOCKS],Mt=e[h.EXCLUSIVE_LOCAL_DIRTIED_BLOCKS],bt=e[h.EXCLUSIVE_LOCAL_WRITTEN_BLOCKS];break}switch(nt+='<table class="table table-sm table-borderless mb-0">',nt+=st?'<tr><td>Hit:</td><td class="text-end">'+Wn(st,!0)+"</td></tr>":"",nt+=Wt?'<tr><td>Read:</td><td class="text-end">'+Wn(Wt,!0)+"</td></tr>":"",nt+=Mt?'<tr><td>Dirtied:</td><td class="text-end">'+Wn(Mt,!0)+"</td></tr>":"",nt+=bt?'<tr><td>Written:</td><td class="text-end">'+Wn(bt,!0)+"</td></tr>":"",nt+="</table>",!st&&!Wt&&!Mt&&!bt&&(nt=" N/A"),tt){case ce.shared:nt="Shared Blocks:"+nt;break;case ce.temp:nt="Temp Blocks:"+nt;break;case ce.local:nt="Local Blocks:"+nt;break}return nt}),mt=Bt(()=>tt=>{let nt='<table class="table table-sm table-borderless mb-0">';return nt+=`<tr><td>${tt}:</td><td class="text-end">`,e[tt]&&(nt+=`${Wn(e[tt],!0)}</td></tr>`),nt}),ht=Bt(()=>`Heap Fetches: ${e[h.HEAP_FETCHES]?.toLocaleString()}`);function wt(tt){const nt=h[tt],st=e[nt];return Vl(nt,st)}return{barColor:b,barWidth:o,buffersByLocationTooltip:gt,buffersByMetricTooltip:mt,costClass:P,costTooltip:Qe,durationClass:y,estimateFactorPercent:w,estimateFactorTooltip:ze,estimationClass:K,executionTimePercent:r,filterTooltip:xt,filterDetailTooltip:Pt,formattedProp:wt,heapFetchesClass:ot,heapFetchesTooltip:ht,highlightValue:l,indexRecheckTooltip:vt,isNeverExecuted:et,isParallelAware:M,localDirtiedPercent:at,localHitPercent:L,localReadPercent:J,localWrittenPercent:Ct,nodeName:k,plannerRowEstimateDirection:u,plannerRowEstimateValue:c,rowsRemoved:_,rowsRemovedClass:X,rowsRemovedPercent:f,rowsRemovedPercentString:E,rowsRemovedProp:x,rowsRemovedTooltip:_n,rowsTooltip:Xt,sharedDirtiedPercent:yt,sharedHitPercent:ct,sharedReadPercent:St,sharedWrittenPercent:dt,tempReadPercent:j,tempWrittenPercent:D,tilde:rt,workersLaunchedCount:G,workersPlannedCount:Rt,workersPlannedCountReversed:U}}const JH={key:0,class:"text-end"},QH={key:1,class:"text-end"},ZH={key:2,class:"text-end"},tW={key:3,class:"text-end"},gu=we({__name:"IoTimingsRow",props:{node:{},scope:{},exclusive:{type:Boolean,default:()=>!1}},setup(t){const e=t,r=new Pa().getHelpMessage,i=e.exclusive?"EXCLUSIVE_":"",o=Bn(e.node),l=Re(zr),c=Re(Ws),{formattedProp:u}=Io(l,o,c),_=e.scope?`${e.scope}_`.toUpperCase():"",f=e.scope?Bv.capitalize(e.scope):"Shared/Local",E=i+_+"IO_READ_TIME",A=i+"AVERAGE_"+_+"IO_READ_SPEED",b=i+_+"IO_WRITE_TIME",k=i+"AVERAGE_"+_+"IO_WRITE_SPEED";return(S,O)=>(N(),B("tr",null,[T("td",null,ut(p(f)),1),O[5]||(O[5]=g()),o[p(h)[E]]?(N(),B("td",JH,[g(ut(p(u)(E))+" ",1),O[0]||(O[0]=T("br",null,null,-1)),O[1]||(O[1]=g()),T("small",null,"~"+ut(p(u)(A)),1),O[2]||(O[2]=g()),o[p(h).WORKERS_PLANNED]||o[p(h).WORKERS_PLANNED_BY_GATHER]?Ce((N(),he(p(Te),{key:0,icon:p(Ls),class:"cursor-help d-inline-block text-secondary"},null,8,["icon"])),[[p(xe),{content:p(r)("io timings parallel")}]]):Z("",!0)])):(N(),B("td",QH,"-")),O[6]||(O[6]=g()),o[p(h)[b]]?(N(),B("td",ZH,[g(ut(p(u)(b))+" ",1),O[3]||(O[3]=T("br",null,null,-1)),O[4]||(O[4]=g()),T("small",null,"~"+ut(p(u)(k)),1)])):(N(),B("td",tW,"-"))]))}}),eW={key:0,class:"table table-sm"},zl=we({__name:"IoTooltip",props:{node:{},exclusive:{type:Boolean,default:()=>!1}},setup(t){const e=t,n=Bt(()=>e.exclusive?"EXCLUSIVE_":""),r=Bn(e.node);return(i,o)=>r[p(h)[n.value+"IO_READ_TIME"]]||r[p(h)[n.value+"IO_WRITE_TIME"]]||r[p(h)[n.value+"SHARED_IO_READ_TIME"]]||r[p(h)[n.value+"SHARED_IO_WRITE_TIME"]]||r[p(h)[n.value+"LOCAL_IO_READ_TIME"]]||r[p(h)[n.value+"LOCAL_IO_WRITE_TIME"]]||r[p(h)[n.value+"TEMP_IO_READ_TIME"]]||r[p(h)[n.value+"TEMP_IO_WRITE_TIME"]]?(N(),B("table",eW,[o[3]||(o[3]=T("thead",null,[T("tr",null,[T("th",{class:"text-nowrap"},"I/O Timings"),g(),T("td",{class:"text-end",width:"50%"},"Read"),g(),T("td",{class:"text-end",width:"50%"},"Write")])],-1)),o[4]||(o[4]=g()),T("tbody",null,[r[p(h)[n.value+"IO_READ_TIME"]]||r[p(h)[n.value+"IO_WRITE_TIME"]]?(N(),he(gu,{key:0,node:r,exclusive:i.exclusive},null,8,["node","exclusive"])):Z("",!0),o[0]||(o[0]=g()),r[p(h)[n.value+"SHARED_IO_READ_TIME"]]||r[p(h)[n.value+"SHARED_IO_WRITE_TIME"]]?(N(),he(gu,{key:1,node:r,scope:p(Hu).SHARED,exclusive:i.exclusive},null,8,["node","scope","exclusive"])):Z("",!0),o[1]||(o[1]=g()),r[p(h)[n.value+"LOCAL_IO_READ_TIME"]]||r[p(h)[n.value+"LOCAL_IO_WRITE_TIME"]]?(N(),he(gu,{key:2,node:r,scope:p(Hu).LOCAL,exclusive:i.exclusive},null,8,["node","scope","exclusive"])):Z("",!0),o[2]||(o[2]=g()),r[p(h)[n.value+"TEMP_IO_READ_TIME"]]||r[p(h)[n.value+"TEMP_IO_WRITE_TIME"]]?(N(),he(gu,{key:3,node:r,scope:p(Hu).TEMP,exclusive:i.exclusive},null,8,["node","scope","exclusive"])):Z("",!0)])])):Z("",!0)}}),nW={key:0},rW=["innerHTML"],iW=["innerHTML"],sW=["innerHTML"],oW=["innerHTML"],aW={class:"fw-normal small"},lW={class:"node-type pe-2"},cW={key:0,class:"progress rounded-0 align-items-center bg-transparent",style:{height:"5px"}},uW={key:1,class:"progress rounded-0 align-items-center bg-transparent",style:{height:"5px"}},dW={key:2,class:"progress rounded-0 align-items-center bg-transparent justify-content-center",style:{height:"10px"}},fW={class:"text-secondary small"},pW={key:1,class:"fa fa-fw d-inline-block"},hW={class:"text-secondary small"},_W={key:1,class:"fa fa-fw d-inline-block"},mW={key:3,class:"progress rounded-0 align-items-center bg-transparent",style:{height:"5px"}},EW={key:4,class:"progress rounded-0 align-items-center bg-transparent",style:{height:"5px"}},gW={key:5,class:"progress rounded-0 align-items-center bg-transparent",style:{height:"5px"}},TW={key:6,class:"progress rounded-0 align-items-center bg-transparent",style:{height:"5px"}},SW={key:7,class:"progress rounded-0 align-items-center bg-transparent",style:{height:"5px"}},AW=we({__name:"DiagramRow",props:{node:{},level:{},isSubplan:{type:Boolean},isLastChild:{type:Boolean},branches:{},index:{},viewOptions:{}},setup(t){const e=t,n=Bn(e.node),r=Bn(e.viewOptions),i=te(null),o=Re(zr),l=Re(sd),c=Re(Ro);if(!c)throw new Error(`Could not resolve ${Ro.description}`);const u=Re(Vd),_=Re(Ws),{buffersByLocationTooltip:f,costTooltip:E,estimateFactorPercent:A,estimateFactorTooltip:b,nodeName:k,rowsTooltip:S}=Io(o,n,_),O=Re("scrollTo");return bn(()=>l?.value,R=>{R==n.nodeId&&i.value&&O?.(i.value)}),(R,x)=>{const Y=rS("tippy");return N(),he(Y,{class:kt(["no-focus-outline node",{selected:n.nodeId===p(l),highlight:n.nodeId===p(u)}]),tag:"tr",onMouseenter:x[0]||(x[0]=y=>u.value=n.nodeId),onMouseleave:x[1]||(x[1]=y=>u.value=void 0),onClick:x[2]||(x[2]=De(y=>p(c)(n.nodeId,!0),["prevent"]))},{content:ye(()=>[n[p(h).CTE_NAME]?(N(),B("div",nW,[T("em",null,"CTE "+ut(n[p(h).CTE_NAME]),1)])):Z("",!0),x[3]||(x[3]=g()),r.metric==p(Be).time?(N(),he(zv,{key:1,node:n},null,8,["node"])):r.metric==p(Be).io?(N(),he(zl,{key:2,node:n,exclusive:"",class:"mb-0"},null,8,["node"])):r.metric==p(Be).rows?(N(),B("div",{key:3,innerHTML:p(S)},null,8,rW)):r.metric==p(Be).estimate_factor?(N(),B("div",{key:4,innerHTML:p(b)},null,8,iW)):r.metric==p(Be).cost?(N(),B("div",{key:5,innerHTML:p(E)},null,8,sW)):r.metric==p(Be).buffers?(N(),B("div",{key:6,innerHTML:p(f)(r.buffersMetric)},null,8,oW)):Z("",!0)]),default:ye(()=>[x[18]||(x[18]=g()),T("td",{class:"node-index",ref_key:"rootEl",ref:i},[T("span",aW,"#"+ut(n.nodeId),1)],512),x[19]||(x[19]=g()),T("td",lW,[Tt(Gd,{isSubplan:R.isSubplan,isNode:"",isLastChild:!!R.isLastChild,level:R.level,branches:R.branches,index:R.index,dense:""},null,8,["isSubplan","isLastChild","level","branches","index"]),g(" "+ut(p(k)),1)]),x[20]||(x[20]=g()),T("td",null,[r.metric==p(Be).time?(N(),B("div",cW,[T("div",{class:kt(["progress-bar border-secondary bg-secondary",{"border-start":n[p(h).EXCLUSIVE_DURATION]>0}]),role:"progressbar",style:qe([{height:"5px"},{width:n[p(h).EXCLUSIVE_DURATION]/(p(o).planStats.executionTime||p(o).content.Plan[p(h).ACTUAL_TOTAL_TIME])*100+"%"}]),"aria-valuenow":"15","aria-valuemin":"0","aria-valuemax":"100"},null,6),x[4]||(x[4]=g()),T("div",{class:"progress-bar bg-secondary-light",role:"progressbar",style:qe([{height:"5px"},{width:(n[p(h).ACTUAL_TOTAL_TIME]-n[p(h).EXCLUSIVE_DURATION])/(p(o).planStats.executionTime||p(o).content.Plan[p(h).ACTUAL_TOTAL_TIME])*100+"%"}]),"aria-valuenow":"15","aria-valuemin":"0","aria-valuemax":"100"},null,4)])):r.metric==p(Be).rows?(N(),B("div",uW,[T("div",{class:"bg-secondary",role:"progressbar",style:qe([{height:"5px"},{width:Math.round(n[p(h).ACTUAL_ROWS_REVISED]/p(o).planStats.maxRows*100)+"%"}]),"aria-valuenow":"15","aria-valuemin":"0","aria-valuemax":"100"},null,4)])):r.metric==p(Be).estimate_factor?(N(),B("div",dW,[T("span",fW,[n[p(h).PLANNER_ESTIMATE_DIRECTION]===p(Ln).under?(N(),he(p(Te),{key:0,"fixed-width":"",icon:p(Pv)},null,8,["icon"])):(N(),B("i",pW))]),x[5]||(x[5]=g()),T("div",{class:kt(["progress-bar",[n[p(h).PLANNER_ESTIMATE_DIRECTION]===p(Ln).under?"bg-secondary":"bg-transparent"]]),role:"progressbar",style:qe([{height:"5px"},{width:p(A)+"%"}]),"aria-valuenow":"15","aria-valuemin":"0","aria-valuemax":"100"},null,6),x[6]||(x[6]=g()),x[7]||(x[7]=T("div",{class:"progress-bar border-start bg-secondary",role:"progressbar",style:{width:"1px",height:"5px"},"aria-valuenow":"15","aria-valuemin":"0","aria-valuemax":"100"},null,-1)),x[8]||(x[8]=g()),T("div",{class:kt(["progress-bar",[n[p(h).PLANNER_ESTIMATE_DIRECTION]===p(Ln).over?"bg-secondary":"bg-transparent"]]),role:"progressbar",style:qe([{height:"5px"},{width:p(A)+"%"}]),"aria-valuenow":"15","aria-valuemin":"0","aria-valuemax":"100"},null,6),x[9]||(x[9]=g()),T("span",hW,[n[p(h).PLANNER_ESTIMATE_DIRECTION]===p(Ln).over?(N(),he(p(Te),{key:0,"fixed-width":"",icon:p(Hv)},null,8,["icon"])):(N(),B("i",_W))])])):r.metric==p(Be).cost?(N(),B("div",mW,[T("div",{class:kt(["bg-secondary",{"border-secondary border-start":n[p(h).EXCLUSIVE_COST]>0}]),role:"progressbar",style:qe([{height:"5px"},{width:Math.round(n[p(h).EXCLUSIVE_COST]/p(o).planStats.maxCost*100)+"%"}]),"aria-valuenow":"15","aria-valuemin":"0","aria-valuemax":"100"},null,6)])):r.metric==p(Be).buffers&&r.buffersMetric==p(ce).shared&&p(o).planStats.maxBlocks?.[p(ce).shared]?(N(),B("div",EW,[T("div",{class:kt(["bg-hit",{"border-start border-hit":n[p(h).EXCLUSIVE_SHARED_HIT_BLOCKS]>0}]),role:"progressbar",style:qe([{height:"5px"},{width:(Math.round(n[p(h).EXCLUSIVE_SHARED_HIT_BLOCKS]/p(o).planStats.maxBlocks?.[p(ce).shared]*100)||0)+"%"}]),"aria-valuenow":"15","aria-valuemin":"0","aria-valuemax":"100"},null,6),x[10]||(x[10]=g()),T("div",{class:kt(["bg-read",{"border-start border-read":n[p(h).EXCLUSIVE_SHARED_READ_BLOCKS]>0}]),role:"progressbar",style:qe([{height:"5px"},{width:(Math.round(n[p(h).EXCLUSIVE_SHARED_READ_BLOCKS]/p(o).planStats.maxBlocks?.[p(ce).shared]*100)||0)+"%"}]),"aria-valuenow":"15","aria-valuemin":"0","aria-valuemax":"100"},null,6),x[11]||(x[11]=g()),T("div",{class:kt(["bg-dirtied",{"border-start border-dirtied":n[p(h).EXCLUSIVE_SHARED_DIRTIED_BLOCKS]>0}]),role:"progressbar",style:qe([{height:"5px"},{width:(Math.round(n[p(h).EXCLUSIVE_SHARED_DIRTIED_BLOCKS]/p(o).planStats.maxBlocks?.[p(ce).shared]*100)||0)+"%"}]),"aria-valuenow":"15","aria-valuemin":"0","aria-valuemax":"100"},null,6),x[12]||(x[12]=g()),T("div",{class:kt(["bg-written",{"border-start border-written":n[p(h).EXCLUSIVE_SHARED_WRITTEN_BLOCKS]>0}]),role:"progressbar",style:qe([{height:"5px"},{width:(Math.round(n[p(h).EXCLUSIVE_SHARED_WRITTEN_BLOCKS]/p(o).planStats.maxBlocks?.[p(ce).shared]*100)||0)+"%"}]),"aria-valuenow":"15","aria-valuemin":"0","aria-valuemax":"100"},null,6)])):r.metric==p(Be).buffers&&r.buffersMetric==p(ce).temp&&p(o).planStats.maxBlocks?.[p(ce).temp]?(N(),B("div",gW,[T("div",{class:"bg-read",role:"progressbar",style:qe([{height:"5px"},{width:(Math.round(n[p(h).EXCLUSIVE_TEMP_READ_BLOCKS]/p(o).planStats.maxBlocks?.[p(ce).temp]*100)||0)+"%"}]),"aria-valuenow":"15","aria-valuemin":"0","aria-valuemax":"100"},null,4),x[13]||(x[13]=g()),T("div",{class:"bg-written",role:"progressbar",style:qe([{width:(Math.round(n[p(h).EXCLUSIVE_TEMP_WRITTEN_BLOCKS]/p(o).planStats.maxBlocks?.[p(ce).temp]*100)||0)+"%"},{height:"5px"}]),"aria-valuenow":"15","aria-valuemin":"0","aria-valuemax":"100"},null,4)])):r.metric==p(Be).buffers&&r.buffersMetric==p(ce).local&&p(o).planStats.maxBlocks?.[p(ce).local]?(N(),B("div",TW,[T("div",{class:"bg-hit",role:"progressbar",style:qe([{height:"5px"},{width:(Math.round(n[p(h).EXCLUSIVE_LOCAL_HIT_BLOCKS]/p(o).planStats.maxBlocks?.[p(ce).local]*100)||0)+"%"}]),"aria-valuenow":"15","aria-valuemin":"0","aria-valuemax":"100"},null,4),x[14]||(x[14]=g()),T("div",{class:"bg-read",role:"progressbar",style:qe([{width:(Math.round(n[p(h).EXCLUSIVE_LOCAL_READ_BLOCKS]/p(o).planStats.maxBlocks?.[p(ce).local]*100)||0)+"%"},{height:"5px"}]),"aria-valuenow":"15","aria-valuemin":"0","aria-valuemax":"100"},null,4),x[15]||(x[15]=g()),T("div",{class:"bg-dirtied",role:"progressbar",style:qe([{height:"5px"},{width:(Math.round(n[p(h).EXCLUSIVE_LOCAL_DIRTIED_BLOCKS]/p(o).planStats.maxBlocks?.[p(ce).local]*100)||0)+"%"}]),"aria-valuenow":"15","aria-valuemin":"0","aria-valuemax":"100"},null,4),x[16]||(x[16]=g()),T("div",{class:"bg-written",role:"progressbar",style:qe([{height:"5px"},{width:(Math.round(n[p(h).EXCLUSIVE_LOCAL_WRITTEN_BLOCKS]/p(o).planStats?.maxBlocks?.[p(ce).local]*100)||0)+"%"}]),"aria-valuenow":"15","aria-valuemin":"0","aria-valuemax":"100"},null,4)])):r.metric==p(Be).io&&(p(o).content.Plan[p(h).SUM_IO_READ_TIME]||p(o).content.Plan[p(h).SUM_IO_WRITE_TIME])?(N(),B("div",SW,[T("div",{class:"bg-read",role:"progressbar",style:qe([{height:"5px"},{width:(Math.round(n[p(h).EXCLUSIVE_SUM_IO_READ_TIME]/p(o).planStats?.maxIo*100)||0)+"%"}]),"aria-valuenow":"15","aria-valuemin":"0","aria-valuemax":"100"},null,4),x[17]||(x[17]=g()),T("div",{class:"bg-written",role:"progressbar",style:qe([{height:"5px"},{width:(Math.round(n[p(h).EXCLUSIVE_SUM_IO_WRITE_TIME]/p(o).planStats?.maxIo*100)||0)+"%"}]),"aria-valuenow":"15","aria-valuemin":"0","aria-valuemax":"100"},null,4)])):Z("",!0)])]),_:1,__:[18,19,20]},8,["class"])}}}),vW={class:"diagram"},RW={class:"flex-shrink-0"},OW={class:"text-center my-1"},LW={class:"btn-group btn-group-xs"},bW=["disabled"],yW={key:0,class:"text-center my-1"},CW={class:"btn-group btn-group-xs"},IW=["disabled"],NW=["disabled"],xW=["disabled"],wW={class:"legend text-center"},kW={key:0,class:"list-unstyled list-inline mb-0"},BW={key:0,class:"list-inline-item"},DW={key:1,class:"list-inline-item"},PW={key:0},MW={key:0},HW=["colspan"],WW=["onClick"],UW={key:1,class:"p-2 text-center text-secondary"},$W=we({__name:"Diagram",setup(t){const n=new Pa().getHelpMessage,r=Re(zr),i=te(null),o=Re(Ro);if(!o)throw new Error(`Could not resolve ${Ro.description}`);const l=Re(Vd),c=[[]],u=Bn({metric:Be.time,buffersMetric:ce.shared});ks(()=>{const k=localStorage.getItem("diagramViewOptions");k&&F.assignIn(u,JSON.parse(k)),f(c[0],0,r.value.content.Plan,!0,[]),F.each(r.value.ctes,O=>{const R=[];f(R,0,O,!0,[]),c.push(R)});const S=F.keys(r.value.planStats.maxBlocks);F.indexOf(S,u.buffersMetric)===-1&&(u.buffersMetric=F.min(S))}),bn(u,_);function _(){localStorage.setItem("diagramViewOptions",JSON.stringify(u))}function f(k,S,O,R,x){k.push([S,O,R,F.concat([],x)]),R||x.push(S),F.each(O.Plans,Y=>{f(k,S+1,Y,Y===F.last(O.Plans),x)}),R||x.pop()}const E=Bt(()=>u.metric===Be.buffers?!!u.buffersMetric:!0);function A(k){return F.startsWith(k[h.SUBPLAN_NAME],"CTE")}function b(k){i.value&&vH(i.value,k)}return Yn("scrollTo",b),(k,S)=>(N(),B("div",vW,[T("div",RW,[T("div",OW,[T("div",LW,[T("button",{class:kt(["btn btn-outline-secondary",{active:u.metric===p(Be).time}]),onClick:S[0]||(S[0]=O=>u.metric=p(Be).time)},`
            time
          `,2),S[9]||(S[9]=g()),T("button",{class:kt(["btn btn-outline-secondary",{active:u.metric===p(Be).rows}]),onClick:S[1]||(S[1]=O=>u.metric=p(Be).rows)},`
            rows
          `,2),S[10]||(S[10]=g()),T("button",{class:kt(["btn btn-outline-secondary",{active:u.metric===p(Be).estimate_factor}]),onClick:S[2]||(S[2]=O=>u.metric=p(Be).estimate_factor)},`
            estimation
          `,2),S[11]||(S[11]=g()),T("button",{class:kt(["btn btn-outline-secondary",{active:u.metric===p(Be).cost}]),onClick:S[3]||(S[3]=O=>u.metric=p(Be).cost)},`
            cost
          `,2),S[12]||(S[12]=g()),T("button",{class:kt(["btn btn-outline-secondary",{active:u.metric===p(Be).buffers}]),onClick:S[4]||(S[4]=O=>u.metric=p(Be).buffers)},`
            buffers
          `,2),S[13]||(S[13]=g()),T("button",{class:kt(["btn btn-outline-secondary",{active:u.metric===p(Be).io}]),onClick:S[5]||(S[5]=O=>u.metric=p(Be).io),disabled:!p(r).planStats.maxIo},`
            IO
          `,10,bW)])]),S[25]||(S[25]=g()),u.metric==p(Be).buffers?(N(),B("div",yW,[T("div",CW,[T("button",{class:kt(["btn btn-outline-secondary",{active:u.buffersMetric===p(ce).shared}]),onClick:S[6]||(S[6]=O=>u.buffersMetric=p(ce).shared),disabled:!p(r).planStats.maxBlocks?.[p(ce).shared]},`
            shared
          `,10,IW),S[14]||(S[14]=g()),T("button",{class:kt(["btn btn-outline-secondary",{active:u.buffersMetric===p(ce).temp}]),onClick:S[7]||(S[7]=O=>u.buffersMetric=p(ce).temp),disabled:!p(r).planStats.maxBlocks?.[p(ce).temp]},`
            temp
          `,10,NW),S[15]||(S[15]=g()),T("button",{class:kt(["btn btn-outline-secondary",{active:u.buffersMetric===p(ce).local}]),onClick:S[8]||(S[8]=O=>u.buffersMetric=p(ce).local),disabled:!p(r).planStats.maxBlocks?.[p(ce).local]},`
            local
          `,10,xW)])])):Z("",!0),S[26]||(S[26]=g()),T("div",wW,[u.metric==p(Be).buffers?(N(),B("ul",kW,[u.buffersMetric!=p(ce).temp?(N(),B("li",BW,S[16]||(S[16]=[T("span",{class:"bg-hit rounded"},null,-1),g(`
            Hit
          `)]))):Z("",!0),S[18]||(S[18]=g()),S[19]||(S[19]=T("li",{class:"list-inline-item"},[T("span",{class:"bg-read"}),g(`
            Read
          `)],-1)),S[20]||(S[20]=g()),u.buffersMetric!=p(ce).temp?(N(),B("li",DW,S[17]||(S[17]=[T("span",{class:"bg-dirtied"},null,-1),g(`
            Dirtied
          `)]))):Z("",!0),S[21]||(S[21]=g()),S[22]||(S[22]=T("li",{class:"list-inline-item"},[T("span",{class:"bg-written"}),g(`
            Written
          `)],-1))])):Z("",!0),S[24]||(S[24]=g()),u.metric==p(Be).io?(N(),B(Ft,{key:1},[S[23]||(S[23]=j2(`<ul class="list-unstyled list-inline mb-0 d-inline-block"><li class="list-inline-item"><span class="bg-read"></span>
              Read
            </li> <li class="list-inline-item"><span class="bg-written"></span>
              Write
            </li></ul> `,2)),Ce(Tt(p(Te),{icon:p(Ls),class:"cursor-help d-inline-block text-secondary"},null,8,["icon"]),[[p(xe),{content:p(n)("hint track_io_timing"),allowHTML:!0}]])],64)):Z("",!0)])]),S[34]||(S[34]=g()),T("div",{class:"overflow-auto flex-grow-1",ref_key:"container",ref:i},[E.value?(N(),B("table",{key:0,class:kt(["m-1",{highlight:!!p(l)}])},[(N(),B(Ft,null,Je(c,(O,R)=>T("tbody",{key:R},[R===0&&c.length>1?(N(),B("tr",PW,S[27]||(S[27]=[T("th",{colspan:"3",class:"subplan"},"Main Query Plan",-1)]))):Z("",!0),S[32]||(S[32]=g()),(N(!0),B(Ft,null,Je(O,(x,Y)=>(N(),B(Ft,{key:Y},[x[1][p(h).SUBPLAN_NAME]?(N(),B("tr",MW,[S[29]||(S[29]=T("td",null,null,-1)),S[30]||(S[30]=g()),T("td",{class:kt(["subplan pe-2",{"fw-bold":A(x[1])}]),colspan:A(x[1])?3:2},[Tt(Gd,{isSubplan:!!x[1][p(h).SUBPLAN_NAME],isLastChild:!!x[2],level:x[0],branches:x[3],index:Y,dense:""},null,8,["isSubplan","isLastChild","level","branches","index"]),S[28]||(S[28]=g()),T("a",{class:"fst-italic text-reset",href:"",onClick:De(y=>p(o)(x[1].nodeId,!0),["prevent"])},ut(x[1][p(h).SUBPLAN_NAME]),9,WW)],10,HW)])):Z("",!0),S[31]||(S[31]=g()),Tt(AW,{node:x[1],isSubplan:!!x[1][p(h).SUBPLAN_NAME],isLastChild:!!x[2],level:x[0],branches:x[3],index:Y,viewOptions:u},null,8,["node","isSubplan","isLastChild","level","branches","index","viewOptions"])],64))),128))])),64))],2)):(N(),B("div",UW,S[33]||(S[33]=[T("em",null," No data available ",-1)])))],512)]))}}),FW={class:"grid-progress progress rounded-0 bg-transparent"},Nn=we({__name:"GridProgressBar",props:{percentage:{},percentage2:{}},setup(t){return(e,n)=>(N(),B("div",FW,[T("div",{class:kt(["bg-secondary border-secondary opacity-50",{"border-start":e.percentage>0}]),style:qe({width:e.percentage+"%"})},null,6),n[0]||(n[0]=g()),e.percentage2?(N(),B("div",{key:0,class:kt(["bg-secondary border-secondary opacity-20",{"border-start":e.percentage2>0}]),style:qe({width:e.percentage2+"%"})},null,6)):Z("",!0)]))}}),VW={class:"px-1"},zW={key:0,class:"text-warning"},GW={class:"px-1"},XW={key:0,class:"text-warning"},KW={class:"card-header"},YW={class:"list-group list-group-flush"},qW={key:0,class:"list-group-item d-flex flex-row"},jW={class:"col-6"},JW=["innerHTML"],Gv=we({__name:"WorkersDetail",props:{node:{}},setup(t){const n=Bn(t.node),r=Re(zr),i=Re(Ws),l=new Pa().getHelpMessage,{workersLaunchedCount:c,workersPlannedCount:u}=Io(r,n,i);return(_,f)=>(N(),B(Ft,null,[T("div",null,[f[1]||(f[1]=T("b",null,"Workers planned: ",-1)),f[2]||(f[2]=g()),T("span",VW,ut(p(u)),1),f[3]||(f[3]=g()),!n[p(h).WORKERS_PLANNED]&&!n[p(h).WORKERS]&&(!p(r).isVerbose||!p(r).isAnalyze)?(N(),B("em",zW,[Ce(Tt(p(Te),{icon:p(z1),class:"cursor-help"},null,8,["icon"]),[[p(xe),p(l)("fuzzy needs verbose")]])])):Z("",!0)]),f[9]||(f[9]=g()),T("div",null,[f[4]||(f[4]=T("b",null,"Workers launched: ",-1)),f[5]||(f[5]=g()),T("span",GW,ut(p(c)),1),f[6]||(f[6]=g()),!n[p(h).WORKERS_LAUNCHED]&&!n[p(h).WORKERS]&&(!p(r).isVerbose||!p(r).isAnalyze)?(N(),B("em",XW,[Ce(Tt(p(Te),{icon:p(z1),class:"cursor-help"},null,8,["icon"]),[[p(xe),p(l)("fuzzy needs verbose")]])])):Z("",!0)]),f[10]||(f[10]=g()),p(F).isArray(n[p(h).WORKERS])?(N(),B("div",{key:0,class:"overflow-auto",style:{"max-height":"300px"},onWheel:f[0]||(f[0]=De(()=>{},["stop"]))},[(N(!0),B(Ft,null,Je(n[p(h).WORKERS],(E,A)=>(N(),B("div",{key:A,class:"card mt-2"},[T("div",KW,[T("b",null,"Worker "+ut(E[p(zd).WORKER_NUMBER]),1)]),f[8]||(f[8]=g()),T("ul",YW,[(N(!0),B(Ft,null,Je(E,(b,k)=>(N(),B(Ft,{key:k},[p($v)(k,b)?(N(),B("li",qW,[T("div",jW,ut(k),1),f[7]||(f[7]=g()),T("div",{class:"col-6",innerHTML:p(Vl)(k,b)},null,8,JW)])):Z("",!0)],64))),128))])]))),128))],32)):Z("",!0)],64))}}),QW={class:"table table-sm prop-list mb-0"},ZW={key:0},t5={width:"40%"},e5=["innerHTML"],Xv=we({__name:"MiscDetail",props:{node:{}},setup(t){const e=te(),r=Bn(t.node);ks(()=>{i()});function i(){e.value=F.chain(r).omit(h.PLANS).omit(h.WORKERS).map((o,l)=>({key:l,value:o})).value()}return(o,l)=>(N(),B(Ft,null,[T("table",QW,[(N(!0),B(Ft,null,Je(e.value,(c,u)=>(N(),B(Ft,{key:u},[p($v)(c.key,c.value)?(N(),B("tr",ZW,[T("td",t5,ut(c.key),1),l[0]||(l[0]=g()),T("td",{innerHTML:p(Vl)(c.key,c.value)},null,8,e5)])):Z("",!0)],64))),128))]),l[1]||(l[1]=g()),l[2]||(l[2]=T("div",{class:"text-secondary text-end"},[T("em",null,"* Calculated value")],-1))],64))}}),n5={height:"1em",width:"1em",viewBox:"0 0 20 20",class:"me-1",style:{"margin-left":"-8px"}},cl=we({__name:"SeverityBullet",props:["severity"],setup(t){return(e,n)=>(N(),B("svg",n5,[T("circle",{r:"7",cx:"10",cy:"10",class:kt(t.severity),stroke:"white","stroke-width":"1"},null,2)]))}}),r5={class:"node-index text-secondary"},i5=["href"],s5={class:"font-weight-normal"},o5={class:"position-relative d-flex"},a5={class:"flex-grow-1"},l5={key:0,class:"text-body-secondary mt-1"},c5={key:0,class:"text-body-secondary mt-1"},u5={key:0,class:"text-body-secondary mt-1"},d5={key:3,class:"text-end grid-progress-cell text-nowrap"},f5={class:"position-relative"},p5={key:4,class:"text-end grid-progress-cell text-nowrap"},h5={key:0},_5={key:0,class:"position-relative d-flex"},m5={class:"flex-grow-1"},E5=["innerHTML"],g5={key:0},T5={key:1},S5={key:1,class:"text-body-secondary mt-1"},A5={key:5,class:"text-end grid-progress-cell text-nowrap"},v5={class:"position-relative d-flex"},R5={class:"flex-grow-1"},O5={key:6,class:"text-end text-nowrap"},L5={key:0},b5={key:7,class:"text-end grid-progress-cell text-nowrap"},y5={class:"position-relative d-flex"},C5={class:"flex-grow-1"},I5={key:0,class:"text-body-secondary mt-1"},N5={key:8,class:"text-end grid-progress-cell text-nowrap"},x5={class:"position-relative d-flex"},w5={class:"flex-grow-1"},k5={class:"d-inline"},B5={class:"border border-secondary px-1 bg-light",style:{"--bs-border-opacity":"0.5"}},D5={class:"text-body-secondary"},P5={key:0},M5={key:1},H5=["innerHTML"],W5=["innerHTML"],U5=["innerHTML"],$5=["innerHTML"],F5=["innerHTML"],V5={key:7,class:"text-reset"},z5={class:"text-wrap"},G5={key:0,class:"node-description mt-1"},X5={class:"node-type"},K5=["innerHTML"],Y5={class:"nav nav-tabs mt-1"},q5={class:"nav-item"},j5={class:"nav-item"},J5={class:"nav-item"},Q5={class:"tab-content bg-white"},Z5=["innerHTML"],t8={key:9,class:"text-end text-nowrap grid-progress-cell"},e8={class:"position-relative"},n8={key:0,class:"text-body-secondary mt-1"},r8={key:10,class:"text-end text-nowrap grid-progress-cell"},i8={class:"position-relative"},s8={key:0,class:"text-body-secondary mt-1"},o8={key:11,class:"text-end text-nowrap grid-progress-cell"},a8={class:"position-relative"},l8={key:0,class:"text-body-secondary mt-1"},c8={key:12,class:"text-end text-nowrap grid-progress-cell"},u8={class:"position-relative"},d8={key:0,class:"text-body-secondary mt-1"},f8={key:13,class:"text-end text-nowrap grid-progress-cell"},p8={class:"position-relative"},h8={key:0,class:"text-body-secondary mt-1"},_8={key:14,class:"text-end text-nowrap grid-progress-cell"},m8={class:"position-relative"},E8={key:0,class:"text-body-secondary mt-1"},g8={key:15,class:"text-end text-nowrap grid-progress-cell"},T8={class:"position-relative"},S8={key:0,class:"text-body-secondary mt-1"},A8={key:16,class:"text-end text-nowrap grid-progress-cell"},v8={class:"position-relative"},R8={key:0,class:"text-body-secondary mt-1"},O8={key:17,class:"text-end text-nowrap grid-progress-cell"},L8={class:"position-relative"},b8={key:0,class:"text-body-secondary mt-1"},y8={key:18,class:"text-end text-nowrap grid-progress-cell"},C8={class:"position-relative"},I8={key:0,class:"text-body-secondary mt-1"},N8=we({__name:"GridRow",props:{node:{},level:{},isSubplan:{type:Boolean},isLastChild:{type:Boolean},branches:{},index:{},columns:{}},setup(t){const n=new Pa().getNodeTypeDescription,i=Bn(t.node),o=Re(zr),l=Re(Ws),c=te("misc"),{buffersByMetricTooltip:u,costClass:_,costTooltip:f,durationClass:E,estimationClass:A,estimateFactorPercent:b,estimateFactorTooltip:k,executionTimePercent:S,formattedProp:O,heapFetchesClass:R,heapFetchesTooltip:x,localDirtiedPercent:Y,localHitPercent:y,localReadPercent:K,localWrittenPercent:P,nodeName:X,rowsRemoved:ot,rowsRemovedClass:xt,rowsRemovedPercent:Pt,rowsRemovedPercentString:vt,rowsRemovedProp:et,rowsRemovedTooltip:M,rowsTooltip:G,sharedDirtiedPercent:Rt,sharedHitPercent:U,sharedReadPercent:w,sharedWrittenPercent:ct,tempReadPercent:St,tempWrittenPercent:yt,tilde:dt}=Io(o,i,l),j=te(!1);return(D,L)=>{const J=rS("tippy");return N(),B("tr",{onClick:L[6]||(L[6]=at=>j.value=!j.value),class:"node"},[T("td",r5,[T("a",{href:`#plan/node/${i.nodeId}`,onClick:L[0]||(L[0]=De(()=>{},["stop"]))},[T("span",s5,"#"+ut(i.nodeId),1)],8,i5)]),L[84]||(L[84]=g()),D.columns.includes("time")?(N(),he(J,{key:0,class:"text-end grid-progress-cell text-nowrap",tag:"td"},{content:ye(()=>[Tt(zv,{node:i},null,8,["node"])]),default:ye(()=>[L[10]||(L[10]=g()),Tt(Nn,{percentage:i[p(h).EXCLUSIVE_DURATION]/(p(o).planStats.executionTime||p(o).content.Plan[p(h).ACTUAL_TOTAL_TIME])*100,percentage2:(i[p(h).ACTUAL_TOTAL_TIME]-i[p(h).EXCLUSIVE_DURATION])/(p(o).planStats.executionTime||p(o).content.Plan[p(h).ACTUAL_TOTAL_TIME])*100},null,8,["percentage","percentage2"]),L[11]||(L[11]=g()),T("div",o5,[p(E)?(N(),he(cl,{key:0,severity:p(E)},null,8,["severity"])):Z("",!0),L[7]||(L[7]=g()),T("span",a5,ut(i[p(h).EXCLUSIVE_DURATION].toLocaleString(void 0,{minimumFractionDigits:3})),1)]),L[12]||(L[12]=g()),j.value?(N(),B("div",l5,[g(ut(p(sr)(i[p(h).EXCLUSIVE_DURATION]))+" ",1),L[8]||(L[8]=T("br",null,null,-1)),L[9]||(L[9]=g()),p(S)!==1/0?(N(),B(Ft,{key:0},[g(ut(p(S))+`%
        `,1)],64)):Z("",!0)])):Z("",!0)]),_:1,__:[10,11,12]})):Z("",!0),L[85]||(L[85]=g()),D.columns.includes("ioread")?(N(),he(J,{key:1,class:"text-end grid-progress-cell text-nowrap",tag:"td"},{content:ye(()=>[Tt(zl,{node:i,class:"mb-0",exclusive:""},null,8,["node"])]),default:ye(()=>[L[14]||(L[14]=g()),i[p(h).EXCLUSIVE_SUM_IO_READ_TIME]?(N(),B(Ft,{key:0},[Tt(Nn,{percentage:i[p(h).EXCLUSIVE_SUM_IO_READ_TIME]/(p(o).content.Plan[p(h).SUM_IO_READ_TIME]+p(o).content.Plan[p(h).SUM_IO_WRITE_TIME])*100},null,8,["percentage"]),g(" "+ut(i[p(h).EXCLUSIVE_SUM_IO_READ_TIME].toLocaleString(void 0,{minimumFractionDigits:3}))+" ",1),j.value?(N(),B("div",c5,[g(ut(p(sr)(i[p(h).EXCLUSIVE_SUM_IO_READ_TIME]))+" ",1),L[13]||(L[13]=T("br",null,null,-1)),g(" "+ut(p(Yh)(i[p(h).EXCLUSIVE_AVERAGE_SUM_IO_READ_SPEED])),1)])):Z("",!0)],64)):Z("",!0)]),_:1,__:[14]})):Z("",!0),L[86]||(L[86]=g()),D.columns.includes("iowrite")?(N(),he(J,{key:2,class:"text-end grid-progress-cell text-nowrap",tag:"td"},{content:ye(()=>[Tt(zl,{node:i,class:"mb-0",exclusive:""},null,8,["node"])]),default:ye(()=>[L[16]||(L[16]=g()),i[p(h).EXCLUSIVE_SUM_IO_WRITE_TIME]?(N(),B(Ft,{key:0},[Tt(Nn,{percentage:i[p(h).EXCLUSIVE_SUM_IO_WRITE_TIME]/(p(o).content.Plan[p(h).SUM_IO_READ_TIME]+p(o).content.Plan[p(h).SUM_IO_WRITE_TIME])*100},null,8,["percentage"]),g(" "+ut(i[p(h).EXCLUSIVE_SUM_IO_WRITE_TIME].toLocaleString(void 0,{minimumFractionDigits:3}))+" ",1),j.value?(N(),B("div",u5,[g(ut(p(sr)(i[p(h).EXCLUSIVE_SUM_IO_WRITE_TIME]))+" ",1),L[15]||(L[15]=T("br",null,null,-1)),g(" "+ut(p(Yh)(i[p(h).EXCLUSIVE_AVERAGE_SUM_IO_WRITE_SPEED])),1)])):Z("",!0)],64)):Z("",!0)]),_:1,__:[16]})):Z("",!0),L[87]||(L[87]=g()),D.columns.includes("rows")?(N(),B("td",d5,[Tt(Nn,{percentage:i[p(h).ACTUAL_ROWS_REVISED]/p(o).planStats.maxRows*100},null,8,["percentage"]),L[17]||(L[17]=g()),Ce((N(),B("div",f5,[g(ut(p(dt)+i[p(h).ACTUAL_ROWS_REVISED]?.toLocaleString()),1)])),[[p(xe),{content:p(G),allowHTML:!0}]])])):Z("",!0),L[88]||(L[88]=g()),D.columns.includes("estimation")?(N(),B("td",p5,[Tt(Nn,{percentage:p(b)},null,8,["percentage"]),L[24]||(L[24]=g()),i[p(h).PLANNER_ESTIMATE_FACTOR]!=null?Ce((N(),B("div",h5,[i[p(h).PLANNER_ESTIMATE_FACTOR]!=1?(N(),B("div",_5,[p(A)?(N(),he(cl,{key:0,severity:p(A)},null,8,["severity"])):Z("",!0),L[20]||(L[20]=g()),T("span",m5,[T("span",{innerHTML:p(__)(i[p(h).PLANNER_ESTIMATE_FACTOR]||0)},null,8,E5),L[18]||(L[18]=g()),i[p(h).PLANNER_ESTIMATE_DIRECTION]===p(Ln).under?(N(),B("span",g5,`
              ▾
            `)):Z("",!0),L[19]||(L[19]=g()),i[p(h).PLANNER_ESTIMATE_DIRECTION]===p(Ln).over?(N(),B("span",T5,`
              ▴
            `)):Z("",!0)])])):Z("",!0),L[23]||(L[23]=g()),j.value&&i[p(h).PLANNER_ESTIMATE_FACTOR]!=1?(N(),B("div",S5,[L[21]||(L[21]=g(`
          Planned:`)),L[22]||(L[22]=T("br",null,null,-1)),g(" "+ut(i[p(h).PLAN_ROWS_REVISED]?.toLocaleString()),1)])):Z("",!0)])),[[p(xe),{content:p(k),allowHTML:!0}]]):Z("",!0)])):Z("",!0),L[89]||(L[89]=g()),D.columns.includes("cost")?(N(),B("td",A5,[Tt(Nn,{percentage:Math.round(i[p(h).EXCLUSIVE_COST]/p(o).planStats.maxCost*100)},null,8,["percentage"]),L[26]||(L[26]=g()),Ce((N(),B("div",v5,[p(_)?(N(),he(cl,{key:0,severity:p(_)},null,8,["severity"])):Z("",!0),L[25]||(L[25]=g()),T("span",R5,ut(p(h_)(i[p(h).EXCLUSIVE_COST])),1)])),[[p(xe),{content:p(f),allowHTML:!0}]])])):Z("",!0),L[90]||(L[90]=g()),D.columns.includes("loops")?(N(),B("td",O5,[i[p(h).ACTUAL_LOOPS]!=1?(N(),B("span",L5,ut(i[p(h).ACTUAL_LOOPS].toLocaleString()),1)):Z("",!0)])):Z("",!0),L[91]||(L[91]=g()),D.columns.includes("filter")?(N(),B("td",b5,[p(ot)?(N(),B(Ft,{key:0},[Tt(Nn,{percentage:p(Pt)},null,8,["percentage"]),L[28]||(L[28]=g()),Ce((N(),B("div",y5,[p(xt)?(N(),he(cl,{key:0,severity:p(xt)},null,8,["severity"])):Z("",!0),L[27]||(L[27]=g()),T("span",C5,ut(p(vt))+"% ",1)])),[[p(xe),{content:p(M),allowHTML:!0}]]),L[29]||(L[29]=g()),j.value?(N(),B("div",I5,ut(p(dt)+p(O)(p(et))),1)):Z("",!0)],64)):Z("",!0)])):Z("",!0),L[92]||(L[92]=g()),D.columns.includes("heapfetches")?(N(),B("td",N5,[Ce((N(),B("div",x5,[p(R)?(N(),he(cl,{key:0,severity:p(R)},null,8,["severity"])):Z("",!0),L[30]||(L[30]=g()),T("span",w5,ut(i[p(h).HEAP_FETCHES]?.toLocaleString()),1)])),[[p(xe),{content:p(x),allowHTML:!0}]])])):Z("",!0),L[93]||(L[93]=g()),T("td",{class:kt(["node-type",j.value?"":"text-nowrap text-truncate overflow-hidden"]),style:{"max-width":"0"}},[Tt(Gd,{isSubplan:D.isSubplan,isNode:"",isLastChild:D.isLastChild,level:D.level,branches:D.branches,index:D.index},null,8,["isSubplan","isLastChild","level","branches","index"]),L[60]||(L[60]=g()),T("div",k5,[T("b",B5,ut(p(X)),1),L[52]||(L[52]=g()),T("span",D5,[i[p(h).RELATION_NAME]||i[p(h).FUNCTION_NAME]?(N(),B(Ft,{key:0},[L[32]||(L[32]=T("span",{class:"text-secondary"},"on",-1)),L[33]||(L[33]=g()),i[p(h).SCHEMA]?(N(),B("span",P5,ut(i[p(h).SCHEMA])+".",1)):Z("",!0),g(ut(i[p(h).RELATION_NAME])+ut(i[p(h).FUNCTION_NAME])+" ",1),i[p(h).ALIAS]?(N(),B("span",M5,[L[31]||(L[31]=T("span",{class:"text-secondary"},"as",-1)),g(" "+ut(i[p(h).ALIAS]),1)])):Z("",!0)],64)):i[p(h).ALIAS]?(N(),B(Ft,{key:1},[L[34]||(L[34]=T("span",{class:"text-secondary"},"on",-1)),L[35]||(L[35]=g()),T("span",{innerHTML:p(Gi)(i[p(h).ALIAS])},null,8,H5)],64)):Z("",!0),L[46]||(L[46]=g()),i[p(h).GROUP_KEY]?(N(),B(Ft,{key:2},[L[36]||(L[36]=T("span",{class:"text-secondary"},"by",-1)),L[37]||(L[37]=g()),T("span",{innerHTML:p(Gi)(i[p(h).GROUP_KEY])},null,8,W5)],64)):Z("",!0),L[47]||(L[47]=g()),i[p(h).SORT_KEY]?(N(),B(Ft,{key:3},[L[38]||(L[38]=T("span",{class:"text-secondary"},"by",-1)),L[39]||(L[39]=g()),T("span",{innerHTML:p(Vv)(i[p(h).SORT_KEY],i[p(h).PRESORTED_KEY])},null,8,U5)],64)):Z("",!0),L[48]||(L[48]=g()),i[p(h).JOIN_TYPE]?(N(),B(Ft,{key:4},[g(ut(i[p(h).JOIN_TYPE])+" ",1),L[40]||(L[40]=T("span",{class:"text-secondary"},"join",-1))],64)):Z("",!0),L[49]||(L[49]=g()),i[p(h).INDEX_NAME]?(N(),B(Ft,{key:5},[L[41]||(L[41]=T("span",{class:"text-secondary"},"using",-1)),L[42]||(L[42]=g()),T("span",{innerHTML:p(Gi)(i[p(h).INDEX_NAME])},null,8,$5)],64)):Z("",!0),L[50]||(L[50]=g()),i[p(h).HASH_CONDITION]?(N(),B(Ft,{key:6},[L[43]||(L[43]=T("span",{class:"text-secondary"},"on",-1)),L[44]||(L[44]=g()),T("span",{innerHTML:p(Gi)(i[p(h).HASH_CONDITION])},null,8,F5)],64)):Z("",!0),L[51]||(L[51]=g()),i[p(h).CTE_NAME]?(N(),B("span",V5,[L[45]||(L[45]=T("span",{class:"text-secondary"},"CTE",-1)),g(" "+ut(i[p(h).CTE_NAME]),1)])):Z("",!0)])]),L[61]||(L[61]=g()),L[62]||(L[62]=T("br",null,null,-1)),L[63]||(L[63]=g()),j.value?(N(),B("div",{key:0,class:"plan-node position-relative detailed",style:{width:"100%"},onClick:L[5]||(L[5]=De(()=>{},["stop"]))},[T("div",z5,[p(n)(i[p(h).NODE_TYPE])?(N(),B("div",G5,[T("span",X5,ut(i[p(h).NODE_TYPE])+" Node",1),L[53]||(L[53]=g()),T("span",{innerHTML:p(n)(i[p(h).NODE_TYPE])},null,8,K5)])):Z("",!0),L[58]||(L[58]=g()),T("ul",Y5,[T("li",q5,[T("a",{class:kt(["nav-link px-2 py-1",{active:c.value==="misc"}]),onClick:L[1]||(L[1]=De(at=>c.value="misc",["prevent","stop"])),href:""},"Misc",2)]),L[54]||(L[54]=g()),T("li",j5,[T("a",{class:kt(["nav-link px-2 py-1",{active:c.value==="output",disabled:!i[p(h).OUTPUT]}]),onClick:L[2]||(L[2]=De(at=>c.value="output",["prevent","stop"])),href:""},"Output",2)]),L[55]||(L[55]=g()),T("li",J5,[T("a",{class:kt(["nav-link px-2 py-1",{active:c.value==="workers",disabled:!(i[p(h).WORKERS_PLANNED]||i[p(h).WORKERS_PLANNED_BY_GATHER])}]),onClick:L[3]||(L[3]=De(at=>c.value="workers",["prevent","stop"])),href:""},"Workers",2)])]),L[59]||(L[59]=g()),T("div",Q5,[T("div",{class:kt(["tab-pane p-1 border border-top-0",{"show active":c.value==="misc"}])},[Tt(Xv,{node:i},null,8,["node"])],2),L[56]||(L[56]=g()),T("div",{class:kt(["tab-pane p-1 border border-top-0 overflow-auto font-monospace",{"show active":c.value==="output"}]),innerHTML:p(O)("OUTPUT"),style:{"max-height":"200px"},onMousewheel:L[4]||(L[4]=De(()=>{},["stop"]))},null,42,Z5),L[57]||(L[57]=g()),T("div",{class:kt(["tab-pane p-1 border border-top-0 rounded rounded-top-start-0",{"show active":c.value==="workers"}])},[Tt(Gv,{node:i},null,8,["node"])],2)])])])):Z("",!0)],2),L[94]||(L[94]=g()),D.columns.includes("shared.hit")?(N(),B("td",t8,[Tt(Nn,{percentage:p(U)},null,8,["percentage"]),L[64]||(L[64]=g()),Ce((N(),B("div",e8,[g(ut(p(Wn)(i[p(h).EXCLUSIVE_SHARED_HIT_BLOCKS])),1)])),[[p(xe),{content:p(u)(p(h).EXCLUSIVE_SHARED_HIT_BLOCKS),allowHTML:!0}]]),L[65]||(L[65]=g()),j.value?(N(),B("div",n8,ut(p(Qr)(i[p(h).EXCLUSIVE_SHARED_HIT_BLOCKS])),1)):Z("",!0)])):Z("",!0),L[95]||(L[95]=g()),D.columns.includes("shared.read")?(N(),B("td",r8,[Tt(Nn,{percentage:p(w)},null,8,["percentage"]),L[66]||(L[66]=g()),Ce((N(),B("div",i8,[g(ut(p(Wn)(i[p(h).EXCLUSIVE_SHARED_READ_BLOCKS])),1)])),[[p(xe),{content:p(u)(p(h).EXCLUSIVE_SHARED_READ_BLOCKS),allowHTML:!0}]]),L[67]||(L[67]=g()),j.value?(N(),B("div",s8,ut(p(Qr)(i[p(h).EXCLUSIVE_SHARED_READ_BLOCKS])),1)):Z("",!0)])):Z("",!0),L[96]||(L[96]=g()),D.columns.includes("shared.dirtied")?(N(),B("td",o8,[Tt(Nn,{percentage:p(Rt)},null,8,["percentage"]),L[68]||(L[68]=g()),Ce((N(),B("div",a8,[g(ut(p(Wn)(i[p(h).EXCLUSIVE_SHARED_DIRTIED_BLOCKS])),1)])),[[p(xe),{content:p(u)(p(h).EXCLUSIVE_SHARED_DIRTIED_BLOCKS),allowHTML:!0}]]),L[69]||(L[69]=g()),j.value?(N(),B("div",l8,ut(p(Qr)(i[p(h).EXCLUSIVE_SHARED_DIRTIED_BLOCKS])),1)):Z("",!0)])):Z("",!0),L[97]||(L[97]=g()),D.columns.includes("shared.written")?(N(),B("td",c8,[Tt(Nn,{percentage:p(ct)},null,8,["percentage"]),L[70]||(L[70]=g()),Ce((N(),B("div",u8,[g(ut(p(Wn)(i[p(h).EXCLUSIVE_SHARED_WRITTEN_BLOCKS])),1)])),[[p(xe),{content:p(u)(p(h).EXCLUSIVE_SHARED_WRITTEN_BLOCKS),allowHTML:!0}]]),L[71]||(L[71]=g()),j.value?(N(),B("div",d8,ut(p(Qr)(i[p(h).EXCLUSIVE_SHARED_WRITTEN_BLOCKS])),1)):Z("",!0)])):Z("",!0),L[98]||(L[98]=g()),D.columns.includes("temp.read")?(N(),B("td",f8,[Tt(Nn,{percentage:p(St)},null,8,["percentage"]),L[72]||(L[72]=g()),Ce((N(),B("div",p8,[g(ut(p(Wn)(i[p(h).EXCLUSIVE_TEMP_READ_BLOCKS])),1)])),[[p(xe),{content:p(u)(p(h).EXCLUSIVE_TEMP_READ_BLOCKS),allowHTML:!0}]]),L[73]||(L[73]=g()),j.value?(N(),B("div",h8,ut(p(Qr)(i[p(h).EXCLUSIVE_TEMP_READ_BLOCKS])),1)):Z("",!0)])):Z("",!0),L[99]||(L[99]=g()),D.columns.includes("temp.written")?(N(),B("td",_8,[Tt(Nn,{percentage:p(yt)},null,8,["percentage"]),L[74]||(L[74]=g()),Ce((N(),B("div",m8,[g(ut(p(Wn)(i[p(h).EXCLUSIVE_TEMP_WRITTEN_BLOCKS])),1)])),[[p(xe),{content:p(u)(p(h).EXCLUSIVE_TEMP_WRITTEN_BLOCKS),allowHTML:!0}]]),L[75]||(L[75]=g()),j.value?(N(),B("div",E8,ut(p(Qr)(i[p(h).EXCLUSIVE_TEMP_WRITTEN_BLOCKS])),1)):Z("",!0)])):Z("",!0),L[100]||(L[100]=g()),D.columns.includes("local.hit")?(N(),B("td",g8,[Tt(Nn,{percentage:p(y)},null,8,["percentage"]),L[76]||(L[76]=g()),Ce((N(),B("div",T8,[g(ut(p(Wn)(i[p(h).EXCLUSIVE_LOCAL_HIT_BLOCKS])),1)])),[[p(xe),{content:p(u)(p(h).EXCLUSIVE_LOCAL_HIT_BLOCKS),allowHTML:!0}]]),L[77]||(L[77]=g()),j.value?(N(),B("div",S8,ut(p(Qr)(i[p(h).EXCLUSIVE_LOCAL_HIT_BLOCKS])),1)):Z("",!0)])):Z("",!0),L[101]||(L[101]=g()),D.columns.includes("local.read")?(N(),B("td",A8,[Tt(Nn,{percentage:p(K)},null,8,["percentage"]),L[78]||(L[78]=g()),Ce((N(),B("div",v8,[g(ut(p(Wn)(i[p(h).EXCLUSIVE_LOCAL_READ_BLOCKS])),1)])),[[p(xe),{content:p(u)(p(h).EXCLUSIVE_LOCAL_READ_BLOCKS),allowHTML:!0}]]),L[79]||(L[79]=g()),j.value?(N(),B("div",R8,ut(p(Qr)(i[p(h).EXCLUSIVE_LOCAL_READ_BLOCKS])),1)):Z("",!0)])):Z("",!0),L[102]||(L[102]=g()),D.columns.includes("local.dirtied")?(N(),B("td",O8,[Tt(Nn,{percentage:p(Y)},null,8,["percentage"]),L[80]||(L[80]=g()),Ce((N(),B("div",L8,[g(ut(p(Wn)(i[p(h).EXCLUSIVE_LOCAL_DIRTIED_BLOCKS])),1)])),[[p(xe),{content:p(u)(p(h).EXCLUSIVE_LOCAL_DIRTIED_BLOCKS),allowHTML:!0}]]),L[81]||(L[81]=g()),j.value?(N(),B("div",b8,ut(p(Qr)(i[p(h).EXCLUSIVE_LOCAL_DIRTIED_BLOCKS])),1)):Z("",!0)])):Z("",!0),L[103]||(L[103]=g()),D.columns.includes("local.written")?(N(),B("td",y8,[Tt(Nn,{percentage:p(P)},null,8,["percentage"]),L[82]||(L[82]=g()),Ce((N(),B("div",C8,[g(ut(p(Wn)(i[p(h).EXCLUSIVE_LOCAL_WRITTEN_BLOCKS])),1)])),[[p(xe),{content:p(u)(p(h).EXCLUSIVE_LOCAL_WRITTEN_BLOCKS),allowHTML:!0}]]),L[83]||(L[83]=g()),j.value?(N(),B("div",I8,ut(p(Qr)(i[p(h).EXCLUSIVE_LOCAL_WRITTEN_BLOCKS])),1)):Z("",!0)])):Z("",!0)])}}}),x8={class:"table table-sm table-hover"},w8={class:"table-secondary sticky-top",style:{"z-index":"2"}},k8={key:0,class:"table-group"},B8=["colspan"],D8=["colspan"],P8=["colspan"],M8=["colspan"],H8=["colspan"],W8={key:0,class:"text-center"},U8={key:1,class:"text-center"},$8={key:2,class:"text-center"},F8={key:3,class:"text-center"},V8={key:4,class:"text-center"},z8={key:5,class:"text-center"},G8={key:6,class:"text-center"},X8={key:7,class:"text-center"},K8={key:8,class:"text-center"},Y8={key:9,class:"text-center"},q8={key:10,class:"text-center"},j8={key:11,class:"text-center"},J8={key:12,class:"text-center"},Q8={key:13,class:"text-center"},Z8={key:14,class:"text-center"},tU={key:15,class:"text-center"},eU={key:16,class:"text-center"},nU={key:17,class:"text-center"},rU={key:18,class:"text-center"},iU={key:0},sU=["colspan"],oU=["colspan"],aU={class:"fst-italic text-reset"},lU=we({__name:"Grid",setup(t){const e=Re(zr),n=[[]];ks(()=>{r(n[0],0,e.value.content.Plan,!0,[]),F.each(e.value.ctes,U=>{const w=[];r(w,0,U,!0,[]),n.push(w)})}),Bs(()=>{localStorage.setItem("gridIsNotNew","true")});function r(U,w,ct,St,yt){U.push([w,ct,St,F.concat([],yt)]),St||yt.push(w),F.each(ct.Plans,dt=>{r(U,w+1,dt,dt===F.last(ct.Plans),yt)}),St||yt.pop()}function i(U){return F.startsWith(U[h.SUBPLAN_NAME],"CTE")}const o=Bt(()=>F.some(n,U=>F.some(U,w=>w[1][h.EXCLUSIVE_DURATION]||!1))),l=Bt(()=>F.some(n,U=>F.some(U,w=>w[1][h.IO_READ_TIME]||w[1][h.SHARED_IO_READ_TIME]||w[1][h.LOCAL_IO_READ_TIME]||w[1][h.TEMP_IO_READ_TIME]))),c=Bt(()=>F.some(n,U=>F.some(U,w=>w[1][h.IO_WRITE_TIME]||w[1][h.SHARED_IO_WRITE_TIME]||w[1][h.LOCAL_IO_WRITE_TIME]||w[1][h.TEMP_IO_WRITE_TIME]))),u=Bt(()=>l.value||c.value),_=Bt(()=>F.filter([l.value,c.value],U=>U).length),f=Bt(()=>F.some(n,U=>F.some(U,w=>w[1][h.ACTUAL_ROWS_REVISED]||!1))),E=Bt(()=>F.some(n,U=>F.some(U,w=>w[1][h.PLANNER_ESTIMATE_FACTOR]||!1))),A=Bt(()=>F.some(n,U=>F.some(U,w=>w[1][h.ACTUAL_LOOPS]>1))),b=Bt(()=>F.some(n,U=>F.some(U,w=>w[1][h.EXCLUSIVE_COST]>1))),k=Bt(()=>F.some(n,U=>F.some(U,w=>w[1][h.ROWS_REMOVED_BY_FILTER]||w[1][h.ROWS_REMOVED_BY_JOIN_FILTER]||w[1][h.ROWS_REMOVED_BY_INDEX_RECHECK]))),S=Bt(()=>F.some(n,U=>F.some(U,w=>w[1][h.HEAP_FETCHES]))),O=Bt(()=>F.filter([R.value,x.value,Y.value,y.value],U=>U).length),R=Bt(()=>F.some(n,U=>F.some(U,w=>w[1][h.EXCLUSIVE_SHARED_HIT_BLOCKS]))),x=Bt(()=>F.some(n,U=>F.some(U,w=>w[1][h.EXCLUSIVE_SHARED_READ_BLOCKS]))),Y=Bt(()=>F.some(n,U=>F.some(U,w=>w[1][h.EXCLUSIVE_SHARED_DIRTIED_BLOCKS]))),y=Bt(()=>F.some(n,U=>F.some(U,w=>w[1][h.EXCLUSIVE_SHARED_WRITTEN_BLOCKS]))),K=Bt(()=>F.filter([P.value,X.value],U=>U).length),P=Bt(()=>F.some(n,U=>F.some(U,w=>w[1][h.EXCLUSIVE_TEMP_READ_BLOCKS]))),X=Bt(()=>F.some(n,U=>F.some(U,w=>w[1][h.EXCLUSIVE_TEMP_WRITTEN_BLOCKS]))),ot=Bt(()=>F.filter([xt.value,Pt.value,vt.value,et.value],U=>U).length),xt=Bt(()=>F.some(n,U=>F.some(U,w=>w[1][h.EXCLUSIVE_LOCAL_HIT_BLOCKS]))),Pt=Bt(()=>F.some(n,U=>F.some(U,w=>w[1][h.EXCLUSIVE_LOCAL_READ_BLOCKS]))),vt=Bt(()=>F.some(n,U=>F.some(U,w=>w[1][h.EXCLUSIVE_LOCAL_DIRTIED_BLOCKS]))),et=Bt(()=>F.some(n,U=>F.some(U,w=>w[1][h.EXCLUSIVE_LOCAL_WRITTEN_BLOCKS]))),M=Bt(()=>{const U=[];return o.value&&U.push("time"),l.value&&U.push("ioread"),c.value&&U.push("iowrite"),f.value&&U.push("rows"),E.value&&U.push("estimation"),b.value&&U.push("cost"),A.value&&U.push("loops"),k.value&&U.push("filter"),S.value&&U.push("heapfetches"),U}),G=Bt(()=>{const U=[];return R.value&&U.push("shared.hit"),x.value&&U.push("shared.read"),Y.value&&U.push("shared.dirtied"),y.value&&U.push("shared.written"),P.value&&U.push("temp.read"),X.value&&U.push("temp.written"),xt.value&&U.push("local.hit"),Pt.value&&U.push("local.read"),vt.value&&U.push("local.dirtied"),et.value&&U.push("local.written"),U}),Rt=Bt(()=>[].concat(M.value,G.value));return(U,w)=>(N(),B("div",null,[T("table",x8,[T("thead",w8,[u.value||G.value.length>0?(N(),B("tr",k8,[w[0]||(w[0]=T("th",{colspan:"2"},null,-1)),w[1]||(w[1]=g()),u.value?(N(),B("th",{key:0,class:"text-center",colspan:_.value},"io",8,B8)):Z("",!0),w[2]||(w[2]=g()),T("th",{colspan:M.value.length-_.value},null,8,D8),w[3]||(w[3]=g()),O.value>0?(N(),B("th",{key:1,class:"text-center",colspan:O.value},`
            shared
          `,8,P8)):Z("",!0),w[4]||(w[4]=g()),K.value>0?(N(),B("th",{key:2,class:"text-center",colspan:K.value},`
            temp
          `,8,M8)):Z("",!0),w[5]||(w[5]=g()),ot.value>0?(N(),B("th",{key:3,class:"text-center",colspan:ot.value},`
            local
          `,8,H8)):Z("",!0)])):Z("",!0),w[28]||(w[28]=g()),T("tr",null,[w[6]||(w[6]=T("th",{class:"text-center"},null,-1)),w[7]||(w[7]=g()),o.value?(N(),B("th",W8,"time")):Z("",!0),w[8]||(w[8]=g()),l.value?(N(),B("th",U8,"read")):Z("",!0),w[9]||(w[9]=g()),c.value?(N(),B("th",$8,"write")):Z("",!0),w[10]||(w[10]=g()),f.value?(N(),B("th",F8,"rows")):Z("",!0),w[11]||(w[11]=g()),E.value?(N(),B("th",V8,"estim")):Z("",!0),w[12]||(w[12]=g()),b.value?(N(),B("th",z8,"cost")):Z("",!0),w[13]||(w[13]=g()),A.value?(N(),B("th",G8,"loops")):Z("",!0),w[14]||(w[14]=g()),k.value?(N(),B("th",X8,"filter")):Z("",!0),w[15]||(w[15]=g()),S.value?(N(),B("th",K8,"heap")):Z("",!0),w[16]||(w[16]=g()),w[17]||(w[17]=T("th",{style:{width:"100%"}},null,-1)),w[18]||(w[18]=g()),R.value?(N(),B("th",Y8,"hit")):Z("",!0),w[19]||(w[19]=g()),x.value?(N(),B("th",q8,"read")):Z("",!0),w[20]||(w[20]=g()),Y.value?(N(),B("th",j8,"dirt")):Z("",!0),w[21]||(w[21]=g()),y.value?(N(),B("th",J8,"writ")):Z("",!0),w[22]||(w[22]=g()),P.value?(N(),B("th",Q8,"read")):Z("",!0),w[23]||(w[23]=g()),X.value?(N(),B("th",Z8,"writ")):Z("",!0),w[24]||(w[24]=g()),xt.value?(N(),B("th",tU,"hit")):Z("",!0),w[25]||(w[25]=g()),Pt.value?(N(),B("th",eU,"read")):Z("",!0),w[26]||(w[26]=g()),vt.value?(N(),B("th",nU,"dirt")):Z("",!0),w[27]||(w[27]=g()),et.value?(N(),B("th",rU,"writ")):Z("",!0)])]),w[32]||(w[32]=g()),(N(),B(Ft,null,Je(n,(ct,St)=>T("tbody",{key:St},[(N(!0),B(Ft,null,Je(ct,(yt,dt)=>(N(),B(Ft,{key:dt},[yt[1][p(h).SUBPLAN_NAME]?(N(),B("tr",iU,[T("td",{class:"bg-light",colspan:1+M.value.length},null,8,sU),w[30]||(w[30]=g()),T("td",{class:kt(["plan pr-2 bg-light",{"font-weight-bold":i(yt[1])}]),colspan:Rt.value.length+G.value.length},[Tt(Gd,{isSubplan:!!yt[1][p(h).SUBPLAN_NAME],isLastChild:!!yt[2],level:yt[0],branches:yt[3],index:dt},null,8,["isSubplan","isLastChild","level","branches","index"]),w[29]||(w[29]=g()),T("b",aU,ut(yt[1][p(h).SUBPLAN_NAME]),1)],10,oU)])):Z("",!0),w[31]||(w[31]=g()),Tt(N8,{node:yt[1],isSubplan:!!yt[1][p(h).SUBPLAN_NAME],isLastChild:!!yt[2],level:yt[0],branches:yt[3],index:dt,columns:Rt.value},null,8,["node","isSubplan","isLastChild","level","branches","index","columns"])],64))),128))])),64))])]))}}),m_=(t,e)=>{const n=t.__vccOpts||t;for(const[r,i]of e)n[r]=i;return n},cU=m_(lU,[["__scopeId","data-v-1a438d69"]]),uU={},dU={src:"data:image/png;base64,iVBORw0KGgoAAAANSUhEUgAAADAAAAAwCAYAAABXAvmHAAAABHNCSVQICAgIfAhkiAAAAAlwSFlzAAAC1QAAAtUBwMJvJQAAABl0RVh0U29mdHdhcmUAd3d3Lmlua3NjYXBlLm9yZ5vuPBoAAAf5SURBVGiB7Zp7UFT3Fcc/v3vv8kaQgA8CEmtE8ZEYiVETjS+UkUcm09FM0rE2iRPttOOjY60WbLwNQoI6I9HONNo2rbZpxmo7RkBH8Z34qJpEx2cdoxHREZ8gu+yyu9xf/4BddoFdFlzTOu33r7vnd37nnO+9v9c5vxUEGfp4PcwWpb1pSDFTQBqAhPNCig3h9fYN+n7dFkx/IpjGFucsz0WKEuB7PlSqEOQXl+X9GYQMhs+gEPhFdkGaQFkNZAbkVHJAKur84rIlpx7W90MR+FmmHhdqClkmpfwpoLrkIWEhjJs2iuEThgLw1b7THNhyFLvN7tndEEJ+oihiUdG2/OquxtAlArPT15niet15S0IhEO82JmDIS2lkz5pEbEI3rz5198xU/PVzju88iZReo6dGwAcWI7pk7Y55DY+cwJLsggwDZbWAIZ7ypP69yZ09mZS0JL/9r1+6ybb1u7h6rqp100VDioUrt+eVdSaegAksyinor0i1EOR0T3m3uCgyfjCWEZnDECIwc1LCmUPn2f7xXu7fqm0d0m4U54Li0nfPBmKrQ4/6dD3KZjX9XEqWAKEuuaqpjMoazpQfjiM0PCSgwFvD0eDgwN+PcmDLERx2p1eTEOK3Ns2+rGSrXtMlArquK9YTphlIVgA9PdvSXuhP7uzJxPWK7VLgrVF7p46dG/fz9b7TeE8P7iF473J4/99s3vxaY3t92yWwKLtorIJcAwzzlPdIjifnnQxSh/ta5h8Ol89UUra+ghuX2yxKJw3EvJXleZ+3bmhDYHF20bsglwGKSxYRHc6kN8YwOud5FMX/qLOabVRfvY3R6lUqQtAzJYHwqDC//aWUfL3vLNs/3oO5xuLZZEjQV5TnF/gksDiraA5CfuT6rWoK6RnPkjlzHJHdIvw6djnf8cd91NdZ222PiA5n6lsTAprsVouN/ZuPcOizYzgdLaNHwJwPyvPXtyGg5+oRVsNUBXQHSElLYtr8bBKSnujQmQt2m51t6yr86rwyZzIhYYFP+ttVd9lcUkblhesuUU2jIyRp1a5FFvAYJjap5bqCj03oxqyC1zsV/KNCQtITzCp4g5h498YYq5kaslw/3ASkVAa4ngePHtCpt/SoERoewuDRqe7fBmKg61lpUTOiXU9hEaH8tyE8smXyC6T7cyjtaj9GCCoB1aShqL5NKqqCatKC6ZKgWlNVhRFTnuXquSoMQ3Lr2h2gaQNUFEHKoCRUPwS7guC+DiA5NZHk1EQMQ/KPtdsBGPPqCx1ugF3FYz8HuvwFzLX1OBocPtul0XKUqLlVi/DzBUJCTUTGdLzTt4cuEThRcYpv2yYkPrF306EOdfoOTiY945lOx9JpAubaer49V4WiKv4PZhIsD+oBms5RfqaA1WzjytlrDBzxdKe/RKcJOJoT86jYSKbMeNmnnuckzvzReL+TeNdfDvLgbh12m73TBP53JrGUEqvZhtXcVFgzGg0stfVoIVqblNJqseG0txyBm/RUr+MAwP1bNVhqrdQ/sNJgtXPz6m1sVjs9+8SjKIG924AIOB1O9m46zIO7dW6ZucbCjj/tA2DQqFQGjewPwOHSE20yqp0b9wPwZL9ejM5JB+DTFVs5dfCcl97pL84DEBkTwcKPfkxEtP/kBwIcQvdv1XoF3xquEomjwdleOujG9W9uupP3iycu+9Sz1NZz8ctLgYQWGAHPNb3d9ub0UUojAFtNOkYHuk5nuzl8Gzz2k/j/BP7TaCEgFXeNr3VVoaMlzbVJBbL0uXT85Q0Amua9QJpr6z2t3Hc/uR6EYrhrkacPXfAi0b1XLPGJcT6D7zfsqSanIRpPDU5ut2wihKDv4GS0kKbAnhk7yOcBL65nDGnNyzI0HUnOHvlXi4JsidVtYe7UNaERqrkSKXsA9OgTz7R52fQZ+KS7n9PubFOw0jS1zdtsdDbS2Oi9yqiqgqqpXjK7zYHV4n3jpGmq13Gi8sJ1tnxY7k6OgOrwCEcffbNu9yIAsCR7+XSJ+JubXXO9P+vtiXTvEcN3iQf3zOxue58gpRCvrSjL2+KOsXXH5urch3hUok2hJl7MfZ5Jr7/0yMstDruTw9uOs3fTIRqsXjc6DQgxt7gs73eewnYHYV524ZBGKAEmecpj4qPJnDmB5yYMIcCrgE7h/LFLlK7bxb3qNhX1PSosKCrPP9O6wW8YzbeOq4F+nvLkAYm8MnsKyQMSHzpogBuXqyldX8GVM5Vecim5JhSWFpflb/TVt8P3ODt9nal77zs/QfIe4C4oCSF4bsIQst6eSFRsZJcCr6+zsufTLzhSdgLD+7hiEYJVYWbHBx3dKwc8EPIyC3s7NXQBs2h1I/ny90cyfvqLaCbVj4UWNDoNjm7/kopPDmKzeN3rSRBbNM1YWPjZ0muB2OrCJd/76RKjBBjjKY9PjCNz5jiGjknz2//SySuUrt9NdeVt7wbJcUUR898vyzvSmXi6PBUX5yzPFVKslZDiKX96WF9y38mgZ0qCl/6d6/co/8Nuzh9rc0y+IeDXYSMcv9d1vePjbCs81Fqi5+oRNsM0V8JSIMolVzWFkVOHM3zi0OYblzP8c8dXNDq94rNKWIOqFa7Ytth3stEBgvNXg6nFSYrqKJJSzAjEphCyzCnkvFWlv7rysL6Dupr/MqtopKHIEiSjfKicNBSxYGVp3oFg+Qz6dqTrulJ/PORVIeWbCAYBIDknkBu+iUzd6uu6tKv4N+243iwIA9v6AAAAAElFTkSuQmCC",alt:"PEV2",style:{width:"20px",height:"20px"}};function fU(t,e){return N(),B("img",dU)}const q1=m_(uU,[["render",fU]]),pU={class:"card-header border-top"},hU={key:0,class:"node-description"},_U={class:"node-type"},mU=["innerHTML"],EU={class:"nav nav-tabs card-header-tabs"},gU={class:"nav-item"},TU={class:"nav-item"},SU={class:"nav-item"},AU={class:"nav-item"},vU={class:"nav-item"},RU={class:"card-body tab-content"},OU={key:0},LU=["innerHTML"],bU={class:"px-1"},yU={key:0,class:"text-secondary"},CU={key:1},IU={key:0},NU={key:1},xU={key:2},wU=["innerHTML"],kU={key:1},BU={class:"px-1"},DU={key:2},PU=["innerHTML"],MU={key:3},HU={class:"text-secondary"},WU={key:4},UU={class:"px-1"},$U={class:"table table-sm"},FU=["innerHTML"],VU=["innerHTML"],zU=["innerHTML"],GU=["innerHTML"],XU=["innerHTML"],KU=["innerHTML"],YU=["innerHTML"],qU=["innerHTML"],jU=["innerHTML"],JU=["innerHTML"],QU={key:0,class:"mb-2"},ZU={class:"more-info"},t7={key:0},e7={class:"more-info"},n7=["innerHTML"],r7=we({__name:"PlanNodeDetail",props:{node:{}},setup(t){const e=Re(Ws),n=t,r=Re("updateSize"),i=Bn(n.node),o=Re(zr),l=te(),c=te("general"),_=new Pa().getNodeTypeDescription,{costClass:f,durationClass:E,estimationClass:A,executionTimePercent:b,filterDetailTooltip:k,formattedProp:S,heapFetchesClass:O,indexRecheckTooltip:R,plannerRowEstimateDirection:x,plannerRowEstimateValue:Y,rowsRemoved:y,rowsRemovedClass:K,rowsRemovedPercentString:P,rowsRemovedProp:X,tilde:ot}=Io(o,i,e);ks(()=>{Pt()});const xt=Bt(()=>A.value&&x.value!==Ln.none&&Y.value);function Pt(){l.value=F.chain(i).omit(h.PLANS).omit(h.WORKERS).map((et,M)=>({key:M,value:et})).value()}const vt=Bt(()=>{const et=["EXCLUSIVE_SHARED_HIT_BLOCKS","EXCLUSIVE_SHARED_READ_BLOCKS","EXCLUSIVE_SHARED_DIRTIED_BLOCKS","EXCLUSIVE_SHARED_WRITTEN_BLOCKS","EXCLUSIVE_TEMP_READ_BLOCKS","EXCLUSIVE_TEMP_WRITTEN_BLOCKS","EXCLUSIVE_LOCAL_HIT_BLOCKS","EXCLUSIVE_LOCAL_READ_BLOCKS","EXCLUSIVE_LOCAL_DIRTIED_BLOCKS","EXCLUSIVE_LOCAL_WRITTEN_BLOCKS","EXCLUSIVE_IO_READ_TIME","EXCLUSIVE_IO_WRITE_TIME"],M=F.map(et,Rt=>{const U=i[h[Rt]];return F.isNaN(U)?0:U});return F.sum(M)>0});return bn(c,()=>{window.setTimeout(()=>r&&r(i),1)}),(et,M)=>(N(),B(Ft,null,[T("div",pU,[p(_)(i[p(h).NODE_TYPE])?(N(),B("div",hU,[T("span",_U,ut(i[p(h).NODE_TYPE])+" Node",1),M[6]||(M[6]=g()),T("span",{innerHTML:p(_)(i[p(h).NODE_TYPE])},null,8,mU)])):Z("",!0),M[11]||(M[11]=g()),T("ul",EU,[T("li",gU,[T("a",{class:kt(["nav-link",{active:c.value==="general"}]),onClick:M[0]||(M[0]=De(G=>c.value="general",["prevent","stop"])),href:""},"General",2)]),M[7]||(M[7]=g()),T("li",TU,[T("a",{class:kt(["nav-link text-nowrap",{active:c.value==="iobuffer",disabled:!vt.value}]),onClick:M[1]||(M[1]=De(G=>c.value="iobuffer",["prevent","stop"])),href:""},"IO & Buffers",2)]),M[8]||(M[8]=g()),T("li",SU,[T("a",{class:kt(["nav-link",{active:c.value==="output",disabled:!i[p(h).OUTPUT]}]),onClick:M[2]||(M[2]=De(G=>c.value="output",["prevent","stop"])),href:""},"Output",2)]),M[9]||(M[9]=g()),T("li",AU,[T("a",{class:kt(["nav-link",{active:c.value==="workers",disabled:!(i[p(h).WORKERS_PLANNED]||i[p(h).WORKERS_PLANNED_BY_GATHER])}]),onClick:M[3]||(M[3]=De(G=>c.value="workers",["prevent","stop"])),href:""},"Workers",2)]),M[10]||(M[10]=g()),T("li",vU,[T("a",{class:kt(["nav-link",{active:c.value==="misc"}]),onClick:M[4]||(M[4]=De(G=>c.value="misc",["prevent","stop"])),href:""},"Misc",2)])])]),M[81]||(M[81]=g()),T("div",RU,[T("div",{class:kt(["tab-pane",{"show active":c.value==="general"}])},[p(o).isAnalyze?(N(),B("div",OU,[Tt(p(Te),{"fixed-width":"",icon:p(Dv),class:"text-secondary"},null,8,["icon"]),M[14]||(M[14]=g()),M[15]||(M[15]=T("b",null,"Timing:",-1)),M[16]||(M[16]=g()),T("span",{class:kt(["p-0 px-1 rounded alert",p(E)]),innerHTML:p(S)("EXCLUSIVE_DURATION")},null,10,LU),M[17]||(M[17]=g()),p(b)!==1/0?(N(),B(Ft,{key:0},[M[12]||(M[12]=g(`
          |
          `)),T("strong",null,ut(p(b)),1),M[13]||(M[13]=T("span",{class:"text-secondary"},"%",-1))],64)):Z("",!0)])):Z("",!0),M[44]||(M[44]=g()),T("div",null,[Tt(p(Te),{"fixed-width":"",icon:p(iH),class:"text-secondary"},null,8,["icon"]),M[24]||(M[24]=g()),M[25]||(M[25]=T("b",null,"Rows:",-1)),M[26]||(M[26]=g()),T("span",bU,ut(p(ot)+p(S)("ACTUAL_ROWS_REVISED")),1),M[27]||(M[27]=g()),i[p(h).PLAN_ROWS]?(N(),B("span",yU,"(Planned: "+ut(p(ot)+p(S)("PLAN_ROWS_REVISED"))+")",1)):Z("",!0),M[28]||(M[28]=g()),p(x)!==p(Ln).none&&xt.value?(N(),B("span",CU,[M[21]||(M[21]=g(`
          |
          `)),p(x)===p(Ln).over?(N(),B("span",IU,[Tt(p(Te),{icon:p(Hv)},null,8,["icon"]),M[18]||(M[18]=g(" over"))])):Z("",!0),M[22]||(M[22]=g()),p(x)===p(Ln).under?(N(),B("span",NU,[Tt(p(Te),{icon:p(Pv)},null,8,["icon"]),M[19]||(M[19]=g(" under"))])):Z("",!0),M[23]||(M[23]=g(`
          estimated
          `)),p(Y)!=1/0?(N(),B("span",xU,[M[20]||(M[20]=g(`
            by
            `)),T("span",{class:kt(["p-0 px-1 alert",p(A)]),innerHTML:p(S)("PLANNER_ESTIMATE_FACTOR")},null,10,wU)])):Z("",!0)])):Z("",!0)]),M[45]||(M[45]=g()),p(y)?(N(),B("div",kU,[Tt(p(Te),{"fixed-width":"",icon:p(Gh),class:"text-secondary"},null,8,["icon"]),M[30]||(M[30]=g()),T("b",null,ut(p(h)[p(X)])+": ",1),M[31]||(M[31]=g()),T("span",null,[T("span",BU,ut(p(ot)+p(S)(p(X))),1),M[29]||(M[29]=g(`|
          `)),T("span",{class:kt(["p-0 px-1 alert",p(K)])},ut(p(P))+"%",3)]),M[32]||(M[32]=g()),p(X)=="ROWS_REMOVED_BY_INDEX_RECHECK_REVISED"?Ce((N(),he(p(Te),{key:0,"fixed-width":"",icon:p(Ls),class:"text-muted"},null,8,["icon"])),[[p(xe),{allowHTML:!0,content:p(R)}]]):Ce((N(),he(p(Te),{key:1,"fixed-width":"",icon:p(Ls),class:"text-muted"},null,8,["icon"])),[[p(xe),{allowHTML:!0,content:p(k)}]])])):Z("",!0),M[46]||(M[46]=g()),i[p(h).HEAP_FETCHES]?(N(),B("div",DU,[Tt(p(Te),{"fixed-width":"",icon:p(Wv),class:"text-secondary"},null,8,["icon"]),M[33]||(M[33]=g()),M[34]||(M[34]=T("b",null,"Heap Fetches:",-1)),M[35]||(M[35]=g()),T("span",{class:kt(["p-0 px-1 rounded alert",p(O)]),innerHTML:p(S)("HEAP_FETCHES")},null,10,PU),M[36]||(M[36]=g()),p(O)?Ce((N(),he(p(Te),{key:0,icon:p(Ls),"fixed-width":"",class:"text-secondary"},null,8,["icon"])),[[p(xe),{arrow:!0,content:"Visibility map may be out-of-date. Consider using VACUUM or change autovacuum settings."}]]):Z("",!0)])):Z("",!0),M[47]||(M[47]=g()),p(F).isUndefined(i[p(h).EXCLUSIVE_COST])?Z("",!0):(N(),B("div",MU,[Tt(p(Te),{"fixed-width":"",icon:p(Uv),class:"text-secondary"},null,8,["icon"]),M[37]||(M[37]=g()),M[38]||(M[38]=T("b",null,"Cost:",-1)),M[39]||(M[39]=g()),T("span",{class:kt(["p-0 px-1 me-1 alert",p(f)])},ut(p(S)("EXCLUSIVE_COST")),3),M[40]||(M[40]=g()),T("span",HU,"(Total: "+ut(p(S)("TOTAL_COST"))+")",1)])),M[48]||(M[48]=g()),i[p(h).ACTUAL_LOOPS]>1?(N(),B("div",WU,[Tt(p(Te),{"fixed-width":"",icon:p(uH),class:"text-secondary"},null,8,["icon"]),M[41]||(M[41]=g()),M[42]||(M[42]=T("b",null,"Loops:",-1)),M[43]||(M[43]=g()),T("span",UU,ut(p(S)("ACTUAL_LOOPS")),1)])):Z("",!0)],2),M[77]||(M[77]=g()),T("div",{class:kt(["tab-pane",{"show active":c.value==="iobuffer"}])},[Tt(zl,{node:i,exclusive:""},null,8,["node"]),M[75]||(M[75]=g()),T("table",$U,[M[68]||(M[68]=T("thead",null,[T("tr",null,[T("th",null,"Blocks"),g(),T("td",{class:"text-end",width:"25%"},"Hit"),g(),T("td",{class:"text-end",width:"25%"},"Read"),g(),T("td",{class:"text-end",width:"25%"},"Dirtied"),g(),T("td",{class:"text-end",width:"25%"},"Written")])],-1)),M[69]||(M[69]=g()),T("tbody",null,[T("tr",null,[M[49]||(M[49]=T("td",null,"Shared",-1)),M[50]||(M[50]=g()),T("td",{class:"text-end",innerHTML:p(S)("EXCLUSIVE_SHARED_HIT_BLOCKS")||"-"},null,8,FU),M[51]||(M[51]=g()),T("td",{class:"text-end",innerHTML:p(S)("EXCLUSIVE_SHARED_READ_BLOCKS")||"-"},null,8,VU),M[52]||(M[52]=g()),T("td",{class:"text-end",innerHTML:p(S)("EXCLUSIVE_SHARED_DIRTIED_BLOCKS")||"-"},null,8,zU),M[53]||(M[53]=g()),T("td",{class:"text-end",innerHTML:p(S)("EXCLUSIVE_SHARED_WRITTEN_BLOCKS")||"-"},null,8,GU)]),M[66]||(M[66]=g()),T("tr",null,[M[54]||(M[54]=T("td",null,"Temp",-1)),M[55]||(M[55]=g()),M[56]||(M[56]=T("td",{class:"text-end bg-hatched"},null,-1)),M[57]||(M[57]=g()),T("td",{class:"text-end",innerHTML:p(S)("EXCLUSIVE_TEMP_READ_BLOCKS")||"-"},null,8,XU),M[58]||(M[58]=g()),M[59]||(M[59]=T("td",{class:"text-end bg-hatched"},null,-1)),M[60]||(M[60]=g()),T("td",{class:"text-end",innerHTML:p(S)("EXCLUSIVE_TEMP_WRITTEN_BLOCKS")||"-"},null,8,KU)]),M[67]||(M[67]=g()),T("tr",null,[M[61]||(M[61]=T("td",null,"Local",-1)),M[62]||(M[62]=g()),T("td",{class:"text-end",innerHTML:p(S)("EXCLUSIVE_LOCAL_HIT_BLOCKS")||"-"},null,8,YU),M[63]||(M[63]=g()),T("td",{class:"text-end",innerHTML:p(S)("EXCLUSIVE_LOCAL_READ_BLOCKS")||"-"},null,8,qU),M[64]||(M[64]=g()),T("td",{class:"text-end",innerHTML:p(S)("EXCLUSIVE_LOCAL_DIRTIED_BLOCKS")||"-"},null,8,jU),M[65]||(M[65]=g()),T("td",{class:"text-end",innerHTML:p(S)("EXCLUSIVE_LOCAL_WRITTEN_BLOCKS")||"-"},null,8,JU)])])]),M[76]||(M[76]=g()),i[p(h).WAL_RECORDS]||i[p(h).WAL_BYTES]?(N(),B("div",QU,[T("b",null,[Ce((N(),B("span",ZU,M[70]||(M[70]=[g("WAL")]))),[[p(xe),"Write-Ahead Logging"]]),M[71]||(M[71]=g(`:
        `))]),g(" "+ut(p(S)("WAL_RECORDS"))+` records
        `,1),T("small",null,"("+ut(p(S)("WAL_BYTES"))+")",1),M[74]||(M[74]=g()),i[p(h).WAL_FPI]?(N(),B("span",t7,[M[73]||(M[73]=g(`
          -
          `)),Ce((N(),B("span",e7,M[72]||(M[72]=[g("FPI")]))),[[p(xe),"WAL Full Page Images"]]),g(`:
          `+ut(p(S)("WAL_FPI")),1)])):Z("",!0)])):Z("",!0)],2),M[78]||(M[78]=g()),T("div",{class:kt(["tab-pane overflow-auto font-monospace",{"show active":c.value==="output"}]),innerHTML:p(S)("OUTPUT"),style:{"max-height":"200px"},onMousewheel:M[5]||(M[5]=De(()=>{},["stop"]))},null,42,n7),M[79]||(M[79]=g()),i[p(h).WORKERS_PLANNED]||i[p(h).WORKERS_PLANNED_BY_GATHER]?(N(),B("div",{key:0,class:kt(["tab-pane",{"show active":c.value==="workers"}])},[Tt(Gv,{node:i},null,8,["node"])],2)):Z("",!0),M[80]||(M[80]=g()),T("div",{class:kt(["tab-pane",{"show active":c.value==="misc"}])},[Tt(Xv,{node:i},null,8,["node"])],2)])],64))}}),i7={key:5,class:"p-0 d-inline-block mb-0 ms-1 text-nowrap"},s7=we({__name:"NodeBadges",props:{node:{}},setup(t){const n=Bn(t.node),r=Re(zr),i=Re(Ws),{rowsRemoved:o,costClass:l,durationClass:c,estimationClass:u,rowsRemovedClass:_,heapFetchesClass:f,filterTooltip:E}=Io(r,n,i);return(A,b)=>(N(),B(Ft,null,[p(c)?Ce((N(),B("span",{key:0,class:kt("p-0  d-inline-block mb-0 ms-1 text-nowrap alert "+p(c))},[Tt(p(Te),{"fixed-width":"",icon:p(Dv)},null,8,["icon"])],2)),[[p(xe),"Slow"]]):Z("",!0),b[0]||(b[0]=g()),p(l)?Ce((N(),B("span",{key:1,class:kt("p-0  d-inline-block mb-0 ms-1 text-nowrap alert "+p(l))},[Tt(p(Te),{"fixed-width":"",icon:p(Uv)},null,8,["icon"])],2)),[[p(xe),"Cost is high"]]):Z("",!0),b[1]||(b[1]=g()),p(u)?Ce((N(),B("span",{key:2,class:kt("p-0  d-inline-block mb-0 ms-1 text-nowrap alert "+p(u))},[Tt(p(Te),{"fixed-width":"",icon:p(fH)},null,8,["icon"])],2)),[[p(xe),"Bad estimation for number of rows"]]):Z("",!0),b[2]||(b[2]=g()),p(_)?Ce((N(),B("span",{key:3,class:kt("p-0  d-inline-block mb-0 ms-1 text-nowrap alert "+p(_))},[Tt(p(Te),{"fixed-width":"",icon:p(Gh)},null,8,["icon"])],2)),[[p(xe),p(E)]]):Z("",!0),b[3]||(b[3]=g()),p(f)?Ce((N(),B("span",{key:4,class:kt("p-0  d-inline-block mb-0 ms-1 text-nowrap alert "+p(f))},[Tt(p(Te),{"fixed-width":"",icon:p(Wv)},null,8,["icon"])],2)),[[p(xe),{arrow:!0,content:"Heap Fetches number is high"}]]):Z("",!0),b[4]||(b[4]=g()),p(o)&&!p(_)?Ce((N(),B("span",i7,[Tt(p(Te),{"fixed-width":"",icon:p(Gh),class:"text-secondary"},null,8,["icon"])])),[[p(xe),p(E)]]):Z("",!0)],64))}}),o7={key:0,class:"fixed-bottom text-center"},a7={class:"subplan-name fst-italic px-1"},l7={key:1,class:"workers text-secondary py-0 px-1"},c7={class:"card-body header no-focus-outline"},u7={class:"mb-0 d-flex justify-content-between"},d7={class:"text-secondary"},f7={class:"text-nowrap"},p7={class:"text-start font-monospace"},h7={key:0},_7={key:1},m7=["innerHTML"],E7=["innerHTML"],g7=["innerHTML"],T7={key:4},S7=["innerHTML"],A7=["innerHTML"],v7={key:7},R7={key:0},O7={class:"progress node-bar-container",style:{height:"5px"}},L7={class:"node-bar-label"},b7={class:"text-secondary"},y7=["innerHTML"],j1=we({__name:"PlanNode",props:{node:{}},setup(t){const e=te(null),n=Re(sd);if(!n)throw new Error(`Could not resolve ${sd.description}`);const r=Re(Vd),i=Re(Ro);if(!i)throw new Error(`Could not resolve ${Ro.description}`);const o=Re(Ws),l=t,c=te(!1),u=Bn(l.node),_=Re(zr),f=Re("updateNodeSize"),{nodeName:E,barWidth:A,barColor:b,highlightValue:k,isNeverExecuted:S,workersLaunchedCount:O,workersPlannedCount:R,workersPlannedCountReversed:x}=Io(_,u,o);Bs(async()=>{Y(u)});function Y(K){const P=e.value?.getBoundingClientRect();P&&f?.(K,[P.width,P.height])}Yn("updateSize",Y),bn(c,()=>{window.setTimeout(()=>Y(u),1)}),bn(o,()=>{wl(()=>{Y(u)})}),bn(n,()=>{n.value==u.nodeId&&(c.value=!0)});function y(){const K=LH(_.value,u[h.CTE_NAME]);K&&i?.(K.nodeId,!0)}return(K,P)=>(N(),B("div",{ref_key:"outerEl",ref:e,onMousedown:P[4]||(P[4]=De(()=>{},["stop"]))},[T("div",{class:kt(["text-start plan-node",{detailed:c.value,"never-executed":p(S),parallel:p(R),selected:p(n)==u.nodeId,highlight:p(r)==u.nodeId}])},[u[p(h).SUBPLAN_NAME]?(N(),B("div",o7,[T("b",a7,ut(u[p(h).SUBPLAN_NAME]),1)])):Z("",!0),P[34]||(P[34]=g()),p(R)?(N(),B("div",l7,[(N(!0),B(Ft,null,Je(p(x),X=>(N(),B("div",{key:X,style:qe({top:1+X*2+"px",left:1+(X+1)*3+"px"}),class:kt({"border-dashed":X>=p(O)})},ut(X),7))),128))])):Z("",!0),P[35]||(P[35]=g()),T("div",{class:"plan-node-body card",onMouseenter:P[2]||(P[2]=X=>r.value=u.nodeId),onMouseleave:P[3]||(P[3]=X=>r.value=void 0)},[T("div",c7,[T("header",u7,[T("h4",{class:"text-body overflow-hidden btn btn-light text-start py-0 px-1",onClick:P[0]||(P[0]=De(X=>c.value=!c.value,["prevent","stop"]))},[T("span",d7,[c.value?(N(),he(p(Te),{key:0,"fixed-width":"",icon:p(rH)},null,8,["icon"])):(N(),he(p(Te),{key:1,"fixed-width":"",icon:p(Mv)},null,8,["icon"]))]),g(" "+ut(p(E)),1)]),P[6]||(P[6]=g()),T("div",f7,[Tt(s7,{node:u},null,8,["node"]),P[5]||(P[5]=g()),T("a",{class:"fw-normal small ms-1",href:"",onClick:P[1]||(P[1]=De(X=>p(i)(u.nodeId,!0),["prevent","stop"]))},`
                #`+ut(u.nodeId),1)])]),P[31]||(P[31]=g()),T("div",p7,[u[p(h).RELATION_NAME]||u[p(h).FUNCTION_NAME]?(N(),B("div",{key:0,class:kt({"line-clamp-2":!c.value})},[P[8]||(P[8]=T("span",{class:"text-secondary"},"on",-1)),P[9]||(P[9]=g()),u[p(h).SCHEMA]?(N(),B("span",h7,ut(u[p(h).SCHEMA])+".",1)):Z("",!0),g(ut(u[p(h).RELATION_NAME])+" "+ut(u[p(h).FUNCTION_NAME])+" ",1),u[p(h).ALIAS]?(N(),B("span",_7,[P[7]||(P[7]=T("span",{class:"text-secondary"},"as",-1)),g(" "+ut(u[p(h).ALIAS]),1)])):Z("",!0)],2)):u[p(h).ALIAS]?(N(),B("div",{key:1,class:kt({"line-clamp-2":!c.value})},[P[10]||(P[10]=T("span",{class:"text-secondary"},"on",-1)),P[11]||(P[11]=g()),T("span",{innerHTML:p(Gi)(u[p(h).ALIAS])},null,8,m7)],2)):Z("",!0),P[23]||(P[23]=g()),u[p(h).GROUP_KEY]?(N(),B("div",{key:2,class:kt({"line-clamp-2":!c.value})},[P[12]||(P[12]=T("span",{class:"text-secondary"},"by",-1)),P[13]||(P[13]=g()),T("span",{innerHTML:p(Gi)(u[p(h).GROUP_KEY])},null,8,E7)],2)):Z("",!0),P[24]||(P[24]=g()),u[p(h).SORT_KEY]?(N(),B("div",{key:3,class:kt({"line-clamp-2":!c.value})},[P[14]||(P[14]=T("span",{class:"text-secondary"},"by",-1)),P[15]||(P[15]=g()),T("span",{innerHTML:p(Vv)(u[p(h).SORT_KEY],u[p(h).PRESORTED_KEY])},null,8,g7)],2)):Z("",!0),P[25]||(P[25]=g()),u[p(h).JOIN_TYPE]?(N(),B("div",T7,[g(ut(u[p(h).JOIN_TYPE])+" ",1),P[16]||(P[16]=T("span",{class:"text-secondary"},"join",-1))])):Z("",!0),P[26]||(P[26]=g()),u[p(h).INDEX_NAME]?(N(),B("div",{key:5,class:kt({"line-clamp-2":!c.value})},[P[17]||(P[17]=T("span",{class:"text-secondary"},"using",-1)),P[18]||(P[18]=g()),T("span",{innerHTML:p(Gi)(u[p(h).INDEX_NAME])},null,8,S7)],2)):Z("",!0),P[27]||(P[27]=g()),u[p(h).HASH_CONDITION]?(N(),B("div",{key:6,class:kt({"line-clamp-2":!c.value})},[P[19]||(P[19]=T("span",{class:"text-secondary"},"on",-1)),P[20]||(P[20]=g()),T("span",{innerHTML:p(Gi)(u[p(h).HASH_CONDITION])},null,8,A7)],2)):Z("",!0),P[28]||(P[28]=g()),u[p(h).CTE_NAME]?(N(),B("div",v7,[T("a",{class:"text-reset",href:"",onClick:De(y,["prevent","stop"])},[Tt(p(Te),{icon:p(hH),class:"text-secondary"},null,8,["icon"]),P[21]||(P[21]=g()),P[22]||(P[22]=T("span",{class:"text-secondary"},"CTE",-1)),g(" "+ut(u[p(h).CTE_NAME]),1)])])):Z("",!0)]),P[32]||(P[32]=g()),p(o).highlightType!==p(Tr).NONE&&p(k)!==null?(N(),B("div",R7,[T("div",O7,[T("div",{class:"progress-bar",role:"progressbar",style:qe({width:p(A)+"%","background-color":p(b)}),"aria-valuenow":"0","aria-valuemin":"0","aria-valuemax":"100"},null,4)]),P[30]||(P[30]=g()),T("span",L7,[T("span",b7,ut(p(o).highlightType)+":",1),P[29]||(P[29]=g()),T("span",{innerHTML:p(k)},null,8,y7)])])):Z("",!0)]),P[33]||(P[33]=g()),c.value?(N(),he(r7,{key:0,node:u},null,8,["node"])):Z("",!0)],32)],2)],544))}}),C7={key:0,class:"plan-stats flex-shrink-0 d-flex border-bottom border-top align-items-center"},I7={class:"d-inline-block px-2"},N7={key:0,class:"text-secondary"},x7=["innerHTML"],w7={class:"d-inline-block border-start px-2"},k7={key:0,class:"text-secondary"},B7={key:1,class:"stat-value"},D7=["innerHTML"],P7={key:0,class:"d-inline-block border-start px-2 position-relative"},M7={class:"stat-value"},H7=["innerHTML"],W7={key:0,class:"stat-dropdown-container text-start"},U7={key:1,class:"d-inline-block border-start px-2 position-relative"},$7={class:"stat-value"},F7=["innerHTML"],V7={key:0,class:"stat-dropdown-container text-start"},z7={class:"float-end"},G7=["innerHTML"],X7={key:0,class:"text-secondary"},K7={key:1,class:"my-2"},Y7={key:2,class:"d-inline-block border-start px-2 position-relative"},q7={class:"stat-label"},j7={class:"badge bg-secondary"},J7={key:0,class:"stat-dropdown-container text-start"},Q7={class:"table table-sm table-striped mb-0"},Z7={key:3,class:"d-inline-block border-start px-2 position-relative"},t9={class:"stat-label"},e9=["innerHTML"],n9={key:1,class:"stat-dropdown-container text-start"},J1=we({__name:"PlanStats",setup(t){const n=new Pa().getHelpMessage,r=Re(zr),i=te(!1),o=te(!1),l=te(!1),c=te(!1),u=Bt(()=>r.value&&r.value.content.Plan),_=S=>{let O=NaN;return S>90?O=4:S>40?O=3:S>10&&(O=2),O?"c-"+O:!1},f=Bt(()=>{const S=r.value.planStats.executionTime||0,O=A.value||0;return F.round(O/S*100)});function E(S){const O=r.value.planStats.executionTime||0,R=S.Time;return F.round(R/O*100)}const A=Bt(()=>F.sumBy(r.value.planStats.triggers,S=>S.Time));function b(S){const O=S[h.AVERAGE_SUM_IO_READ_SPEED],R=S[h.AVERAGE_SUM_IO_WRITE_SPEED],x=[];return O&&x.push(`read=~${Vl(h.AVERAGE_SUM_IO_READ_SPEED,O)}`),R&&x.push(`write=~${Vl(h.AVERAGE_SUM_IO_WRITE_SPEED,R)}`),x.join(", ")}function k(S){return S.Plans?.some(function O(R){return R[h.WORKERS_PLANNED]||R[h.WORKERS_PLANNED_BY_GATHER]?!0:Array.isArray(R.Plans)&&R.Plans.some(O)})}return(S,O)=>p(r)?(N(),B("div",C7,[T("div",I7,[O[8]||(O[8]=g(`
      Execution time:
      `)),p(r).planStats.executionTime?(N(),B("span",{key:1,class:"stat-value",innerHTML:p(sr)(p(r).planStats.executionTime)},null,8,x7)):(N(),B("span",N7,[O[7]||(O[7]=g(`
          N/A
          `)),Ce(Tt(p(Te),{icon:p(Ls),class:"cursor-help"},null,8,["icon"]),[[p(xe),p(n)("missing execution time")]])]))]),O[46]||(O[46]=g()),T("div",w7,[O[10]||(O[10]=g(`
      Planning time:
      `)),p(r).planStats.planningTime?(N(),B("span",B7,[T("span",{class:kt("mb-0 p-0 px-1 alert "+_(p(r).planStats.planningTime/p(r).planStats.executionTime*100)),innerHTML:p(sr)(p(r).planStats.planningTime)},null,10,D7)])):(N(),B("span",k7,[O[9]||(O[9]=g(`
          N/A
          `)),Ce(Tt(p(Te),{icon:p(Ls),class:"cursor-help"},null,8,["icon"]),[[p(xe),p(n)("missing planning time")]])]))]),O[47]||(O[47]=g()),p(r).planStats.jitTime&&p(r).planStats.executionTime?(N(),B("div",P7,[O[13]||(O[13]=g(`
      JIT:
      `)),T("span",M7,[T("span",{class:kt("mb-0 p-0 px-1 alert "+_(p(r).planStats.jitTime/p(r).planStats.executionTime*100)),innerHTML:p(sr)(p(r).planStats.jitTime)},null,10,H7),O[11]||(O[11]=g()),T("button",{onClick:O[0]||(O[0]=De(R=>l.value=!l.value,["prevent"])),class:"bg-transparent border-0 p-0 m-0 ps-1"},[Tt(p(Te),{icon:p(Eu),class:"text-secondary"},null,8,["icon"])]),O[12]||(O[12]=g()),l.value?(N(),B("div",W7,[T("div",null,[p(r).content.JIT?(N(),he(Fv,{key:0,jit:p(r).content.JIT},null,8,["jit"])):Z("",!0)])])):Z("",!0)])])):Z("",!0),O[48]||(O[48]=g()),p(r).planStats.triggers&&p(r).planStats.triggers.length?(N(),B("div",U7,[O[28]||(O[28]=T("span",{class:"stat-label"},"Triggers: ",-1)),O[29]||(O[29]=g()),T("span",$7,[T("span",{class:kt("mb-0 p-0 px-1 alert "+p(qh)(f.value)),innerHTML:p(sr)(A.value)},null,10,F7)]),O[30]||(O[30]=g()),T("button",{onClick:O[1]||(O[1]=De(R=>o.value=!o.value,["prevent"])),class:"bg-transparent border-0 p-0 m-0 ps-1"},[Tt(p(Te),{icon:p(Eu),class:"text-secondary"},null,8,["icon"])]),O[31]||(O[31]=g()),o.value?(N(),B("div",V7,[T("button",{class:"btn btn-xs btn-close float-end",onClick:O[2]||(O[2]=R=>o.value=!1)}),O[25]||(O[25]=g()),O[26]||(O[26]=T("h3",null,"Triggers",-1)),O[27]||(O[27]=g()),(N(!0),B(Ft,null,Je(p(r).planStats.triggers,(R,x)=>(N(),B("div",{key:x},[g(ut(R["Trigger Name"])+" ",1),O[15]||(O[15]=T("br",null,null,-1)),O[16]||(O[16]=g()),O[17]||(O[17]=T("span",{class:"text-secondary"},"Called",-1)),g(" "+ut(R.Calls),1),O[18]||(O[18]=T("span",{class:"text-secondary"},"×",-1)),O[19]||(O[19]=g()),T("span",z7,[T("span",{class:kt("p-0 px-1 alert "+p(qh)(E(R))),innerHTML:p(sr)(R.Time)},null,10,G7),g(`
            | `+ut(E(R)),1),O[14]||(O[14]=T("span",{class:"text-secondary"},"%",-1))]),O[20]||(O[20]=g()),O[21]||(O[21]=T("br",null,null,-1)),O[22]||(O[22]=g()),R.Relation?(N(),B("span",X7,"on")):Z("",!0),g(" "+ut(R.Relation)+" ",1),O[23]||(O[23]=T("div",{class:"clearfix"},null,-1)),O[24]||(O[24]=g()),p(r).planStats.triggers&&x!=p(r).planStats.triggers.length-1?(N(),B("hr",K7)):Z("",!0)]))),128))])):Z("",!0)])):Z("",!0),O[49]||(O[49]=g()),p(r).planStats.settings?(N(),B("div",Y7,[T("span",q7,[O[32]||(O[32]=g(`Settings:
        `)),T("span",j7,ut(p(F).keys(p(r).planStats.settings).length),1)]),O[39]||(O[39]=g()),T("button",{onClick:O[3]||(O[3]=De(R=>i.value=!i.value,["prevent"])),class:"bg-transparent border-0 p-0 m-0 ps-1"},[Tt(p(Te),{icon:p(Eu),class:"text-secondary"},null,8,["icon"])]),O[40]||(O[40]=g()),i.value?(N(),B("div",J7,[T("button",{class:"btn btn-xs btn-close float-end",onClick:O[4]||(O[4]=R=>i.value=!1)}),O[34]||(O[34]=g()),O[35]||(O[35]=T("h3",null,"PG Settings",-1)),O[36]||(O[36]=g()),O[37]||(O[37]=T("em",{class:"text-secondary d-block pb-2"},`
          Configuration parameters affecting query planning with value different
          from the built-in default value.
        `,-1)),O[38]||(O[38]=g()),T("table",Q7,[T("tbody",null,[(N(!0),B(Ft,null,Je(p(r).planStats.settings,(R,x)=>(N(),B("tr",{key:x},[T("td",null,ut(x),1),O[33]||(O[33]=g()),T("td",null,ut(R),1)]))),128))])])])):Z("",!0)])):Z("",!0),O[50]||(O[50]=g()),b(u.value)?(N(),B("div",Z7,[T("span",t9,[O[41]||(O[41]=g(`
        IO: `)),T("span",{innerHTML:b(u.value)},null,8,e9)]),O[43]||(O[43]=g()),k(u.value)?Ce((N(),he(p(Te),{key:0,icon:p(Ls),class:"cursor-help d-inline-block text-secondary"},null,8,["icon"])),[[p(xe),{content:p(n)("io timings parallel")}]]):Z("",!0),O[44]||(O[44]=g()),T("button",{onClick:O[5]||(O[5]=De(R=>c.value=!c.value,["prevent"])),class:"bg-transparent border-0 p-0 m-0 ps-1"},[Tt(p(Te),{icon:p(Eu),class:"text-secondary"},null,8,["icon"])]),O[45]||(O[45]=g()),c.value?(N(),B("div",n9,[T("button",{class:"btn btn-xs btn-close float-end",onClick:O[6]||(O[6]=R=>c.value=!1)}),O[42]||(O[42]=g()),Tt(zl,{node:u.value,class:"mb-0"},null,8,["node"])])):Z("",!0)])):Z("",!0)])):Z("",!0)}}),r9={class:"table"},Tu=we({__name:"SortedTable",props:{values:{},sort:{},dir:{}},setup(t){const e=t,n=te(e.sort),r=te(e.dir);Yn("sort",n),Yn("dir",r),Yn("sortBy",o);const i=Bt(()=>F.orderBy(e.values,n.value,r.value));function o(l){l===n.value&&(r.value=r.value===Ti.asc?Ti.desc:Ti.asc),n.value=l}return(l,c)=>(N(),B("table",r9,[As(l.$slots,"default"),c[0]||(c[0]=g()),As(l.$slots,"head"),c[1]||(c[1]=g()),As(l.$slots,"body",{values:i.value}),c[2]||(c[2]=g()),As(l.$slots,"foot")]))}}),Br=we({__name:"SortLink",props:{name:{}},setup(t){const e=Re("dir"),n=Re("sort"),r=Re("sortBy");return(i,o)=>(N(),B("a",{href:"#",onClick:o[0]||(o[0]=De(l=>p(r)&&p(r)(i.name),["prevent"]))},[As(i.$slots,"default",{},()=>[g(ut(i.name),1)]),o[1]||(o[1]=g()),p(n)==i.name&&p(e)==p(Ti).asc?(N(),he(p(Te),{key:0,"fixed-width":"",icon:p(dH)},null,8,["icon"])):p(n)==i.name&&p(e)==p(Ti).desc?(N(),he(p(Te),{key:1,"fixed-width":"",icon:p(oH)},null,8,["icon"])):Z("",!0)]))}}),i9={class:"thead-light"},s9={class:"text-end"},o9={class:"text-end"},a9={class:"text-end"},l9={class:"ps-3"},c9=["href"],u9={class:"text-end"},d9={class:"px-1"},f9={class:"text-end"},Su=we({__name:"StatsTableItem",props:{value:{},executionTime:{}},setup(t){const e=t,n=te(!1);function r(i){return i[h.EXCLUSIVE_DURATION]/e.executionTime}return(i,o)=>(N(),B(Ft,null,[T("thead",i9,[T("tr",{onClick:o[0]||(o[0]=De(l=>n.value=!n.value,["prevent"])),role:"button"},[T("th",null,[n.value?(N(),he(p(Te),{key:0,"fixed-width":"",icon:p(Mv)},null,8,["icon"])):(N(),he(p(Te),{key:1,"fixed-width":"",icon:p(_H)},null,8,["icon"])),g(" "+ut(e.value.name),1)]),o[1]||(o[1]=g()),T("th",s9,ut(e.value.count),1),o[2]||(o[2]=g()),T("th",o9,[T("span",{class:kt(["alert p-0 px-1",p(qh)(e.value.timePercent*100)])},ut(p(sr)(e.value.time)),3)]),o[3]||(o[3]=g()),T("th",a9,ut(p(Y1)(e.value.timePercent)),1)])]),o[8]||(o[8]=g()),T("tbody",{class:kt(n.value?"":"d-none")},[(N(!0),B(Ft,null,Je(p(F).reverse(p(F).sortBy(e.value.nodes,p(h).EXCLUSIVE_DURATION)),l=>(N(),B("tr",{key:l.nodeId,style:{"font-size":"smaller"}},[T("td",l9,[T("a",{href:`#plan/node/${l.nodeId}`,class:"me-1"},"#"+ut(l.nodeId),9,c9),g(" "+ut(l[p(h).NODE_TYPE]),1)]),o[4]||(o[4]=g()),o[5]||(o[5]=T("td",{class:"text-end"},null,-1)),o[6]||(o[6]=g()),T("td",u9,[T("span",d9,ut(p(sr)(l[p(h).EXCLUSIVE_DURATION])),1)]),o[7]||(o[7]=g()),T("td",f9,ut(p(Y1)(r(l))),1)]))),128))],2)],64))}}),p9={class:"small stats container-fluid mt-2"},h9={class:"row row-cols-1 row-cols-lg-2 row-cols-xxl-3 g-4"},_9={class:"col"},m9={class:"card"},E9={class:"card-body"},g9={class:"table-secondary"},T9={scope:"col"},S9={scope:"col",class:"text-end"},A9={scope:"col",colspan:"2",class:"text-end"},v9={key:0},R9={class:"col"},O9={class:"card"},L9={class:"card-body"},b9={class:"table-secondary"},y9={scope:"col"},C9={scope:"col",class:"text-end"},I9={scope:"col",colspan:"2",class:"text-end"},N9={key:0},x9={class:"col"},w9={class:"card"},k9={class:"card-body"},B9={class:"table-secondary"},D9={scope:"col"},P9={scope:"col",class:"text-end"},M9={scope:"col",colspan:"2",class:"text-end"},H9={class:"col"},W9={class:"card"},U9={class:"card-body"},$9={class:"table-secondary"},F9={scope:"col"},V9={scope:"col",class:"text-end"},z9={scope:"col",colspan:"2",class:"text-end"},G9={key:0},X9=we({__name:"Stats",setup(t){const e=[],n=te(0),r=Re(zr);ks(()=>{n.value=r.value.planStats.executionTime||r.value.content.Plan?.[h.ACTUAL_TOTAL_TIME],r.value.content.Plan&&(i(e,r.value.content.Plan),F.each(r.value.ctes,f=>{i(e,f)}))});function i(f,E){f.push(E),F.each(E.Plans,A=>{i(f,A)})}function o(f){return F.sumBy(f,h.EXCLUSIVE_DURATION)/n.value}const l=Bt(()=>{const f=F.groupBy(F.filter(e,A=>A[h.RELATION_NAME]!==void 0),h.RELATION_NAME),E=[];return F.each(f,(A,b)=>{E.push({name:b,count:A.length,time:F.sumBy(A,h.EXCLUSIVE_DURATION),timePercent:o(A),nodes:A})}),E}),c=Bt(()=>{const f=F.groupBy(F.filter(e,A=>A[h.FUNCTION_NAME]!==void 0),h.FUNCTION_NAME),E=[];return F.each(f,(A,b)=>{E.push({name:b,count:A.length,time:F.sumBy(A,h.EXCLUSIVE_DURATION),timePercent:o(A),nodes:A})}),E}),u=Bt(()=>{const f=F.groupBy(e,h.NODE_TYPE),E=[];return F.each(f,(A,b)=>{E.push({name:b,count:A.length,time:F.sumBy(A,h.EXCLUSIVE_DURATION),timePercent:o(A),nodes:A})}),E}),_=Bt(()=>{const f=F.groupBy(F.filter(e,A=>A[h.INDEX_NAME]!==void 0),h.INDEX_NAME),E=[];return F.each(f,(A,b)=>{E.push({name:b,count:A.length,time:F.sumBy(A,h.EXCLUSIVE_DURATION),timePercent:o(A),nodes:A})}),E});return(f,E)=>(N(),B("div",p9,[T("div",h9,[T("div",_9,[T("div",m9,[T("div",E9,[Tt(Tu,{class:"table table-sm mb-0",values:l.value,sort:"time",dir:p(Ti).desc},{body:ye(A=>[(N(!0),B(Ft,null,Je(A.values,b=>(N(),he(Su,{key:b,value:b,executionTime:n.value},null,8,["value","executionTime"]))),128))]),default:ye(()=>[T("thead",g9,[T("tr",null,[T("th",T9,[Tt(Br,{name:"name"},{default:ye(()=>E[0]||(E[0]=[g("Table")])),_:1,__:[0]})]),E[3]||(E[3]=g()),T("th",S9,[Tt(Br,{name:"count"},{default:ye(()=>E[1]||(E[1]=[g("Count")])),_:1,__:[1]})]),E[4]||(E[4]=g()),T("th",A9,[Tt(Br,{name:"time"},{default:ye(()=>E[2]||(E[2]=[g("Time")])),_:1,__:[2]})])])]),E[6]||(E[6]=g()),E[7]||(E[7]=g()),l.value.length?Z("",!0):(N(),B("tbody",v9,E[5]||(E[5]=[T("tr",null,[T("td",{colspan:"3",class:"text-center fst-italic"},`
                    No tables used
                  `)],-1)])))]),_:1,__:[6,7]},8,["values","dir"])])])]),E[30]||(E[30]=g()),T("div",R9,[T("div",O9,[T("div",L9,[Tt(Tu,{class:"table table-sm mb-0",values:c.value,sort:"time",dir:p(Ti).desc},{body:ye(A=>[(N(!0),B(Ft,null,Je(A.values,b=>(N(),he(Su,{key:b,value:b,executionTime:n.value},null,8,["value","executionTime"]))),128))]),default:ye(()=>[T("thead",b9,[T("tr",null,[T("th",y9,[Tt(Br,{name:"name"},{default:ye(()=>E[8]||(E[8]=[g("Function")])),_:1,__:[8]})]),E[11]||(E[11]=g()),T("th",C9,[Tt(Br,{name:"count"},{default:ye(()=>E[9]||(E[9]=[g("Count")])),_:1,__:[9]})]),E[12]||(E[12]=g()),T("th",I9,[Tt(Br,{name:"time"},{default:ye(()=>E[10]||(E[10]=[g("Time")])),_:1,__:[10]})])])]),E[14]||(E[14]=g()),E[15]||(E[15]=g()),c.value.length?Z("",!0):(N(),B("tbody",N9,E[13]||(E[13]=[T("tr",null,[T("td",{colspan:"3",class:"text-center fst-italic"},`
                    No function used
                  `)],-1)])))]),_:1,__:[14,15]},8,["values","dir"])])])]),E[31]||(E[31]=g()),T("div",x9,[T("div",w9,[T("div",k9,[Tt(Tu,{class:"table table-sm mb-0",values:u.value,sort:"time",dir:p(Ti).desc},{body:ye(A=>[(N(!0),B(Ft,null,Je(A.values,b=>(N(),he(Su,{key:b,value:b,executionTime:n.value},null,8,["value","executionTime"]))),128))]),default:ye(()=>[T("thead",B9,[T("tr",null,[T("th",D9,[Tt(Br,{name:"name"},{default:ye(()=>E[16]||(E[16]=[g("Node Type")])),_:1,__:[16]})]),E[19]||(E[19]=g()),T("th",P9,[Tt(Br,{name:"count"},{default:ye(()=>E[17]||(E[17]=[g("Count")])),_:1,__:[17]})]),E[20]||(E[20]=g()),T("th",M9,[Tt(Br,{name:"time"},{default:ye(()=>E[18]||(E[18]=[g("Time")])),_:1,__:[18]})])])]),E[21]||(E[21]=g())]),_:1,__:[21]},8,["values","dir"])])])]),E[32]||(E[32]=g()),T("div",H9,[T("div",W9,[T("div",U9,[Tt(Tu,{class:"table table-sm mb-0",values:_.value,sort:"time",dir:p(Ti).desc},{body:ye(A=>[(N(!0),B(Ft,null,Je(A.values,b=>(N(),he(Su,{key:b,value:b,executionTime:n.value},null,8,["value","executionTime"]))),128))]),default:ye(()=>[T("thead",$9,[T("tr",null,[T("th",F9,[Tt(Br,{name:"name"},{default:ye(()=>E[22]||(E[22]=[g("Index")])),_:1,__:[22]})]),E[25]||(E[25]=g()),T("th",V9,[Tt(Br,{name:"count"},{default:ye(()=>E[23]||(E[23]=[g("Count")])),_:1,__:[23]})]),E[26]||(E[26]=g()),T("th",z9,[Tt(Br,{name:"time"},{default:ye(()=>E[24]||(E[24]=[g("Time")])),_:1,__:[24]})])])]),E[28]||(E[28]=g()),E[29]||(E[29]=g()),_.value.length?Z("",!0):(N(),B("tbody",G9,E[27]||(E[27]=[T("tr",null,[T("td",{colspan:"3",class:"text-center fst-italic"},`
                    No index used
                  `)],-1)])))]),_:1,__:[28,29]},8,["values","dir"])])])])])]))}});let K9=class{nodeId;size;Options;Timing;Settings;[h.ACTUAL_LOOPS];[h.ACTUAL_ROWS];[h.ACTUAL_ROWS_REVISED];[h.ACTUAL_STARTUP_TIME];[h.ACTUAL_TOTAL_TIME];[h.EXCLUSIVE_COST];[h.EXCLUSIVE_DURATION];[h.EXCLUSIVE_LOCAL_DIRTIED_BLOCKS];[h.EXCLUSIVE_LOCAL_HIT_BLOCKS];[h.EXCLUSIVE_LOCAL_READ_BLOCKS];[h.EXCLUSIVE_LOCAL_WRITTEN_BLOCKS];[h.EXCLUSIVE_SHARED_DIRTIED_BLOCKS];[h.EXCLUSIVE_SHARED_HIT_BLOCKS];[h.EXCLUSIVE_SHARED_READ_BLOCKS];[h.EXCLUSIVE_SHARED_WRITTEN_BLOCKS];[h.EXCLUSIVE_TEMP_READ_BLOCKS];[h.EXCLUSIVE_TEMP_WRITTEN_BLOCKS];[h.FILTER];[h.PLANNER_ESTIMATE_DIRECTION];[h.PLANNER_ESTIMATE_FACTOR];[h.INDEX_NAME];[h.NODE_TYPE];[h.PARALLEL_AWARE];[h.PLANS];[h.PLAN_ROWS];[h.PLAN_ROWS_REVISED];[h.SUBPLAN_NAME];[h.TOTAL_COST];[h.WORKERS];[h.WORKERS_LAUNCHED];[h.WORKERS_PLANNED];[h.WORKERS_PLANNED_BY_GATHER];[h.EXCLUSIVE_IO_READ_TIME];[h.EXCLUSIVE_IO_WRITE_TIME];[h.EXCLUSIVE_SHARED_IO_READ_TIME];[h.EXCLUSIVE_SHARED_IO_WRITE_TIME];[h.EXCLUSIVE_LOCAL_IO_READ_TIME];[h.EXCLUSIVE_LOCAL_IO_WRITE_TIME];[h.EXCLUSIVE_TEMP_IO_READ_TIME];[h.EXCLUSIVE_TEMP_IO_WRITE_TIME];[h.EXCLUSIVE_SUM_IO_READ_TIME];[h.EXCLUSIVE_SUM_IO_WRITE_TIME];[h.AVERAGE_IO_READ_SPEED];[h.AVERAGE_IO_WRITE_SPEED];[h.AVERAGE_SHARED_IO_READ_SPEED];[h.AVERAGE_SHARED_IO_WRITE_SPEED];[h.AVERAGE_LOCAL_IO_READ_SPEED];[h.AVERAGE_LOCAL_IO_WRITE_SPEED];[h.AVERAGE_TEMP_IO_READ_SPEED];[h.AVERAGE_TEMP_IO_WRITE_SPEED];[h.AVERAGE_SUM_IO_READ_SPEED];[h.AVERAGE_SUM_IO_WRITE_SPEED];[h.EXCLUSIVE_AVERAGE_SUM_IO_READ_SPEED];[h.EXCLUSIVE_AVERAGE_SUM_IO_WRITE_SPEED];[h.IO_READ_TIME];[h.IO_WRITE_TIME];[h.SHARED_IO_READ_TIME];[h.SHARED_IO_WRITE_TIME];[h.LOCAL_IO_READ_TIME];[h.LOCAL_IO_WRITE_TIME];[h.TEMP_IO_READ_TIME];[h.TEMP_IO_WRITE_TIME];[h.SUM_IO_READ_TIME];[h.SUM_IO_WRITE_TIME];[h.PARTIAL_MODE];constructor(e){if(!e)return;this[h.NODE_TYPE]=e;const n=/^((?:Parallel\s+)?(?:Seq|Tid.*|Bitmap\s+Heap|WorkTable|(?:Async\s+)?Foreign)\s+Scan|Update|Insert|Delete|Merge)\son\s(\S+)(?:\s+(\S+))?$/.exec(e),r=/^(Bitmap\s+Index\s+Scan)\son\s(\S+)$/.exec(e),i=/^((?:Parallel\s+)?Index(?:\sOnly)?\sScan(?:\sBackward)?)\susing\s(\S+)\son\s(\S+)(?:\s+(\S+))?$/.exec(e),o=/^(CTE\sScan)\son\s(\S+)(?:\s+(\S+))?$/.exec(e),l=/^(Function\sScan)\son\s(\S+)(?:\s+(\S+))?$/.exec(e),c=/^(Subquery\sScan)\son\s(.+)$/.exec(e);n?(this[h.NODE_TYPE]=n[1],this[h.RELATION_NAME]=n[2],n[3]&&(this[h.ALIAS]=n[3])):r?(this[h.NODE_TYPE]=r[1],this[h.INDEX_NAME]=r[2]):i?(this[h.NODE_TYPE]=i[1],this[h.INDEX_NAME]=i[2],this[h.RELATION_NAME]=i[3],i[4]&&(this[h.ALIAS]=i[4])):o?(this[h.NODE_TYPE]=o[1],this[h.CTE_NAME]=o[2],o[3]&&(this[h.ALIAS]=o[3])):l?(this[h.NODE_TYPE]=l[1],this[h.FUNCTION_NAME]=l[2],l[3]&&(this[h.ALIAS]=l[3])):c&&(this[h.NODE_TYPE]=c[1],this[h.ALIAS]=c[2]);const u=/^(Parallel\s+)(.*)/.exec(this[h.NODE_TYPE]);u&&(this[h.NODE_TYPE]=u[2],this[h.PARALLEL_AWARE]=!0);const _=/(.*)\sJoin$/.exec(this[h.NODE_TYPE]),f=/(.*)\s+(Full|Left|Right|Anti)/.exec(this[h.NODE_TYPE]);_&&(this[h.NODE_TYPE]=_[1],f&&(this[h.NODE_TYPE]=f[1],this[h.JOIN_TYPE]=f[2]),this[h.NODE_TYPE]+=" Join")}};class Y9{constructor(e){this[zd.WORKER_NUMBER]=e}}class q9{static instance;nodeId=0;flat=[];recurse(e){return F.map(e,n=>[n,this.recurse(n[h.PLANS])])}createPlan(e,n,r){if(r=r.replace(/(\S)(?!$)(\s{2,})/gm,"$1 "),!n.Plan)throw new Error("Invalid plan");const i={id:h.PEV_PLAN_TAG+new Date().getTime().toString(),name:e||"plan created on "+new Date().toDateString(),createdOn:new Date,content:n,query:r,planStats:{},ctes:[],isAnalyze:F.has(n.Plan,h.ACTUAL_ROWS),isVerbose:this.findOutputProperty(n.Plan)};return this.nodeId=1,this.processNode(n.Plan,i),this.flat=this.flat.concat(F.flattenDeep(this.recurse([i.content.Plan]))),F.each(i.ctes,o=>{this.flat=this.flat.concat(F.flattenDeep(this.recurse([o])))}),this.fixCteScansDuration(i),this.fixInitPlanUsageDuration(i),this.calculateMaximums(i),i}isCTE(e){return e[h.PARENT_RELATIONSHIP]==="InitPlan"&&F.startsWith(e[h.SUBPLAN_NAME],"CTE")}processNode(e,n){e.nodeId=this.nodeId++,this.calculatePlannerEstimate(e),F.each(e[h.PLANS],r=>{!this.isCTE(r)&&r[h.PARENT_RELATIONSHIP]!=="InitPlan"&&r[h.PARENT_RELATIONSHIP]!=="SubPlan"&&(r[h.WORKERS_PLANNED_BY_GATHER]=e[h.WORKERS_PLANNED]||e[h.WORKERS_PLANNED_BY_GATHER],r[h.WORKERS_LAUNCHED_BY_GATHER]=e[h.WORKERS_LAUNCHED]||e[h.WORKERS_LAUNCHED_BY_GATHER]),this.isCTE(r)&&n.ctes.push(r),this.processNode(r,n)}),F.remove(e[h.PLANS],r=>this.isCTE(r)),this.calculateActuals(e),this.calculateExclusives(e),this.calculateIoTimingsAverage(e),this.convertNodeType(e)}calculateMaximums(e){const n=F.maxBy(this.flat,h.ACTUAL_ROWS_REVISED);n&&(e.content.maxRows=n[h.ACTUAL_ROWS_REVISED]);const r=F.maxBy(this.flat,h.EXCLUSIVE_COST);r&&(e.content.maxCost=r[h.EXCLUSIVE_COST]);const i=F.maxBy(this.flat,h.TOTAL_COST);i&&(e.content.maxTotalCost=i[h.TOTAL_COST]);const o=F.maxBy(this.flat,h.EXCLUSIVE_DURATION);o&&(e.content.maxDuration=o[h.EXCLUSIVE_DURATION]),e.content.maxBlocks||(e.content.maxBlocks={});function l(S){return S[h.EXCLUSIVE_SHARED_HIT_BLOCKS]+S[h.EXCLUSIVE_SHARED_READ_BLOCKS]+S[h.EXCLUSIVE_SHARED_DIRTIED_BLOCKS]+S[h.EXCLUSIVE_SHARED_WRITTEN_BLOCKS]}const c=F.maxBy(this.flat,S=>l(S));c&&l(c)&&(e.content.maxBlocks[ce.shared]=l(c));function u(S){return S[h.EXCLUSIVE_TEMP_READ_BLOCKS]+S[h.EXCLUSIVE_TEMP_WRITTEN_BLOCKS]}const _=F.maxBy(this.flat,S=>u(S));_&&u(_)&&(e.content.maxBlocks[ce.temp]=u(_));function f(S){return S[h.EXCLUSIVE_LOCAL_HIT_BLOCKS]+S[h.EXCLUSIVE_LOCAL_READ_BLOCKS]+S[h.EXCLUSIVE_LOCAL_DIRTIED_BLOCKS]+S[h.EXCLUSIVE_LOCAL_WRITTEN_BLOCKS]}const E=F.maxBy(this.flat,S=>f(S));E&&f(E)&&(e.content.maxBlocks[ce.local]=f(E)),e.content.maxIo||(e.content.maxIo=0);function A(S){return S[h.EXCLUSIVE_SUM_IO_READ_TIME]+S[h.EXCLUSIVE_SUM_IO_WRITE_TIME]}const b=F.maxBy(this.flat,S=>A(S));b&&A(b)&&(e.content.maxIo=A(b));const k=F.max(F.map(this.flat,S=>{const O=S[h.PLANNER_ESTIMATE_FACTOR];if(O!==1/0)return O}));e.content.maxEstimateFactor=k*2||1}calculateActuals(e){if(!F.isUndefined(e[h.ACTUAL_TOTAL_TIME])){const n=(e[h.WORKERS_PLANNED_BY_GATHER]||0)+1;e[h.ACTUAL_TOTAL_TIME]=e[h.ACTUAL_TOTAL_TIME]*e[h.ACTUAL_LOOPS]/n,e[h.ACTUAL_STARTUP_TIME]=e[h.ACTUAL_STARTUP_TIME]*e[h.ACTUAL_LOOPS]/n,e[h.EXCLUSIVE_DURATION]=e[h.ACTUAL_TOTAL_TIME];const r=e[h.EXCLUSIVE_DURATION]-this.childrenDuration(e,0);e[h.EXCLUSIVE_DURATION]=r>0?r:0}F.isUndefined(e[h.TOTAL_COST])||(e[h.EXCLUSIVE_COST]=e[h.TOTAL_COST]),F.each(e[h.PLANS],n=>{n[h.TOTAL_COST]&&(e[h.EXCLUSIVE_COST]=e[h.EXCLUSIVE_COST]-n[h.TOTAL_COST])}),e[h.EXCLUSIVE_COST]<0&&(e[h.EXCLUSIVE_COST]=0),F.each(["ACTUAL_ROWS","PLAN_ROWS","ROWS_REMOVED_BY_FILTER","ROWS_REMOVED_BY_JOIN_FILTER","ROWS_REMOVED_BY_INDEX_RECHECK"],n=>{if(!F.isUndefined(e[h[n]])){const r=n+"_REVISED",i=e[h.ACTUAL_LOOPS]||1,o=e[h[n]]*i;e[h[r]]=o}})}fixCteScansDuration(e){e.isAnalyze&&F.each(e.ctes,n=>{const r=n[h.ACTUAL_TOTAL_TIME],i=F.filter(this.flat,l=>`CTE ${l[h.CTE_NAME]}`==n[h.SUBPLAN_NAME]),o=F.sumBy(i,l=>l[h.EXCLUSIVE_DURATION]);F.each(i,l=>{l[h.EXCLUSIVE_DURATION]=l[h.EXCLUSIVE_DURATION]-r*l[h.ACTUAL_TOTAL_TIME]/o})})}fixInitPlanUsageDuration(e){if(!e.isAnalyze)return;const n=F.filter(this.flat,r=>r[h.PARENT_RELATIONSHIP]=="InitPlan");F.each(n,r=>{if(!r[h.SUBPLAN_NAME])return;const i=/(InitPlan\s+[1-9]+)(?:\s+\(returns (\$[0-9]+)\))*/m.exec(r[h.SUBPLAN_NAME]);if(!i)return;const o=i[2]||i[1];F.each(F.filter(this.flat,l=>l[h.PARENT_RELATIONSHIP]!="InitPlan"),l=>{F.each(l,c=>{if(typeof c!="string")return;if(new RegExp(`.*${o.replace(/[^a-zA-Z0-9]/g,"\\$&")}[0-9]?`).exec(c))return l[h.EXCLUSIVE_DURATION]-=r[h.ACTUAL_TOTAL_TIME],!1})})})}childrenDuration(e,n){return F.each(e[h.PLANS],r=>{(r[h.PARENT_RELATIONSHIP]!=="InitPlan"||r[h.PARENT_RELATIONSHIP]=="InitPlan"&&e[h.NODE_TYPE]=="Result")&&(n+=r[h.ACTUAL_TOTAL_TIME]||0)}),n}calculatePlannerEstimate(e){e[h.ACTUAL_ROWS]!==void 0&&e[h.PLAN_ROWS]!==void 0&&(e[h.PLANNER_ESTIMATE_FACTOR]=e[h.ACTUAL_ROWS]/e[h.PLAN_ROWS],e[h.PLANNER_ESTIMATE_DIRECTION]=Ln.none,e[h.ACTUAL_ROWS]>e[h.PLAN_ROWS]&&(e[h.PLANNER_ESTIMATE_DIRECTION]=Ln.under),e[h.ACTUAL_ROWS]<e[h.PLAN_ROWS]&&(e[h.PLANNER_ESTIMATE_DIRECTION]=Ln.over,e[h.PLANNER_ESTIMATE_FACTOR]=e[h.PLAN_ROWS]/e[h.ACTUAL_ROWS]))}cleanupSource(e){return e=e.replace(/^(\||║|│)(.*)\1\r?\n/gm,`$2
`),e=e.replace(/(.*)(\||║|│)$\r?\n/gm,`$1
`),e=e.replace(/^\+-+\+\r?\n/gm,""),e=e.replace(/^(-|─|═)\1+\r?\n/gm,""),e=e.replace(/^(├|╟|╠|╞)(─|═)\2*(┤|╢|╣|╡)\r?\n/gm,""),e=e.replace(/^\+-+\+\r?\n/gm,""),e=e.replace(/^└(─)+┘\r?\n/gm,""),e=e.replace(/^╚(═)+╝\r?\n/gm,""),e=e.replace(/^┌(─)+┐\r?\n/gm,""),e=e.replace(/^╔(═)+╗\r?\n/gm,""),e=e.replace(/^(["'])(.*)\1\r?/gm,"$2"),e=e.replace(/\s*\+\r?\n/g,`
`),e=e.replace(/↵\r?/gm,`
`),e=e.replace(/^\s*QUERY PLAN\s*\r?\n/m,""),e=e.replace(/^\(\d+\s+[a-z]*s?\)(\r?\n|$)/gm,`
`),e}fromSource(e){e=this.cleanupSource(e);let n=!1;try{n=JSON.parse(e)}catch{}return n?this.parseJson(e):/^(\s*)(\[|\{)\s*\n.*?\1(\]|\})\s*/gms.exec(e)?this.fromJson(e):this.fromText(e)}fromJson(e){const n=e.split(/[\r\n]+/);let r="",i=0;F.each(n,(c,u)=>{const _=/^(\s*)(\[|\{)\s*$/.exec(c);if(_)return r=_[1],i=u,!1});let o=0;F.each(n,(c,u)=>{if(new RegExp("^"+r+"(]|})s*$").exec(c))return o=u,!1});const l=n.slice(i,o+1).join(`
`).replace(/""/gm,'"');return this.parseJson(l)}parseJson(e){let n=JSON.parse(e);return Array.isArray(n)&&(n=n[0]),n}splitIntoLines(e){const n=[],r=e.split(/\r?\n/),i=(c,u)=>(c.match(u)||[]).length,o=c=>{const u=c.indexOf(")"),_=c.indexOf("(");return u!=-1&&u<_},l=(c,u)=>c.search(/\S/)==u.search(/\S/);return F.each(r,c=>{const u=n[n.length-1];u&&i(u,/\)/g)!=i(u,/\(/g)?n[n.length-1]+=c:c.match(/^(?:Total\s+runtime|Planning(\s+time)?|Execution\s+time|Time|Filter|Output|JIT)/i)?n.push(c):c.match(/^\S/)||c.match(/^\s*\(/)||o(c)?0<n.length?n[n.length-1]+=c:n.push(c):0<n.length&&u.match(/^.*,\s*$/)&&!l(u,c)&&!c.match(/^\s*->/i)?n[n.length-1]+=c:n.push(c)}),n}fromText(e){const n=this.splitIntoLines(e),r={},i=[],o=/^\s*/,l=/^s*$/,c=/^\\s*(QUERY|---|#).*$/,u="^(\\s*->\\s*|\\s*)",_="(Finalize|Simple|Partial)*",f="([^\\r\\n\\t\\f\\v\\:\\(]*?)",E="\\(cost=(\\d+\\.\\d+)\\.\\.(\\d+\\.\\d+)\\s+rows=(\\d+)\\s+width=(\\d+)\\)",A="(?:",b=")",k="\\(",S="\\)",O="(?:actual(?:\\stime=(\\d+\\.\\d+)\\.\\.(\\d+\\.\\d+))?\\srows=(\\d+(?:\\.\\d+)?)\\sloops=(\\d+)|(never\\s+executed))",R="?",x=/^(\s*)((?:Sub|Init)Plan)\s*(?:\d+\s*)?\s*(?:\(returns.*\)\s*)?$/gm,Y=/^(\s*)CTE\s+(\S+)\s*$/g;let y;(et=>{et[et.Name=2]="Name",et[et.Time=3]="Time",et[et.Calls=4]="Calls"})(y||(y={}));const K=/^(\s*)Trigger\s+(.*):\s+time=(\d+\.\d+)\s+calls=(\d+)\s*$/g;let P;(et=>{et[et.Number=2]="Number",et[et.ActualTimeFirst=3]="ActualTimeFirst",et[et.ActualTimeLast=4]="ActualTimeLast",et[et.ActualRows=5]="ActualRows",et[et.ActualLoops=6]="ActualLoops",et[et.NeverExecuted=7]="NeverExecuted",et[et.Extra=8]="Extra"})(P||(P={}));const X=new RegExp("^(\\s*)Worker\\s+(\\d+):\\s+"+A+O+b+R+"(.*)\\s*$"),ot=/^(\s*)JIT:\s*$/,xt=/^(\s*)(\S.*\S)\s*$/;let Pt;(et=>{et[et.Prefix=1]="Prefix",et[et.PartialMode=2]="PartialMode",et[et.Type=3]="Type",et[et.EstimatedStartupCost1=4]="EstimatedStartupCost1",et[et.EstimatedTotalCost1=5]="EstimatedTotalCost1",et[et.EstimatedRows=6]="EstimatedRows",et[et.EstimatedRowWidth=7]="EstimatedRowWidth",et[et.ActualTimeFirst1=8]="ActualTimeFirst1",et[et.ActualTimeLast1=9]="ActualTimeLast1",et[et.ActualRows1=10]="ActualRows1",et[et.ActualLoops1=11]="ActualLoops1",et[et.NeverExecuted=12]="NeverExecuted",et[et.EstimatedStartupCost2=13]="EstimatedStartupCost2",et[et.EstimatedTotalCost2=14]="EstimatedTotalCost2",et[et.EstimatedRows2=15]="EstimatedRows2",et[et.EstimatedRowWidth2=16]="EstimatedRowWidth2",et[et.ActualTimeFirst2=17]="ActualTimeFirst2",et[et.ActualTimeLast2=18]="ActualTimeLast2",et[et.ActualRows2=19]="ActualRows2",et[et.ActualLoops2=20]="ActualLoops2"})(Pt||(Pt={}));const vt=new RegExp(u+_+"\\s*"+f+"\\s*"+A+(A+E+"\\s+"+k+O+S+b)+"|"+A+E+b+"|"+A+k+O+S+b+b+"\\s*$","m");if(F.each(n,et=>{et=et.replace(/"\s*$/,""),et=et.replace(/^\s*"/,""),et=et.replace(/\t/gm,"    ");const M=et.match(o),G=M?M[0].length:0;et=et.replace(o,"");const Rt=l.exec(et),U=c.exec(et),w=vt.exec(et),ct=x.exec(et),St=Y.exec(et),yt=K.exec(et),dt=X.exec(et),j=ot.exec(et),D=xt.exec(et);if(!(Rt||U)){if(w&&!St&&!ct){const L=w[12],J=new K9(w[3]);if((w[4]&&w[5]||w[13]&&w[14])&&(J[h.STARTUP_COST]=parseFloat(w[4]||w[13]),J[h.TOTAL_COST]=parseFloat(w[5]||w[14]),J[h.PLAN_ROWS]=parseInt(w[6]||w[15],0),J[h.PLAN_WIDTH]=parseInt(w[7]||w[16],0)),(w[8]&&w[9]||w[17]&&w[18])&&(J[h.ACTUAL_STARTUP_TIME]=parseFloat(w[8]||w[17]),J[h.ACTUAL_TOTAL_TIME]=parseFloat(w[9]||w[18])),w[10]&&w[11]||w[19]&&w[20]){const Xt=w[10]||w[19];Xt.indexOf(".")!=-1&&(J[h.ACTUAL_ROWS_FRACTIONAL]=!0),J[h.ACTUAL_ROWS]=parseFloat(Xt),J[h.ACTUAL_LOOPS]=parseInt(w[11]||w[20],0)}w[2]&&(J[h.PARTIAL_MODE]=w[2]),L&&(J[h.ACTUAL_LOOPS]=0,J[h.ACTUAL_ROWS]=0,J[h.ACTUAL_TOTAL_TIME]=0);const at={node:J,subelementType:"subnode"};if(i.length===0){i.push([G,at]),r.Plan=J;return}F.remove(i,Xt=>Xt[0]>=G);const Ct=F.last(i)?.[1];if(!Ct)return;i.push([G,at]),Ct.node[h.PLANS]||(Ct.node[h.PLANS]=[]),Ct.subelementType==="initplan"?(J[h.PARENT_RELATIONSHIP]="InitPlan",J[h.SUBPLAN_NAME]=Ct.name):Ct.subelementType==="subplan"&&(J[h.PARENT_RELATIONSHIP]="SubPlan",J[h.SUBPLAN_NAME]=Ct.name),Ct.node.Plans?.push(J)}else if(ct){const L=ct[2];F.remove(i,Ct=>Ct[0]>=G);const at={node:F.last(i)?.[1]?.node,subelementType:L.toLowerCase(),name:ct[0]};i.push([G,at])}else if(St){const L=St[2];F.remove(i,Ct=>Ct[0]>=G);const at={node:F.last(i)?.[1]?.node,subelementType:"initplan",name:"CTE "+L};i.push([G,at])}else if(dt){const L=parseInt(dt[2],0),J=F.last(i)?.[1];if(!J)return;J.node[h.WORKERS]||(J.node[h.WORKERS]=[]);let at=this.getWorker(J.node,L);if(at||(at=new Y9(L),J.node[h.WORKERS]?.push(at)),dt[3]&&dt[4]&&(at[h.ACTUAL_STARTUP_TIME]=parseFloat(dt[3]),at[h.ACTUAL_TOTAL_TIME]=parseFloat(dt[4]),at[h.ACTUAL_ROWS]=parseInt(dt[5],0),at[h.ACTUAL_LOOPS]=parseInt(dt[6],0)),this.parseSort(dt[8],at))return;const Ct=dt[8].split(/: (.+)/).filter(Xt=>Xt);if(dt[8]){if(!Ct[1])return;const Xt=F.startCase(Ct[0]);at[Xt]=Ct[1]}}else if(yt)F.remove(i,L=>L[0]>=G),r.Triggers=r.Triggers||[],r.Triggers.push({"Trigger Name":yt[2],Time:this.parseTime(yt[3]),Calls:yt[4]});else if(j){let L;if(i.length===0)r.JIT={},L={node:r.JIT},i.push([1,L]);else{const J=F.last(i)?.[1];if(!J)return;if(F.last(J.node?.[h.WORKERS])){const at=F.last(J.node?.[h.WORKERS]);at.JIT={},L={node:at.JIT},i.push([G,L])}}}else if(D){F.remove(i,Xt=>Xt[0]>=G||G==1);let L;if(i.length===0?L=r:L=F.last(i)?.[1].node,!L.Plan&&L["Query Text"]){L["Query Text"]+=`
`+et;return}const J=D[2].split(/: (.+)/).filter(Xt=>Xt);if(!J[1]||!L||this.parseSort(D[2],L)||this.parseBuffers(D[2],L)||this.parseWAL(D[2],L)||this.parseIOTimings(D[2],L)||this.parseOptions(D[2],L)||this.parseTiming(D[2],L)||this.parseSettings(D[2],L)||this.parseSortGroups(D[2],L)||this.parseSortKey(D[2],L))return;let at=J[1].replace(/(\s*ms)$/,"");parseFloat(at)&&(at=parseFloat(at));let Ct=J[0];(Ct.indexOf(" runtime")!==-1||Ct.indexOf(" time")!==-1)&&(Ct=F.startCase(Ct)),L[Ct]=at}}}),r==null||!r.Plan)throw new Error("Unable to parse plan");return r}parseSortKey(e,n){const i=/^\s*((?:Sort|Presorted) Key):\s+(.*)/g.exec(e);return i?(n[i[1]]=F.map(X1(i[2],","),F.trim),!0):!1}parseSort(e,n){let r;(l=>{l[l.Method=2]="Method",l[l.SpaceType=3]="SpaceType",l[l.SpaceUsed=4]="SpaceUsed"})(r||(r={}));const o=/^(\s*)Sort Method:\s+(.*)\s+(Memory|Disk):\s+(?:(\S*)kB)\s*$/g.exec(e);return o?(n[h.SORT_METHOD]=o[2].trim(),n[h.SORT_SPACE_USED]=o[4],n[h.SORT_SPACE_TYPE]=o[3],!0):!1}parseBuffers(e,n){const i=/Buffers:\s+(.*)\s*$/g.exec(e);return i?(F.each(i[1].split(/,\s+/),o=>{const c=/(shared|temp|local)\s+(.*)$/g.exec(o);if(c){const u=c[1];F.each(["hit","read","written","dirtied"],_=>{n[F.map([u,_,"blocks"],F.capitalize).join(" ")]=0}),F.each(c[2].split(/\s+/),_=>{this.parseBuffer(_,u,n)})}}),!0):!1}parseBuffer(e,n,r){const i=e.split(/=/),o=i[0],l=parseInt(i[1],0);r[F.map([n,o,"blocks"],F.capitalize).join(" ")]=l}getWorker(e,n){return F.find(e[h.WORKERS],r=>r[zd.WORKER_NUMBER]===n)}parseWAL(e,n){const i=/WAL:\s+(.*)\s*$/g.exec(e);return i?(F.each(["Records","Bytes","FPI"],o=>{n["WAL "+o]=0}),F.each(i[1].split(/\s+/),o=>{const l=o.split(/=/),c=l[0],u=parseInt(l[1],0);let _;switch(c){case"fpi":_="FPI";break;default:_=F.capitalize(c)}n["WAL "+_]=u}),!0):!1}parseIOTimings(e,n){if(!/I\/O Timings:\s+(.*)\s*$/g.exec(e))return!1;const o=/\b(shared\/local|shared|local|temp)((?:\s+(?:read|write)=\d+(?:\.\d+)?)+)/g,l=/(read|write)=(\d+(?:\.\d+)?)/g,c=[];let u,_;for(;(u=o.exec(e))!==null;){const S=u[1],O=u[2],R={scope:S,read:0,write:0};for(;(_=l.exec(O))!==null;)R[_[1]]=parseFloat(_[2]);c.push(R)}const f=e.replace(o,""),E={scope:void 0,read:0,write:0};let A=!1;for(;(_=l.exec(f))!==null;)E[_[1]]=parseFloat(_[2]),A=!0;A&&c.push(E);const b=F.some(c,S=>S.scope=="shared"||S.scope=="local"),k=F.some(c,S=>S.scope=="shared/local");return b?(n[h.SHARED_IO_READ_TIME]=0,n[h.SHARED_IO_WRITE_TIME]=0,n[h.LOCAL_IO_READ_TIME]=0,n[h.LOCAL_IO_WRITE_TIME]=0):(n[h.IO_READ_TIME]=0,n[h.IO_WRITE_TIME]=0),(k||b)&&(n[h.TEMP_IO_READ_TIME]=0,n[h.TEMP_IO_WRITE_TIME]=0),c.forEach(S=>{["read","write"].forEach(O=>{let R=`IO_${F.upperCase(O)}_TIME`;S.scope&&S.scope!="shared/local"&&(R=F.upperCase(S.scope)+"_"+R);const x=h[R];n[x]=S[O]})}),!0}parseOptions(e,n){const i=/^(\s*)Options:\s+(.*)$/g.exec(e);if(i){n.Options={};const o=i[2].split(/\s*,\s*/);let l;return F.each(o,c=>{l=/^(\S*)\s+(.*)$/g.exec(c),l&&n.Options&&(n.Options[l[1]]=JSON.parse(l[2]))}),!0}return!1}parseTiming(e,n){const i=/^(\s*)Timing:\s+(.*)$/g.exec(e);if(i){n.Timing={};const o=i[2].split(/\s*,\s*/);let l;return F.each(o,c=>{l=/^(\S*)\s+(.*)$/g.exec(c),l&&n.Timing&&(n.Timing[l[1]]=this.parseTime(l[2]))}),!0}return!1}parseTime(e){return parseFloat(e.replace(/(\s*ms)$/,""))}parseSettings(e,n){const i=/^(\s*)Settings:\s*(.*)$/g.exec(e);if(i){n.Settings={};const o=X1(i[2],",");let l;return F.each(o,c=>{l=/^(\S*)\s+=\s+(.*)$/g.exec(F.trim(c)),l&&n.Settings&&(n.Settings[l[1]]=l[2].replace(/'/g,""))}),!0}return!1}parseSortGroups(e,n){const i=/^\s*(Full-sort|Pre-sorted) Groups:\s+([0-9]*)\s+Sort Method[s]*:\s+(.*)\s+Average Memory:\s+(\S*)kB\s+Peak Memory:\s+(\S*)kB.*$/g.exec(e);if(i){const o={[Mu.GROUP_COUNT]:parseInt(i[2],0),[Mu.SORT_METHODS_USED]:F.map(i[3].split(","),F.trim),[Mu.SORT_SPACE_MEMORY]:{[Xh.AVERAGE_SORT_SPACE_USED]:parseInt(i[4],0),[Xh.PEAK_SORT_SPACE_USED]:parseInt(i[5],0)}};if(i[1]==="Full-sort")n[h.FULL_SORT_GROUPS]=o;else if(i[1]==="Pre-sorted")n[h.PRE_SORTED_GROUPS]=o;else throw new Error("Unsupported sort groups method");return!0}return!1}calculateExclusives(e){const n=["SHARED_HIT_BLOCKS","SHARED_READ_BLOCKS","SHARED_DIRTIED_BLOCKS","SHARED_WRITTEN_BLOCKS","TEMP_READ_BLOCKS","TEMP_WRITTEN_BLOCKS","LOCAL_HIT_BLOCKS","LOCAL_READ_BLOCKS","LOCAL_DIRTIED_BLOCKS","LOCAL_WRITTEN_BLOCKS","IO_READ_TIME","IO_WRITE_TIME","SHARED_IO_READ_TIME","SHARED_IO_WRITE_TIME","LOCAL_IO_READ_TIME","LOCAL_IO_WRITE_TIME","TEMP_IO_READ_TIME","TEMP_IO_WRITE_TIME"];F.each(n,r=>{const i=Number(F.sumBy(F.filter(e[h.PLANS],c=>!c[h.SUBPLAN_NAME]),c=>c[h[r]]||0).toFixed(3)),o="EXCLUSIVE_"+r,l=h[o];e[l]=Number((e[h[r]]-i).toFixed(3))})}calculateIoTimingsAverage(e){const n=e[h.EXCLUSIVE_IO_READ_TIME]||0;if(n){const l=e[h.EXCLUSIVE_SHARED_READ_BLOCKS]||0,c=e[h.EXCLUSIVE_LOCAL_READ_BLOCKS]||0;e[h.AVERAGE_IO_READ_SPEED]=(l+c)/(n/1e3)}let r;F.isUndefined(e[h.TEMP_IO_READ_TIME])?r={"":["shared","local"]}:F.isUndefined(e[h.IO_READ_TIME])?r={shared:["shared"],local:["local"],temp:["temp"]}:r={"":["shared","local"],temp:["temp"]};const i=["read","write"],o=["read","written"];F.forEach(r,(l,c)=>{i.forEach((u,_)=>{["exclusive_",""].forEach(f=>{const E=`${f}${c?c+"_":""}io_${u}_time`.toUpperCase(),A=`${f}average_${c?c+"_":""}io_${u}_speed`.toUpperCase(),b=e[h[E]]||0,k=o[_],S=F.sumBy(l,O=>{const R=`${f}${O}_${k}_blocks`.toUpperCase();return e[h[R]]||0});b&&(e[h[A]]=Number((S/(b/1e3)).toFixed(3)))})})}),i.forEach((l,c)=>{["exclusive_",""].forEach(u=>{const _=`${u}sum_io_${l}_time`.toUpperCase(),f=`${u}average_sum_io_${l}_speed`.toUpperCase();let E=0,A=0;F.forEach(r,(b,k)=>{const S=`${u}${k?k+"_":""}io_${l}_time`.toUpperCase();E+=e[h[S]]||0;const O=o[c];A+=F.sumBy(b,R=>{const x=`${u}${R}_${O}_blocks`.toUpperCase();return e[h[x]]||0})}),e[h[_]]=Number(E.toFixed(3)),E&&(e[h[f]]=Number((A/(E/1e3)).toFixed(3)))})})}findOutputProperty(e){const n=e.Plans;return n?F.some(n,r=>F.has(r,h.OUTPUT)||this.findOutputProperty(r)):!1}convertNodeType(e){if(e[h.NODE_TYPE]=="Aggregate"&&e[h.STRATEGY]){let n="";switch(e[h.STRATEGY]){case"Sorted":n="Group";break;case"Hashed":n="Hash";break;case"Plain":n="";break;default:console.error("Unsupported Aggregate Strategy")}e[h.NODE_TYPE]=n+"Aggregate"}e[h.NODE_TYPE]=="ModifyTable"&&(e[h.NODE_TYPE]=e[h.OPERATION])}}function Wu(t,e){return t==null||e==null?NaN:t<e?-1:t>e?1:t>=e?0:NaN}function j9(t,e){return t==null||e==null?NaN:e<t?-1:e>t?1:e>=t?0:NaN}function Kv(t){let e,n,r;t.length!==2?(e=Wu,n=(c,u)=>Wu(t(c),u),r=(c,u)=>t(c)-u):(e=t===Wu||t===j9?t:J9,n=t,r=t);function i(c,u,_=0,f=c.length){if(_<f){if(e(u,u)!==0)return f;do{const E=_+f>>>1;n(c[E],u)<0?_=E+1:f=E}while(_<f)}return _}function o(c,u,_=0,f=c.length){if(_<f){if(e(u,u)!==0)return f;do{const E=_+f>>>1;n(c[E],u)<=0?_=E+1:f=E}while(_<f)}return _}function l(c,u,_=0,f=c.length){const E=i(c,u,_,f-1);return E>_&&r(c[E-1],u)>-r(c[E],u)?E-1:E}return{left:i,center:l,right:o}}function J9(){return 0}function Q9(t){return t===null?NaN:+t}const Z9=Kv(Wu),t$=Z9.right;Kv(Q9).center;var jh=Math.sqrt(50),Jh=Math.sqrt(10),Qh=Math.sqrt(2);function e$(t,e,n){var r,i=-1,o,l,c;if(e=+e,t=+t,n=+n,t===e&&n>0)return[t];if((r=e<t)&&(o=t,t=e,e=o),(c=Yv(t,e,n))===0||!isFinite(c))return[];if(c>0){let u=Math.round(t/c),_=Math.round(e/c);for(u*c<t&&++u,_*c>e&&--_,l=new Array(o=_-u+1);++i<o;)l[i]=(u+i)*c}else{c=-c;let u=Math.round(t*c),_=Math.round(e*c);for(u/c<t&&++u,_/c>e&&--_,l=new Array(o=_-u+1);++i<o;)l[i]=(u+i)/c}return r&&l.reverse(),l}function Yv(t,e,n){var r=(e-t)/Math.max(0,n),i=Math.floor(Math.log(r)/Math.LN10),o=r/Math.pow(10,i);return i>=0?(o>=jh?10:o>=Jh?5:o>=Qh?2:1)*Math.pow(10,i):-Math.pow(10,-i)/(o>=jh?10:o>=Jh?5:o>=Qh?2:1)}function n$(t,e,n){var r=Math.abs(e-t)/Math.max(0,n),i=Math.pow(10,Math.floor(Math.log(r)/Math.LN10)),o=r/i;return o>=jh?i*=10:o>=Jh?i*=5:o>=Qh&&(i*=2),e<t?-i:i}var r$={value:()=>{}};function E_(){for(var t=0,e=arguments.length,n={},r;t<e;++t){if(!(r=arguments[t]+"")||r in n||/[\s.]/.test(r))throw new Error("illegal type: "+r);n[r]=[]}return new Uu(n)}function Uu(t){this._=t}function i$(t,e){return t.trim().split(/^|\s+/).map(function(n){var r="",i=n.indexOf(".");if(i>=0&&(r=n.slice(i+1),n=n.slice(0,i)),n&&!e.hasOwnProperty(n))throw new Error("unknown type: "+n);return{type:n,name:r}})}Uu.prototype=E_.prototype={constructor:Uu,on:function(t,e){var n=this._,r=i$(t+"",n),i,o=-1,l=r.length;if(arguments.length<2){for(;++o<l;)if((i=(t=r[o]).type)&&(i=s$(n[i],t.name)))return i;return}if(e!=null&&typeof e!="function")throw new Error("invalid callback: "+e);for(;++o<l;)if(i=(t=r[o]).type)n[i]=Q1(n[i],t.name,e);else if(e==null)for(i in n)n[i]=Q1(n[i],t.name,null);return this},copy:function(){var t={},e=this._;for(var n in e)t[n]=e[n].slice();return new Uu(t)},call:function(t,e){if((i=arguments.length-2)>0)for(var n=new Array(i),r=0,i,o;r<i;++r)n[r]=arguments[r+2];if(!this._.hasOwnProperty(t))throw new Error("unknown type: "+t);for(o=this._[t],r=0,i=o.length;r<i;++r)o[r].value.apply(e,n)},apply:function(t,e,n){if(!this._.hasOwnProperty(t))throw new Error("unknown type: "+t);for(var r=this._[t],i=0,o=r.length;i<o;++i)r[i].value.apply(e,n)}};function s$(t,e){for(var n=0,r=t.length,i;n<r;++n)if((i=t[n]).name===e)return i.value}function Q1(t,e,n){for(var r=0,i=t.length;r<i;++r)if(t[r].name===e){t[r]=r$,t=t.slice(0,r).concat(t.slice(r+1));break}return n!=null&&t.push({name:e,value:n}),t}var Zh="http://www.w3.org/1999/xhtml";const Z1={svg:"http://www.w3.org/2000/svg",xhtml:Zh,xlink:"http://www.w3.org/1999/xlink",xml:"http://www.w3.org/XML/1998/namespace",xmlns:"http://www.w3.org/2000/xmlns/"};function Yd(t){var e=t+="",n=e.indexOf(":");return n>=0&&(e=t.slice(0,n))!=="xmlns"&&(t=t.slice(n+1)),Z1.hasOwnProperty(e)?{space:Z1[e],local:t}:t}function o$(t){return function(){var e=this.ownerDocument,n=this.namespaceURI;return n===Zh&&e.documentElement.namespaceURI===Zh?e.createElement(t):e.createElementNS(n,t)}}function a$(t){return function(){return this.ownerDocument.createElementNS(t.space,t.local)}}function qv(t){var e=Yd(t);return(e.local?a$:o$)(e)}function l$(){}function g_(t){return t==null?l$:function(){return this.querySelector(t)}}function c$(t){typeof t!="function"&&(t=g_(t));for(var e=this._groups,n=e.length,r=new Array(n),i=0;i<n;++i)for(var o=e[i],l=o.length,c=r[i]=new Array(l),u,_,f=0;f<l;++f)(u=o[f])&&(_=t.call(u,u.__data__,f,o))&&("__data__"in u&&(_.__data__=u.__data__),c[f]=_);return new Or(r,this._parents)}function u$(t){return t==null?[]:Array.isArray(t)?t:Array.from(t)}function d$(){return[]}function jv(t){return t==null?d$:function(){return this.querySelectorAll(t)}}function f$(t){return function(){return u$(t.apply(this,arguments))}}function p$(t){typeof t=="function"?t=f$(t):t=jv(t);for(var e=this._groups,n=e.length,r=[],i=[],o=0;o<n;++o)for(var l=e[o],c=l.length,u,_=0;_<c;++_)(u=l[_])&&(r.push(t.call(u,u.__data__,_,l)),i.push(u));return new Or(r,i)}function Jv(t){return function(){return this.matches(t)}}function Qv(t){return function(e){return e.matches(t)}}var h$=Array.prototype.find;function _$(t){return function(){return h$.call(this.children,t)}}function m$(){return this.firstElementChild}function E$(t){return this.select(t==null?m$:_$(typeof t=="function"?t:Qv(t)))}var g$=Array.prototype.filter;function T$(){return Array.from(this.children)}function S$(t){return function(){return g$.call(this.children,t)}}function A$(t){return this.selectAll(t==null?T$:S$(typeof t=="function"?t:Qv(t)))}function v$(t){typeof t!="function"&&(t=Jv(t));for(var e=this._groups,n=e.length,r=new Array(n),i=0;i<n;++i)for(var o=e[i],l=o.length,c=r[i]=[],u,_=0;_<l;++_)(u=o[_])&&t.call(u,u.__data__,_,o)&&c.push(u);return new Or(r,this._parents)}function Zv(t){return new Array(t.length)}function R$(){return new Or(this._enter||this._groups.map(Zv),this._parents)}function od(t,e){this.ownerDocument=t.ownerDocument,this.namespaceURI=t.namespaceURI,this._next=null,this._parent=t,this.__data__=e}od.prototype={constructor:od,appendChild:function(t){return this._parent.insertBefore(t,this._next)},insertBefore:function(t,e){return this._parent.insertBefore(t,e)},querySelector:function(t){return this._parent.querySelector(t)},querySelectorAll:function(t){return this._parent.querySelectorAll(t)}};function O$(t){return function(){return t}}function L$(t,e,n,r,i,o){for(var l=0,c,u=e.length,_=o.length;l<_;++l)(c=e[l])?(c.__data__=o[l],r[l]=c):n[l]=new od(t,o[l]);for(;l<u;++l)(c=e[l])&&(i[l]=c)}function b$(t,e,n,r,i,o,l){var c,u,_=new Map,f=e.length,E=o.length,A=new Array(f),b;for(c=0;c<f;++c)(u=e[c])&&(A[c]=b=l.call(u,u.__data__,c,e)+"",_.has(b)?i[c]=u:_.set(b,u));for(c=0;c<E;++c)b=l.call(t,o[c],c,o)+"",(u=_.get(b))?(r[c]=u,u.__data__=o[c],_.delete(b)):n[c]=new od(t,o[c]);for(c=0;c<f;++c)(u=e[c])&&_.get(A[c])===u&&(i[c]=u)}function y$(t){return t.__data__}function C$(t,e){if(!arguments.length)return Array.from(this,y$);var n=e?b$:L$,r=this._parents,i=this._groups;typeof t!="function"&&(t=O$(t));for(var o=i.length,l=new Array(o),c=new Array(o),u=new Array(o),_=0;_<o;++_){var f=r[_],E=i[_],A=E.length,b=I$(t.call(f,f&&f.__data__,_,r)),k=b.length,S=c[_]=new Array(k),O=l[_]=new Array(k),R=u[_]=new Array(A);n(f,E,S,O,R,b,e);for(var x=0,Y=0,y,K;x<k;++x)if(y=S[x]){for(x>=Y&&(Y=x+1);!(K=O[Y])&&++Y<k;);y._next=K||null}}return l=new Or(l,r),l._enter=c,l._exit=u,l}function I$(t){return typeof t=="object"&&"length"in t?t:Array.from(t)}function N$(){return new Or(this._exit||this._groups.map(Zv),this._parents)}function x$(t,e,n){var r=this.enter(),i=this,o=this.exit();return typeof t=="function"?(r=t(r),r&&(r=r.selection())):r=r.append(t+""),e!=null&&(i=e(i),i&&(i=i.selection())),n==null?o.remove():n(o),r&&i?r.merge(i).order():i}function w$(t){for(var e=t.selection?t.selection():t,n=this._groups,r=e._groups,i=n.length,o=r.length,l=Math.min(i,o),c=new Array(i),u=0;u<l;++u)for(var _=n[u],f=r[u],E=_.length,A=c[u]=new Array(E),b,k=0;k<E;++k)(b=_[k]||f[k])&&(A[k]=b);for(;u<i;++u)c[u]=n[u];return new Or(c,this._parents)}function k$(){for(var t=this._groups,e=-1,n=t.length;++e<n;)for(var r=t[e],i=r.length-1,o=r[i],l;--i>=0;)(l=r[i])&&(o&&l.compareDocumentPosition(o)^4&&o.parentNode.insertBefore(l,o),o=l);return this}function B$(t){t||(t=D$);function e(E,A){return E&&A?t(E.__data__,A.__data__):!E-!A}for(var n=this._groups,r=n.length,i=new Array(r),o=0;o<r;++o){for(var l=n[o],c=l.length,u=i[o]=new Array(c),_,f=0;f<c;++f)(_=l[f])&&(u[f]=_);u.sort(e)}return new Or(i,this._parents).order()}function D$(t,e){return t<e?-1:t>e?1:t>=e?0:NaN}function P$(){var t=arguments[0];return arguments[0]=this,t.apply(null,arguments),this}function M$(){return Array.from(this)}function H$(){for(var t=this._groups,e=0,n=t.length;e<n;++e)for(var r=t[e],i=0,o=r.length;i<o;++i){var l=r[i];if(l)return l}return null}function W$(){let t=0;for(const e of this)++t;return t}function U$(){return!this.node()}function $$(t){for(var e=this._groups,n=0,r=e.length;n<r;++n)for(var i=e[n],o=0,l=i.length,c;o<l;++o)(c=i[o])&&t.call(c,c.__data__,o,i);return this}function F$(t){return function(){this.removeAttribute(t)}}function V$(t){return function(){this.removeAttributeNS(t.space,t.local)}}function z$(t,e){return function(){this.setAttribute(t,e)}}function G$(t,e){return function(){this.setAttributeNS(t.space,t.local,e)}}function X$(t,e){return function(){var n=e.apply(this,arguments);n==null?this.removeAttribute(t):this.setAttribute(t,n)}}function K$(t,e){return function(){var n=e.apply(this,arguments);n==null?this.removeAttributeNS(t.space,t.local):this.setAttributeNS(t.space,t.local,n)}}function Y$(t,e){var n=Yd(t);if(arguments.length<2){var r=this.node();return n.local?r.getAttributeNS(n.space,n.local):r.getAttribute(n)}return this.each((e==null?n.local?V$:F$:typeof e=="function"?n.local?K$:X$:n.local?G$:z$)(n,e))}function tR(t){return t.ownerDocument&&t.ownerDocument.defaultView||t.document&&t||t.defaultView}function q$(t){return function(){this.style.removeProperty(t)}}function j$(t,e,n){return function(){this.style.setProperty(t,e,n)}}function J$(t,e,n){return function(){var r=e.apply(this,arguments);r==null?this.style.removeProperty(t):this.style.setProperty(t,r,n)}}function Q$(t,e,n){return arguments.length>1?this.each((e==null?q$:typeof e=="function"?J$:j$)(t,e,n??"")):Ca(this.node(),t)}function Ca(t,e){return t.style.getPropertyValue(e)||tR(t).getComputedStyle(t,null).getPropertyValue(e)}function Z$(t){return function(){delete this[t]}}function tF(t,e){return function(){this[t]=e}}function eF(t,e){return function(){var n=e.apply(this,arguments);n==null?delete this[t]:this[t]=n}}function nF(t,e){return arguments.length>1?this.each((e==null?Z$:typeof e=="function"?eF:tF)(t,e)):this.node()[t]}function eR(t){return t.trim().split(/^|\s+/)}function T_(t){return t.classList||new nR(t)}function nR(t){this._node=t,this._names=eR(t.getAttribute("class")||"")}nR.prototype={add:function(t){var e=this._names.indexOf(t);e<0&&(this._names.push(t),this._node.setAttribute("class",this._names.join(" ")))},remove:function(t){var e=this._names.indexOf(t);e>=0&&(this._names.splice(e,1),this._node.setAttribute("class",this._names.join(" ")))},contains:function(t){return this._names.indexOf(t)>=0}};function rR(t,e){for(var n=T_(t),r=-1,i=e.length;++r<i;)n.add(e[r])}function iR(t,e){for(var n=T_(t),r=-1,i=e.length;++r<i;)n.remove(e[r])}function rF(t){return function(){rR(this,t)}}function iF(t){return function(){iR(this,t)}}function sF(t,e){return function(){(e.apply(this,arguments)?rR:iR)(this,t)}}function oF(t,e){var n=eR(t+"");if(arguments.length<2){for(var r=T_(this.node()),i=-1,o=n.length;++i<o;)if(!r.contains(n[i]))return!1;return!0}return this.each((typeof e=="function"?sF:e?rF:iF)(n,e))}function aF(){this.textContent=""}function lF(t){return function(){this.textContent=t}}function cF(t){return function(){var e=t.apply(this,arguments);this.textContent=e??""}}function uF(t){return arguments.length?this.each(t==null?aF:(typeof t=="function"?cF:lF)(t)):this.node().textContent}function dF(){this.innerHTML=""}function fF(t){return function(){this.innerHTML=t}}function pF(t){return function(){var e=t.apply(this,arguments);this.innerHTML=e??""}}function hF(t){return arguments.length?this.each(t==null?dF:(typeof t=="function"?pF:fF)(t)):this.node().innerHTML}function _F(){this.nextSibling&&this.parentNode.appendChild(this)}function mF(){return this.each(_F)}function EF(){this.previousSibling&&this.parentNode.insertBefore(this,this.parentNode.firstChild)}function gF(){return this.each(EF)}function TF(t){var e=typeof t=="function"?t:qv(t);return this.select(function(){return this.appendChild(e.apply(this,arguments))})}function SF(){return null}function AF(t,e){var n=typeof t=="function"?t:qv(t),r=e==null?SF:typeof e=="function"?e:g_(e);return this.select(function(){return this.insertBefore(n.apply(this,arguments),r.apply(this,arguments)||null)})}function vF(){var t=this.parentNode;t&&t.removeChild(this)}function RF(){return this.each(vF)}function OF(){var t=this.cloneNode(!1),e=this.parentNode;return e?e.insertBefore(t,this.nextSibling):t}function LF(){var t=this.cloneNode(!0),e=this.parentNode;return e?e.insertBefore(t,this.nextSibling):t}function bF(t){return this.select(t?LF:OF)}function yF(t){return arguments.length?this.property("__data__",t):this.node().__data__}function CF(t){return function(e){t.call(this,e,this.__data__)}}function IF(t){return t.trim().split(/^|\s+/).map(function(e){var n="",r=e.indexOf(".");return r>=0&&(n=e.slice(r+1),e=e.slice(0,r)),{type:e,name:n}})}function NF(t){return function(){var e=this.__on;if(e){for(var n=0,r=-1,i=e.length,o;n<i;++n)o=e[n],(!t.type||o.type===t.type)&&o.name===t.name?this.removeEventListener(o.type,o.listener,o.options):e[++r]=o;++r?e.length=r:delete this.__on}}}function xF(t,e,n){return function(){var r=this.__on,i,o=CF(e);if(r){for(var l=0,c=r.length;l<c;++l)if((i=r[l]).type===t.type&&i.name===t.name){this.removeEventListener(i.type,i.listener,i.options),this.addEventListener(i.type,i.listener=o,i.options=n),i.value=e;return}}this.addEventListener(t.type,o,n),i={type:t.type,name:t.name,value:e,listener:o,options:n},r?r.push(i):this.__on=[i]}}function wF(t,e,n){var r=IF(t+""),i,o=r.length,l;if(arguments.length<2){var c=this.node().__on;if(c){for(var u=0,_=c.length,f;u<_;++u)for(i=0,f=c[u];i<o;++i)if((l=r[i]).type===f.type&&l.name===f.name)return f.value}return}for(c=e?xF:NF,i=0;i<o;++i)this.each(c(r[i],e,n));return this}function sR(t,e,n){var r=tR(t),i=r.CustomEvent;typeof i=="function"?i=new i(e,n):(i=r.document.createEvent("Event"),n?(i.initEvent(e,n.bubbles,n.cancelable),i.detail=n.detail):i.initEvent(e,!1,!1)),t.dispatchEvent(i)}function kF(t,e){return function(){return sR(this,t,e)}}function BF(t,e){return function(){return sR(this,t,e.apply(this,arguments))}}function DF(t,e){return this.each((typeof e=="function"?BF:kF)(t,e))}function*PF(){for(var t=this._groups,e=0,n=t.length;e<n;++e)for(var r=t[e],i=0,o=r.length,l;i<o;++i)(l=r[i])&&(yield l)}var oR=[null];function Or(t,e){this._groups=t,this._parents=e}function sc(){return new Or([[document.documentElement]],oR)}function MF(){return this}Or.prototype=sc.prototype={constructor:Or,select:c$,selectAll:p$,selectChild:E$,selectChildren:A$,filter:v$,data:C$,enter:R$,exit:N$,join:x$,merge:w$,selection:MF,order:k$,sort:B$,call:P$,nodes:M$,node:H$,size:W$,empty:U$,each:$$,attr:Y$,style:Q$,property:nF,classed:oF,text:uF,html:hF,raise:mF,lower:gF,append:TF,insert:AF,remove:RF,clone:bF,datum:yF,on:wF,dispatch:DF,[Symbol.iterator]:PF};function mi(t){return typeof t=="string"?new Or([[document.querySelector(t)]],[document.documentElement]):new Or([[t]],oR)}function HF(t){let e;for(;e=t.sourceEvent;)t=e;return t}function ro(t,e){if(t=HF(t),e===void 0&&(e=t.currentTarget),e){var n=e.ownerSVGElement||e;if(n.createSVGPoint){var r=n.createSVGPoint();return r.x=t.clientX,r.y=t.clientY,r=r.matrixTransform(e.getScreenCTM().inverse()),[r.x,r.y]}if(e.getBoundingClientRect){var i=e.getBoundingClientRect();return[t.clientX-i.left-e.clientLeft,t.clientY-i.top-e.clientTop]}}return[t.pageX,t.pageY]}const t0={capture:!0,passive:!1};function e0(t){t.preventDefault(),t.stopImmediatePropagation()}function WF(t){var e=t.document.documentElement,n=mi(t).on("dragstart.drag",e0,t0);"onselectstart"in e?n.on("selectstart.drag",e0,t0):(e.__noselect=e.style.MozUserSelect,e.style.MozUserSelect="none")}function UF(t,e){var n=t.document.documentElement,r=mi(t).on("dragstart.drag",null);e&&(r.on("click.drag",e0,t0),setTimeout(function(){r.on("click.drag",null)},0)),"onselectstart"in n?r.on("selectstart.drag",null):(n.style.MozUserSelect=n.__noselect,delete n.__noselect)}function S_(t,e,n){t.prototype=e.prototype=n,n.constructor=t}function aR(t,e){var n=Object.create(t.prototype);for(var r in e)n[r]=e[r];return n}function oc(){}var Gl=.7,ad=1/Gl,da="\\s*([+-]?\\d+)\\s*",Xl="\\s*([+-]?(?:\\d*\\.)?\\d+(?:[eE][+-]?\\d+)?)\\s*",Oi="\\s*([+-]?(?:\\d*\\.)?\\d+(?:[eE][+-]?\\d+)?)%\\s*",$F=/^#([0-9a-f]{3,8})$/,FF=new RegExp(`^rgb\\(${da},${da},${da}\\)$`),VF=new RegExp(`^rgb\\(${Oi},${Oi},${Oi}\\)$`),zF=new RegExp(`^rgba\\(${da},${da},${da},${Xl}\\)$`),GF=new RegExp(`^rgba\\(${Oi},${Oi},${Oi},${Xl}\\)$`),XF=new RegExp(`^hsl\\(${Xl},${Oi},${Oi}\\)$`),KF=new RegExp(`^hsla\\(${Xl},${Oi},${Oi},${Xl}\\)$`),tT={aliceblue:15792383,antiquewhite:16444375,aqua:65535,aquamarine:8388564,azure:15794175,beige:16119260,bisque:16770244,black:0,blanchedalmond:16772045,blue:255,blueviolet:9055202,brown:10824234,burlywood:14596231,cadetblue:6266528,chartreuse:8388352,chocolate:13789470,coral:16744272,cornflowerblue:6591981,cornsilk:16775388,crimson:14423100,cyan:65535,darkblue:139,darkcyan:35723,darkgoldenrod:12092939,darkgray:11119017,darkgreen:25600,darkgrey:11119017,darkkhaki:12433259,darkmagenta:9109643,darkolivegreen:5597999,darkorange:16747520,darkorchid:10040012,darkred:9109504,darksalmon:15308410,darkseagreen:9419919,darkslateblue:4734347,darkslategray:3100495,darkslategrey:3100495,darkturquoise:52945,darkviolet:9699539,deeppink:16716947,deepskyblue:49151,dimgray:6908265,dimgrey:6908265,dodgerblue:2003199,firebrick:11674146,floralwhite:16775920,forestgreen:2263842,fuchsia:16711935,gainsboro:14474460,ghostwhite:16316671,gold:16766720,goldenrod:14329120,gray:8421504,green:32768,greenyellow:11403055,grey:8421504,honeydew:15794160,hotpink:16738740,indianred:13458524,indigo:4915330,ivory:16777200,khaki:15787660,lavender:15132410,lavenderblush:16773365,lawngreen:8190976,lemonchiffon:16775885,lightblue:11393254,lightcoral:15761536,lightcyan:14745599,lightgoldenrodyellow:16448210,lightgray:13882323,lightgreen:9498256,lightgrey:13882323,lightpink:16758465,lightsalmon:16752762,lightseagreen:2142890,lightskyblue:8900346,lightslategray:7833753,lightslategrey:7833753,lightsteelblue:11584734,lightyellow:16777184,lime:65280,limegreen:3329330,linen:16445670,magenta:16711935,maroon:8388608,mediumaquamarine:6737322,mediumblue:205,mediumorchid:12211667,mediumpurple:9662683,mediumseagreen:3978097,mediumslateblue:8087790,mediumspringgreen:64154,mediumturquoise:4772300,mediumvioletred:13047173,midnightblue:1644912,mintcream:16121850,mistyrose:16770273,moccasin:16770229,navajowhite:16768685,navy:128,oldlace:16643558,olive:8421376,olivedrab:7048739,orange:16753920,orangered:16729344,orchid:14315734,palegoldenrod:15657130,palegreen:10025880,paleturquoise:11529966,palevioletred:14381203,papayawhip:16773077,peachpuff:16767673,peru:13468991,pink:16761035,plum:14524637,powderblue:11591910,purple:8388736,rebeccapurple:6697881,red:16711680,rosybrown:12357519,royalblue:4286945,saddlebrown:9127187,salmon:16416882,sandybrown:16032864,seagreen:3050327,seashell:16774638,sienna:10506797,silver:12632256,skyblue:8900331,slateblue:6970061,slategray:7372944,slategrey:7372944,snow:16775930,springgreen:65407,steelblue:4620980,tan:13808780,teal:32896,thistle:14204888,tomato:16737095,turquoise:4251856,violet:15631086,wheat:16113331,white:16777215,whitesmoke:16119285,yellow:16776960,yellowgreen:10145074};S_(oc,Oo,{copy(t){return Object.assign(new this.constructor,this,t)},displayable(){return this.rgb().displayable()},hex:eT,formatHex:eT,formatHex8:YF,formatHsl:qF,formatRgb:nT,toString:nT});function eT(){return this.rgb().formatHex()}function YF(){return this.rgb().formatHex8()}function qF(){return lR(this).formatHsl()}function nT(){return this.rgb().formatRgb()}function Oo(t){var e,n;return t=(t+"").trim().toLowerCase(),(e=$F.exec(t))?(n=e[1].length,e=parseInt(e[1],16),n===6?rT(e):n===3?new or(e>>8&15|e>>4&240,e>>4&15|e&240,(e&15)<<4|e&15,1):n===8?Au(e>>24&255,e>>16&255,e>>8&255,(e&255)/255):n===4?Au(e>>12&15|e>>8&240,e>>8&15|e>>4&240,e>>4&15|e&240,((e&15)<<4|e&15)/255):null):(e=FF.exec(t))?new or(e[1],e[2],e[3],1):(e=VF.exec(t))?new or(e[1]*255/100,e[2]*255/100,e[3]*255/100,1):(e=zF.exec(t))?Au(e[1],e[2],e[3],e[4]):(e=GF.exec(t))?Au(e[1]*255/100,e[2]*255/100,e[3]*255/100,e[4]):(e=XF.exec(t))?oT(e[1],e[2]/100,e[3]/100,1):(e=KF.exec(t))?oT(e[1],e[2]/100,e[3]/100,e[4]):tT.hasOwnProperty(t)?rT(tT[t]):t==="transparent"?new or(NaN,NaN,NaN,0):null}function rT(t){return new or(t>>16&255,t>>8&255,t&255,1)}function Au(t,e,n,r){return r<=0&&(t=e=n=NaN),new or(t,e,n,r)}function jF(t){return t instanceof oc||(t=Oo(t)),t?(t=t.rgb(),new or(t.r,t.g,t.b,t.opacity)):new or}function n0(t,e,n,r){return arguments.length===1?jF(t):new or(t,e,n,r??1)}function or(t,e,n,r){this.r=+t,this.g=+e,this.b=+n,this.opacity=+r}S_(or,n0,aR(oc,{brighter(t){return t=t==null?ad:Math.pow(ad,t),new or(this.r*t,this.g*t,this.b*t,this.opacity)},darker(t){return t=t==null?Gl:Math.pow(Gl,t),new or(this.r*t,this.g*t,this.b*t,this.opacity)},rgb(){return this},clamp(){return new or(go(this.r),go(this.g),go(this.b),ld(this.opacity))},displayable(){return-.5<=this.r&&this.r<255.5&&-.5<=this.g&&this.g<255.5&&-.5<=this.b&&this.b<255.5&&0<=this.opacity&&this.opacity<=1},hex:iT,formatHex:iT,formatHex8:JF,formatRgb:sT,toString:sT}));function iT(){return`#${po(this.r)}${po(this.g)}${po(this.b)}`}function JF(){return`#${po(this.r)}${po(this.g)}${po(this.b)}${po((isNaN(this.opacity)?1:this.opacity)*255)}`}function sT(){const t=ld(this.opacity);return`${t===1?"rgb(":"rgba("}${go(this.r)}, ${go(this.g)}, ${go(this.b)}${t===1?")":`, ${t})`}`}function ld(t){return isNaN(t)?1:Math.max(0,Math.min(1,t))}function go(t){return Math.max(0,Math.min(255,Math.round(t)||0))}function po(t){return t=go(t),(t<16?"0":"")+t.toString(16)}function oT(t,e,n,r){return r<=0?t=e=n=NaN:n<=0||n>=1?t=e=NaN:e<=0&&(t=NaN),new ti(t,e,n,r)}function lR(t){if(t instanceof ti)return new ti(t.h,t.s,t.l,t.opacity);if(t instanceof oc||(t=Oo(t)),!t)return new ti;if(t instanceof ti)return t;t=t.rgb();var e=t.r/255,n=t.g/255,r=t.b/255,i=Math.min(e,n,r),o=Math.max(e,n,r),l=NaN,c=o-i,u=(o+i)/2;return c?(e===o?l=(n-r)/c+(n<r)*6:n===o?l=(r-e)/c+2:l=(e-n)/c+4,c/=u<.5?o+i:2-o-i,l*=60):c=u>0&&u<1?0:l,new ti(l,c,u,t.opacity)}function QF(t,e,n,r){return arguments.length===1?lR(t):new ti(t,e,n,r??1)}function ti(t,e,n,r){this.h=+t,this.s=+e,this.l=+n,this.opacity=+r}S_(ti,QF,aR(oc,{brighter(t){return t=t==null?ad:Math.pow(ad,t),new ti(this.h,this.s,this.l*t,this.opacity)},darker(t){return t=t==null?Gl:Math.pow(Gl,t),new ti(this.h,this.s,this.l*t,this.opacity)},rgb(){var t=this.h%360+(this.h<0)*360,e=isNaN(t)||isNaN(this.s)?0:this.s,n=this.l,r=n+(n<.5?n:1-n)*e,i=2*n-r;return new or(eh(t>=240?t-240:t+120,i,r),eh(t,i,r),eh(t<120?t+240:t-120,i,r),this.opacity)},clamp(){return new ti(aT(this.h),vu(this.s),vu(this.l),ld(this.opacity))},displayable(){return(0<=this.s&&this.s<=1||isNaN(this.s))&&0<=this.l&&this.l<=1&&0<=this.opacity&&this.opacity<=1},formatHsl(){const t=ld(this.opacity);return`${t===1?"hsl(":"hsla("}${aT(this.h)}, ${vu(this.s)*100}%, ${vu(this.l)*100}%${t===1?")":`, ${t})`}`}}));function aT(t){return t=(t||0)%360,t<0?t+360:t}function vu(t){return Math.max(0,Math.min(1,t||0))}function eh(t,e,n){return(t<60?e+(n-e)*t/60:t<180?n:t<240?e+(n-e)*(240-t)/60:e)*255}const A_=t=>()=>t;function ZF(t,e){return function(n){return t+n*e}}function tV(t,e,n){return t=Math.pow(t,n),e=Math.pow(e,n)-t,n=1/n,function(r){return Math.pow(t+r*e,n)}}function eV(t){return(t=+t)==1?cR:function(e,n){return n-e?tV(e,n,t):A_(isNaN(e)?n:e)}}function cR(t,e){var n=e-t;return n?ZF(t,n):A_(isNaN(t)?e:t)}const cd=function t(e){var n=eV(e);function r(i,o){var l=n((i=n0(i)).r,(o=n0(o)).r),c=n(i.g,o.g),u=n(i.b,o.b),_=cR(i.opacity,o.opacity);return function(f){return i.r=l(f),i.g=c(f),i.b=u(f),i.opacity=_(f),i+""}}return r.gamma=t,r}(1);function nV(t,e){e||(e=[]);var n=t?Math.min(e.length,t.length):0,r=e.slice(),i;return function(o){for(i=0;i<n;++i)r[i]=t[i]*(1-o)+e[i]*o;return r}}function rV(t){return ArrayBuffer.isView(t)&&!(t instanceof DataView)}function iV(t,e){var n=e?e.length:0,r=t?Math.min(n,t.length):0,i=new Array(r),o=new Array(n),l;for(l=0;l<r;++l)i[l]=v_(t[l],e[l]);for(;l<n;++l)o[l]=e[l];return function(c){for(l=0;l<r;++l)o[l]=i[l](c);return o}}function sV(t,e){var n=new Date;return t=+t,e=+e,function(r){return n.setTime(t*(1-r)+e*r),n}}function Zr(t,e){return t=+t,e=+e,function(n){return t*(1-n)+e*n}}function oV(t,e){var n={},r={},i;(t===null||typeof t!="object")&&(t={}),(e===null||typeof e!="object")&&(e={});for(i in e)i in t?n[i]=v_(t[i],e[i]):r[i]=e[i];return function(o){for(i in n)r[i]=n[i](o);return r}}var r0=/[-+]?(?:\d+\.?\d*|\.?\d+)(?:[eE][-+]?\d+)?/g,nh=new RegExp(r0.source,"g");function aV(t){return function(){return t}}function lV(t){return function(e){return t(e)+""}}function uR(t,e){var n=r0.lastIndex=nh.lastIndex=0,r,i,o,l=-1,c=[],u=[];for(t=t+"",e=e+"";(r=r0.exec(t))&&(i=nh.exec(e));)(o=i.index)>n&&(o=e.slice(n,o),c[l]?c[l]+=o:c[++l]=o),(r=r[0])===(i=i[0])?c[l]?c[l]+=i:c[++l]=i:(c[++l]=null,u.push({i:l,x:Zr(r,i)})),n=nh.lastIndex;return n<e.length&&(o=e.slice(n),c[l]?c[l]+=o:c[++l]=o),c.length<2?u[0]?lV(u[0].x):aV(e):(e=u.length,function(_){for(var f=0,E;f<e;++f)c[(E=u[f]).i]=E.x(_);return c.join("")})}function v_(t,e){var n=typeof e,r;return e==null||n==="boolean"?A_(e):(n==="number"?Zr:n==="string"?(r=Oo(e))?(e=r,cd):uR:e instanceof Oo?cd:e instanceof Date?sV:rV(e)?nV:Array.isArray(e)?iV:typeof e.valueOf!="function"&&typeof e.toString!="function"||isNaN(e)?oV:Zr)(t,e)}function cV(t,e){return t=+t,e=+e,function(n){return Math.round(t*(1-n)+e*n)}}var lT=180/Math.PI,i0={translateX:0,translateY:0,rotate:0,skewX:0,scaleX:1,scaleY:1};function dR(t,e,n,r,i,o){var l,c,u;return(l=Math.sqrt(t*t+e*e))&&(t/=l,e/=l),(u=t*n+e*r)&&(n-=t*u,r-=e*u),(c=Math.sqrt(n*n+r*r))&&(n/=c,r/=c,u/=c),t*r<e*n&&(t=-t,e=-e,u=-u,l=-l),{translateX:i,translateY:o,rotate:Math.atan2(e,t)*lT,skewX:Math.atan(u)*lT,scaleX:l,scaleY:c}}var Ru;function uV(t){const e=new(typeof DOMMatrix=="function"?DOMMatrix:WebKitCSSMatrix)(t+"");return e.isIdentity?i0:dR(e.a,e.b,e.c,e.d,e.e,e.f)}function dV(t){return t==null||(Ru||(Ru=document.createElementNS("http://www.w3.org/2000/svg","g")),Ru.setAttribute("transform",t),!(t=Ru.transform.baseVal.consolidate()))?i0:(t=t.matrix,dR(t.a,t.b,t.c,t.d,t.e,t.f))}function fR(t,e,n,r){function i(_){return _.length?_.pop()+" ":""}function o(_,f,E,A,b,k){if(_!==E||f!==A){var S=b.push("translate(",null,e,null,n);k.push({i:S-4,x:Zr(_,E)},{i:S-2,x:Zr(f,A)})}else(E||A)&&b.push("translate("+E+e+A+n)}function l(_,f,E,A){_!==f?(_-f>180?f+=360:f-_>180&&(_+=360),A.push({i:E.push(i(E)+"rotate(",null,r)-2,x:Zr(_,f)})):f&&E.push(i(E)+"rotate("+f+r)}function c(_,f,E,A){_!==f?A.push({i:E.push(i(E)+"skewX(",null,r)-2,x:Zr(_,f)}):f&&E.push(i(E)+"skewX("+f+r)}function u(_,f,E,A,b,k){if(_!==E||f!==A){var S=b.push(i(b)+"scale(",null,",",null,")");k.push({i:S-4,x:Zr(_,E)},{i:S-2,x:Zr(f,A)})}else(E!==1||A!==1)&&b.push(i(b)+"scale("+E+","+A+")")}return function(_,f){var E=[],A=[];return _=t(_),f=t(f),o(_.translateX,_.translateY,f.translateX,f.translateY,E,A),l(_.rotate,f.rotate,E,A),c(_.skewX,f.skewX,E,A),u(_.scaleX,_.scaleY,f.scaleX,f.scaleY,E,A),_=f=null,function(b){for(var k=-1,S=A.length,O;++k<S;)E[(O=A[k]).i]=O.x(b);return E.join("")}}}var fV=fR(uV,"px, ","px)","deg)"),pV=fR(dV,", ",")",")"),hV=1e-12;function cT(t){return((t=Math.exp(t))+1/t)/2}function _V(t){return((t=Math.exp(t))-1/t)/2}function mV(t){return((t=Math.exp(2*t))-1)/(t+1)}const EV=function t(e,n,r){function i(o,l){var c=o[0],u=o[1],_=o[2],f=l[0],E=l[1],A=l[2],b=f-c,k=E-u,S=b*b+k*k,O,R;if(S<hV)R=Math.log(A/_)/e,O=function(X){return[c+X*b,u+X*k,_*Math.exp(e*X*R)]};else{var x=Math.sqrt(S),Y=(A*A-_*_+r*S)/(2*_*n*x),y=(A*A-_*_-r*S)/(2*A*n*x),K=Math.log(Math.sqrt(Y*Y+1)-Y),P=Math.log(Math.sqrt(y*y+1)-y);R=(P-K)/e,O=function(X){var ot=X*R,xt=cT(K),Pt=_/(n*x)*(xt*mV(e*ot+K)-_V(K));return[c+Pt*b,u+Pt*k,_*xt/cT(e*ot+K)]}}return O.duration=R*1e3*e/Math.SQRT2,O}return i.rho=function(o){var l=Math.max(.001,+o),c=l*l,u=c*c;return t(l,c,u)},i}(Math.SQRT2,2,4);var Ia=0,ml=0,ul=0,pR=1e3,ud,El,dd=0,Lo=0,qd=0,Kl=typeof performance=="object"&&performance.now?performance:Date,hR=typeof window=="object"&&window.requestAnimationFrame?window.requestAnimationFrame.bind(window):function(t){setTimeout(t,17)};function R_(){return Lo||(hR(gV),Lo=Kl.now()+qd)}function gV(){Lo=0}function fd(){this._call=this._time=this._next=null}fd.prototype=_R.prototype={constructor:fd,restart:function(t,e,n){if(typeof t!="function")throw new TypeError("callback is not a function");n=(n==null?R_():+n)+(e==null?0:+e),!this._next&&El!==this&&(El?El._next=this:ud=this,El=this),this._call=t,this._time=n,s0()},stop:function(){this._call&&(this._call=null,this._time=1/0,s0())}};function _R(t,e,n){var r=new fd;return r.restart(t,e,n),r}function TV(){R_(),++Ia;for(var t=ud,e;t;)(e=Lo-t._time)>=0&&t._call.call(void 0,e),t=t._next;--Ia}function uT(){Lo=(dd=Kl.now())+qd,Ia=ml=0;try{TV()}finally{Ia=0,AV(),Lo=0}}function SV(){var t=Kl.now(),e=t-dd;e>pR&&(qd-=e,dd=t)}function AV(){for(var t,e=ud,n,r=1/0;e;)e._call?(r>e._time&&(r=e._time),t=e,e=e._next):(n=e._next,e._next=null,e=t?t._next=n:ud=n);El=t,s0(r)}function s0(t){if(!Ia){ml&&(ml=clearTimeout(ml));var e=t-Lo;e>24?(t<1/0&&(ml=setTimeout(uT,t-Kl.now()-qd)),ul&&(ul=clearInterval(ul))):(ul||(dd=Kl.now(),ul=setInterval(SV,pR)),Ia=1,hR(uT))}}function dT(t,e,n){var r=new fd;return e=e==null?0:+e,r.restart(i=>{r.stop(),t(i+e)},e,n),r}var vV=E_("start","end","cancel","interrupt"),RV=[],mR=0,fT=1,o0=2,$u=3,pT=4,a0=5,Fu=6;function jd(t,e,n,r,i,o){var l=t.__transition;if(!l)t.__transition={};else if(n in l)return;OV(t,n,{name:e,index:r,group:i,on:vV,tween:RV,time:o.time,delay:o.delay,duration:o.duration,ease:o.ease,timer:null,state:mR})}function O_(t,e){var n=si(t,e);if(n.state>mR)throw new Error("too late; already scheduled");return n}function Ii(t,e){var n=si(t,e);if(n.state>$u)throw new Error("too late; already running");return n}function si(t,e){var n=t.__transition;if(!n||!(n=n[e]))throw new Error("transition not found");return n}function OV(t,e,n){var r=t.__transition,i;r[e]=n,n.timer=_R(o,0,n.time);function o(_){n.state=fT,n.timer.restart(l,n.delay,n.time),n.delay<=_&&l(_-n.delay)}function l(_){var f,E,A,b;if(n.state!==fT)return u();for(f in r)if(b=r[f],b.name===n.name){if(b.state===$u)return dT(l);b.state===pT?(b.state=Fu,b.timer.stop(),b.on.call("interrupt",t,t.__data__,b.index,b.group),delete r[f]):+f<e&&(b.state=Fu,b.timer.stop(),b.on.call("cancel",t,t.__data__,b.index,b.group),delete r[f])}if(dT(function(){n.state===$u&&(n.state=pT,n.timer.restart(c,n.delay,n.time),c(_))}),n.state=o0,n.on.call("start",t,t.__data__,n.index,n.group),n.state===o0){for(n.state=$u,i=new Array(A=n.tween.length),f=0,E=-1;f<A;++f)(b=n.tween[f].value.call(t,t.__data__,n.index,n.group))&&(i[++E]=b);i.length=E+1}}function c(_){for(var f=_<n.duration?n.ease.call(null,_/n.duration):(n.timer.restart(u),n.state=a0,1),E=-1,A=i.length;++E<A;)i[E].call(t,f);n.state===a0&&(n.on.call("end",t,t.__data__,n.index,n.group),u())}function u(){n.state=Fu,n.timer.stop(),delete r[e];for(var _ in r)return;delete t.__transition}}function Vu(t,e){var n=t.__transition,r,i,o=!0,l;if(n){e=e==null?null:e+"";for(l in n){if((r=n[l]).name!==e){o=!1;continue}i=r.state>o0&&r.state<a0,r.state=Fu,r.timer.stop(),r.on.call(i?"interrupt":"cancel",t,t.__data__,r.index,r.group),delete n[l]}o&&delete t.__transition}}function LV(t){return this.each(function(){Vu(this,t)})}function bV(t,e){var n,r;return function(){var i=Ii(this,t),o=i.tween;if(o!==n){r=n=o;for(var l=0,c=r.length;l<c;++l)if(r[l].name===e){r=r.slice(),r.splice(l,1);break}}i.tween=r}}function yV(t,e,n){var r,i;if(typeof n!="function")throw new Error;return function(){var o=Ii(this,t),l=o.tween;if(l!==r){i=(r=l).slice();for(var c={name:e,value:n},u=0,_=i.length;u<_;++u)if(i[u].name===e){i[u]=c;break}u===_&&i.push(c)}o.tween=i}}function CV(t,e){var n=this._id;if(t+="",arguments.length<2){for(var r=si(this.node(),n).tween,i=0,o=r.length,l;i<o;++i)if((l=r[i]).name===t)return l.value;return null}return this.each((e==null?bV:yV)(n,t,e))}function L_(t,e,n){var r=t._id;return t.each(function(){var i=Ii(this,r);(i.value||(i.value={}))[e]=n.apply(this,arguments)}),function(i){return si(i,r).value[e]}}function ER(t,e){var n;return(typeof e=="number"?Zr:e instanceof Oo?cd:(n=Oo(e))?(e=n,cd):uR)(t,e)}function IV(t){return function(){this.removeAttribute(t)}}function NV(t){return function(){this.removeAttributeNS(t.space,t.local)}}function xV(t,e,n){var r,i=n+"",o;return function(){var l=this.getAttribute(t);return l===i?null:l===r?o:o=e(r=l,n)}}function wV(t,e,n){var r,i=n+"",o;return function(){var l=this.getAttributeNS(t.space,t.local);return l===i?null:l===r?o:o=e(r=l,n)}}function kV(t,e,n){var r,i,o;return function(){var l,c=n(this),u;return c==null?void this.removeAttribute(t):(l=this.getAttribute(t),u=c+"",l===u?null:l===r&&u===i?o:(i=u,o=e(r=l,c)))}}function BV(t,e,n){var r,i,o;return function(){var l,c=n(this),u;return c==null?void this.removeAttributeNS(t.space,t.local):(l=this.getAttributeNS(t.space,t.local),u=c+"",l===u?null:l===r&&u===i?o:(i=u,o=e(r=l,c)))}}function DV(t,e){var n=Yd(t),r=n==="transform"?pV:ER;return this.attrTween(t,typeof e=="function"?(n.local?BV:kV)(n,r,L_(this,"attr."+t,e)):e==null?(n.local?NV:IV)(n):(n.local?wV:xV)(n,r,e))}function PV(t,e){return function(n){this.setAttribute(t,e.call(this,n))}}function MV(t,e){return function(n){this.setAttributeNS(t.space,t.local,e.call(this,n))}}function HV(t,e){var n,r;function i(){var o=e.apply(this,arguments);return o!==r&&(n=(r=o)&&MV(t,o)),n}return i._value=e,i}function WV(t,e){var n,r;function i(){var o=e.apply(this,arguments);return o!==r&&(n=(r=o)&&PV(t,o)),n}return i._value=e,i}function UV(t,e){var n="attr."+t;if(arguments.length<2)return(n=this.tween(n))&&n._value;if(e==null)return this.tween(n,null);if(typeof e!="function")throw new Error;var r=Yd(t);return this.tween(n,(r.local?HV:WV)(r,e))}function $V(t,e){return function(){O_(this,t).delay=+e.apply(this,arguments)}}function FV(t,e){return e=+e,function(){O_(this,t).delay=e}}function VV(t){var e=this._id;return arguments.length?this.each((typeof t=="function"?$V:FV)(e,t)):si(this.node(),e).delay}function zV(t,e){return function(){Ii(this,t).duration=+e.apply(this,arguments)}}function GV(t,e){return e=+e,function(){Ii(this,t).duration=e}}function XV(t){var e=this._id;return arguments.length?this.each((typeof t=="function"?zV:GV)(e,t)):si(this.node(),e).duration}function KV(t,e){if(typeof e!="function")throw new Error;return function(){Ii(this,t).ease=e}}function YV(t){var e=this._id;return arguments.length?this.each(KV(e,t)):si(this.node(),e).ease}function qV(t,e){return function(){var n=e.apply(this,arguments);if(typeof n!="function")throw new Error;Ii(this,t).ease=n}}function jV(t){if(typeof t!="function")throw new Error;return this.each(qV(this._id,t))}function JV(t){typeof t!="function"&&(t=Jv(t));for(var e=this._groups,n=e.length,r=new Array(n),i=0;i<n;++i)for(var o=e[i],l=o.length,c=r[i]=[],u,_=0;_<l;++_)(u=o[_])&&t.call(u,u.__data__,_,o)&&c.push(u);return new es(r,this._parents,this._name,this._id)}function QV(t){if(t._id!==this._id)throw new Error;for(var e=this._groups,n=t._groups,r=e.length,i=n.length,o=Math.min(r,i),l=new Array(r),c=0;c<o;++c)for(var u=e[c],_=n[c],f=u.length,E=l[c]=new Array(f),A,b=0;b<f;++b)(A=u[b]||_[b])&&(E[b]=A);for(;c<r;++c)l[c]=e[c];return new es(l,this._parents,this._name,this._id)}function ZV(t){return(t+"").trim().split(/^|\s+/).every(function(e){var n=e.indexOf(".");return n>=0&&(e=e.slice(0,n)),!e||e==="start"})}function tz(t,e,n){var r,i,o=ZV(e)?O_:Ii;return function(){var l=o(this,t),c=l.on;c!==r&&(i=(r=c).copy()).on(e,n),l.on=i}}function ez(t,e){var n=this._id;return arguments.length<2?si(this.node(),n).on.on(t):this.each(tz(n,t,e))}function nz(t){return function(){var e=this.parentNode;for(var n in this.__transition)if(+n!==t)return;e&&e.removeChild(this)}}function rz(){return this.on("end.remove",nz(this._id))}function iz(t){var e=this._name,n=this._id;typeof t!="function"&&(t=g_(t));for(var r=this._groups,i=r.length,o=new Array(i),l=0;l<i;++l)for(var c=r[l],u=c.length,_=o[l]=new Array(u),f,E,A=0;A<u;++A)(f=c[A])&&(E=t.call(f,f.__data__,A,c))&&("__data__"in f&&(E.__data__=f.__data__),_[A]=E,jd(_[A],e,n,A,_,si(f,n)));return new es(o,this._parents,e,n)}function sz(t){var e=this._name,n=this._id;typeof t!="function"&&(t=jv(t));for(var r=this._groups,i=r.length,o=[],l=[],c=0;c<i;++c)for(var u=r[c],_=u.length,f,E=0;E<_;++E)if(f=u[E]){for(var A=t.call(f,f.__data__,E,u),b,k=si(f,n),S=0,O=A.length;S<O;++S)(b=A[S])&&jd(b,e,n,S,A,k);o.push(A),l.push(f)}return new es(o,l,e,n)}var oz=sc.prototype.constructor;function az(){return new oz(this._groups,this._parents)}function lz(t,e){var n,r,i;return function(){var o=Ca(this,t),l=(this.style.removeProperty(t),Ca(this,t));return o===l?null:o===n&&l===r?i:i=e(n=o,r=l)}}function gR(t){return function(){this.style.removeProperty(t)}}function cz(t,e,n){var r,i=n+"",o;return function(){var l=Ca(this,t);return l===i?null:l===r?o:o=e(r=l,n)}}function uz(t,e,n){var r,i,o;return function(){var l=Ca(this,t),c=n(this),u=c+"";return c==null&&(u=c=(this.style.removeProperty(t),Ca(this,t))),l===u?null:l===r&&u===i?o:(i=u,o=e(r=l,c))}}function dz(t,e){var n,r,i,o="style."+e,l="end."+o,c;return function(){var u=Ii(this,t),_=u.on,f=u.value[o]==null?c||(c=gR(e)):void 0;(_!==n||i!==f)&&(r=(n=_).copy()).on(l,i=f),u.on=r}}function fz(t,e,n){var r=(t+="")=="transform"?fV:ER;return e==null?this.styleTween(t,lz(t,r)).on("end.style."+t,gR(t)):typeof e=="function"?this.styleTween(t,uz(t,r,L_(this,"style."+t,e))).each(dz(this._id,t)):this.styleTween(t,cz(t,r,e),n).on("end.style."+t,null)}function pz(t,e,n){return function(r){this.style.setProperty(t,e.call(this,r),n)}}function hz(t,e,n){var r,i;function o(){var l=e.apply(this,arguments);return l!==i&&(r=(i=l)&&pz(t,l,n)),r}return o._value=e,o}function _z(t,e,n){var r="style."+(t+="");if(arguments.length<2)return(r=this.tween(r))&&r._value;if(e==null)return this.tween(r,null);if(typeof e!="function")throw new Error;return this.tween(r,hz(t,e,n??""))}function mz(t){return function(){this.textContent=t}}function Ez(t){return function(){var e=t(this);this.textContent=e??""}}function gz(t){return this.tween("text",typeof t=="function"?Ez(L_(this,"text",t)):mz(t==null?"":t+""))}function Tz(t){return function(e){this.textContent=t.call(this,e)}}function Sz(t){var e,n;function r(){var i=t.apply(this,arguments);return i!==n&&(e=(n=i)&&Tz(i)),e}return r._value=t,r}function Az(t){var e="text";if(arguments.length<1)return(e=this.tween(e))&&e._value;if(t==null)return this.tween(e,null);if(typeof t!="function")throw new Error;return this.tween(e,Sz(t))}function vz(){for(var t=this._name,e=this._id,n=TR(),r=this._groups,i=r.length,o=0;o<i;++o)for(var l=r[o],c=l.length,u,_=0;_<c;++_)if(u=l[_]){var f=si(u,e);jd(u,t,n,_,l,{time:f.time+f.delay+f.duration,delay:0,duration:f.duration,ease:f.ease})}return new es(r,this._parents,t,n)}function Rz(){var t,e,n=this,r=n._id,i=n.size();return new Promise(function(o,l){var c={value:l},u={value:function(){--i===0&&o()}};n.each(function(){var _=Ii(this,r),f=_.on;f!==t&&(e=(t=f).copy(),e._.cancel.push(c),e._.interrupt.push(c),e._.end.push(u)),_.on=e}),i===0&&o()})}var Oz=0;function es(t,e,n,r){this._groups=t,this._parents=e,this._name=n,this._id=r}function TR(){return++Oz}var Ui=sc.prototype;es.prototype={constructor:es,select:iz,selectAll:sz,selectChild:Ui.selectChild,selectChildren:Ui.selectChildren,filter:JV,merge:QV,selection:az,transition:vz,call:Ui.call,nodes:Ui.nodes,node:Ui.node,size:Ui.size,empty:Ui.empty,each:Ui.each,on:ez,attr:DV,attrTween:UV,style:fz,styleTween:_z,text:gz,textTween:Az,remove:rz,tween:CV,delay:VV,duration:XV,ease:YV,easeVarying:jV,end:Rz,[Symbol.iterator]:Ui[Symbol.iterator]};function Lz(t){return((t*=2)<=1?t*t*t:(t-=2)*t*t+2)/2}var bz={time:null,delay:0,duration:250,ease:Lz};function yz(t,e){for(var n;!(n=t.__transition)||!(n=n[e]);)if(!(t=t.parentNode))throw new Error(`transition ${e} not found`);return n}function Cz(t){var e,n;t instanceof es?(e=t._id,t=t._name):(e=TR(),(n=bz).time=R_(),t=t==null?null:t+"");for(var r=this._groups,i=r.length,o=0;o<i;++o)for(var l=r[o],c=l.length,u,_=0;_<c;++_)(u=l[_])&&jd(u,t,e,_,l,n||yz(u,e));return new es(r,this._parents,t,e)}sc.prototype.interrupt=LV;sc.prototype.transition=Cz;const l0=Math.PI,c0=2*l0,ao=1e-6,Iz=c0-ao;function u0(){this._x0=this._y0=this._x1=this._y1=null,this._=""}function SR(){return new u0}u0.prototype=SR.prototype={constructor:u0,moveTo:function(t,e){this._+="M"+(this._x0=this._x1=+t)+","+(this._y0=this._y1=+e)},closePath:function(){this._x1!==null&&(this._x1=this._x0,this._y1=this._y0,this._+="Z")},lineTo:function(t,e){this._+="L"+(this._x1=+t)+","+(this._y1=+e)},quadraticCurveTo:function(t,e,n,r){this._+="Q"+ +t+","+ +e+","+(this._x1=+n)+","+(this._y1=+r)},bezierCurveTo:function(t,e,n,r,i,o){this._+="C"+ +t+","+ +e+","+ +n+","+ +r+","+(this._x1=+i)+","+(this._y1=+o)},arcTo:function(t,e,n,r,i){t=+t,e=+e,n=+n,r=+r,i=+i;var o=this._x1,l=this._y1,c=n-t,u=r-e,_=o-t,f=l-e,E=_*_+f*f;if(i<0)throw new Error("negative radius: "+i);if(this._x1===null)this._+="M"+(this._x1=t)+","+(this._y1=e);else if(E>ao)if(!(Math.abs(f*c-u*_)>ao)||!i)this._+="L"+(this._x1=t)+","+(this._y1=e);else{var A=n-o,b=r-l,k=c*c+u*u,S=A*A+b*b,O=Math.sqrt(k),R=Math.sqrt(E),x=i*Math.tan((l0-Math.acos((k+E-S)/(2*O*R)))/2),Y=x/R,y=x/O;Math.abs(Y-1)>ao&&(this._+="L"+(t+Y*_)+","+(e+Y*f)),this._+="A"+i+","+i+",0,0,"+ +(f*A>_*b)+","+(this._x1=t+y*c)+","+(this._y1=e+y*u)}},arc:function(t,e,n,r,i,o){t=+t,e=+e,n=+n,o=!!o;var l=n*Math.cos(r),c=n*Math.sin(r),u=t+l,_=e+c,f=1^o,E=o?r-i:i-r;if(n<0)throw new Error("negative radius: "+n);this._x1===null?this._+="M"+u+","+_:(Math.abs(this._x1-u)>ao||Math.abs(this._y1-_)>ao)&&(this._+="L"+u+","+_),n&&(E<0&&(E=E%c0+c0),E>Iz?this._+="A"+n+","+n+",0,1,"+f+","+(t-l)+","+(e-c)+"A"+n+","+n+",0,1,"+f+","+(this._x1=u)+","+(this._y1=_):E>ao&&(this._+="A"+n+","+n+",0,"+ +(E>=l0)+","+f+","+(this._x1=t+n*Math.cos(i))+","+(this._y1=e+n*Math.sin(i))))},rect:function(t,e,n,r){this._+="M"+(this._x0=this._x1=+t)+","+(this._y0=this._y1=+e)+"h"+ +n+"v"+ +r+"h"+-n+"Z"},toString:function(){return this._}};function Nz(t){return Math.abs(t=Math.round(t))>=1e21?t.toLocaleString("en").replace(/,/g,""):t.toString(10)}function pd(t,e){if((n=(t=e?t.toExponential(e-1):t.toExponential()).indexOf("e"))<0)return null;var n,r=t.slice(0,n);return[r.length>1?r[0]+r.slice(2):r,+t.slice(n+1)]}function Na(t){return t=pd(Math.abs(t)),t?t[1]:NaN}function xz(t,e){return function(n,r){for(var i=n.length,o=[],l=0,c=t[0],u=0;i>0&&c>0&&(u+c+1>r&&(c=Math.max(1,r-u)),o.push(n.substring(i-=c,i+c)),!((u+=c+1)>r));)c=t[l=(l+1)%t.length];return o.reverse().join(e)}}function wz(t){return function(e){return e.replace(/[0-9]/g,function(n){return t[+n]})}}var kz=/^(?:(.)?([<>=^]))?([+\-( ])?([$#])?(0)?(\d+)?(,)?(\.\d+)?(~)?([a-z%])?$/i;function hd(t){if(!(e=kz.exec(t)))throw new Error("invalid format: "+t);var e;return new b_({fill:e[1],align:e[2],sign:e[3],symbol:e[4],zero:e[5],width:e[6],comma:e[7],precision:e[8]&&e[8].slice(1),trim:e[9],type:e[10]})}hd.prototype=b_.prototype;function b_(t){this.fill=t.fill===void 0?" ":t.fill+"",this.align=t.align===void 0?">":t.align+"",this.sign=t.sign===void 0?"-":t.sign+"",this.symbol=t.symbol===void 0?"":t.symbol+"",this.zero=!!t.zero,this.width=t.width===void 0?void 0:+t.width,this.comma=!!t.comma,this.precision=t.precision===void 0?void 0:+t.precision,this.trim=!!t.trim,this.type=t.type===void 0?"":t.type+""}b_.prototype.toString=function(){return this.fill+this.align+this.sign+this.symbol+(this.zero?"0":"")+(this.width===void 0?"":Math.max(1,this.width|0))+(this.comma?",":"")+(this.precision===void 0?"":"."+Math.max(0,this.precision|0))+(this.trim?"~":"")+this.type};function Bz(t){t:for(var e=t.length,n=1,r=-1,i;n<e;++n)switch(t[n]){case".":r=i=n;break;case"0":r===0&&(r=n),i=n;break;default:if(!+t[n])break t;r>0&&(r=0);break}return r>0?t.slice(0,r)+t.slice(i+1):t}var AR;function Dz(t,e){var n=pd(t,e);if(!n)return t+"";var r=n[0],i=n[1],o=i-(AR=Math.max(-8,Math.min(8,Math.floor(i/3)))*3)+1,l=r.length;return o===l?r:o>l?r+new Array(o-l+1).join("0"):o>0?r.slice(0,o)+"."+r.slice(o):"0."+new Array(1-o).join("0")+pd(t,Math.max(0,e+o-1))[0]}function hT(t,e){var n=pd(t,e);if(!n)return t+"";var r=n[0],i=n[1];return i<0?"0."+new Array(-i).join("0")+r:r.length>i+1?r.slice(0,i+1)+"."+r.slice(i+1):r+new Array(i-r.length+2).join("0")}const _T={"%":(t,e)=>(t*100).toFixed(e),b:t=>Math.round(t).toString(2),c:t=>t+"",d:Nz,e:(t,e)=>t.toExponential(e),f:(t,e)=>t.toFixed(e),g:(t,e)=>t.toPrecision(e),o:t=>Math.round(t).toString(8),p:(t,e)=>hT(t*100,e),r:hT,s:Dz,X:t=>Math.round(t).toString(16).toUpperCase(),x:t=>Math.round(t).toString(16)};function mT(t){return t}var ET=Array.prototype.map,gT=["y","z","a","f","p","n","µ","m","","k","M","G","T","P","E","Z","Y"];function Pz(t){var e=t.grouping===void 0||t.thousands===void 0?mT:xz(ET.call(t.grouping,Number),t.thousands+""),n=t.currency===void 0?"":t.currency[0]+"",r=t.currency===void 0?"":t.currency[1]+"",i=t.decimal===void 0?".":t.decimal+"",o=t.numerals===void 0?mT:wz(ET.call(t.numerals,String)),l=t.percent===void 0?"%":t.percent+"",c=t.minus===void 0?"−":t.minus+"",u=t.nan===void 0?"NaN":t.nan+"";function _(E){E=hd(E);var A=E.fill,b=E.align,k=E.sign,S=E.symbol,O=E.zero,R=E.width,x=E.comma,Y=E.precision,y=E.trim,K=E.type;K==="n"?(x=!0,K="g"):_T[K]||(Y===void 0&&(Y=12),y=!0,K="g"),(O||A==="0"&&b==="=")&&(O=!0,A="0",b="=");var P=S==="$"?n:S==="#"&&/[boxX]/.test(K)?"0"+K.toLowerCase():"",X=S==="$"?r:/[%p]/.test(K)?l:"",ot=_T[K],xt=/[defgprs%]/.test(K);Y=Y===void 0?6:/[gprs]/.test(K)?Math.max(1,Math.min(21,Y)):Math.max(0,Math.min(20,Y));function Pt(vt){var et=P,M=X,G,Rt,U;if(K==="c")M=ot(vt)+M,vt="";else{vt=+vt;var w=vt<0||1/vt<0;if(vt=isNaN(vt)?u:ot(Math.abs(vt),Y),y&&(vt=Bz(vt)),w&&+vt==0&&k!=="+"&&(w=!1),et=(w?k==="("?k:c:k==="-"||k==="("?"":k)+et,M=(K==="s"?gT[8+AR/3]:"")+M+(w&&k==="("?")":""),xt){for(G=-1,Rt=vt.length;++G<Rt;)if(U=vt.charCodeAt(G),48>U||U>57){M=(U===46?i+vt.slice(G+1):vt.slice(G))+M,vt=vt.slice(0,G);break}}}x&&!O&&(vt=e(vt,1/0));var ct=et.length+vt.length+M.length,St=ct<R?new Array(R-ct+1).join(A):"";switch(x&&O&&(vt=e(St+vt,St.length?R-M.length:1/0),St=""),b){case"<":vt=et+vt+M+St;break;case"=":vt=et+St+vt+M;break;case"^":vt=St.slice(0,ct=St.length>>1)+et+vt+M+St.slice(ct);break;default:vt=St+et+vt+M;break}return o(vt)}return Pt.toString=function(){return E+""},Pt}function f(E,A){var b=_((E=hd(E),E.type="f",E)),k=Math.max(-8,Math.min(8,Math.floor(Na(A)/3)))*3,S=Math.pow(10,-k),O=gT[8+k/3];return function(R){return b(S*R)+O}}return{format:_,formatPrefix:f}}var Ou,vR,RR;Mz({thousands:",",grouping:[3],currency:["$",""]});function Mz(t){return Ou=Pz(t),vR=Ou.format,RR=Ou.formatPrefix,Ou}function Hz(t){return Math.max(0,-Na(Math.abs(t)))}function Wz(t,e){return Math.max(0,Math.max(-8,Math.min(8,Math.floor(Na(e)/3)))*3-Na(Math.abs(t)))}function Uz(t,e){return t=Math.abs(t),e=Math.abs(e)-t,Math.max(0,Na(e)-Na(t))+1}function $z(t,e){switch(arguments.length){case 0:break;case 1:this.range(t);break;default:this.range(e).domain(t);break}return this}function Fz(t){return function(){return t}}function Vz(t){return+t}var TT=[0,1];function ia(t){return t}function d0(t,e){return(e-=t=+t)?function(n){return(n-t)/e}:Fz(isNaN(e)?NaN:.5)}function zz(t,e){var n;return t>e&&(n=t,t=e,e=n),function(r){return Math.max(t,Math.min(e,r))}}function Gz(t,e,n){var r=t[0],i=t[1],o=e[0],l=e[1];return i<r?(r=d0(i,r),o=n(l,o)):(r=d0(r,i),o=n(o,l)),function(c){return o(r(c))}}function Xz(t,e,n){var r=Math.min(t.length,e.length)-1,i=new Array(r),o=new Array(r),l=-1;for(t[r]<t[0]&&(t=t.slice().reverse(),e=e.slice().reverse());++l<r;)i[l]=d0(t[l],t[l+1]),o[l]=n(e[l],e[l+1]);return function(c){var u=t$(t,c,1,r)-1;return o[u](i[u](c))}}function Kz(t,e){return e.domain(t.domain()).range(t.range()).interpolate(t.interpolate()).clamp(t.clamp()).unknown(t.unknown())}function Yz(){var t=TT,e=TT,n=v_,r,i,o,l=ia,c,u,_;function f(){var A=Math.min(t.length,e.length);return l!==ia&&(l=zz(t[0],t[A-1])),c=A>2?Xz:Gz,u=_=null,E}function E(A){return A==null||isNaN(A=+A)?o:(u||(u=c(t.map(r),e,n)))(r(l(A)))}return E.invert=function(A){return l(i((_||(_=c(e,t.map(r),Zr)))(A)))},E.domain=function(A){return arguments.length?(t=Array.from(A,Vz),f()):t.slice()},E.range=function(A){return arguments.length?(e=Array.from(A),f()):e.slice()},E.rangeRound=function(A){return e=Array.from(A),n=cV,f()},E.clamp=function(A){return arguments.length?(l=A?!0:ia,f()):l!==ia},E.interpolate=function(A){return arguments.length?(n=A,f()):n},E.unknown=function(A){return arguments.length?(o=A,E):o},function(A,b){return r=A,i=b,f()}}function qz(){return Yz()(ia,ia)}function jz(t,e,n,r){var i=n$(t,e,n),o;switch(r=hd(r??",f"),r.type){case"s":{var l=Math.max(Math.abs(t),Math.abs(e));return r.precision==null&&!isNaN(o=Wz(i,l))&&(r.precision=o),RR(r,l)}case"":case"e":case"g":case"p":case"r":{r.precision==null&&!isNaN(o=Uz(i,Math.max(Math.abs(t),Math.abs(e))))&&(r.precision=o-(r.type==="e"));break}case"f":case"%":{r.precision==null&&!isNaN(o=Hz(i))&&(r.precision=o-(r.type==="%")*2);break}}return vR(r)}function Jz(t){var e=t.domain;return t.ticks=function(n){var r=e();return e$(r[0],r[r.length-1],n??10)},t.tickFormat=function(n,r){var i=e();return jz(i[0],i[i.length-1],n??10,r)},t.nice=function(n){n==null&&(n=10);var r=e(),i=0,o=r.length-1,l=r[i],c=r[o],u,_,f=10;for(c<l&&(_=l,l=c,c=_,_=i,i=o,o=_);f-- >0;){if(_=Yv(l,c,n),_===u)return r[i]=l,r[o]=c,e(r);if(_>0)l=Math.floor(l/_)*_,c=Math.ceil(c/_)*_;else if(_<0)l=Math.ceil(l*_)/_,c=Math.floor(c*_)/_;else break;u=_}return t},t}function OR(){var t=qz();return t.copy=function(){return Kz(t,OR())},$z.apply(t,arguments),Jz(t)}const Lu=t=>()=>t;function Qz(t,{sourceEvent:e,target:n,transform:r,dispatch:i}){Object.defineProperties(this,{type:{value:t,enumerable:!0,configurable:!0},sourceEvent:{value:e,enumerable:!0,configurable:!0},target:{value:n,enumerable:!0,configurable:!0},transform:{value:r,enumerable:!0,configurable:!0},_:{value:i}})}function Xi(t,e,n){this.k=t,this.x=e,this.y=n}Xi.prototype={constructor:Xi,scale:function(t){return t===1?this:new Xi(this.k*t,this.x,this.y)},translate:function(t,e){return t===0&e===0?this:new Xi(this.k,this.x+this.k*t,this.y+this.k*e)},apply:function(t){return[t[0]*this.k+this.x,t[1]*this.k+this.y]},applyX:function(t){return t*this.k+this.x},applyY:function(t){return t*this.k+this.y},invert:function(t){return[(t[0]-this.x)/this.k,(t[1]-this.y)/this.k]},invertX:function(t){return(t-this.x)/this.k},invertY:function(t){return(t-this.y)/this.k},rescaleX:function(t){return t.copy().domain(t.range().map(this.invertX,this).map(t.invert,t))},rescaleY:function(t){return t.copy().domain(t.range().map(this.invertY,this).map(t.invert,t))},toString:function(){return"translate("+this.x+","+this.y+") scale("+this.k+")"}};var _d=new Xi(1,0,0);Xi.prototype;function rh(t){t.stopImmediatePropagation()}function dl(t){t.preventDefault(),t.stopImmediatePropagation()}function Zz(t){return(!t.ctrlKey||t.type==="wheel")&&!t.button}function tG(){var t=this;return t instanceof SVGElement?(t=t.ownerSVGElement||t,t.hasAttribute("viewBox")?(t=t.viewBox.baseVal,[[t.x,t.y],[t.x+t.width,t.y+t.height]]):[[0,0],[t.width.baseVal.value,t.height.baseVal.value]]):[[0,0],[t.clientWidth,t.clientHeight]]}function ST(){return this.__zoom||_d}function eG(t){return-t.deltaY*(t.deltaMode===1?.05:t.deltaMode?1:.002)*(t.ctrlKey?10:1)}function nG(){return navigator.maxTouchPoints||"ontouchstart"in this}function rG(t,e,n){var r=t.invertX(e[0][0])-n[0][0],i=t.invertX(e[1][0])-n[1][0],o=t.invertY(e[0][1])-n[0][1],l=t.invertY(e[1][1])-n[1][1];return t.translate(i>r?(r+i)/2:Math.min(0,r)||Math.max(0,i),l>o?(o+l)/2:Math.min(0,o)||Math.max(0,l))}function iG(){var t=Zz,e=tG,n=rG,r=eG,i=nG,o=[0,1/0],l=[[-1/0,-1/0],[1/0,1/0]],c=250,u=EV,_=E_("start","zoom","end"),f,E,A,b=500,k=150,S=0,O=10;function R(G){G.property("__zoom",ST).on("wheel.zoom",ot,{passive:!1}).on("mousedown.zoom",xt).on("dblclick.zoom",Pt).filter(i).on("touchstart.zoom",vt).on("touchmove.zoom",et).on("touchend.zoom touchcancel.zoom",M).style("-webkit-tap-highlight-color","rgba(0,0,0,0)")}R.transform=function(G,Rt,U,w){var ct=G.selection?G.selection():G;ct.property("__zoom",ST),G!==ct?K(G,Rt,U,w):ct.interrupt().each(function(){P(this,arguments).event(w).start().zoom(null,typeof Rt=="function"?Rt.apply(this,arguments):Rt).end()})},R.scaleBy=function(G,Rt,U,w){R.scaleTo(G,function(){var ct=this.__zoom.k,St=typeof Rt=="function"?Rt.apply(this,arguments):Rt;return ct*St},U,w)},R.scaleTo=function(G,Rt,U,w){R.transform(G,function(){var ct=e.apply(this,arguments),St=this.__zoom,yt=U==null?y(ct):typeof U=="function"?U.apply(this,arguments):U,dt=St.invert(yt),j=typeof Rt=="function"?Rt.apply(this,arguments):Rt;return n(Y(x(St,j),yt,dt),ct,l)},U,w)},R.translateBy=function(G,Rt,U,w){R.transform(G,function(){return n(this.__zoom.translate(typeof Rt=="function"?Rt.apply(this,arguments):Rt,typeof U=="function"?U.apply(this,arguments):U),e.apply(this,arguments),l)},null,w)},R.translateTo=function(G,Rt,U,w,ct){R.transform(G,function(){var St=e.apply(this,arguments),yt=this.__zoom,dt=w==null?y(St):typeof w=="function"?w.apply(this,arguments):w;return n(_d.translate(dt[0],dt[1]).scale(yt.k).translate(typeof Rt=="function"?-Rt.apply(this,arguments):-Rt,typeof U=="function"?-U.apply(this,arguments):-U),St,l)},w,ct)};function x(G,Rt){return Rt=Math.max(o[0],Math.min(o[1],Rt)),Rt===G.k?G:new Xi(Rt,G.x,G.y)}function Y(G,Rt,U){var w=Rt[0]-U[0]*G.k,ct=Rt[1]-U[1]*G.k;return w===G.x&&ct===G.y?G:new Xi(G.k,w,ct)}function y(G){return[(+G[0][0]+ +G[1][0])/2,(+G[0][1]+ +G[1][1])/2]}function K(G,Rt,U,w){G.on("start.zoom",function(){P(this,arguments).event(w).start()}).on("interrupt.zoom end.zoom",function(){P(this,arguments).event(w).end()}).tween("zoom",function(){var ct=this,St=arguments,yt=P(ct,St).event(w),dt=e.apply(ct,St),j=U==null?y(dt):typeof U=="function"?U.apply(ct,St):U,D=Math.max(dt[1][0]-dt[0][0],dt[1][1]-dt[0][1]),L=ct.__zoom,J=typeof Rt=="function"?Rt.apply(ct,St):Rt,at=u(L.invert(j).concat(D/L.k),J.invert(j).concat(D/J.k));return function(Ct){if(Ct===1)Ct=J;else{var Xt=at(Ct),ze=D/Xt[2];Ct=new Xi(ze,j[0]-Xt[0]*ze,j[1]-Xt[1]*ze)}yt.zoom(null,Ct)}})}function P(G,Rt,U){return!U&&G.__zooming||new X(G,Rt)}function X(G,Rt){this.that=G,this.args=Rt,this.active=0,this.sourceEvent=null,this.extent=e.apply(G,Rt),this.taps=0}X.prototype={event:function(G){return G&&(this.sourceEvent=G),this},start:function(){return++this.active===1&&(this.that.__zooming=this,this.emit("start")),this},zoom:function(G,Rt){return this.mouse&&G!=="mouse"&&(this.mouse[1]=Rt.invert(this.mouse[0])),this.touch0&&G!=="touch"&&(this.touch0[1]=Rt.invert(this.touch0[0])),this.touch1&&G!=="touch"&&(this.touch1[1]=Rt.invert(this.touch1[0])),this.that.__zoom=Rt,this.emit("zoom"),this},end:function(){return--this.active===0&&(delete this.that.__zooming,this.emit("end")),this},emit:function(G){var Rt=mi(this.that).datum();_.call(G,this.that,new Qz(G,{sourceEvent:this.sourceEvent,target:R,transform:this.that.__zoom,dispatch:_}),Rt)}};function ot(G,...Rt){if(!t.apply(this,arguments))return;var U=P(this,Rt).event(G),w=this.__zoom,ct=Math.max(o[0],Math.min(o[1],w.k*Math.pow(2,r.apply(this,arguments)))),St=ro(G);if(U.wheel)(U.mouse[0][0]!==St[0]||U.mouse[0][1]!==St[1])&&(U.mouse[1]=w.invert(U.mouse[0]=St)),clearTimeout(U.wheel);else{if(w.k===ct)return;U.mouse=[St,w.invert(St)],Vu(this),U.start()}dl(G),U.wheel=setTimeout(yt,k),U.zoom("mouse",n(Y(x(w,ct),U.mouse[0],U.mouse[1]),U.extent,l));function yt(){U.wheel=null,U.end()}}function xt(G,...Rt){if(A||!t.apply(this,arguments))return;var U=G.currentTarget,w=P(this,Rt,!0).event(G),ct=mi(G.view).on("mousemove.zoom",j,!0).on("mouseup.zoom",D,!0),St=ro(G,U),yt=G.clientX,dt=G.clientY;WF(G.view),rh(G),w.mouse=[St,this.__zoom.invert(St)],Vu(this),w.start();function j(L){if(dl(L),!w.moved){var J=L.clientX-yt,at=L.clientY-dt;w.moved=J*J+at*at>S}w.event(L).zoom("mouse",n(Y(w.that.__zoom,w.mouse[0]=ro(L,U),w.mouse[1]),w.extent,l))}function D(L){ct.on("mousemove.zoom mouseup.zoom",null),UF(L.view,w.moved),dl(L),w.event(L).end()}}function Pt(G,...Rt){if(t.apply(this,arguments)){var U=this.__zoom,w=ro(G.changedTouches?G.changedTouches[0]:G,this),ct=U.invert(w),St=U.k*(G.shiftKey?.5:2),yt=n(Y(x(U,St),w,ct),e.apply(this,Rt),l);dl(G),c>0?mi(this).transition().duration(c).call(K,yt,w,G):mi(this).call(R.transform,yt,w,G)}}function vt(G,...Rt){if(t.apply(this,arguments)){var U=G.touches,w=U.length,ct=P(this,Rt,G.changedTouches.length===w).event(G),St,yt,dt,j;for(rh(G),yt=0;yt<w;++yt)dt=U[yt],j=ro(dt,this),j=[j,this.__zoom.invert(j),dt.identifier],ct.touch0?!ct.touch1&&ct.touch0[2]!==j[2]&&(ct.touch1=j,ct.taps=0):(ct.touch0=j,St=!0,ct.taps=1+!!f);f&&(f=clearTimeout(f)),St&&(ct.taps<2&&(E=j[0],f=setTimeout(function(){f=null},b)),Vu(this),ct.start())}}function et(G,...Rt){if(this.__zooming){var U=P(this,Rt).event(G),w=G.changedTouches,ct=w.length,St,yt,dt,j;for(dl(G),St=0;St<ct;++St)yt=w[St],dt=ro(yt,this),U.touch0&&U.touch0[2]===yt.identifier?U.touch0[0]=dt:U.touch1&&U.touch1[2]===yt.identifier&&(U.touch1[0]=dt);if(yt=U.that.__zoom,U.touch1){var D=U.touch0[0],L=U.touch0[1],J=U.touch1[0],at=U.touch1[1],Ct=(Ct=J[0]-D[0])*Ct+(Ct=J[1]-D[1])*Ct,Xt=(Xt=at[0]-L[0])*Xt+(Xt=at[1]-L[1])*Xt;yt=x(yt,Math.sqrt(Ct/Xt)),dt=[(D[0]+J[0])/2,(D[1]+J[1])/2],j=[(L[0]+at[0])/2,(L[1]+at[1])/2]}else if(U.touch0)dt=U.touch0[0],j=U.touch0[1];else return;U.zoom("touch",n(Y(yt,dt,j),U.extent,l))}}function M(G,...Rt){if(this.__zooming){var U=P(this,Rt).event(G),w=G.changedTouches,ct=w.length,St,yt;for(rh(G),A&&clearTimeout(A),A=setTimeout(function(){A=null},b),St=0;St<ct;++St)yt=w[St],U.touch0&&U.touch0[2]===yt.identifier?delete U.touch0:U.touch1&&U.touch1[2]===yt.identifier&&delete U.touch1;if(U.touch1&&!U.touch0&&(U.touch0=U.touch1,delete U.touch1),U.touch0)U.touch0[1]=this.__zoom.invert(U.touch0[0]);else if(U.end(),U.taps===2&&(yt=ro(yt,this),Math.hypot(E[0]-yt[0],E[1]-yt[1])<O)){var dt=mi(this).on("dblclick.zoom");dt&&dt.apply(this,arguments)}}}return R.wheelDelta=function(G){return arguments.length?(r=typeof G=="function"?G:Lu(+G),R):r},R.filter=function(G){return arguments.length?(t=typeof G=="function"?G:Lu(!!G),R):t},R.touchable=function(G){return arguments.length?(i=typeof G=="function"?G:Lu(!!G),R):i},R.extent=function(G){return arguments.length?(e=typeof G=="function"?G:Lu([[+G[0][0],+G[0][1]],[+G[1][0],+G[1][1]]]),R):e},R.scaleExtent=function(G){return arguments.length?(o[0]=+G[0],o[1]=+G[1],R):[o[0],o[1]]},R.translateExtent=function(G){return arguments.length?(l[0][0]=+G[0][0],l[1][0]=+G[1][0],l[0][1]=+G[0][1],l[1][1]=+G[1][1],R):[[l[0][0],l[0][1]],[l[1][0],l[1][1]]]},R.constrain=function(G){return arguments.length?(n=G,R):n},R.duration=function(G){return arguments.length?(c=+G,R):c},R.interpolate=function(G){return arguments.length?(u=G,R):u},R.on=function(){var G=_.on.apply(_,arguments);return G===_?R:G},R.clickDistance=function(G){return arguments.length?(S=(G=+G)*G,R):Math.sqrt(S)},R.tapDistance=function(G){return arguments.length?(O=+G,R):O},R}function sG(t){var e=0,n=t.children,r=n&&n.length;if(!r)e=1;else for(;--r>=0;)e+=n[r].value;t.value=e}function oG(){return this.eachAfter(sG)}function aG(t){var e=this,n,r=[e],i,o,l;do for(n=r.reverse(),r=[];e=n.pop();)if(t(e),i=e.children,i)for(o=0,l=i.length;o<l;++o)r.push(i[o]);while(r.length);return this}function lG(t){for(var e=this,n=[e],r,i;e=n.pop();)if(t(e),r=e.children,r)for(i=r.length-1;i>=0;--i)n.push(r[i]);return this}function cG(t){for(var e=this,n=[e],r=[],i,o,l;e=n.pop();)if(r.push(e),i=e.children,i)for(o=0,l=i.length;o<l;++o)n.push(i[o]);for(;e=r.pop();)t(e);return this}function uG(t){return this.eachAfter(function(e){for(var n=+t(e.data)||0,r=e.children,i=r&&r.length;--i>=0;)n+=r[i].value;e.value=n})}function dG(t){return this.eachBefore(function(e){e.children&&e.children.sort(t)})}function fG(t){for(var e=this,n=pG(e,t),r=[e];e!==n;)e=e.parent,r.push(e);for(var i=r.length;t!==n;)r.splice(i,0,t),t=t.parent;return r}function pG(t,e){if(t===e)return t;var n=t.ancestors(),r=e.ancestors(),i=null;for(t=n.pop(),e=r.pop();t===e;)i=t,t=n.pop(),e=r.pop();return i}function hG(){for(var t=this,e=[t];t=t.parent;)e.push(t);return e}function _G(){var t=[];return this.each(function(e){t.push(e)}),t}function mG(){var t=[];return this.eachBefore(function(e){e.children||t.push(e)}),t}function EG(){var t=this,e=[];return t.each(function(n){n!==t&&e.push({source:n.parent,target:n})}),e}function y_(t,e){var n=new md(t),r=+t.value&&(n.value=t.value),i,o=[n],l,c,u,_;for(e==null&&(e=TG);i=o.pop();)if(r&&(i.value=+i.data.value),(c=e(i.data))&&(_=c.length))for(i.children=new Array(_),u=_-1;u>=0;--u)o.push(l=i.children[u]=new md(c[u])),l.parent=i,l.depth=i.depth+1;return n.eachBefore(AG)}function gG(){return y_(this).eachBefore(SG)}function TG(t){return t.children}function SG(t){t.data=t.data.data}function AG(t){var e=0;do t.height=e;while((t=t.parent)&&t.height<++e)}function md(t){this.data=t,this.depth=this.height=0,this.parent=null}md.prototype=y_.prototype={constructor:md,count:oG,each:aG,eachAfter:cG,eachBefore:lG,sum:uG,sort:dG,path:fG,ancestors:hG,descendants:_G,leaves:mG,links:EG,copy:gG};const vG="2.1.2",RG={version:vG},{version:OG}=RG,LG=Object.freeze({children:t=>t.children,nodeSize:t=>t.data.size,spacing:0});function bR(t){const e=Object.assign({},LG,t);function n(c){const u=e[c];return typeof u=="function"?u:()=>u}function r(c){const u=l(o(),c,_=>_.children);return u.update(),u.data}function i(){const c=n("nodeSize"),u=n("spacing");return class LR extends y_.prototype.constructor{constructor(f){super(f)}copy(){const f=l(this.constructor,this,E=>E.children);return f.each(E=>E.data=E.data.data),f}get size(){return c(this)}spacing(f){return u(this,f)}get nodes(){return this.descendants()}get xSize(){return this.size[0]}get ySize(){return this.size[1]}get top(){return this.y}get bottom(){return this.y+this.ySize}get left(){return this.x-this.xSize/2}get right(){return this.x+this.xSize/2}get root(){const f=this.ancestors();return f[f.length-1]}get numChildren(){return this.hasChildren?this.children.length:0}get hasChildren(){return!this.noChildren}get noChildren(){return this.children===null}get firstChild(){return this.hasChildren?this.children[0]:null}get lastChild(){return this.hasChildren?this.children[this.numChildren-1]:null}get extents(){return(this.children||[]).reduce((f,E)=>LR.maxExtents(f,E.extents),this.nodeExtents)}get nodeExtents(){return{top:this.top,bottom:this.bottom,left:this.left,right:this.right}}static maxExtents(f,E){return{top:Math.min(f.top,E.top),bottom:Math.max(f.bottom,E.bottom),left:Math.min(f.left,E.left),right:Math.max(f.right,E.right)}}}}function o(){const c=i(),u=n("nodeSize"),_=n("spacing");return class extends c{constructor(f){super(f),Object.assign(this,{x:0,y:0,relX:0,prelim:0,shift:0,change:0,lExt:this,lExtRelX:0,lThr:null,rExt:this,rExtRelX:0,rThr:null})}get size(){return u(this.data)}spacing(f){return _(this.data,f.data)}get x(){return this.data.x}set x(f){this.data.x=f}get y(){return this.data.y}set y(f){this.data.y=f}update(){return yR(this),CR(this),this}}}function l(c,u,_){const f=(E,A)=>{const b=new c(E);Object.assign(b,{parent:A,depth:A===null?0:A.depth+1,height:0,length:1});const k=_(E)||[];return b.children=k.length===0?null:k.map(S=>f(S,b)),b.children&&Object.assign(b,b.children.reduce((S,O)=>({height:Math.max(S.height,O.height+1),length:S.length+O.length}),b)),b};return f(u,null)}return Object.assign(r,{nodeSize(c){return arguments.length?(e.nodeSize=c,r):e.nodeSize},spacing(c){return arguments.length?(e.spacing=c,r):e.spacing},children(c){return arguments.length?(e.children=c,r):e.children},hierarchy(c,u){const _=typeof u>"u"?e.children:u;return l(i(),c,_)},dump(c){const u=n("nodeSize"),_=f=>E=>{const A=f+"  ",b=f+"    ",{x:k,y:S}=E,O=u(E),R=E.children||[],x=R.length===0?" ":`,${A}children: [${b}${R.map(_(b)).join(b)}${A}],${f}`;return`{ size: [${O.join(", ")}],${A}x: ${k}, y: ${S}${x}},`};return _(`
`)(c)}}),r}bR.version=OG;const yR=(t,e=0)=>(t.y=e,(t.children||[]).reduce((n,r)=>{const[i,o]=n;yR(r,t.y+t.ySize);const l=(i===0?r.lExt:r.rExt).bottom;i!==0&&yG(t,i,o);const c=DG(l,i,o);return[i+1,c]},[0,null]),bG(t),BG(t),t),CR=(t,e,n)=>{typeof e>"u"&&(e=-t.relX-t.prelim,n=0);const r=e+t.relX;return t.relX=r+t.prelim-n,t.prelim=0,t.x=n+t.relX,(t.children||[]).forEach(i=>CR(i,r,t.x)),t},bG=t=>{(t.children||[]).reduce((e,n)=>{const[r,i]=e,o=r+n.shift,l=i+o+n.change;return n.relX+=l,[o,l]},[0,0])},yG=(t,e,n)=>{const r=t.children[e-1],i=t.children[e];let o=r,l=r.relX,c=i,u=i.relX,_=!0;for(;o&&c;){o.bottom>n.lowY&&(n=n.next);const f=l+o.prelim-(u+c.prelim)+o.xSize/2+c.xSize/2+o.spacing(c);(f>0||f<0&&_)&&(u+=f,CG(i,f),IG(t,e,n.index,f)),_=!1;const E=o.bottom,A=c.bottom;E<=A&&(o=xG(o),o&&(l+=o.relX)),E>=A&&(c=NG(c),c&&(u+=c.relX))}!o&&c?wG(t,e,c,u):o&&!c&&kG(t,e,o,l)},CG=(t,e)=>{t.relX+=e,t.lExtRelX+=e,t.rExtRelX+=e},IG=(t,e,n,r)=>{const i=t.children[e],o=e-n;if(o>1){const l=r/o;t.children[n+1].shift+=l,i.shift-=l,i.change-=r-l}},NG=t=>t.hasChildren?t.firstChild:t.lThr,xG=t=>t.hasChildren?t.lastChild:t.rThr,wG=(t,e,n,r)=>{const i=t.firstChild,o=i.lExt,l=t.children[e];o.lThr=n;const c=r-n.relX-i.lExtRelX;o.relX+=c,o.prelim-=c,i.lExt=l.lExt,i.lExtRelX=l.lExtRelX},kG=(t,e,n,r)=>{const i=t.children[e],o=i.rExt,l=t.children[e-1];o.rThr=n;const c=r-n.relX-i.rExtRelX;o.relX+=c,o.prelim-=c,i.rExt=l.rExt,i.rExtRelX=l.rExtRelX},BG=t=>{if(t.hasChildren){const e=t.firstChild,n=t.lastChild,r=(e.prelim+e.relX-e.xSize/2+n.relX+n.prelim+n.xSize/2)/2;Object.assign(t,{prelim:r,lExt:e.lExt,lExtRelX:e.lExtRelX,rExt:n.rExt,rExtRelX:n.rExtRelX})}},DG=(t,e,n)=>{for(;n!==null&&t>=n.lowY;)n=n.next;return{lowY:t,index:e,next:n}},PG={key:0,class:"flex-grow-1 d-flex justify-content-center"},MG={class:"card align-self-center border-danger w-50"},HG={class:"card-body"},WG={class:"overflow-hidden d-flex w-100 h-100 position-relative mb-3"},UG={class:"overflow-auto flex-grow-1"},$G={class:"small p-2 mb-0",style:{"max-height":"200px"}},FG=["innerHTML"],VG={class:"d-flex align-items-center"},zG={class:"text-secondary"},GG={class:"d-flex align-items-center"},XG={class:"nav nav-pills"},KG={class:"nav-item p-1"},YG={class:"nav-item p-1"},qG={key:0,class:"badge bg-info",style:{"font-size":"0.6em"}},jG={class:"nav-item p-1"},JG={class:"nav-item p-1"},QG={class:"nav-item p-1"},ZG={class:"ms-auto me-2 small"},tX={href:"https://github.com/dalibo/pev2",target:"_blank"},eX={class:"tab-content flex-grow-1 d-flex overflow-hidden"},nX={class:"d-flex flex-column flex-grow-1 overflow-hidden"},rX={class:"flex-grow-1 d-flex overflow-hidden"},iX={class:"flex-grow-1 overflow-hidden"},sX={key:0,class:"position-absolute m-1 p-1 bottom-0 end-0 rounded bg-white d-flex"},oX={class:"btn-group btn-group-xs"},aX=["disabled"],lX=["disabled"],cX={width:"100%",height:"100%"},uX=["transform"],dX=["d","stroke-width"],fX=["d","stroke-width"],pX=["x","y","width"],hX=["x","y","width","height"],_X=["d","stroke-width"],mX=["x","y","width"],EX={class:"overflow-hidden d-flex w-100 h-100 flex-column"},gX={class:"overflow-hidden d-flex w-100 h-100"},TX={class:"overflow-auto flex-grow-1"},SX={class:"small p-2 mb-0"},AX=["innerHTML"],vX={class:"overflow-hidden d-flex w-100 h-100"},RX={class:"overflow-auto flex-grow-1"},OX={class:"small p-2 mb-0"},LX=["innerHTML"],fi=40,AT=.2,bX=we({__name:"Plan",props:{planSource:{},planQuery:{}},setup(t){const e=t,n="1.16.0",r=te(null),i=te(""),o=te(""),l=te(!1),c=te(),u=te(),_=Bn({}),f=Bt(()=>c.value&&c.value.content.Plan),E=te(NaN),A=te(void 0),b=te(NaN),k=localStorage.getItem("gridIsNotNew"),S=Bn({showHighlightBar:!1,showPlanStats:!0,highlightType:Tr.NONE,diagramWidth:20}),O=new q9,R=te(""),x=te(1),Y=Bt(()=>OR().domain([0,_.maxRows]).range([1,fi/1.5])),y=iG().scaleExtent([AT,3]).on("zoom",function(j){R.value=j.transform,x.value=j.transform.k}),K=te(null),P=te([]),X=te([]),ot=bR({nodeSize:j=>j.data.size?[j.data.size[0],j.data.size[1]+fi]:[0,0],spacing:(j,D)=>Math.pow(j.path(D).length,1.5)}),xt=te(ot.hierarchy({}));ks(()=>{const j=localStorage.getItem("viewOptions");j&&F.assignIn(S,JSON.parse(j));let D;try{D=O.fromSource(e.planSource),l.value=!0,ct("plan")}catch{l.value=!1,c.value=void 0;return}o.value=D["Query Text"]||e.planQuery,c.value=O.createPlan("",D,o.value);const L=c.value.content;_.executionTime=L["Execution Time"]||L["Total Runtime"]||NaN,_.planningTime=L["Planning Time"]||NaN,_.maxRows=L.maxRows||NaN,_.maxCost=L.maxCost||NaN,_.maxDuration=L.maxDuration||NaN,_.maxBlocks=L.maxBlocks||{},_.maxIo=L.maxIo||NaN,_.maxEstimateFactor=L.maxEstimateFactor||NaN,_.triggers=L.Triggers||[],_.jitTime=L.JIT&&L.JIT.Timing&&L.JIT.Timing.Total||NaN,_.settings=L.Settings,c.value.planStats=_,wl(()=>{G()}),window.addEventListener("hashchange",G),f.value&&(xt.value=ot.hierarchy(f.value,J=>J.Plans)),P.value=[],F.each(c.value?.ctes,J=>{const at=ot.hierarchy(J,Ct=>Ct.Plans);P.value.push(at)}),Pt()});function Pt(){K.value=ot(xt.value);const j=St(K.value),D=[j[0],j[3]+fi];F.each(P.value,L=>{const J=ot(L),at=St(J),Ct=at[1]-at[0];J.each(Xt=>{Xt.x+=D[0]-at[0],Xt.y+=D[1]}),D[0]+=Ct+fi*2}),X.value=[],F.each(K.value.descendants(),L=>{if(F.has(L.data,h.CTE_NAME)){const J=F.find(P.value,at=>at.data[h.SUBPLAN_NAME]=="CTE "+L.data[h.CTE_NAME]);J&&X.value.push({source:L,target:J})}}),F.each(P.value,L=>{F.each(L.descendants(),J=>{if(F.has(J.data,h.CTE_NAME)){const at=F.find(P.value,Ct=>Ct.data[h.SUBPLAN_NAME]=="CTE "+J.data[h.CTE_NAME]);at&&X.value.push({source:J,target:at})}})})}Bs(()=>{u.value&&(mi(u.value.$el).call(y),wl(()=>{if(K.value){const j=St(K.value),D=j[0],L=j[2],J=j[1],at=j[3],Ct=u.value.$el.getBoundingClientRect();mi(u.value.$el).transition().call(y.transform,_d.translate(Ct.width/2,10).scale(Math.min(1,Math.max(AT,.8/Math.max((J-D)/Ct.width,(at-L)/Ct.height)))).translate(-(D+J)/2,10))}}))}),eS(()=>{window.removeEventListener("hashchange",G)}),bn(S,vt);function vt(){localStorage.setItem("viewOptions",JSON.stringify(S))}bn(E,et);function et(j){window.location.hash=j?"plan/node/"+j:"",c.value&&j&&(A.value=OH(c.value,j))}const M=Bt(()=>function(j){const D=j.source,L=j.target,J=Math.abs(L.y-(D.y+D.ySize)-fi),at=SR();return at.moveTo(D.x,D.y),at.lineTo(D.x,D.y+D.ySize-fi),at.bezierCurveTo(D.x,D.y+D.ySize-fi+J/2,L.x,L.y-J/2,L.x,L.y),at.toString()});function G(){const D=/#([a-zA-Z]*)(\/node\/([0-9]*))*/.exec(window.location.hash);if(D){const L=D[1]||"plan";ct(L);const J=parseInt(D[3],0);L=="plan"&&J!==void 0&&J!=E.value&&setTimeout(()=>{Rt(J,!0)},1)}}Yn(sd,E),Yn(Vd,b),Yn("updateNodeSize",dt);function Rt(j,D){D=!!D,E.value=j,D&&U(j)}Yn(Ro,Rt),Yn(Ws,S),Yn(zr,c);function U(j){const D=u.value.$el.getBoundingClientRect(),L=w(j);if(!L)return;let J=-L.x,at=-L.y;const Ct=x.value;J=J*Ct+D.width/2,at=at*Ct+D.height/2,mi(u.value.$el).transition().duration(500).call(y.transform,_d.translate(J,at).scale(Ct))}function w(j){const D=[K.value].concat(P.value);let L;return F.each(D,J=>(L=F.find(J?.descendants(),at=>at.data.nodeId==j),!L)),L}const ct=j=>{i.value=j};function St(j){const D=F.min(F.map(j.descendants(),Ct=>Ct.x-Ct.xSize/2))||0,L=F.max(F.map(j.descendants(),Ct=>Ct.x+Ct.xSize/2))||0,J=F.min(F.map(j.descendants(),Ct=>Ct.y))||0,at=F.max(F.map(j.descendants(),Ct=>Ct.y+Ct.ySize))||0;return[D,L,J,at]}function yt(j){return!!_.executionTime&&!j[h.ACTUAL_LOOPS]}bn(()=>{const j=[];return j.concat(xt.value.descendants().map(D=>D.data.size)),F.each(P.value,D=>{j.concat(D.descendants().map(L=>L.data.size))}),j},()=>{Pt()});function dt(j,D){j.size=[D[0]/x.value,D[1]/x.value]}return(j,D)=>l.value?(N(),B("div",{key:1,class:"plan-container d-flex flex-column overflow-hidden flex-grow-1 bg-light",ref_key:"rootEl",ref:r},[T("div",GG,[T("ul",XG,[T("li",KG,[T("a",{class:kt(["nav-link px-2 py-0",{active:i.value==="plan"}]),href:"#plan"},"Plan",2)]),D[17]||(D[17]=g()),T("li",YG,[T("a",{class:kt(["nav-link px-2 py-0 position-relative",{active:i.value==="grid"}]),href:"#grid"},[D[16]||(D[16]=g(`Grid
            `)),p(k)?Z("",!0):(N(),B("span",qG,`
              new
            `))],2)]),D[18]||(D[18]=g()),T("li",jG,[T("a",{class:kt(["nav-link px-2 py-0",{active:i.value==="raw"}]),href:"#raw"},"Raw",2)]),D[19]||(D[19]=g()),T("li",JG,[T("a",{class:kt(["nav-link px-2 py-0",{active:i.value==="query",disabled:!o.value}]),href:"#query"},"Query",2)]),D[20]||(D[20]=g()),T("li",QG,[T("a",{class:kt(["nav-link px-2 py-0",{active:i.value==="stats"}]),href:"#stats"},"Stats",2)])]),D[21]||(D[21]=g()),T("div",ZG,[T("a",tX,[Tt(q1),g(" "+ut(p(n)),1)])])]),D[40]||(D[40]=g()),T("div",eX,[T("div",{class:kt(["tab-pane flex-grow-1 overflow-hidden",{"show active d-flex":i.value==="plan"}])},[T("div",nX,[Tt(J1),D[32]||(D[32]=g()),T("div",rX,[T("div",iX,[Tt(p(XM),{class:"default-theme",onResize:D[4]||(D[4]=L=>S.diagramWidth=L[0].size)},{default:ye(()=>[c.value?(N(),he(p(F1),{key:0,size:S.diagramWidth,class:"d-flex flex-column"},{default:ye(()=>[Tt($W,{ref:"diagram",class:"d-flex flex-column flex-grow-1 overflow-hidden plan-diagram"},null,512)]),_:1},8,["size"])):Z("",!0),D[31]||(D[31]=g()),Tt(p(F1),{ref_key:"planEl",ref:u,class:"plan grab-bing position-relative"},{default:ye(()=>[c.value?(N(),B("div",sX,[T("div",oX,[T("button",{class:kt(["btn btn-outline-secondary",{active:S.highlightType===p(Tr).NONE}]),onClick:D[0]||(D[0]=L=>S.highlightType=p(Tr).NONE)},`
                        none
                      `,2),D[22]||(D[22]=g()),T("button",{class:kt(["btn btn-outline-secondary",{active:S.highlightType===p(Tr).DURATION}]),onClick:D[1]||(D[1]=L=>S.highlightType=p(Tr).DURATION),disabled:!c.value.isAnalyze},`
                        duration
                      `,10,aX),D[23]||(D[23]=g()),T("button",{class:kt(["btn btn-outline-secondary",{active:S.highlightType===p(Tr).ROWS}]),onClick:D[2]||(D[2]=L=>S.highlightType=p(Tr).ROWS),disabled:!f.value||f.value[p(h).ACTUAL_ROWS]===void 0},`
                        rows
                      `,10,lX),D[24]||(D[24]=g()),T("button",{class:kt(["btn btn-outline-secondary",{active:S.highlightType===p(Tr).COST}]),onClick:D[3]||(D[3]=L=>S.highlightType=p(Tr).COST)},`
                        cost
                      `,2)])])):Z("",!0),D[30]||(D[30]=g()),(N(),B("svg",cX,[T("g",{transform:R.value},[(N(!0),B(Ft,null,Je(X.value,(L,J)=>(N(),B("path",{key:`linkcte${J}`,d:M.value(L),stroke:"#B3D7D7","stroke-width":Y.value(L.target.data[p(h).ACTUAL_ROWS_REVISED]),fill:"none"},null,8,dX))),128)),D[27]||(D[27]=g()),(N(!0),B(Ft,null,Je(K.value?.links(),(L,J)=>(N(),B("path",{key:`link${J}`,d:M.value(L),class:kt({"never-executed":yt(L.target.data)}),stroke:"grey","stroke-width":Y.value(L.target.data[p(h).ACTUAL_ROWS_REVISED]),"stroke-linecap":"square",fill:"none"},null,10,fX))),128)),D[28]||(D[28]=g()),(N(!0),B(Ft,null,Je(K.value?.descendants(),(L,J)=>(N(),B("foreignObject",{key:J,x:L.x-L.xSize/2,y:L.y,width:L.xSize,height:"1",ref_for:!0,ref:"root"},[Tt(j1,{node:L.data,class:"d-flex justify-content-center position-fixed"},null,8,["node"])],8,pX))),128)),D[29]||(D[29]=g()),(N(!0),B(Ft,null,Je(P.value,L=>(N(),B("g",{key:L.data.nodeId},[T("rect",{x:St(L)[0]-fi/4,y:St(L)[2]-fi/2,width:St(L)[1]-St(L)[0]+fi/2,height:St(L)[3]-St(L)[2],stroke:"#cfcfcf","stroke-width":"2",fill:"#cfcfcf","fill-opacity":"10%",rx:"5",ry:"5"},null,8,hX),D[25]||(D[25]=g()),(N(!0),B(Ft,null,Je(L.links(),(J,at)=>(N(),B("path",{key:`link${at}`,d:M.value(J),stroke:"grey","stroke-width":Y.value(J.target.data[p(h).ACTUAL_ROWS_REVISED]),"stroke-linecap":"square",fill:"none"},null,8,_X))),128)),D[26]||(D[26]=g()),(N(!0),B(Ft,null,Je(L.descendants(),(J,at)=>(N(),B("foreignObject",{key:at,x:J.x-J.xSize/2,y:J.y,width:J.xSize,height:"1",ref_for:!0,ref:"root"},[Tt(j1,{node:J.data,class:"d-flex justify-content-center position-fixed"},null,8,["node"])],8,mX))),128))]))),128))],8,uX)]))]),_:1,__:[30]},512)]),_:1,__:[31]})])])])],2),D[36]||(D[36]=g()),i.value==="grid"?(N(),B("div",{key:0,class:kt(["tab-pane flex-grow-1 overflow-hidden position-relative",{"show active":i.value==="grid"}])},[T("div",EX,[Tt(J1),D[33]||(D[33]=g()),Tt(cU,{class:"flex-grow-1 overflow-auto plan-grid"})])],2)):Z("",!0),D[37]||(D[37]=g()),T("div",{class:kt(["tab-pane flex-grow-1 overflow-hidden position-relative",{"show active":i.value==="raw"}])},[T("div",gX,[T("div",TX,[T("pre",SX,[T("code",{innerHTML:p(YH)(j.planSource)},null,8,AX)])]),D[34]||(D[34]=g()),Tt(Qp,{content:j.planSource},null,8,["content"])])],2),D[38]||(D[38]=g()),o.value?(N(),B("div",{key:1,class:kt(["tab-pane flex-grow-1 overflow-hidden position-relative",{"show active":i.value==="query"}])},[T("div",vX,[T("div",RX,[T("pre",OX,[T("code",{innerHTML:p(KH)(o.value)},null,8,LX)])])]),D[35]||(D[35]=g()),Tt(Qp,{content:o.value},null,8,["content"])],2)):Z("",!0),D[39]||(D[39]=g()),T("div",{class:kt(["tab-pane flex-grow-1 overflow-auto",{"show active":i.value==="stats"}])},[c.value?(N(),he(X9,{key:0})):Z("",!0)],2)])],512)):(N(),B("div",PG,[T("div",MG,[T("div",HG,[D[9]||(D[9]=T("h5",{class:"card-title text-danger"},"Couldn't parse plan",-1)),D[10]||(D[10]=g()),D[11]||(D[11]=T("h6",{class:"card-subtitle mb-2 text-body-secondary"},`
          An error occured while parsing the plan
        `,-1)),D[12]||(D[12]=g()),T("div",WG,[T("div",UG,[T("pre",$G,[T("code",{innerHTML:j.planSource},null,8,FG)])]),D[5]||(D[5]=g()),Tt(Qp,{content:j.planSource},null,8,["content"])]),D[13]||(D[13]=g()),D[14]||(D[14]=T("p",{class:"card-text text-body-dark"},`
          The plan you submited couldn't be parsed. This may be a bug. You can
          help us fix it by opening a new issue.
        `,-1)),D[15]||(D[15]=g()),T("div",VG,[T("span",zG,[Tt(q1),D[6]||(D[6]=g(`
            PEV2 `)),T("i",null,"version "+ut(p(n)),1)]),D[7]||(D[7]=g()),D[8]||(D[8]=T("a",{href:"https://github.com/dalibo/pev2/issues/new?template=parsing_error.md&labels=parsing&title=Failed+to+parse+plan",target:"_blank",class:"btn btn-primary ms-auto"},"Open an issue on Github",-1))])])])]))}}),yX=`Nested Loop Left Join  (cost=11.95..28.52 rows=5 width=157) (actual time=0.010..0.010 rows=0 loops=1)
  Output: rel_users_exams.user_username, rel_users_exams.exam_id, rel_users_exams.started_at, rel_users_exams.finished_at, exam_1.id, exam_1.title, exam_1.date_from, exam_1.date_to, exam_1.created, exam_1.created_by_, exam_1.duration, exam_1.success_threshold, exam_1.published
  Inner Unique: true
  Join Filter: (exam_1.id = rel_users_exams.exam_id)
  Buffers: shared hit=1
  ->  Bitmap Heap Scan on public.rel_users_exams  (cost=11.80..20.27 rows=5 width=52) (actual time=0.009..0.009 rows=0 loops=1)
        Output: rel_users_exams.user_username, rel_users_exams.exam_id, rel_users_exams.started_at, rel_users_exams.finished_at
        Recheck Cond: (1 = rel_users_exams.exam_id)
        Buffers: shared hit=1
        ->  Bitmap Index Scan on rel_users_exams_pkey  (cost=0.00..11.80 rows=5 width=0) (actual time=0.005..0.005 rows=0 loops=1)
              Index Cond: (1 = rel_users_exams.exam_id)
              Buffers: shared hit=1
  ->  Materialize  (cost=0.15..8.17 rows=1 width=105) (never executed)
        Output: exam_1.id, exam_1.title, exam_1.date_from, exam_1.date_to, exam_1.created, exam_1.created_by_, exam_1.duration, exam_1.success_threshold, exam_1.published
        ->  Index Scan using exam_pkey on public.exam exam_1  (cost=0.15..8.17 rows=1 width=105) (never executed)
              Output: exam_1.id, exam_1.title, exam_1.date_from, exam_1.date_to, exam_1.created, exam_1.created_by_, exam_1.duration, exam_1.success_threshold, exam_1.published
              Index Cond: (exam_1.id = 1)
Planning Time: 1.110 ms
Execution Time: 0.170 ms
`,vT=`/* A join between two tables */
SELECT rel_users_exams.user_username AS rel_users_exams_user_username,
         rel_users_exams.exam_id AS rel_users_exams_exam_id,
         rel_users_exams.started_at AS rel_users_exams_started_at,
         rel_users_exams.finished_at AS rel_users_exams_finished_at,
         exam_1.id AS exam_1_id,
         exam_1.title AS exam_1_title,
         exam_1.date_from AS exam_1_date_from,
         exam_1.date_to AS exam_1_date_to,
         exam_1.created AS exam_1_created,
         exam_1.created_by_ AS exam_1_created_by_,
         exam_1.duration AS exam_1_duration,
         exam_1.success_threshold AS exam_1_success_threshold,
         exam_1.published AS exam_1_published
FROM rel_users_exams LEFT OUTER
JOIN exam AS exam_1
    ON exam_1.id = rel_users_exams.exam_id
WHERE 1 = rel_users_exams.exam_id;
`,CX=`[
  {
    "Plan": {
      "Node Type": "Nested Loop",
      "Parallel Aware": false,
      "Join Type": "Left",
      "Startup Cost": 11.95,
      "Total Cost": 28.52,
      "Plan Rows": 5,
      "Plan Width": 157,
      "Actual Startup Time": 0.007,
      "Actual Total Time": 0.007,
      "Actual Rows": 0,
      "Actual Loops": 1,
      "Output": ["rel_users_exams.user_username", "rel_users_exams.exam_id", "rel_users_exams.started_at", "rel_users_exams.finished_at", "exam_1.id", "exam_1.title", "exam_1.date_from", "exam_1.date_to", "exam_1.created", "exam_1.created_by_", "exam_1.duration", "exam_1.success_threshold", "exam_1.published"],
      "Inner Unique": true,
      "Join Filter": "(exam_1.id = rel_users_exams.exam_id)",
      "Rows Removed by Join Filter": 0,
      "Shared Hit Blocks": 1,
      "Shared Read Blocks": 0,
      "Shared Dirtied Blocks": 0,
      "Shared Written Blocks": 0,
      "Local Hit Blocks": 0,
      "Local Read Blocks": 0,
      "Local Dirtied Blocks": 0,
      "Local Written Blocks": 0,
      "Temp Read Blocks": 0,
      "Temp Written Blocks": 0,
      "Plans": [
        {
          "Node Type": "Bitmap Heap Scan",
          "Parent Relationship": "Outer",
          "Parallel Aware": false,
          "Relation Name": "rel_users_exams",
          "Schema": "public",
          "Alias": "rel_users_exams",
          "Startup Cost": 11.80,
          "Total Cost": 20.27,
          "Plan Rows": 5,
          "Plan Width": 52,
          "Actual Startup Time": 0.006,
          "Actual Total Time": 0.006,
          "Actual Rows": 0,
          "Actual Loops": 1,
          "Output": ["rel_users_exams.user_username", "rel_users_exams.exam_id", "rel_users_exams.started_at", "rel_users_exams.finished_at"],
          "Recheck Cond": "(1 = rel_users_exams.exam_id)",
          "Rows Removed by Index Recheck": 0,
          "Exact Heap Blocks": 0,
          "Lossy Heap Blocks": 0,
          "Shared Hit Blocks": 1,
          "Shared Read Blocks": 0,
          "Shared Dirtied Blocks": 0,
          "Shared Written Blocks": 0,
          "Local Hit Blocks": 0,
          "Local Read Blocks": 0,
          "Local Dirtied Blocks": 0,
          "Local Written Blocks": 0,
          "Temp Read Blocks": 0,
          "Temp Written Blocks": 0,
          "Plans": [
            {
              "Node Type": "Bitmap Index Scan",
              "Parent Relationship": "Outer",
              "Parallel Aware": false,
              "Index Name": "rel_users_exams_pkey",
              "Startup Cost": 0.00,
              "Total Cost": 11.80,
              "Plan Rows": 5,
              "Plan Width": 0,
              "Actual Startup Time": 0.003,
              "Actual Total Time": 0.004,
              "Actual Rows": 0,
              "Actual Loops": 1,
              "Index Cond": "(1 = rel_users_exams.exam_id)",
              "Shared Hit Blocks": 1,
              "Shared Read Blocks": 0,
              "Shared Dirtied Blocks": 0,
              "Shared Written Blocks": 0,
              "Local Hit Blocks": 0,
              "Local Read Blocks": 0,
              "Local Dirtied Blocks": 0,
              "Local Written Blocks": 0,
              "Temp Read Blocks": 0,
              "Temp Written Blocks": 0
            }
          ]
        },
        {
          "Node Type": "Materialize",
          "Parent Relationship": "Inner",
          "Parallel Aware": false,
          "Startup Cost": 0.15,
          "Total Cost": 8.17,
          "Plan Rows": 1,
          "Plan Width": 105,
          "Actual Startup Time": 0.000,
          "Actual Total Time": 0.000,
          "Actual Rows": 0,
          "Actual Loops": 0,
          "Output": ["exam_1.id", "exam_1.title", "exam_1.date_from", "exam_1.date_to", "exam_1.created", "exam_1.created_by_", "exam_1.duration", "exam_1.success_threshold", "exam_1.published"],
          "Shared Hit Blocks": 0,
          "Shared Read Blocks": 0,
          "Shared Dirtied Blocks": 0,
          "Shared Written Blocks": 0,
          "Local Hit Blocks": 0,
          "Local Read Blocks": 0,
          "Local Dirtied Blocks": 0,
          "Local Written Blocks": 0,
          "Temp Read Blocks": 0,
          "Temp Written Blocks": 0,
          "Plans": [
            {
              "Node Type": "Index Scan",
              "Parent Relationship": "Outer",
              "Parallel Aware": false,
              "Scan Direction": "Forward",
              "Index Name": "exam_pkey",
              "Relation Name": "exam",
              "Schema": "public",
              "Alias": "exam_1",
              "Startup Cost": 0.15,
              "Total Cost": 8.17,
              "Plan Rows": 1,
              "Plan Width": 105,
              "Actual Startup Time": 0.000,
              "Actual Total Time": 0.000,
              "Actual Rows": 0,
              "Actual Loops": 0,
              "Output": ["exam_1.id", "exam_1.title", "exam_1.date_from", "exam_1.date_to", "exam_1.created", "exam_1.created_by_", "exam_1.duration", "exam_1.success_threshold", "exam_1.published"],
              "Index Cond": "(exam_1.id = 1)",
              "Rows Removed by Index Recheck": 0,
              "Shared Hit Blocks": 0,
              "Shared Read Blocks": 0,
              "Shared Dirtied Blocks": 0,
              "Shared Written Blocks": 0,
              "Local Hit Blocks": 0,
              "Local Read Blocks": 0,
              "Local Dirtied Blocks": 0,
              "Local Written Blocks": 0,
              "Temp Read Blocks": 0,
              "Temp Written Blocks": 0
            }
          ]
        }
      ]
    },
    "Planning Time": 0.905,
    "Triggers": [
    ],
    "Execution Time": 0.134
  }
]`,IX=`[
  {
    "Plan": {
      "Node Type": "Sort",
      "Parallel Aware": false,
      "Startup Cost": 624.86,
      "Total Cost": 625.88,
      "Plan Rows": 410,
      "Plan Width": 726,
      "Actual Startup Time": 6.039,
      "Actual Total Time": 6.088,
      "Actual Rows": 339,
      "Actual Loops": 1,
      "Output": ["rel_users_exams.user_username", "rel_users_exams.exam_id", "rel_users_exams.started_at", "rel_users_exams.finished_at", "answer_1.id", "answer_1.text", "answer_1.correct", "answer_1.fraction", "answer_1.question_id", "question_1.id", "question_1.title", "question_1.text", "question_1.file", "question_1.type", "question_1.source", "question_1.exam_id", "exam_1.id", "exam_1.title", "exam_1.date_from", "exam_1.date_to", "exam_1.created", "exam_1.created_by_", "exam_1.duration", "exam_1.success_threshold", "exam_1.published"],
      "Sort Key": ["question_1.id"],
      "Sort Method": "quicksort",
      "Sort Space Used": 409,
      "Sort Space Type": "Memory",
      "Shared Hit Blocks": 363,
      "Shared Read Blocks": 0,
      "Shared Dirtied Blocks": 0,
      "Shared Written Blocks": 0,
      "Local Hit Blocks": 0,
      "Local Read Blocks": 0,
      "Local Dirtied Blocks": 0,
      "Local Written Blocks": 0,
      "Temp Read Blocks": 0,
      "Temp Written Blocks": 0,
      "Plans": [
        {
          "Node Type": "Nested Loop",
          "Parent Relationship": "Outer",
          "Parallel Aware": false,
          "Join Type": "Left",
          "Startup Cost": 228.60,
          "Total Cost": 607.06,
          "Plan Rows": 410,
          "Plan Width": 726,
          "Actual Startup Time": 1.074,
          "Actual Total Time": 5.576,
          "Actual Rows": 339,
          "Actual Loops": 1,
          "Output": ["rel_users_exams.user_username", "rel_users_exams.exam_id", "rel_users_exams.started_at", "rel_users_exams.finished_at", "answer_1.id", "answer_1.text", "answer_1.correct", "answer_1.fraction", "answer_1.question_id", "question_1.id", "question_1.title", "question_1.text", "question_1.file", "question_1.type", "question_1.source", "question_1.exam_id", "exam_1.id", "exam_1.title", "exam_1.date_from", "exam_1.date_to", "exam_1.created", "exam_1.created_by_", "exam_1.duration", "exam_1.success_threshold", "exam_1.published"],
          "Join Filter": "(exam_1.id = question_1.exam_id)",
          "Rows Removed by Join Filter": 0,
          "Shared Hit Blocks": 360,
          "Shared Read Blocks": 0,
          "Shared Dirtied Blocks": 0,
          "Shared Written Blocks": 0,
          "Local Hit Blocks": 0,
          "Local Read Blocks": 0,
          "Local Dirtied Blocks": 0,
          "Local Written Blocks": 0,
          "Temp Read Blocks": 0,
          "Temp Written Blocks": 0,
          "Plans": [
            {
              "Node Type": "Nested Loop",
              "Parent Relationship": "Outer",
              "Parallel Aware": false,
              "Join Type": "Left",
              "Startup Cost": 0.00,
              "Total Cost": 2.94,
              "Plan Rows": 1,
              "Plan Width": 99,
              "Actual Startup Time": 0.025,
              "Actual Total Time": 0.033,
              "Actual Rows": 1,
              "Actual Loops": 1,
              "Output": ["rel_users_exams.user_username", "rel_users_exams.exam_id", "rel_users_exams.started_at", "rel_users_exams.finished_at", "exam_1.id", "exam_1.title", "exam_1.date_from", "exam_1.date_to", "exam_1.created", "exam_1.created_by_", "exam_1.duration", "exam_1.success_threshold", "exam_1.published"],
              "Join Filter": "(exam_1.id = rel_users_exams.exam_id)",
              "Rows Removed by Join Filter": 0,
              "Shared Hit Blocks": 2,
              "Shared Read Blocks": 0,
              "Shared Dirtied Blocks": 0,
              "Shared Written Blocks": 0,
              "Local Hit Blocks": 0,
              "Local Read Blocks": 0,
              "Local Dirtied Blocks": 0,
              "Local Written Blocks": 0,
              "Temp Read Blocks": 0,
              "Temp Written Blocks": 0,
              "Plans": [
                {
                  "Node Type": "Seq Scan",
                  "Parent Relationship": "Outer",
                  "Parallel Aware": false,
                  "Relation Name": "rel_users_exams",
                  "Schema": "public",
                  "Alias": "rel_users_exams",
                  "Startup Cost": 0.00,
                  "Total Cost": 1.73,
                  "Plan Rows": 1,
                  "Plan Width": 27,
                  "Actual Startup Time": 0.016,
                  "Actual Total Time": 0.021,
                  "Actual Rows": 1,
                  "Actual Loops": 1,
                  "Output": ["rel_users_exams.user_username", "rel_users_exams.exam_id", "rel_users_exams.started_at", "rel_users_exams.finished_at"],
                  "Filter": "((rel_users_exams.exam_id = 1) AND ((rel_users_exams.user_username)::text = 'nicolas1'::text))",
                  "Rows Removed by Filter": 56,
                  "Shared Hit Blocks": 1,
                  "Shared Read Blocks": 0,
                  "Shared Dirtied Blocks": 0,
                  "Shared Written Blocks": 0,
                  "Local Hit Blocks": 0,
                  "Local Read Blocks": 0,
                  "Local Dirtied Blocks": 0,
                  "Local Written Blocks": 0,
                  "Temp Read Blocks": 0,
                  "Temp Written Blocks": 0
                },
                {
                  "Node Type": "Seq Scan",
                  "Parent Relationship": "Inner",
                  "Parallel Aware": false,
                  "Relation Name": "exam",
                  "Schema": "public",
                  "Alias": "exam_1",
                  "Startup Cost": 0.00,
                  "Total Cost": 1.19,
                  "Plan Rows": 1,
                  "Plan Width": 72,
                  "Actual Startup Time": 0.006,
                  "Actual Total Time": 0.009,
                  "Actual Rows": 1,
                  "Actual Loops": 1,
                  "Output": ["exam_1.id", "exam_1.title", "exam_1.date_from", "exam_1.date_to", "exam_1.created", "exam_1.created_by_", "exam_1.duration", "exam_1.success_threshold", "exam_1.published"],
                  "Filter": "(exam_1.id = 1)",
                  "Rows Removed by Filter": 35,
                  "Shared Hit Blocks": 1,
                  "Shared Read Blocks": 0,
                  "Shared Dirtied Blocks": 0,
                  "Shared Written Blocks": 0,
                  "Local Hit Blocks": 0,
                  "Local Read Blocks": 0,
                  "Local Dirtied Blocks": 0,
                  "Local Written Blocks": 0,
                  "Temp Read Blocks": 0,
                  "Temp Written Blocks": 0
                }
              ]
            },
            {
              "Node Type": "Hash Join",
              "Parent Relationship": "Inner",
              "Parallel Aware": false,
              "Join Type": "Right",
              "Startup Cost": 228.60,
              "Total Cost": 599.00,
              "Plan Rows": 410,
              "Plan Width": 627,
              "Actual Startup Time": 1.047,
              "Actual Total Time": 5.420,
              "Actual Rows": 339,
              "Actual Loops": 1,
              "Output": ["question_1.id", "question_1.title", "question_1.text", "question_1.file", "question_1.type", "question_1.source", "question_1.exam_id", "answer_1.id", "answer_1.text", "answer_1.correct", "answer_1.fraction", "answer_1.question_id"],
              "Hash Cond": "(answer_1.question_id = question_1.id)",
              "Shared Hit Blocks": 358,
              "Shared Read Blocks": 0,
              "Shared Dirtied Blocks": 0,
              "Shared Written Blocks": 0,
              "Local Hit Blocks": 0,
              "Local Read Blocks": 0,
              "Local Dirtied Blocks": 0,
              "Local Written Blocks": 0,
              "Temp Read Blocks": 0,
              "Temp Written Blocks": 0,
              "Plans": [
                {
                  "Node Type": "Seq Scan",
                  "Parent Relationship": "Outer",
                  "Parallel Aware": false,
                  "Relation Name": "answer",
                  "Schema": "public",
                  "Alias": "answer_1",
                  "Startup Cost": 0.00,
                  "Total Cost": 311.13,
                  "Plan Rows": 14713,
                  "Plan Width": 55,
                  "Actual Startup Time": 0.007,
                  "Actual Total Time": 1.962,
                  "Actual Rows": 14726,
                  "Actual Loops": 1,
                  "Output": ["answer_1.id", "answer_1.text", "answer_1.correct", "answer_1.fraction", "answer_1.question_id"],
                  "Shared Hit Blocks": 164,
                  "Shared Read Blocks": 0,
                  "Shared Dirtied Blocks": 0,
                  "Shared Written Blocks": 0,
                  "Local Hit Blocks": 0,
                  "Local Read Blocks": 0,
                  "Local Dirtied Blocks": 0,
                  "Local Written Blocks": 0,
                  "Temp Read Blocks": 0,
                  "Temp Written Blocks": 0
                },
                {
                  "Node Type": "Hash",
                  "Parent Relationship": "Inner",
                  "Parallel Aware": false,
                  "Startup Cost": 227.66,
                  "Total Cost": 227.66,
                  "Plan Rows": 75,
                  "Plan Width": 572,
                  "Actual Startup Time": 1.025,
                  "Actual Total Time": 1.025,
                  "Actual Rows": 63,
                  "Actual Loops": 1,
                  "Output": ["question_1.id", "question_1.title", "question_1.text", "question_1.file", "question_1.type", "question_1.source", "question_1.exam_id"],
                  "Hash Buckets": 1024,
                  "Original Hash Buckets": 1024,
                  "Hash Batches": 1,
                  "Original Hash Batches": 1,
                  "Peak Memory Usage": 46,
                  "Shared Hit Blocks": 194,
                  "Shared Read Blocks": 0,
                  "Shared Dirtied Blocks": 0,
                  "Shared Written Blocks": 0,
                  "Local Hit Blocks": 0,
                  "Local Read Blocks": 0,
                  "Local Dirtied Blocks": 0,
                  "Local Written Blocks": 0,
                  "Temp Read Blocks": 0,
                  "Temp Written Blocks": 0,
                  "Plans": [
                    {
                      "Node Type": "Seq Scan",
                      "Parent Relationship": "Outer",
                      "Parallel Aware": false,
                      "Relation Name": "question",
                      "Schema": "public",
                      "Alias": "question_1",
                      "Startup Cost": 0.00,
                      "Total Cost": 227.66,
                      "Plan Rows": 75,
                      "Plan Width": 572,
                      "Actual Startup Time": 0.004,
                      "Actual Total Time": 0.984,
                      "Actual Rows": 63,
                      "Actual Loops": 1,
                      "Output": ["question_1.id", "question_1.title", "question_1.text", "question_1.file", "question_1.type", "question_1.source", "question_1.exam_id"],
                      "Filter": "(question_1.exam_id = 1)",
                      "Rows Removed by Filter": 2637,
                      "Shared Hit Blocks": 194,
                      "Shared Read Blocks": 0,
                      "Shared Dirtied Blocks": 0,
                      "Shared Written Blocks": 0,
                      "Local Hit Blocks": 0,
                      "Local Read Blocks": 0,
                      "Local Dirtied Blocks": 0,
                      "Local Written Blocks": 0,
                      "Temp Read Blocks": 0,
                      "Temp Written Blocks": 0
                    }
                  ]
                }
              ]
            }
          ]
        }
      ]
    },
    "Planning Time": 1.206,
    "Triggers": [
    ],
    "Execution Time": 6.248
  }
]
`,NX=`/* Joins between four tables */
SELECT rel_users_exams.user_username AS rel_users_exams_user_username,
         rel_users_exams.exam_id AS rel_users_exams_exam_id,
         rel_users_exams.started_at AS rel_users_exams_started_at,
         rel_users_exams.finished_at AS rel_users_exams_finished_at,
         answer_1.id AS answer_1_id,
         answer_1.text AS answer_1_text,
         answer_1.correct AS answer_1_correct,
         answer_1.fraction AS answer_1_fraction,
         answer_1.question_id AS answer_1_question_id,
         question_1.id AS question_1_id,
         question_1.title AS question_1_title,
         question_1.text AS question_1_text,
         question_1.file AS question_1_file,
         question_1.type AS question_1_type,
         question_1.source AS question_1_source,
         question_1.exam_id AS question_1_exam_id,
         exam_1.id AS exam_1_id,
         exam_1.title AS exam_1_title,
         exam_1.date_from AS exam_1_date_from,
         exam_1.date_to AS exam_1_date_to,
         exam_1.created AS exam_1_created,
         exam_1.created_by_ AS exam_1_created_by_,
         exam_1.duration AS exam_1_duration,
         exam_1.success_threshold AS exam_1_success_threshold,
         exam_1.published AS exam_1_published
FROM rel_users_exams LEFT OUTER
JOIN exam AS exam_1
    ON exam_1.id = rel_users_exams.exam_id LEFT OUTER
JOIN question AS question_1
    ON exam_1.id = question_1.exam_id LEFT OUTER
JOIN answer AS answer_1
    ON question_1.id = answer_1.question_id
WHERE rel_users_exams.user_username = %(param_1)s
        AND rel_users_exams.exam_id = %(param_2)s
ORDER BY  question_1.id;
`,xX=`[
  {
    "Plan": {
      "Node Type": "Sort",
      "Startup Cost": 1460.74,
      "Total Cost": 1470.87,
      "Plan Rows": 4050,
      "Plan Width": 183,
      "Actual Startup Time": 13.766,
      "Actual Total Time": 13.793,
      "Actual Rows": 352,
      "Actual Loops": 1,
      "Output": ["sv.variant_id", "sv.sku", "sp.slug", "sp.name", "vc.color", "pr.min_price", "pcc.available_colors", "sv.product_id"],
      "Sort Key": ["sv.product_id"],
      "Sort Method": "quicksort",
      "Sort Space Used": 101,
      "Sort Space Type": "Memory",
      "Shared Hit Blocks": 2695,
      "Shared Read Blocks": 0,
      "Shared Dirtied Blocks": 0,
      "Shared Written Blocks": 0,
      "Local Hit Blocks": 0,
      "Local Read Blocks": 0,
      "Local Dirtied Blocks": 0,
      "Local Written Blocks": 0,
      "Temp Read Blocks": 0,
      "Temp Written Blocks": 0,
      "I/O Read Time": 0.000,
      "I/O Write Time": 0.000,
      "Plans": [
        {
          "Node Type": "Seq Scan",
          "Parent Relationship": "InitPlan",
          "Subplan Name": "CTE catalog_variants",
          "Relation Name": "spree_variants",
          "Schema": "public",
          "Alias": "spree_variants",
          "Startup Cost": 0.00,
          "Total Cost": 80.47,
          "Plan Rows": 352,
          "Plan Width": 19,
          "Actual Startup Time": 0.022,
          "Actual Total Time": 0.740,
          "Actual Rows": 352,
          "Actual Loops": 1,
          "Output": ["spree_variants.id", "spree_variants.product_id", "spree_variants.sku"],
          "Filter": "((spree_variants.deleted_at IS NULL) AND spree_variants.show_in_catalog)",
          "Rows Removed by Filter": 3595,
          "Shared Hit Blocks": 41,
          "Shared Read Blocks": 0,
          "Shared Dirtied Blocks": 0,
          "Shared Written Blocks": 0,
          "Local Hit Blocks": 0,
          "Local Read Blocks": 0,
          "Local Dirtied Blocks": 0,
          "Local Written Blocks": 0,
          "Temp Read Blocks": 0,
          "Temp Written Blocks": 0,
          "I/O Read Time": 0.000,
          "I/O Write Time": 0.000
        },
        {
          "Node Type": "Aggregate",
          "Strategy": "Sorted",
          "Parent Relationship": "InitPlan",
          "Subplan Name": "CTE product_color_classifications",
          "Startup Cost": 288.86,
          "Total Cost": 292.38,
          "Plan Rows": 176,
          "Plan Width": 12,
          "Actual Startup Time": 2.799,
          "Actual Total Time": 3.980,
          "Actual Rows": 311,
          "Actual Loops": 1,
          "Output": ["sv_1.product_id", "array_agg(DISTINCT sov.presentation)"],
          "Group Key": ["sv_1.product_id"],
          "Shared Hit Blocks": 1295,
          "Shared Read Blocks": 0,
          "Shared Dirtied Blocks": 0,
          "Shared Written Blocks": 0,
          "Local Hit Blocks": 0,
          "Local Read Blocks": 0,
          "Local Dirtied Blocks": 0,
          "Local Written Blocks": 0,
          "Temp Read Blocks": 0,
          "Temp Written Blocks": 0,
          "I/O Read Time": 0.000,
          "I/O Write Time": 0.000,
          "Plans": [
            {
              "Node Type": "Sort",
              "Parent Relationship": "Outer",
              "Startup Cost": 288.86,
              "Total Cost": 289.30,
              "Plan Rows": 176,
              "Plan Width": 12,
              "Actual Startup Time": 2.676,
              "Actual Total Time": 2.705,
              "Actual Rows": 352,
              "Actual Loops": 1,
              "Output": ["sv_1.product_id", "sov.presentation"],
              "Sort Key": ["sv_1.product_id"],
              "Sort Method": "quicksort",
              "Sort Space Used": 41,
              "Sort Space Type": "Memory",
              "Shared Hit Blocks": 1287,
              "Shared Read Blocks": 0,
              "Shared Dirtied Blocks": 0,
              "Shared Written Blocks": 0,
              "Local Hit Blocks": 0,
              "Local Read Blocks": 0,
              "Local Dirtied Blocks": 0,
              "Local Written Blocks": 0,
              "Temp Read Blocks": 0,
              "Temp Written Blocks": 0,
              "I/O Read Time": 0.000,
              "I/O Write Time": 0.000,
              "Plans": [
                {
                  "Node Type": "Hash Join",
                  "Parent Relationship": "Outer",
                  "Join Type": "Inner",
                  "Startup Cost": 20.28,
                  "Total Cost": 282.30,
                  "Plan Rows": 176,
                  "Plan Width": 12,
                  "Actual Startup Time": 0.312,
                  "Actual Total Time": 2.450,
                  "Actual Rows": 352,
                  "Actual Loops": 1,
                  "Output": ["sv_1.product_id", "sov.presentation"],
                  "Hash Cond": "(sov_sv.option_value_id = sov.id)",
                  "Shared Hit Blocks": 1287,
                  "Shared Read Blocks": 0,
                  "Shared Dirtied Blocks": 0,
                  "Shared Written Blocks": 0,
                  "Local Hit Blocks": 0,
                  "Local Read Blocks": 0,
                  "Local Dirtied Blocks": 0,
                  "Local Written Blocks": 0,
                  "Temp Read Blocks": 0,
                  "Temp Written Blocks": 0,
                  "I/O Read Time": 0.000,
                  "I/O Write Time": 0.000,
                  "Plans": [
                    {
                      "Node Type": "Nested Loop",
                      "Parent Relationship": "Outer",
                      "Join Type": "Inner",
                      "Startup Cost": 12.71,
                      "Total Cost": 270.98,
                      "Plan Rows": 528,
                      "Plan Width": 8,
                      "Actual Startup Time": 0.229,
                      "Actual Total Time": 2.086,
                      "Actual Rows": 1056,
                      "Actual Loops": 1,
                      "Output": ["sv_1.product_id", "sov_sv.option_value_id"],
                      "Shared Hit Blocks": 1284,
                      "Shared Read Blocks": 0,
                      "Shared Dirtied Blocks": 0,
                      "Shared Written Blocks": 0,
                      "Local Hit Blocks": 0,
                      "Local Read Blocks": 0,
                      "Local Dirtied Blocks": 0,
                      "Local Written Blocks": 0,
                      "Temp Read Blocks": 0,
                      "Temp Written Blocks": 0,
                      "I/O Read Time": 0.000,
                      "I/O Write Time": 0.000,
                      "Plans": [
                        {
                          "Node Type": "Hash Join",
                          "Parent Relationship": "Outer",
                          "Join Type": "Inner",
                          "Startup Cost": 12.42,
                          "Total Cost": 24.30,
                          "Plan Rows": 176,
                          "Plan Width": 12,
                          "Actual Startup Time": 0.221,
                          "Actual Total Time": 0.468,
                          "Actual Rows": 352,
                          "Actual Loops": 1,
                          "Output": ["sv_1.product_id", "sv_1.variant_id", "catalog_variants.variant_id"],
                          "Hash Cond": "(sv_1.variant_id = catalog_variants.variant_id)",
                          "Shared Hit Blocks": 0,
                          "Shared Read Blocks": 0,
                          "Shared Dirtied Blocks": 0,
                          "Shared Written Blocks": 0,
                          "Local Hit Blocks": 0,
                          "Local Read Blocks": 0,
                          "Local Dirtied Blocks": 0,
                          "Local Written Blocks": 0,
                          "Temp Read Blocks": 0,
                          "Temp Written Blocks": 0,
                          "I/O Read Time": 0.000,
                          "I/O Write Time": 0.000,
                          "Plans": [
                            {
                              "Node Type": "CTE Scan",
                              "Parent Relationship": "Outer",
                              "CTE Name": "catalog_variants",
                              "Alias": "sv_1",
                              "Startup Cost": 0.00,
                              "Total Cost": 7.04,
                              "Plan Rows": 352,
                              "Plan Width": 8,
                              "Actual Startup Time": 0.000,
                              "Actual Total Time": 0.086,
                              "Actual Rows": 352,
                              "Actual Loops": 1,
                              "Output": ["sv_1.variant_id", "sv_1.product_id", "sv_1.sku"],
                              "Shared Hit Blocks": 0,
                              "Shared Read Blocks": 0,
                              "Shared Dirtied Blocks": 0,
                              "Shared Written Blocks": 0,
                              "Local Hit Blocks": 0,
                              "Local Read Blocks": 0,
                              "Local Dirtied Blocks": 0,
                              "Local Written Blocks": 0,
                              "Temp Read Blocks": 0,
                              "Temp Written Blocks": 0,
                              "I/O Read Time": 0.000,
                              "I/O Write Time": 0.000
                            },
                            {
                              "Node Type": "Hash",
                              "Parent Relationship": "Inner",
                              "Startup Cost": 9.92,
                              "Total Cost": 9.92,
                              "Plan Rows": 200,
                              "Plan Width": 4,
                              "Actual Startup Time": 0.212,
                              "Actual Total Time": 0.212,
                              "Actual Rows": 352,
                              "Actual Loops": 1,
                              "Output": ["catalog_variants.variant_id"],
                              "Hash Buckets": 1024,
                              "Original Hash Buckets": 1024,
                              "Hash Batches": 1,
                              "Original Hash Batches": 1,
                              "Peak Memory Usage": 21,
                              "Shared Hit Blocks": 0,
                              "Shared Read Blocks": 0,
                              "Shared Dirtied Blocks": 0,
                              "Shared Written Blocks": 0,
                              "Local Hit Blocks": 0,
                              "Local Read Blocks": 0,
                              "Local Dirtied Blocks": 0,
                              "Local Written Blocks": 0,
                              "Temp Read Blocks": 0,
                              "Temp Written Blocks": 0,
                              "I/O Read Time": 0.000,
                              "I/O Write Time": 0.000,
                              "Plans": [
                                {
                                  "Node Type": "Aggregate",
                                  "Strategy": "Hashed",
                                  "Parent Relationship": "Outer",
                                  "Startup Cost": 7.92,
                                  "Total Cost": 9.92,
                                  "Plan Rows": 200,
                                  "Plan Width": 4,
                                  "Actual Startup Time": 0.112,
                                  "Actual Total Time": 0.158,
                                  "Actual Rows": 352,
                                  "Actual Loops": 1,
                                  "Output": ["catalog_variants.variant_id"],
                                  "Group Key": ["catalog_variants.variant_id"],
                                  "Shared Hit Blocks": 0,
                                  "Shared Read Blocks": 0,
                                  "Shared Dirtied Blocks": 0,
                                  "Shared Written Blocks": 0,
                                  "Local Hit Blocks": 0,
                                  "Local Read Blocks": 0,
                                  "Local Dirtied Blocks": 0,
                                  "Local Written Blocks": 0,
                                  "Temp Read Blocks": 0,
                                  "Temp Written Blocks": 0,
                                  "I/O Read Time": 0.000,
                                  "I/O Write Time": 0.000,
                                  "Plans": [
                                    {
                                      "Node Type": "CTE Scan",
                                      "Parent Relationship": "Outer",
                                      "CTE Name": "catalog_variants",
                                      "Alias": "catalog_variants",
                                      "Startup Cost": 0.00,
                                      "Total Cost": 7.04,
                                      "Plan Rows": 352,
                                      "Plan Width": 4,
                                      "Actual Startup Time": 0.001,
                                      "Actual Total Time": 0.029,
                                      "Actual Rows": 352,
                                      "Actual Loops": 1,
                                      "Output": ["catalog_variants.variant_id", "catalog_variants.product_id", "catalog_variants.sku"],
                                      "Shared Hit Blocks": 0,
                                      "Shared Read Blocks": 0,
                                      "Shared Dirtied Blocks": 0,
                                      "Shared Written Blocks": 0,
                                      "Local Hit Blocks": 0,
                                      "Local Read Blocks": 0,
                                      "Local Dirtied Blocks": 0,
                                      "Local Written Blocks": 0,
                                      "Temp Read Blocks": 0,
                                      "Temp Written Blocks": 0,
                                      "I/O Read Time": 0.000,
                                      "I/O Write Time": 0.000
                                    }
                                  ]
                                }
                              ]
                            }
                          ]
                        },
                        {
                          "Node Type": "Index Scan",
                          "Parent Relationship": "Inner",
                          "Scan Direction": "Forward",
                          "Index Name": "index_spree_option_values_variants_on_variant_id",
                          "Relation Name": "spree_option_values_variants",
                          "Schema": "public",
                          "Alias": "sov_sv",
                          "Startup Cost": 0.29,
                          "Total Cost": 1.37,
                          "Plan Rows": 3,
                          "Plan Width": 8,
                          "Actual Startup Time": 0.002,
                          "Actual Total Time": 0.003,
                          "Actual Rows": 3,
                          "Actual Loops": 352,
                          "Output": ["sov_sv.variant_id", "sov_sv.option_value_id", "sov_sv.id"],
                          "Index Cond": "(sov_sv.variant_id = sv_1.variant_id)",
                          "Rows Removed by Index Recheck": 0,
                          "Shared Hit Blocks": 1284,
                          "Shared Read Blocks": 0,
                          "Shared Dirtied Blocks": 0,
                          "Shared Written Blocks": 0,
                          "Local Hit Blocks": 0,
                          "Local Read Blocks": 0,
                          "Local Dirtied Blocks": 0,
                          "Local Written Blocks": 0,
                          "Temp Read Blocks": 0,
                          "Temp Written Blocks": 0,
                          "I/O Read Time": 0.000,
                          "I/O Write Time": 0.000
                        }
                      ]
                    },
                    {
                      "Node Type": "Hash",
                      "Parent Relationship": "Inner",
                      "Startup Cost": 6.69,
                      "Total Cost": 6.69,
                      "Plan Rows": 71,
                      "Plan Width": 12,
                      "Actual Startup Time": 0.064,
                      "Actual Total Time": 0.064,
                      "Actual Rows": 11,
                      "Actual Loops": 1,
                      "Output": ["sov.presentation", "sov.id"],
                      "Hash Buckets": 1024,
                      "Original Hash Buckets": 1024,
                      "Hash Batches": 1,
                      "Original Hash Batches": 1,
                      "Peak Memory Usage": 9,
                      "Shared Hit Blocks": 3,
                      "Shared Read Blocks": 0,
                      "Shared Dirtied Blocks": 0,
                      "Shared Written Blocks": 0,
                      "Local Hit Blocks": 0,
                      "Local Read Blocks": 0,
                      "Local Dirtied Blocks": 0,
                      "Local Written Blocks": 0,
                      "Temp Read Blocks": 0,
                      "Temp Written Blocks": 0,
                      "I/O Read Time": 0.000,
                      "I/O Write Time": 0.000,
                      "Plans": [
                        {
                          "Node Type": "Hash Join",
                          "Parent Relationship": "Outer",
                          "Join Type": "Inner",
                          "Startup Cost": 1.05,
                          "Total Cost": 6.69,
                          "Plan Rows": 71,
                          "Plan Width": 12,
                          "Actual Startup Time": 0.020,
                          "Actual Total Time": 0.062,
                          "Actual Rows": 11,
                          "Actual Loops": 1,
                          "Output": ["sov.presentation", "sov.id"],
                          "Hash Cond": "(sov.option_type_id = sot.id)",
                          "Shared Hit Blocks": 3,
                          "Shared Read Blocks": 0,
                          "Shared Dirtied Blocks": 0,
                          "Shared Written Blocks": 0,
                          "Local Hit Blocks": 0,
                          "Local Read Blocks": 0,
                          "Local Dirtied Blocks": 0,
                          "Local Written Blocks": 0,
                          "Temp Read Blocks": 0,
                          "Temp Written Blocks": 0,
                          "I/O Read Time": 0.000,
                          "I/O Write Time": 0.000,
                          "Plans": [
                            {
                              "Node Type": "Seq Scan",
                              "Parent Relationship": "Outer",
                              "Relation Name": "spree_option_values",
                              "Schema": "public",
                              "Alias": "sov",
                              "Startup Cost": 0.00,
                              "Total Cost": 4.13,
                              "Plan Rows": 213,
                              "Plan Width": 16,
                              "Actual Startup Time": 0.003,
                              "Actual Total Time": 0.017,
                              "Actual Rows": 213,
                              "Actual Loops": 1,
                              "Output": ["sov.id", "sov.position", "sov.name", "sov.presentation", "sov.option_type_id", "sov.created_at", "sov.updated_at"],
                              "Shared Hit Blocks": 2,
                              "Shared Read Blocks": 0,
                              "Shared Dirtied Blocks": 0,
                              "Shared Written Blocks": 0,
                              "Local Hit Blocks": 0,
                              "Local Read Blocks": 0,
                              "Local Dirtied Blocks": 0,
                              "Local Written Blocks": 0,
                              "Temp Read Blocks": 0,
                              "Temp Written Blocks": 0,
                              "I/O Read Time": 0.000,
                              "I/O Write Time": 0.000
                            },
                            {
                              "Node Type": "Hash",
                              "Parent Relationship": "Inner",
                              "Startup Cost": 1.04,
                              "Total Cost": 1.04,
                              "Plan Rows": 1,
                              "Plan Width": 4,
                              "Actual Startup Time": 0.007,
                              "Actual Total Time": 0.007,
                              "Actual Rows": 1,
                              "Actual Loops": 1,
                              "Output": ["sot.id"],
                              "Hash Buckets": 1024,
                              "Original Hash Buckets": 1024,
                              "Hash Batches": 1,
                              "Original Hash Batches": 1,
                              "Peak Memory Usage": 9,
                              "Shared Hit Blocks": 1,
                              "Shared Read Blocks": 0,
                              "Shared Dirtied Blocks": 0,
                              "Shared Written Blocks": 0,
                              "Local Hit Blocks": 0,
                              "Local Read Blocks": 0,
                              "Local Dirtied Blocks": 0,
                              "Local Written Blocks": 0,
                              "Temp Read Blocks": 0,
                              "Temp Written Blocks": 0,
                              "I/O Read Time": 0.000,
                              "I/O Write Time": 0.000,
                              "Plans": [
                                {
                                  "Node Type": "Seq Scan",
                                  "Parent Relationship": "Outer",
                                  "Relation Name": "spree_option_types",
                                  "Schema": "public",
                                  "Alias": "sot",
                                  "Startup Cost": 0.00,
                                  "Total Cost": 1.04,
                                  "Plan Rows": 1,
                                  "Plan Width": 4,
                                  "Actual Startup Time": 0.003,
                                  "Actual Total Time": 0.003,
                                  "Actual Rows": 1,
                                  "Actual Loops": 1,
                                  "Output": ["sot.id"],
                                  "Filter": "((sot.name)::text = 'color_classification'::text)",
                                  "Rows Removed by Filter": 2,
                                  "Shared Hit Blocks": 1,
                                  "Shared Read Blocks": 0,
                                  "Shared Dirtied Blocks": 0,
                                  "Shared Written Blocks": 0,
                                  "Local Hit Blocks": 0,
                                  "Local Read Blocks": 0,
                                  "Local Dirtied Blocks": 0,
                                  "Local Written Blocks": 0,
                                  "Temp Read Blocks": 0,
                                  "Temp Written Blocks": 0,
                                  "I/O Read Time": 0.000,
                                  "I/O Write Time": 0.000
                                }
                              ]
                            }
                          ]
                        }
                      ]
                    }
                  ]
                }
              ]
            }
          ]
        },
        {
          "Node Type": "Hash Join",
          "Parent Relationship": "InitPlan",
          "Subplan Name": "CTE variant_colors",
          "Join Type": "Inner",
          "Startup Cost": 20.28,
          "Total Cost": 282.30,
          "Plan Rows": 176,
          "Plan Width": 12,
          "Actual Startup Time": 0.357,
          "Actual Total Time": 1.844,
          "Actual Rows": 352,
          "Actual Loops": 1,
          "Output": ["sv_2.variant_id", "sov_1.presentation"],
          "Hash Cond": "(sov_sv_1.option_value_id = sov_1.id)",
          "Shared Hit Blocks": 1287,
          "Shared Read Blocks": 0,
          "Shared Dirtied Blocks": 0,
          "Shared Written Blocks": 0,
          "Local Hit Blocks": 0,
          "Local Read Blocks": 0,
          "Local Dirtied Blocks": 0,
          "Local Written Blocks": 0,
          "Temp Read Blocks": 0,
          "Temp Written Blocks": 0,
          "I/O Read Time": 0.000,
          "I/O Write Time": 0.000,
          "Plans": [
            {
              "Node Type": "Nested Loop",
              "Parent Relationship": "Outer",
              "Join Type": "Inner",
              "Startup Cost": 12.71,
              "Total Cost": 270.98,
              "Plan Rows": 528,
              "Plan Width": 8,
              "Actual Startup Time": 0.233,
              "Actual Total Time": 1.555,
              "Actual Rows": 1056,
              "Actual Loops": 1,
              "Output": ["sv_2.variant_id", "sov_sv_1.option_value_id"],
              "Shared Hit Blocks": 1284,
              "Shared Read Blocks": 0,
              "Shared Dirtied Blocks": 0,
              "Shared Written Blocks": 0,
              "Local Hit Blocks": 0,
              "Local Read Blocks": 0,
              "Local Dirtied Blocks": 0,
              "Local Written Blocks": 0,
              "Temp Read Blocks": 0,
              "Temp Written Blocks": 0,
              "I/O Read Time": 0.000,
              "I/O Write Time": 0.000,
              "Plans": [
                {
                  "Node Type": "Hash Join",
                  "Parent Relationship": "Outer",
                  "Join Type": "Inner",
                  "Startup Cost": 12.42,
                  "Total Cost": 24.30,
                  "Plan Rows": 176,
                  "Plan Width": 8,
                  "Actual Startup Time": 0.214,
                  "Actual Total Time": 0.350,
                  "Actual Rows": 352,
                  "Actual Loops": 1,
                  "Output": ["sv_2.variant_id", "catalog_variants_1.variant_id"],
                  "Hash Cond": "(sv_2.variant_id = catalog_variants_1.variant_id)",
                  "Shared Hit Blocks": 0,
                  "Shared Read Blocks": 0,
                  "Shared Dirtied Blocks": 0,
                  "Shared Written Blocks": 0,
                  "Local Hit Blocks": 0,
                  "Local Read Blocks": 0,
                  "Local Dirtied Blocks": 0,
                  "Local Written Blocks": 0,
                  "Temp Read Blocks": 0,
                  "Temp Written Blocks": 0,
                  "I/O Read Time": 0.000,
                  "I/O Write Time": 0.000,
                  "Plans": [
                    {
                      "Node Type": "CTE Scan",
                      "Parent Relationship": "Outer",
                      "CTE Name": "catalog_variants",
                      "Alias": "sv_2",
                      "Startup Cost": 0.00,
                      "Total Cost": 7.04,
                      "Plan Rows": 352,
                      "Plan Width": 4,
                      "Actual Startup Time": 0.000,
                      "Actual Total Time": 0.046,
                      "Actual Rows": 352,
                      "Actual Loops": 1,
                      "Output": ["sv_2.variant_id", "sv_2.product_id", "sv_2.sku"],
                      "Shared Hit Blocks": 0,
                      "Shared Read Blocks": 0,
                      "Shared Dirtied Blocks": 0,
                      "Shared Written Blocks": 0,
                      "Local Hit Blocks": 0,
                      "Local Read Blocks": 0,
                      "Local Dirtied Blocks": 0,
                      "Local Written Blocks": 0,
                      "Temp Read Blocks": 0,
                      "Temp Written Blocks": 0,
                      "I/O Read Time": 0.000,
                      "I/O Write Time": 0.000
                    },
                    {
                      "Node Type": "Hash",
                      "Parent Relationship": "Inner",
                      "Startup Cost": 9.92,
                      "Total Cost": 9.92,
                      "Plan Rows": 200,
                      "Plan Width": 4,
                      "Actual Startup Time": 0.204,
                      "Actual Total Time": 0.204,
                      "Actual Rows": 352,
                      "Actual Loops": 1,
                      "Output": ["catalog_variants_1.variant_id"],
                      "Hash Buckets": 1024,
                      "Original Hash Buckets": 1024,
                      "Hash Batches": 1,
                      "Original Hash Batches": 1,
                      "Peak Memory Usage": 21,
                      "Shared Hit Blocks": 0,
                      "Shared Read Blocks": 0,
                      "Shared Dirtied Blocks": 0,
                      "Shared Written Blocks": 0,
                      "Local Hit Blocks": 0,
                      "Local Read Blocks": 0,
                      "Local Dirtied Blocks": 0,
                      "Local Written Blocks": 0,
                      "Temp Read Blocks": 0,
                      "Temp Written Blocks": 0,
                      "I/O Read Time": 0.000,
                      "I/O Write Time": 0.000,
                      "Plans": [
                        {
                          "Node Type": "Aggregate",
                          "Strategy": "Hashed",
                          "Parent Relationship": "Outer",
                          "Startup Cost": 7.92,
                          "Total Cost": 9.92,
                          "Plan Rows": 200,
                          "Plan Width": 4,
                          "Actual Startup Time": 0.115,
                          "Actual Total Time": 0.150,
                          "Actual Rows": 352,
                          "Actual Loops": 1,
                          "Output": ["catalog_variants_1.variant_id"],
                          "Group Key": ["catalog_variants_1.variant_id"],
                          "Shared Hit Blocks": 0,
                          "Shared Read Blocks": 0,
                          "Shared Dirtied Blocks": 0,
                          "Shared Written Blocks": 0,
                          "Local Hit Blocks": 0,
                          "Local Read Blocks": 0,
                          "Local Dirtied Blocks": 0,
                          "Local Written Blocks": 0,
                          "Temp Read Blocks": 0,
                          "Temp Written Blocks": 0,
                          "I/O Read Time": 0.000,
                          "I/O Write Time": 0.000,
                          "Plans": [
                            {
                              "Node Type": "CTE Scan",
                              "Parent Relationship": "Outer",
                              "CTE Name": "catalog_variants",
                              "Alias": "catalog_variants_1",
                              "Startup Cost": 0.00,
                              "Total Cost": 7.04,
                              "Plan Rows": 352,
                              "Plan Width": 4,
                              "Actual Startup Time": 0.001,
                              "Actual Total Time": 0.027,
                              "Actual Rows": 352,
                              "Actual Loops": 1,
                              "Output": ["catalog_variants_1.variant_id", "catalog_variants_1.product_id", "catalog_variants_1.sku"],
                              "Shared Hit Blocks": 0,
                              "Shared Read Blocks": 0,
                              "Shared Dirtied Blocks": 0,
                              "Shared Written Blocks": 0,
                              "Local Hit Blocks": 0,
                              "Local Read Blocks": 0,
                              "Local Dirtied Blocks": 0,
                              "Local Written Blocks": 0,
                              "Temp Read Blocks": 0,
                              "Temp Written Blocks": 0,
                              "I/O Read Time": 0.000,
                              "I/O Write Time": 0.000
                            }
                          ]
                        }
                      ]
                    }
                  ]
                },
                {
                  "Node Type": "Index Scan",
                  "Parent Relationship": "Inner",
                  "Scan Direction": "Forward",
                  "Index Name": "index_spree_option_values_variants_on_variant_id",
                  "Relation Name": "spree_option_values_variants",
                  "Schema": "public",
                  "Alias": "sov_sv_1",
                  "Startup Cost": 0.29,
                  "Total Cost": 1.37,
                  "Plan Rows": 3,
                  "Plan Width": 8,
                  "Actual Startup Time": 0.002,
                  "Actual Total Time": 0.003,
                  "Actual Rows": 3,
                  "Actual Loops": 352,
                  "Output": ["sov_sv_1.variant_id", "sov_sv_1.option_value_id", "sov_sv_1.id"],
                  "Index Cond": "(sov_sv_1.variant_id = sv_2.variant_id)",
                  "Rows Removed by Index Recheck": 0,
                  "Shared Hit Blocks": 1284,
                  "Shared Read Blocks": 0,
                  "Shared Dirtied Blocks": 0,
                  "Shared Written Blocks": 0,
                  "Local Hit Blocks": 0,
                  "Local Read Blocks": 0,
                  "Local Dirtied Blocks": 0,
                  "Local Written Blocks": 0,
                  "Temp Read Blocks": 0,
                  "Temp Written Blocks": 0,
                  "I/O Read Time": 0.000,
                  "I/O Write Time": 0.000
                }
              ]
            },
            {
              "Node Type": "Hash",
              "Parent Relationship": "Inner",
              "Startup Cost": 6.69,
              "Total Cost": 6.69,
              "Plan Rows": 71,
              "Plan Width": 12,
              "Actual Startup Time": 0.109,
              "Actual Total Time": 0.109,
              "Actual Rows": 88,
              "Actual Loops": 1,
              "Output": ["sov_1.presentation", "sov_1.id"],
              "Hash Buckets": 1024,
              "Original Hash Buckets": 1024,
              "Hash Batches": 1,
              "Original Hash Batches": 1,
              "Peak Memory Usage": 13,
              "Shared Hit Blocks": 3,
              "Shared Read Blocks": 0,
              "Shared Dirtied Blocks": 0,
              "Shared Written Blocks": 0,
              "Local Hit Blocks": 0,
              "Local Read Blocks": 0,
              "Local Dirtied Blocks": 0,
              "Local Written Blocks": 0,
              "Temp Read Blocks": 0,
              "Temp Written Blocks": 0,
              "I/O Read Time": 0.000,
              "I/O Write Time": 0.000,
              "Plans": [
                {
                  "Node Type": "Hash Join",
                  "Parent Relationship": "Outer",
                  "Join Type": "Inner",
                  "Startup Cost": 1.05,
                  "Total Cost": 6.69,
                  "Plan Rows": 71,
                  "Plan Width": 12,
                  "Actual Startup Time": 0.034,
                  "Actual Total Time": 0.090,
                  "Actual Rows": 88,
                  "Actual Loops": 1,
                  "Output": ["sov_1.presentation", "sov_1.id"],
                  "Hash Cond": "(sov_1.option_type_id = sot_1.id)",
                  "Shared Hit Blocks": 3,
                  "Shared Read Blocks": 0,
                  "Shared Dirtied Blocks": 0,
                  "Shared Written Blocks": 0,
                  "Local Hit Blocks": 0,
                  "Local Read Blocks": 0,
                  "Local Dirtied Blocks": 0,
                  "Local Written Blocks": 0,
                  "Temp Read Blocks": 0,
                  "Temp Written Blocks": 0,
                  "I/O Read Time": 0.000,
                  "I/O Write Time": 0.000,
                  "Plans": [
                    {
                      "Node Type": "Seq Scan",
                      "Parent Relationship": "Outer",
                      "Relation Name": "spree_option_values",
                      "Schema": "public",
                      "Alias": "sov_1",
                      "Startup Cost": 0.00,
                      "Total Cost": 4.13,
                      "Plan Rows": 213,
                      "Plan Width": 16,
                      "Actual Startup Time": 0.007,
                      "Actual Total Time": 0.028,
                      "Actual Rows": 213,
                      "Actual Loops": 1,
                      "Output": ["sov_1.id", "sov_1.position", "sov_1.name", "sov_1.presentation", "sov_1.option_type_id", "sov_1.created_at", "sov_1.updated_at"],
                      "Shared Hit Blocks": 2,
                      "Shared Read Blocks": 0,
                      "Shared Dirtied Blocks": 0,
                      "Shared Written Blocks": 0,
                      "Local Hit Blocks": 0,
                      "Local Read Blocks": 0,
                      "Local Dirtied Blocks": 0,
                      "Local Written Blocks": 0,
                      "Temp Read Blocks": 0,
                      "Temp Written Blocks": 0,
                      "I/O Read Time": 0.000,
                      "I/O Write Time": 0.000
                    },
                    {
                      "Node Type": "Hash",
                      "Parent Relationship": "Inner",
                      "Startup Cost": 1.04,
                      "Total Cost": 1.04,
                      "Plan Rows": 1,
                      "Plan Width": 4,
                      "Actual Startup Time": 0.018,
                      "Actual Total Time": 0.018,
                      "Actual Rows": 1,
                      "Actual Loops": 1,
                      "Output": ["sot_1.id"],
                      "Hash Buckets": 1024,
                      "Original Hash Buckets": 1024,
                      "Hash Batches": 1,
                      "Original Hash Batches": 1,
                      "Peak Memory Usage": 9,
                      "Shared Hit Blocks": 1,
                      "Shared Read Blocks": 0,
                      "Shared Dirtied Blocks": 0,
                      "Shared Written Blocks": 0,
                      "Local Hit Blocks": 0,
                      "Local Read Blocks": 0,
                      "Local Dirtied Blocks": 0,
                      "Local Written Blocks": 0,
                      "Temp Read Blocks": 0,
                      "Temp Written Blocks": 0,
                      "I/O Read Time": 0.000,
                      "I/O Write Time": 0.000,
                      "Plans": [
                        {
                          "Node Type": "Seq Scan",
                          "Parent Relationship": "Outer",
                          "Relation Name": "spree_option_types",
                          "Schema": "public",
                          "Alias": "sot_1",
                          "Startup Cost": 0.00,
                          "Total Cost": 1.04,
                          "Plan Rows": 1,
                          "Plan Width": 4,
                          "Actual Startup Time": 0.014,
                          "Actual Total Time": 0.015,
                          "Actual Rows": 1,
                          "Actual Loops": 1,
                          "Output": ["sot_1.id"],
                          "Filter": "((sot_1.name)::text = 'color'::text)",
                          "Rows Removed by Filter": 2,
                          "Shared Hit Blocks": 1,
                          "Shared Read Blocks": 0,
                          "Shared Dirtied Blocks": 0,
                          "Shared Written Blocks": 0,
                          "Local Hit Blocks": 0,
                          "Local Read Blocks": 0,
                          "Local Dirtied Blocks": 0,
                          "Local Written Blocks": 0,
                          "Temp Read Blocks": 0,
                          "Temp Written Blocks": 0,
                          "I/O Read Time": 0.000,
                          "I/O Write Time": 0.000
                        }
                      ]
                    }
                  ]
                }
              ]
            }
          ]
        },
        {
          "Node Type": "Aggregate",
          "Strategy": "Hashed",
          "Parent Relationship": "InitPlan",
          "Subplan Name": "CTE variants_min_prices",
          "Startup Cost": 225.63,
          "Total Cost": 271.84,
          "Plan Rows": 4621,
          "Plan Width": 7,
          "Actual Startup Time": 5.936,
          "Actual Total Time": 6.037,
          "Actual Rows": 352,
          "Actual Loops": 1,
          "Output": ["spree_prices.variant_id", "COALESCE(min(spree_prices.amount), '0'::numeric)"],
          "Group Key": ["spree_prices.variant_id"],
          "Shared Hit Blocks": 102,
          "Shared Read Blocks": 0,
          "Shared Dirtied Blocks": 0,
          "Shared Written Blocks": 0,
          "Local Hit Blocks": 0,
          "Local Read Blocks": 0,
          "Local Dirtied Blocks": 0,
          "Local Written Blocks": 0,
          "Temp Read Blocks": 0,
          "Temp Written Blocks": 0,
          "I/O Read Time": 0.000,
          "I/O Write Time": 0.000,
          "Plans": [
            {
              "Node Type": "Hash Join",
              "Parent Relationship": "Outer",
              "Join Type": "Inner",
              "Startup Cost": 12.42,
              "Total Cost": 202.53,
              "Plan Rows": 4621,
              "Plan Width": 7,
              "Actual Startup Time": 2.415,
              "Actual Total Time": 5.785,
              "Actual Rows": 352,
              "Actual Loops": 1,
              "Output": ["spree_prices.variant_id", "spree_prices.amount"],
              "Hash Cond": "(spree_prices.variant_id = catalog_variants_2.variant_id)",
              "Shared Hit Blocks": 102,
              "Shared Read Blocks": 0,
              "Shared Dirtied Blocks": 0,
              "Shared Written Blocks": 0,
              "Local Hit Blocks": 0,
              "Local Read Blocks": 0,
              "Local Dirtied Blocks": 0,
              "Local Written Blocks": 0,
              "Temp Read Blocks": 0,
              "Temp Written Blocks": 0,
              "I/O Read Time": 0.000,
              "I/O Write Time": 0.000,
              "Plans": [
                {
                  "Node Type": "Seq Scan",
                  "Parent Relationship": "Outer",
                  "Relation Name": "spree_prices",
                  "Schema": "public",
                  "Alias": "spree_prices",
                  "Startup Cost": 0.00,
                  "Total Cost": 153.42,
                  "Plan Rows": 9242,
                  "Plan Width": 7,
                  "Actual Startup Time": 0.023,
                  "Actual Total Time": 2.548,
                  "Actual Rows": 9242,
                  "Actual Loops": 1,
                  "Output": ["spree_prices.id", "spree_prices.variant_id", "spree_prices.amount", "spree_prices.currency", "spree_prices.deleted_at", "spree_prices.is_default"],
                  "Shared Hit Blocks": 61,
                  "Shared Read Blocks": 0,
                  "Shared Dirtied Blocks": 0,
                  "Shared Written Blocks": 0,
                  "Local Hit Blocks": 0,
                  "Local Read Blocks": 0,
                  "Local Dirtied Blocks": 0,
                  "Local Written Blocks": 0,
                  "Temp Read Blocks": 0,
                  "Temp Written Blocks": 0,
                  "I/O Read Time": 0.000,
                  "I/O Write Time": 0.000
                },
                {
                  "Node Type": "Hash",
                  "Parent Relationship": "Inner",
                  "Startup Cost": 9.92,
                  "Total Cost": 9.92,
                  "Plan Rows": 200,
                  "Plan Width": 4,
                  "Actual Startup Time": 1.229,
                  "Actual Total Time": 1.229,
                  "Actual Rows": 352,
                  "Actual Loops": 1,
                  "Output": ["catalog_variants_2.variant_id"],
                  "Hash Buckets": 1024,
                  "Original Hash Buckets": 1024,
                  "Hash Batches": 1,
                  "Original Hash Batches": 1,
                  "Peak Memory Usage": 21,
                  "Shared Hit Blocks": 41,
                  "Shared Read Blocks": 0,
                  "Shared Dirtied Blocks": 0,
                  "Shared Written Blocks": 0,
                  "Local Hit Blocks": 0,
                  "Local Read Blocks": 0,
                  "Local Dirtied Blocks": 0,
                  "Local Written Blocks": 0,
                  "Temp Read Blocks": 0,
                  "Temp Written Blocks": 0,
                  "I/O Read Time": 0.000,
                  "I/O Write Time": 0.000,
                  "Plans": [
                    {
                      "Node Type": "Aggregate",
                      "Strategy": "Hashed",
                      "Parent Relationship": "Outer",
                      "Startup Cost": 7.92,
                      "Total Cost": 9.92,
                      "Plan Rows": 200,
                      "Plan Width": 4,
                      "Actual Startup Time": 1.075,
                      "Actual Total Time": 1.140,
                      "Actual Rows": 352,
                      "Actual Loops": 1,
                      "Output": ["catalog_variants_2.variant_id"],
                      "Group Key": ["catalog_variants_2.variant_id"],
                      "Shared Hit Blocks": 41,
                      "Shared Read Blocks": 0,
                      "Shared Dirtied Blocks": 0,
                      "Shared Written Blocks": 0,
                      "Local Hit Blocks": 0,
                      "Local Read Blocks": 0,
                      "Local Dirtied Blocks": 0,
                      "Local Written Blocks": 0,
                      "Temp Read Blocks": 0,
                      "Temp Written Blocks": 0,
                      "I/O Read Time": 0.000,
                      "I/O Write Time": 0.000,
                      "Plans": [
                        {
                          "Node Type": "CTE Scan",
                          "Parent Relationship": "Outer",
                          "CTE Name": "catalog_variants",
                          "Alias": "catalog_variants_2",
                          "Startup Cost": 0.00,
                          "Total Cost": 7.04,
                          "Plan Rows": 352,
                          "Plan Width": 4,
                          "Actual Startup Time": 0.024,
                          "Actual Total Time": 0.915,
                          "Actual Rows": 352,
                          "Actual Loops": 1,
                          "Output": ["catalog_variants_2.variant_id", "catalog_variants_2.product_id", "catalog_variants_2.sku"],
                          "Shared Hit Blocks": 41,
                          "Shared Read Blocks": 0,
                          "Shared Dirtied Blocks": 0,
                          "Shared Written Blocks": 0,
                          "Local Hit Blocks": 0,
                          "Local Read Blocks": 0,
                          "Local Dirtied Blocks": 0,
                          "Local Written Blocks": 0,
                          "Temp Read Blocks": 0,
                          "Temp Written Blocks": 0,
                          "I/O Read Time": 0.000,
                          "I/O Write Time": 0.000
                        }
                      ]
                    }
                  ]
                }
              ]
            }
          ]
        },
        {
          "Node Type": "Hash Join",
          "Parent Relationship": "Outer",
          "Join Type": "Inner",
          "Startup Cost": 42.71,
          "Total Cost": 291.08,
          "Plan Rows": 4050,
          "Plan Width": 183,
          "Actual Startup Time": 13.149,
          "Actual Total Time": 13.526,
          "Actual Rows": 352,
          "Actual Loops": 1,
          "Output": ["sv.variant_id", "sv.sku", "sp.slug", "sp.name", "vc.color", "pr.min_price", "pcc.available_colors", "sv.product_id"],
          "Hash Cond": "(pr.variant_id = sv.variant_id)",
          "Shared Hit Blocks": 2692,
          "Shared Read Blocks": 0,
          "Shared Dirtied Blocks": 0,
          "Shared Written Blocks": 0,
          "Local Hit Blocks": 0,
          "Local Read Blocks": 0,
          "Local Dirtied Blocks": 0,
          "Local Written Blocks": 0,
          "Temp Read Blocks": 0,
          "Temp Written Blocks": 0,
          "I/O Read Time": 0.000,
          "I/O Write Time": 0.000,
          "Plans": [
            {
              "Node Type": "CTE Scan",
              "Parent Relationship": "Outer",
              "CTE Name": "variants_min_prices",
              "Alias": "pr",
              "Startup Cost": 0.00,
              "Total Cost": 92.42,
              "Plan Rows": 4621,
              "Plan Width": 36,
              "Actual Startup Time": 5.939,
              "Actual Total Time": 6.157,
              "Actual Rows": 352,
              "Actual Loops": 1,
              "Output": ["pr.variant_id", "pr.min_price"],
              "Shared Hit Blocks": 102,
              "Shared Read Blocks": 0,
              "Shared Dirtied Blocks": 0,
              "Shared Written Blocks": 0,
              "Local Hit Blocks": 0,
              "Local Read Blocks": 0,
              "Local Dirtied Blocks": 0,
              "Local Written Blocks": 0,
              "Temp Read Blocks": 0,
              "Temp Written Blocks": 0,
              "I/O Read Time": 0.000,
              "I/O Write Time": 0.000
            },
            {
              "Node Type": "Hash",
              "Parent Relationship": "Inner",
              "Startup Cost": 40.52,
              "Total Cost": 40.52,
              "Plan Rows": 175,
              "Plan Width": 155,
              "Actual Startup Time": 7.189,
              "Actual Total Time": 7.189,
              "Actual Rows": 352,
              "Actual Loops": 1,
              "Output": ["sv.variant_id", "sv.sku", "sv.product_id", "sp.slug", "sp.name", "vc.color", "vc.variant_id", "pcc.available_colors"],
              "Hash Buckets": 1024,
              "Original Hash Buckets": 1024,
              "Hash Batches": 1,
              "Original Hash Batches": 1,
              "Peak Memory Usage": 63,
              "Shared Hit Blocks": 2590,
              "Shared Read Blocks": 0,
              "Shared Dirtied Blocks": 0,
              "Shared Written Blocks": 0,
              "Local Hit Blocks": 0,
              "Local Read Blocks": 0,
              "Local Dirtied Blocks": 0,
              "Local Written Blocks": 0,
              "Temp Read Blocks": 0,
              "Temp Written Blocks": 0,
              "I/O Read Time": 0.000,
              "I/O Write Time": 0.000,
              "Plans": [
                {
                  "Node Type": "Hash Join",
                  "Parent Relationship": "Outer",
                  "Join Type": "Inner",
                  "Startup Cost": 27.68,
                  "Total Cost": 40.52,
                  "Plan Rows": 175,
                  "Plan Width": 155,
                  "Actual Startup Time": 6.664,
                  "Actual Total Time": 7.024,
                  "Actual Rows": 352,
                  "Actual Loops": 1,
                  "Output": ["sv.variant_id", "sv.sku", "sv.product_id", "sp.slug", "sp.name", "vc.color", "vc.variant_id", "pcc.available_colors"],
                  "Hash Cond": "(sv.variant_id = vc.variant_id)",
                  "Shared Hit Blocks": 2590,
                  "Shared Read Blocks": 0,
                  "Shared Dirtied Blocks": 0,
                  "Shared Written Blocks": 0,
                  "Local Hit Blocks": 0,
                  "Local Read Blocks": 0,
                  "Local Dirtied Blocks": 0,
                  "Local Written Blocks": 0,
                  "Temp Read Blocks": 0,
                  "Temp Written Blocks": 0,
                  "I/O Read Time": 0.000,
                  "I/O Write Time": 0.000,
                  "Plans": [
                    {
                      "Node Type": "Hash Join",
                      "Parent Relationship": "Outer",
                      "Join Type": "Inner",
                      "Startup Cost": 21.96,
                      "Total Cost": 32.31,
                      "Plan Rows": 199,
                      "Plan Width": 119,
                      "Actual Startup Time": 4.636,
                      "Actual Total Time": 4.846,
                      "Actual Rows": 352,
                      "Actual Loops": 1,
                      "Output": ["sv.variant_id", "sv.sku", "sv.product_id", "sp.slug", "sp.name", "pcc.available_colors"],
                      "Hash Cond": "(sv.product_id = sp.id)",
                      "Shared Hit Blocks": 1303,
                      "Shared Read Blocks": 0,
                      "Shared Dirtied Blocks": 0,
                      "Shared Written Blocks": 0,
                      "Local Hit Blocks": 0,
                      "Local Read Blocks": 0,
                      "Local Dirtied Blocks": 0,
                      "Local Written Blocks": 0,
                      "Temp Read Blocks": 0,
                      "Temp Written Blocks": 0,
                      "I/O Read Time": 0.000,
                      "I/O Write Time": 0.000,
                      "Plans": [
                        {
                          "Node Type": "CTE Scan",
                          "Parent Relationship": "Outer",
                          "CTE Name": "catalog_variants",
                          "Alias": "sv",
                          "Startup Cost": 0.00,
                          "Total Cost": 7.04,
                          "Plan Rows": 352,
                          "Plan Width": 40,
                          "Actual Startup Time": 0.001,
                          "Actual Total Time": 0.059,
                          "Actual Rows": 352,
                          "Actual Loops": 1,
                          "Output": ["sv.variant_id", "sv.product_id", "sv.sku"],
                          "Shared Hit Blocks": 0,
                          "Shared Read Blocks": 0,
                          "Shared Dirtied Blocks": 0,
                          "Shared Written Blocks": 0,
                          "Local Hit Blocks": 0,
                          "Local Read Blocks": 0,
                          "Local Dirtied Blocks": 0,
                          "Local Written Blocks": 0,
                          "Temp Read Blocks": 0,
                          "Temp Written Blocks": 0,
                          "I/O Read Time": 0.000,
                          "I/O Write Time": 0.000
                        },
                        {
                          "Node Type": "Hash",
                          "Parent Relationship": "Inner",
                          "Startup Cost": 19.76,
                          "Total Cost": 19.76,
                          "Plan Rows": 176,
                          "Plan Width": 87,
                          "Actual Startup Time": 4.622,
                          "Actual Total Time": 4.622,
                          "Actual Rows": 311,
                          "Actual Loops": 1,
                          "Output": ["sp.slug", "sp.name", "sp.id", "pcc.available_colors", "pcc.product_id"],
                          "Hash Buckets": 1024,
                          "Original Hash Buckets": 1024,
                          "Hash Batches": 1,
                          "Original Hash Batches": 1,
                          "Peak Memory Usage": 47,
                          "Shared Hit Blocks": 1303,
                          "Shared Read Blocks": 0,
                          "Shared Dirtied Blocks": 0,
                          "Shared Written Blocks": 0,
                          "Local Hit Blocks": 0,
                          "Local Read Blocks": 0,
                          "Local Dirtied Blocks": 0,
                          "Local Written Blocks": 0,
                          "Temp Read Blocks": 0,
                          "Temp Written Blocks": 0,
                          "I/O Read Time": 0.000,
                          "I/O Write Time": 0.000,
                          "Plans": [
                            {
                              "Node Type": "Hash Join",
                              "Parent Relationship": "Outer",
                              "Join Type": "Inner",
                              "Startup Cost": 5.72,
                              "Total Cost": 19.76,
                              "Plan Rows": 176,
                              "Plan Width": 87,
                              "Actual Startup Time": 4.258,
                              "Actual Total Time": 4.510,
                              "Actual Rows": 311,
                              "Actual Loops": 1,
                              "Output": ["sp.slug", "sp.name", "sp.id", "pcc.available_colors", "pcc.product_id"],
                              "Hash Cond": "(sp.id = pcc.product_id)",
                              "Shared Hit Blocks": 1303,
                              "Shared Read Blocks": 0,
                              "Shared Dirtied Blocks": 0,
                              "Shared Written Blocks": 0,
                              "Local Hit Blocks": 0,
                              "Local Read Blocks": 0,
                              "Local Dirtied Blocks": 0,
                              "Local Written Blocks": 0,
                              "Temp Read Blocks": 0,
                              "Temp Written Blocks": 0,
                              "I/O Read Time": 0.000,
                              "I/O Write Time": 0.000,
                              "Plans": [
                                {
                                  "Node Type": "Seq Scan",
                                  "Parent Relationship": "Outer",
                                  "Relation Name": "spree_products",
                                  "Schema": "public",
                                  "Alias": "sp",
                                  "Startup Cost": 0.00,
                                  "Total Cost": 11.11,
                                  "Plan Rows": 311,
                                  "Plan Width": 51,
                                  "Actual Startup Time": 0.016,
                                  "Actual Total Time": 0.115,
                                  "Actual Rows": 311,
                                  "Actual Loops": 1,
                                  "Output": ["sp.id", "sp.name", "sp.description", "sp.available_on", "sp.deleted_at", "sp.slug", "sp.meta_description", "sp.meta_keywords", "sp.tax_category_id", "sp.shipping_category_id", "sp.created_at", "sp.updated_at", "sp.promotionable", "sp.meta_title", "sp.fashion_xl_id"],
                                  "Filter": "(sp.deleted_at IS NULL)",
                                  "Rows Removed by Filter": 0,
                                  "Shared Hit Blocks": 8,
                                  "Shared Read Blocks": 0,
                                  "Shared Dirtied Blocks": 0,
                                  "Shared Written Blocks": 0,
                                  "Local Hit Blocks": 0,
                                  "Local Read Blocks": 0,
                                  "Local Dirtied Blocks": 0,
                                  "Local Written Blocks": 0,
                                  "Temp Read Blocks": 0,
                                  "Temp Written Blocks": 0,
                                  "I/O Read Time": 0.000,
                                  "I/O Write Time": 0.000
                                },
                                {
                                  "Node Type": "Hash",
                                  "Parent Relationship": "Inner",
                                  "Startup Cost": 3.52,
                                  "Total Cost": 3.52,
                                  "Plan Rows": 176,
                                  "Plan Width": 36,
                                  "Actual Startup Time": 4.228,
                                  "Actual Total Time": 4.228,
                                  "Actual Rows": 311,
                                  "Actual Loops": 1,
                                  "Output": ["pcc.available_colors", "pcc.product_id"],
                                  "Hash Buckets": 1024,
                                  "Original Hash Buckets": 1024,
                                  "Hash Batches": 1,
                                  "Original Hash Batches": 1,
                                  "Peak Memory Usage": 31,
                                  "Shared Hit Blocks": 1295,
                                  "Shared Read Blocks": 0,
                                  "Shared Dirtied Blocks": 0,
                                  "Shared Written Blocks": 0,
                                  "Local Hit Blocks": 0,
                                  "Local Read Blocks": 0,
                                  "Local Dirtied Blocks": 0,
                                  "Local Written Blocks": 0,
                                  "Temp Read Blocks": 0,
                                  "Temp Written Blocks": 0,
                                  "I/O Read Time": 0.000,
                                  "I/O Write Time": 0.000,
                                  "Plans": [
                                    {
                                      "Node Type": "CTE Scan",
                                      "Parent Relationship": "Outer",
                                      "CTE Name": "product_color_classifications",
                                      "Alias": "pcc",
                                      "Startup Cost": 0.00,
                                      "Total Cost": 3.52,
                                      "Plan Rows": 176,
                                      "Plan Width": 36,
                                      "Actual Startup Time": 2.801,
                                      "Actual Total Time": 4.136,
                                      "Actual Rows": 311,
                                      "Actual Loops": 1,
                                      "Output": ["pcc.available_colors", "pcc.product_id"],
                                      "Shared Hit Blocks": 1295,
                                      "Shared Read Blocks": 0,
                                      "Shared Dirtied Blocks": 0,
                                      "Shared Written Blocks": 0,
                                      "Local Hit Blocks": 0,
                                      "Local Read Blocks": 0,
                                      "Local Dirtied Blocks": 0,
                                      "Local Written Blocks": 0,
                                      "Temp Read Blocks": 0,
                                      "Temp Written Blocks": 0,
                                      "I/O Read Time": 0.000,
                                      "I/O Write Time": 0.000
                                    }
                                  ]
                                }
                              ]
                            }
                          ]
                        }
                      ]
                    },
                    {
                      "Node Type": "Hash",
                      "Parent Relationship": "Inner",
                      "Startup Cost": 3.52,
                      "Total Cost": 3.52,
                      "Plan Rows": 176,
                      "Plan Width": 36,
                      "Actual Startup Time": 2.018,
                      "Actual Total Time": 2.018,
                      "Actual Rows": 352,
                      "Actual Loops": 1,
                      "Output": ["vc.color", "vc.variant_id"],
                      "Hash Buckets": 1024,
                      "Original Hash Buckets": 1024,
                      "Hash Batches": 1,
                      "Original Hash Batches": 1,
                      "Peak Memory Usage": 26,
                      "Shared Hit Blocks": 1287,
                      "Shared Read Blocks": 0,
                      "Shared Dirtied Blocks": 0,
                      "Shared Written Blocks": 0,
                      "Local Hit Blocks": 0,
                      "Local Read Blocks": 0,
                      "Local Dirtied Blocks": 0,
                      "Local Written Blocks": 0,
                      "Temp Read Blocks": 0,
                      "Temp Written Blocks": 0,
                      "I/O Read Time": 0.000,
                      "I/O Write Time": 0.000,
                      "Plans": [
                        {
                          "Node Type": "CTE Scan",
                          "Parent Relationship": "Outer",
                          "CTE Name": "variant_colors",
                          "Alias": "vc",
                          "Startup Cost": 0.00,
                          "Total Cost": 3.52,
                          "Plan Rows": 176,
                          "Plan Width": 36,
                          "Actual Startup Time": 0.358,
                          "Actual Total Time": 1.945,
                          "Actual Rows": 352,
                          "Actual Loops": 1,
                          "Output": ["vc.color", "vc.variant_id"],
                          "Shared Hit Blocks": 1287,
                          "Shared Read Blocks": 0,
                          "Shared Dirtied Blocks": 0,
                          "Shared Written Blocks": 0,
                          "Local Hit Blocks": 0,
                          "Local Read Blocks": 0,
                          "Local Dirtied Blocks": 0,
                          "Local Written Blocks": 0,
                          "Temp Read Blocks": 0,
                          "Temp Written Blocks": 0,
                          "I/O Read Time": 0.000,
                          "I/O Write Time": 0.000
                        }
                      ]
                    }
                  ]
                }
              ]
            }
          ]
        }
      ]
    },
    "Planning Time": 4.462,
    "Triggers": [
    ],
    "Execution Time": 14.391
  }
]
`,wX=`
[
  {
    "Plan": {
      "Node Type": "Limit",
      "Startup Cost": 17024.84,
      "Total Cost": 17024.87,
      "Plan Rows": 10,
      "Plan Width": 133,
      "Actual Startup Time": 725.773,
      "Actual Total Time": 725.775,
      "Actual Rows": 10,
      "Actual Loops": 1,
      "Output": ["c.state", "cat.categoryname", "(sum(o.netamount))", "(sum(o.totalamount))"],
      "Shared Hit Blocks": 23,
      "Shared Read Blocks": 1392,
      "Shared Dirtied Blocks": 0,
      "Shared Written Blocks": 0,
      "Local Hit Blocks": 0,
      "Local Read Blocks": 0,
      "Local Dirtied Blocks": 0,
      "Local Written Blocks": 0,
      "Temp Read Blocks": 0,
      "Temp Written Blocks": 0,
      "I/O Read Time": 0.000,
      "I/O Write Time": 0.000,
      "Plans": [
        {
          "Node Type": "Sort",
          "Parent Relationship": "Outer",
          "Startup Cost": 17024.84,
          "Total Cost": 17026.88,
          "Plan Rows": 816,
          "Plan Width": 133,
          "Actual Startup Time": 725.771,
          "Actual Total Time": 725.772,
          "Actual Rows": 11,
          "Actual Loops": 1,
          "Output": ["c.state", "cat.categoryname", "(sum(o.netamount))", "(sum(o.totalamount))"],
          "Sort Key": ["c.state", "(sum(o.totalamount))"],
          "Sort Method": "top-N heapsort",
          "Sort Space Used": 25,
          "Sort Space Type": "Memory",
          "Shared Hit Blocks": 23,
          "Shared Read Blocks": 1392,
          "Shared Dirtied Blocks": 0,
          "Shared Written Blocks": 0,
          "Local Hit Blocks": 0,
          "Local Read Blocks": 0,
          "Local Dirtied Blocks": 0,
          "Local Written Blocks": 0,
          "Temp Read Blocks": 0,
          "Temp Written Blocks": 0,
          "I/O Read Time": 0.000,
          "I/O Write Time": 0.000,
          "Plans": [
            {
              "Node Type": "Aggregate",
              "Strategy": "Hashed",
              "Parent Relationship": "Outer",
              "Startup Cost": 16994.41,
              "Total Cost": 17006.65,
              "Plan Rows": 816,
              "Plan Width": 133,
              "Actual Startup Time": 723.877,
              "Actual Total Time": 724.417,
              "Actual Rows": 832,
              "Actual Loops": 1,
              "Output": ["c.state", "cat.categoryname", "sum(o.netamount)", "sum(o.totalamount)"],
              "Group Key": ["c.state", "cat.categoryname"],
              "Shared Hit Blocks": 13,
              "Shared Read Blocks": 1392,
              "Shared Dirtied Blocks": 0,
              "Shared Written Blocks": 0,
              "Local Hit Blocks": 0,
              "Local Read Blocks": 0,
              "Local Dirtied Blocks": 0,
              "Local Written Blocks": 0,
              "Temp Read Blocks": 0,
              "Temp Written Blocks": 0,
              "I/O Read Time": 0.000,
              "I/O Write Time": 0.000,
              "Plans": [
                {
                  "Node Type": "Hash Join",
                  "Parent Relationship": "Outer",
                  "Join Type": "Inner",
                  "Startup Cost": 4966.48,
                  "Total Cost": 13742.65,
                  "Plan Rows": 325176,
                  "Plan Width": 133,
                  "Actual Startup Time": 118.314,
                  "Actual Total Time": 354.285,
                  "Actual Rows": 383270,
                  "Actual Loops": 1,
                  "Output": ["c.state", "o.netamount", "o.totalamount", "cat.categoryname"],
                  "Hash Cond": "(o.orderid = ch.orderid)",
                  "Shared Hit Blocks": 13,
                  "Shared Read Blocks": 1392,
                  "Shared Dirtied Blocks": 0,
                  "Shared Written Blocks": 0,
                  "Local Hit Blocks": 0,
                  "Local Read Blocks": 0,
                  "Local Dirtied Blocks": 0,
                  "Local Written Blocks": 0,
                  "Temp Read Blocks": 0,
                  "Temp Written Blocks": 0,
                  "I/O Read Time": 0.000,
                  "I/O Write Time": 0.000,
                  "Plans": [
                    {
                      "Node Type": "Hash Join",
                      "Parent Relationship": "Outer",
                      "Join Type": "Inner",
                      "Startup Cost": 834.86,
                      "Total Cost": 4539.11,
                      "Plan Rows": 60350,
                      "Plan Width": 138,
                      "Actual Startup Time": 22.651,
                      "Actual Total Time": 133.484,
                      "Actual Rows": 60350,
                      "Actual Loops": 1,
                      "Output": ["o.netamount", "o.totalamount", "o.orderid", "ol.orderid", "cat.categoryname"],
                      "Hash Cond": "(ol.orderid = o.orderid)",
                      "Shared Hit Blocks": 9,
                      "Shared Read Blocks": 581,
                      "Shared Dirtied Blocks": 0,
                      "Shared Written Blocks": 0,
                      "Local Hit Blocks": 0,
                      "Local Read Blocks": 0,
                      "Local Dirtied Blocks": 0,
                      "Local Written Blocks": 0,
                      "Temp Read Blocks": 0,
                      "Temp Written Blocks": 0,
                      "I/O Read Time": 0.000,
                      "I/O Write Time": 0.000,
                      "Plans": [
                        {
                          "Node Type": "Hash Join",
                          "Parent Relationship": "Outer",
                          "Join Type": "Inner",
                          "Startup Cost": 464.86,
                          "Total Cost": 2962.11,
                          "Plan Rows": 60350,
                          "Plan Width": 122,
                          "Actual Startup Time": 12.467,
                          "Actual Total Time": 85.647,
                          "Actual Rows": 60350,
                          "Actual Loops": 1,
                          "Output": ["ol.orderid", "cat.categoryname"],
                          "Hash Cond": "(ol.prod_id = p.prod_id)",
                          "Shared Hit Blocks": 4,
                          "Shared Read Blocks": 483,
                          "Shared Dirtied Blocks": 0,
                          "Shared Written Blocks": 0,
                          "Local Hit Blocks": 0,
                          "Local Read Blocks": 0,
                          "Local Dirtied Blocks": 0,
                          "Local Written Blocks": 0,
                          "Temp Read Blocks": 0,
                          "Temp Written Blocks": 0,
                          "I/O Read Time": 0.000,
                          "I/O Write Time": 0.000,
                          "Plans": [
                            {
                              "Node Type": "Seq Scan",
                              "Parent Relationship": "Outer",
                              "Relation Name": "orderlines",
                              "Schema": "public",
                              "Alias": "ol",
                              "Startup Cost": 0.00,
                              "Total Cost": 988.50,
                              "Plan Rows": 60350,
                              "Plan Width": 8,
                              "Actual Startup Time": 0.005,
                              "Actual Total Time": 14.054,
                              "Actual Rows": 60350,
                              "Actual Loops": 1,
                              "Output": ["ol.orderlineid", "ol.orderid", "ol.prod_id", "ol.quantity", "ol.orderdate"],
                              "Shared Hit Blocks": 2,
                              "Shared Read Blocks": 383,
                              "Shared Dirtied Blocks": 0,
                              "Shared Written Blocks": 0,
                              "Local Hit Blocks": 0,
                              "Local Read Blocks": 0,
                              "Local Dirtied Blocks": 0,
                              "Local Written Blocks": 0,
                              "Temp Read Blocks": 0,
                              "Temp Written Blocks": 0,
                              "I/O Read Time": 0.000,
                              "I/O Write Time": 0.000
                            },
                            {
                              "Node Type": "Hash",
                              "Parent Relationship": "Inner",
                              "Startup Cost": 339.86,
                              "Total Cost": 339.86,
                              "Plan Rows": 10000,
                              "Plan Width": 122,
                              "Actual Startup Time": 12.446,
                              "Actual Total Time": 12.446,
                              "Actual Rows": 10000,
                              "Actual Loops": 1,
                              "Output": ["p.prod_id", "cat.categoryname"],
                              "Hash Buckets": 1024,
                              "Hash Batches": 1,
                              "Original Hash Batches": 1,
                              "Peak Memory Usage": 425,
                              "Shared Hit Blocks": 2,
                              "Shared Read Blocks": 100,
                              "Shared Dirtied Blocks": 0,
                              "Shared Written Blocks": 0,
                              "Local Hit Blocks": 0,
                              "Local Read Blocks": 0,
                              "Local Dirtied Blocks": 0,
                              "Local Written Blocks": 0,
                              "Temp Read Blocks": 0,
                              "Temp Written Blocks": 0,
                              "I/O Read Time": 0.000,
                              "I/O Write Time": 0.000,
                              "Plans": [
                                {
                                  "Node Type": "Hash Join",
                                  "Parent Relationship": "Outer",
                                  "Join Type": "Inner",
                                  "Startup Cost": 1.36,
                                  "Total Cost": 339.86,
                                  "Plan Rows": 10000,
                                  "Plan Width": 122,
                                  "Actual Startup Time": 0.283,
                                  "Actual Total Time": 9.015,
                                  "Actual Rows": 10000,
                                  "Actual Loops": 1,
                                  "Output": ["p.prod_id", "cat.categoryname"],
                                  "Hash Cond": "(p.category = cat.category)",
                                  "Shared Hit Blocks": 2,
                                  "Shared Read Blocks": 100,
                                  "Shared Dirtied Blocks": 0,
                                  "Shared Written Blocks": 0,
                                  "Local Hit Blocks": 0,
                                  "Local Read Blocks": 0,
                                  "Local Dirtied Blocks": 0,
                                  "Local Written Blocks": 0,
                                  "Temp Read Blocks": 0,
                                  "Temp Written Blocks": 0,
                                  "I/O Read Time": 0.000,
                                  "I/O Write Time": 0.000,
                                  "Plans": [
                                    {
                                      "Node Type": "Seq Scan",
                                      "Parent Relationship": "Outer",
                                      "Relation Name": "products",
                                      "Schema": "public",
                                      "Alias": "p",
                                      "Startup Cost": 0.00,
                                      "Total Cost": 201.00,
                                      "Plan Rows": 10000,
                                      "Plan Width": 8,
                                      "Actual Startup Time": 0.003,
                                      "Actual Total Time": 4.330,
                                      "Actual Rows": 10000,
                                      "Actual Loops": 1,
                                      "Output": ["p.prod_id", "p.category", "p.title", "p.actor", "p.price", "p.special", "p.common_prod_id"],
                                      "Shared Hit Blocks": 2,
                                      "Shared Read Blocks": 99,
                                      "Shared Dirtied Blocks": 0,
                                      "Shared Written Blocks": 0,
                                      "Local Hit Blocks": 0,
                                      "Local Read Blocks": 0,
                                      "Local Dirtied Blocks": 0,
                                      "Local Written Blocks": 0,
                                      "Temp Read Blocks": 0,
                                      "Temp Written Blocks": 0,
                                      "I/O Read Time": 0.000,
                                      "I/O Write Time": 0.000
                                    },
                                    {
                                      "Node Type": "Hash",
                                      "Parent Relationship": "Inner",
                                      "Startup Cost": 1.16,
                                      "Total Cost": 1.16,
                                      "Plan Rows": 16,
                                      "Plan Width": 122,
                                      "Actual Startup Time": 0.265,
                                      "Actual Total Time": 0.265,
                                      "Actual Rows": 16,
                                      "Actual Loops": 1,
                                      "Output": ["cat.categoryname", "cat.category"],
                                      "Hash Buckets": 1024,
                                      "Hash Batches": 1,
                                      "Original Hash Batches": 1,
                                      "Peak Memory Usage": 1,
                                      "Shared Hit Blocks": 0,
                                      "Shared Read Blocks": 1,
                                      "Shared Dirtied Blocks": 0,
                                      "Shared Written Blocks": 0,
                                      "Local Hit Blocks": 0,
                                      "Local Read Blocks": 0,
                                      "Local Dirtied Blocks": 0,
                                      "Local Written Blocks": 0,
                                      "Temp Read Blocks": 0,
                                      "Temp Written Blocks": 0,
                                      "I/O Read Time": 0.000,
                                      "I/O Write Time": 0.000,
                                      "Plans": [
                                        {
                                          "Node Type": "Seq Scan",
                                          "Parent Relationship": "Outer",
                                          "Relation Name": "categories",
                                          "Schema": "public",
                                          "Alias": "cat",
                                          "Startup Cost": 0.00,
                                          "Total Cost": 1.16,
                                          "Plan Rows": 16,
                                          "Plan Width": 122,
                                          "Actual Startup Time": 0.250,
                                          "Actual Total Time": 0.252,
                                          "Actual Rows": 16,
                                          "Actual Loops": 1,
                                          "Output": ["cat.categoryname", "cat.category"],
                                          "Shared Hit Blocks": 0,
                                          "Shared Read Blocks": 1,
                                          "Shared Dirtied Blocks": 0,
                                          "Shared Written Blocks": 0,
                                          "Local Hit Blocks": 0,
                                          "Local Read Blocks": 0,
                                          "Local Dirtied Blocks": 0,
                                          "Local Written Blocks": 0,
                                          "Temp Read Blocks": 0,
                                          "Temp Written Blocks": 0,
                                          "I/O Read Time": 0.000,
                                          "I/O Write Time": 0.000
                                        }
                                      ]
                                    }
                                  ]
                                }
                              ]
                            }
                          ]
                        },
                        {
                          "Node Type": "Hash",
                          "Parent Relationship": "Inner",
                          "Startup Cost": 220.00,
                          "Total Cost": 220.00,
                          "Plan Rows": 12000,
                          "Plan Width": 16,
                          "Actual Startup Time": 10.159,
                          "Actual Total Time": 10.159,
                          "Actual Rows": 12000,
                          "Actual Loops": 1,
                          "Output": ["o.netamount", "o.totalamount", "o.orderid"],
                          "Hash Buckets": 2048,
                          "Hash Batches": 1,
                          "Original Hash Batches": 1,
                          "Peak Memory Usage": 609,
                          "Shared Hit Blocks": 2,
                          "Shared Read Blocks": 98,
                          "Shared Dirtied Blocks": 0,
                          "Shared Written Blocks": 0,
                          "Local Hit Blocks": 0,
                          "Local Read Blocks": 0,
                          "Local Dirtied Blocks": 0,
                          "Local Written Blocks": 0,
                          "Temp Read Blocks": 0,
                          "Temp Written Blocks": 0,
                          "I/O Read Time": 0.000,
                          "I/O Write Time": 0.000,
                          "Plans": [
                            {
                              "Node Type": "Seq Scan",
                              "Parent Relationship": "Outer",
                              "Relation Name": "orders",
                              "Schema": "public",
                              "Alias": "o",
                              "Startup Cost": 0.00,
                              "Total Cost": 220.00,
                              "Plan Rows": 12000,
                              "Plan Width": 16,
                              "Actual Startup Time": 0.008,
                              "Actual Total Time": 5.548,
                              "Actual Rows": 12000,
                              "Actual Loops": 1,
                              "Output": ["o.netamount", "o.totalamount", "o.orderid"],
                              "Shared Hit Blocks": 2,
                              "Shared Read Blocks": 98,
                              "Shared Dirtied Blocks": 0,
                              "Shared Written Blocks": 0,
                              "Local Hit Blocks": 0,
                              "Local Read Blocks": 0,
                              "Local Dirtied Blocks": 0,
                              "Local Written Blocks": 0,
                              "Temp Read Blocks": 0,
                              "Temp Written Blocks": 0,
                              "I/O Read Time": 0.000,
                              "I/O Write Time": 0.000
                            }
                          ]
                        }
                      ]
                    },
                    {
                      "Node Type": "Hash",
                      "Parent Relationship": "Inner",
                      "Startup Cost": 3377.25,
                      "Total Cost": 3377.25,
                      "Plan Rows": 60350,
                      "Plan Width": 7,
                      "Actual Startup Time": 95.610,
                      "Actual Total Time": 95.610,
                      "Actual Rows": 60350,
                      "Actual Loops": 1,
                      "Output": ["c.state", "ch.orderid"],
                      "Hash Buckets": 8192,
                      "Hash Batches": 1,
                      "Original Hash Batches": 1,
                      "Peak Memory Usage": 2239,
                      "Shared Hit Blocks": 4,
                      "Shared Read Blocks": 811,
                      "Shared Dirtied Blocks": 0,
                      "Shared Written Blocks": 0,
                      "Local Hit Blocks": 0,
                      "Local Read Blocks": 0,
                      "Local Dirtied Blocks": 0,
                      "Local Written Blocks": 0,
                      "Temp Read Blocks": 0,
                      "Temp Written Blocks": 0,
                      "I/O Read Time": 0.000,
                      "I/O Write Time": 0.000,
                      "Plans": [
                        {
                          "Node Type": "Hash Join",
                          "Parent Relationship": "Outer",
                          "Join Type": "Inner",
                          "Startup Cost": 938.00,
                          "Total Cost": 3377.25,
                          "Plan Rows": 60350,
                          "Plan Width": 7,
                          "Actual Startup Time": 24.115,
                          "Actual Total Time": 74.639,
                          "Actual Rows": 60350,
                          "Actual Loops": 1,
                          "Output": ["c.state", "ch.orderid"],
                          "Hash Cond": "(ch.customerid = c.customerid)",
                          "Shared Hit Blocks": 4,
                          "Shared Read Blocks": 811,
                          "Shared Dirtied Blocks": 0,
                          "Shared Written Blocks": 0,
                          "Local Hit Blocks": 0,
                          "Local Read Blocks": 0,
                          "Local Dirtied Blocks": 0,
                          "Local Written Blocks": 0,
                          "Temp Read Blocks": 0,
                          "Temp Written Blocks": 0,
                          "I/O Read Time": 0.000,
                          "I/O Write Time": 0.000,
                          "Plans": [
                            {
                              "Node Type": "Seq Scan",
                              "Parent Relationship": "Outer",
                              "Relation Name": "cust_hist",
                              "Schema": "public",
                              "Alias": "ch",
                              "Startup Cost": 0.00,
                              "Total Cost": 930.50,
                              "Plan Rows": 60350,
                              "Plan Width": 8,
                              "Actual Startup Time": 0.294,
                              "Actual Total Time": 11.812,
                              "Actual Rows": 60350,
                              "Actual Loops": 1,
                              "Output": ["ch.customerid", "ch.orderid", "ch.prod_id"],
                              "Shared Hit Blocks": 2,
                              "Shared Read Blocks": 325,
                              "Shared Dirtied Blocks": 0,
                              "Shared Written Blocks": 0,
                              "Local Hit Blocks": 0,
                              "Local Read Blocks": 0,
                              "Local Dirtied Blocks": 0,
                              "Local Written Blocks": 0,
                              "Temp Read Blocks": 0,
                              "Temp Written Blocks": 0,
                              "I/O Read Time": 0.000,
                              "I/O Write Time": 0.000
                            },
                            {
                              "Node Type": "Hash",
                              "Parent Relationship": "Inner",
                              "Startup Cost": 688.00,
                              "Total Cost": 688.00,
                              "Plan Rows": 20000,
                              "Plan Width": 7,
                              "Actual Startup Time": 23.786,
                              "Actual Total Time": 23.786,
                              "Actual Rows": 20000,
                              "Actual Loops": 1,
                              "Output": ["c.state", "c.customerid"],
                              "Hash Buckets": 2048,
                              "Hash Batches": 1,
                              "Original Hash Batches": 1,
                              "Peak Memory Usage": 743,
                              "Shared Hit Blocks": 2,
                              "Shared Read Blocks": 486,
                              "Shared Dirtied Blocks": 0,
                              "Shared Written Blocks": 0,
                              "Local Hit Blocks": 0,
                              "Local Read Blocks": 0,
                              "Local Dirtied Blocks": 0,
                              "Local Written Blocks": 0,
                              "Temp Read Blocks": 0,
                              "Temp Written Blocks": 0,
                              "I/O Read Time": 0.000,
                              "I/O Write Time": 0.000,
                              "Plans": [
                                {
                                  "Node Type": "Seq Scan",
                                  "Parent Relationship": "Outer",
                                  "Relation Name": "customers",
                                  "Schema": "public",
                                  "Alias": "c",
                                  "Startup Cost": 0.00,
                                  "Total Cost": 688.00,
                                  "Plan Rows": 20000,
                                  "Plan Width": 7,
                                  "Actual Startup Time": 0.005,
                                  "Actual Total Time": 16.771,
                                  "Actual Rows": 20000,
                                  "Actual Loops": 1,
                                  "Output": ["c.state", "c.customerid"],
                                  "Shared Hit Blocks": 2,
                                  "Shared Read Blocks": 486,
                                  "Shared Dirtied Blocks": 0,
                                  "Shared Written Blocks": 0,
                                  "Local Hit Blocks": 0,
                                  "Local Read Blocks": 0,
                                  "Local Dirtied Blocks": 0,
                                  "Local Written Blocks": 0,
                                  "Temp Read Blocks": 0,
                                  "Temp Written Blocks": 0,
                                  "I/O Read Time": 0.000,
                                  "I/O Write Time": 0.000
                                }
                              ]
                            }
                          ]
                        }
                      ]
                    }
                  ]
                }
              ]
            }
          ]
        }
      ]
    },
    "Planning Time": 26.171,
    "Triggers": [
    ],
    "Execution Time": 726.800
  }
]
`,kX=`/* An aggregate with four joins */
SELECT c.state,
  cat.categoryname,
  sum(o.netamount),
  sum(o.totalamount)
FROM customers c
  INNER JOIN cust_hist ch ON c.customerid = ch.customerid
  INNER JOIN orders o ON ch.orderid = o.orderid
  INNER JOIN orderlines ol ON ol.orderid = o.orderid
  INNER JOIN products p ON ol.prod_id = p.prod_id
  INNER JOIN categories cat ON p.category = cat.category
GROUP BY c.state, cat.categoryname
ORDER BY c.state, sum(o.totalamount) DESC LIMIT 10 OFFSET 1;
`,BX=`"Limit  (cost=1.27..3878.21 rows=5 width=172) (actual time=0.245..2.544 rows=5 loops=1)"
"  ->  Nested Loop  (cost=1.27..48075.41 rows=62 width=172) (actual time=0.244..2.539 rows=5 loops=1)"
"        ->  Nested Loop  (cost=0.84..2420.02 rows=65 width=85) (actual time=0.137..0.151 rows=5 loops=1)"
"              ->  Nested Loop  (cost=0.42..2356.20 rows=5 width=85) (actual time=0.118..0.119 rows=1 loops=1)"
"                    ->  Seq Scan on top_challenge_list  (cost=0.00..30.26 rows=58 width=57) (actual time=0.036..0.043 rows=4 loops=1)"
"                          Filter: (is_active AND ((template_challenge)::text = 'top_turnover'::text))"
"                          Rows Removed by Filter: 26"
"                    ->  Index Scan using ref_people_xperf1 on ref_people  (cost=0.42..40.09 rows=1 width=28) (actual time=0.017..0.017 rows=0 loops=4)"
"                          Index Cond: (id_int = top_challenge_list.id_int_manager)"
"                          Filter: (is_active AND (id_statut <> 2) AND (COALESCE(id_qualification, 1) >= 1) AND (id_type = 5))"
"                          Rows Removed by Filter: 4"
"              ->  Index Scan using ref_genealogy_xperf5 on ref_genealogy  (cost=0.42..12.56 rows=20 width=8) (actual time=0.017..0.026 rows=5 loops=1)"
"                    Index Cond: (id_int = ref_people.id_int)"
"                    Filter: is_active"
"        ->  Index Scan using ref_people_xperf1 on ref_people filleuls  (cost=0.42..0.82 rows=1 width=47) (actual time=0.012..0.030 rows=1 loops=5)"
"              Index Cond: (id_int = ref_genealogy.id_int_level)"
"              Filter: (is_active AND (id_type = ANY ('{5,14}'::integer[])))"
"              Rows Removed by Filter: 7"
"        SubPlan 1"
"          ->  Aggregate  (cost=361.46..361.47 rows=1 width=8) (actual time=0.233..0.233 rows=1 loops=5)"
"                ->  Index Scan using ref_transaction_xperf4 on ref_transaction  (cost=0.42..361.46 rows=1 width=8) (actual time=0.155..0.229 rows=0 loops=5)"
"                      Index Cond: (id_int_agent_out = filleuls.id_int)"
"                      Filter: (is_active AND (date_acte IS NOT NULL) AND (date_acte >= top_challenge_list.date_deb_challenge) AND (date_acte <= top_challenge_list.date_fin_challenge) AND (id_type_transaction = 1))"
"                      Rows Removed by Filter: 100"
"        SubPlan 2"
"          ->  Aggregate  (cost=373.99..374.00 rows=1 width=8) (actual time=0.177..0.178 rows=1 loops=5)"
"                ->  Index Scan using ref_transaction_xperf3 on ref_transaction ref_transaction_1  (cost=0.42..373.99 rows=1 width=8) (actual time=0.117..0.174 rows=0 loops=5)"
"                      Index Cond: (id_int_agent_in = filleuls.id_int)"
"                      Filter: (is_active AND (date_acte IS NOT NULL) AND (date_acte >= top_challenge_list.date_deb_challenge) AND (date_acte <= top_challenge_list.date_fin_challenge) AND (id_type_transaction = 1))"
"                      Rows Removed by Filter: 102"
"Planning Time: 2.916 ms"
"Execution Time: 2.900 ms"`,DX=String.raw`
                                                                         QUERY PLAN
═══════════════════════════════════════════════════════════════════════════════════════════════════════════════════════════════════════════════════════════════
 Merge on public.t1  (cost=1824058.07..1336099696.57 rows=0 width=0) (actual time=16254.981..16254.984 rows=0 loops=1)
   Tuples: deleted=2499999
   Buffers: shared hit=5002762 read=51294 dirtied=13514 written=8006, local hit=7541658 read=25779 dirtied=46608 written=67441, temp read=98262 written=150446
   WAL: records=2500630 fpi=8047 bytes=200763653
   CTE t2bb
     ->  Update on pg_temp.t2  (cost=0.00..54898.62 rows=2912462 width=14) (actual time=244.180..2939.572 rows=2499999 loops=1)
           Output: t2.i, t2.x, t2.filler
           Buffers: local hit=7541658 read=25779 dirtied=46608 written=67441
           ->  Seq Scan on pg_temp.t2  (cost=0.00..54898.62 rows=2912462 width=14) (actual time=226.341..690.083 rows=2499999 loops=1)
                 Output: NULL::double precision, t2.ctid
                 Buffers: local read=25774 dirtied=25774 written=25771
   CTE t2b
     ->  Sort  (cost=650151.19..657432.35 rows=2912462 width=52) (actual time=5387.848..5800.321 rows=2499999 loops=1)
           Output: t2bb.i, t2bb.x, t2bb.filler, (random())
           Sort Key: (random())
           Sort Method: external merge  Disk: 141936kB
           Buffers: shared hit=3, local hit=7541658 read=25779 dirtied=46608 written=67441, temp read=35480 written=49892
           ->  CTE Scan on t2bb  (cost=0.00..65530.39 rows=2912462 width=52) (actual time=244.188..3856.231 rows=2499999 loops=1)
                 Output: t2bb.i, t2bb.x, t2bb.filler, random()
                 Buffers: local hit=7541658 read=25779 dirtied=46608 written=67441, temp written=14343
   ->  Merge Left Join  (cost=1111727.10..1335387365.61 rows=88949720377 width=42) (actual time=10989.361..12903.243 rows=2499999 loops=1)
         Output: t1.ctid, t2b.i, t2b.filler
         Merge Cond: (t2b.i = t1.i)
         Buffers: shared hit=15647 read=38411 dirtied=631, local hit=7541658 read=25779 dirtied=46608 written=67441, temp read=98262 written=150446
         WAL: records=631 fpi=631 bytes=5182403
         ->  Sort  (cost=530235.49..537516.64 rows=2912462 width=36) (actual time=7556.652..7928.837 rows=2499999 loops=1)
               Output: t2b.i, t2b.filler
               Sort Key: t2b.i
               Sort Method: external merge  Disk: 115072kB
               Buffers: shared hit=3, local hit=7541658 read=25779 dirtied=46608 written=67441, temp read=64238 written=96414
               ->  CTE Scan on t2b  (cost=0.00..58249.24 rows=2912462 width=36) (actual time=5387.869..6356.641 rows=2499999 loops=1)
                     Output: t2b.i, t2b.filler
                     Buffers: shared hit=3, local hit=7541658 read=25779 dirtied=46608 written=67441, temp read=35480 written=67592
         ->  Materialize  (cost=1012385.82..1042926.89 rows=6108215 width=10) (actual time=3432.664..4124.070 rows=2500000 loops=1)
               Output: t1.ctid, t1.i
               Buffers: shared hit=15644 read=38411 dirtied=631, temp read=34024 written=54032
               WAL: records=631 fpi=631 bytes=5182403
               ->  Sort  (cost=1012385.82..1027656.36 rows=6108215 width=10) (actual time=3432.659..3773.369 rows=2500000 loops=1)
                     Output: t1.ctid, t1.i
                     Sort Key: t1.i
                     Sort Method: external merge  Disk: 215352kB
                     Buffers: shared hit=15644 read=38411 dirtied=631, temp read=34024 written=54032
                     WAL: records=631 fpi=631 bytes=5182403
                     ->  Seq Scan on public.t1  (cost=0.00..115137.15 rows=6108215 width=10) (actual time=0.031..1073.371 rows=10000000 loops=1)
                           Output: t1.ctid, t1.i
                           Buffers: shared hit=15644 read=38411 dirtied=631
                           WAL: records=631 fpi=631 bytes=5182403
 Planning:
   Buffers: shared hit=21 read=7
 Planning Time: 0.237 ms
 JIT:
   Functions: 20
   Options: Inlining true, Optimization true, Expressions true, Deforming true
   Timing: Generation 0.948 ms, Inlining 76.071 ms, Optimization 97.998 ms, Emission 70.028 ms, Total 245.045 ms
 Execution Time: 16365.829 ms
(55 lignes)
`,PX=String.raw`
-- create a plan with all written/buffers/shared/local/temp at once

\timing off

\set NB 10000000
\set MINIMUM :NB/4


SET synchronous_commit TO off;

\set ON_ERROR_STOP 1

\set ECHO queries

DROP TABLE  IF EXISTS t1, t2 ;

CREATE TABLE t1 (i int GENERATED BY DEFAULT AS IDENTITY, x float DEFAULT random(), filler text DEFAULT NULL) ;

CREATE TEMP TABLE t2 (LIKE t1);
VACUUM (ANALYZE,VERBOSE) t1,t2;

\d+ t1
\d+ t2

INSERT INTO t1 SELECT FROM generate_series (1,:NB) i ;

INSERT INTO t2 SELECT i,x,md5(i::text) FROM t1 WHERE i < :MINIMUM ;

\dt+ t?

SET work_mem TO '4MB' ;

\echo "Update T1 from a modified version of T2"

EXPLAIN (ANALYZE,BUFFERS,VERBOSE,SETTINGS,WAL)
WITH t2bb AS ( UPDATE t2 SET x=null RETURNING * ),
t2b AS ( SELECT * FROM t2bb ORDER BY random())
MERGE INTO t1
USING t2b
ON (t1.i=t2b.i)
WHEN NOT MATCHED AND t2b.i >= :MINIMUM THEN
  INSERT VALUES (t2b.i, null, t2b.filler)
WHEN MATCHED AND t2b.i < :MINIMUM THEN
  DELETE
WHEN MATCHED THEN
  UPDATE SET filler=t2b.filler, x=null ;
`,MX=`Append (actual time=102.409..302.675 rows=3 loops=1)
  CTE init
    ->  Append (actual time=102.397..302.649 rows=2 loops=1)
          ->  Function Scan on pg_sleep pg_sleep_for (actual time=102.396..102.398 rows=1 loops=1)
          ->  Function Scan on pg_sleep pg_sleep_for_1 (actual time=200.243..200.245 rows=1 loops=1)
  ->  Limit (actual time=102.407..102.409 rows=1 loops=1)
        ->  CTE Scan on init init_1 (actual time=102.402..102.402 rows=1 loops=1)
  ->  CTE Scan on init (actual time=0.001..200.256 rows=2 loops=1)
Planning Time: 47.003 ms
Execution Time: 303.905 ms
`,HX=`WITH init AS (
 SELECT * FROM pg_sleep_for('100ms')
 UNION ALL
 SELECT * FROM pg_sleep_for('200ms')
)
(SELECT * FROM init LIMIT 1)
UNION ALL
(SELECT * FROM init);
`,WX=String.raw`{
  "Plan": {
    "Node Type": "Hash Join",
    "Parallel Aware": false,
    "Join Type": "Left",
    "Startup Cost": 394.93,
    "Total Cost": 417.11,
    "Plan Rows": 12,
    "Plan Width": 316,
    "Actual Startup Time": 226.103,
    "Actual Total Time": 232.217,
    "Actual Rows": 62,
    "Actual Loops": 1,
    "Output": [
      "c.relname",
      "(pg_total_relation_size((c.oid)::regclass))",
      "(pg_indexes_size((c.oid)::regclass))",
      "(COALESCE(pg_total_relation_size((c.reltoastrelid)::regclass), '0'::bigint))",
      "(((pg_total_relation_size((c.oid)::regclass)) - (pg_indexes_size((c.oid)::regclass))) - (COALESCE(pg_total_relation_size((c.reltoastrelid)::regclass), '0'::bigint)))",
      "COALESCE((count(*)), '0'::bigint)",
      "pg_size_pretty((pg_total_relation_size((c.oid)::regclass)))",
      "pg_size_pretty((pg_indexes_size((c.oid)::regclass)))",
      "pg_size_pretty((COALESCE(pg_total_relation_size((c.reltoastrelid)::regclass), '0'::bigint)))",
      "pg_size_pretty((((pg_total_relation_size((c.oid)::regclass)) - (pg_indexes_size((c.oid)::regclass))) - (COALESCE(pg_total_relation_size((c.reltoastrelid)::regclass), '0'::bigint))))",
      "CASE WHEN ((((s.heappages + s.toastpages))::double precision - (ceil((s.reltuples / ((((s.bs - (s.page_hdr)::numeric) * (s.fillfactor)::numeric))::double precision / (((((((4 + s.tpl_hdr_size))::double precision + s.tpl_data_size) + ((2 * s.ma))::double precision) - (CASE WHEN ((s.tpl_hdr_size % (s.ma)::bigint) = 0) THEN (s.ma)::bigint ELSE (s.tpl_hdr_size % (s.ma)::bigint) END)::double precision) - (CASE WHEN (((ceil(s.tpl_data_size))::integer % s.ma) = 0) THEN s.ma ELSE ((ceil(s.tpl_data_size))::integer % s.ma) END)::double precision) * '100'::double precision)))) + ceil((s.toasttuples / '4'::double precision)))) > '0'::double precision) THEN ((((s.heappages + s.toastpages))::double precision - (ceil((s.reltuples / ((((s.bs - (s.page_hdr)::numeric) * (s.fillfactor)::numeric))::double precision / (((((((4 + s.tpl_hdr_size))::double precision + s.tpl_data_size) + ((2 * s.ma))::double precision) - (CASE WHEN ((s.tpl_hdr_size % (s.ma)::bigint) = 0) THEN (s.ma)::bigint ELSE (s.tpl_hdr_size % (s.ma)::bigint) END)::double precision) - (CASE WHEN (((ceil(s.tpl_data_size))::integer % s.ma) = 0) THEN s.ma ELSE ((ceil(s.tpl_data_size))::integer % s.ma) END)::double precision) * '100'::double precision)))) + ceil((s.toasttuples / '4'::double precision)))) * (s.bs)::double precision) ELSE '0'::double precision END",
      "pg_size_pretty((CASE WHEN ((((s.heappages + s.toastpages))::double precision - (ceil((s.reltuples / ((((s.bs - (s.page_hdr)::numeric) * (s.fillfactor)::numeric))::double precision / (((((((4 + s.tpl_hdr_size))::double precision + s.tpl_data_size) + ((2 * s.ma))::double precision) - (CASE WHEN ((s.tpl_hdr_size % (s.ma)::bigint) = 0) THEN (s.ma)::bigint ELSE (s.tpl_hdr_size % (s.ma)::bigint) END)::double precision) - (CASE WHEN (((ceil(s.tpl_data_size))::integer % s.ma) = 0) THEN s.ma ELSE ((ceil(s.tpl_data_size))::integer % s.ma) END)::double precision) * '100'::double precision)))) + ceil((s.toasttuples / '4'::double precision)))) > '0'::double precision) THEN ((((s.heappages + s.toastpages))::double precision - (ceil((s.reltuples / ((((s.bs - (s.page_hdr)::numeric) * (s.fillfactor)::numeric))::double precision / (((((((4 + s.tpl_hdr_size))::double precision + s.tpl_data_size) + ((2 * s.ma))::double precision) - (CASE WHEN ((s.tpl_hdr_size % (s.ma)::bigint) = 0) THEN (s.ma)::bigint ELSE (s.tpl_hdr_size % (s.ma)::bigint) END)::double precision) - (CASE WHEN (((ceil(s.tpl_data_size))::integer % s.ma) = 0) THEN s.ma ELSE ((ceil(s.tpl_data_size))::integer % s.ma) END)::double precision) * '100'::double precision)))) + ceil((s.toasttuples / '4'::double precision)))) * (s.bs)::double precision) ELSE '0'::double precision END)::bigint)",
      "(sum((CASE WHEN ((q.relpages)::double precision > COALESCE(('1'::double precision + ceil((q.reltuples / floor((((((((current_setting('block_size'::text))::numeric) - ((16))::numeric) - ((24))::numeric) * (q.fillfactor)::numeric))::double precision / ('100'::double precision * (('4'::numeric + ((((((((CASE WHEN (max(COALESCE(s_3.stanullfrac, '0'::real)) = '0'::double precision) THEN 2 ELSE 6 END) + (CASE WHEN ((version() ~ 'mingw32'::text) OR (version() ~ '64-bit|x86_64|ppc64|ia64|amd64'::text)) THEN 8 ELSE 4 END)) - CASE WHEN (((CASE WHEN (max(COALESCE(s_3.stanullfrac, '0'::real)) = '0'::double precision) THEN 2 ELSE 6 END) % (CASE WHEN ((version() ~ 'mingw32'::text) OR (version() ~ '64-bit|x86_64|ppc64|ia64|amd64'::text)) THEN 8 ELSE 4 END)) = 0) THEN (CASE WHEN ((version() ~ 'mingw32'::text) OR (version() ~ '64-bit|x86_64|ppc64|ia64|amd64'::text)) THEN 8 ELSE 4 END) ELSE ((CASE WHEN (max(COALESCE(s_3.stanullfrac, '0'::real)) = '0'::double precision) THEN 2 ELSE 6 END) % (CASE WHEN ((version() ~ 'mingw32'::text) OR (version() ~ '64-bit|x86_64|ppc64|ia64|amd64'::text)) THEN 8 ELSE 4 END)) END))::double precision + (sum((('1'::double precision - COALESCE(s_3.stanullfrac, '0'::real)) * (COALESCE(s_3.stawidth, 1024))::double precision)))) + ((CASE WHEN ((version() ~ 'mingw32'::text) OR (version() ~ '64-bit|x86_64|ppc64|ia64|amd64'::text)) THEN 8 ELSE 4 END))::double precision) - (CASE WHEN ((sum((('1'::double precision - COALESCE(s_3.stanullfrac, '0'::real)) * (COALESCE(s_3.stawidth, 1024))::double precision))) = '0'::double precision) THEN 0 WHEN ((((sum((('1'::double precision - COALESCE(s_3.stanullfrac, '0'::real)) * (COALESCE(s_3.stawidth, 1024))::double precision))))::integer % (CASE WHEN ((version() ~ 'mingw32'::text) OR (version() ~ '64-bit|x86_64|ppc64|ia64|amd64'::text)) THEN 8 ELSE 4 END)) = 0) THEN (CASE WHEN ((version() ~ 'mingw32'::text) OR (version() ~ '64-bit|x86_64|ppc64|ia64|amd64'::text)) THEN 8 ELSE 4 END) ELSE (((sum((('1'::double precision - COALESCE(s_3.stanullfrac, '0'::real)) * (COALESCE(s_3.stawidth, 1024))::double precision))))::integer % (CASE WHEN ((version() ~ 'mingw32'::text) OR (version() ~ '64-bit|x86_64|ppc64|ia64|amd64'::text)) THEN 8 ELSE 4 END)) END)::double precision))::numeric))::double precision)))))), '0'::double precision)) THEN ((((current_setting('block_size'::text))::numeric))::double precision * ((q.relpages)::double precision - COALESCE(('1'::double precision + ceil((q.reltuples / floor((((((((current_setting('block_size'::text))::numeric) - ((16))::numeric) - ((24))::numeric) * (q.fillfactor)::numeric))::double precision / ('100'::double precision * (('4'::numeric + ((((((((CASE WHEN (max(COALESCE(s_3.stanullfrac, '0'::real)) = '0'::double precision) THEN 2 ELSE 6 END) + (CASE WHEN ((version() ~ 'mingw32'::text) OR (version() ~ '64-bit|x86_64|ppc64|ia64|amd64'::text)) THEN 8 ELSE 4 END)) - CASE WHEN (((CASE WHEN (max(COALESCE(s_3.stanullfrac, '0'::real)) = '0'::double precision) THEN 2 ELSE 6 END) % (CASE WHEN ((version() ~ 'mingw32'::text) OR (version() ~ '64-bit|x86_64|ppc64|ia64|amd64'::text)) THEN 8 ELSE 4 END)) = 0) THEN (CASE WHEN ((version() ~ 'mingw32'::text) OR (version() ~ '64-bit|x86_64|ppc64|ia64|amd64'::text)) THEN 8 ELSE 4 END) ELSE ((CASE WHEN (max(COALESCE(s_3.stanullfrac, '0'::real)) = '0'::double precision) THEN 2 ELSE 6 END) % (CASE WHEN ((version() ~ 'mingw32'::text) OR (version() ~ '64-bit|x86_64|ppc64|ia64|amd64'::text)) THEN 8 ELSE 4 END)) END))::double precision + (sum((('1'::double precision - COALESCE(s_3.stanullfrac, '0'::real)) * (COALESCE(s_3.stawidth, 1024))::double precision)))) + ((CASE WHEN ((version() ~ 'mingw32'::text) OR (version() ~ '64-bit|x86_64|ppc64|ia64|amd64'::text)) THEN 8 ELSE 4 END))::double precision) - (CASE WHEN ((sum((('1'::double precision - COALESCE(s_3.stanullfrac, '0'::real)) * (COALESCE(s_3.stawidth, 1024))::double precision))) = '0'::double precision) THEN 0 WHEN ((((sum((('1'::double precision - COALESCE(s_3.stanullfrac, '0'::real)) * (COALESCE(s_3.stawidth, 1024))::double precision))))::integer % (CASE WHEN ((version() ~ 'mingw32'::text) OR (version() ~ '64-bit|x86_64|ppc64|ia64|amd64'::text)) THEN 8 ELSE 4 END)) = 0) THEN (CASE WHEN ((version() ~ 'mingw32'::text) OR (version() ~ '64-bit|x86_64|ppc64|ia64|amd64'::text)) THEN 8 ELSE 4 END) ELSE (((sum((('1'::double precision - COALESCE(s_3.stanullfrac, '0'::real)) * (COALESCE(s_3.stawidth, 1024))::double precision))))::integer % (CASE WHEN ((version() ~ 'mingw32'::text) OR (version() ~ '64-bit|x86_64|ppc64|ia64|amd64'::text)) THEN 8 ELSE 4 END)) END)::double precision))::numeric))::double precision)))))), '0'::double precision))) ELSE '0'::double precision END)))",
      "pg_size_pretty(((sum((CASE WHEN ((q.relpages)::double precision > COALESCE(('1'::double precision + ceil((q.reltuples / floor((((((((current_setting('block_size'::text))::numeric) - ((16))::numeric) - ((24))::numeric) * (q.fillfactor)::numeric))::double precision / ('100'::double precision * (('4'::numeric + ((((((((CASE WHEN (max(COALESCE(s_3.stanullfrac, '0'::real)) = '0'::double precision) THEN 2 ELSE 6 END) + (CASE WHEN ((version() ~ 'mingw32'::text) OR (version() ~ '64-bit|x86_64|ppc64|ia64|amd64'::text)) THEN 8 ELSE 4 END)) - CASE WHEN (((CASE WHEN (max(COALESCE(s_3.stanullfrac, '0'::real)) = '0'::double precision) THEN 2 ELSE 6 END) % (CASE WHEN ((version() ~ 'mingw32'::text) OR (version() ~ '64-bit|x86_64|ppc64|ia64|amd64'::text)) THEN 8 ELSE 4 END)) = 0) THEN (CASE WHEN ((version() ~ 'mingw32'::text) OR (version() ~ '64-bit|x86_64|ppc64|ia64|amd64'::text)) THEN 8 ELSE 4 END) ELSE ((CASE WHEN (max(COALESCE(s_3.stanullfrac, '0'::real)) = '0'::double precision) THEN 2 ELSE 6 END) % (CASE WHEN ((version() ~ 'mingw32'::text) OR (version() ~ '64-bit|x86_64|ppc64|ia64|amd64'::text)) THEN 8 ELSE 4 END)) END))::double precision + (sum((('1'::double precision - COALESCE(s_3.stanullfrac, '0'::real)) * (COALESCE(s_3.stawidth, 1024))::double precision)))) + ((CASE WHEN ((version() ~ 'mingw32'::text) OR (version() ~ '64-bit|x86_64|ppc64|ia64|amd64'::text)) THEN 8 ELSE 4 END))::double precision) - (CASE WHEN ((sum((('1'::double precision - COALESCE(s_3.stanullfrac, '0'::real)) * (COALESCE(s_3.stawidth, 1024))::double precision))) = '0'::double precision) THEN 0 WHEN ((((sum((('1'::double precision - COALESCE(s_3.stanullfrac, '0'::real)) * (COALESCE(s_3.stawidth, 1024))::double precision))))::integer % (CASE WHEN ((version() ~ 'mingw32'::text) OR (version() ~ '64-bit|x86_64|ppc64|ia64|amd64'::text)) THEN 8 ELSE 4 END)) = 0) THEN (CASE WHEN ((version() ~ 'mingw32'::text) OR (version() ~ '64-bit|x86_64|ppc64|ia64|amd64'::text)) THEN 8 ELSE 4 END) ELSE (((sum((('1'::double precision - COALESCE(s_3.stanullfrac, '0'::real)) * (COALESCE(s_3.stawidth, 1024))::double precision))))::integer % (CASE WHEN ((version() ~ 'mingw32'::text) OR (version() ~ '64-bit|x86_64|ppc64|ia64|amd64'::text)) THEN 8 ELSE 4 END)) END)::double precision))::numeric))::double precision)))))), '0'::double precision)) THEN ((((current_setting('block_size'::text))::numeric))::double precision * ((q.relpages)::double precision - COALESCE(('1'::double precision + ceil((q.reltuples / floor((((((((current_setting('block_size'::text))::numeric) - ((16))::numeric) - ((24))::numeric) * (q.fillfactor)::numeric))::double precision / ('100'::double precision * (('4'::numeric + ((((((((CASE WHEN (max(COALESCE(s_3.stanullfrac, '0'::real)) = '0'::double precision) THEN 2 ELSE 6 END) + (CASE WHEN ((version() ~ 'mingw32'::text) OR (version() ~ '64-bit|x86_64|ppc64|ia64|amd64'::text)) THEN 8 ELSE 4 END)) - CASE WHEN (((CASE WHEN (max(COALESCE(s_3.stanullfrac, '0'::real)) = '0'::double precision) THEN 2 ELSE 6 END) % (CASE WHEN ((version() ~ 'mingw32'::text) OR (version() ~ '64-bit|x86_64|ppc64|ia64|amd64'::text)) THEN 8 ELSE 4 END)) = 0) THEN (CASE WHEN ((version() ~ 'mingw32'::text) OR (version() ~ '64-bit|x86_64|ppc64|ia64|amd64'::text)) THEN 8 ELSE 4 END) ELSE ((CASE WHEN (max(COALESCE(s_3.stanullfrac, '0'::real)) = '0'::double precision) THEN 2 ELSE 6 END) % (CASE WHEN ((version() ~ 'mingw32'::text) OR (version() ~ '64-bit|x86_64|ppc64|ia64|amd64'::text)) THEN 8 ELSE 4 END)) END))::double precision + (sum((('1'::double precision - COALESCE(s_3.stanullfrac, '0'::real)) * (COALESCE(s_3.stawidth, 1024))::double precision)))) + ((CASE WHEN ((version() ~ 'mingw32'::text) OR (version() ~ '64-bit|x86_64|ppc64|ia64|amd64'::text)) THEN 8 ELSE 4 END))::double precision) - (CASE WHEN ((sum((('1'::double precision - COALESCE(s_3.stanullfrac, '0'::real)) * (COALESCE(s_3.stawidth, 1024))::double precision))) = '0'::double precision) THEN 0 WHEN ((((sum((('1'::double precision - COALESCE(s_3.stanullfrac, '0'::real)) * (COALESCE(s_3.stawidth, 1024))::double precision))))::integer % (CASE WHEN ((version() ~ 'mingw32'::text) OR (version() ~ '64-bit|x86_64|ppc64|ia64|amd64'::text)) THEN 8 ELSE 4 END)) = 0) THEN (CASE WHEN ((version() ~ 'mingw32'::text) OR (version() ~ '64-bit|x86_64|ppc64|ia64|amd64'::text)) THEN 8 ELSE 4 END) ELSE (((sum((('1'::double precision - COALESCE(s_3.stanullfrac, '0'::real)) * (COALESCE(s_3.stawidth, 1024))::double precision))))::integer % (CASE WHEN ((version() ~ 'mingw32'::text) OR (version() ~ '64-bit|x86_64|ppc64|ia64|amd64'::text)) THEN 8 ELSE 4 END)) END)::double precision))::numeric))::double precision)))))), '0'::double precision))) ELSE '0'::double precision END))))::bigint)",
      "c.reltuples"
    ],
    "Inner Unique": true,
    "Hash Cond": "((n.nspname = q.nspname) AND (c.relname = q.tblname))",
    "Shared Hit Blocks": 218101,
    "Shared Read Blocks": 0,
    "Shared Dirtied Blocks": 0,
    "Shared Written Blocks": 0,
    "Local Hit Blocks": 0,
    "Local Read Blocks": 0,
    "Local Dirtied Blocks": 0,
    "Local Written Blocks": 0,
    "Temp Read Blocks": 0,
    "Temp Written Blocks": 0,
    "Plans": [
      {
        "Node Type": "Hash Join",
        "Parent Relationship": "Outer",
        "Parallel Aware": false,
        "Join Type": "Inner",
        "Startup Cost": 211.58,
        "Total Cost": 228.59,
        "Plan Rows": 12,
        "Plan Width": 240,
        "Actual Startup Time": 35.727,
        "Actual Total Time": 41.452,
        "Actual Rows": 62,
        "Actual Loops": 1,
        "Output": [
          "c.relname",
          "(pg_total_relation_size((c.oid)::regclass))",
          "(pg_indexes_size((c.oid)::regclass))",
          "(COALESCE(pg_total_relation_size((c.reltoastrelid)::regclass), '0'::bigint))",
          "c.reltuples",
          "n.nspname",
          "(count(*))",
          "s.heappages",
          "s.toastpages",
          "s.reltuples",
          "s.bs",
          "s.page_hdr",
          "s.fillfactor",
          "s.tpl_hdr_size",
          "s.tpl_data_size",
          "s.ma",
          "s.toasttuples"
        ],
        "Inner Unique": false,
        "Hash Cond": "(c.relname = s.tblname)",
        "Shared Hit Blocks": 2449,
        "Shared Read Blocks": 0,
        "Shared Dirtied Blocks": 0,
        "Shared Written Blocks": 0,
        "Local Hit Blocks": 0,
        "Local Read Blocks": 0,
        "Local Dirtied Blocks": 0,
        "Local Written Blocks": 0,
        "Temp Read Blocks": 0,
        "Temp Written Blocks": 0,
        "Plans": [
          {
            "Node Type": "Hash Join",
            "Parent Relationship": "Outer",
            "Parallel Aware": false,
            "Join Type": "Left",
            "Startup Cost": 42.71,
            "Total Cost": 59.55,
            "Plan Rows": 12,
            "Plan Width": 164,
            "Actual Startup Time": 0.697,
            "Actual Total Time": 6.325,
            "Actual Rows": 62,
            "Actual Loops": 1,
            "Output": [
              "c.relname",
              "(pg_total_relation_size((c.oid)::regclass))",
              "(pg_indexes_size((c.oid)::regclass))",
              "(COALESCE(pg_total_relation_size((c.reltoastrelid)::regclass), '0'::bigint))",
              "c.reltuples",
              "n.nspname",
              "(count(*))"
            ],
            "Inner Unique": true,
            "Hash Cond": "(c.relname = c_1.relname)",
            "Shared Hit Blocks": 694,
            "Shared Read Blocks": 0,
            "Shared Dirtied Blocks": 0,
            "Shared Written Blocks": 0,
            "Local Hit Blocks": 0,
            "Local Read Blocks": 0,
            "Local Dirtied Blocks": 0,
            "Local Written Blocks": 0,
            "Temp Read Blocks": 0,
            "Temp Written Blocks": 0,
            "Plans": [
              {
                "Node Type": "Hash Join",
                "Parent Relationship": "Outer",
                "Parallel Aware": false,
                "Join Type": "Inner",
                "Startup Cost": 1.09,
                "Total Cost": 17.77,
                "Plan Rows": 12,
                "Plan Width": 160,
                "Actual Startup Time": 0.151,
                "Actual Total Time": 5.685,
                "Actual Rows": 62,
                "Actual Loops": 1,
                "Output": [
                  "NULL::oid",
                  "n.nspname",
                  "c.relname",
                  "c.reltuples",
                  "pg_total_relation_size((c.oid)::regclass)",
                  "pg_indexes_size((c.oid)::regclass)",
                  "COALESCE(pg_total_relation_size((c.reltoastrelid)::regclass), '0'::bigint)"
                ],
                "Inner Unique": true,
                "Hash Cond": "(c.relnamespace = n.oid)",
                "Shared Hit Blocks": 663,
                "Shared Read Blocks": 0,
                "Shared Dirtied Blocks": 0,
                "Shared Written Blocks": 0,
                "Local Hit Blocks": 0,
                "Local Read Blocks": 0,
                "Local Dirtied Blocks": 0,
                "Local Written Blocks": 0,
                "Temp Read Blocks": 0,
                "Temp Written Blocks": 0,
                "Plans": [
                  {
                    "Node Type": "Seq Scan",
                    "Parent Relationship": "Outer",
                    "Parallel Aware": false,
                    "Relation Name": "pg_class",
                    "Schema": "pg_catalog",
                    "Alias": "c",
                    "Startup Cost": 0.0,
                    "Total Cost": 16.27,
                    "Plan Rows": 69,
                    "Plan Width": 80,
                    "Actual Startup Time": 0.014,
                    "Actual Total Time": 0.135,
                    "Actual Rows": 71,
                    "Actual Loops": 1,
                    "Output": [
                      "c.relname",
                      "c.reltuples",
                      "c.oid",
                      "c.reltoastrelid",
                      "c.relnamespace"
                    ],
                    "Filter": "(c.relkind = 'r'::\"char\")",
                    "Rows Removed by Filter": 277,
                    "Shared Hit Blocks": 12,
                    "Shared Read Blocks": 0,
                    "Shared Dirtied Blocks": 0,
                    "Shared Written Blocks": 0,
                    "Local Hit Blocks": 0,
                    "Local Read Blocks": 0,
                    "Local Dirtied Blocks": 0,
                    "Local Written Blocks": 0,
                    "Temp Read Blocks": 0,
                    "Temp Written Blocks": 0
                  },
                  {
                    "Node Type": "Hash",
                    "Parent Relationship": "Inner",
                    "Parallel Aware": false,
                    "Startup Cost": 1.07,
                    "Total Cost": 1.07,
                    "Plan Rows": 1,
                    "Plan Width": 68,
                    "Actual Startup Time": 0.014,
                    "Actual Total Time": 0.014,
                    "Actual Rows": 1,
                    "Actual Loops": 1,
                    "Output": ["n.nspname", "n.oid"],
                    "Hash Buckets": 1024,
                    "Original Hash Buckets": 1024,
                    "Hash Batches": 1,
                    "Original Hash Batches": 1,
                    "Peak Memory Usage": 9,
                    "Shared Hit Blocks": 1,
                    "Shared Read Blocks": 0,
                    "Shared Dirtied Blocks": 0,
                    "Shared Written Blocks": 0,
                    "Local Hit Blocks": 0,
                    "Local Read Blocks": 0,
                    "Local Dirtied Blocks": 0,
                    "Local Written Blocks": 0,
                    "Temp Read Blocks": 0,
                    "Temp Written Blocks": 0,
                    "Plans": [
                      {
                        "Node Type": "Seq Scan",
                        "Parent Relationship": "Outer",
                        "Parallel Aware": false,
                        "Relation Name": "pg_namespace",
                        "Schema": "pg_catalog",
                        "Alias": "n",
                        "Startup Cost": 0.0,
                        "Total Cost": 1.07,
                        "Plan Rows": 1,
                        "Plan Width": 68,
                        "Actual Startup Time": 0.006,
                        "Actual Total Time": 0.007,
                        "Actual Rows": 1,
                        "Actual Loops": 1,
                        "Output": ["n.nspname", "n.oid"],
                        "Filter": "(n.nspname = 'pg_catalog'::name)",
                        "Rows Removed by Filter": 6,
                        "Shared Hit Blocks": 1,
                        "Shared Read Blocks": 0,
                        "Shared Dirtied Blocks": 0,
                        "Shared Written Blocks": 0,
                        "Local Hit Blocks": 0,
                        "Local Read Blocks": 0,
                        "Local Dirtied Blocks": 0,
                        "Local Written Blocks": 0,
                        "Temp Read Blocks": 0,
                        "Temp Written Blocks": 0
                      }
                    ]
                  }
                ]
              },
              {
                "Node Type": "Hash",
                "Parent Relationship": "Inner",
                "Parallel Aware": false,
                "Startup Cost": 41.44,
                "Total Cost": 41.44,
                "Plan Rows": 14,
                "Plan Width": 72,
                "Actual Startup Time": 0.529,
                "Actual Total Time": 0.529,
                "Actual Rows": 62,
                "Actual Loops": 1,
                "Output": ["(count(*))", "c_1.relname"],
                "Hash Buckets": 1024,
                "Original Hash Buckets": 1024,
                "Hash Batches": 1,
                "Original Hash Batches": 1,
                "Peak Memory Usage": 15,
                "Shared Hit Blocks": 31,
                "Shared Read Blocks": 0,
                "Shared Dirtied Blocks": 0,
                "Shared Written Blocks": 0,
                "Local Hit Blocks": 0,
                "Local Read Blocks": 0,
                "Local Dirtied Blocks": 0,
                "Local Written Blocks": 0,
                "Temp Read Blocks": 0,
                "Temp Written Blocks": 0,
                "Plans": [
                  {
                    "Node Type": "Aggregate",
                    "Strategy": "Sorted",
                    "Partial Mode": "Simple",
                    "Parent Relationship": "Outer",
                    "Parallel Aware": false,
                    "Startup Cost": 41.06,
                    "Total Cost": 41.3,
                    "Plan Rows": 14,
                    "Plan Width": 72,
                    "Actual Startup Time": 0.474,
                    "Actual Total Time": 0.504,
                    "Actual Rows": 62,
                    "Actual Loops": 1,
                    "Output": ["count(*)", "c_1.relname"],
                    "Group Key": ["c_1.relname"],
                    "Shared Hit Blocks": 31,
                    "Shared Read Blocks": 0,
                    "Shared Dirtied Blocks": 0,
                    "Shared Written Blocks": 0,
                    "Local Hit Blocks": 0,
                    "Local Read Blocks": 0,
                    "Local Dirtied Blocks": 0,
                    "Local Written Blocks": 0,
                    "Temp Read Blocks": 0,
                    "Temp Written Blocks": 0,
                    "Plans": [
                      {
                        "Node Type": "Sort",
                        "Parent Relationship": "Outer",
                        "Parallel Aware": false,
                        "Startup Cost": 41.06,
                        "Total Cost": 41.09,
                        "Plan Rows": 14,
                        "Plan Width": 64,
                        "Actual Startup Time": 0.463,
                        "Actual Total Time": 0.469,
                        "Actual Rows": 116,
                        "Actual Loops": 1,
                        "Output": ["c_1.relname"],
                        "Sort Key": ["c_1.relname"],
                        "Sort Method": "quicksort",
                        "Sort Space Used": 41,
                        "Sort Space Type": "Memory",
                        "Shared Hit Blocks": 31,
                        "Shared Read Blocks": 0,
                        "Shared Dirtied Blocks": 0,
                        "Shared Written Blocks": 0,
                        "Local Hit Blocks": 0,
                        "Local Read Blocks": 0,
                        "Local Dirtied Blocks": 0,
                        "Local Written Blocks": 0,
                        "Temp Read Blocks": 0,
                        "Temp Written Blocks": 0,
                        "Plans": [
                          {
                            "Node Type": "Hash Join",
                            "Parent Relationship": "Outer",
                            "Parallel Aware": false,
                            "Join Type": "Inner",
                            "Startup Cost": 23.87,
                            "Total Cost": 40.79,
                            "Plan Rows": 14,
                            "Plan Width": 64,
                            "Actual Startup Time": 0.266,
                            "Actual Total Time": 0.366,
                            "Actual Rows": 116,
                            "Actual Loops": 1,
                            "Output": ["c_1.relname"],
                            "Inner Unique": false,
                            "Hash Cond": "(i.oid = x.indexrelid)",
                            "Shared Hit Blocks": 28,
                            "Shared Read Blocks": 0,
                            "Shared Dirtied Blocks": 0,
                            "Shared Written Blocks": 0,
                            "Local Hit Blocks": 0,
                            "Local Read Blocks": 0,
                            "Local Dirtied Blocks": 0,
                            "Local Written Blocks": 0,
                            "Temp Read Blocks": 0,
                            "Temp Written Blocks": 0,
                            "Plans": [
                              {
                                "Node Type": "Seq Scan",
                                "Parent Relationship": "Outer",
                                "Parallel Aware": false,
                                "Relation Name": "pg_class",
                                "Schema": "pg_catalog",
                                "Alias": "i",
                                "Startup Cost": 0.0,
                                "Total Cost": 16.27,
                                "Plan Rows": 135,
                                "Plan Width": 8,
                                "Actual Startup Time": 0.009,
                                "Actual Total Time": 0.09,
                                "Actual Rows": 137,
                                "Actual Loops": 1,
                                "Output": ["i.oid", "i.reltablespace"],
                                "Filter": "(i.relkind = 'i'::\"char\")",
                                "Rows Removed by Filter": 211,
                                "Shared Hit Blocks": 12,
                                "Shared Read Blocks": 0,
                                "Shared Dirtied Blocks": 0,
                                "Shared Written Blocks": 0,
                                "Local Hit Blocks": 0,
                                "Local Read Blocks": 0,
                                "Local Dirtied Blocks": 0,
                                "Local Written Blocks": 0,
                                "Temp Read Blocks": 0,
                                "Temp Written Blocks": 0
                              },
                              {
                                "Node Type": "Hash",
                                "Parent Relationship": "Inner",
                                "Parallel Aware": false,
                                "Startup Cost": 23.42,
                                "Total Cost": 23.42,
                                "Plan Rows": 36,
                                "Plan Width": 68,
                                "Actual Startup Time": 0.237,
                                "Actual Total Time": 0.237,
                                "Actual Rows": 116,
                                "Actual Loops": 1,
                                "Output": ["x.indexrelid", "c_1.relname"],
                                "Hash Buckets": 1024,
                                "Original Hash Buckets": 1024,
                                "Hash Batches": 1,
                                "Original Hash Batches": 1,
                                "Peak Memory Usage": 20,
                                "Shared Hit Blocks": 16,
                                "Shared Read Blocks": 0,
                                "Shared Dirtied Blocks": 0,
                                "Shared Written Blocks": 0,
                                "Local Hit Blocks": 0,
                                "Local Read Blocks": 0,
                                "Local Dirtied Blocks": 0,
                                "Local Written Blocks": 0,
                                "Temp Read Blocks": 0,
                                "Temp Written Blocks": 0,
                                "Plans": [
                                  {
                                    "Node Type": "Hash Join",
                                    "Parent Relationship": "Outer",
                                    "Parallel Aware": false,
                                    "Join Type": "Inner",
                                    "Startup Cost": 17.14,
                                    "Total Cost": 23.42,
                                    "Plan Rows": 36,
                                    "Plan Width": 68,
                                    "Actual Startup Time": 0.145,
                                    "Actual Total Time": 0.21,
                                    "Actual Rows": 116,
                                    "Actual Loops": 1,
                                    "Output": ["x.indexrelid", "c_1.relname"],
                                    "Inner Unique": true,
                                    "Hash Cond": "(x.indrelid = c_1.oid)",
                                    "Shared Hit Blocks": 16,
                                    "Shared Read Blocks": 0,
                                    "Shared Dirtied Blocks": 0,
                                    "Shared Written Blocks": 0,
                                    "Local Hit Blocks": 0,
                                    "Local Read Blocks": 0,
                                    "Local Dirtied Blocks": 0,
                                    "Local Written Blocks": 0,
                                    "Temp Read Blocks": 0,
                                    "Temp Written Blocks": 0,
                                    "Plans": [
                                      {
                                        "Node Type": "Seq Scan",
                                        "Parent Relationship": "Outer",
                                        "Parallel Aware": false,
                                        "Relation Name": "pg_index",
                                        "Schema": "pg_catalog",
                                        "Alias": "x",
                                        "Startup Cost": 0.0,
                                        "Total Cost": 5.8,
                                        "Plan Rows": 180,
                                        "Plan Width": 8,
                                        "Actual Startup Time": 0.005,
                                        "Actual Total Time": 0.018,
                                        "Actual Rows": 137,
                                        "Actual Loops": 1,
                                        "Output": [
                                          "x.indexrelid",
                                          "x.indrelid",
                                          "x.indnatts",
                                          "x.indnkeyatts",
                                          "x.indisunique",
                                          "x.indisprimary",
                                          "x.indisexclusion",
                                          "x.indimmediate",
                                          "x.indisclustered",
                                          "x.indisvalid",
                                          "x.indcheckxmin",
                                          "x.indisready",
                                          "x.indislive",
                                          "x.indisreplident",
                                          "x.indkey",
                                          "x.indcollation",
                                          "x.indclass",
                                          "x.indoption",
                                          "x.indexprs",
                                          "x.indpred"
                                        ],
                                        "Shared Hit Blocks": 4,
                                        "Shared Read Blocks": 0,
                                        "Shared Dirtied Blocks": 0,
                                        "Shared Written Blocks": 0,
                                        "Local Hit Blocks": 0,
                                        "Local Read Blocks": 0,
                                        "Local Dirtied Blocks": 0,
                                        "Local Written Blocks": 0,
                                        "Temp Read Blocks": 0,
                                        "Temp Written Blocks": 0
                                      },
                                      {
                                        "Node Type": "Hash",
                                        "Parent Relationship": "Inner",
                                        "Parallel Aware": false,
                                        "Startup Cost": 16.27,
                                        "Total Cost": 16.27,
                                        "Plan Rows": 69,
                                        "Plan Width": 72,
                                        "Actual Startup Time": 0.124,
                                        "Actual Total Time": 0.124,
                                        "Actual Rows": 71,
                                        "Actual Loops": 1,
                                        "Output": [
                                          "c_1.relname",
                                          "c_1.oid",
                                          "c_1.relnamespace"
                                        ],
                                        "Hash Buckets": 1024,
                                        "Original Hash Buckets": 1024,
                                        "Hash Batches": 1,
                                        "Original Hash Batches": 1,
                                        "Peak Memory Usage": 16,
                                        "Shared Hit Blocks": 12,
                                        "Shared Read Blocks": 0,
                                        "Shared Dirtied Blocks": 0,
                                        "Shared Written Blocks": 0,
                                        "Local Hit Blocks": 0,
                                        "Local Read Blocks": 0,
                                        "Local Dirtied Blocks": 0,
                                        "Local Written Blocks": 0,
                                        "Temp Read Blocks": 0,
                                        "Temp Written Blocks": 0,
                                        "Plans": [
                                          {
                                            "Node Type": "Seq Scan",
                                            "Parent Relationship": "Outer",
                                            "Parallel Aware": false,
                                            "Relation Name": "pg_class",
                                            "Schema": "pg_catalog",
                                            "Alias": "c_1",
                                            "Startup Cost": 0.0,
                                            "Total Cost": 16.27,
                                            "Plan Rows": 69,
                                            "Plan Width": 72,
                                            "Actual Startup Time": 0.005,
                                            "Actual Total Time": 0.11,
                                            "Actual Rows": 71,
                                            "Actual Loops": 1,
                                            "Output": [
                                              "c_1.relname",
                                              "c_1.oid",
                                              "c_1.relnamespace"
                                            ],
                                            "Filter": "(c_1.relkind = ANY ('{r,m}'::\"char\"[]))",
                                            "Rows Removed by Filter": 277,
                                            "Shared Hit Blocks": 12,
                                            "Shared Read Blocks": 0,
                                            "Shared Dirtied Blocks": 0,
                                            "Shared Written Blocks": 0,
                                            "Local Hit Blocks": 0,
                                            "Local Read Blocks": 0,
                                            "Local Dirtied Blocks": 0,
                                            "Local Written Blocks": 0,
                                            "Temp Read Blocks": 0,
                                            "Temp Written Blocks": 0
                                          }
                                        ]
                                      }
                                    ]
                                  }
                                ]
                              }
                            ]
                          }
                        ]
                      }
                    ]
                  }
                ]
              }
            ]
          },
          {
            "Node Type": "Hash",
            "Parent Relationship": "Inner",
            "Parallel Aware": false,
            "Startup Cost": 168.03,
            "Total Cost": 168.03,
            "Plan Rows": 68,
            "Plan Width": 204,
            "Actual Startup Time": 34.99,
            "Actual Total Time": 34.99,
            "Actual Rows": 62,
            "Actual Loops": 1,
            "Output": [
              "s.heappages",
              "s.toastpages",
              "s.reltuples",
              "s.bs",
              "s.page_hdr",
              "s.fillfactor",
              "s.tpl_hdr_size",
              "s.tpl_data_size",
              "s.ma",
              "s.toasttuples",
              "s.schemaname",
              "s.tblname"
            ],
            "Hash Buckets": 1024,
            "Original Hash Buckets": 1024,
            "Hash Batches": 1,
            "Original Hash Batches": 1,
            "Peak Memory Usage": 22,
            "Shared Hit Blocks": 1755,
            "Shared Read Blocks": 0,
            "Shared Dirtied Blocks": 0,
            "Shared Written Blocks": 0,
            "Local Hit Blocks": 0,
            "Local Read Blocks": 0,
            "Local Dirtied Blocks": 0,
            "Local Written Blocks": 0,
            "Temp Read Blocks": 0,
            "Temp Written Blocks": 0,
            "Plans": [
              {
                "Node Type": "Subquery Scan",
                "Parent Relationship": "Outer",
                "Parallel Aware": false,
                "Alias": "s",
                "Startup Cost": 160.72,
                "Total Cost": 168.03,
                "Plan Rows": 68,
                "Plan Width": 204,
                "Actual Startup Time": 34.381,
                "Actual Total Time": 34.907,
                "Actual Rows": 62,
                "Actual Loops": 1,
                "Output": [
                  "s.heappages",
                  "s.toastpages",
                  "s.reltuples",
                  "s.bs",
                  "s.page_hdr",
                  "s.fillfactor",
                  "s.tpl_hdr_size",
                  "s.tpl_data_size",
                  "s.ma",
                  "s.toasttuples",
                  "s.schemaname",
                  "s.tblname"
                ],
                "Shared Hit Blocks": 1755,
                "Shared Read Blocks": 0,
                "Shared Dirtied Blocks": 0,
                "Shared Written Blocks": 0,
                "Local Hit Blocks": 0,
                "Local Read Blocks": 0,
                "Local Dirtied Blocks": 0,
                "Local Written Blocks": 0,
                "Temp Read Blocks": 0,
                "Temp Written Blocks": 0,
                "Plans": [
                  {
                    "Node Type": "Aggregate",
                    "Strategy": "Sorted",
                    "Partial Mode": "Simple",
                    "Parent Relationship": "Subquery",
                    "Parallel Aware": false,
                    "Startup Cost": 160.72,
                    "Total Cost": 167.35,
                    "Plan Rows": 68,
                    "Plan Width": 210,
                    "Actual Startup Time": 34.375,
                    "Actual Total Time": 34.86,
                    "Actual Rows": 62,
                    "Actual Loops": 1,
                    "Output": [
                      "tbl.oid",
                      "ns.nspname",
                      "tbl.relname",
                      "tbl.reltuples",
                      "tbl.relpages",
                      "(COALESCE(toast.relpages, 0))",
                      "(COALESCE(toast.reltuples, '0'::real))",
                      "(COALESCE(((\"substring\"(array_to_string(tbl.reloptions, ' '::text), 'fillfactor=([0-9]+)'::text))::smallint)::integer, 100))",
                      "((current_setting('block_size'::text))::numeric)",
                      "(CASE WHEN ((version() ~ 'mingw32'::text) OR (version() ~ '64-bit|x86_64|ppc64|ia64|amd64'::text)) THEN 8 ELSE 4 END)",
                      "24",
                      "((23 + CASE WHEN (max(COALESCE(s_1.null_frac, '0'::real)) > '0'::double precision) THEN ((7 + count(*)) / 8) ELSE '0'::bigint END) + CASE WHEN tbl.relhasoids THEN 4 ELSE 0 END)",
                      "sum((('1'::double precision - COALESCE(s_1.null_frac, '0'::real)) * (COALESCE(s_1.avg_width, 1024))::double precision))",
                      "NULL::boolean",
                      "tbl.relhasoids"
                    ],
                    "Group Key": [
                      "ns.nspname",
                      "tbl.relname",
                      "tbl.oid",
                      "tbl.reltuples",
                      "tbl.relpages",
                      "(COALESCE(toast.relpages, 0))",
                      "(COALESCE(toast.reltuples, '0'::real))",
                      "(COALESCE(((\"substring\"(array_to_string(tbl.reloptions, ' '::text), 'fillfactor=([0-9]+)'::text))::smallint)::integer, 100))",
                      "((current_setting('block_size'::text))::numeric)",
                      "(CASE WHEN ((version() ~ 'mingw32'::text) OR (version() ~ '64-bit|x86_64|ppc64|ia64|amd64'::text)) THEN 8 ELSE 4 END)",
                      "tbl.relhasoids"
                    ],
                    "Shared Hit Blocks": 1755,
                    "Shared Read Blocks": 0,
                    "Shared Dirtied Blocks": 0,
                    "Shared Written Blocks": 0,
                    "Local Hit Blocks": 0,
                    "Local Read Blocks": 0,
                    "Local Dirtied Blocks": 0,
                    "Local Written Blocks": 0,
                    "Temp Read Blocks": 0,
                    "Temp Written Blocks": 0,
                    "Plans": [
                      {
                        "Node Type": "Sort",
                        "Parent Relationship": "Outer",
                        "Parallel Aware": false,
                        "Startup Cost": 160.72,
                        "Total Cost": 160.89,
                        "Plan Rows": 68,
                        "Plan Width": 197,
                        "Actual Startup Time": 34.295,
                        "Actual Total Time": 34.371,
                        "Actual Rows": 522,
                        "Actual Loops": 1,
                        "Output": [
                          "tbl.oid",
                          "ns.nspname",
                          "tbl.relname",
                          "tbl.reltuples",
                          "tbl.relpages",
                          "(COALESCE(toast.relpages, 0))",
                          "(COALESCE(toast.reltuples, '0'::real))",
                          "(COALESCE(((\"substring\"(array_to_string(tbl.reloptions, ' '::text), 'fillfactor=([0-9]+)'::text))::smallint)::integer, 100))",
                          "((current_setting('block_size'::text))::numeric)",
                          "(CASE WHEN ((version() ~ 'mingw32'::text) OR (version() ~ '64-bit|x86_64|ppc64|ia64|amd64'::text)) THEN 8 ELSE 4 END)",
                          "tbl.relhasoids",
                          "s_1.null_frac",
                          "s_1.avg_width"
                        ],
                        "Sort Key": [
                          "tbl.relname",
                          "tbl.oid",
                          "tbl.reltuples",
                          "tbl.relpages",
                          "(COALESCE(toast.relpages, 0))",
                          "(COALESCE(toast.reltuples, '0'::real))",
                          "(COALESCE(((\"substring\"(array_to_string(tbl.reloptions, ' '::text), 'fillfactor=([0-9]+)'::text))::smallint)::integer, 100))",
                          "tbl.relhasoids"
                        ],
                        "Sort Method": "quicksort",
                        "Sort Space Used": 163,
                        "Sort Space Type": "Memory",
                        "Shared Hit Blocks": 1755,
                        "Shared Read Blocks": 0,
                        "Shared Dirtied Blocks": 0,
                        "Shared Written Blocks": 0,
                        "Local Hit Blocks": 0,
                        "Local Read Blocks": 0,
                        "Local Dirtied Blocks": 0,
                        "Local Written Blocks": 0,
                        "Temp Read Blocks": 0,
                        "Temp Written Blocks": 0,
                        "Plans": [
                          {
                            "Node Type": "Nested Loop",
                            "Parent Relationship": "Outer",
                            "Parallel Aware": false,
                            "Join Type": "Left",
                            "Startup Cost": 21.53,
                            "Total Cost": 158.65,
                            "Plan Rows": 68,
                            "Plan Width": 197,
                            "Actual Startup Time": 4.752,
                            "Actual Total Time": 33.21,
                            "Actual Rows": 522,
                            "Actual Loops": 1,
                            "Output": [
                              "tbl.oid",
                              "ns.nspname",
                              "tbl.relname",
                              "tbl.reltuples",
                              "tbl.relpages",
                              "COALESCE(toast.relpages, 0)",
                              "COALESCE(toast.reltuples, '0'::real)",
                              "COALESCE(((\"substring\"(array_to_string(tbl.reloptions, ' '::text), 'fillfactor=([0-9]+)'::text))::smallint)::integer, 100)",
                              "(current_setting('block_size'::text))::numeric",
                              "CASE WHEN ((version() ~ 'mingw32'::text) OR (version() ~ '64-bit|x86_64|ppc64|ia64|amd64'::text)) THEN 8 ELSE 4 END",
                              "tbl.relhasoids",
                              "s_1.null_frac",
                              "s_1.avg_width"
                            ],
                            "Inner Unique": false,
                            "Join Filter": "((s_1.schemaname = ns.nspname) AND (s_1.tablename = tbl.relname) AND (s_1.attname = att.attname))",
                            "Rows Removed by Join Filter": 190165,
                            "Shared Hit Blocks": 1741,
                            "Shared Read Blocks": 0,
                            "Shared Dirtied Blocks": 0,
                            "Shared Written Blocks": 0,
                            "Local Hit Blocks": 0,
                            "Local Read Blocks": 0,
                            "Local Dirtied Blocks": 0,
                            "Local Written Blocks": 0,
                            "Temp Read Blocks": 0,
                            "Temp Written Blocks": 0,
                            "Plans": [
                              {
                                "Node Type": "Nested Loop",
                                "Parent Relationship": "Outer",
                                "Parallel Aware": false,
                                "Join Type": "Inner",
                                "Startup Cost": 1.64,
                                "Total Cost": 76.04,
                                "Plan Rows": 68,
                                "Plan Width": 262,
                                "Actual Startup Time": 0.083,
                                "Actual Total Time": 1.493,
                                "Actual Rows": 522,
                                "Actual Loops": 1,
                                "Output": [
                                  "att.attname",
                                  "tbl.oid",
                                  "tbl.relname",
                                  "tbl.reltuples",
                                  "tbl.relpages",
                                  "tbl.reloptions",
                                  "tbl.relhasoids",
                                  "ns.nspname",
                                  "toast.relpages",
                                  "toast.reltuples"
                                ],
                                "Inner Unique": false,
                                "Shared Hit Blocks": 351,
                                "Shared Read Blocks": 0,
                                "Shared Dirtied Blocks": 0,
                                "Shared Written Blocks": 0,
                                "Local Hit Blocks": 0,
                                "Local Read Blocks": 0,
                                "Local Dirtied Blocks": 0,
                                "Local Written Blocks": 0,
                                "Temp Read Blocks": 0,
                                "Temp Written Blocks": 0,
                                "Plans": [
                                  {
                                    "Node Type": "Nested Loop",
                                    "Parent Relationship": "Outer",
                                    "Parallel Aware": false,
                                    "Join Type": "Left",
                                    "Startup Cost": 1.36,
                                    "Total Cost": 32.29,
                                    "Plan Rows": 12,
                                    "Plan Width": 198,
                                    "Actual Startup Time": 0.033,
                                    "Actual Total Time": 0.576,
                                    "Actual Rows": 62,
                                    "Actual Loops": 1,
                                    "Output": [
                                      "tbl.oid",
                                      "tbl.relname",
                                      "tbl.reltuples",
                                      "tbl.relpages",
                                      "tbl.reloptions",
                                      "tbl.relhasoids",
                                      "ns.nspname",
                                      "toast.relpages",
                                      "toast.reltuples"
                                    ],
                                    "Inner Unique": true,
                                    "Shared Hit Blocks": 149,
                                    "Shared Read Blocks": 0,
                                    "Shared Dirtied Blocks": 0,
                                    "Shared Written Blocks": 0,
                                    "Local Hit Blocks": 0,
                                    "Local Read Blocks": 0,
                                    "Local Dirtied Blocks": 0,
                                    "Local Written Blocks": 0,
                                    "Temp Read Blocks": 0,
                                    "Temp Written Blocks": 0,
                                    "Plans": [
                                      {
                                        "Node Type": "Hash Join",
                                        "Parent Relationship": "Outer",
                                        "Parallel Aware": false,
                                        "Join Type": "Inner",
                                        "Startup Cost": 1.09,
                                        "Total Cost": 17.68,
                                        "Plan Rows": 12,
                                        "Plan Width": 194,
                                        "Actual Startup Time": 0.023,
                                        "Actual Total Time": 0.32,
                                        "Actual Rows": 62,
                                        "Actual Loops": 1,
                                        "Output": [
                                          "tbl.oid",
                                          "tbl.relname",
                                          "tbl.reltuples",
                                          "tbl.relpages",
                                          "tbl.reloptions",
                                          "tbl.relhasoids",
                                          "tbl.reltoastrelid",
                                          "ns.nspname"
                                        ],
                                        "Inner Unique": true,
                                        "Hash Cond": "(tbl.relnamespace = ns.oid)",
                                        "Shared Hit Blocks": 13,
                                        "Shared Read Blocks": 0,
                                        "Shared Dirtied Blocks": 0,
                                        "Shared Written Blocks": 0,
                                        "Local Hit Blocks": 0,
                                        "Local Read Blocks": 0,
                                        "Local Dirtied Blocks": 0,
                                        "Local Written Blocks": 0,
                                        "Temp Read Blocks": 0,
                                        "Temp Written Blocks": 0,
                                        "Plans": [
                                          {
                                            "Node Type": "Seq Scan",
                                            "Parent Relationship": "Outer",
                                            "Parallel Aware": false,
                                            "Relation Name": "pg_class",
                                            "Schema": "pg_catalog",
                                            "Alias": "tbl",
                                            "Startup Cost": 0.0,
                                            "Total Cost": 16.27,
                                            "Plan Rows": 69,
                                            "Plan Width": 134,
                                            "Actual Startup Time": 0.005,
                                            "Actual Total Time": 0.235,
                                            "Actual Rows": 71,
                                            "Actual Loops": 1,
                                            "Output": [
                                              "tbl.oid",
                                              "tbl.relname",
                                              "tbl.reltuples",
                                              "tbl.relpages",
                                              "tbl.reloptions",
                                              "tbl.relhasoids",
                                              "tbl.relnamespace",
                                              "tbl.reltoastrelid"
                                            ],
                                            "Filter": "(tbl.relkind = 'r'::\"char\")",
                                            "Rows Removed by Filter": 277,
                                            "Shared Hit Blocks": 12,
                                            "Shared Read Blocks": 0,
                                            "Shared Dirtied Blocks": 0,
                                            "Shared Written Blocks": 0,
                                            "Local Hit Blocks": 0,
                                            "Local Read Blocks": 0,
                                            "Local Dirtied Blocks": 0,
                                            "Local Written Blocks": 0,
                                            "Temp Read Blocks": 0,
                                            "Temp Written Blocks": 0
                                          },
                                          {
                                            "Node Type": "Hash",
                                            "Parent Relationship": "Inner",
                                            "Parallel Aware": false,
                                            "Startup Cost": 1.07,
                                            "Total Cost": 1.07,
                                            "Plan Rows": 1,
                                            "Plan Width": 68,
                                            "Actual Startup Time": 0.007,
                                            "Actual Total Time": 0.007,
                                            "Actual Rows": 1,
                                            "Actual Loops": 1,
                                            "Output": ["ns.nspname", "ns.oid"],
                                            "Hash Buckets": 1024,
                                            "Original Hash Buckets": 1024,
                                            "Hash Batches": 1,
                                            "Original Hash Batches": 1,
                                            "Peak Memory Usage": 9,
                                            "Shared Hit Blocks": 1,
                                            "Shared Read Blocks": 0,
                                            "Shared Dirtied Blocks": 0,
                                            "Shared Written Blocks": 0,
                                            "Local Hit Blocks": 0,
                                            "Local Read Blocks": 0,
                                            "Local Dirtied Blocks": 0,
                                            "Local Written Blocks": 0,
                                            "Temp Read Blocks": 0,
                                            "Temp Written Blocks": 0,
                                            "Plans": [
                                              {
                                                "Node Type": "Seq Scan",
                                                "Parent Relationship": "Outer",
                                                "Parallel Aware": false,
                                                "Relation Name": "pg_namespace",
                                                "Schema": "pg_catalog",
                                                "Alias": "ns",
                                                "Startup Cost": 0.0,
                                                "Total Cost": 1.07,
                                                "Plan Rows": 1,
                                                "Plan Width": 68,
                                                "Actual Startup Time": 0.003,
                                                "Actual Total Time": 0.003,
                                                "Actual Rows": 1,
                                                "Actual Loops": 1,
                                                "Output": [
                                                  "ns.nspname",
                                                  "ns.oid"
                                                ],
                                                "Filter": "(ns.nspname = 'pg_catalog'::name)",
                                                "Rows Removed by Filter": 6,
                                                "Shared Hit Blocks": 1,
                                                "Shared Read Blocks": 0,
                                                "Shared Dirtied Blocks": 0,
                                                "Shared Written Blocks": 0,
                                                "Local Hit Blocks": 0,
                                                "Local Read Blocks": 0,
                                                "Local Dirtied Blocks": 0,
                                                "Local Written Blocks": 0,
                                                "Temp Read Blocks": 0,
                                                "Temp Written Blocks": 0
                                              }
                                            ]
                                          }
                                        ]
                                      },
                                      {
                                        "Node Type": "Index Scan",
                                        "Parent Relationship": "Inner",
                                        "Parallel Aware": false,
                                        "Scan Direction": "Forward",
                                        "Index Name": "pg_class_oid_index",
                                        "Relation Name": "pg_class",
                                        "Schema": "pg_catalog",
                                        "Alias": "toast",
                                        "Startup Cost": 0.27,
                                        "Total Cost": 1.22,
                                        "Plan Rows": 1,
                                        "Plan Width": 12,
                                        "Actual Startup Time": 0.003,
                                        "Actual Total Time": 0.003,
                                        "Actual Rows": 0,
                                        "Actual Loops": 62,
                                        "Output": [
                                          "toast.relpages",
                                          "toast.reltuples",
                                          "toast.oid"
                                        ],
                                        "Index Cond": "(tbl.reltoastrelid = toast.oid)",
                                        "Rows Removed by Index Recheck": 0,
                                        "Shared Hit Blocks": 136,
                                        "Shared Read Blocks": 0,
                                        "Shared Dirtied Blocks": 0,
                                        "Shared Written Blocks": 0,
                                        "Local Hit Blocks": 0,
                                        "Local Read Blocks": 0,
                                        "Local Dirtied Blocks": 0,
                                        "Local Written Blocks": 0,
                                        "Temp Read Blocks": 0,
                                        "Temp Written Blocks": 0
                                      }
                                    ]
                                  },
                                  {
                                    "Node Type": "Index Scan",
                                    "Parent Relationship": "Inner",
                                    "Parallel Aware": false,
                                    "Scan Direction": "Forward",
                                    "Index Name": "pg_attribute_relid_attnum_index",
                                    "Relation Name": "pg_attribute",
                                    "Schema": "pg_catalog",
                                    "Alias": "att",
                                    "Startup Cost": 0.28,
                                    "Total Cost": 3.59,
                                    "Plan Rows": 6,
                                    "Plan Width": 68,
                                    "Actual Startup Time": 0.006,
                                    "Actual Total Time": 0.013,
                                    "Actual Rows": 8,
                                    "Actual Loops": 62,
                                    "Output": [
                                      "att.attrelid",
                                      "att.attname",
                                      "att.atttypid",
                                      "att.attstattarget",
                                      "att.attlen",
                                      "att.attnum",
                                      "att.attndims",
                                      "att.attcacheoff",
                                      "att.atttypmod",
                                      "att.attbyval",
                                      "att.attstorage",
                                      "att.attalign",
                                      "att.attnotnull",
                                      "att.atthasdef",
                                      "att.atthasmissing",
                                      "att.attidentity",
                                      "att.attisdropped",
                                      "att.attislocal",
                                      "att.attinhcount",
                                      "att.attcollation",
                                      "att.attacl",
                                      "att.attoptions",
                                      "att.attfdwoptions",
                                      "att.attmissingval"
                                    ],
                                    "Index Cond": "((att.attrelid = tbl.oid) AND (att.attnum > 0))",
                                    "Rows Removed by Index Recheck": 0,
                                    "Filter": "(NOT att.attisdropped)",
                                    "Rows Removed by Filter": 0,
                                    "Shared Hit Blocks": 202,
                                    "Shared Read Blocks": 0,
                                    "Shared Dirtied Blocks": 0,
                                    "Shared Written Blocks": 0,
                                    "Local Hit Blocks": 0,
                                    "Local Read Blocks": 0,
                                    "Local Dirtied Blocks": 0,
                                    "Local Written Blocks": 0,
                                    "Temp Read Blocks": 0,
                                    "Temp Written Blocks": 0
                                  }
                                ]
                              },
                              {
                                "Node Type": "Materialize",
                                "Parent Relationship": "Inner",
                                "Parallel Aware": false,
                                "Startup Cost": 19.89,
                                "Total Cost": 79.21,
                                "Plan Rows": 1,
                                "Plan Width": 200,
                                "Actual Startup Time": 0.001,
                                "Actual Total Time": 0.021,
                                "Actual Rows": 365,
                                "Actual Loops": 522,
                                "Output": [
                                  "s_1.null_frac",
                                  "s_1.avg_width",
                                  "s_1.schemaname",
                                  "s_1.tablename",
                                  "s_1.attname"
                                ],
                                "Shared Hit Blocks": 1390,
                                "Shared Read Blocks": 0,
                                "Shared Dirtied Blocks": 0,
                                "Shared Written Blocks": 0,
                                "Local Hit Blocks": 0,
                                "Local Read Blocks": 0,
                                "Local Dirtied Blocks": 0,
                                "Local Written Blocks": 0,
                                "Temp Read Blocks": 0,
                                "Temp Written Blocks": 0,
                                "Plans": [
                                  {
                                    "Node Type": "Subquery Scan",
                                    "Parent Relationship": "Outer",
                                    "Parallel Aware": false,
                                    "Alias": "s_1",
                                    "Startup Cost": 19.89,
                                    "Total Cost": 79.2,
                                    "Plan Rows": 1,
                                    "Plan Width": 200,
                                    "Actual Startup Time": 0.464,
                                    "Actual Total Time": 4.067,
                                    "Actual Rows": 365,
                                    "Actual Loops": 1,
                                    "Output": [
                                      "s_1.null_frac",
                                      "s_1.avg_width",
                                      "s_1.schemaname",
                                      "s_1.tablename",
                                      "s_1.attname"
                                    ],
                                    "Shared Hit Blocks": 1390,
                                    "Shared Read Blocks": 0,
                                    "Shared Dirtied Blocks": 0,
                                    "Shared Written Blocks": 0,
                                    "Local Hit Blocks": 0,
                                    "Local Read Blocks": 0,
                                    "Local Dirtied Blocks": 0,
                                    "Local Written Blocks": 0,
                                    "Temp Read Blocks": 0,
                                    "Temp Written Blocks": 0,
                                    "Plans": [
                                      {
                                        "Node Type": "Nested Loop",
                                        "Parent Relationship": "Subquery",
                                        "Parallel Aware": false,
                                        "Join Type": "Inner",
                                        "Startup Cost": 19.89,
                                        "Total Cost": 79.19,
                                        "Plan Rows": 1,
                                        "Plan Width": 401,
                                        "Actual Startup Time": 0.459,
                                        "Actual Total Time": 4.022,
                                        "Actual Rows": 365,
                                        "Actual Loops": 1,
                                        "Output": [
                                          "n_1.nspname",
                                          "c_2.relname",
                                          "a.attname",
                                          "NULL::boolean",
                                          "s_2.stanullfrac",
                                          "s_2.stawidth",
                                          "NULL::real",
                                          "NULL::anyarray",
                                          "NULL::real[]",
                                          "NULL::anyarray",
                                          "NULL::real",
                                          "NULL::anyarray",
                                          "NULL::real[]",
                                          "NULL::real[]"
                                        ],
                                        "Inner Unique": true,
                                        "Join Filter": "(s_2.staattnum = a.attnum)",
                                        "Rows Removed by Join Filter": 5375,
                                        "Shared Hit Blocks": 1390,
                                        "Shared Read Blocks": 0,
                                        "Shared Dirtied Blocks": 0,
                                        "Shared Written Blocks": 0,
                                        "Local Hit Blocks": 0,
                                        "Local Read Blocks": 0,
                                        "Local Dirtied Blocks": 0,
                                        "Local Written Blocks": 0,
                                        "Temp Read Blocks": 0,
                                        "Temp Written Blocks": 0,
                                        "Plans": [
                                          {
                                            "Node Type": "Hash Join",
                                            "Parent Relationship": "Outer",
                                            "Parallel Aware": false,
                                            "Join Type": "Inner",
                                            "Startup Cost": 19.61,
                                            "Total Cost": 40.66,
                                            "Plan Rows": 33,
                                            "Plan Width": 146,
                                            "Actual Startup Time": 0.365,
                                            "Actual Total Time": 0.749,
                                            "Actual Rows": 365,
                                            "Actual Loops": 1,
                                            "Output": [
                                              "s_2.stanullfrac",
                                              "s_2.stawidth",
                                              "s_2.starelid",
                                              "s_2.staattnum",
                                              "c_2.relname",
                                              "c_2.oid",
                                              "n_1.nspname"
                                            ],
                                            "Inner Unique": false,
                                            "Hash Cond": "(s_2.starelid = c_2.oid)",
                                            "Shared Hit Blocks": 29,
                                            "Shared Read Blocks": 0,
                                            "Shared Dirtied Blocks": 0,
                                            "Shared Written Blocks": 0,
                                            "Local Hit Blocks": 0,
                                            "Local Read Blocks": 0,
                                            "Local Dirtied Blocks": 0,
                                            "Local Written Blocks": 0,
                                            "Temp Read Blocks": 0,
                                            "Temp Written Blocks": 0,
                                            "Plans": [
                                              {
                                                "Node Type": "Seq Scan",
                                                "Parent Relationship": "Outer",
                                                "Parallel Aware": false,
                                                "Relation Name": "pg_statistic",
                                                "Schema": "pg_catalog",
                                                "Alias": "s_2",
                                                "Startup Cost": 0.0,
                                                "Total Cost": 19.98,
                                                "Plan Rows": 199,
                                                "Plan Width": 14,
                                                "Actual Startup Time": 0.011,
                                                "Actual Total Time": 0.294,
                                                "Actual Rows": 398,
                                                "Actual Loops": 1,
                                                "Output": [
                                                  "s_2.starelid",
                                                  "s_2.staattnum",
                                                  "s_2.stainherit",
                                                  "s_2.stanullfrac",
                                                  "s_2.stawidth",
                                                  "s_2.stadistinct",
                                                  "s_2.stakind1",
                                                  "s_2.stakind2",
                                                  "s_2.stakind3",
                                                  "s_2.stakind4",
                                                  "s_2.stakind5",
                                                  "s_2.staop1",
                                                  "s_2.staop2",
                                                  "s_2.staop3",
                                                  "s_2.staop4",
                                                  "s_2.staop5",
                                                  "s_2.stanumbers1",
                                                  "s_2.stanumbers2",
                                                  "s_2.stanumbers3",
                                                  "s_2.stanumbers4",
                                                  "s_2.stanumbers5",
                                                  "s_2.stavalues1",
                                                  "s_2.stavalues2",
                                                  "s_2.stavalues3",
                                                  "s_2.stavalues4",
                                                  "s_2.stavalues5"
                                                ],
                                                "Filter": "(NOT s_2.stainherit)",
                                                "Rows Removed by Filter": 0,
                                                "Shared Hit Blocks": 16,
                                                "Shared Read Blocks": 0,
                                                "Shared Dirtied Blocks": 0,
                                                "Shared Written Blocks": 0,
                                                "Local Hit Blocks": 0,
                                                "Local Read Blocks": 0,
                                                "Local Dirtied Blocks": 0,
                                                "Local Written Blocks": 0,
                                                "Temp Read Blocks": 0,
                                                "Temp Written Blocks": 0
                                              },
                                              {
                                                "Node Type": "Hash",
                                                "Parent Relationship": "Inner",
                                                "Parallel Aware": false,
                                                "Startup Cost": 18.89,
                                                "Total Cost": 18.89,
                                                "Plan Rows": 57,
                                                "Plan Width": 132,
                                                "Actual Startup Time": 0.313,
                                                "Actual Total Time": 0.313,
                                                "Actual Rows": 237,
                                                "Actual Loops": 1,
                                                "Output": [
                                                  "c_2.relname",
                                                  "c_2.oid",
                                                  "n_1.nspname"
                                                ],
                                                "Hash Buckets": 1024,
                                                "Original Hash Buckets": 1024,
                                                "Hash Batches": 1,
                                                "Original Hash Batches": 1,
                                                "Peak Memory Usage": 46,
                                                "Shared Hit Blocks": 13,
                                                "Shared Read Blocks": 0,
                                                "Shared Dirtied Blocks": 0,
                                                "Shared Written Blocks": 0,
                                                "Local Hit Blocks": 0,
                                                "Local Read Blocks": 0,
                                                "Local Dirtied Blocks": 0,
                                                "Local Written Blocks": 0,
                                                "Temp Read Blocks": 0,
                                                "Temp Written Blocks": 0,
                                                "Plans": [
                                                  {
                                                    "Node Type": "Hash Join",
                                                    "Parent Relationship": "Outer",
                                                    "Parallel Aware": false,
                                                    "Join Type": "Inner",
                                                    "Startup Cost": 1.09,
                                                    "Total Cost": 18.89,
                                                    "Plan Rows": 57,
                                                    "Plan Width": 132,
                                                    "Actual Startup Time": 0.074,
                                                    "Actual Total Time": 0.216,
                                                    "Actual Rows": 237,
                                                    "Actual Loops": 1,
                                                    "Output": [
                                                      "c_2.relname",
                                                      "c_2.oid",
                                                      "n_1.nspname"
                                                    ],
                                                    "Inner Unique": true,
                                                    "Hash Cond": "(c_2.relnamespace = n_1.oid)",
                                                    "Shared Hit Blocks": 13,
                                                    "Shared Read Blocks": 0,
                                                    "Shared Dirtied Blocks": 0,
                                                    "Shared Written Blocks": 0,
                                                    "Local Hit Blocks": 0,
                                                    "Local Read Blocks": 0,
                                                    "Local Dirtied Blocks": 0,
                                                    "Local Written Blocks": 0,
                                                    "Temp Read Blocks": 0,
                                                    "Temp Written Blocks": 0,
                                                    "Plans": [
                                                      {
                                                        "Node Type": "Seq Scan",
                                                        "Parent Relationship": "Outer",
                                                        "Parallel Aware": false,
                                                        "Relation Name": "pg_class",
                                                        "Schema": "pg_catalog",
                                                        "Alias": "c_2",
                                                        "Startup Cost": 0.0,
                                                        "Total Cost": 16.27,
                                                        "Plan Rows": 342,
                                                        "Plan Width": 72,
                                                        "Actual Startup Time": 0.006,
                                                        "Actual Total Time": 0.106,
                                                        "Actual Rows": 348,
                                                        "Actual Loops": 1,
                                                        "Output": [
                                                          "c_2.relname",
                                                          "c_2.oid",
                                                          "c_2.relnamespace"
                                                        ],
                                                        "Filter": "((NOT c_2.relrowsecurity) OR (NOT row_security_active(c_2.oid)))",
                                                        "Rows Removed by Filter": 0,
                                                        "Shared Hit Blocks": 12,
                                                        "Shared Read Blocks": 0,
                                                        "Shared Dirtied Blocks": 0,
                                                        "Shared Written Blocks": 0,
                                                        "Local Hit Blocks": 0,
                                                        "Local Read Blocks": 0,
                                                        "Local Dirtied Blocks": 0,
                                                        "Local Written Blocks": 0,
                                                        "Temp Read Blocks": 0,
                                                        "Temp Written Blocks": 0
                                                      },
                                                      {
                                                        "Node Type": "Hash",
                                                        "Parent Relationship": "Inner",
                                                        "Parallel Aware": false,
                                                        "Startup Cost": 1.07,
                                                        "Total Cost": 1.07,
                                                        "Plan Rows": 1,
                                                        "Plan Width": 68,
                                                        "Actual Startup Time": 0.018,
                                                        "Actual Total Time": 0.018,
                                                        "Actual Rows": 1,
                                                        "Actual Loops": 1,
                                                        "Output": [
                                                          "n_1.nspname",
                                                          "n_1.oid"
                                                        ],
                                                        "Hash Buckets": 1024,
                                                        "Original Hash Buckets": 1024,
                                                        "Hash Batches": 1,
                                                        "Original Hash Batches": 1,
                                                        "Peak Memory Usage": 9,
                                                        "Shared Hit Blocks": 1,
                                                        "Shared Read Blocks": 0,
                                                        "Shared Dirtied Blocks": 0,
                                                        "Shared Written Blocks": 0,
                                                        "Local Hit Blocks": 0,
                                                        "Local Read Blocks": 0,
                                                        "Local Dirtied Blocks": 0,
                                                        "Local Written Blocks": 0,
                                                        "Temp Read Blocks": 0,
                                                        "Temp Written Blocks": 0,
                                                        "Plans": [
                                                          {
                                                            "Node Type": "Seq Scan",
                                                            "Parent Relationship": "Outer",
                                                            "Parallel Aware": false,
                                                            "Relation Name": "pg_namespace",
                                                            "Schema": "pg_catalog",
                                                            "Alias": "n_1",
                                                            "Startup Cost": 0.0,
                                                            "Total Cost": 1.07,
                                                            "Plan Rows": 1,
                                                            "Plan Width": 68,
                                                            "Actual Startup Time": 0.007,
                                                            "Actual Total Time": 0.008,
                                                            "Actual Rows": 1,
                                                            "Actual Loops": 1,
                                                            "Output": [
                                                              "n_1.nspname",
                                                              "n_1.oid"
                                                            ],
                                                            "Filter": "(n_1.nspname = 'pg_catalog'::name)",
                                                            "Rows Removed by Filter": 6,
                                                            "Shared Hit Blocks": 1,
                                                            "Shared Read Blocks": 0,
                                                            "Shared Dirtied Blocks": 0,
                                                            "Shared Written Blocks": 0,
                                                            "Local Hit Blocks": 0,
                                                            "Local Read Blocks": 0,
                                                            "Local Dirtied Blocks": 0,
                                                            "Local Written Blocks": 0,
                                                            "Temp Read Blocks": 0,
                                                            "Temp Written Blocks": 0
                                                          }
                                                        ]
                                                      }
                                                    ]
                                                  }
                                                ]
                                              }
                                            ]
                                          },
                                          {
                                            "Node Type": "Index Scan",
                                            "Parent Relationship": "Inner",
                                            "Parallel Aware": false,
                                            "Scan Direction": "Forward",
                                            "Index Name": "pg_attribute_relid_attnum_index",
                                            "Relation Name": "pg_attribute",
                                            "Schema": "pg_catalog",
                                            "Alias": "a",
                                            "Startup Cost": 0.28,
                                            "Total Cost": 1.13,
                                            "Plan Rows": 3,
                                            "Plan Width": 70,
                                            "Actual Startup Time": 0.002,
                                            "Actual Total Time": 0.008,
                                            "Actual Rows": 16,
                                            "Actual Loops": 365,
                                            "Output": [
                                              "a.attrelid",
                                              "a.attname",
                                              "a.atttypid",
                                              "a.attstattarget",
                                              "a.attlen",
                                              "a.attnum",
                                              "a.attndims",
                                              "a.attcacheoff",
                                              "a.atttypmod",
                                              "a.attbyval",
                                              "a.attstorage",
                                              "a.attalign",
                                              "a.attnotnull",
                                              "a.atthasdef",
                                              "a.atthasmissing",
                                              "a.attidentity",
                                              "a.attisdropped",
                                              "a.attislocal",
                                              "a.attinhcount",
                                              "a.attcollation",
                                              "a.attacl",
                                              "a.attoptions",
                                              "a.attfdwoptions",
                                              "a.attmissingval"
                                            ],
                                            "Index Cond": "(a.attrelid = c_2.oid)",
                                            "Rows Removed by Index Recheck": 0,
                                            "Filter": "((NOT a.attisdropped) AND has_column_privilege(c_2.oid, a.attnum, 'select'::text))",
                                            "Rows Removed by Filter": 0,
                                            "Shared Hit Blocks": 1361,
                                            "Shared Read Blocks": 0,
                                            "Shared Dirtied Blocks": 0,
                                            "Shared Written Blocks": 0,
                                            "Local Hit Blocks": 0,
                                            "Local Read Blocks": 0,
                                            "Local Dirtied Blocks": 0,
                                            "Local Written Blocks": 0,
                                            "Temp Read Blocks": 0,
                                            "Temp Written Blocks": 0
                                          }
                                        ]
                                      }
                                    ]
                                  }
                                ]
                              }
                            ]
                          }
                        ]
                      }
                    ]
                  }
                ]
              }
            ]
          }
        ]
      },
      {
        "Node Type": "Hash",
        "Parent Relationship": "Inner",
        "Parallel Aware": false,
        "Startup Cost": 183.33,
        "Total Cost": 183.33,
        "Plan Rows": 1,
        "Plan Width": 136,
        "Actual Startup Time": 190.33,
        "Actual Total Time": 190.33,
        "Actual Rows": 36,
        "Actual Loops": 1,
        "Output": [
          "(sum((CASE WHEN ((q.relpages)::double precision > COALESCE(('1'::double precision + ceil((q.reltuples / floor((((((((current_setting('block_size'::text))::numeric) - ((16))::numeric) - ((24))::numeric) * (q.fillfactor)::numeric))::double precision / ('100'::double precision * (('4'::numeric + ((((((((CASE WHEN (max(COALESCE(s_3.stanullfrac, '0'::real)) = '0'::double precision) THEN 2 ELSE 6 END) + (CASE WHEN ((version() ~ 'mingw32'::text) OR (version() ~ '64-bit|x86_64|ppc64|ia64|amd64'::text)) THEN 8 ELSE 4 END)) - CASE WHEN (((CASE WHEN (max(COALESCE(s_3.stanullfrac, '0'::real)) = '0'::double precision) THEN 2 ELSE 6 END) % (CASE WHEN ((version() ~ 'mingw32'::text) OR (version() ~ '64-bit|x86_64|ppc64|ia64|amd64'::text)) THEN 8 ELSE 4 END)) = 0) THEN (CASE WHEN ((version() ~ 'mingw32'::text) OR (version() ~ '64-bit|x86_64|ppc64|ia64|amd64'::text)) THEN 8 ELSE 4 END) ELSE ((CASE WHEN (max(COALESCE(s_3.stanullfrac, '0'::real)) = '0'::double precision) THEN 2 ELSE 6 END) % (CASE WHEN ((version() ~ 'mingw32'::text) OR (version() ~ '64-bit|x86_64|ppc64|ia64|amd64'::text)) THEN 8 ELSE 4 END)) END))::double precision + (sum((('1'::double precision - COALESCE(s_3.stanullfrac, '0'::real)) * (COALESCE(s_3.stawidth, 1024))::double precision)))) + ((CASE WHEN ((version() ~ 'mingw32'::text) OR (version() ~ '64-bit|x86_64|ppc64|ia64|amd64'::text)) THEN 8 ELSE 4 END))::double precision) - (CASE WHEN ((sum((('1'::double precision - COALESCE(s_3.stanullfrac, '0'::real)) * (COALESCE(s_3.stawidth, 1024))::double precision))) = '0'::double precision) THEN 0 WHEN ((((sum((('1'::double precision - COALESCE(s_3.stanullfrac, '0'::real)) * (COALESCE(s_3.stawidth, 1024))::double precision))))::integer % (CASE WHEN ((version() ~ 'mingw32'::text) OR (version() ~ '64-bit|x86_64|ppc64|ia64|amd64'::text)) THEN 8 ELSE 4 END)) = 0) THEN (CASE WHEN ((version() ~ 'mingw32'::text) OR (version() ~ '64-bit|x86_64|ppc64|ia64|amd64'::text)) THEN 8 ELSE 4 END) ELSE (((sum((('1'::double precision - COALESCE(s_3.stanullfrac, '0'::real)) * (COALESCE(s_3.stawidth, 1024))::double precision))))::integer % (CASE WHEN ((version() ~ 'mingw32'::text) OR (version() ~ '64-bit|x86_64|ppc64|ia64|amd64'::text)) THEN 8 ELSE 4 END)) END)::double precision))::numeric))::double precision)))))), '0'::double precision)) THEN ((((current_setting('block_size'::text))::numeric))::double precision * ((q.relpages)::double precision - COALESCE(('1'::double precision + ceil((q.reltuples / floor((((((((current_setting('block_size'::text))::numeric) - ((16))::numeric) - ((24))::numeric) * (q.fillfactor)::numeric))::double precision / ('100'::double precision * (('4'::numeric + ((((((((CASE WHEN (max(COALESCE(s_3.stanullfrac, '0'::real)) = '0'::double precision) THEN 2 ELSE 6 END) + (CASE WHEN ((version() ~ 'mingw32'::text) OR (version() ~ '64-bit|x86_64|ppc64|ia64|amd64'::text)) THEN 8 ELSE 4 END)) - CASE WHEN (((CASE WHEN (max(COALESCE(s_3.stanullfrac, '0'::real)) = '0'::double precision) THEN 2 ELSE 6 END) % (CASE WHEN ((version() ~ 'mingw32'::text) OR (version() ~ '64-bit|x86_64|ppc64|ia64|amd64'::text)) THEN 8 ELSE 4 END)) = 0) THEN (CASE WHEN ((version() ~ 'mingw32'::text) OR (version() ~ '64-bit|x86_64|ppc64|ia64|amd64'::text)) THEN 8 ELSE 4 END) ELSE ((CASE WHEN (max(COALESCE(s_3.stanullfrac, '0'::real)) = '0'::double precision) THEN 2 ELSE 6 END) % (CASE WHEN ((version() ~ 'mingw32'::text) OR (version() ~ '64-bit|x86_64|ppc64|ia64|amd64'::text)) THEN 8 ELSE 4 END)) END))::double precision + (sum((('1'::double precision - COALESCE(s_3.stanullfrac, '0'::real)) * (COALESCE(s_3.stawidth, 1024))::double precision)))) + ((CASE WHEN ((version() ~ 'mingw32'::text) OR (version() ~ '64-bit|x86_64|ppc64|ia64|amd64'::text)) THEN 8 ELSE 4 END))::double precision) - (CASE WHEN ((sum((('1'::double precision - COALESCE(s_3.stanullfrac, '0'::real)) * (COALESCE(s_3.stawidth, 1024))::double precision))) = '0'::double precision) THEN 0 WHEN ((((sum((('1'::double precision - COALESCE(s_3.stanullfrac, '0'::real)) * (COALESCE(s_3.stawidth, 1024))::double precision))))::integer % (CASE WHEN ((version() ~ 'mingw32'::text) OR (version() ~ '64-bit|x86_64|ppc64|ia64|amd64'::text)) THEN 8 ELSE 4 END)) = 0) THEN (CASE WHEN ((version() ~ 'mingw32'::text) OR (version() ~ '64-bit|x86_64|ppc64|ia64|amd64'::text)) THEN 8 ELSE 4 END) ELSE (((sum((('1'::double precision - COALESCE(s_3.stanullfrac, '0'::real)) * (COALESCE(s_3.stawidth, 1024))::double precision))))::integer % (CASE WHEN ((version() ~ 'mingw32'::text) OR (version() ~ '64-bit|x86_64|ppc64|ia64|amd64'::text)) THEN 8 ELSE 4 END)) END)::double precision))::numeric))::double precision)))))), '0'::double precision))) ELSE '0'::double precision END)))",
          "q.nspname",
          "q.tblname"
        ],
        "Hash Buckets": 1024,
        "Original Hash Buckets": 1024,
        "Hash Batches": 1,
        "Original Hash Batches": 1,
        "Peak Memory Usage": 14,
        "Shared Hit Blocks": 215652,
        "Shared Read Blocks": 0,
        "Shared Dirtied Blocks": 0,
        "Shared Written Blocks": 0,
        "Local Hit Blocks": 0,
        "Local Read Blocks": 0,
        "Local Dirtied Blocks": 0,
        "Local Written Blocks": 0,
        "Temp Read Blocks": 0,
        "Temp Written Blocks": 0,
        "Plans": [
          {
            "Node Type": "Aggregate",
            "Strategy": "Sorted",
            "Partial Mode": "Simple",
            "Parent Relationship": "Outer",
            "Parallel Aware": false,
            "Startup Cost": 181.95,
            "Total Cost": 183.32,
            "Plan Rows": 1,
            "Plan Width": 136,
            "Actual Startup Time": 190.008,
            "Actual Total Time": 190.312,
            "Actual Rows": 36,
            "Actual Loops": 1,
            "Output": [
              "sum((CASE WHEN ((q.relpages)::double precision > COALESCE(('1'::double precision + ceil((q.reltuples / floor((((((((current_setting('block_size'::text))::numeric) - ((16))::numeric) - ((24))::numeric) * (q.fillfactor)::numeric))::double precision / ('100'::double precision * (('4'::numeric + ((((((((CASE WHEN (max(COALESCE(s_3.stanullfrac, '0'::real)) = '0'::double precision) THEN 2 ELSE 6 END) + (CASE WHEN ((version() ~ 'mingw32'::text) OR (version() ~ '64-bit|x86_64|ppc64|ia64|amd64'::text)) THEN 8 ELSE 4 END)) - CASE WHEN (((CASE WHEN (max(COALESCE(s_3.stanullfrac, '0'::real)) = '0'::double precision) THEN 2 ELSE 6 END) % (CASE WHEN ((version() ~ 'mingw32'::text) OR (version() ~ '64-bit|x86_64|ppc64|ia64|amd64'::text)) THEN 8 ELSE 4 END)) = 0) THEN (CASE WHEN ((version() ~ 'mingw32'::text) OR (version() ~ '64-bit|x86_64|ppc64|ia64|amd64'::text)) THEN 8 ELSE 4 END) ELSE ((CASE WHEN (max(COALESCE(s_3.stanullfrac, '0'::real)) = '0'::double precision) THEN 2 ELSE 6 END) % (CASE WHEN ((version() ~ 'mingw32'::text) OR (version() ~ '64-bit|x86_64|ppc64|ia64|amd64'::text)) THEN 8 ELSE 4 END)) END))::double precision + (sum((('1'::double precision - COALESCE(s_3.stanullfrac, '0'::real)) * (COALESCE(s_3.stawidth, 1024))::double precision)))) + ((CASE WHEN ((version() ~ 'mingw32'::text) OR (version() ~ '64-bit|x86_64|ppc64|ia64|amd64'::text)) THEN 8 ELSE 4 END))::double precision) - (CASE WHEN ((sum((('1'::double precision - COALESCE(s_3.stanullfrac, '0'::real)) * (COALESCE(s_3.stawidth, 1024))::double precision))) = '0'::double precision) THEN 0 WHEN ((((sum((('1'::double precision - COALESCE(s_3.stanullfrac, '0'::real)) * (COALESCE(s_3.stawidth, 1024))::double precision))))::integer % (CASE WHEN ((version() ~ 'mingw32'::text) OR (version() ~ '64-bit|x86_64|ppc64|ia64|amd64'::text)) THEN 8 ELSE 4 END)) = 0) THEN (CASE WHEN ((version() ~ 'mingw32'::text) OR (version() ~ '64-bit|x86_64|ppc64|ia64|amd64'::text)) THEN 8 ELSE 4 END) ELSE (((sum((('1'::double precision - COALESCE(s_3.stanullfrac, '0'::real)) * (COALESCE(s_3.stawidth, 1024))::double precision))))::integer % (CASE WHEN ((version() ~ 'mingw32'::text) OR (version() ~ '64-bit|x86_64|ppc64|ia64|amd64'::text)) THEN 8 ELSE 4 END)) END)::double precision))::numeric))::double precision)))))), '0'::double precision)) THEN ((((current_setting('block_size'::text))::numeric))::double precision * ((q.relpages)::double precision - COALESCE(('1'::double precision + ceil((q.reltuples / floor((((((((current_setting('block_size'::text))::numeric) - ((16))::numeric) - ((24))::numeric) * (q.fillfactor)::numeric))::double precision / ('100'::double precision * (('4'::numeric + ((((((((CASE WHEN (max(COALESCE(s_3.stanullfrac, '0'::real)) = '0'::double precision) THEN 2 ELSE 6 END) + (CASE WHEN ((version() ~ 'mingw32'::text) OR (version() ~ '64-bit|x86_64|ppc64|ia64|amd64'::text)) THEN 8 ELSE 4 END)) - CASE WHEN (((CASE WHEN (max(COALESCE(s_3.stanullfrac, '0'::real)) = '0'::double precision) THEN 2 ELSE 6 END) % (CASE WHEN ((version() ~ 'mingw32'::text) OR (version() ~ '64-bit|x86_64|ppc64|ia64|amd64'::text)) THEN 8 ELSE 4 END)) = 0) THEN (CASE WHEN ((version() ~ 'mingw32'::text) OR (version() ~ '64-bit|x86_64|ppc64|ia64|amd64'::text)) THEN 8 ELSE 4 END) ELSE ((CASE WHEN (max(COALESCE(s_3.stanullfrac, '0'::real)) = '0'::double precision) THEN 2 ELSE 6 END) % (CASE WHEN ((version() ~ 'mingw32'::text) OR (version() ~ '64-bit|x86_64|ppc64|ia64|amd64'::text)) THEN 8 ELSE 4 END)) END))::double precision + (sum((('1'::double precision - COALESCE(s_3.stanullfrac, '0'::real)) * (COALESCE(s_3.stawidth, 1024))::double precision)))) + ((CASE WHEN ((version() ~ 'mingw32'::text) OR (version() ~ '64-bit|x86_64|ppc64|ia64|amd64'::text)) THEN 8 ELSE 4 END))::double precision) - (CASE WHEN ((sum((('1'::double precision - COALESCE(s_3.stanullfrac, '0'::real)) * (COALESCE(s_3.stawidth, 1024))::double precision))) = '0'::double precision) THEN 0 WHEN ((((sum((('1'::double precision - COALESCE(s_3.stanullfrac, '0'::real)) * (COALESCE(s_3.stawidth, 1024))::double precision))))::integer % (CASE WHEN ((version() ~ 'mingw32'::text) OR (version() ~ '64-bit|x86_64|ppc64|ia64|amd64'::text)) THEN 8 ELSE 4 END)) = 0) THEN (CASE WHEN ((version() ~ 'mingw32'::text) OR (version() ~ '64-bit|x86_64|ppc64|ia64|amd64'::text)) THEN 8 ELSE 4 END) ELSE (((sum((('1'::double precision - COALESCE(s_3.stanullfrac, '0'::real)) * (COALESCE(s_3.stawidth, 1024))::double precision))))::integer % (CASE WHEN ((version() ~ 'mingw32'::text) OR (version() ~ '64-bit|x86_64|ppc64|ia64|amd64'::text)) THEN 8 ELSE 4 END)) END)::double precision))::numeric))::double precision)))))), '0'::double precision))) ELSE '0'::double precision END))",
              "q.nspname",
              "q.tblname"
            ],
            "Group Key": ["q.nspname", "q.tblname"],
            "Shared Hit Blocks": 215652,
            "Shared Read Blocks": 0,
            "Shared Dirtied Blocks": 0,
            "Shared Written Blocks": 0,
            "Local Hit Blocks": 0,
            "Local Read Blocks": 0,
            "Local Dirtied Blocks": 0,
            "Local Written Blocks": 0,
            "Temp Read Blocks": 0,
            "Temp Written Blocks": 0,
            "Plans": [
              {
                "Node Type": "Nested Loop",
                "Parent Relationship": "Outer",
                "Parallel Aware": false,
                "Join Type": "Inner",
                "Startup Cost": 181.95,
                "Total Cost": 183.3,
                "Plan Rows": 1,
                "Plan Width": 349,
                "Actual Startup Time": 189.991,
                "Actual Total Time": 190.29,
                "Actual Rows": 47,
                "Actual Loops": 1,
                "Output": [
                  "NULL::name",
                  "q.nspname",
                  "q.tblname",
                  "q.idxname",
                  "NULL::numeric",
                  "NULL::numeric",
                  "NULL::double precision",
                  "NULL::integer",
                  "CASE WHEN ((q.relpages)::double precision > COALESCE(('1'::double precision + ceil((q.reltuples / floor((((((((current_setting('block_size'::text))::numeric) - ((16))::numeric) - ((24))::numeric) * (q.fillfactor)::numeric))::double precision / ('100'::double precision * (('4'::numeric + ((((((((CASE WHEN (max(COALESCE(s_3.stanullfrac, '0'::real)) = '0'::double precision) THEN 2 ELSE 6 END) + (CASE WHEN ((version() ~ 'mingw32'::text) OR (version() ~ '64-bit|x86_64|ppc64|ia64|amd64'::text)) THEN 8 ELSE 4 END)) - CASE WHEN (((CASE WHEN (max(COALESCE(s_3.stanullfrac, '0'::real)) = '0'::double precision) THEN 2 ELSE 6 END) % (CASE WHEN ((version() ~ 'mingw32'::text) OR (version() ~ '64-bit|x86_64|ppc64|ia64|amd64'::text)) THEN 8 ELSE 4 END)) = 0) THEN (CASE WHEN ((version() ~ 'mingw32'::text) OR (version() ~ '64-bit|x86_64|ppc64|ia64|amd64'::text)) THEN 8 ELSE 4 END) ELSE ((CASE WHEN (max(COALESCE(s_3.stanullfrac, '0'::real)) = '0'::double precision) THEN 2 ELSE 6 END) % (CASE WHEN ((version() ~ 'mingw32'::text) OR (version() ~ '64-bit|x86_64|ppc64|ia64|amd64'::text)) THEN 8 ELSE 4 END)) END))::double precision + (sum((('1'::double precision - COALESCE(s_3.stanullfrac, '0'::real)) * (COALESCE(s_3.stawidth, 1024))::double precision)))) + ((CASE WHEN ((version() ~ 'mingw32'::text) OR (version() ~ '64-bit|x86_64|ppc64|ia64|amd64'::text)) THEN 8 ELSE 4 END))::double precision) - (CASE WHEN ((sum((('1'::double precision - COALESCE(s_3.stanullfrac, '0'::real)) * (COALESCE(s_3.stawidth, 1024))::double precision))) = '0'::double precision) THEN 0 WHEN ((((sum((('1'::double precision - COALESCE(s_3.stanullfrac, '0'::real)) * (COALESCE(s_3.stawidth, 1024))::double precision))))::integer % (CASE WHEN ((version() ~ 'mingw32'::text) OR (version() ~ '64-bit|x86_64|ppc64|ia64|amd64'::text)) THEN 8 ELSE 4 END)) = 0) THEN (CASE WHEN ((version() ~ 'mingw32'::text) OR (version() ~ '64-bit|x86_64|ppc64|ia64|amd64'::text)) THEN 8 ELSE 4 END) ELSE (((sum((('1'::double precision - COALESCE(s_3.stanullfrac, '0'::real)) * (COALESCE(s_3.stawidth, 1024))::double precision))))::integer % (CASE WHEN ((version() ~ 'mingw32'::text) OR (version() ~ '64-bit|x86_64|ppc64|ia64|amd64'::text)) THEN 8 ELSE 4 END)) END)::double precision))::numeric))::double precision)))))), '0'::double precision)) THEN ((((current_setting('block_size'::text))::numeric))::double precision * ((q.relpages)::double precision - COALESCE(('1'::double precision + ceil((q.reltuples / floor((((((((current_setting('block_size'::text))::numeric) - ((16))::numeric) - ((24))::numeric) * (q.fillfactor)::numeric))::double precision / ('100'::double precision * (('4'::numeric + ((((((((CASE WHEN (max(COALESCE(s_3.stanullfrac, '0'::real)) = '0'::double precision) THEN 2 ELSE 6 END) + (CASE WHEN ((version() ~ 'mingw32'::text) OR (version() ~ '64-bit|x86_64|ppc64|ia64|amd64'::text)) THEN 8 ELSE 4 END)) - CASE WHEN (((CASE WHEN (max(COALESCE(s_3.stanullfrac, '0'::real)) = '0'::double precision) THEN 2 ELSE 6 END) % (CASE WHEN ((version() ~ 'mingw32'::text) OR (version() ~ '64-bit|x86_64|ppc64|ia64|amd64'::text)) THEN 8 ELSE 4 END)) = 0) THEN (CASE WHEN ((version() ~ 'mingw32'::text) OR (version() ~ '64-bit|x86_64|ppc64|ia64|amd64'::text)) THEN 8 ELSE 4 END) ELSE ((CASE WHEN (max(COALESCE(s_3.stanullfrac, '0'::real)) = '0'::double precision) THEN 2 ELSE 6 END) % (CASE WHEN ((version() ~ 'mingw32'::text) OR (version() ~ '64-bit|x86_64|ppc64|ia64|amd64'::text)) THEN 8 ELSE 4 END)) END))::double precision + (sum((('1'::double precision - COALESCE(s_3.stanullfrac, '0'::real)) * (COALESCE(s_3.stawidth, 1024))::double precision)))) + ((CASE WHEN ((version() ~ 'mingw32'::text) OR (version() ~ '64-bit|x86_64|ppc64|ia64|amd64'::text)) THEN 8 ELSE 4 END))::double precision) - (CASE WHEN ((sum((('1'::double precision - COALESCE(s_3.stanullfrac, '0'::real)) * (COALESCE(s_3.stawidth, 1024))::double precision))) = '0'::double precision) THEN 0 WHEN ((((sum((('1'::double precision - COALESCE(s_3.stanullfrac, '0'::real)) * (COALESCE(s_3.stawidth, 1024))::double precision))))::integer % (CASE WHEN ((version() ~ 'mingw32'::text) OR (version() ~ '64-bit|x86_64|ppc64|ia64|amd64'::text)) THEN 8 ELSE 4 END)) = 0) THEN (CASE WHEN ((version() ~ 'mingw32'::text) OR (version() ~ '64-bit|x86_64|ppc64|ia64|amd64'::text)) THEN 8 ELSE 4 END) ELSE (((sum((('1'::double precision - COALESCE(s_3.stanullfrac, '0'::real)) * (COALESCE(s_3.stawidth, 1024))::double precision))))::integer % (CASE WHEN ((version() ~ 'mingw32'::text) OR (version() ~ '64-bit|x86_64|ppc64|ia64|amd64'::text)) THEN 8 ELSE 4 END)) END)::double precision))::numeric))::double precision)))))), '0'::double precision))) ELSE '0'::double precision END",
                  "NULL::double precision",
                  "NULL::boolean"
                ],
                "Inner Unique": true,
                "Join Filter": "(q.relam = am.oid)",
                "Rows Removed by Join Filter": 0,
                "Shared Hit Blocks": 215652,
                "Shared Read Blocks": 0,
                "Shared Dirtied Blocks": 0,
                "Shared Written Blocks": 0,
                "Local Hit Blocks": 0,
                "Local Read Blocks": 0,
                "Local Dirtied Blocks": 0,
                "Local Written Blocks": 0,
                "Temp Read Blocks": 0,
                "Temp Written Blocks": 0,
                "Plans": [
                  {
                    "Node Type": "Aggregate",
                    "Strategy": "Sorted",
                    "Partial Mode": "Simple",
                    "Parent Relationship": "Outer",
                    "Parallel Aware": false,
                    "Startup Cost": 181.95,
                    "Total Cost": 182.02,
                    "Plan Rows": 1,
                    "Plan Width": 269,
                    "Actual Startup Time": 189.969,
                    "Actual Total Time": 190.143,
                    "Actual Rows": 47,
                    "Actual Loops": 1,
                    "Output": [
                      "q.nspname",
                      "q.tblname",
                      "q.idxname",
                      "q.reltuples",
                      "q.relpages",
                      "q.relam",
                      "q.attrelid",
                      "((current_setting('block_size'::text))::numeric)",
                      "q.fillfactor",
                      "CASE WHEN ((version() ~ 'mingw32'::text) OR (version() ~ '64-bit|x86_64|ppc64|ia64|amd64'::text)) THEN 8 ELSE 4 END",
                      "24",
                      "16",
                      "CASE WHEN (max(COALESCE(s_3.stanullfrac, '0'::real)) = '0'::double precision) THEN 2 ELSE 6 END",
                      "sum((('1'::double precision - COALESCE(s_3.stanullfrac, '0'::real)) * (COALESCE(s_3.stawidth, 1024))::double precision))",
                      "NULL::boolean"
                    ],
                    "Group Key": [
                      "q.nspname",
                      "q.tblname",
                      "q.idxname",
                      "q.reltuples",
                      "q.relpages",
                      "q.relam",
                      "q.attrelid",
                      "((current_setting('block_size'::text))::numeric)",
                      "q.fillfactor"
                    ],
                    "Shared Hit Blocks": 215605,
                    "Shared Read Blocks": 0,
                    "Shared Dirtied Blocks": 0,
                    "Shared Written Blocks": 0,
                    "Local Hit Blocks": 0,
                    "Local Read Blocks": 0,
                    "Local Dirtied Blocks": 0,
                    "Local Written Blocks": 0,
                    "Temp Read Blocks": 0,
                    "Temp Written Blocks": 0,
                    "Plans": [
                      {
                        "Node Type": "Sort",
                        "Parent Relationship": "Outer",
                        "Parallel Aware": false,
                        "Startup Cost": 181.95,
                        "Total Cost": 181.95,
                        "Plan Rows": 1,
                        "Plan Width": 252,
                        "Actual Startup Time": 189.921,
                        "Actual Total Time": 189.926,
                        "Actual Rows": 100,
                        "Actual Loops": 1,
                        "Output": [
                          "q.nspname",
                          "q.tblname",
                          "q.idxname",
                          "q.reltuples",
                          "q.relpages",
                          "q.relam",
                          "q.attrelid",
                          "((current_setting('block_size'::text))::numeric)",
                          "q.fillfactor",
                          "s_3.stanullfrac",
                          "s_3.stawidth"
                        ],
                        "Sort Key": [
                          "q.tblname",
                          "q.idxname",
                          "q.reltuples",
                          "q.relpages",
                          "q.relam",
                          "q.attrelid",
                          "q.fillfactor"
                        ],
                        "Sort Method": "quicksort",
                        "Sort Space Used": 51,
                        "Sort Space Type": "Memory",
                        "Shared Hit Blocks": 215605,
                        "Shared Read Blocks": 0,
                        "Shared Dirtied Blocks": 0,
                        "Shared Written Blocks": 0,
                        "Local Hit Blocks": 0,
                        "Local Read Blocks": 0,
                        "Local Dirtied Blocks": 0,
                        "Local Written Blocks": 0,
                        "Temp Read Blocks": 0,
                        "Temp Written Blocks": 0,
                        "Plans": [
                          {
                            "Node Type": "Nested Loop",
                            "Parent Relationship": "Outer",
                            "Parallel Aware": false,
                            "Join Type": "Inner",
                            "Startup Cost": 93.79,
                            "Total Cost": 181.94,
                            "Plan Rows": 1,
                            "Plan Width": 252,
                            "Actual Startup Time": 2.371,
                            "Actual Total Time": 189.594,
                            "Actual Rows": 100,
                            "Actual Loops": 1,
                            "Output": [
                              "q.nspname",
                              "q.tblname",
                              "q.idxname",
                              "q.reltuples",
                              "q.relpages",
                              "q.relam",
                              "q.attrelid",
                              "(current_setting('block_size'::text))::numeric",
                              "q.fillfactor",
                              "s_3.stanullfrac",
                              "s_3.stawidth"
                            ],
                            "Inner Unique": true,
                            "Shared Hit Blocks": 215605,
                            "Shared Read Blocks": 0,
                            "Shared Dirtied Blocks": 0,
                            "Shared Written Blocks": 0,
                            "Local Hit Blocks": 0,
                            "Local Read Blocks": 0,
                            "Local Dirtied Blocks": 0,
                            "Local Written Blocks": 0,
                            "Temp Read Blocks": 0,
                            "Temp Written Blocks": 0,
                            "Plans": [
                              {
                                "Node Type": "Nested Loop",
                                "Parent Relationship": "Outer",
                                "Parallel Aware": false,
                                "Join Type": "Inner",
                                "Startup Cost": 93.65,
                                "Total Cost": 177.74,
                                "Plan Rows": 1,
                                "Plan Width": 224,
                                "Actual Startup Time": 2.26,
                                "Actual Total Time": 188.458,
                                "Actual Rows": 100,
                                "Actual Loops": 1,
                                "Output": [
                                  "q.nspname",
                                  "q.tblname",
                                  "q.idxname",
                                  "q.reltuples",
                                  "q.relpages",
                                  "q.relam",
                                  "q.attrelid",
                                  "q.fillfactor",
                                  "q.atttypid",
                                  "s_3.stanullfrac",
                                  "s_3.stawidth"
                                ],
                                "Inner Unique": false,
                                "Join Filter": "(((c_3.relname = q.tblname) AND ((a_1.attname)::text = pg_get_indexdef(q.attrelid, (q.attnum)::integer, true))) OR ((c_3.relname = q.idxname) AND (a_1.attname = q.attname)))",
                                "Rows Removed by Join Filter": 70345,
                                "Shared Hit Blocks": 215504,
                                "Shared Read Blocks": 0,
                                "Shared Dirtied Blocks": 0,
                                "Shared Written Blocks": 0,
                                "Local Hit Blocks": 0,
                                "Local Read Blocks": 0,
                                "Local Dirtied Blocks": 0,
                                "Local Written Blocks": 0,
                                "Temp Read Blocks": 0,
                                "Temp Written Blocks": 0,
                                "Plans": [
                                  {
                                    "Node Type": "CTE Scan",
                                    "Parent Relationship": "Outer",
                                    "Parallel Aware": false,
                                    "CTE Name": "q",
                                    "Alias": "q",
                                    "Startup Cost": 73.76,
                                    "Total Cost": 76.03,
                                    "Plan Rows": 1,
                                    "Plan Width": 453,
                                    "Actual Startup Time": 0.663,
                                    "Actual Total Time": 4.145,
                                    "Actual Rows": 193,
                                    "Actual Loops": 1,
                                    "Output": [
                                      "q.nspname",
                                      "q.tblname",
                                      "q.idxname",
                                      "q.reltuples",
                                      "q.relpages",
                                      "q.relam",
                                      "NULL::oid",
                                      "NULL::oid",
                                      "q.fillfactor",
                                      "q.attrelid",
                                      "q.attname",
                                      "q.atttypid",
                                      "NULL::integer",
                                      "NULL::smallint",
                                      "q.attnum",
                                      "NULL::integer",
                                      "NULL::integer",
                                      "NULL::integer",
                                      "NULL::boolean",
                                      "NULL::\"char\"",
                                      "NULL::\"char\"",
                                      "NULL::boolean",
                                      "NULL::boolean",
                                      "NULL::boolean",
                                      "NULL::\"char\"",
                                      "NULL::boolean",
                                      "NULL::boolean",
                                      "NULL::integer",
                                      "NULL::oid",
                                      "NULL::aclitem[]",
                                      "NULL::text[]",
                                      "NULL::text[]",
                                      "NULL::anyarray"
                                    ],
                                    "Filter": "(q.nspname = 'pg_catalog'::name)",
                                    "Rows Removed by Filter": 0,
                                    "Shared Hit Blocks": 380,
                                    "Shared Read Blocks": 0,
                                    "Shared Dirtied Blocks": 0,
                                    "Shared Written Blocks": 0,
                                    "Local Hit Blocks": 0,
                                    "Local Read Blocks": 0,
                                    "Local Dirtied Blocks": 0,
                                    "Local Written Blocks": 0,
                                    "Temp Read Blocks": 0,
                                    "Temp Written Blocks": 0,
                                    "Plans": [
                                      {
                                        "Node Type": "Nested Loop",
                                        "Parent Relationship": "InitPlan",
                                        "Subplan Name": "CTE q",
                                        "Parallel Aware": false,
                                        "Join Type": "Inner",
                                        "Startup Cost": 25.29,
                                        "Total Cost": 73.76,
                                        "Plan Rows": 101,
                                        "Plan Width": 454,
                                        "Actual Startup Time": 0.643,
                                        "Actual Total Time": 2.855,
                                        "Actual Rows": 193,
                                        "Actual Loops": 1,
                                        "Output": [
                                          "pg_namespace.nspname",
                                          "tbl_1.relname",
                                          "idx.relname",
                                          "idx.reltuples",
                                          "idx.relpages",
                                          "idx.relam",
                                          "pg_index.indrelid",
                                          "pg_index.indexrelid",
                                          "COALESCE(((\"substring\"(array_to_string(idx.reloptions, ' '::text), 'fillfactor=([0-9]+)'::text))::smallint)::integer, 90)",
                                          "a_2.attrelid",
                                          "a_2.attname",
                                          "a_2.atttypid",
                                          "a_2.attstattarget",
                                          "a_2.attlen",
                                          "a_2.attnum",
                                          "a_2.attndims",
                                          "a_2.attcacheoff",
                                          "a_2.atttypmod",
                                          "a_2.attbyval",
                                          "a_2.attstorage",
                                          "a_2.attalign",
                                          "a_2.attnotnull",
                                          "a_2.atthasdef",
                                          "a_2.atthasmissing",
                                          "a_2.attidentity",
                                          "a_2.attisdropped",
                                          "a_2.attislocal",
                                          "a_2.attinhcount",
                                          "a_2.attcollation",
                                          "a_2.attacl",
                                          "a_2.attoptions",
                                          "a_2.attfdwoptions",
                                          "a_2.attmissingval"
                                        ],
                                        "Inner Unique": false,
                                        "Join Filter": "(idx.oid = a_2.attrelid)",
                                        "Rows Removed by Join Filter": 0,
                                        "Shared Hit Blocks": 380,
                                        "Shared Read Blocks": 0,
                                        "Shared Dirtied Blocks": 0,
                                        "Shared Written Blocks": 0,
                                        "Local Hit Blocks": 0,
                                        "Local Read Blocks": 0,
                                        "Local Dirtied Blocks": 0,
                                        "Local Written Blocks": 0,
                                        "Temp Read Blocks": 0,
                                        "Temp Written Blocks": 0,
                                        "Plans": [
                                          {
                                            "Node Type": "Hash Join",
                                            "Parent Relationship": "Outer",
                                            "Parallel Aware": false,
                                            "Join Type": "Inner",
                                            "Startup Cost": 25.01,
                                            "Total Cost": 42.13,
                                            "Plan Rows": 17,
                                            "Plan Width": 265,
                                            "Actual Startup Time": 0.604,
                                            "Actual Total Time": 1.613,
                                            "Actual Rows": 116,
                                            "Actual Loops": 1,
                                            "Output": [
                                              "pg_index.indrelid",
                                              "pg_index.indexrelid",
                                              "idx.relname",
                                              "idx.reltuples",
                                              "idx.relpages",
                                              "idx.relam",
                                              "idx.reloptions",
                                              "idx.oid",
                                              "tbl_1.relname",
                                              "pg_namespace.nspname"
                                            ],
                                            "Inner Unique": true,
                                            "Hash Cond": "(idx.relnamespace = pg_namespace.oid)",
                                            "Shared Hit Blocks": 29,
                                            "Shared Read Blocks": 0,
                                            "Shared Dirtied Blocks": 0,
                                            "Shared Written Blocks": 0,
                                            "Local Hit Blocks": 0,
                                            "Local Read Blocks": 0,
                                            "Local Dirtied Blocks": 0,
                                            "Local Written Blocks": 0,
                                            "Temp Read Blocks": 0,
                                            "Temp Written Blocks": 0,
                                            "Plans": [
                                              {
                                                "Node Type": "Hash Join",
                                                "Parent Relationship": "Outer",
                                                "Parallel Aware": false,
                                                "Join Type": "Inner",
                                                "Startup Cost": 23.87,
                                                "Total Cost": 40.92,
                                                "Plan Rows": 17,
                                                "Plan Width": 205,
                                                "Actual Startup Time": 0.534,
                                                "Actual Total Time": 1.282,
                                                "Actual Rows": 116,
                                                "Actual Loops": 1,
                                                "Output": [
                                                  "pg_index.indrelid",
                                                  "pg_index.indexrelid",
                                                  "idx.relname",
                                                  "idx.reltuples",
                                                  "idx.relpages",
                                                  "idx.relam",
                                                  "idx.reloptions",
                                                  "idx.oid",
                                                  "idx.relnamespace",
                                                  "tbl_1.relname"
                                                ],
                                                "Inner Unique": false,
                                                "Hash Cond": "(idx.oid = pg_index.indexrelid)",
                                                "Shared Hit Blocks": 28,
                                                "Shared Read Blocks": 0,
                                                "Shared Dirtied Blocks": 0,
                                                "Shared Written Blocks": 0,
                                                "Local Hit Blocks": 0,
                                                "Local Read Blocks": 0,
                                                "Local Dirtied Blocks": 0,
                                                "Local Written Blocks": 0,
                                                "Temp Read Blocks": 0,
                                                "Temp Written Blocks": 0,
                                                "Plans": [
                                                  {
                                                    "Node Type": "Seq Scan",
                                                    "Parent Relationship": "Outer",
                                                    "Parallel Aware": false,
                                                    "Relation Name": "pg_class",
                                                    "Schema": "pg_catalog",
                                                    "Alias": "idx",
                                                    "Startup Cost": 0.0,
                                                    "Total Cost": 16.27,
                                                    "Plan Rows": 161,
                                                    "Plan Width": 133,
                                                    "Actual Startup Time": 0.013,
                                                    "Actual Total Time": 0.407,
                                                    "Actual Rows": 182,
                                                    "Actual Loops": 1,
                                                    "Output": [
                                                      "idx.relname",
                                                      "idx.reltuples",
                                                      "idx.relpages",
                                                      "idx.relam",
                                                      "idx.reloptions",
                                                      "idx.oid",
                                                      "idx.relnamespace"
                                                    ],
                                                    "Filter": "(idx.relpages > 0)",
                                                    "Rows Removed by Filter": 166,
                                                    "Shared Hit Blocks": 12,
                                                    "Shared Read Blocks": 0,
                                                    "Shared Dirtied Blocks": 0,
                                                    "Shared Written Blocks": 0,
                                                    "Local Hit Blocks": 0,
                                                    "Local Read Blocks": 0,
                                                    "Local Dirtied Blocks": 0,
                                                    "Local Written Blocks": 0,
                                                    "Temp Read Blocks": 0,
                                                    "Temp Written Blocks": 0
                                                  },
                                                  {
                                                    "Node Type": "Hash",
                                                    "Parent Relationship": "Inner",
                                                    "Parallel Aware": false,
                                                    "Startup Cost": 23.42,
                                                    "Total Cost": 23.42,
                                                    "Plan Rows": 36,
                                                    "Plan Width": 72,
                                                    "Actual Startup Time": 0.441,
                                                    "Actual Total Time": 0.442,
                                                    "Actual Rows": 116,
                                                    "Actual Loops": 1,
                                                    "Output": [
                                                      "pg_index.indrelid",
                                                      "pg_index.indexrelid",
                                                      "tbl_1.relname"
                                                    ],
                                                    "Hash Buckets": 1024,
                                                    "Original Hash Buckets": 1024,
                                                    "Hash Batches": 1,
                                                    "Original Hash Batches": 1,
                                                    "Peak Memory Usage": 20,
                                                    "Shared Hit Blocks": 16,
                                                    "Shared Read Blocks": 0,
                                                    "Shared Dirtied Blocks": 0,
                                                    "Shared Written Blocks": 0,
                                                    "Local Hit Blocks": 0,
                                                    "Local Read Blocks": 0,
                                                    "Local Dirtied Blocks": 0,
                                                    "Local Written Blocks": 0,
                                                    "Temp Read Blocks": 0,
                                                    "Temp Written Blocks": 0,
                                                    "Plans": [
                                                      {
                                                        "Node Type": "Hash Join",
                                                        "Parent Relationship": "Outer",
                                                        "Parallel Aware": false,
                                                        "Join Type": "Inner",
                                                        "Startup Cost": 17.14,
                                                        "Total Cost": 23.42,
                                                        "Plan Rows": 36,
                                                        "Plan Width": 72,
                                                        "Actual Startup Time": 0.266,
                                                        "Actual Total Time": 0.378,
                                                        "Actual Rows": 116,
                                                        "Actual Loops": 1,
                                                        "Output": [
                                                          "pg_index.indrelid",
                                                          "pg_index.indexrelid",
                                                          "tbl_1.relname"
                                                        ],
                                                        "Inner Unique": true,
                                                        "Hash Cond": "(pg_index.indrelid = tbl_1.oid)",
                                                        "Shared Hit Blocks": 16,
                                                        "Shared Read Blocks": 0,
                                                        "Shared Dirtied Blocks": 0,
                                                        "Shared Written Blocks": 0,
                                                        "Local Hit Blocks": 0,
                                                        "Local Read Blocks": 0,
                                                        "Local Dirtied Blocks": 0,
                                                        "Local Written Blocks": 0,
                                                        "Temp Read Blocks": 0,
                                                        "Temp Written Blocks": 0,
                                                        "Plans": [
                                                          {
                                                            "Node Type": "Seq Scan",
                                                            "Parent Relationship": "Outer",
                                                            "Parallel Aware": false,
                                                            "Relation Name": "pg_index",
                                                            "Schema": "pg_catalog",
                                                            "Alias": "pg_index",
                                                            "Startup Cost": 0.0,
                                                            "Total Cost": 5.8,
                                                            "Plan Rows": 180,
                                                            "Plan Width": 8,
                                                            "Actual Startup Time": 0.003,
                                                            "Actual Total Time": 0.073,
                                                            "Actual Rows": 137,
                                                            "Actual Loops": 1,
                                                            "Output": [
                                                              "pg_index.indexrelid",
                                                              "pg_index.indrelid",
                                                              "pg_index.indnatts",
                                                              "pg_index.indnkeyatts",
                                                              "pg_index.indisunique",
                                                              "pg_index.indisprimary",
                                                              "pg_index.indisexclusion",
                                                              "pg_index.indimmediate",
                                                              "pg_index.indisclustered",
                                                              "pg_index.indisvalid",
                                                              "pg_index.indcheckxmin",
                                                              "pg_index.indisready",
                                                              "pg_index.indislive",
                                                              "pg_index.indisreplident",
                                                              "pg_index.indkey",
                                                              "pg_index.indcollation",
                                                              "pg_index.indclass",
                                                              "pg_index.indoption",
                                                              "pg_index.indexprs",
                                                              "pg_index.indpred"
                                                            ],
                                                            "Filter": "pg_index.indisvalid",
                                                            "Rows Removed by Filter": 0,
                                                            "Shared Hit Blocks": 4,
                                                            "Shared Read Blocks": 0,
                                                            "Shared Dirtied Blocks": 0,
                                                            "Shared Written Blocks": 0,
                                                            "Local Hit Blocks": 0,
                                                            "Local Read Blocks": 0,
                                                            "Local Dirtied Blocks": 0,
                                                            "Local Written Blocks": 0,
                                                            "Temp Read Blocks": 0,
                                                            "Temp Written Blocks": 0
                                                          },
                                                          {
                                                            "Node Type": "Hash",
                                                            "Parent Relationship": "Inner",
                                                            "Parallel Aware": false,
                                                            "Startup Cost": 16.27,
                                                            "Total Cost": 16.27,
                                                            "Plan Rows": 69,
                                                            "Plan Width": 68,
                                                            "Actual Startup Time": 0.229,
                                                            "Actual Total Time": 0.229,
                                                            "Actual Rows": 71,
                                                            "Actual Loops": 1,
                                                            "Output": [
                                                              "tbl_1.relname",
                                                              "tbl_1.oid"
                                                            ],
                                                            "Hash Buckets": 1024,
                                                            "Original Hash Buckets": 1024,
                                                            "Hash Batches": 1,
                                                            "Original Hash Batches": 1,
                                                            "Peak Memory Usage": 15,
                                                            "Shared Hit Blocks": 12,
                                                            "Shared Read Blocks": 0,
                                                            "Shared Dirtied Blocks": 0,
                                                            "Shared Written Blocks": 0,
                                                            "Local Hit Blocks": 0,
                                                            "Local Read Blocks": 0,
                                                            "Local Dirtied Blocks": 0,
                                                            "Local Written Blocks": 0,
                                                            "Temp Read Blocks": 0,
                                                            "Temp Written Blocks": 0,
                                                            "Plans": [
                                                              {
                                                                "Node Type": "Seq Scan",
                                                                "Parent Relationship": "Outer",
                                                                "Parallel Aware": false,
                                                                "Relation Name": "pg_class",
                                                                "Schema": "pg_catalog",
                                                                "Alias": "tbl_1",
                                                                "Startup Cost": 0.0,
                                                                "Total Cost": 16.27,
                                                                "Plan Rows": 69,
                                                                "Plan Width": 68,
                                                                "Actual Startup Time": 0.01,
                                                                "Actual Total Time": 0.182,
                                                                "Actual Rows": 71,
                                                                "Actual Loops": 1,
                                                                "Output": [
                                                                  "tbl_1.relname",
                                                                  "tbl_1.oid"
                                                                ],
                                                                "Filter": "(tbl_1.relkind = 'r'::\"char\")",
                                                                "Rows Removed by Filter": 277,
                                                                "Shared Hit Blocks": 12,
                                                                "Shared Read Blocks": 0,
                                                                "Shared Dirtied Blocks": 0,
                                                                "Shared Written Blocks": 0,
                                                                "Local Hit Blocks": 0,
                                                                "Local Read Blocks": 0,
                                                                "Local Dirtied Blocks": 0,
                                                                "Local Written Blocks": 0,
                                                                "Temp Read Blocks": 0,
                                                                "Temp Written Blocks": 0
                                                              }
                                                            ]
                                                          }
                                                        ]
                                                      }
                                                    ]
                                                  }
                                                ]
                                              },
                                              {
                                                "Node Type": "Hash",
                                                "Parent Relationship": "Inner",
                                                "Parallel Aware": false,
                                                "Startup Cost": 1.06,
                                                "Total Cost": 1.06,
                                                "Plan Rows": 6,
                                                "Plan Width": 68,
                                                "Actual Startup Time": 0.037,
                                                "Actual Total Time": 0.037,
                                                "Actual Rows": 7,
                                                "Actual Loops": 1,
                                                "Output": [
                                                  "pg_namespace.nspname",
                                                  "pg_namespace.oid"
                                                ],
                                                "Hash Buckets": 1024,
                                                "Original Hash Buckets": 1024,
                                                "Hash Batches": 1,
                                                "Original Hash Batches": 1,
                                                "Peak Memory Usage": 9,
                                                "Shared Hit Blocks": 1,
                                                "Shared Read Blocks": 0,
                                                "Shared Dirtied Blocks": 0,
                                                "Shared Written Blocks": 0,
                                                "Local Hit Blocks": 0,
                                                "Local Read Blocks": 0,
                                                "Local Dirtied Blocks": 0,
                                                "Local Written Blocks": 0,
                                                "Temp Read Blocks": 0,
                                                "Temp Written Blocks": 0,
                                                "Plans": [
                                                  {
                                                    "Node Type": "Seq Scan",
                                                    "Parent Relationship": "Outer",
                                                    "Parallel Aware": false,
                                                    "Relation Name": "pg_namespace",
                                                    "Schema": "pg_catalog",
                                                    "Alias": "pg_namespace",
                                                    "Startup Cost": 0.0,
                                                    "Total Cost": 1.06,
                                                    "Plan Rows": 6,
                                                    "Plan Width": 68,
                                                    "Actual Startup Time": 0.022,
                                                    "Actual Total Time": 0.024,
                                                    "Actual Rows": 7,
                                                    "Actual Loops": 1,
                                                    "Output": [
                                                      "pg_namespace.nspname",
                                                      "pg_namespace.oid"
                                                    ],
                                                    "Shared Hit Blocks": 1,
                                                    "Shared Read Blocks": 0,
                                                    "Shared Dirtied Blocks": 0,
                                                    "Shared Written Blocks": 0,
                                                    "Local Hit Blocks": 0,
                                                    "Local Read Blocks": 0,
                                                    "Local Dirtied Blocks": 0,
                                                    "Local Written Blocks": 0,
                                                    "Temp Read Blocks": 0,
                                                    "Temp Written Blocks": 0
                                                  }
                                                ]
                                              }
                                            ]
                                          },
                                          {
                                            "Node Type": "Index Scan",
                                            "Parent Relationship": "Inner",
                                            "Parallel Aware": false,
                                            "Scan Direction": "Forward",
                                            "Index Name": "pg_attribute_relid_attnum_index",
                                            "Relation Name": "pg_attribute",
                                            "Schema": "pg_catalog",
                                            "Alias": "a_2",
                                            "Startup Cost": 0.28,
                                            "Total Cost": 1.71,
                                            "Plan Rows": 6,
                                            "Plan Width": 238,
                                            "Actual Startup Time": 0.004,
                                            "Actual Total Time": 0.005,
                                            "Actual Rows": 2,
                                            "Actual Loops": 116,
                                            "Output": [
                                              "a_2.attrelid",
                                              "a_2.attname",
                                              "a_2.atttypid",
                                              "a_2.attstattarget",
                                              "a_2.attlen",
                                              "a_2.attnum",
                                              "a_2.attndims",
                                              "a_2.attcacheoff",
                                              "a_2.atttypmod",
                                              "a_2.attbyval",
                                              "a_2.attstorage",
                                              "a_2.attalign",
                                              "a_2.attnotnull",
                                              "a_2.atthasdef",
                                              "a_2.atthasmissing",
                                              "a_2.attidentity",
                                              "a_2.attisdropped",
                                              "a_2.attislocal",
                                              "a_2.attinhcount",
                                              "a_2.attcollation",
                                              "a_2.attacl",
                                              "a_2.attoptions",
                                              "a_2.attfdwoptions",
                                              "a_2.attmissingval"
                                            ],
                                            "Index Cond": "((a_2.attrelid = pg_index.indexrelid) AND (a_2.attnum > 0))",
                                            "Rows Removed by Index Recheck": 0,
                                            "Shared Hit Blocks": 351,
                                            "Shared Read Blocks": 0,
                                            "Shared Dirtied Blocks": 0,
                                            "Shared Written Blocks": 0,
                                            "Local Hit Blocks": 0,
                                            "Local Read Blocks": 0,
                                            "Local Dirtied Blocks": 0,
                                            "Local Written Blocks": 0,
                                            "Temp Read Blocks": 0,
                                            "Temp Written Blocks": 0
                                          }
                                        ]
                                      }
                                    ]
                                  },
                                  {
                                    "Node Type": "Nested Loop",
                                    "Parent Relationship": "Inner",
                                    "Parallel Aware": false,
                                    "Join Type": "Inner",
                                    "Startup Cost": 19.89,
                                    "Total Cost": 101.67,
                                    "Plan Rows": 1,
                                    "Plan Width": 401,
                                    "Actual Startup Time": 0.008,
                                    "Actual Total Time": 0.857,
                                    "Actual Rows": 365,
                                    "Actual Loops": 193,
                                    "Output": [
                                      "n_2.nspname",
                                      "c_3.relname",
                                      "a_1.attname",
                                      "NULL::boolean",
                                      "s_3.stanullfrac",
                                      "s_3.stawidth",
                                      "NULL::real",
                                      "NULL::anyarray",
                                      "NULL::real[]",
                                      "NULL::anyarray",
                                      "NULL::real",
                                      "NULL::anyarray",
                                      "NULL::real[]",
                                      "NULL::real[]"
                                    ],
                                    "Inner Unique": true,
                                    "Join Filter": "(has_column_privilege(c_3.oid, a_1.attnum, 'select'::text) AND (c_3.oid = a_1.attrelid))",
                                    "Rows Removed by Join Filter": 0,
                                    "Shared Hit Blocks": 214436,
                                    "Shared Read Blocks": 0,
                                    "Shared Dirtied Blocks": 0,
                                    "Shared Written Blocks": 0,
                                    "Local Hit Blocks": 0,
                                    "Local Read Blocks": 0,
                                    "Local Dirtied Blocks": 0,
                                    "Local Written Blocks": 0,
                                    "Temp Read Blocks": 0,
                                    "Temp Written Blocks": 0,
                                    "Plans": [
                                      {
                                        "Node Type": "Hash Join",
                                        "Parent Relationship": "Outer",
                                        "Parallel Aware": false,
                                        "Join Type": "Inner",
                                        "Startup Cost": 19.61,
                                        "Total Cost": 41.74,
                                        "Plan Rows": 66,
                                        "Plan Width": 146,
                                        "Actual Startup Time": 0.004,
                                        "Actual Total Time": 0.157,
                                        "Actual Rows": 365,
                                        "Actual Loops": 193,
                                        "Output": [
                                          "s_3.stanullfrac",
                                          "s_3.stawidth",
                                          "s_3.starelid",
                                          "s_3.staattnum",
                                          "c_3.relname",
                                          "c_3.oid",
                                          "n_2.nspname"
                                        ],
                                        "Inner Unique": false,
                                        "Hash Cond": "(s_3.starelid = c_3.oid)",
                                        "Shared Hit Blocks": 3101,
                                        "Shared Read Blocks": 0,
                                        "Shared Dirtied Blocks": 0,
                                        "Shared Written Blocks": 0,
                                        "Local Hit Blocks": 0,
                                        "Local Read Blocks": 0,
                                        "Local Dirtied Blocks": 0,
                                        "Local Written Blocks": 0,
                                        "Temp Read Blocks": 0,
                                        "Temp Written Blocks": 0,
                                        "Plans": [
                                          {
                                            "Node Type": "Seq Scan",
                                            "Parent Relationship": "Outer",
                                            "Parallel Aware": false,
                                            "Relation Name": "pg_statistic",
                                            "Schema": "pg_catalog",
                                            "Alias": "s_3",
                                            "Startup Cost": 0.0,
                                            "Total Cost": 19.98,
                                            "Plan Rows": 398,
                                            "Plan Width": 14,
                                            "Actual Startup Time": 0.001,
                                            "Actual Total Time": 0.035,
                                            "Actual Rows": 398,
                                            "Actual Loops": 193,
                                            "Output": [
                                              "s_3.starelid",
                                              "s_3.staattnum",
                                              "s_3.stainherit",
                                              "s_3.stanullfrac",
                                              "s_3.stawidth",
                                              "s_3.stadistinct",
                                              "s_3.stakind1",
                                              "s_3.stakind2",
                                              "s_3.stakind3",
                                              "s_3.stakind4",
                                              "s_3.stakind5",
                                              "s_3.staop1",
                                              "s_3.staop2",
                                              "s_3.staop3",
                                              "s_3.staop4",
                                              "s_3.staop5",
                                              "s_3.stanumbers1",
                                              "s_3.stanumbers2",
                                              "s_3.stanumbers3",
                                              "s_3.stanumbers4",
                                              "s_3.stanumbers5",
                                              "s_3.stavalues1",
                                              "s_3.stavalues2",
                                              "s_3.stavalues3",
                                              "s_3.stavalues4",
                                              "s_3.stavalues5"
                                            ],
                                            "Shared Hit Blocks": 3088,
                                            "Shared Read Blocks": 0,
                                            "Shared Dirtied Blocks": 0,
                                            "Shared Written Blocks": 0,
                                            "Local Hit Blocks": 0,
                                            "Local Read Blocks": 0,
                                            "Local Dirtied Blocks": 0,
                                            "Local Written Blocks": 0,
                                            "Temp Read Blocks": 0,
                                            "Temp Written Blocks": 0
                                          },
                                          {
                                            "Node Type": "Hash",
                                            "Parent Relationship": "Inner",
                                            "Parallel Aware": false,
                                            "Startup Cost": 18.89,
                                            "Total Cost": 18.89,
                                            "Plan Rows": 57,
                                            "Plan Width": 132,
                                            "Actual Startup Time": 0.476,
                                            "Actual Total Time": 0.476,
                                            "Actual Rows": 237,
                                            "Actual Loops": 1,
                                            "Output": [
                                              "c_3.relname",
                                              "c_3.oid",
                                              "n_2.nspname"
                                            ],
                                            "Hash Buckets": 1024,
                                            "Original Hash Buckets": 1024,
                                            "Hash Batches": 1,
                                            "Original Hash Batches": 1,
                                            "Peak Memory Usage": 46,
                                            "Shared Hit Blocks": 13,
                                            "Shared Read Blocks": 0,
                                            "Shared Dirtied Blocks": 0,
                                            "Shared Written Blocks": 0,
                                            "Local Hit Blocks": 0,
                                            "Local Read Blocks": 0,
                                            "Local Dirtied Blocks": 0,
                                            "Local Written Blocks": 0,
                                            "Temp Read Blocks": 0,
                                            "Temp Written Blocks": 0,
                                            "Plans": [
                                              {
                                                "Node Type": "Hash Join",
                                                "Parent Relationship": "Outer",
                                                "Parallel Aware": false,
                                                "Join Type": "Inner",
                                                "Startup Cost": 1.09,
                                                "Total Cost": 18.89,
                                                "Plan Rows": 57,
                                                "Plan Width": 132,
                                                "Actual Startup Time": 0.098,
                                                "Actual Total Time": 0.355,
                                                "Actual Rows": 237,
                                                "Actual Loops": 1,
                                                "Output": [
                                                  "c_3.relname",
                                                  "c_3.oid",
                                                  "n_2.nspname"
                                                ],
                                                "Inner Unique": true,
                                                "Hash Cond": "(c_3.relnamespace = n_2.oid)",
                                                "Shared Hit Blocks": 13,
                                                "Shared Read Blocks": 0,
                                                "Shared Dirtied Blocks": 0,
                                                "Shared Written Blocks": 0,
                                                "Local Hit Blocks": 0,
                                                "Local Read Blocks": 0,
                                                "Local Dirtied Blocks": 0,
                                                "Local Written Blocks": 0,
                                                "Temp Read Blocks": 0,
                                                "Temp Written Blocks": 0,
                                                "Plans": [
                                                  {
                                                    "Node Type": "Seq Scan",
                                                    "Parent Relationship": "Outer",
                                                    "Parallel Aware": false,
                                                    "Relation Name": "pg_class",
                                                    "Schema": "pg_catalog",
                                                    "Alias": "c_3",
                                                    "Startup Cost": 0.0,
                                                    "Total Cost": 16.27,
                                                    "Plan Rows": 342,
                                                    "Plan Width": 72,
                                                    "Actual Startup Time": 0.012,
                                                    "Actual Total Time": 0.206,
                                                    "Actual Rows": 348,
                                                    "Actual Loops": 1,
                                                    "Output": [
                                                      "c_3.relname",
                                                      "c_3.oid",
                                                      "c_3.relnamespace"
                                                    ],
                                                    "Filter": "((NOT c_3.relrowsecurity) OR (NOT row_security_active(c_3.oid)))",
                                                    "Rows Removed by Filter": 0,
                                                    "Shared Hit Blocks": 12,
                                                    "Shared Read Blocks": 0,
                                                    "Shared Dirtied Blocks": 0,
                                                    "Shared Written Blocks": 0,
                                                    "Local Hit Blocks": 0,
                                                    "Local Read Blocks": 0,
                                                    "Local Dirtied Blocks": 0,
                                                    "Local Written Blocks": 0,
                                                    "Temp Read Blocks": 0,
                                                    "Temp Written Blocks": 0
                                                  },
                                                  {
                                                    "Node Type": "Hash",
                                                    "Parent Relationship": "Inner",
                                                    "Parallel Aware": false,
                                                    "Startup Cost": 1.07,
                                                    "Total Cost": 1.07,
                                                    "Plan Rows": 1,
                                                    "Plan Width": 68,
                                                    "Actual Startup Time": 0.027,
                                                    "Actual Total Time": 0.027,
                                                    "Actual Rows": 1,
                                                    "Actual Loops": 1,
                                                    "Output": [
                                                      "n_2.nspname",
                                                      "n_2.oid"
                                                    ],
                                                    "Hash Buckets": 1024,
                                                    "Original Hash Buckets": 1024,
                                                    "Hash Batches": 1,
                                                    "Original Hash Batches": 1,
                                                    "Peak Memory Usage": 9,
                                                    "Shared Hit Blocks": 1,
                                                    "Shared Read Blocks": 0,
                                                    "Shared Dirtied Blocks": 0,
                                                    "Shared Written Blocks": 0,
                                                    "Local Hit Blocks": 0,
                                                    "Local Read Blocks": 0,
                                                    "Local Dirtied Blocks": 0,
                                                    "Local Written Blocks": 0,
                                                    "Temp Read Blocks": 0,
                                                    "Temp Written Blocks": 0,
                                                    "Plans": [
                                                      {
                                                        "Node Type": "Seq Scan",
                                                        "Parent Relationship": "Outer",
                                                        "Parallel Aware": false,
                                                        "Relation Name": "pg_namespace",
                                                        "Schema": "pg_catalog",
                                                        "Alias": "n_2",
                                                        "Startup Cost": 0.0,
                                                        "Total Cost": 1.07,
                                                        "Plan Rows": 1,
                                                        "Plan Width": 68,
                                                        "Actual Startup Time": 0.021,
                                                        "Actual Total Time": 0.022,
                                                        "Actual Rows": 1,
                                                        "Actual Loops": 1,
                                                        "Output": [
                                                          "n_2.nspname",
                                                          "n_2.oid"
                                                        ],
                                                        "Filter": "(n_2.nspname = 'pg_catalog'::name)",
                                                        "Rows Removed by Filter": 6,
                                                        "Shared Hit Blocks": 1,
                                                        "Shared Read Blocks": 0,
                                                        "Shared Dirtied Blocks": 0,
                                                        "Shared Written Blocks": 0,
                                                        "Local Hit Blocks": 0,
                                                        "Local Read Blocks": 0,
                                                        "Local Dirtied Blocks": 0,
                                                        "Local Written Blocks": 0,
                                                        "Temp Read Blocks": 0,
                                                        "Temp Written Blocks": 0
                                                      }
                                                    ]
                                                  }
                                                ]
                                              }
                                            ]
                                          }
                                        ]
                                      },
                                      {
                                        "Node Type": "Index Scan",
                                        "Parent Relationship": "Inner",
                                        "Parallel Aware": false,
                                        "Scan Direction": "Forward",
                                        "Index Name": "pg_attribute_relid_attnum_index",
                                        "Relation Name": "pg_attribute",
                                        "Schema": "pg_catalog",
                                        "Alias": "a_1",
                                        "Startup Cost": 0.28,
                                        "Total Cost": 0.89,
                                        "Plan Rows": 1,
                                        "Plan Width": 70,
                                        "Actual Startup Time": 0.001,
                                        "Actual Total Time": 0.001,
                                        "Actual Rows": 1,
                                        "Actual Loops": 70445,
                                        "Output": [
                                          "a_1.attrelid",
                                          "a_1.attname",
                                          "a_1.atttypid",
                                          "a_1.attstattarget",
                                          "a_1.attlen",
                                          "a_1.attnum",
                                          "a_1.attndims",
                                          "a_1.attcacheoff",
                                          "a_1.atttypmod",
                                          "a_1.attbyval",
                                          "a_1.attstorage",
                                          "a_1.attalign",
                                          "a_1.attnotnull",
                                          "a_1.atthasdef",
                                          "a_1.atthasmissing",
                                          "a_1.attidentity",
                                          "a_1.attisdropped",
                                          "a_1.attislocal",
                                          "a_1.attinhcount",
                                          "a_1.attcollation",
                                          "a_1.attacl",
                                          "a_1.attoptions",
                                          "a_1.attfdwoptions",
                                          "a_1.attmissingval"
                                        ],
                                        "Index Cond": "((a_1.attrelid = s_3.starelid) AND (a_1.attnum = s_3.staattnum))",
                                        "Rows Removed by Index Recheck": 0,
                                        "Filter": "(NOT a_1.attisdropped)",
                                        "Rows Removed by Filter": 0,
                                        "Shared Hit Blocks": 211335,
                                        "Shared Read Blocks": 0,
                                        "Shared Dirtied Blocks": 0,
                                        "Shared Written Blocks": 0,
                                        "Local Hit Blocks": 0,
                                        "Local Read Blocks": 0,
                                        "Local Dirtied Blocks": 0,
                                        "Local Written Blocks": 0,
                                        "Temp Read Blocks": 0,
                                        "Temp Written Blocks": 0
                                      }
                                    ]
                                  }
                                ]
                              },
                              {
                                "Node Type": "Index Only Scan",
                                "Parent Relationship": "Inner",
                                "Parallel Aware": false,
                                "Scan Direction": "Forward",
                                "Index Name": "pg_type_oid_index",
                                "Relation Name": "pg_type",
                                "Schema": "pg_catalog",
                                "Alias": "t",
                                "Startup Cost": 0.15,
                                "Total Cost": 4.17,
                                "Plan Rows": 1,
                                "Plan Width": 4,
                                "Actual Startup Time": 0.005,
                                "Actual Total Time": 0.005,
                                "Actual Rows": 1,
                                "Actual Loops": 100,
                                "Output": ["t.oid"],
                                "Index Cond": "(t.oid = q.atttypid)",
                                "Rows Removed by Index Recheck": 0,
                                "Heap Fetches": 0,
                                "Shared Hit Blocks": 101,
                                "Shared Read Blocks": 0,
                                "Shared Dirtied Blocks": 0,
                                "Shared Written Blocks": 0,
                                "Local Hit Blocks": 0,
                                "Local Read Blocks": 0,
                                "Local Dirtied Blocks": 0,
                                "Local Written Blocks": 0,
                                "Temp Read Blocks": 0,
                                "Temp Written Blocks": 0
                              }
                            ]
                          }
                        ]
                      }
                    ]
                  },
                  {
                    "Node Type": "Seq Scan",
                    "Parent Relationship": "Inner",
                    "Parallel Aware": false,
                    "Relation Name": "pg_am",
                    "Schema": "pg_catalog",
                    "Alias": "am",
                    "Startup Cost": 0.0,
                    "Total Cost": 1.07,
                    "Plan Rows": 1,
                    "Plan Width": 4,
                    "Actual Startup Time": 0.0,
                    "Actual Total Time": 0.0,
                    "Actual Rows": 1,
                    "Actual Loops": 47,
                    "Output": ["am.oid"],
                    "Filter": "(am.amname = 'btree'::name)",
                    "Rows Removed by Filter": 0,
                    "Shared Hit Blocks": 47,
                    "Shared Read Blocks": 0,
                    "Shared Dirtied Blocks": 0,
                    "Shared Written Blocks": 0,
                    "Local Hit Blocks": 0,
                    "Local Read Blocks": 0,
                    "Local Dirtied Blocks": 0,
                    "Local Written Blocks": 0,
                    "Temp Read Blocks": 0,
                    "Temp Written Blocks": 0
                  }
                ]
              }
            ]
          }
        ]
      }
    ]
  }
}
`,UX=` Merge on public.tb  (cost=262602.88..306621.45 rows=0 width=0) (actual time=7798.118..7798.122 rows=0 loops=1)
   Tuples: inserted=9995 updated=9679 deleted=326
   Buffers: shared hit=7731564 read=22226 dirtied=27295 written=38115, temp read=9593 written=27592
   I/O Timings: shared read=22.960 write=186.426, temp read=17.017 write=119.861
   WAL: records=5049414 fpi=5192 bytes=416135793
   CTE tbl
     ->  Insert on pg_temp.tblog  (cost=8704.82..8705.65 rows=0 width=0) (actual time=509.761..509.761 rows=0 loops=1)
           Buffers: shared hit=3 read=5448 written=5276, local hit=494411 dirtied=2644 written=4269, temp read=1559 written=1568
           I/O Timings: shared read=10.578 write=13.760, local write=54.430, temp read=2.942 write=6.888
           ->  Sort  (cost=8704.82..8705.65 rows=333 width=12) (actual time=286.491..347.529 rows=489127 loops=1)
                 Output: tb_1.i, tb_1.x
                 Sort Key: tb_1.x
                 Sort Method: external merge  Disk: 12472kB
                 Buffers: shared hit=3 read=5448 written=5276, temp read=1559 written=1568
                 I/O Timings: shared read=10.578 write=13.760, temp read=2.942 write=6.888
                 ->  Bitmap Heap Scan on public.tb tb_1  (cost=180.48..8690.86 rows=333 width=12) (actual time=30.582..122.685 rows=489127 loops=1)
                       Output: tb_1.i, tb_1.x
                       Recheck Cond: ((tb_1.i >= 4000000) AND (tb_1.i <= 5000000))
                       Filter: ((mod(tb_1.i, 99) > 0) AND (mod(tb_1.i, 98) > 0) AND (mod(tb_1.i, 98) > 0) AND ((tb_1.i + 1) > 0))
                       Rows Removed by Filter: 10068
                       Heap Blocks: exact=3181
                       Buffers: shared hit=3 read=5448 written=5276
                       I/O Timings: shared read=10.578 write=13.760
                       ->  Bitmap Index Scan on tb_pkey  (cost=0.00..180.40 rows=8997 width=0) (actual time=30.251..30.251 rows=499195 loops=1)
                             Index Cond: ((tb_1.i >= 4000000) AND (tb_1.i <= 5000000))
                             Buffers: shared hit=2 read=2268 written=2181
                             I/O Timings: shared read=4.315 write=5.384
   CTE tabb
     ->  Update on public.ta  (cost=96.13..93079.47 rows=1667044 width=18) (actual time=11.270..6418.935 rows=2499947 loops=1)
           Output: ta_1.i, ta_1.x, ta_1.filler
           Update on public.ta1 ta_1
           Update on public.ta2 ta_2
           Buffers: shared hit=7542762 read=22126 dirtied=26988 written=37604
           I/O Timings: shared read=22.722 write=184.053
           WAL: records=4999894 fpi=5162 bytes=412139886
           InitPlan 3
             ->  Result  (cost=96.12..96.13 rows=1 width=4) (actual time=0.052..0.053 rows=1 loops=1)
                   Output: ((InitPlan 2).col1 / 2)
                   Buffers: shared hit=2 read=2
                   I/O Timings: shared read=0.007
                   InitPlan 2
                     ->  Limit  (cost=0.43..96.12 rows=1 width=4) (actual time=0.048..0.048 rows=1 loops=1)
                           Output: tb_2.i
                           Buffers: shared hit=2 read=2
                           I/O Timings: shared read=0.007
                           ->  Index Only Scan Backward using tb_pkey on public.tb tb_2  (cost=0.43..95690.29 rows=1000 width=4) (actual time=0.045..0.045 rows=1 loops=1)
                                 Output: tb_2.i
                                 Filter: (((tb_2.i + 1) > 0) AND ((tb_2.i + 2) > 0) AND (mod(tb_2.i, 99) = 0))
                                 Rows Removed by Filter: 38
                                 Heap Fetches: 39
                                 Buffers: shared hit=2 read=2
                                 I/O Timings: shared read=0.007
           ->  Append  (cost=0.00..92983.35 rows=1667044 width=18) (actual time=0.078..650.328 rows=2499947 loops=1)
                 Buffers: shared hit=2 read=22126 written=8891
                 I/O Timings: shared read=22.722 write=25.883
                 ->  Seq Scan on public.ta1 ta_1  (cost=0.00..84624.00 rows=1666667 width=18) (actual time=0.016..486.444 rows=2499947 loops=1)
                       Output: '2'::double precision, ta_1.tableoid, ta_1.ctid
                       Filter: (ta_1.i < (InitPlan 3).col1)
                       Rows Removed by Filter: 2500053
                       Buffers: shared read=22124 written=8891
                       I/O Timings: shared read=22.715 write=25.883
                 ->  Seq Scan on public.ta2 ta_2  (cost=0.00..24.12 rows=377 width=18) (never executed)
                       Output: '2'::double precision, ta_2.tableoid, ta_2.ctid
                       Filter: (ta_2.i < (InitPlan 3).col1)
   CTE tab
     ->  Limit  (cost=160767.33..160817.33 rows=20000 width=44) (actual time=7700.673..7704.219 rows=20000 loops=1)
           Output: tabb.i, tabb.x, tabb.filler
           Buffers: shared hit=7542762 read=22126 dirtied=26988 written=37604, temp read=9593 written=27592
           I/O Timings: shared read=22.722 write=184.053, temp read=17.017 write=119.861
           WAL: records=4999894 fpi=5162 bytes=412139886
           ->  Sort  (cost=160767.33..164934.94 rows=1667044 width=44) (actual time=7563.572..7565.984 rows=20000 loops=1)
                 Output: tabb.i, tabb.x, tabb.filler
                 Sort Key: tabb.x
                 Sort Method: external merge  Disk: 73440kB
                 Buffers: shared hit=7542762 read=22126 dirtied=26988 written=37604, temp read=9593 written=27592
                 I/O Timings: shared read=22.722 write=184.053, temp read=17.017 write=119.861
                 WAL: records=4999894 fpi=5162 bytes=412139886
                 ->  CTE Scan on tabb  (cost=0.00..33340.88 rows=1667044 width=44) (actual time=11.274..7104.296 rows=2499947 loops=1)
                       Output: tabb.i, tabb.x, tabb.filler
                       Buffers: shared hit=7542762 read=22126 dirtied=26988 written=37604, temp written=9155
                       I/O Timings: shared read=22.722 write=184.053, temp write=58.774
                       WAL: records=4999894 fpi=5162 bytes=412139886
   ->  Nested Loop Left Join  (cost=0.43..44019.00 rows=20000 width=102) (actual time=7700.749..7733.331 rows=20000 loops=1)
         Output: tb.ctid, tab.i, tab.filler, tab.*
         Inner Unique: true
         Buffers: shared hit=7612704 read=22189 dirtied=26988 written=37663, temp read=9593 written=27592
         I/O Timings: shared read=22.871 write=184.243, temp read=17.017 write=119.861
         WAL: records=4999894 fpi=5162 bytes=412139886
         ->  CTE Scan on tab  (cost=0.00..400.00 rows=20000 width=96) (actual time=7700.708..7709.042 rows=20000 loops=1)
               Output: tab.i, tab.filler, tab.*
               Buffers: shared hit=7542762 read=22126 dirtied=26988 written=37604, temp read=9593 written=27592
               I/O Timings: shared read=22.722 write=184.053, temp read=17.017 write=119.861
               WAL: records=4999894 fpi=5162 bytes=412139886
         ->  Index Scan using tb_pkey on public.tb  (cost=0.43..2.18 rows=1 width=10) (actual time=0.001..0.001 rows=1 loops=20000)
               Output: tb.ctid, tb.i
               Index Cond: (tb.i = tab.i)
               Buffers: shared hit=69942 read=63 written=59
               I/O Timings: shared read=0.149 write=0.190
 Settings: work_mem = '3MB', random_page_cost = '1.5', parallel_tuple_cost = '0', jit_above_cost = '0', jit_inline_above_cost = '0', jit_optimize_above_cost = '0'
 Planning:
   Buffers: shared hit=26 read=1
   I/O Timings: shared read=0.003
   Memory: used=165kB  allocated=264kB
 Planning Time: 0.289 ms
 Trigger RI_ConstraintTrigger_a_18153 for constraint tc1_fkey on tb: time=4399.335 calls=326
 Trigger RI_ConstraintTrigger_a_18161 for constraint tc2_fkey on tc1: time=6000.010 calls=326
 JIT:
   Functions: 31
   Options: Inlining true, Optimization true, Expressions true, Deforming true
   Timing: Generation 1.340 ms (Deform 0.303 ms), Inlining 9.145 ms, Optimization 82.044 ms, Emission 57.043 ms, Total 149.572 ms
 Serialization: time=0.000 ms  output=0kB  format=text
 Execution Time: 18733.542 ms
(112 lignes)
`,$X=`EXPLAIN (ANALYZE,BUFFERS,VERBOSE,SETTINGS,WAL,SERIALIZE,MEMORY,FORMAT TEXT)
WITH
tBl  AS ( INSERT INTO tBlog SELECT i,x FROM tB
          WHERE i BETWEEN 4000000 AND 5000000
          AND mod(i,99)>0 AND mod(i,98)>0 AND mod(i,98)>0 and i+1>0 /* force bitmap index */
          ORDER BY x),
tAbb AS ( UPDATE tA SET x=2 WHERE i < (
            SELECT max(i)/2 FROM tB  WHERE mod(i,99)=0  AND i+1>0 AND i+2>0  /* for bad stats */
            )
          RETURNING * ),
tAb  AS MATERIALIZED ( SELECT * FROM tAbb ORDER BY x LIMIT 20000)
MERGE INTO tB
USING tAb ON (tB.i=tAb.i)
WHEN NOT MATCHED THEN
   INSERT VALUES (tAb.i, 0.0, '000')
WHEN MATCHED AND tB.x > 0.97 THEN
   DELETE  /*  will raise the ON DELETE trigger (very costly) */
WHEN MATCHED THEN
   UPDATE SET filler=tAb.filler
;
`,FX=`[
  {
    "Plan": {
      "Node Type": "Aggregate",
      "Strategy": "Plain",
      "Partial Mode": "Finalize",
      "Parallel Aware": false,
      "Startup Cost": 144975.01,
      "Total Cost": 144975.02,
      "Plan Rows": 1,
      "Plan Width": 32,
      "Actual Startup Time": 484.97,
      "Actual Total Time": 484.97,
      "Actual Rows": 1,
      "Actual Loops": 1,
      "Output": ["sum(l_quantity)"],
      "Plans": [
        {
          "Node Type": "Gather",
          "Parent Relationship": "Outer",
          "Parallel Aware": false,
          "Startup Cost": 144974.57,
          "Total Cost": 144974.98,
          "Plan Rows": 4,
          "Plan Width": 32,
          "Actual Startup Time": 484.868,
          "Actual Total Time": 486.428,
          "Actual Rows": 3,
          "Actual Loops": 1,
          "Output": ["(PARTIAL sum(l_quantity))"],
          "Workers Planned": 4,
          "Workers Launched": 2,
          "Single Copy": false,
          "Plans": [
            {
              "Node Type": "Aggregate",
              "Strategy": "Plain",
              "Partial Mode": "Partial",
              "Parent Relationship": "Outer",
              "Parallel Aware": false,
              "Startup Cost": 143974.57,
              "Total Cost": 143974.58,
              "Plan Rows": 1,
              "Plan Width": 32,
              "Actual Startup Time": 482.39,
              "Actual Total Time": 482.39,
              "Actual Rows": 1,
              "Actual Loops": 3,
              "Output": ["PARTIAL sum(l_quantity)"],
              "Workers": [
                {
                  "Worker Number": 0,
                  "Actual Startup Time": 481.485,
                  "Actual Total Time": 481.485,
                  "Actual Rows": 1,
                  "Actual Loops": 1
                },
                {
                  "Worker Number": 1,
                  "Actual Startup Time": 481.56,
                  "Actual Total Time": 481.56,
                  "Actual Rows": 1,
                  "Actual Loops": 1
                }
              ],
              "Plans": [
                {
                  "Node Type": "Seq Scan",
                  "Parent Relationship": "Outer",
                  "Parallel Aware": true,
                  "Relation Name": "lineitem",
                  "Schema": "public",
                  "Alias": "lineitem",
                  "Startup Cost": 0.0,
                  "Total Cost": 140298.89,
                  "Plan Rows": 1470273,
                  "Plan Width": 5,
                  "Actual Startup Time": 0.652,
                  "Actual Total Time": 344.447,
                  "Actual Rows": 1962085,
                  "Actual Loops": 3,
                  "Output": [
                    "l_orderkey",
                    "l_partkey",
                    "l_suppkey",
                    "l_linenumber",
                    "l_quantity",
                    "l_extendedprice",
                    "l_discount",
                    "l_tax",
                    "l_returnflag",
                    "l_linestatus",
                    "l_shipdate",
                    "l_commitdate",
                    "l_receiptdate",
                    "l_shipinstruct",
                    "l_shipmode",
                    "l_comment"
                  ],
                  "Filter": "(lineitem.l_shipdate <= '1998-08-18 00:00:00'::timestamp without time zone)",
                  "Rows Removed by Filter": 38320,
                  "Workers": [
                    {
                      "Worker Number": 0,
                      "Actual Startup Time": 0.414,
                      "Actual Total Time": 344.435,
                      "Actual Rows": 1962858,
                      "Actual Loops": 1
                    },
                    {
                      "Worker Number": 1,
                      "Actual Startup Time": 0.441,
                      "Actual Total Time": 344.431,
                      "Actual Rows": 1971199,
                      "Actual Loops": 1
                    }
                  ]
                }
              ]
            }
          ]
        }
      ]
    },
    "Planning Time": 0.591,
    "Triggers": [],
    "Execution Time": 486.495
  }
]`,VX=`select
        l_shipmode,
        sum(case
                when o_orderpriority = '1-URGENT'
                        or o_orderpriority = '2-HIGH'
                        then 1
                else 0
        end) as high_line_count,
        sum(case
                when o_orderpriority <> '1-URGENT'
                        and o_orderpriority <> '2-HIGH'
                        then 1
                else 0
        end) as low_line_count
from
        orders,
        lineitem
where
        o_orderkey = l_orderkey
        and l_shipmode in ('MAIL', 'AIR')
        and l_commitdate < l_receiptdate
        and l_shipdate < l_commitdate
        and l_receiptdate >= date '1996-01-01'
        and l_receiptdate < date '1996-01-01' + interval '1' year
group by
        l_shipmode
order by
        l_shipmode
LIMIT 1;
`,zX=` Limit  (cost=1964755.66..1964961.44 rows=1 width=27) (actual time=7579.592..7922.997 rows=1 loops=1)
   ->  Finalize GroupAggregate  (cost=1964755.66..1966196.11 rows=7 width=27) (actual time=7579.590..7579.591 rows=1 loops=1)
         Group Key: lineitem.l_shipmode
         ->  Gather Merge  (cost=1964755.66..1966195.83 rows=28 width=27) (actual time=7559.593..7922.319 rows=6 loops=1)
               Workers Planned: 4
               Workers Launched: 4
               ->  Partial GroupAggregate  (cost=1963755.61..1965192.44 rows=7 width=27) (actual time=7548.103..7564.592 rows=2 loops=5)
                     Group Key: lineitem.l_shipmode
                     ->  Sort  (cost=1963755.61..1963935.20 rows=71838 width=27) (actual time=7530.280..7539.688 rows=62519 loops=5)
                           Sort Key: lineitem.l_shipmode
                           Sort Method: external merge  Disk: 2304kB
                           Worker 0:  Sort Method: external merge  Disk: 2064kB
                           Worker 1:  Sort Method: external merge  Disk: 2384kB
                           Worker 2:  Sort Method: external merge  Disk: 2264kB
                           Worker 3:  Sort Method: external merge  Disk: 2336kB
                           ->  Parallel Hash Join  (cost=382571.01..1957960.99 rows=71838 width=27) (actual time=7036.917..7499.692 rows=62519 loops=5)
                                 Hash Cond: (lineitem.l_orderkey = orders.o_orderkey)
                                 ->  Parallel Seq Scan on lineitem  (cost=0.00..1552386.40 rows=71838 width=19) (actual time=0.583..4901.063 rows=62519 loops=5)
                                       Filter: ((l_shipmode = ANY ('{MAIL,AIR}'::bpchar[])) AND (l_commitdate < l_receiptdate) AND (l_shipdate < l_commitdate) AND (l_receiptdate >= '1996-01-01'::date) AND (l_receiptdate < '1997-01-01 00:00:00'::timestamp without time zone))
                                       Rows Removed by Filter: 11934691
                                 ->  Parallel Hash  (cost=313722.45..313722.45 rows=3750045 width=20) (actual time=2011.518..2011.518 rows=3000000 loops=5)
                                       Buckets: 65536  Batches: 256  Memory Usage: 3840kB
                                       ->  Parallel Seq Scan on orders  (cost=0.00..313722.45 rows=3750045 width=20) (actual time=0.029..995.948 rows=3000000 loops=5)
 Planning Time: 0.977 ms
 Execution Time: 7923.770 ms`,GX=`                                                                                            QUERY PLAN
--------------------------------------------------------------------------------------------------------------------------------------------------------------------------------------------------
 Delete on emailmessages  (cost=224.85..38989.92 rows=5000 width=34) (actual time=217158.570..217158.570 rows=0 loops=1)
   Buffers: shared hit=2579331 read=506594 dirtied=503671
   ->  Nested Loop  (cost=224.85..38989.92 rows=5000 width=34) (actual time=7.105..4576.019 rows=5000 loops=1)
         Buffers: shared hit=20223 read=395
         ->  HashAggregate  (cost=224.42..274.42 rows=5000 width=32) (actual time=7.072..23.891 rows=5000 loops=1)
               Group Key: "ANY_subquery".emailmessageid
               Buffers: shared hit=583
               ->  Subquery Scan on "ANY_subquery"  (cost=0.43..211.92 rows=5000 width=32) (actual time=0.064..3.892 rows=5000 loops=1)
                     Buffers: shared hit=583
                     ->  Limit  (cost=0.43..161.92 rows=5000 width=4) (actual time=0.053..2.808 rows=5000 loops=1)
                           Buffers: shared hit=583
                           ->  Index Only Scan using emailmessages_pkey on emailmessages emailmessages_1  (cost=0.43..89834.20 rows=2781465 width=4) (actual time=0.051..2.260 rows=5000 loops=1)
                                 Heap Fetches: 609
                                 Buffers: shared hit=583
         ->  Index Scan using emailmessages_pkey on emailmessages  (cost=0.43..7.73 rows=1 width=10) (actual time=0.903..0.905 rows=1 loops=5000)
               Index Cond: (emailmessageid = "ANY_subquery".emailmessageid)
               Buffers: shared hit=19640 read=395
 Planning time: 2.482 ms
 Trigger for constraint headeremessageref: time=4038.247 calls=5000
 Trigger for constraint formdataemessageref: time=81.415 calls=5000
 Trigger for constraint attachemessageref: time=158945.774 calls=5000
 Trigger for constraint outgoingemessageref: time=332.316 calls=5000
 Trigger for constraint incomingemessageref: time=125.492 calls=5000
 Trigger for constraint eventemessageref: time=251.365 calls=5000
 Trigger for constraint filteredemessageref: time=125.894 calls=5000
 Execution time: 381072.164 ms
(26 rows)`,XX="DELETE FROM emailmessages where emailmessageid in ( select emailmessageid from emailmessages limit 5000 );",KX=`
 Append  (cost=0.43..170502.33 rows=4018259 width=97) (actual time=0.007..464.318 rows=4000001 loops=1)
   Buffers: shared hit=39 read=69641
   I/O Timings: shared read=66.219
   ->  Index Scan using pgbench_accounts_2_pkey on pgbench_accounts_2 pgbench_accounts_1  (cost=0.43..8.45 rows=1 width=97) (actual time=0.006..0.007 rows=1 loops=1)
         Index Cond: ((aid >= 5000000) AND (aid <= 9000000))
         Buffers: shared hit=4
   ->  Seq Scan on pgbench_accounts_3 pgbench_accounts_2  (cost=0.00..78484.00 rows=2500000 width=97) (actual time=0.032..163.701 rows=2500000 loops=1)
         Filter: ((aid >= 5000000) AND (aid <= 9000000))
         Buffers: shared hit=32 read=40952
         I/O Timings: shared read=32.345
   ->  Index Scan using pgbench_accounts_4_pkey on pgbench_accounts_4 pgbench_accounts_3  (cost=0.43..71918.59 rows=1518258 width=97) (actual time=0.020..148.504 rows=1500000 loops=1)
         Index Cond: ((aid >= 5000000) AND (aid <= 9000000))
         Buffers: shared hit=3 read=28689
         I/O Timings: shared read=33.874
 Settings: jit = 'off'
 Planning:
   Buffers: shared hit=20
 Planning Time: 0.271 ms
 Execution Time: 548.488 ms
`,YX=`
/* Query on a pgbench database with 4 partitions,
   only 3 are used */
EXPLAIN (ANALYZE,BUFFERS,SETTINGS)
SELECT * from pgbench_accounts where aid  BETWEEN  5000000 AND 9000000 ;
`,qX=[["Simple join (TEXT format)",yX,vT],["Simple join (JSON format)",CX,vT],["Three joins, missing an index",IX,NX],["Aggregate with four joins",wX,kX],["With subplan",BX,""],["With Buffers",DX,PX],["A single CTE",MX,HX],["Many CTEs",xX,""],["Very large plan",WX,""],["DELETE with triggers",GX,XX],["With many options",UX,$X],["Parallel (verbose)",FX,""],["Parallel (4 workers)",zX,VX],["Partitions",KX,YX]],jX="pev2",JX=1;let fl;const ih={async getDb(){return new Promise((t,e)=>{if(fl)return t(fl);console.log("OPENING DB",fl);const n=window.indexedDB.open(jX,JX);n.onerror=r=>{console.log("Error opening db",r),e("Error")},n.onsuccess=()=>{fl=n.result,t(fl)},n.onupgradeneeded=()=>{console.log("onupgradeneeded"),n.result.createObjectStore("plans",{autoIncrement:!0,keyPath:"id"})}})},async deletePlan(t){const e=await this.getDb();return new Promise(n=>{const r=e.transaction(["plans"],"readwrite");r.oncomplete=()=>{n()},r.objectStore("plans").delete(t.id)})},async getPlans(){const t=await this.getDb();return new Promise(e=>{const n=t.transaction(["plans"],"readonly");n.oncomplete=()=>{e(i)};const r=n.objectStore("plans"),i=[];r.openCursor().onsuccess=o=>{const l=o.target.result;l&&(i.push(l.value),l.continue())}})},async savePlan(t){const e=await this.getDb();return new Promise(n=>{const r=e.transaction(["plans"],"readwrite");r.oncomplete=()=>{n()},r.objectStore("plans").put(t)})}},QX={class:"container"},ZX={class:"row mb-3"},tK={class:"col d-flex"},eK={class:"dropdown ms-auto"},nK={class:"dropdown-menu","aria-labelledby":"dropdownMenuButton"},rK=["onClick"],iK={class:"row"},sK={class:"col-sm-7"},oK={class:"mb-3"},aK={class:"mb-3"},lK={class:"mb-3"},cK={class:"col-sm-5 mb-4 mt-4 mt-md-0"},uK={class:"list-group"},dK={class:"row"},fK={class:"col"},pK=["onClick"],hK=["onClick"],_K=["onClick"],mK={class:"row"},EK={class:"col"},gK={class:"text-secondary"},TK=["title"],SK={key:0,class:"text-secondary text-center"},AK=we({__name:"HomeView",setup(t){const e=Re("setPlanData"),n=te(""),r=te(""),i=te(""),o=te(!1),l=te(!1),c=te();function u(){const O=["","",""];O[0]=i.value||"New Plan - "+new Date().toLocaleString("en-US",{dateStyle:"medium",timeStyle:"medium"}),O[1]=n.value,O[2]=r.value,O[3]=new Date().toISOString(),_(O),e(...O)}async function _(O){await ih.savePlan(O)}Bs(()=>{const O=document.getElementsByTagName("textarea");Array.prototype.forEach.call(O,x=>{x.placeholder=x.placeholder.replace(/\\n/g,`
`)});const R=window.location.href.replace(/#.*$/,"");window.history.replaceState("",document.title,R),f()});async function f(){const O=await ih.getPlans();c.value=O.slice().reverse()}function E(O){O&&(i.value=O[0],n.value=O[1],r.value=O[2])}function A(O){e(O[0],O[1],O[2])}function b(O){E(O)}async function k(O){await ih.deletePlan(O),f()}function S(O){const R=O.srcElement;if(!(R instanceof HTMLTextAreaElement)||(o.value=!1,l.value=!1,!O.dataTransfer))return;const x=O.dataTransfer.files[0],Y=new FileReader;Y.onload=()=>{Y.result instanceof ArrayBuffer||(R.value=Y.result||"",R.dispatchEvent(new Event("input")))},Y.readAsText(x)}return(O,R)=>(N(),he(e_,null,{default:ye(()=>[T("div",QX,[R[32]||(R[32]=T("div",{class:"alert alert-warning"},[g(`
        This is the demo application for
        `),T("a",{href:"https://github.com/dalibo/pev2"},"PEV2"),g(`. It is serverless and
        doesn't store your plans.
        `),T("br"),g(`
        Please consider using
        `),T("a",{href:"https://explain.dalibo.com"},"explain.dalibo.com"),g(` instead if
        you want to save or share your plans.
      `)],-1)),R[33]||(R[33]=g()),T("div",ZX,[T("div",tK,[R[9]||(R[9]=T("div",{class:"text-secondary"},[g(`
            For best results, use
            `),T("code",null,`
              EXPLAIN (ANALYZE, COSTS, VERBOSE, BUFFERS, FORMAT JSON)
            `),g(),T("br"),g(),T("em",null,"psql"),g(` users can export the plan to a file using
            `),T("code",null,"psql -XqAt -f explain.sql > analyze.json")],-1)),R[10]||(R[10]=g()),T("div",eK,[R[7]||(R[7]=T("button",{class:"btn btn-secondary dropdown-toggle",type:"button",id:"dropdownMenuButton","data-bs-toggle":"dropdown","aria-haspopup":"true","aria-expanded":"false"},`
              Sample Plans
            `,-1)),R[8]||(R[8]=g()),T("div",nK,[(N(!0),B(Ft,null,Je(p(qX),(x,Y)=>(N(),B("a",{key:Y,class:"dropdown-item",onClick:De(y=>E(x),["prevent"]),href:""},ut(x[0]),9,rK))),128))])])])]),R[34]||(R[34]=g()),T("div",iK,[T("div",sK,[T("form",{onSubmit:De(u,["prevent"])},[T("div",oK,[R[11]||(R[11]=T("label",{for:"planInput",class:"form-label"},[g(`
                Plan `),T("span",{class:"small text-secondary"},"(text or JSON)")],-1)),R[12]||(R[12]=g()),Ce(T("textarea",{class:kt(["form-control",o.value?"dropzone-over":""]),id:"planInput",rows:"8","onUpdate:modelValue":R[0]||(R[0]=x=>n.value=x),onDragenter:R[1]||(R[1]=x=>o.value=!0),onDragleave:R[2]||(R[2]=x=>o.value=!1),onDrop:De(S,["prevent"]),placeholder:"Paste execution plan\\nOr drop a file"},"              ",34),[[Lp,n.value]])]),R[17]||(R[17]=g()),T("div",aK,[R[13]||(R[13]=T("label",{for:"queryInput",class:"form-label"},[g(`
                Query `),T("span",{class:"small text-secondary"},"(optional)")],-1)),R[14]||(R[14]=g()),Ce(T("textarea",{class:kt(["form-control",l.value?"dropzone-over":""]),id:"queryInput",rows:"8","onUpdate:modelValue":R[3]||(R[3]=x=>r.value=x),onDragenter:R[4]||(R[4]=x=>l.value=!0),onDragleave:R[5]||(R[5]=x=>l.value=!1),onDrop:De(S,["prevent"]),placeholder:"Paste corresponding SQL query\\nOr drop a file"},"              ",34),[[Lp,r.value]])]),R[18]||(R[18]=g()),T("div",lK,[R[15]||(R[15]=T("label",{for:"queryName",class:"form-label"},[g(`
                Plan Name `),T("span",{class:"small text-secondary"},"(optional)")],-1)),R[16]||(R[16]=g()),Ce(T("input",{type:"text",class:"form-control",id:"queryName","onUpdate:modelValue":R[6]||(R[6]=x=>i.value=x),placeholder:"Name for the plan"},null,512),[[Lp,i.value]])]),R[19]||(R[19]=g()),R[20]||(R[20]=T("button",{type:"submit",class:"btn btn-primary"},"Submit",-1))],32)]),R[31]||(R[31]=g()),T("div",cK,[R[28]||(R[28]=T("div",{class:"mb-2"},"Saved Plans",-1)),R[29]||(R[29]=g()),T("ul",uK,[(N(!0),B(Ft,null,Je(c.value,x=>(N(),B("li",{class:"list-group-item px-2 py-1",key:x.id},[T("div",dK,[T("div",fK,[T("button",{class:"btn btn-sm btn-outline-secondary py-0 ms-1 float-end",title:"Remove plan from list",onClick:De(Y=>k(x),["prevent"])},[Tt(p(Te),{icon:p(aH)},null,8,["icon"])],8,pK),R[21]||(R[21]=g()),T("button",{class:"btn btn-sm btn-outline-secondary py-0 float-end",title:"Edit plan details",onClick:De(Y=>b(x),["prevent"])},[Tt(p(Te),{icon:p(nH)},null,8,["icon"])],8,hK),R[22]||(R[22]=g()),T("a",{onClick:De(Y=>A(x),["prevent"]),href:"",title:"Open the plan details"},ut(x[0]),9,_K)])]),R[26]||(R[26]=g()),T("div",mK,[T("div",EK,[T("small",gK,[R[23]||(R[23]=g(`
                    created
                    `)),T("span",{title:x[3]?.toString()},ut(p(VM)(x[3])),9,TK)])]),R[24]||(R[24]=g()),R[25]||(R[25]=T("div",{class:"col-6 text-end"},null,-1))])]))),128))]),R[30]||(R[30]=g()),c.value?.length?Z("",!0):(N(),B("p",SK,R[27]||(R[27]=[T("em",null," You haven't saved any plan yet.",-1)])))])])])]),_:1}))}}),vK={};function RK(t,e){return"not found"}const OK=m_(vK,[["render",RK]]),LK=we({__name:"PlanView",setup(t){const e=Re("planData");return(n,r)=>(N(),he(e_,{title:p(e)[2]},{default:ye(()=>[p(e)[0]?(N(),he(bX,{key:0,"plan-source":p(e)[0],"plan-query":p(e)[1]},null,8,["plan-source","plan-query"])):Z("",!0)]),_:1},8,["title"]))}}),bK=we({__name:"App",setup(t){const e={"/":AK,"/about":N3,"/plan":LK},n=te("/");Yn("currentPath",n);const r=Bt(()=>e[n.value]||OK),i=["","",""];Yn("planData",i);function o(l,c,u){i[0]=c,i[1]=u,i[2]=l,n.value="/plan"}return Yn("setPlanData",o),window.setPlanData=o,(l,c)=>(N(),he(g2(r.value)))}});Pl(bK).use(O3,{defaultProps:{theme:"light"}}).mount("#app");</script>
    <style rel="stylesheet" crossorigin>/*!
 * Bootstrap  v5.3.7 (https://getbootstrap.com/)
 * Copyright 2011-2025 The Bootstrap Authors
 * Licensed under MIT (https://github.com/twbs/bootstrap/blob/main/LICENSE)
 */:root,[data-bs-theme=light]{--bs-blue: #0d6efd;--bs-indigo: #6610f2;--bs-purple: #6f42c1;--bs-pink: #d63384;--bs-red: #dc3545;--bs-orange: #fd7e14;--bs-yellow: #ffc107;--bs-green: #198754;--bs-teal: #20c997;--bs-cyan: #0dcaf0;--bs-black: #000;--bs-white: #fff;--bs-gray: #6c757d;--bs-gray-dark: #343a40;--bs-gray-100: #f8f9fa;--bs-gray-200: #e9ecef;--bs-gray-300: #dee2e6;--bs-gray-400: #ced4da;--bs-gray-500: #adb5bd;--bs-gray-600: #6c757d;--bs-gray-700: #495057;--bs-gray-800: #343a40;--bs-gray-900: #212529;--bs-primary: #0d6efd;--bs-secondary: #6c757d;--bs-success: #198754;--bs-info: #0dcaf0;--bs-warning: #ffc107;--bs-danger: #dc3545;--bs-light: #f8f9fa;--bs-dark: #212529;--bs-primary-rgb: 13, 110, 253;--bs-secondary-rgb: 108, 117, 125;--bs-success-rgb: 25, 135, 84;--bs-info-rgb: 13, 202, 240;--bs-warning-rgb: 255, 193, 7;--bs-danger-rgb: 220, 53, 69;--bs-light-rgb: 248, 249, 250;--bs-dark-rgb: 33, 37, 41;--bs-primary-text-emphasis: #052c65;--bs-secondary-text-emphasis: #2b2f32;--bs-success-text-emphasis: #0a3622;--bs-info-text-emphasis: #055160;--bs-warning-text-emphasis: #664d03;--bs-danger-text-emphasis: #58151c;--bs-light-text-emphasis: #495057;--bs-dark-text-emphasis: #495057;--bs-primary-bg-subtle: #cfe2ff;--bs-secondary-bg-subtle: #e2e3e5;--bs-success-bg-subtle: #d1e7dd;--bs-info-bg-subtle: #cff4fc;--bs-warning-bg-subtle: #fff3cd;--bs-danger-bg-subtle: #f8d7da;--bs-light-bg-subtle: #fcfcfd;--bs-dark-bg-subtle: #ced4da;--bs-primary-border-subtle: #9ec5fe;--bs-secondary-border-subtle: #c4c8cb;--bs-success-border-subtle: #a3cfbb;--bs-info-border-subtle: #9eeaf9;--bs-warning-border-subtle: #ffe69c;--bs-danger-border-subtle: #f1aeb5;--bs-light-border-subtle: #e9ecef;--bs-dark-border-subtle: #adb5bd;--bs-white-rgb: 255, 255, 255;--bs-black-rgb: 0, 0, 0;--bs-font-sans-serif: system-ui, -apple-system, "Segoe UI", Roboto, "Helvetica Neue", "Noto Sans", "Liberation Sans", Arial, sans-serif, "Apple Color Emoji", "Segoe UI Emoji", "Segoe UI Symbol", "Noto Color Emoji";--bs-font-monospace: SFMono-Regular, Menlo, Monaco, Consolas, "Liberation Mono", "Courier New", monospace;--bs-gradient: linear-gradient(180deg, rgba(255, 255, 255, .15), rgba(255, 255, 255, 0));--bs-body-font-family: var(--bs-font-sans-serif);--bs-body-font-size: 1rem;--bs-body-font-weight: 400;--bs-body-line-height: 1.5;--bs-body-color: #212529;--bs-body-color-rgb: 33, 37, 41;--bs-body-bg: #fff;--bs-body-bg-rgb: 255, 255, 255;--bs-emphasis-color: #000;--bs-emphasis-color-rgb: 0, 0, 0;--bs-secondary-color: rgba(33, 37, 41, .75);--bs-secondary-color-rgb: 33, 37, 41;--bs-secondary-bg: #e9ecef;--bs-secondary-bg-rgb: 233, 236, 239;--bs-tertiary-color: rgba(33, 37, 41, .5);--bs-tertiary-color-rgb: 33, 37, 41;--bs-tertiary-bg: #f8f9fa;--bs-tertiary-bg-rgb: 248, 249, 250;--bs-heading-color: inherit;--bs-link-color: #0d6efd;--bs-link-color-rgb: 13, 110, 253;--bs-link-decoration: underline;--bs-link-hover-color: #0a58ca;--bs-link-hover-color-rgb: 10, 88, 202;--bs-code-color: #d63384;--bs-highlight-color: #212529;--bs-highlight-bg: #fff3cd;--bs-border-width: 1px;--bs-border-style: solid;--bs-border-color: #dee2e6;--bs-border-color-translucent: rgba(0, 0, 0, .175);--bs-border-radius: .375rem;--bs-border-radius-sm: .25rem;--bs-border-radius-lg: .5rem;--bs-border-radius-xl: 1rem;--bs-border-radius-xxl: 2rem;--bs-border-radius-2xl: var(--bs-border-radius-xxl);--bs-border-radius-pill: 50rem;--bs-box-shadow: 0 .5rem 1rem rgba(0, 0, 0, .15);--bs-box-shadow-sm: 0 .125rem .25rem rgba(0, 0, 0, .075);--bs-box-shadow-lg: 0 1rem 3rem rgba(0, 0, 0, .175);--bs-box-shadow-inset: inset 0 1px 2px rgba(0, 0, 0, .075);--bs-focus-ring-width: .25rem;--bs-focus-ring-opacity: .25;--bs-focus-ring-color: rgba(13, 110, 253, .25);--bs-form-valid-color: #198754;--bs-form-valid-border-color: #198754;--bs-form-invalid-color: #dc3545;--bs-form-invalid-border-color: #dc3545}[data-bs-theme=dark]{color-scheme:dark;--bs-body-color: #dee2e6;--bs-body-color-rgb: 222, 226, 230;--bs-body-bg: #212529;--bs-body-bg-rgb: 33, 37, 41;--bs-emphasis-color: #fff;--bs-emphasis-color-rgb: 255, 255, 255;--bs-secondary-color: rgba(222, 226, 230, .75);--bs-secondary-color-rgb: 222, 226, 230;--bs-secondary-bg: #343a40;--bs-secondary-bg-rgb: 52, 58, 64;--bs-tertiary-color: rgba(222, 226, 230, .5);--bs-tertiary-color-rgb: 222, 226, 230;--bs-tertiary-bg: #2b3035;--bs-tertiary-bg-rgb: 43, 48, 53;--bs-primary-text-emphasis: #6ea8fe;--bs-secondary-text-emphasis: #a7acb1;--bs-success-text-emphasis: #75b798;--bs-info-text-emphasis: #6edff6;--bs-warning-text-emphasis: #ffda6a;--bs-danger-text-emphasis: #ea868f;--bs-light-text-emphasis: #f8f9fa;--bs-dark-text-emphasis: #dee2e6;--bs-primary-bg-subtle: #031633;--bs-secondary-bg-subtle: #161719;--bs-success-bg-subtle: #051b11;--bs-info-bg-subtle: #032830;--bs-warning-bg-subtle: #332701;--bs-danger-bg-subtle: #2c0b0e;--bs-light-bg-subtle: #343a40;--bs-dark-bg-subtle: #1a1d20;--bs-primary-border-subtle: #084298;--bs-secondary-border-subtle: #41464b;--bs-success-border-subtle: #0f5132;--bs-info-border-subtle: #087990;--bs-warning-border-subtle: #997404;--bs-danger-border-subtle: #842029;--bs-light-border-subtle: #495057;--bs-dark-border-subtle: #343a40;--bs-heading-color: inherit;--bs-link-color: #6ea8fe;--bs-link-hover-color: #8bb9fe;--bs-link-color-rgb: 110, 168, 254;--bs-link-hover-color-rgb: 139, 185, 254;--bs-code-color: #e685b5;--bs-highlight-color: #dee2e6;--bs-highlight-bg: #664d03;--bs-border-color: #495057;--bs-border-color-translucent: rgba(255, 255, 255, .15);--bs-form-valid-color: #75b798;--bs-form-valid-border-color: #75b798;--bs-form-invalid-color: #ea868f;--bs-form-invalid-border-color: #ea868f}*,*:before,*:after{box-sizing:border-box}@media (prefers-reduced-motion: no-preference){:root{scroll-behavior:smooth}}body{margin:0;font-family:var(--bs-body-font-family);font-size:var(--bs-body-font-size);font-weight:var(--bs-body-font-weight);line-height:var(--bs-body-line-height);color:var(--bs-body-color);text-align:var(--bs-body-text-align);background-color:var(--bs-body-bg);-webkit-text-size-adjust:100%;-webkit-tap-highlight-color:rgba(0,0,0,0)}hr{margin:1rem 0;color:inherit;border:0;border-top:var(--bs-border-width) solid;opacity:.25}h6,.h6,h5,.h5,h4,.h4,h3,.h3,h2,.h2,h1,.h1{margin-top:0;margin-bottom:.5rem;font-weight:500;line-height:1.2;color:var(--bs-heading-color)}h1,.h1{font-size:calc(1.375rem + 1.5vw)}@media (min-width: 1200px){h1,.h1{font-size:2.5rem}}h2,.h2{font-size:calc(1.325rem + .9vw)}@media (min-width: 1200px){h2,.h2{font-size:2rem}}h3,.h3{font-size:calc(1.3rem + .6vw)}@media (min-width: 1200px){h3,.h3{font-size:1.75rem}}h4,.h4{font-size:calc(1.275rem + .3vw)}@media (min-width: 1200px){h4,.h4{font-size:1.5rem}}h5,.h5{font-size:1.25rem}h6,.h6{font-size:1rem}p{margin-top:0;margin-bottom:1rem}abbr[title]{-webkit-text-decoration:underline dotted;text-decoration:underline dotted;cursor:help;-webkit-text-decoration-skip-ink:none;text-decoration-skip-ink:none}address{margin-bottom:1rem;font-style:normal;line-height:inherit}ol,ul{padding-left:2rem}ol,ul,dl{margin-top:0;margin-bottom:1rem}ol ol,ul ul,ol ul,ul ol{margin-bottom:0}dt{font-weight:700}dd{margin-bottom:.5rem;margin-left:0}blockquote{margin:0 0 1rem}b,strong{font-weight:bolder}small,.small{font-size:.875em}mark,.mark{padding:.1875em;color:var(--bs-highlight-color);background-color:var(--bs-highlight-bg)}sub,sup{position:relative;font-size:.75em;line-height:0;vertical-align:baseline}sub{bottom:-.25em}sup{top:-.5em}a{color:rgba(var(--bs-link-color-rgb),var(--bs-link-opacity, 1));text-decoration:underline}a:hover{--bs-link-color-rgb: var(--bs-link-hover-color-rgb)}a:not([href]):not([class]),a:not([href]):not([class]):hover{color:inherit;text-decoration:none}pre,code,kbd,samp{font-family:var(--bs-font-monospace);font-size:1em}pre{display:block;margin-top:0;margin-bottom:1rem;overflow:auto;font-size:.875em}pre code{font-size:inherit;color:inherit;word-break:normal}code{font-size:.875em;color:var(--bs-code-color);word-wrap:break-word}a>code{color:inherit}kbd{padding:.1875rem .375rem;font-size:.875em;color:var(--bs-body-bg);background-color:var(--bs-body-color);border-radius:.25rem}kbd kbd{padding:0;font-size:1em}figure{margin:0 0 1rem}img,svg{vertical-align:middle}table{caption-side:bottom;border-collapse:collapse}caption{padding-top:.5rem;padding-bottom:.5rem;color:var(--bs-secondary-color);text-align:left}th{text-align:inherit;text-align:-webkit-match-parent}thead,tbody,tfoot,tr,td,th{border-color:inherit;border-style:solid;border-width:0}label{display:inline-block}button{border-radius:0}button:focus:not(:focus-visible){outline:0}input,button,select,optgroup,textarea{margin:0;font-family:inherit;font-size:inherit;line-height:inherit}button,select{text-transform:none}[role=button]{cursor:pointer}select{word-wrap:normal}select:disabled{opacity:1}[list]:not([type=date]):not([type=datetime-local]):not([type=month]):not([type=week]):not([type=time])::-webkit-calendar-picker-indicator{display:none!important}button,[type=button],[type=reset],[type=submit]{-webkit-appearance:button}button:not(:disabled),[type=button]:not(:disabled),[type=reset]:not(:disabled),[type=submit]:not(:disabled){cursor:pointer}::-moz-focus-inner{padding:0;border-style:none}textarea{resize:vertical}fieldset{min-width:0;padding:0;margin:0;border:0}legend{float:left;width:100%;padding:0;margin-bottom:.5rem;line-height:inherit;font-size:calc(1.275rem + .3vw)}@media (min-width: 1200px){legend{font-size:1.5rem}}legend+*{clear:left}::-webkit-datetime-edit-fields-wrapper,::-webkit-datetime-edit-text,::-webkit-datetime-edit-minute,::-webkit-datetime-edit-hour-field,::-webkit-datetime-edit-day-field,::-webkit-datetime-edit-month-field,::-webkit-datetime-edit-year-field{padding:0}::-webkit-inner-spin-button{height:auto}[type=search]{-webkit-appearance:textfield;outline-offset:-2px}::-webkit-search-decoration{-webkit-appearance:none}::-webkit-color-swatch-wrapper{padding:0}::-webkit-file-upload-button{font:inherit;-webkit-appearance:button}::file-selector-button{font:inherit;-webkit-appearance:button}output{display:inline-block}iframe{border:0}summary{display:list-item;cursor:pointer}progress{vertical-align:baseline}[hidden]{display:none!important}.lead{font-size:1.25rem;font-weight:300}.display-1{font-weight:300;line-height:1.2;font-size:calc(1.625rem + 4.5vw)}@media (min-width: 1200px){.display-1{font-size:5rem}}.display-2{font-weight:300;line-height:1.2;font-size:calc(1.575rem + 3.9vw)}@media (min-width: 1200px){.display-2{font-size:4.5rem}}.display-3{font-weight:300;line-height:1.2;font-size:calc(1.525rem + 3.3vw)}@media (min-width: 1200px){.display-3{font-size:4rem}}.display-4{font-weight:300;line-height:1.2;font-size:calc(1.475rem + 2.7vw)}@media (min-width: 1200px){.display-4{font-size:3.5rem}}.display-5{font-weight:300;line-height:1.2;font-size:calc(1.425rem + 2.1vw)}@media (min-width: 1200px){.display-5{font-size:3rem}}.display-6{font-weight:300;line-height:1.2;font-size:calc(1.375rem + 1.5vw)}@media (min-width: 1200px){.display-6{font-size:2.5rem}}.list-unstyled,.list-inline{padding-left:0;list-style:none}.list-inline-item{display:inline-block}.list-inline-item:not(:last-child){margin-right:.5rem}.initialism{font-size:.875em;text-transform:uppercase}.blockquote{margin-bottom:1rem;font-size:1.25rem}.blockquote>:last-child{margin-bottom:0}.blockquote-footer{margin-top:-1rem;margin-bottom:1rem;font-size:.875em;color:#6c757d}.blockquote-footer:before{content:"— "}.img-fluid{max-width:100%;height:auto}.img-thumbnail{padding:.25rem;background-color:var(--bs-body-bg);border:var(--bs-border-width) solid var(--bs-border-color);border-radius:var(--bs-border-radius);max-width:100%;height:auto}.figure{display:inline-block}.figure-img{margin-bottom:.5rem;line-height:1}.figure-caption{font-size:.875em;color:var(--bs-secondary-color)}.container,.container-fluid,.container-xxl,.container-xl,.container-lg,.container-md,.container-sm{--bs-gutter-x: 1.5rem;--bs-gutter-y: 0;width:100%;padding-right:calc(var(--bs-gutter-x) * .5);padding-left:calc(var(--bs-gutter-x) * .5);margin-right:auto;margin-left:auto}@media (min-width: 576px){.container-sm,.container{max-width:540px}}@media (min-width: 768px){.container-md,.container-sm,.container{max-width:720px}}@media (min-width: 992px){.container-lg,.container-md,.container-sm,.container{max-width:960px}}@media (min-width: 1200px){.container-xl,.container-lg,.container-md,.container-sm,.container{max-width:1140px}}@media (min-width: 1400px){.container-xxl,.container-xl,.container-lg,.container-md,.container-sm,.container{max-width:1320px}}:root{--bs-breakpoint-xs: 0;--bs-breakpoint-sm: 576px;--bs-breakpoint-md: 768px;--bs-breakpoint-lg: 992px;--bs-breakpoint-xl: 1200px;--bs-breakpoint-xxl: 1400px}.row{--bs-gutter-x: 1.5rem;--bs-gutter-y: 0;display:flex;flex-wrap:wrap;margin-top:calc(-1 * var(--bs-gutter-y));margin-right:calc(-.5 * var(--bs-gutter-x));margin-left:calc(-.5 * var(--bs-gutter-x))}.row>*{flex-shrink:0;width:100%;max-width:100%;padding-right:calc(var(--bs-gutter-x) * .5);padding-left:calc(var(--bs-gutter-x) * .5);margin-top:var(--bs-gutter-y)}.col{flex:1 0 0}.row-cols-auto>*{flex:0 0 auto;width:auto}.row-cols-1>*{flex:0 0 auto;width:100%}.row-cols-2>*{flex:0 0 auto;width:50%}.row-cols-3>*{flex:0 0 auto;width:33.33333333%}.row-cols-4>*{flex:0 0 auto;width:25%}.row-cols-5>*{flex:0 0 auto;width:20%}.row-cols-6>*{flex:0 0 auto;width:16.66666667%}.col-auto{flex:0 0 auto;width:auto}.col-1{flex:0 0 auto;width:8.33333333%}.col-2{flex:0 0 auto;width:16.66666667%}.col-3{flex:0 0 auto;width:25%}.col-4{flex:0 0 auto;width:33.33333333%}.col-5{flex:0 0 auto;width:41.66666667%}.col-6{flex:0 0 auto;width:50%}.col-7{flex:0 0 auto;width:58.33333333%}.col-8{flex:0 0 auto;width:66.66666667%}.col-9{flex:0 0 auto;width:75%}.col-10{flex:0 0 auto;width:83.33333333%}.col-11{flex:0 0 auto;width:91.66666667%}.col-12{flex:0 0 auto;width:100%}.offset-1{margin-left:8.33333333%}.offset-2{margin-left:16.66666667%}.offset-3{margin-left:25%}.offset-4{margin-left:33.33333333%}.offset-5{margin-left:41.66666667%}.offset-6{margin-left:50%}.offset-7{margin-left:58.33333333%}.offset-8{margin-left:66.66666667%}.offset-9{margin-left:75%}.offset-10{margin-left:83.33333333%}.offset-11{margin-left:91.66666667%}.g-0,.gx-0{--bs-gutter-x: 0}.g-0,.gy-0{--bs-gutter-y: 0}.g-1,.gx-1{--bs-gutter-x: .25rem}.g-1,.gy-1{--bs-gutter-y: .25rem}.g-2,.gx-2{--bs-gutter-x: .5rem}.g-2,.gy-2{--bs-gutter-y: .5rem}.g-3,.gx-3{--bs-gutter-x: 1rem}.g-3,.gy-3{--bs-gutter-y: 1rem}.g-4,.gx-4{--bs-gutter-x: 1.5rem}.g-4,.gy-4{--bs-gutter-y: 1.5rem}.g-5,.gx-5{--bs-gutter-x: 3rem}.g-5,.gy-5{--bs-gutter-y: 3rem}@media (min-width: 576px){.col-sm{flex:1 0 0}.row-cols-sm-auto>*{flex:0 0 auto;width:auto}.row-cols-sm-1>*{flex:0 0 auto;width:100%}.row-cols-sm-2>*{flex:0 0 auto;width:50%}.row-cols-sm-3>*{flex:0 0 auto;width:33.33333333%}.row-cols-sm-4>*{flex:0 0 auto;width:25%}.row-cols-sm-5>*{flex:0 0 auto;width:20%}.row-cols-sm-6>*{flex:0 0 auto;width:16.66666667%}.col-sm-auto{flex:0 0 auto;width:auto}.col-sm-1{flex:0 0 auto;width:8.33333333%}.col-sm-2{flex:0 0 auto;width:16.66666667%}.col-sm-3{flex:0 0 auto;width:25%}.col-sm-4{flex:0 0 auto;width:33.33333333%}.col-sm-5{flex:0 0 auto;width:41.66666667%}.col-sm-6{flex:0 0 auto;width:50%}.col-sm-7{flex:0 0 auto;width:58.33333333%}.col-sm-8{flex:0 0 auto;width:66.66666667%}.col-sm-9{flex:0 0 auto;width:75%}.col-sm-10{flex:0 0 auto;width:83.33333333%}.col-sm-11{flex:0 0 auto;width:91.66666667%}.col-sm-12{flex:0 0 auto;width:100%}.offset-sm-0{margin-left:0}.offset-sm-1{margin-left:8.33333333%}.offset-sm-2{margin-left:16.66666667%}.offset-sm-3{margin-left:25%}.offset-sm-4{margin-left:33.33333333%}.offset-sm-5{margin-left:41.66666667%}.offset-sm-6{margin-left:50%}.offset-sm-7{margin-left:58.33333333%}.offset-sm-8{margin-left:66.66666667%}.offset-sm-9{margin-left:75%}.offset-sm-10{margin-left:83.33333333%}.offset-sm-11{margin-left:91.66666667%}.g-sm-0,.gx-sm-0{--bs-gutter-x: 0}.g-sm-0,.gy-sm-0{--bs-gutter-y: 0}.g-sm-1,.gx-sm-1{--bs-gutter-x: .25rem}.g-sm-1,.gy-sm-1{--bs-gutter-y: .25rem}.g-sm-2,.gx-sm-2{--bs-gutter-x: .5rem}.g-sm-2,.gy-sm-2{--bs-gutter-y: .5rem}.g-sm-3,.gx-sm-3{--bs-gutter-x: 1rem}.g-sm-3,.gy-sm-3{--bs-gutter-y: 1rem}.g-sm-4,.gx-sm-4{--bs-gutter-x: 1.5rem}.g-sm-4,.gy-sm-4{--bs-gutter-y: 1.5rem}.g-sm-5,.gx-sm-5{--bs-gutter-x: 3rem}.g-sm-5,.gy-sm-5{--bs-gutter-y: 3rem}}@media (min-width: 768px){.col-md{flex:1 0 0}.row-cols-md-auto>*{flex:0 0 auto;width:auto}.row-cols-md-1>*{flex:0 0 auto;width:100%}.row-cols-md-2>*{flex:0 0 auto;width:50%}.row-cols-md-3>*{flex:0 0 auto;width:33.33333333%}.row-cols-md-4>*{flex:0 0 auto;width:25%}.row-cols-md-5>*{flex:0 0 auto;width:20%}.row-cols-md-6>*{flex:0 0 auto;width:16.66666667%}.col-md-auto{flex:0 0 auto;width:auto}.col-md-1{flex:0 0 auto;width:8.33333333%}.col-md-2{flex:0 0 auto;width:16.66666667%}.col-md-3{flex:0 0 auto;width:25%}.col-md-4{flex:0 0 auto;width:33.33333333%}.col-md-5{flex:0 0 auto;width:41.66666667%}.col-md-6{flex:0 0 auto;width:50%}.col-md-7{flex:0 0 auto;width:58.33333333%}.col-md-8{flex:0 0 auto;width:66.66666667%}.col-md-9{flex:0 0 auto;width:75%}.col-md-10{flex:0 0 auto;width:83.33333333%}.col-md-11{flex:0 0 auto;width:91.66666667%}.col-md-12{flex:0 0 auto;width:100%}.offset-md-0{margin-left:0}.offset-md-1{margin-left:8.33333333%}.offset-md-2{margin-left:16.66666667%}.offset-md-3{margin-left:25%}.offset-md-4{margin-left:33.33333333%}.offset-md-5{margin-left:41.66666667%}.offset-md-6{margin-left:50%}.offset-md-7{margin-left:58.33333333%}.offset-md-8{margin-left:66.66666667%}.offset-md-9{margin-left:75%}.offset-md-10{margin-left:83.33333333%}.offset-md-11{margin-left:91.66666667%}.g-md-0,.gx-md-0{--bs-gutter-x: 0}.g-md-0,.gy-md-0{--bs-gutter-y: 0}.g-md-1,.gx-md-1{--bs-gutter-x: .25rem}.g-md-1,.gy-md-1{--bs-gutter-y: .25rem}.g-md-2,.gx-md-2{--bs-gutter-x: .5rem}.g-md-2,.gy-md-2{--bs-gutter-y: .5rem}.g-md-3,.gx-md-3{--bs-gutter-x: 1rem}.g-md-3,.gy-md-3{--bs-gutter-y: 1rem}.g-md-4,.gx-md-4{--bs-gutter-x: 1.5rem}.g-md-4,.gy-md-4{--bs-gutter-y: 1.5rem}.g-md-5,.gx-md-5{--bs-gutter-x: 3rem}.g-md-5,.gy-md-5{--bs-gutter-y: 3rem}}@media (min-width: 992px){.col-lg{flex:1 0 0}.row-cols-lg-auto>*{flex:0 0 auto;width:auto}.row-cols-lg-1>*{flex:0 0 auto;width:100%}.row-cols-lg-2>*{flex:0 0 auto;width:50%}.row-cols-lg-3>*{flex:0 0 auto;width:33.33333333%}.row-cols-lg-4>*{flex:0 0 auto;width:25%}.row-cols-lg-5>*{flex:0 0 auto;width:20%}.row-cols-lg-6>*{flex:0 0 auto;width:16.66666667%}.col-lg-auto{flex:0 0 auto;width:auto}.col-lg-1{flex:0 0 auto;width:8.33333333%}.col-lg-2{flex:0 0 auto;width:16.66666667%}.col-lg-3{flex:0 0 auto;width:25%}.col-lg-4{flex:0 0 auto;width:33.33333333%}.col-lg-5{flex:0 0 auto;width:41.66666667%}.col-lg-6{flex:0 0 auto;width:50%}.col-lg-7{flex:0 0 auto;width:58.33333333%}.col-lg-8{flex:0 0 auto;width:66.66666667%}.col-lg-9{flex:0 0 auto;width:75%}.col-lg-10{flex:0 0 auto;width:83.33333333%}.col-lg-11{flex:0 0 auto;width:91.66666667%}.col-lg-12{flex:0 0 auto;width:100%}.offset-lg-0{margin-left:0}.offset-lg-1{margin-left:8.33333333%}.offset-lg-2{margin-left:16.66666667%}.offset-lg-3{margin-left:25%}.offset-lg-4{margin-left:33.33333333%}.offset-lg-5{margin-left:41.66666667%}.offset-lg-6{margin-left:50%}.offset-lg-7{margin-left:58.33333333%}.offset-lg-8{margin-left:66.66666667%}.offset-lg-9{margin-left:75%}.offset-lg-10{margin-left:83.33333333%}.offset-lg-11{margin-left:91.66666667%}.g-lg-0,.gx-lg-0{--bs-gutter-x: 0}.g-lg-0,.gy-lg-0{--bs-gutter-y: 0}.g-lg-1,.gx-lg-1{--bs-gutter-x: .25rem}.g-lg-1,.gy-lg-1{--bs-gutter-y: .25rem}.g-lg-2,.gx-lg-2{--bs-gutter-x: .5rem}.g-lg-2,.gy-lg-2{--bs-gutter-y: .5rem}.g-lg-3,.gx-lg-3{--bs-gutter-x: 1rem}.g-lg-3,.gy-lg-3{--bs-gutter-y: 1rem}.g-lg-4,.gx-lg-4{--bs-gutter-x: 1.5rem}.g-lg-4,.gy-lg-4{--bs-gutter-y: 1.5rem}.g-lg-5,.gx-lg-5{--bs-gutter-x: 3rem}.g-lg-5,.gy-lg-5{--bs-gutter-y: 3rem}}@media (min-width: 1200px){.col-xl{flex:1 0 0}.row-cols-xl-auto>*{flex:0 0 auto;width:auto}.row-cols-xl-1>*{flex:0 0 auto;width:100%}.row-cols-xl-2>*{flex:0 0 auto;width:50%}.row-cols-xl-3>*{flex:0 0 auto;width:33.33333333%}.row-cols-xl-4>*{flex:0 0 auto;width:25%}.row-cols-xl-5>*{flex:0 0 auto;width:20%}.row-cols-xl-6>*{flex:0 0 auto;width:16.66666667%}.col-xl-auto{flex:0 0 auto;width:auto}.col-xl-1{flex:0 0 auto;width:8.33333333%}.col-xl-2{flex:0 0 auto;width:16.66666667%}.col-xl-3{flex:0 0 auto;width:25%}.col-xl-4{flex:0 0 auto;width:33.33333333%}.col-xl-5{flex:0 0 auto;width:41.66666667%}.col-xl-6{flex:0 0 auto;width:50%}.col-xl-7{flex:0 0 auto;width:58.33333333%}.col-xl-8{flex:0 0 auto;width:66.66666667%}.col-xl-9{flex:0 0 auto;width:75%}.col-xl-10{flex:0 0 auto;width:83.33333333%}.col-xl-11{flex:0 0 auto;width:91.66666667%}.col-xl-12{flex:0 0 auto;width:100%}.offset-xl-0{margin-left:0}.offset-xl-1{margin-left:8.33333333%}.offset-xl-2{margin-left:16.66666667%}.offset-xl-3{margin-left:25%}.offset-xl-4{margin-left:33.33333333%}.offset-xl-5{margin-left:41.66666667%}.offset-xl-6{margin-left:50%}.offset-xl-7{margin-left:58.33333333%}.offset-xl-8{margin-left:66.66666667%}.offset-xl-9{margin-left:75%}.offset-xl-10{margin-left:83.33333333%}.offset-xl-11{margin-left:91.66666667%}.g-xl-0,.gx-xl-0{--bs-gutter-x: 0}.g-xl-0,.gy-xl-0{--bs-gutter-y: 0}.g-xl-1,.gx-xl-1{--bs-gutter-x: .25rem}.g-xl-1,.gy-xl-1{--bs-gutter-y: .25rem}.g-xl-2,.gx-xl-2{--bs-gutter-x: .5rem}.g-xl-2,.gy-xl-2{--bs-gutter-y: .5rem}.g-xl-3,.gx-xl-3{--bs-gutter-x: 1rem}.g-xl-3,.gy-xl-3{--bs-gutter-y: 1rem}.g-xl-4,.gx-xl-4{--bs-gutter-x: 1.5rem}.g-xl-4,.gy-xl-4{--bs-gutter-y: 1.5rem}.g-xl-5,.gx-xl-5{--bs-gutter-x: 3rem}.g-xl-5,.gy-xl-5{--bs-gutter-y: 3rem}}@media (min-width: 1400px){.col-xxl{flex:1 0 0}.row-cols-xxl-auto>*{flex:0 0 auto;width:auto}.row-cols-xxl-1>*{flex:0 0 auto;width:100%}.row-cols-xxl-2>*{flex:0 0 auto;width:50%}.row-cols-xxl-3>*{flex:0 0 auto;width:33.33333333%}.row-cols-xxl-4>*{flex:0 0 auto;width:25%}.row-cols-xxl-5>*{flex:0 0 auto;width:20%}.row-cols-xxl-6>*{flex:0 0 auto;width:16.66666667%}.col-xxl-auto{flex:0 0 auto;width:auto}.col-xxl-1{flex:0 0 auto;width:8.33333333%}.col-xxl-2{flex:0 0 auto;width:16.66666667%}.col-xxl-3{flex:0 0 auto;width:25%}.col-xxl-4{flex:0 0 auto;width:33.33333333%}.col-xxl-5{flex:0 0 auto;width:41.66666667%}.col-xxl-6{flex:0 0 auto;width:50%}.col-xxl-7{flex:0 0 auto;width:58.33333333%}.col-xxl-8{flex:0 0 auto;width:66.66666667%}.col-xxl-9{flex:0 0 auto;width:75%}.col-xxl-10{flex:0 0 auto;width:83.33333333%}.col-xxl-11{flex:0 0 auto;width:91.66666667%}.col-xxl-12{flex:0 0 auto;width:100%}.offset-xxl-0{margin-left:0}.offset-xxl-1{margin-left:8.33333333%}.offset-xxl-2{margin-left:16.66666667%}.offset-xxl-3{margin-left:25%}.offset-xxl-4{margin-left:33.33333333%}.offset-xxl-5{margin-left:41.66666667%}.offset-xxl-6{margin-left:50%}.offset-xxl-7{margin-left:58.33333333%}.offset-xxl-8{margin-left:66.66666667%}.offset-xxl-9{margin-left:75%}.offset-xxl-10{margin-left:83.33333333%}.offset-xxl-11{margin-left:91.66666667%}.g-xxl-0,.gx-xxl-0{--bs-gutter-x: 0}.g-xxl-0,.gy-xxl-0{--bs-gutter-y: 0}.g-xxl-1,.gx-xxl-1{--bs-gutter-x: .25rem}.g-xxl-1,.gy-xxl-1{--bs-gutter-y: .25rem}.g-xxl-2,.gx-xxl-2{--bs-gutter-x: .5rem}.g-xxl-2,.gy-xxl-2{--bs-gutter-y: .5rem}.g-xxl-3,.gx-xxl-3{--bs-gutter-x: 1rem}.g-xxl-3,.gy-xxl-3{--bs-gutter-y: 1rem}.g-xxl-4,.gx-xxl-4{--bs-gutter-x: 1.5rem}.g-xxl-4,.gy-xxl-4{--bs-gutter-y: 1.5rem}.g-xxl-5,.gx-xxl-5{--bs-gutter-x: 3rem}.g-xxl-5,.gy-xxl-5{--bs-gutter-y: 3rem}}.table{--bs-table-color-type: initial;--bs-table-bg-type: initial;--bs-table-color-state: initial;--bs-table-bg-state: initial;--bs-table-color: var(--bs-emphasis-color);--bs-table-bg: var(--bs-body-bg);--bs-table-border-color: var(--bs-border-color);--bs-table-accent-bg: transparent;--bs-table-striped-color: var(--bs-emphasis-color);--bs-table-striped-bg: rgba(var(--bs-emphasis-color-rgb), .05);--bs-table-active-color: var(--bs-emphasis-color);--bs-table-active-bg: rgba(var(--bs-emphasis-color-rgb), .1);--bs-table-hover-color: var(--bs-emphasis-color);--bs-table-hover-bg: rgba(var(--bs-emphasis-color-rgb), .075);width:100%;margin-bottom:1rem;vertical-align:top;border-color:var(--bs-table-border-color)}.table>:not(caption)>*>*{padding:.5rem;color:var(--bs-table-color-state, var(--bs-table-color-type, var(--bs-table-color)));background-color:var(--bs-table-bg);border-bottom-width:var(--bs-border-width);box-shadow:inset 0 0 0 9999px var(--bs-table-bg-state, var(--bs-table-bg-type, var(--bs-table-accent-bg)))}.table>tbody{vertical-align:inherit}.table>thead{vertical-align:bottom}.table-group-divider{border-top:calc(var(--bs-border-width) * 2) solid currentcolor}.caption-top{caption-side:top}.table-sm>:not(caption)>*>*{padding:.25rem}.table-bordered>:not(caption)>*{border-width:var(--bs-border-width) 0}.table-bordered>:not(caption)>*>*{border-width:0 var(--bs-border-width)}.table-borderless>:not(caption)>*>*{border-bottom-width:0}.table-borderless>:not(:first-child){border-top-width:0}.table-striped>tbody>tr:nth-of-type(odd)>*{--bs-table-color-type: var(--bs-table-striped-color);--bs-table-bg-type: var(--bs-table-striped-bg)}.table-striped-columns>:not(caption)>tr>:nth-child(2n){--bs-table-color-type: var(--bs-table-striped-color);--bs-table-bg-type: var(--bs-table-striped-bg)}.table-active{--bs-table-color-state: var(--bs-table-active-color);--bs-table-bg-state: var(--bs-table-active-bg)}.table-hover>tbody>tr:hover>*{--bs-table-color-state: var(--bs-table-hover-color);--bs-table-bg-state: var(--bs-table-hover-bg)}.table-primary{--bs-table-color: #000;--bs-table-bg: #cfe2ff;--bs-table-border-color: #a6b5cc;--bs-table-striped-bg: #c5d7f2;--bs-table-striped-color: #000;--bs-table-active-bg: #bacbe6;--bs-table-active-color: #000;--bs-table-hover-bg: #bfd1ec;--bs-table-hover-color: #000;color:var(--bs-table-color);border-color:var(--bs-table-border-color)}.table-secondary{--bs-table-color: #000;--bs-table-bg: #e2e3e5;--bs-table-border-color: #b5b6b7;--bs-table-striped-bg: #d7d8da;--bs-table-striped-color: #000;--bs-table-active-bg: #cbccce;--bs-table-active-color: #000;--bs-table-hover-bg: #d1d2d4;--bs-table-hover-color: #000;color:var(--bs-table-color);border-color:var(--bs-table-border-color)}.table-success{--bs-table-color: #000;--bs-table-bg: #d1e7dd;--bs-table-border-color: #a7b9b1;--bs-table-striped-bg: #c7dbd2;--bs-table-striped-color: #000;--bs-table-active-bg: #bcd0c7;--bs-table-active-color: #000;--bs-table-hover-bg: #c1d6cc;--bs-table-hover-color: #000;color:var(--bs-table-color);border-color:var(--bs-table-border-color)}.table-info{--bs-table-color: #000;--bs-table-bg: #cff4fc;--bs-table-border-color: #a6c3ca;--bs-table-striped-bg: #c5e8ef;--bs-table-striped-color: #000;--bs-table-active-bg: #badce3;--bs-table-active-color: #000;--bs-table-hover-bg: #bfe2e9;--bs-table-hover-color: #000;color:var(--bs-table-color);border-color:var(--bs-table-border-color)}.table-warning{--bs-table-color: #000;--bs-table-bg: #fff3cd;--bs-table-border-color: #ccc2a4;--bs-table-striped-bg: #f2e7c3;--bs-table-striped-color: #000;--bs-table-active-bg: #e6dbb9;--bs-table-active-color: #000;--bs-table-hover-bg: #ece1be;--bs-table-hover-color: #000;color:var(--bs-table-color);border-color:var(--bs-table-border-color)}.table-danger{--bs-table-color: #000;--bs-table-bg: #f8d7da;--bs-table-border-color: #c6acae;--bs-table-striped-bg: #eccccf;--bs-table-striped-color: #000;--bs-table-active-bg: #dfc2c4;--bs-table-active-color: #000;--bs-table-hover-bg: #e5c7ca;--bs-table-hover-color: #000;color:var(--bs-table-color);border-color:var(--bs-table-border-color)}.table-light{--bs-table-color: #000;--bs-table-bg: #f8f9fa;--bs-table-border-color: #c6c7c8;--bs-table-striped-bg: #ecedee;--bs-table-striped-color: #000;--bs-table-active-bg: #dfe0e1;--bs-table-active-color: #000;--bs-table-hover-bg: #e5e6e7;--bs-table-hover-color: #000;color:var(--bs-table-color);border-color:var(--bs-table-border-color)}.table-dark{--bs-table-color: #fff;--bs-table-bg: #212529;--bs-table-border-color: #4d5154;--bs-table-striped-bg: #2c3034;--bs-table-striped-color: #fff;--bs-table-active-bg: #373b3e;--bs-table-active-color: #fff;--bs-table-hover-bg: #323539;--bs-table-hover-color: #fff;color:var(--bs-table-color);border-color:var(--bs-table-border-color)}.table-responsive{overflow-x:auto;-webkit-overflow-scrolling:touch}@media (max-width: 575.98px){.table-responsive-sm{overflow-x:auto;-webkit-overflow-scrolling:touch}}@media (max-width: 767.98px){.table-responsive-md{overflow-x:auto;-webkit-overflow-scrolling:touch}}@media (max-width: 991.98px){.table-responsive-lg{overflow-x:auto;-webkit-overflow-scrolling:touch}}@media (max-width: 1199.98px){.table-responsive-xl{overflow-x:auto;-webkit-overflow-scrolling:touch}}@media (max-width: 1399.98px){.table-responsive-xxl{overflow-x:auto;-webkit-overflow-scrolling:touch}}.form-label{margin-bottom:.5rem}.col-form-label{padding-top:calc(.375rem + var(--bs-border-width));padding-bottom:calc(.375rem + var(--bs-border-width));margin-bottom:0;font-size:inherit;line-height:1.5}.col-form-label-lg{padding-top:calc(.5rem + var(--bs-border-width));padding-bottom:calc(.5rem + var(--bs-border-width));font-size:1.25rem}.col-form-label-sm{padding-top:calc(.25rem + var(--bs-border-width));padding-bottom:calc(.25rem + var(--bs-border-width));font-size:.875rem}.form-text{margin-top:.25rem;font-size:.875em;color:var(--bs-secondary-color)}.form-control{display:block;width:100%;padding:.375rem .75rem;font-size:1rem;font-weight:400;line-height:1.5;color:var(--bs-body-color);-webkit-appearance:none;-moz-appearance:none;appearance:none;background-color:var(--bs-body-bg);background-clip:padding-box;border:var(--bs-border-width) solid var(--bs-border-color);border-radius:var(--bs-border-radius);transition:border-color .15s ease-in-out,box-shadow .15s ease-in-out}@media (prefers-reduced-motion: reduce){.form-control{transition:none}}.form-control[type=file]{overflow:hidden}.form-control[type=file]:not(:disabled):not([readonly]){cursor:pointer}.form-control:focus{color:var(--bs-body-color);background-color:var(--bs-body-bg);border-color:#86b7fe;outline:0;box-shadow:0 0 0 .25rem #0d6efd40}.form-control::-webkit-date-and-time-value{min-width:85px;height:1.5em;margin:0}.form-control::-webkit-datetime-edit{display:block;padding:0}.form-control::placeholder{color:var(--bs-secondary-color);opacity:1}.form-control:disabled{background-color:var(--bs-secondary-bg);opacity:1}.form-control::-webkit-file-upload-button{padding:.375rem .75rem;margin:-.375rem -.75rem;-webkit-margin-end:.75rem;margin-inline-end:.75rem;color:var(--bs-body-color);background-color:var(--bs-tertiary-bg);pointer-events:none;border-color:inherit;border-style:solid;border-width:0;border-inline-end-width:var(--bs-border-width);border-radius:0;-webkit-transition:color .15s ease-in-out,background-color .15s ease-in-out,border-color .15s ease-in-out,box-shadow .15s ease-in-out;transition:color .15s ease-in-out,background-color .15s ease-in-out,border-color .15s ease-in-out,box-shadow .15s ease-in-out}.form-control::file-selector-button{padding:.375rem .75rem;margin:-.375rem -.75rem;-webkit-margin-end:.75rem;margin-inline-end:.75rem;color:var(--bs-body-color);background-color:var(--bs-tertiary-bg);pointer-events:none;border-color:inherit;border-style:solid;border-width:0;border-inline-end-width:var(--bs-border-width);border-radius:0;transition:color .15s ease-in-out,background-color .15s ease-in-out,border-color .15s ease-in-out,box-shadow .15s ease-in-out}@media (prefers-reduced-motion: reduce){.form-control::-webkit-file-upload-button{-webkit-transition:none;transition:none}.form-control::file-selector-button{transition:none}}.form-control:hover:not(:disabled):not([readonly])::-webkit-file-upload-button{background-color:var(--bs-secondary-bg)}.form-control:hover:not(:disabled):not([readonly])::file-selector-button{background-color:var(--bs-secondary-bg)}.form-control-plaintext{display:block;width:100%;padding:.375rem 0;margin-bottom:0;line-height:1.5;color:var(--bs-body-color);background-color:transparent;border:solid transparent;border-width:var(--bs-border-width) 0}.form-control-plaintext:focus{outline:0}.form-control-plaintext.form-control-sm,.form-control-plaintext.form-control-lg{padding-right:0;padding-left:0}.form-control-sm{min-height:calc(1.5em + .5rem + calc(var(--bs-border-width) * 2));padding:.25rem .5rem;font-size:.875rem;border-radius:var(--bs-border-radius-sm)}.form-control-sm::-webkit-file-upload-button{padding:.25rem .5rem;margin:-.25rem -.5rem;-webkit-margin-end:.5rem;margin-inline-end:.5rem}.form-control-sm::file-selector-button{padding:.25rem .5rem;margin:-.25rem -.5rem;-webkit-margin-end:.5rem;margin-inline-end:.5rem}.form-control-lg{min-height:calc(1.5em + 1rem + calc(var(--bs-border-width) * 2));padding:.5rem 1rem;font-size:1.25rem;border-radius:var(--bs-border-radius-lg)}.form-control-lg::-webkit-file-upload-button{padding:.5rem 1rem;margin:-.5rem -1rem;-webkit-margin-end:1rem;margin-inline-end:1rem}.form-control-lg::file-selector-button{padding:.5rem 1rem;margin:-.5rem -1rem;-webkit-margin-end:1rem;margin-inline-end:1rem}textarea.form-control{min-height:calc(1.5em + .75rem + calc(var(--bs-border-width) * 2))}textarea.form-control-sm{min-height:calc(1.5em + .5rem + calc(var(--bs-border-width) * 2))}textarea.form-control-lg{min-height:calc(1.5em + 1rem + calc(var(--bs-border-width) * 2))}.form-control-color{width:3rem;height:calc(1.5em + .75rem + calc(var(--bs-border-width) * 2));padding:.375rem}.form-control-color:not(:disabled):not([readonly]){cursor:pointer}.form-control-color::-moz-color-swatch{border:0!important;border-radius:var(--bs-border-radius)}.form-control-color::-webkit-color-swatch{border:0!important;border-radius:var(--bs-border-radius)}.form-control-color.form-control-sm{height:calc(1.5em + .5rem + calc(var(--bs-border-width) * 2))}.form-control-color.form-control-lg{height:calc(1.5em + 1rem + calc(var(--bs-border-width) * 2))}.form-select{--bs-form-select-bg-img: url("data:image/svg+xml,%3csvg xmlns='http://www.w3.org/2000/svg' viewBox='0 0 16 16'%3e%3cpath fill='none' stroke='%23343a40' stroke-linecap='round' stroke-linejoin='round' stroke-width='2' d='m2 5 6 6 6-6'/%3e%3c/svg%3e");display:block;width:100%;padding:.375rem 2.25rem .375rem .75rem;font-size:1rem;font-weight:400;line-height:1.5;color:var(--bs-body-color);-webkit-appearance:none;-moz-appearance:none;appearance:none;background-color:var(--bs-body-bg);background-image:var(--bs-form-select-bg-img),var(--bs-form-select-bg-icon, none);background-repeat:no-repeat;background-position:right .75rem center;background-size:16px 12px;border:var(--bs-border-width) solid var(--bs-border-color);border-radius:var(--bs-border-radius);transition:border-color .15s ease-in-out,box-shadow .15s ease-in-out}@media (prefers-reduced-motion: reduce){.form-select{transition:none}}.form-select:focus{border-color:#86b7fe;outline:0;box-shadow:0 0 0 .25rem #0d6efd40}.form-select[multiple],.form-select[size]:not([size="1"]){padding-right:.75rem;background-image:none}.form-select:disabled{background-color:var(--bs-secondary-bg)}.form-select:-moz-focusring{color:transparent;text-shadow:0 0 0 var(--bs-body-color)}.form-select-sm{padding-top:.25rem;padding-bottom:.25rem;padding-left:.5rem;font-size:.875rem;border-radius:var(--bs-border-radius-sm)}.form-select-lg{padding-top:.5rem;padding-bottom:.5rem;padding-left:1rem;font-size:1.25rem;border-radius:var(--bs-border-radius-lg)}[data-bs-theme=dark] .form-select{--bs-form-select-bg-img: url("data:image/svg+xml,%3csvg xmlns='http://www.w3.org/2000/svg' viewBox='0 0 16 16'%3e%3cpath fill='none' stroke='%23dee2e6' stroke-linecap='round' stroke-linejoin='round' stroke-width='2' d='m2 5 6 6 6-6'/%3e%3c/svg%3e")}.form-check{display:block;min-height:1.5rem;padding-left:1.5em;margin-bottom:.125rem}.form-check .form-check-input{float:left;margin-left:-1.5em}.form-check-reverse{padding-right:1.5em;padding-left:0;text-align:right}.form-check-reverse .form-check-input{float:right;margin-right:-1.5em;margin-left:0}.form-check-input{--bs-form-check-bg: var(--bs-body-bg);flex-shrink:0;width:1em;height:1em;margin-top:.25em;vertical-align:top;-webkit-appearance:none;-moz-appearance:none;appearance:none;background-color:var(--bs-form-check-bg);background-image:var(--bs-form-check-bg-image);background-repeat:no-repeat;background-position:center;background-size:contain;border:var(--bs-border-width) solid var(--bs-border-color);-webkit-print-color-adjust:exact;color-adjust:exact;print-color-adjust:exact}.form-check-input[type=checkbox]{border-radius:.25em}.form-check-input[type=radio]{border-radius:50%}.form-check-input:active{filter:brightness(90%)}.form-check-input:focus{border-color:#86b7fe;outline:0;box-shadow:0 0 0 .25rem #0d6efd40}.form-check-input:checked{background-color:#0d6efd;border-color:#0d6efd}.form-check-input:checked[type=checkbox]{--bs-form-check-bg-image: url("data:image/svg+xml,%3csvg xmlns='http://www.w3.org/2000/svg' viewBox='0 0 20 20'%3e%3cpath fill='none' stroke='%23fff' stroke-linecap='round' stroke-linejoin='round' stroke-width='3' d='m6 10 3 3 6-6'/%3e%3c/svg%3e")}.form-check-input:checked[type=radio]{--bs-form-check-bg-image: url("data:image/svg+xml,%3csvg xmlns='http://www.w3.org/2000/svg' viewBox='-4 -4 8 8'%3e%3ccircle r='2' fill='%23fff'/%3e%3c/svg%3e")}.form-check-input[type=checkbox]:indeterminate{background-color:#0d6efd;border-color:#0d6efd;--bs-form-check-bg-image: url("data:image/svg+xml,%3csvg xmlns='http://www.w3.org/2000/svg' viewBox='0 0 20 20'%3e%3cpath fill='none' stroke='%23fff' stroke-linecap='round' stroke-linejoin='round' stroke-width='3' d='M6 10h8'/%3e%3c/svg%3e")}.form-check-input:disabled{pointer-events:none;filter:none;opacity:.5}.form-check-input[disabled]~.form-check-label,.form-check-input:disabled~.form-check-label{cursor:default;opacity:.5}.form-switch{padding-left:2.5em}.form-switch .form-check-input{--bs-form-switch-bg: url("data:image/svg+xml,%3csvg xmlns='http://www.w3.org/2000/svg' viewBox='-4 -4 8 8'%3e%3ccircle r='3' fill='rgba%280, 0, 0, 0.25%29'/%3e%3c/svg%3e");width:2em;margin-left:-2.5em;background-image:var(--bs-form-switch-bg);background-position:left center;border-radius:2em;transition:background-position .15s ease-in-out}@media (prefers-reduced-motion: reduce){.form-switch .form-check-input{transition:none}}.form-switch .form-check-input:focus{--bs-form-switch-bg: url("data:image/svg+xml,%3csvg xmlns='http://www.w3.org/2000/svg' viewBox='-4 -4 8 8'%3e%3ccircle r='3' fill='%2386b7fe'/%3e%3c/svg%3e")}.form-switch .form-check-input:checked{background-position:right center;--bs-form-switch-bg: url("data:image/svg+xml,%3csvg xmlns='http://www.w3.org/2000/svg' viewBox='-4 -4 8 8'%3e%3ccircle r='3' fill='%23fff'/%3e%3c/svg%3e")}.form-switch.form-check-reverse{padding-right:2.5em;padding-left:0}.form-switch.form-check-reverse .form-check-input{margin-right:-2.5em;margin-left:0}.form-check-inline{display:inline-block;margin-right:1rem}.btn-check{position:absolute;clip:rect(0,0,0,0);pointer-events:none}.btn-check[disabled]+.btn,.btn-check:disabled+.btn{pointer-events:none;filter:none;opacity:.65}[data-bs-theme=dark] .form-switch .form-check-input:not(:checked):not(:focus){--bs-form-switch-bg: url("data:image/svg+xml,%3csvg xmlns='http://www.w3.org/2000/svg' viewBox='-4 -4 8 8'%3e%3ccircle r='3' fill='rgba%28255, 255, 255, 0.25%29'/%3e%3c/svg%3e")}.form-range{width:100%;height:1.5rem;padding:0;-webkit-appearance:none;-moz-appearance:none;appearance:none;background-color:transparent}.form-range:focus{outline:0}.form-range:focus::-webkit-slider-thumb{box-shadow:0 0 0 1px #fff,0 0 0 .25rem #0d6efd40}.form-range:focus::-moz-range-thumb{box-shadow:0 0 0 1px #fff,0 0 0 .25rem #0d6efd40}.form-range::-moz-focus-outer{border:0}.form-range::-webkit-slider-thumb{width:1rem;height:1rem;margin-top:-.25rem;-webkit-appearance:none;appearance:none;background-color:#0d6efd;border:0;border-radius:1rem;-webkit-transition:background-color .15s ease-in-out,border-color .15s ease-in-out,box-shadow .15s ease-in-out;transition:background-color .15s ease-in-out,border-color .15s ease-in-out,box-shadow .15s ease-in-out}@media (prefers-reduced-motion: reduce){.form-range::-webkit-slider-thumb{-webkit-transition:none;transition:none}}.form-range::-webkit-slider-thumb:active{background-color:#b6d4fe}.form-range::-webkit-slider-runnable-track{width:100%;height:.5rem;color:transparent;cursor:pointer;background-color:var(--bs-secondary-bg);border-color:transparent;border-radius:1rem}.form-range::-moz-range-thumb{width:1rem;height:1rem;-moz-appearance:none;appearance:none;background-color:#0d6efd;border:0;border-radius:1rem;-moz-transition:background-color .15s ease-in-out,border-color .15s ease-in-out,box-shadow .15s ease-in-out;transition:background-color .15s ease-in-out,border-color .15s ease-in-out,box-shadow .15s ease-in-out}@media (prefers-reduced-motion: reduce){.form-range::-moz-range-thumb{-moz-transition:none;transition:none}}.form-range::-moz-range-thumb:active{background-color:#b6d4fe}.form-range::-moz-range-track{width:100%;height:.5rem;color:transparent;cursor:pointer;background-color:var(--bs-secondary-bg);border-color:transparent;border-radius:1rem}.form-range:disabled{pointer-events:none}.form-range:disabled::-webkit-slider-thumb{background-color:var(--bs-secondary-color)}.form-range:disabled::-moz-range-thumb{background-color:var(--bs-secondary-color)}.form-floating{position:relative}.form-floating>.form-control,.form-floating>.form-control-plaintext,.form-floating>.form-select{height:calc(3.5rem + calc(var(--bs-border-width) * 2));min-height:calc(3.5rem + calc(var(--bs-border-width) * 2));line-height:1.25}.form-floating>label{position:absolute;top:0;left:0;z-index:2;max-width:100%;height:100%;padding:1rem .75rem;overflow:hidden;color:rgba(var(--bs-body-color-rgb),.65);text-align:start;text-overflow:ellipsis;white-space:nowrap;pointer-events:none;border:var(--bs-border-width) solid transparent;transform-origin:0 0;transition:opacity .1s ease-in-out,transform .1s ease-in-out}@media (prefers-reduced-motion: reduce){.form-floating>label{transition:none}}.form-floating>.form-control,.form-floating>.form-control-plaintext{padding:1rem .75rem}.form-floating>.form-control::placeholder,.form-floating>.form-control-plaintext::placeholder{color:transparent}.form-floating>.form-control:focus,.form-floating>.form-control:not(:placeholder-shown),.form-floating>.form-control-plaintext:focus,.form-floating>.form-control-plaintext:not(:placeholder-shown){padding-top:1.625rem;padding-bottom:.625rem}.form-floating>.form-control:-webkit-autofill,.form-floating>.form-control-plaintext:-webkit-autofill{padding-top:1.625rem;padding-bottom:.625rem}.form-floating>.form-select{padding-top:1.625rem;padding-bottom:.625rem;padding-left:.75rem}.form-floating>.form-control:focus~label,.form-floating>.form-control:not(:placeholder-shown)~label,.form-floating>.form-control-plaintext~label,.form-floating>.form-select~label{transform:scale(.85) translateY(-.5rem) translate(.15rem)}.form-floating>.form-control:-webkit-autofill~label{transform:scale(.85) translateY(-.5rem) translate(.15rem)}.form-floating>textarea:focus~label:after,.form-floating>textarea:not(:placeholder-shown)~label:after{position:absolute;inset:1rem .375rem;z-index:-1;height:1.5em;content:"";background-color:var(--bs-body-bg);border-radius:var(--bs-border-radius)}.form-floating>textarea:disabled~label:after{background-color:var(--bs-secondary-bg)}.form-floating>.form-control-plaintext~label{border-width:var(--bs-border-width) 0}.form-floating>:disabled~label,.form-floating>.form-control:disabled~label{color:#6c757d}.input-group{position:relative;display:flex;flex-wrap:wrap;align-items:stretch;width:100%}.input-group>.form-control,.input-group>.form-select,.input-group>.form-floating{position:relative;flex:1 1 auto;width:1%;min-width:0}.input-group>.form-control:focus,.input-group>.form-select:focus,.input-group>.form-floating:focus-within{z-index:5}.input-group .btn{position:relative;z-index:2}.input-group .btn:focus{z-index:5}.input-group-text{display:flex;align-items:center;padding:.375rem .75rem;font-size:1rem;font-weight:400;line-height:1.5;color:var(--bs-body-color);text-align:center;white-space:nowrap;background-color:var(--bs-tertiary-bg);border:var(--bs-border-width) solid var(--bs-border-color);border-radius:var(--bs-border-radius)}.input-group-lg>.form-control,.input-group-lg>.form-select,.input-group-lg>.input-group-text,.input-group-lg>.btn{padding:.5rem 1rem;font-size:1.25rem;border-radius:var(--bs-border-radius-lg)}.input-group-sm>.form-control,.input-group-sm>.form-select,.input-group-sm>.input-group-text,.input-group-sm>.btn{padding:.25rem .5rem;font-size:.875rem;border-radius:var(--bs-border-radius-sm)}.input-group-lg>.form-select,.input-group-sm>.form-select{padding-right:3rem}.input-group:not(.has-validation)>:not(:last-child):not(.dropdown-toggle):not(.dropdown-menu):not(.form-floating),.input-group:not(.has-validation)>.dropdown-toggle:nth-last-child(n+3),.input-group:not(.has-validation)>.form-floating:not(:last-child)>.form-control,.input-group:not(.has-validation)>.form-floating:not(:last-child)>.form-select{border-top-right-radius:0;border-bottom-right-radius:0}.input-group.has-validation>:nth-last-child(n+3):not(.dropdown-toggle):not(.dropdown-menu):not(.form-floating),.input-group.has-validation>.dropdown-toggle:nth-last-child(n+4),.input-group.has-validation>.form-floating:nth-last-child(n+3)>.form-control,.input-group.has-validation>.form-floating:nth-last-child(n+3)>.form-select{border-top-right-radius:0;border-bottom-right-radius:0}.input-group>:not(:first-child):not(.dropdown-menu):not(.valid-tooltip):not(.valid-feedback):not(.invalid-tooltip):not(.invalid-feedback){margin-left:calc(-1 * var(--bs-border-width));border-top-left-radius:0;border-bottom-left-radius:0}.input-group>.form-floating:not(:first-child)>.form-control,.input-group>.form-floating:not(:first-child)>.form-select{border-top-left-radius:0;border-bottom-left-radius:0}.valid-feedback{display:none;width:100%;margin-top:.25rem;font-size:.875em;color:var(--bs-form-valid-color)}.valid-tooltip{position:absolute;top:100%;z-index:5;display:none;max-width:100%;padding:.25rem .5rem;margin-top:.1rem;font-size:.875rem;color:#fff;background-color:var(--bs-success);border-radius:var(--bs-border-radius)}.was-validated :valid~.valid-feedback,.was-validated :valid~.valid-tooltip,.is-valid~.valid-feedback,.is-valid~.valid-tooltip{display:block}.was-validated .form-control:valid,.form-control.is-valid{border-color:var(--bs-form-valid-border-color);padding-right:calc(1.5em + .75rem);background-image:url("data:image/svg+xml,%3csvg xmlns='http://www.w3.org/2000/svg' viewBox='0 0 8 8'%3e%3cpath fill='%23198754' d='M2.3 6.73.6 4.53c-.4-1.04.46-1.4 1.1-.8l1.1 1.4 3.4-3.8c.6-.63 1.6-.27 1.2.7l-4 4.6c-.43.5-.8.4-1.1.1'/%3e%3c/svg%3e");background-repeat:no-repeat;background-position:right calc(.375em + .1875rem) center;background-size:calc(.75em + .375rem) calc(.75em + .375rem)}.was-validated .form-control:valid:focus,.form-control.is-valid:focus{border-color:var(--bs-form-valid-border-color);box-shadow:0 0 0 .25rem rgba(var(--bs-success-rgb),.25)}.was-validated textarea.form-control:valid,textarea.form-control.is-valid{padding-right:calc(1.5em + .75rem);background-position:top calc(.375em + .1875rem) right calc(.375em + .1875rem)}.was-validated .form-select:valid,.form-select.is-valid{border-color:var(--bs-form-valid-border-color)}.was-validated .form-select:valid:not([multiple]):not([size]),.was-validated .form-select:valid:not([multiple])[size="1"],.form-select.is-valid:not([multiple]):not([size]),.form-select.is-valid:not([multiple])[size="1"]{--bs-form-select-bg-icon: url("data:image/svg+xml,%3csvg xmlns='http://www.w3.org/2000/svg' viewBox='0 0 8 8'%3e%3cpath fill='%23198754' d='M2.3 6.73.6 4.53c-.4-1.04.46-1.4 1.1-.8l1.1 1.4 3.4-3.8c.6-.63 1.6-.27 1.2.7l-4 4.6c-.43.5-.8.4-1.1.1'/%3e%3c/svg%3e");padding-right:4.125rem;background-position:right .75rem center,center right 2.25rem;background-size:16px 12px,calc(.75em + .375rem) calc(.75em + .375rem)}.was-validated .form-select:valid:focus,.form-select.is-valid:focus{border-color:var(--bs-form-valid-border-color);box-shadow:0 0 0 .25rem rgba(var(--bs-success-rgb),.25)}.was-validated .form-control-color:valid,.form-control-color.is-valid{width:calc(3.75rem + 1.5em)}.was-validated .form-check-input:valid,.form-check-input.is-valid{border-color:var(--bs-form-valid-border-color)}.was-validated .form-check-input:valid:checked,.form-check-input.is-valid:checked{background-color:var(--bs-form-valid-color)}.was-validated .form-check-input:valid:focus,.form-check-input.is-valid:focus{box-shadow:0 0 0 .25rem rgba(var(--bs-success-rgb),.25)}.was-validated .form-check-input:valid~.form-check-label,.form-check-input.is-valid~.form-check-label{color:var(--bs-form-valid-color)}.form-check-inline .form-check-input~.valid-feedback{margin-left:.5em}.was-validated .input-group>.form-control:not(:focus):valid,.input-group>.form-control:not(:focus).is-valid,.was-validated .input-group>.form-select:not(:focus):valid,.input-group>.form-select:not(:focus).is-valid,.was-validated .input-group>.form-floating:not(:focus-within):valid,.input-group>.form-floating:not(:focus-within).is-valid{z-index:3}.invalid-feedback{display:none;width:100%;margin-top:.25rem;font-size:.875em;color:var(--bs-form-invalid-color)}.invalid-tooltip{position:absolute;top:100%;z-index:5;display:none;max-width:100%;padding:.25rem .5rem;margin-top:.1rem;font-size:.875rem;color:#fff;background-color:var(--bs-danger);border-radius:var(--bs-border-radius)}.was-validated :invalid~.invalid-feedback,.was-validated :invalid~.invalid-tooltip,.is-invalid~.invalid-feedback,.is-invalid~.invalid-tooltip{display:block}.was-validated .form-control:invalid,.form-control.is-invalid{border-color:var(--bs-form-invalid-border-color);padding-right:calc(1.5em + .75rem);background-image:url("data:image/svg+xml,%3csvg xmlns='http://www.w3.org/2000/svg' viewBox='0 0 12 12' width='12' height='12' fill='none' stroke='%23dc3545'%3e%3ccircle cx='6' cy='6' r='4.5'/%3e%3cpath stroke-linejoin='round' d='M5.8 3.6h.4L6 6.5z'/%3e%3ccircle cx='6' cy='8.2' r='.6' fill='%23dc3545' stroke='none'/%3e%3c/svg%3e");background-repeat:no-repeat;background-position:right calc(.375em + .1875rem) center;background-size:calc(.75em + .375rem) calc(.75em + .375rem)}.was-validated .form-control:invalid:focus,.form-control.is-invalid:focus{border-color:var(--bs-form-invalid-border-color);box-shadow:0 0 0 .25rem rgba(var(--bs-danger-rgb),.25)}.was-validated textarea.form-control:invalid,textarea.form-control.is-invalid{padding-right:calc(1.5em + .75rem);background-position:top calc(.375em + .1875rem) right calc(.375em + .1875rem)}.was-validated .form-select:invalid,.form-select.is-invalid{border-color:var(--bs-form-invalid-border-color)}.was-validated .form-select:invalid:not([multiple]):not([size]),.was-validated .form-select:invalid:not([multiple])[size="1"],.form-select.is-invalid:not([multiple]):not([size]),.form-select.is-invalid:not([multiple])[size="1"]{--bs-form-select-bg-icon: url("data:image/svg+xml,%3csvg xmlns='http://www.w3.org/2000/svg' viewBox='0 0 12 12' width='12' height='12' fill='none' stroke='%23dc3545'%3e%3ccircle cx='6' cy='6' r='4.5'/%3e%3cpath stroke-linejoin='round' d='M5.8 3.6h.4L6 6.5z'/%3e%3ccircle cx='6' cy='8.2' r='.6' fill='%23dc3545' stroke='none'/%3e%3c/svg%3e");padding-right:4.125rem;background-position:right .75rem center,center right 2.25rem;background-size:16px 12px,calc(.75em + .375rem) calc(.75em + .375rem)}.was-validated .form-select:invalid:focus,.form-select.is-invalid:focus{border-color:var(--bs-form-invalid-border-color);box-shadow:0 0 0 .25rem rgba(var(--bs-danger-rgb),.25)}.was-validated .form-control-color:invalid,.form-control-color.is-invalid{width:calc(3.75rem + 1.5em)}.was-validated .form-check-input:invalid,.form-check-input.is-invalid{border-color:var(--bs-form-invalid-border-color)}.was-validated .form-check-input:invalid:checked,.form-check-input.is-invalid:checked{background-color:var(--bs-form-invalid-color)}.was-validated .form-check-input:invalid:focus,.form-check-input.is-invalid:focus{box-shadow:0 0 0 .25rem rgba(var(--bs-danger-rgb),.25)}.was-validated .form-check-input:invalid~.form-check-label,.form-check-input.is-invalid~.form-check-label{color:var(--bs-form-invalid-color)}.form-check-inline .form-check-input~.invalid-feedback{margin-left:.5em}.was-validated .input-group>.form-control:not(:focus):invalid,.input-group>.form-control:not(:focus).is-invalid,.was-validated .input-group>.form-select:not(:focus):invalid,.input-group>.form-select:not(:focus).is-invalid,.was-validated .input-group>.form-floating:not(:focus-within):invalid,.input-group>.form-floating:not(:focus-within).is-invalid{z-index:4}.btn{--bs-btn-padding-x: .75rem;--bs-btn-padding-y: .375rem;--bs-btn-font-family: ;--bs-btn-font-size: 1rem;--bs-btn-font-weight: 400;--bs-btn-line-height: 1.5;--bs-btn-color: var(--bs-body-color);--bs-btn-bg: transparent;--bs-btn-border-width: var(--bs-border-width);--bs-btn-border-color: transparent;--bs-btn-border-radius: var(--bs-border-radius);--bs-btn-hover-border-color: transparent;--bs-btn-box-shadow: inset 0 1px 0 rgba(255, 255, 255, .15), 0 1px 1px rgba(0, 0, 0, .075);--bs-btn-disabled-opacity: .65;--bs-btn-focus-box-shadow: 0 0 0 .25rem rgba(var(--bs-btn-focus-shadow-rgb), .5);display:inline-block;padding:var(--bs-btn-padding-y) var(--bs-btn-padding-x);font-family:var(--bs-btn-font-family);font-size:var(--bs-btn-font-size);font-weight:var(--bs-btn-font-weight);line-height:var(--bs-btn-line-height);color:var(--bs-btn-color);text-align:center;text-decoration:none;vertical-align:middle;cursor:pointer;-webkit-user-select:none;-moz-user-select:none;user-select:none;border:var(--bs-btn-border-width) solid var(--bs-btn-border-color);border-radius:var(--bs-btn-border-radius);background-color:var(--bs-btn-bg);transition:color .15s ease-in-out,background-color .15s ease-in-out,border-color .15s ease-in-out,box-shadow .15s ease-in-out}@media (prefers-reduced-motion: reduce){.btn{transition:none}}.btn:hover{color:var(--bs-btn-hover-color);background-color:var(--bs-btn-hover-bg);border-color:var(--bs-btn-hover-border-color)}.btn-check+.btn:hover{color:var(--bs-btn-color);background-color:var(--bs-btn-bg);border-color:var(--bs-btn-border-color)}.btn:focus-visible{color:var(--bs-btn-hover-color);background-color:var(--bs-btn-hover-bg);border-color:var(--bs-btn-hover-border-color);outline:0;box-shadow:var(--bs-btn-focus-box-shadow)}.btn-check:focus-visible+.btn{border-color:var(--bs-btn-hover-border-color);outline:0;box-shadow:var(--bs-btn-focus-box-shadow)}.btn-check:checked+.btn,:not(.btn-check)+.btn:active,.btn:first-child:active,.btn.active,.btn.show{color:var(--bs-btn-active-color);background-color:var(--bs-btn-active-bg);border-color:var(--bs-btn-active-border-color)}.btn-check:checked+.btn:focus-visible,:not(.btn-check)+.btn:active:focus-visible,.btn:first-child:active:focus-visible,.btn.active:focus-visible,.btn.show:focus-visible{box-shadow:var(--bs-btn-focus-box-shadow)}.btn-check:checked:focus-visible+.btn{box-shadow:var(--bs-btn-focus-box-shadow)}.btn:disabled,.btn.disabled,fieldset:disabled .btn{color:var(--bs-btn-disabled-color);pointer-events:none;background-color:var(--bs-btn-disabled-bg);border-color:var(--bs-btn-disabled-border-color);opacity:var(--bs-btn-disabled-opacity)}.btn-primary{--bs-btn-color: #fff;--bs-btn-bg: #0d6efd;--bs-btn-border-color: #0d6efd;--bs-btn-hover-color: #fff;--bs-btn-hover-bg: #0b5ed7;--bs-btn-hover-border-color: #0a58ca;--bs-btn-focus-shadow-rgb: 49, 132, 253;--bs-btn-active-color: #fff;--bs-btn-active-bg: #0a58ca;--bs-btn-active-border-color: #0a53be;--bs-btn-active-shadow: inset 0 3px 5px rgba(0, 0, 0, .125);--bs-btn-disabled-color: #fff;--bs-btn-disabled-bg: #0d6efd;--bs-btn-disabled-border-color: #0d6efd}.btn-secondary{--bs-btn-color: #fff;--bs-btn-bg: #6c757d;--bs-btn-border-color: #6c757d;--bs-btn-hover-color: #fff;--bs-btn-hover-bg: #5c636a;--bs-btn-hover-border-color: #565e64;--bs-btn-focus-shadow-rgb: 130, 138, 145;--bs-btn-active-color: #fff;--bs-btn-active-bg: #565e64;--bs-btn-active-border-color: #51585e;--bs-btn-active-shadow: inset 0 3px 5px rgba(0, 0, 0, .125);--bs-btn-disabled-color: #fff;--bs-btn-disabled-bg: #6c757d;--bs-btn-disabled-border-color: #6c757d}.btn-success{--bs-btn-color: #fff;--bs-btn-bg: #198754;--bs-btn-border-color: #198754;--bs-btn-hover-color: #fff;--bs-btn-hover-bg: #157347;--bs-btn-hover-border-color: #146c43;--bs-btn-focus-shadow-rgb: 60, 153, 110;--bs-btn-active-color: #fff;--bs-btn-active-bg: #146c43;--bs-btn-active-border-color: #13653f;--bs-btn-active-shadow: inset 0 3px 5px rgba(0, 0, 0, .125);--bs-btn-disabled-color: #fff;--bs-btn-disabled-bg: #198754;--bs-btn-disabled-border-color: #198754}.btn-info{--bs-btn-color: #000;--bs-btn-bg: #0dcaf0;--bs-btn-border-color: #0dcaf0;--bs-btn-hover-color: #000;--bs-btn-hover-bg: #31d2f2;--bs-btn-hover-border-color: #25cff2;--bs-btn-focus-shadow-rgb: 11, 172, 204;--bs-btn-active-color: #000;--bs-btn-active-bg: #3dd5f3;--bs-btn-active-border-color: #25cff2;--bs-btn-active-shadow: inset 0 3px 5px rgba(0, 0, 0, .125);--bs-btn-disabled-color: #000;--bs-btn-disabled-bg: #0dcaf0;--bs-btn-disabled-border-color: #0dcaf0}.btn-warning{--bs-btn-color: #000;--bs-btn-bg: #ffc107;--bs-btn-border-color: #ffc107;--bs-btn-hover-color: #000;--bs-btn-hover-bg: #ffca2c;--bs-btn-hover-border-color: #ffc720;--bs-btn-focus-shadow-rgb: 217, 164, 6;--bs-btn-active-color: #000;--bs-btn-active-bg: #ffcd39;--bs-btn-active-border-color: #ffc720;--bs-btn-active-shadow: inset 0 3px 5px rgba(0, 0, 0, .125);--bs-btn-disabled-color: #000;--bs-btn-disabled-bg: #ffc107;--bs-btn-disabled-border-color: #ffc107}.btn-danger{--bs-btn-color: #fff;--bs-btn-bg: #dc3545;--bs-btn-border-color: #dc3545;--bs-btn-hover-color: #fff;--bs-btn-hover-bg: #bb2d3b;--bs-btn-hover-border-color: #b02a37;--bs-btn-focus-shadow-rgb: 225, 83, 97;--bs-btn-active-color: #fff;--bs-btn-active-bg: #b02a37;--bs-btn-active-border-color: #a52834;--bs-btn-active-shadow: inset 0 3px 5px rgba(0, 0, 0, .125);--bs-btn-disabled-color: #fff;--bs-btn-disabled-bg: #dc3545;--bs-btn-disabled-border-color: #dc3545}.btn-light{--bs-btn-color: #000;--bs-btn-bg: #f8f9fa;--bs-btn-border-color: #f8f9fa;--bs-btn-hover-color: #000;--bs-btn-hover-bg: #d3d4d5;--bs-btn-hover-border-color: #c6c7c8;--bs-btn-focus-shadow-rgb: 211, 212, 213;--bs-btn-active-color: #000;--bs-btn-active-bg: #c6c7c8;--bs-btn-active-border-color: #babbbc;--bs-btn-active-shadow: inset 0 3px 5px rgba(0, 0, 0, .125);--bs-btn-disabled-color: #000;--bs-btn-disabled-bg: #f8f9fa;--bs-btn-disabled-border-color: #f8f9fa}.btn-dark{--bs-btn-color: #fff;--bs-btn-bg: #212529;--bs-btn-border-color: #212529;--bs-btn-hover-color: #fff;--bs-btn-hover-bg: #424649;--bs-btn-hover-border-color: #373b3e;--bs-btn-focus-shadow-rgb: 66, 70, 73;--bs-btn-active-color: #fff;--bs-btn-active-bg: #4d5154;--bs-btn-active-border-color: #373b3e;--bs-btn-active-shadow: inset 0 3px 5px rgba(0, 0, 0, .125);--bs-btn-disabled-color: #fff;--bs-btn-disabled-bg: #212529;--bs-btn-disabled-border-color: #212529}.btn-outline-primary{--bs-btn-color: #0d6efd;--bs-btn-border-color: #0d6efd;--bs-btn-hover-color: #fff;--bs-btn-hover-bg: #0d6efd;--bs-btn-hover-border-color: #0d6efd;--bs-btn-focus-shadow-rgb: 13, 110, 253;--bs-btn-active-color: #fff;--bs-btn-active-bg: #0d6efd;--bs-btn-active-border-color: #0d6efd;--bs-btn-active-shadow: inset 0 3px 5px rgba(0, 0, 0, .125);--bs-btn-disabled-color: #0d6efd;--bs-btn-disabled-bg: transparent;--bs-btn-disabled-border-color: #0d6efd;--bs-gradient: none}.btn-outline-secondary{--bs-btn-color: #6c757d;--bs-btn-border-color: #6c757d;--bs-btn-hover-color: #fff;--bs-btn-hover-bg: #6c757d;--bs-btn-hover-border-color: #6c757d;--bs-btn-focus-shadow-rgb: 108, 117, 125;--bs-btn-active-color: #fff;--bs-btn-active-bg: #6c757d;--bs-btn-active-border-color: #6c757d;--bs-btn-active-shadow: inset 0 3px 5px rgba(0, 0, 0, .125);--bs-btn-disabled-color: #6c757d;--bs-btn-disabled-bg: transparent;--bs-btn-disabled-border-color: #6c757d;--bs-gradient: none}.btn-outline-success{--bs-btn-color: #198754;--bs-btn-border-color: #198754;--bs-btn-hover-color: #fff;--bs-btn-hover-bg: #198754;--bs-btn-hover-border-color: #198754;--bs-btn-focus-shadow-rgb: 25, 135, 84;--bs-btn-active-color: #fff;--bs-btn-active-bg: #198754;--bs-btn-active-border-color: #198754;--bs-btn-active-shadow: inset 0 3px 5px rgba(0, 0, 0, .125);--bs-btn-disabled-color: #198754;--bs-btn-disabled-bg: transparent;--bs-btn-disabled-border-color: #198754;--bs-gradient: none}.btn-outline-info{--bs-btn-color: #0dcaf0;--bs-btn-border-color: #0dcaf0;--bs-btn-hover-color: #000;--bs-btn-hover-bg: #0dcaf0;--bs-btn-hover-border-color: #0dcaf0;--bs-btn-focus-shadow-rgb: 13, 202, 240;--bs-btn-active-color: #000;--bs-btn-active-bg: #0dcaf0;--bs-btn-active-border-color: #0dcaf0;--bs-btn-active-shadow: inset 0 3px 5px rgba(0, 0, 0, .125);--bs-btn-disabled-color: #0dcaf0;--bs-btn-disabled-bg: transparent;--bs-btn-disabled-border-color: #0dcaf0;--bs-gradient: none}.btn-outline-warning{--bs-btn-color: #ffc107;--bs-btn-border-color: #ffc107;--bs-btn-hover-color: #000;--bs-btn-hover-bg: #ffc107;--bs-btn-hover-border-color: #ffc107;--bs-btn-focus-shadow-rgb: 255, 193, 7;--bs-btn-active-color: #000;--bs-btn-active-bg: #ffc107;--bs-btn-active-border-color: #ffc107;--bs-btn-active-shadow: inset 0 3px 5px rgba(0, 0, 0, .125);--bs-btn-disabled-color: #ffc107;--bs-btn-disabled-bg: transparent;--bs-btn-disabled-border-color: #ffc107;--bs-gradient: none}.btn-outline-danger{--bs-btn-color: #dc3545;--bs-btn-border-color: #dc3545;--bs-btn-hover-color: #fff;--bs-btn-hover-bg: #dc3545;--bs-btn-hover-border-color: #dc3545;--bs-btn-focus-shadow-rgb: 220, 53, 69;--bs-btn-active-color: #fff;--bs-btn-active-bg: #dc3545;--bs-btn-active-border-color: #dc3545;--bs-btn-active-shadow: inset 0 3px 5px rgba(0, 0, 0, .125);--bs-btn-disabled-color: #dc3545;--bs-btn-disabled-bg: transparent;--bs-btn-disabled-border-color: #dc3545;--bs-gradient: none}.btn-outline-light{--bs-btn-color: #f8f9fa;--bs-btn-border-color: #f8f9fa;--bs-btn-hover-color: #000;--bs-btn-hover-bg: #f8f9fa;--bs-btn-hover-border-color: #f8f9fa;--bs-btn-focus-shadow-rgb: 248, 249, 250;--bs-btn-active-color: #000;--bs-btn-active-bg: #f8f9fa;--bs-btn-active-border-color: #f8f9fa;--bs-btn-active-shadow: inset 0 3px 5px rgba(0, 0, 0, .125);--bs-btn-disabled-color: #f8f9fa;--bs-btn-disabled-bg: transparent;--bs-btn-disabled-border-color: #f8f9fa;--bs-gradient: none}.btn-outline-dark{--bs-btn-color: #212529;--bs-btn-border-color: #212529;--bs-btn-hover-color: #fff;--bs-btn-hover-bg: #212529;--bs-btn-hover-border-color: #212529;--bs-btn-focus-shadow-rgb: 33, 37, 41;--bs-btn-active-color: #fff;--bs-btn-active-bg: #212529;--bs-btn-active-border-color: #212529;--bs-btn-active-shadow: inset 0 3px 5px rgba(0, 0, 0, .125);--bs-btn-disabled-color: #212529;--bs-btn-disabled-bg: transparent;--bs-btn-disabled-border-color: #212529;--bs-gradient: none}.btn-link{--bs-btn-font-weight: 400;--bs-btn-color: var(--bs-link-color);--bs-btn-bg: transparent;--bs-btn-border-color: transparent;--bs-btn-hover-color: var(--bs-link-hover-color);--bs-btn-hover-border-color: transparent;--bs-btn-active-color: var(--bs-link-hover-color);--bs-btn-active-border-color: transparent;--bs-btn-disabled-color: #6c757d;--bs-btn-disabled-border-color: transparent;--bs-btn-box-shadow: 0 0 0 #000;--bs-btn-focus-shadow-rgb: 49, 132, 253;text-decoration:underline}.btn-link:focus-visible{color:var(--bs-btn-color)}.btn-link:hover{color:var(--bs-btn-hover-color)}.btn-lg,.btn-group-lg>.btn{--bs-btn-padding-y: .5rem;--bs-btn-padding-x: 1rem;--bs-btn-font-size: 1.25rem;--bs-btn-border-radius: var(--bs-border-radius-lg)}.btn-sm,.btn-group-sm>.btn{--bs-btn-padding-y: .25rem;--bs-btn-padding-x: .5rem;--bs-btn-font-size: .875rem;--bs-btn-border-radius: var(--bs-border-radius-sm)}.fade{transition:opacity .15s linear}@media (prefers-reduced-motion: reduce){.fade{transition:none}}.fade:not(.show){opacity:0}.collapse:not(.show){display:none}.collapsing{height:0;overflow:hidden;transition:height .35s ease}@media (prefers-reduced-motion: reduce){.collapsing{transition:none}}.collapsing.collapse-horizontal{width:0;height:auto;transition:width .35s ease}@media (prefers-reduced-motion: reduce){.collapsing.collapse-horizontal{transition:none}}.dropup,.dropend,.dropdown,.dropstart,.dropup-center,.dropdown-center{position:relative}.dropdown-toggle{white-space:nowrap}.dropdown-toggle:after{display:inline-block;margin-left:.255em;vertical-align:.255em;content:"";border-top:.3em solid;border-right:.3em solid transparent;border-bottom:0;border-left:.3em solid transparent}.dropdown-toggle:empty:after{margin-left:0}.dropdown-menu{--bs-dropdown-zindex: 1000;--bs-dropdown-min-width: 10rem;--bs-dropdown-padding-x: 0;--bs-dropdown-padding-y: .5rem;--bs-dropdown-spacer: .125rem;--bs-dropdown-font-size: 1rem;--bs-dropdown-color: var(--bs-body-color);--bs-dropdown-bg: var(--bs-body-bg);--bs-dropdown-border-color: var(--bs-border-color-translucent);--bs-dropdown-border-radius: var(--bs-border-radius);--bs-dropdown-border-width: var(--bs-border-width);--bs-dropdown-inner-border-radius: calc(var(--bs-border-radius) - var(--bs-border-width));--bs-dropdown-divider-bg: var(--bs-border-color-translucent);--bs-dropdown-divider-margin-y: .5rem;--bs-dropdown-box-shadow: var(--bs-box-shadow);--bs-dropdown-link-color: var(--bs-body-color);--bs-dropdown-link-hover-color: var(--bs-body-color);--bs-dropdown-link-hover-bg: var(--bs-tertiary-bg);--bs-dropdown-link-active-color: #fff;--bs-dropdown-link-active-bg: #0d6efd;--bs-dropdown-link-disabled-color: var(--bs-tertiary-color);--bs-dropdown-item-padding-x: 1rem;--bs-dropdown-item-padding-y: .25rem;--bs-dropdown-header-color: #6c757d;--bs-dropdown-header-padding-x: 1rem;--bs-dropdown-header-padding-y: .5rem;position:absolute;z-index:var(--bs-dropdown-zindex);display:none;min-width:var(--bs-dropdown-min-width);padding:var(--bs-dropdown-padding-y) var(--bs-dropdown-padding-x);margin:0;font-size:var(--bs-dropdown-font-size);color:var(--bs-dropdown-color);text-align:left;list-style:none;background-color:var(--bs-dropdown-bg);background-clip:padding-box;border:var(--bs-dropdown-border-width) solid var(--bs-dropdown-border-color);border-radius:var(--bs-dropdown-border-radius)}.dropdown-menu[data-bs-popper]{top:100%;left:0;margin-top:var(--bs-dropdown-spacer)}.dropdown-menu-start{--bs-position: start}.dropdown-menu-start[data-bs-popper]{right:auto;left:0}.dropdown-menu-end{--bs-position: end}.dropdown-menu-end[data-bs-popper]{right:0;left:auto}@media (min-width: 576px){.dropdown-menu-sm-start{--bs-position: start}.dropdown-menu-sm-start[data-bs-popper]{right:auto;left:0}.dropdown-menu-sm-end{--bs-position: end}.dropdown-menu-sm-end[data-bs-popper]{right:0;left:auto}}@media (min-width: 768px){.dropdown-menu-md-start{--bs-position: start}.dropdown-menu-md-start[data-bs-popper]{right:auto;left:0}.dropdown-menu-md-end{--bs-position: end}.dropdown-menu-md-end[data-bs-popper]{right:0;left:auto}}@media (min-width: 992px){.dropdown-menu-lg-start{--bs-position: start}.dropdown-menu-lg-start[data-bs-popper]{right:auto;left:0}.dropdown-menu-lg-end{--bs-position: end}.dropdown-menu-lg-end[data-bs-popper]{right:0;left:auto}}@media (min-width: 1200px){.dropdown-menu-xl-start{--bs-position: start}.dropdown-menu-xl-start[data-bs-popper]{right:auto;left:0}.dropdown-menu-xl-end{--bs-position: end}.dropdown-menu-xl-end[data-bs-popper]{right:0;left:auto}}@media (min-width: 1400px){.dropdown-menu-xxl-start{--bs-position: start}.dropdown-menu-xxl-start[data-bs-popper]{right:auto;left:0}.dropdown-menu-xxl-end{--bs-position: end}.dropdown-menu-xxl-end[data-bs-popper]{right:0;left:auto}}.dropup .dropdown-menu[data-bs-popper]{top:auto;bottom:100%;margin-top:0;margin-bottom:var(--bs-dropdown-spacer)}.dropup .dropdown-toggle:after{display:inline-block;margin-left:.255em;vertical-align:.255em;content:"";border-top:0;border-right:.3em solid transparent;border-bottom:.3em solid;border-left:.3em solid transparent}.dropup .dropdown-toggle:empty:after{margin-left:0}.dropend .dropdown-menu[data-bs-popper]{top:0;right:auto;left:100%;margin-top:0;margin-left:var(--bs-dropdown-spacer)}.dropend .dropdown-toggle:after{display:inline-block;margin-left:.255em;vertical-align:.255em;content:"";border-top:.3em solid transparent;border-right:0;border-bottom:.3em solid transparent;border-left:.3em solid}.dropend .dropdown-toggle:empty:after{margin-left:0}.dropend .dropdown-toggle:after{vertical-align:0}.dropstart .dropdown-menu[data-bs-popper]{top:0;right:100%;left:auto;margin-top:0;margin-right:var(--bs-dropdown-spacer)}.dropstart .dropdown-toggle:after{display:inline-block;margin-left:.255em;vertical-align:.255em;content:""}.dropstart .dropdown-toggle:after{display:none}.dropstart .dropdown-toggle:before{display:inline-block;margin-right:.255em;vertical-align:.255em;content:"";border-top:.3em solid transparent;border-right:.3em solid;border-bottom:.3em solid transparent}.dropstart .dropdown-toggle:empty:after{margin-left:0}.dropstart .dropdown-toggle:before{vertical-align:0}.dropdown-divider{height:0;margin:var(--bs-dropdown-divider-margin-y) 0;overflow:hidden;border-top:1px solid var(--bs-dropdown-divider-bg);opacity:1}.dropdown-item{display:block;width:100%;padding:var(--bs-dropdown-item-padding-y) var(--bs-dropdown-item-padding-x);clear:both;font-weight:400;color:var(--bs-dropdown-link-color);text-align:inherit;text-decoration:none;white-space:nowrap;background-color:transparent;border:0;border-radius:var(--bs-dropdown-item-border-radius, 0)}.dropdown-item:hover,.dropdown-item:focus{color:var(--bs-dropdown-link-hover-color);background-color:var(--bs-dropdown-link-hover-bg)}.dropdown-item.active,.dropdown-item:active{color:var(--bs-dropdown-link-active-color);text-decoration:none;background-color:var(--bs-dropdown-link-active-bg)}.dropdown-item.disabled,.dropdown-item:disabled{color:var(--bs-dropdown-link-disabled-color);pointer-events:none;background-color:transparent}.dropdown-menu.show{display:block}.dropdown-header{display:block;padding:var(--bs-dropdown-header-padding-y) var(--bs-dropdown-header-padding-x);margin-bottom:0;font-size:.875rem;color:var(--bs-dropdown-header-color);white-space:nowrap}.dropdown-item-text{display:block;padding:var(--bs-dropdown-item-padding-y) var(--bs-dropdown-item-padding-x);color:var(--bs-dropdown-link-color)}.dropdown-menu-dark{--bs-dropdown-color: #dee2e6;--bs-dropdown-bg: #343a40;--bs-dropdown-border-color: var(--bs-border-color-translucent);--bs-dropdown-box-shadow: ;--bs-dropdown-link-color: #dee2e6;--bs-dropdown-link-hover-color: #fff;--bs-dropdown-divider-bg: var(--bs-border-color-translucent);--bs-dropdown-link-hover-bg: rgba(255, 255, 255, .15);--bs-dropdown-link-active-color: #fff;--bs-dropdown-link-active-bg: #0d6efd;--bs-dropdown-link-disabled-color: #adb5bd;--bs-dropdown-header-color: #adb5bd}.btn-group,.btn-group-vertical{position:relative;display:inline-flex;vertical-align:middle}.btn-group>.btn,.btn-group-vertical>.btn{position:relative;flex:1 1 auto}.btn-group>.btn-check:checked+.btn,.btn-group>.btn-check:focus+.btn,.btn-group>.btn:hover,.btn-group>.btn:focus,.btn-group>.btn:active,.btn-group>.btn.active,.btn-group-vertical>.btn-check:checked+.btn,.btn-group-vertical>.btn-check:focus+.btn,.btn-group-vertical>.btn:hover,.btn-group-vertical>.btn:focus,.btn-group-vertical>.btn:active,.btn-group-vertical>.btn.active{z-index:1}.btn-toolbar{display:flex;flex-wrap:wrap;justify-content:flex-start}.btn-toolbar .input-group{width:auto}.btn-group{border-radius:var(--bs-border-radius)}.btn-group>:not(.btn-check:first-child)+.btn,.btn-group>.btn-group:not(:first-child){margin-left:calc(-1 * var(--bs-border-width))}.btn-group>.btn:not(:last-child):not(.dropdown-toggle),.btn-group>.btn.dropdown-toggle-split:first-child,.btn-group>.btn-group:not(:last-child)>.btn{border-top-right-radius:0;border-bottom-right-radius:0}.btn-group>.btn:nth-child(n+3),.btn-group>:not(.btn-check)+.btn,.btn-group>.btn-group:not(:first-child)>.btn{border-top-left-radius:0;border-bottom-left-radius:0}.dropdown-toggle-split{padding-right:.5625rem;padding-left:.5625rem}.dropdown-toggle-split:after,.dropup .dropdown-toggle-split:after,.dropend .dropdown-toggle-split:after{margin-left:0}.dropstart .dropdown-toggle-split:before{margin-right:0}.btn-sm+.dropdown-toggle-split,.btn-group-sm>.btn+.dropdown-toggle-split{padding-right:.375rem;padding-left:.375rem}.btn-lg+.dropdown-toggle-split,.btn-group-lg>.btn+.dropdown-toggle-split{padding-right:.75rem;padding-left:.75rem}.btn-group-vertical{flex-direction:column;align-items:flex-start;justify-content:center}.btn-group-vertical>.btn,.btn-group-vertical>.btn-group{width:100%}.btn-group-vertical>.btn:not(:first-child),.btn-group-vertical>.btn-group:not(:first-child){margin-top:calc(-1 * var(--bs-border-width))}.btn-group-vertical>.btn:not(:last-child):not(.dropdown-toggle),.btn-group-vertical>.btn-group:not(:last-child)>.btn{border-bottom-right-radius:0;border-bottom-left-radius:0}.btn-group-vertical>.btn:nth-child(n+3),.btn-group-vertical>:not(.btn-check)+.btn,.btn-group-vertical>.btn-group:not(:first-child)>.btn{border-top-left-radius:0;border-top-right-radius:0}.nav{--bs-nav-link-padding-x: 1rem;--bs-nav-link-padding-y: .5rem;--bs-nav-link-font-weight: ;--bs-nav-link-color: var(--bs-link-color);--bs-nav-link-hover-color: var(--bs-link-hover-color);--bs-nav-link-disabled-color: var(--bs-secondary-color);display:flex;flex-wrap:wrap;padding-left:0;margin-bottom:0;list-style:none}.nav-link{display:block;padding:var(--bs-nav-link-padding-y) var(--bs-nav-link-padding-x);font-size:var(--bs-nav-link-font-size);font-weight:var(--bs-nav-link-font-weight);color:var(--bs-nav-link-color);text-decoration:none;background:none;border:0;transition:color .15s ease-in-out,background-color .15s ease-in-out,border-color .15s ease-in-out}@media (prefers-reduced-motion: reduce){.nav-link{transition:none}}.nav-link:hover,.nav-link:focus{color:var(--bs-nav-link-hover-color)}.nav-link:focus-visible{outline:0;box-shadow:0 0 0 .25rem #0d6efd40}.nav-link.disabled,.nav-link:disabled{color:var(--bs-nav-link-disabled-color);pointer-events:none;cursor:default}.nav-tabs{--bs-nav-tabs-border-width: var(--bs-border-width);--bs-nav-tabs-border-color: var(--bs-border-color);--bs-nav-tabs-border-radius: var(--bs-border-radius);--bs-nav-tabs-link-hover-border-color: var(--bs-secondary-bg) var(--bs-secondary-bg) var(--bs-border-color);--bs-nav-tabs-link-active-color: var(--bs-emphasis-color);--bs-nav-tabs-link-active-bg: var(--bs-body-bg);--bs-nav-tabs-link-active-border-color: var(--bs-border-color) var(--bs-border-color) var(--bs-body-bg);border-bottom:var(--bs-nav-tabs-border-width) solid var(--bs-nav-tabs-border-color)}.nav-tabs .nav-link{margin-bottom:calc(-1 * var(--bs-nav-tabs-border-width));border:var(--bs-nav-tabs-border-width) solid transparent;border-top-left-radius:var(--bs-nav-tabs-border-radius);border-top-right-radius:var(--bs-nav-tabs-border-radius)}.nav-tabs .nav-link:hover,.nav-tabs .nav-link:focus{isolation:isolate;border-color:var(--bs-nav-tabs-link-hover-border-color)}.nav-tabs .nav-link.active,.nav-tabs .nav-item.show .nav-link{color:var(--bs-nav-tabs-link-active-color);background-color:var(--bs-nav-tabs-link-active-bg);border-color:var(--bs-nav-tabs-link-active-border-color)}.nav-tabs .dropdown-menu{margin-top:calc(-1 * var(--bs-nav-tabs-border-width));border-top-left-radius:0;border-top-right-radius:0}.nav-pills{--bs-nav-pills-border-radius: var(--bs-border-radius);--bs-nav-pills-link-active-color: #fff;--bs-nav-pills-link-active-bg: #0d6efd}.nav-pills .nav-link{border-radius:var(--bs-nav-pills-border-radius)}.nav-pills .nav-link.active,.nav-pills .show>.nav-link{color:var(--bs-nav-pills-link-active-color);background-color:var(--bs-nav-pills-link-active-bg)}.nav-underline{--bs-nav-underline-gap: 1rem;--bs-nav-underline-border-width: .125rem;--bs-nav-underline-link-active-color: var(--bs-emphasis-color);gap:var(--bs-nav-underline-gap)}.nav-underline .nav-link{padding-right:0;padding-left:0;border-bottom:var(--bs-nav-underline-border-width) solid transparent}.nav-underline .nav-link:hover,.nav-underline .nav-link:focus{border-bottom-color:currentcolor}.nav-underline .nav-link.active,.nav-underline .show>.nav-link{font-weight:700;color:var(--bs-nav-underline-link-active-color);border-bottom-color:currentcolor}.nav-fill>.nav-link,.nav-fill .nav-item{flex:1 1 auto;text-align:center}.nav-justified>.nav-link,.nav-justified .nav-item{flex-grow:1;flex-basis:0;text-align:center}.nav-fill .nav-item .nav-link,.nav-justified .nav-item .nav-link{width:100%}.tab-content>.tab-pane{display:none}.tab-content>.active{display:block}.navbar{--bs-navbar-padding-x: 0;--bs-navbar-padding-y: .5rem;--bs-navbar-color: rgba(var(--bs-emphasis-color-rgb), .65);--bs-navbar-hover-color: rgba(var(--bs-emphasis-color-rgb), .8);--bs-navbar-disabled-color: rgba(var(--bs-emphasis-color-rgb), .3);--bs-navbar-active-color: rgba(var(--bs-emphasis-color-rgb), 1);--bs-navbar-brand-padding-y: .3125rem;--bs-navbar-brand-margin-end: 1rem;--bs-navbar-brand-font-size: 1.25rem;--bs-navbar-brand-color: rgba(var(--bs-emphasis-color-rgb), 1);--bs-navbar-brand-hover-color: rgba(var(--bs-emphasis-color-rgb), 1);--bs-navbar-nav-link-padding-x: .5rem;--bs-navbar-toggler-padding-y: .25rem;--bs-navbar-toggler-padding-x: .75rem;--bs-navbar-toggler-font-size: 1.25rem;--bs-navbar-toggler-icon-bg: url("data:image/svg+xml,%3csvg xmlns='http://www.w3.org/2000/svg' viewBox='0 0 30 30'%3e%3cpath stroke='rgba%2833, 37, 41, 0.75%29' stroke-linecap='round' stroke-miterlimit='10' stroke-width='2' d='M4 7h22M4 15h22M4 23h22'/%3e%3c/svg%3e");--bs-navbar-toggler-border-color: rgba(var(--bs-emphasis-color-rgb), .15);--bs-navbar-toggler-border-radius: var(--bs-border-radius);--bs-navbar-toggler-focus-width: .25rem;--bs-navbar-toggler-transition: box-shadow .15s ease-in-out;position:relative;display:flex;flex-wrap:wrap;align-items:center;justify-content:space-between;padding:var(--bs-navbar-padding-y) var(--bs-navbar-padding-x)}.navbar>.container,.navbar>.container-fluid,.navbar>.container-sm,.navbar>.container-md,.navbar>.container-lg,.navbar>.container-xl,.navbar>.container-xxl{display:flex;flex-wrap:inherit;align-items:center;justify-content:space-between}.navbar-brand{padding-top:var(--bs-navbar-brand-padding-y);padding-bottom:var(--bs-navbar-brand-padding-y);margin-right:var(--bs-navbar-brand-margin-end);font-size:var(--bs-navbar-brand-font-size);color:var(--bs-navbar-brand-color);text-decoration:none;white-space:nowrap}.navbar-brand:hover,.navbar-brand:focus{color:var(--bs-navbar-brand-hover-color)}.navbar-nav{--bs-nav-link-padding-x: 0;--bs-nav-link-padding-y: .5rem;--bs-nav-link-font-weight: ;--bs-nav-link-color: var(--bs-navbar-color);--bs-nav-link-hover-color: var(--bs-navbar-hover-color);--bs-nav-link-disabled-color: var(--bs-navbar-disabled-color);display:flex;flex-direction:column;padding-left:0;margin-bottom:0;list-style:none}.navbar-nav .nav-link.active,.navbar-nav .nav-link.show{color:var(--bs-navbar-active-color)}.navbar-nav .dropdown-menu{position:static}.navbar-text{padding-top:.5rem;padding-bottom:.5rem;color:var(--bs-navbar-color)}.navbar-text a,.navbar-text a:hover,.navbar-text a:focus{color:var(--bs-navbar-active-color)}.navbar-collapse{flex-grow:1;flex-basis:100%;align-items:center}.navbar-toggler{padding:var(--bs-navbar-toggler-padding-y) var(--bs-navbar-toggler-padding-x);font-size:var(--bs-navbar-toggler-font-size);line-height:1;color:var(--bs-navbar-color);background-color:transparent;border:var(--bs-border-width) solid var(--bs-navbar-toggler-border-color);border-radius:var(--bs-navbar-toggler-border-radius);transition:var(--bs-navbar-toggler-transition)}@media (prefers-reduced-motion: reduce){.navbar-toggler{transition:none}}.navbar-toggler:hover{text-decoration:none}.navbar-toggler:focus{text-decoration:none;outline:0;box-shadow:0 0 0 var(--bs-navbar-toggler-focus-width)}.navbar-toggler-icon{display:inline-block;width:1.5em;height:1.5em;vertical-align:middle;background-image:var(--bs-navbar-toggler-icon-bg);background-repeat:no-repeat;background-position:center;background-size:100%}.navbar-nav-scroll{max-height:var(--bs-scroll-height, 75vh);overflow-y:auto}@media (min-width: 576px){.navbar-expand-sm{flex-wrap:nowrap;justify-content:flex-start}.navbar-expand-sm .navbar-nav{flex-direction:row}.navbar-expand-sm .navbar-nav .dropdown-menu{position:absolute}.navbar-expand-sm .navbar-nav .nav-link{padding-right:var(--bs-navbar-nav-link-padding-x);padding-left:var(--bs-navbar-nav-link-padding-x)}.navbar-expand-sm .navbar-nav-scroll{overflow:visible}.navbar-expand-sm .navbar-collapse{display:flex!important;flex-basis:auto}.navbar-expand-sm .navbar-toggler{display:none}.navbar-expand-sm .offcanvas{position:static;z-index:auto;flex-grow:1;width:auto!important;height:auto!important;visibility:visible!important;background-color:transparent!important;border:0!important;transform:none!important;transition:none}.navbar-expand-sm .offcanvas .offcanvas-header{display:none}.navbar-expand-sm .offcanvas .offcanvas-body{display:flex;flex-grow:0;padding:0;overflow-y:visible}}@media (min-width: 768px){.navbar-expand-md{flex-wrap:nowrap;justify-content:flex-start}.navbar-expand-md .navbar-nav{flex-direction:row}.navbar-expand-md .navbar-nav .dropdown-menu{position:absolute}.navbar-expand-md .navbar-nav .nav-link{padding-right:var(--bs-navbar-nav-link-padding-x);padding-left:var(--bs-navbar-nav-link-padding-x)}.navbar-expand-md .navbar-nav-scroll{overflow:visible}.navbar-expand-md .navbar-collapse{display:flex!important;flex-basis:auto}.navbar-expand-md .navbar-toggler{display:none}.navbar-expand-md .offcanvas{position:static;z-index:auto;flex-grow:1;width:auto!important;height:auto!important;visibility:visible!important;background-color:transparent!important;border:0!important;transform:none!important;transition:none}.navbar-expand-md .offcanvas .offcanvas-header{display:none}.navbar-expand-md .offcanvas .offcanvas-body{display:flex;flex-grow:0;padding:0;overflow-y:visible}}@media (min-width: 992px){.navbar-expand-lg{flex-wrap:nowrap;justify-content:flex-start}.navbar-expand-lg .navbar-nav{flex-direction:row}.navbar-expand-lg .navbar-nav .dropdown-menu{position:absolute}.navbar-expand-lg .navbar-nav .nav-link{padding-right:var(--bs-navbar-nav-link-padding-x);padding-left:var(--bs-navbar-nav-link-padding-x)}.navbar-expand-lg .navbar-nav-scroll{overflow:visible}.navbar-expand-lg .navbar-collapse{display:flex!important;flex-basis:auto}.navbar-expand-lg .navbar-toggler{display:none}.navbar-expand-lg .offcanvas{position:static;z-index:auto;flex-grow:1;width:auto!important;height:auto!important;visibility:visible!important;background-color:transparent!important;border:0!important;transform:none!important;transition:none}.navbar-expand-lg .offcanvas .offcanvas-header{display:none}.navbar-expand-lg .offcanvas .offcanvas-body{display:flex;flex-grow:0;padding:0;overflow-y:visible}}@media (min-width: 1200px){.navbar-expand-xl{flex-wrap:nowrap;justify-content:flex-start}.navbar-expand-xl .navbar-nav{flex-direction:row}.navbar-expand-xl .navbar-nav .dropdown-menu{position:absolute}.navbar-expand-xl .navbar-nav .nav-link{padding-right:var(--bs-navbar-nav-link-padding-x);padding-left:var(--bs-navbar-nav-link-padding-x)}.navbar-expand-xl .navbar-nav-scroll{overflow:visible}.navbar-expand-xl .navbar-collapse{display:flex!important;flex-basis:auto}.navbar-expand-xl .navbar-toggler{display:none}.navbar-expand-xl .offcanvas{position:static;z-index:auto;flex-grow:1;width:auto!important;height:auto!important;visibility:visible!important;background-color:transparent!important;border:0!important;transform:none!important;transition:none}.navbar-expand-xl .offcanvas .offcanvas-header{display:none}.navbar-expand-xl .offcanvas .offcanvas-body{display:flex;flex-grow:0;padding:0;overflow-y:visible}}@media (min-width: 1400px){.navbar-expand-xxl{flex-wrap:nowrap;justify-content:flex-start}.navbar-expand-xxl .navbar-nav{flex-direction:row}.navbar-expand-xxl .navbar-nav .dropdown-menu{position:absolute}.navbar-expand-xxl .navbar-nav .nav-link{padding-right:var(--bs-navbar-nav-link-padding-x);padding-left:var(--bs-navbar-nav-link-padding-x)}.navbar-expand-xxl .navbar-nav-scroll{overflow:visible}.navbar-expand-xxl .navbar-collapse{display:flex!important;flex-basis:auto}.navbar-expand-xxl .navbar-toggler{display:none}.navbar-expand-xxl .offcanvas{position:static;z-index:auto;flex-grow:1;width:auto!important;height:auto!important;visibility:visible!important;background-color:transparent!important;border:0!important;transform:none!important;transition:none}.navbar-expand-xxl .offcanvas .offcanvas-header{display:none}.navbar-expand-xxl .offcanvas .offcanvas-body{display:flex;flex-grow:0;padding:0;overflow-y:visible}}.navbar-expand{flex-wrap:nowrap;justify-content:flex-start}.navbar-expand .navbar-nav{flex-direction:row}.navbar-expand .navbar-nav .dropdown-menu{position:absolute}.navbar-expand .navbar-nav .nav-link{padding-right:var(--bs-navbar-nav-link-padding-x);padding-left:var(--bs-navbar-nav-link-padding-x)}.navbar-expand .navbar-nav-scroll{overflow:visible}.navbar-expand .navbar-collapse{display:flex!important;flex-basis:auto}.navbar-expand .navbar-toggler{display:none}.navbar-expand .offcanvas{position:static;z-index:auto;flex-grow:1;width:auto!important;height:auto!important;visibility:visible!important;background-color:transparent!important;border:0!important;transform:none!important;transition:none}.navbar-expand .offcanvas .offcanvas-header{display:none}.navbar-expand .offcanvas .offcanvas-body{display:flex;flex-grow:0;padding:0;overflow-y:visible}.navbar-dark,.navbar[data-bs-theme=dark]{--bs-navbar-color: rgba(255, 255, 255, .55);--bs-navbar-hover-color: rgba(255, 255, 255, .75);--bs-navbar-disabled-color: rgba(255, 255, 255, .25);--bs-navbar-active-color: #fff;--bs-navbar-brand-color: #fff;--bs-navbar-brand-hover-color: #fff;--bs-navbar-toggler-border-color: rgba(255, 255, 255, .1);--bs-navbar-toggler-icon-bg: url("data:image/svg+xml,%3csvg xmlns='http://www.w3.org/2000/svg' viewBox='0 0 30 30'%3e%3cpath stroke='rgba%28255, 255, 255, 0.55%29' stroke-linecap='round' stroke-miterlimit='10' stroke-width='2' d='M4 7h22M4 15h22M4 23h22'/%3e%3c/svg%3e")}[data-bs-theme=dark] .navbar-toggler-icon{--bs-navbar-toggler-icon-bg: url("data:image/svg+xml,%3csvg xmlns='http://www.w3.org/2000/svg' viewBox='0 0 30 30'%3e%3cpath stroke='rgba%28255, 255, 255, 0.55%29' stroke-linecap='round' stroke-miterlimit='10' stroke-width='2' d='M4 7h22M4 15h22M4 23h22'/%3e%3c/svg%3e")}.card{--bs-card-spacer-y: 1rem;--bs-card-spacer-x: 1rem;--bs-card-title-spacer-y: .5rem;--bs-card-title-color: ;--bs-card-subtitle-color: ;--bs-card-border-width: var(--bs-border-width);--bs-card-border-color: var(--bs-border-color-translucent);--bs-card-border-radius: var(--bs-border-radius);--bs-card-box-shadow: ;--bs-card-inner-border-radius: calc(var(--bs-border-radius) - (var(--bs-border-width)));--bs-card-cap-padding-y: .5rem;--bs-card-cap-padding-x: 1rem;--bs-card-cap-bg: rgba(var(--bs-body-color-rgb), .03);--bs-card-cap-color: ;--bs-card-height: ;--bs-card-color: ;--bs-card-bg: var(--bs-body-bg);--bs-card-img-overlay-padding: 1rem;--bs-card-group-margin: .75rem;position:relative;display:flex;flex-direction:column;min-width:0;height:var(--bs-card-height);color:var(--bs-body-color);word-wrap:break-word;background-color:var(--bs-card-bg);background-clip:border-box;border:var(--bs-card-border-width) solid var(--bs-card-border-color);border-radius:var(--bs-card-border-radius)}.card>hr{margin-right:0;margin-left:0}.card>.list-group{border-top:inherit;border-bottom:inherit}.card>.list-group:first-child{border-top-width:0;border-top-left-radius:var(--bs-card-inner-border-radius);border-top-right-radius:var(--bs-card-inner-border-radius)}.card>.list-group:last-child{border-bottom-width:0;border-bottom-right-radius:var(--bs-card-inner-border-radius);border-bottom-left-radius:var(--bs-card-inner-border-radius)}.card>.card-header+.list-group,.card>.list-group+.card-footer{border-top:0}.card-body{flex:1 1 auto;padding:var(--bs-card-spacer-y) var(--bs-card-spacer-x);color:var(--bs-card-color)}.card-title{margin-bottom:var(--bs-card-title-spacer-y);color:var(--bs-card-title-color)}.card-subtitle{margin-top:calc(-.5 * var(--bs-card-title-spacer-y));margin-bottom:0;color:var(--bs-card-subtitle-color)}.card-text:last-child{margin-bottom:0}.card-link+.card-link{margin-left:var(--bs-card-spacer-x)}.card-header{padding:var(--bs-card-cap-padding-y) var(--bs-card-cap-padding-x);margin-bottom:0;color:var(--bs-card-cap-color);background-color:var(--bs-card-cap-bg);border-bottom:var(--bs-card-border-width) solid var(--bs-card-border-color)}.card-header:first-child{border-radius:var(--bs-card-inner-border-radius) var(--bs-card-inner-border-radius) 0 0}.card-footer{padding:var(--bs-card-cap-padding-y) var(--bs-card-cap-padding-x);color:var(--bs-card-cap-color);background-color:var(--bs-card-cap-bg);border-top:var(--bs-card-border-width) solid var(--bs-card-border-color)}.card-footer:last-child{border-radius:0 0 var(--bs-card-inner-border-radius) var(--bs-card-inner-border-radius)}.card-header-tabs{margin-right:calc(-.5 * var(--bs-card-cap-padding-x));margin-bottom:calc(-1 * var(--bs-card-cap-padding-y));margin-left:calc(-.5 * var(--bs-card-cap-padding-x));border-bottom:0}.card-header-tabs .nav-link.active{background-color:var(--bs-card-bg);border-bottom-color:var(--bs-card-bg)}.card-header-pills{margin-right:calc(-.5 * var(--bs-card-cap-padding-x));margin-left:calc(-.5 * var(--bs-card-cap-padding-x))}.card-img-overlay{position:absolute;inset:0;padding:var(--bs-card-img-overlay-padding);border-radius:var(--bs-card-inner-border-radius)}.card-img,.card-img-top,.card-img-bottom{width:100%}.card-img,.card-img-top{border-top-left-radius:var(--bs-card-inner-border-radius);border-top-right-radius:var(--bs-card-inner-border-radius)}.card-img,.card-img-bottom{border-bottom-right-radius:var(--bs-card-inner-border-radius);border-bottom-left-radius:var(--bs-card-inner-border-radius)}.card-group>.card{margin-bottom:var(--bs-card-group-margin)}@media (min-width: 576px){.card-group{display:flex;flex-flow:row wrap}.card-group>.card{flex:1 0 0;margin-bottom:0}.card-group>.card+.card{margin-left:0;border-left:0}.card-group>.card:not(:last-child){border-top-right-radius:0;border-bottom-right-radius:0}.card-group>.card:not(:last-child)>.card-img-top,.card-group>.card:not(:last-child)>.card-header{border-top-right-radius:0}.card-group>.card:not(:last-child)>.card-img-bottom,.card-group>.card:not(:last-child)>.card-footer{border-bottom-right-radius:0}.card-group>.card:not(:first-child){border-top-left-radius:0;border-bottom-left-radius:0}.card-group>.card:not(:first-child)>.card-img-top,.card-group>.card:not(:first-child)>.card-header{border-top-left-radius:0}.card-group>.card:not(:first-child)>.card-img-bottom,.card-group>.card:not(:first-child)>.card-footer{border-bottom-left-radius:0}}.accordion{--bs-accordion-color: var(--bs-body-color);--bs-accordion-bg: var(--bs-body-bg);--bs-accordion-transition: color .15s ease-in-out, background-color .15s ease-in-out, border-color .15s ease-in-out, box-shadow .15s ease-in-out, border-radius .15s ease;--bs-accordion-border-color: var(--bs-border-color);--bs-accordion-border-width: var(--bs-border-width);--bs-accordion-border-radius: var(--bs-border-radius);--bs-accordion-inner-border-radius: calc(var(--bs-border-radius) - (var(--bs-border-width)));--bs-accordion-btn-padding-x: 1.25rem;--bs-accordion-btn-padding-y: 1rem;--bs-accordion-btn-color: var(--bs-body-color);--bs-accordion-btn-bg: var(--bs-accordion-bg);--bs-accordion-btn-icon: url("data:image/svg+xml,%3csvg xmlns='http://www.w3.org/2000/svg' viewBox='0 0 16 16' fill='none' stroke='%23212529' stroke-linecap='round' stroke-linejoin='round'%3e%3cpath d='m2 5 6 6 6-6'/%3e%3c/svg%3e");--bs-accordion-btn-icon-width: 1.25rem;--bs-accordion-btn-icon-transform: rotate(-180deg);--bs-accordion-btn-icon-transition: transform .2s ease-in-out;--bs-accordion-btn-active-icon: url("data:image/svg+xml,%3csvg xmlns='http://www.w3.org/2000/svg' viewBox='0 0 16 16' fill='none' stroke='%23052c65' stroke-linecap='round' stroke-linejoin='round'%3e%3cpath d='m2 5 6 6 6-6'/%3e%3c/svg%3e");--bs-accordion-btn-focus-box-shadow: 0 0 0 .25rem rgba(13, 110, 253, .25);--bs-accordion-body-padding-x: 1.25rem;--bs-accordion-body-padding-y: 1rem;--bs-accordion-active-color: var(--bs-primary-text-emphasis);--bs-accordion-active-bg: var(--bs-primary-bg-subtle)}.accordion-button{position:relative;display:flex;align-items:center;width:100%;padding:var(--bs-accordion-btn-padding-y) var(--bs-accordion-btn-padding-x);font-size:1rem;color:var(--bs-accordion-btn-color);text-align:left;background-color:var(--bs-accordion-btn-bg);border:0;border-radius:0;overflow-anchor:none;transition:var(--bs-accordion-transition)}@media (prefers-reduced-motion: reduce){.accordion-button{transition:none}}.accordion-button:not(.collapsed){color:var(--bs-accordion-active-color);background-color:var(--bs-accordion-active-bg);box-shadow:inset 0 calc(-1 * var(--bs-accordion-border-width)) 0 var(--bs-accordion-border-color)}.accordion-button:not(.collapsed):after{background-image:var(--bs-accordion-btn-active-icon);transform:var(--bs-accordion-btn-icon-transform)}.accordion-button:after{flex-shrink:0;width:var(--bs-accordion-btn-icon-width);height:var(--bs-accordion-btn-icon-width);margin-left:auto;content:"";background-image:var(--bs-accordion-btn-icon);background-repeat:no-repeat;background-size:var(--bs-accordion-btn-icon-width);transition:var(--bs-accordion-btn-icon-transition)}@media (prefers-reduced-motion: reduce){.accordion-button:after{transition:none}}.accordion-button:hover{z-index:2}.accordion-button:focus{z-index:3;outline:0;box-shadow:var(--bs-accordion-btn-focus-box-shadow)}.accordion-header{margin-bottom:0}.accordion-item{color:var(--bs-accordion-color);background-color:var(--bs-accordion-bg);border:var(--bs-accordion-border-width) solid var(--bs-accordion-border-color)}.accordion-item:first-of-type{border-top-left-radius:var(--bs-accordion-border-radius);border-top-right-radius:var(--bs-accordion-border-radius)}.accordion-item:first-of-type>.accordion-header .accordion-button{border-top-left-radius:var(--bs-accordion-inner-border-radius);border-top-right-radius:var(--bs-accordion-inner-border-radius)}.accordion-item:not(:first-of-type){border-top:0}.accordion-item:last-of-type{border-bottom-right-radius:var(--bs-accordion-border-radius);border-bottom-left-radius:var(--bs-accordion-border-radius)}.accordion-item:last-of-type>.accordion-header .accordion-button.collapsed{border-bottom-right-radius:var(--bs-accordion-inner-border-radius);border-bottom-left-radius:var(--bs-accordion-inner-border-radius)}.accordion-item:last-of-type>.accordion-collapse{border-bottom-right-radius:var(--bs-accordion-border-radius);border-bottom-left-radius:var(--bs-accordion-border-radius)}.accordion-body{padding:var(--bs-accordion-body-padding-y) var(--bs-accordion-body-padding-x)}.accordion-flush>.accordion-item{border-right:0;border-left:0;border-radius:0}.accordion-flush>.accordion-item:first-child{border-top:0}.accordion-flush>.accordion-item:last-child{border-bottom:0}.accordion-flush>.accordion-item>.accordion-collapse,.accordion-flush>.accordion-item>.accordion-header .accordion-button,.accordion-flush>.accordion-item>.accordion-header .accordion-button.collapsed{border-radius:0}[data-bs-theme=dark] .accordion-button:after{--bs-accordion-btn-icon: url("data:image/svg+xml,%3csvg xmlns='http://www.w3.org/2000/svg' viewBox='0 0 16 16' fill='%236ea8fe'%3e%3cpath fill-rule='evenodd' d='M1.646 4.646a.5.5 0 0 1 .708 0L8 10.293l5.646-5.647a.5.5 0 0 1 .708.708l-6 6a.5.5 0 0 1-.708 0l-6-6a.5.5 0 0 1 0-.708'/%3e%3c/svg%3e");--bs-accordion-btn-active-icon: url("data:image/svg+xml,%3csvg xmlns='http://www.w3.org/2000/svg' viewBox='0 0 16 16' fill='%236ea8fe'%3e%3cpath fill-rule='evenodd' d='M1.646 4.646a.5.5 0 0 1 .708 0L8 10.293l5.646-5.647a.5.5 0 0 1 .708.708l-6 6a.5.5 0 0 1-.708 0l-6-6a.5.5 0 0 1 0-.708'/%3e%3c/svg%3e")}.breadcrumb{--bs-breadcrumb-padding-x: 0;--bs-breadcrumb-padding-y: 0;--bs-breadcrumb-margin-bottom: 1rem;--bs-breadcrumb-bg: ;--bs-breadcrumb-border-radius: ;--bs-breadcrumb-divider-color: var(--bs-secondary-color);--bs-breadcrumb-item-padding-x: .5rem;--bs-breadcrumb-item-active-color: var(--bs-secondary-color);display:flex;flex-wrap:wrap;padding:var(--bs-breadcrumb-padding-y) var(--bs-breadcrumb-padding-x);margin-bottom:var(--bs-breadcrumb-margin-bottom);font-size:var(--bs-breadcrumb-font-size);list-style:none;background-color:var(--bs-breadcrumb-bg);border-radius:var(--bs-breadcrumb-border-radius)}.breadcrumb-item+.breadcrumb-item{padding-left:var(--bs-breadcrumb-item-padding-x)}.breadcrumb-item+.breadcrumb-item:before{float:left;padding-right:var(--bs-breadcrumb-item-padding-x);color:var(--bs-breadcrumb-divider-color);content:var(--bs-breadcrumb-divider, "/")}.breadcrumb-item.active{color:var(--bs-breadcrumb-item-active-color)}.pagination{--bs-pagination-padding-x: .75rem;--bs-pagination-padding-y: .375rem;--bs-pagination-font-size: 1rem;--bs-pagination-color: var(--bs-link-color);--bs-pagination-bg: var(--bs-body-bg);--bs-pagination-border-width: var(--bs-border-width);--bs-pagination-border-color: var(--bs-border-color);--bs-pagination-border-radius: var(--bs-border-radius);--bs-pagination-hover-color: var(--bs-link-hover-color);--bs-pagination-hover-bg: var(--bs-tertiary-bg);--bs-pagination-hover-border-color: var(--bs-border-color);--bs-pagination-focus-color: var(--bs-link-hover-color);--bs-pagination-focus-bg: var(--bs-secondary-bg);--bs-pagination-focus-box-shadow: 0 0 0 .25rem rgba(13, 110, 253, .25);--bs-pagination-active-color: #fff;--bs-pagination-active-bg: #0d6efd;--bs-pagination-active-border-color: #0d6efd;--bs-pagination-disabled-color: var(--bs-secondary-color);--bs-pagination-disabled-bg: var(--bs-secondary-bg);--bs-pagination-disabled-border-color: var(--bs-border-color);display:flex;padding-left:0;list-style:none}.page-link{position:relative;display:block;padding:var(--bs-pagination-padding-y) var(--bs-pagination-padding-x);font-size:var(--bs-pagination-font-size);color:var(--bs-pagination-color);text-decoration:none;background-color:var(--bs-pagination-bg);border:var(--bs-pagination-border-width) solid var(--bs-pagination-border-color);transition:color .15s ease-in-out,background-color .15s ease-in-out,border-color .15s ease-in-out,box-shadow .15s ease-in-out}@media (prefers-reduced-motion: reduce){.page-link{transition:none}}.page-link:hover{z-index:2;color:var(--bs-pagination-hover-color);background-color:var(--bs-pagination-hover-bg);border-color:var(--bs-pagination-hover-border-color)}.page-link:focus{z-index:3;color:var(--bs-pagination-focus-color);background-color:var(--bs-pagination-focus-bg);outline:0;box-shadow:var(--bs-pagination-focus-box-shadow)}.page-link.active,.active>.page-link{z-index:3;color:var(--bs-pagination-active-color);background-color:var(--bs-pagination-active-bg);border-color:var(--bs-pagination-active-border-color)}.page-link.disabled,.disabled>.page-link{color:var(--bs-pagination-disabled-color);pointer-events:none;background-color:var(--bs-pagination-disabled-bg);border-color:var(--bs-pagination-disabled-border-color)}.page-item:not(:first-child) .page-link{margin-left:calc(-1 * var(--bs-border-width))}.page-item:first-child .page-link{border-top-left-radius:var(--bs-pagination-border-radius);border-bottom-left-radius:var(--bs-pagination-border-radius)}.page-item:last-child .page-link{border-top-right-radius:var(--bs-pagination-border-radius);border-bottom-right-radius:var(--bs-pagination-border-radius)}.pagination-lg{--bs-pagination-padding-x: 1.5rem;--bs-pagination-padding-y: .75rem;--bs-pagination-font-size: 1.25rem;--bs-pagination-border-radius: var(--bs-border-radius-lg)}.pagination-sm{--bs-pagination-padding-x: .5rem;--bs-pagination-padding-y: .25rem;--bs-pagination-font-size: .875rem;--bs-pagination-border-radius: var(--bs-border-radius-sm)}.badge{--bs-badge-padding-x: .65em;--bs-badge-padding-y: .35em;--bs-badge-font-size: .75em;--bs-badge-font-weight: 700;--bs-badge-color: #fff;--bs-badge-border-radius: var(--bs-border-radius);display:inline-block;padding:var(--bs-badge-padding-y) var(--bs-badge-padding-x);font-size:var(--bs-badge-font-size);font-weight:var(--bs-badge-font-weight);line-height:1;color:var(--bs-badge-color);text-align:center;white-space:nowrap;vertical-align:baseline;border-radius:var(--bs-badge-border-radius)}.badge:empty{display:none}.btn .badge{position:relative;top:-1px}.alert{--bs-alert-bg: transparent;--bs-alert-padding-x: 1rem;--bs-alert-padding-y: 1rem;--bs-alert-margin-bottom: 1rem;--bs-alert-color: inherit;--bs-alert-border-color: transparent;--bs-alert-border: var(--bs-border-width) solid var(--bs-alert-border-color);--bs-alert-border-radius: var(--bs-border-radius);--bs-alert-link-color: inherit;position:relative;padding:var(--bs-alert-padding-y) var(--bs-alert-padding-x);margin-bottom:var(--bs-alert-margin-bottom);color:var(--bs-alert-color);background-color:var(--bs-alert-bg);border:var(--bs-alert-border);border-radius:var(--bs-alert-border-radius)}.alert-heading{color:inherit}.alert-link{font-weight:700;color:var(--bs-alert-link-color)}.alert-dismissible{padding-right:3rem}.alert-dismissible .btn-close{position:absolute;top:0;right:0;z-index:2;padding:1.25rem 1rem}.alert-primary{--bs-alert-color: var(--bs-primary-text-emphasis);--bs-alert-bg: var(--bs-primary-bg-subtle);--bs-alert-border-color: var(--bs-primary-border-subtle);--bs-alert-link-color: var(--bs-primary-text-emphasis)}.alert-secondary{--bs-alert-color: var(--bs-secondary-text-emphasis);--bs-alert-bg: var(--bs-secondary-bg-subtle);--bs-alert-border-color: var(--bs-secondary-border-subtle);--bs-alert-link-color: var(--bs-secondary-text-emphasis)}.alert-success{--bs-alert-color: var(--bs-success-text-emphasis);--bs-alert-bg: var(--bs-success-bg-subtle);--bs-alert-border-color: var(--bs-success-border-subtle);--bs-alert-link-color: var(--bs-success-text-emphasis)}.alert-info{--bs-alert-color: var(--bs-info-text-emphasis);--bs-alert-bg: var(--bs-info-bg-subtle);--bs-alert-border-color: var(--bs-info-border-subtle);--bs-alert-link-color: var(--bs-info-text-emphasis)}.alert-warning{--bs-alert-color: var(--bs-warning-text-emphasis);--bs-alert-bg: var(--bs-warning-bg-subtle);--bs-alert-border-color: var(--bs-warning-border-subtle);--bs-alert-link-color: var(--bs-warning-text-emphasis)}.alert-danger{--bs-alert-color: var(--bs-danger-text-emphasis);--bs-alert-bg: var(--bs-danger-bg-subtle);--bs-alert-border-color: var(--bs-danger-border-subtle);--bs-alert-link-color: var(--bs-danger-text-emphasis)}.alert-light{--bs-alert-color: var(--bs-light-text-emphasis);--bs-alert-bg: var(--bs-light-bg-subtle);--bs-alert-border-color: var(--bs-light-border-subtle);--bs-alert-link-color: var(--bs-light-text-emphasis)}.alert-dark{--bs-alert-color: var(--bs-dark-text-emphasis);--bs-alert-bg: var(--bs-dark-bg-subtle);--bs-alert-border-color: var(--bs-dark-border-subtle);--bs-alert-link-color: var(--bs-dark-text-emphasis)}@keyframes progress-bar-stripes{0%{background-position-x:var(--bs-progress-height)}}.progress,.progress-stacked{--bs-progress-height: 1rem;--bs-progress-font-size: .75rem;--bs-progress-bg: var(--bs-secondary-bg);--bs-progress-border-radius: var(--bs-border-radius);--bs-progress-box-shadow: var(--bs-box-shadow-inset);--bs-progress-bar-color: #fff;--bs-progress-bar-bg: #0d6efd;--bs-progress-bar-transition: width .6s ease;display:flex;height:var(--bs-progress-height);overflow:hidden;font-size:var(--bs-progress-font-size);background-color:var(--bs-progress-bg);border-radius:var(--bs-progress-border-radius)}.progress-bar{display:flex;flex-direction:column;justify-content:center;overflow:hidden;color:var(--bs-progress-bar-color);text-align:center;white-space:nowrap;background-color:var(--bs-progress-bar-bg);transition:var(--bs-progress-bar-transition)}@media (prefers-reduced-motion: reduce){.progress-bar{transition:none}}.progress-bar-striped{background-image:linear-gradient(45deg,rgba(255,255,255,.15) 25%,transparent 25%,transparent 50%,rgba(255,255,255,.15) 50%,rgba(255,255,255,.15) 75%,transparent 75%,transparent);background-size:var(--bs-progress-height) var(--bs-progress-height)}.progress-stacked>.progress{overflow:visible}.progress-stacked>.progress>.progress-bar{width:100%}.progress-bar-animated{animation:1s linear infinite progress-bar-stripes}@media (prefers-reduced-motion: reduce){.progress-bar-animated{animation:none}}.list-group{--bs-list-group-color: var(--bs-body-color);--bs-list-group-bg: var(--bs-body-bg);--bs-list-group-border-color: var(--bs-border-color);--bs-list-group-border-width: var(--bs-border-width);--bs-list-group-border-radius: var(--bs-border-radius);--bs-list-group-item-padding-x: 1rem;--bs-list-group-item-padding-y: .5rem;--bs-list-group-action-color: var(--bs-secondary-color);--bs-list-group-action-hover-color: var(--bs-emphasis-color);--bs-list-group-action-hover-bg: var(--bs-tertiary-bg);--bs-list-group-action-active-color: var(--bs-body-color);--bs-list-group-action-active-bg: var(--bs-secondary-bg);--bs-list-group-disabled-color: var(--bs-secondary-color);--bs-list-group-disabled-bg: var(--bs-body-bg);--bs-list-group-active-color: #fff;--bs-list-group-active-bg: #0d6efd;--bs-list-group-active-border-color: #0d6efd;display:flex;flex-direction:column;padding-left:0;margin-bottom:0;border-radius:var(--bs-list-group-border-radius)}.list-group-numbered{list-style-type:none;counter-reset:section}.list-group-numbered>.list-group-item:before{content:counters(section,".") ". ";counter-increment:section}.list-group-item{position:relative;display:block;padding:var(--bs-list-group-item-padding-y) var(--bs-list-group-item-padding-x);color:var(--bs-list-group-color);text-decoration:none;background-color:var(--bs-list-group-bg);border:var(--bs-list-group-border-width) solid var(--bs-list-group-border-color)}.list-group-item:first-child{border-top-left-radius:inherit;border-top-right-radius:inherit}.list-group-item:last-child{border-bottom-right-radius:inherit;border-bottom-left-radius:inherit}.list-group-item.disabled,.list-group-item:disabled{color:var(--bs-list-group-disabled-color);pointer-events:none;background-color:var(--bs-list-group-disabled-bg)}.list-group-item.active{z-index:2;color:var(--bs-list-group-active-color);background-color:var(--bs-list-group-active-bg);border-color:var(--bs-list-group-active-border-color)}.list-group-item+.list-group-item{border-top-width:0}.list-group-item+.list-group-item.active{margin-top:calc(-1 * var(--bs-list-group-border-width));border-top-width:var(--bs-list-group-border-width)}.list-group-item-action{width:100%;color:var(--bs-list-group-action-color);text-align:inherit}.list-group-item-action:not(.active):hover,.list-group-item-action:not(.active):focus{z-index:1;color:var(--bs-list-group-action-hover-color);text-decoration:none;background-color:var(--bs-list-group-action-hover-bg)}.list-group-item-action:not(.active):active{color:var(--bs-list-group-action-active-color);background-color:var(--bs-list-group-action-active-bg)}.list-group-horizontal{flex-direction:row}.list-group-horizontal>.list-group-item:first-child:not(:last-child){border-bottom-left-radius:var(--bs-list-group-border-radius);border-top-right-radius:0}.list-group-horizontal>.list-group-item:last-child:not(:first-child){border-top-right-radius:var(--bs-list-group-border-radius);border-bottom-left-radius:0}.list-group-horizontal>.list-group-item.active{margin-top:0}.list-group-horizontal>.list-group-item+.list-group-item{border-top-width:var(--bs-list-group-border-width);border-left-width:0}.list-group-horizontal>.list-group-item+.list-group-item.active{margin-left:calc(-1 * var(--bs-list-group-border-width));border-left-width:var(--bs-list-group-border-width)}@media (min-width: 576px){.list-group-horizontal-sm{flex-direction:row}.list-group-horizontal-sm>.list-group-item:first-child:not(:last-child){border-bottom-left-radius:var(--bs-list-group-border-radius);border-top-right-radius:0}.list-group-horizontal-sm>.list-group-item:last-child:not(:first-child){border-top-right-radius:var(--bs-list-group-border-radius);border-bottom-left-radius:0}.list-group-horizontal-sm>.list-group-item.active{margin-top:0}.list-group-horizontal-sm>.list-group-item+.list-group-item{border-top-width:var(--bs-list-group-border-width);border-left-width:0}.list-group-horizontal-sm>.list-group-item+.list-group-item.active{margin-left:calc(-1 * var(--bs-list-group-border-width));border-left-width:var(--bs-list-group-border-width)}}@media (min-width: 768px){.list-group-horizontal-md{flex-direction:row}.list-group-horizontal-md>.list-group-item:first-child:not(:last-child){border-bottom-left-radius:var(--bs-list-group-border-radius);border-top-right-radius:0}.list-group-horizontal-md>.list-group-item:last-child:not(:first-child){border-top-right-radius:var(--bs-list-group-border-radius);border-bottom-left-radius:0}.list-group-horizontal-md>.list-group-item.active{margin-top:0}.list-group-horizontal-md>.list-group-item+.list-group-item{border-top-width:var(--bs-list-group-border-width);border-left-width:0}.list-group-horizontal-md>.list-group-item+.list-group-item.active{margin-left:calc(-1 * var(--bs-list-group-border-width));border-left-width:var(--bs-list-group-border-width)}}@media (min-width: 992px){.list-group-horizontal-lg{flex-direction:row}.list-group-horizontal-lg>.list-group-item:first-child:not(:last-child){border-bottom-left-radius:var(--bs-list-group-border-radius);border-top-right-radius:0}.list-group-horizontal-lg>.list-group-item:last-child:not(:first-child){border-top-right-radius:var(--bs-list-group-border-radius);border-bottom-left-radius:0}.list-group-horizontal-lg>.list-group-item.active{margin-top:0}.list-group-horizontal-lg>.list-group-item+.list-group-item{border-top-width:var(--bs-list-group-border-width);border-left-width:0}.list-group-horizontal-lg>.list-group-item+.list-group-item.active{margin-left:calc(-1 * var(--bs-list-group-border-width));border-left-width:var(--bs-list-group-border-width)}}@media (min-width: 1200px){.list-group-horizontal-xl{flex-direction:row}.list-group-horizontal-xl>.list-group-item:first-child:not(:last-child){border-bottom-left-radius:var(--bs-list-group-border-radius);border-top-right-radius:0}.list-group-horizontal-xl>.list-group-item:last-child:not(:first-child){border-top-right-radius:var(--bs-list-group-border-radius);border-bottom-left-radius:0}.list-group-horizontal-xl>.list-group-item.active{margin-top:0}.list-group-horizontal-xl>.list-group-item+.list-group-item{border-top-width:var(--bs-list-group-border-width);border-left-width:0}.list-group-horizontal-xl>.list-group-item+.list-group-item.active{margin-left:calc(-1 * var(--bs-list-group-border-width));border-left-width:var(--bs-list-group-border-width)}}@media (min-width: 1400px){.list-group-horizontal-xxl{flex-direction:row}.list-group-horizontal-xxl>.list-group-item:first-child:not(:last-child){border-bottom-left-radius:var(--bs-list-group-border-radius);border-top-right-radius:0}.list-group-horizontal-xxl>.list-group-item:last-child:not(:first-child){border-top-right-radius:var(--bs-list-group-border-radius);border-bottom-left-radius:0}.list-group-horizontal-xxl>.list-group-item.active{margin-top:0}.list-group-horizontal-xxl>.list-group-item+.list-group-item{border-top-width:var(--bs-list-group-border-width);border-left-width:0}.list-group-horizontal-xxl>.list-group-item+.list-group-item.active{margin-left:calc(-1 * var(--bs-list-group-border-width));border-left-width:var(--bs-list-group-border-width)}}.list-group-flush{border-radius:0}.list-group-flush>.list-group-item{border-width:0 0 var(--bs-list-group-border-width)}.list-group-flush>.list-group-item:last-child{border-bottom-width:0}.list-group-item-primary{--bs-list-group-color: var(--bs-primary-text-emphasis);--bs-list-group-bg: var(--bs-primary-bg-subtle);--bs-list-group-border-color: var(--bs-primary-border-subtle);--bs-list-group-action-hover-color: var(--bs-emphasis-color);--bs-list-group-action-hover-bg: var(--bs-primary-border-subtle);--bs-list-group-action-active-color: var(--bs-emphasis-color);--bs-list-group-action-active-bg: var(--bs-primary-border-subtle);--bs-list-group-active-color: var(--bs-primary-bg-subtle);--bs-list-group-active-bg: var(--bs-primary-text-emphasis);--bs-list-group-active-border-color: var(--bs-primary-text-emphasis)}.list-group-item-secondary{--bs-list-group-color: var(--bs-secondary-text-emphasis);--bs-list-group-bg: var(--bs-secondary-bg-subtle);--bs-list-group-border-color: var(--bs-secondary-border-subtle);--bs-list-group-action-hover-color: var(--bs-emphasis-color);--bs-list-group-action-hover-bg: var(--bs-secondary-border-subtle);--bs-list-group-action-active-color: var(--bs-emphasis-color);--bs-list-group-action-active-bg: var(--bs-secondary-border-subtle);--bs-list-group-active-color: var(--bs-secondary-bg-subtle);--bs-list-group-active-bg: var(--bs-secondary-text-emphasis);--bs-list-group-active-border-color: var(--bs-secondary-text-emphasis)}.list-group-item-success{--bs-list-group-color: var(--bs-success-text-emphasis);--bs-list-group-bg: var(--bs-success-bg-subtle);--bs-list-group-border-color: var(--bs-success-border-subtle);--bs-list-group-action-hover-color: var(--bs-emphasis-color);--bs-list-group-action-hover-bg: var(--bs-success-border-subtle);--bs-list-group-action-active-color: var(--bs-emphasis-color);--bs-list-group-action-active-bg: var(--bs-success-border-subtle);--bs-list-group-active-color: var(--bs-success-bg-subtle);--bs-list-group-active-bg: var(--bs-success-text-emphasis);--bs-list-group-active-border-color: var(--bs-success-text-emphasis)}.list-group-item-info{--bs-list-group-color: var(--bs-info-text-emphasis);--bs-list-group-bg: var(--bs-info-bg-subtle);--bs-list-group-border-color: var(--bs-info-border-subtle);--bs-list-group-action-hover-color: var(--bs-emphasis-color);--bs-list-group-action-hover-bg: var(--bs-info-border-subtle);--bs-list-group-action-active-color: var(--bs-emphasis-color);--bs-list-group-action-active-bg: var(--bs-info-border-subtle);--bs-list-group-active-color: var(--bs-info-bg-subtle);--bs-list-group-active-bg: var(--bs-info-text-emphasis);--bs-list-group-active-border-color: var(--bs-info-text-emphasis)}.list-group-item-warning{--bs-list-group-color: var(--bs-warning-text-emphasis);--bs-list-group-bg: var(--bs-warning-bg-subtle);--bs-list-group-border-color: var(--bs-warning-border-subtle);--bs-list-group-action-hover-color: var(--bs-emphasis-color);--bs-list-group-action-hover-bg: var(--bs-warning-border-subtle);--bs-list-group-action-active-color: var(--bs-emphasis-color);--bs-list-group-action-active-bg: var(--bs-warning-border-subtle);--bs-list-group-active-color: var(--bs-warning-bg-subtle);--bs-list-group-active-bg: var(--bs-warning-text-emphasis);--bs-list-group-active-border-color: var(--bs-warning-text-emphasis)}.list-group-item-danger{--bs-list-group-color: var(--bs-danger-text-emphasis);--bs-list-group-bg: var(--bs-danger-bg-subtle);--bs-list-group-border-color: var(--bs-danger-border-subtle);--bs-list-group-action-hover-color: var(--bs-emphasis-color);--bs-list-group-action-hover-bg: var(--bs-danger-border-subtle);--bs-list-group-action-active-color: var(--bs-emphasis-color);--bs-list-group-action-active-bg: var(--bs-danger-border-subtle);--bs-list-group-active-color: var(--bs-danger-bg-subtle);--bs-list-group-active-bg: var(--bs-danger-text-emphasis);--bs-list-group-active-border-color: var(--bs-danger-text-emphasis)}.list-group-item-light{--bs-list-group-color: var(--bs-light-text-emphasis);--bs-list-group-bg: var(--bs-light-bg-subtle);--bs-list-group-border-color: var(--bs-light-border-subtle);--bs-list-group-action-hover-color: var(--bs-emphasis-color);--bs-list-group-action-hover-bg: var(--bs-light-border-subtle);--bs-list-group-action-active-color: var(--bs-emphasis-color);--bs-list-group-action-active-bg: var(--bs-light-border-subtle);--bs-list-group-active-color: var(--bs-light-bg-subtle);--bs-list-group-active-bg: var(--bs-light-text-emphasis);--bs-list-group-active-border-color: var(--bs-light-text-emphasis)}.list-group-item-dark{--bs-list-group-color: var(--bs-dark-text-emphasis);--bs-list-group-bg: var(--bs-dark-bg-subtle);--bs-list-group-border-color: var(--bs-dark-border-subtle);--bs-list-group-action-hover-color: var(--bs-emphasis-color);--bs-list-group-action-hover-bg: var(--bs-dark-border-subtle);--bs-list-group-action-active-color: var(--bs-emphasis-color);--bs-list-group-action-active-bg: var(--bs-dark-border-subtle);--bs-list-group-active-color: var(--bs-dark-bg-subtle);--bs-list-group-active-bg: var(--bs-dark-text-emphasis);--bs-list-group-active-border-color: var(--bs-dark-text-emphasis)}.btn-close{--bs-btn-close-color: #000;--bs-btn-close-bg: url("data:image/svg+xml,%3csvg xmlns='http://www.w3.org/2000/svg' viewBox='0 0 16 16' fill='%23000'%3e%3cpath d='M.293.293a1 1 0 0 1 1.414 0L8 6.586 14.293.293a1 1 0 1 1 1.414 1.414L9.414 8l6.293 6.293a1 1 0 0 1-1.414 1.414L8 9.414l-6.293 6.293a1 1 0 0 1-1.414-1.414L6.586 8 .293 1.707a1 1 0 0 1 0-1.414'/%3e%3c/svg%3e");--bs-btn-close-opacity: .5;--bs-btn-close-hover-opacity: .75;--bs-btn-close-focus-shadow: 0 0 0 .25rem rgba(13, 110, 253, .25);--bs-btn-close-focus-opacity: 1;--bs-btn-close-disabled-opacity: .25;box-sizing:content-box;width:1em;height:1em;padding:.25em;color:var(--bs-btn-close-color);background:transparent var(--bs-btn-close-bg) center/1em auto no-repeat;filter:var(--bs-btn-close-filter);border:0;border-radius:.375rem;opacity:var(--bs-btn-close-opacity)}.btn-close:hover{color:var(--bs-btn-close-color);text-decoration:none;opacity:var(--bs-btn-close-hover-opacity)}.btn-close:focus{outline:0;box-shadow:var(--bs-btn-close-focus-shadow);opacity:var(--bs-btn-close-focus-opacity)}.btn-close:disabled,.btn-close.disabled{pointer-events:none;-webkit-user-select:none;-moz-user-select:none;user-select:none;opacity:var(--bs-btn-close-disabled-opacity)}.btn-close-white{--bs-btn-close-filter: invert(1) grayscale(100%) brightness(200%)}:root,[data-bs-theme=light]{--bs-btn-close-filter: }[data-bs-theme=dark]{--bs-btn-close-filter: invert(1) grayscale(100%) brightness(200%)}.toast{--bs-toast-zindex: 1090;--bs-toast-padding-x: .75rem;--bs-toast-padding-y: .5rem;--bs-toast-spacing: 1.5rem;--bs-toast-max-width: 350px;--bs-toast-font-size: .875rem;--bs-toast-color: ;--bs-toast-bg: rgba(var(--bs-body-bg-rgb), .85);--bs-toast-border-width: var(--bs-border-width);--bs-toast-border-color: var(--bs-border-color-translucent);--bs-toast-border-radius: var(--bs-border-radius);--bs-toast-box-shadow: var(--bs-box-shadow);--bs-toast-header-color: var(--bs-secondary-color);--bs-toast-header-bg: rgba(var(--bs-body-bg-rgb), .85);--bs-toast-header-border-color: var(--bs-border-color-translucent);width:var(--bs-toast-max-width);max-width:100%;font-size:var(--bs-toast-font-size);color:var(--bs-toast-color);pointer-events:auto;background-color:var(--bs-toast-bg);background-clip:padding-box;border:var(--bs-toast-border-width) solid var(--bs-toast-border-color);box-shadow:var(--bs-toast-box-shadow);border-radius:var(--bs-toast-border-radius)}.toast.showing{opacity:0}.toast:not(.show){display:none}.toast-container{--bs-toast-zindex: 1090;position:absolute;z-index:var(--bs-toast-zindex);width:-webkit-max-content;width:-moz-max-content;width:max-content;max-width:100%;pointer-events:none}.toast-container>:not(:last-child){margin-bottom:var(--bs-toast-spacing)}.toast-header{display:flex;align-items:center;padding:var(--bs-toast-padding-y) var(--bs-toast-padding-x);color:var(--bs-toast-header-color);background-color:var(--bs-toast-header-bg);background-clip:padding-box;border-bottom:var(--bs-toast-border-width) solid var(--bs-toast-header-border-color);border-top-left-radius:calc(var(--bs-toast-border-radius) - var(--bs-toast-border-width));border-top-right-radius:calc(var(--bs-toast-border-radius) - var(--bs-toast-border-width))}.toast-header .btn-close{margin-right:calc(-.5 * var(--bs-toast-padding-x));margin-left:var(--bs-toast-padding-x)}.toast-body{padding:var(--bs-toast-padding-x);word-wrap:break-word}.modal{--bs-modal-zindex: 1055;--bs-modal-width: 500px;--bs-modal-padding: 1rem;--bs-modal-margin: .5rem;--bs-modal-color: var(--bs-body-color);--bs-modal-bg: var(--bs-body-bg);--bs-modal-border-color: var(--bs-border-color-translucent);--bs-modal-border-width: var(--bs-border-width);--bs-modal-border-radius: var(--bs-border-radius-lg);--bs-modal-box-shadow: var(--bs-box-shadow-sm);--bs-modal-inner-border-radius: calc(var(--bs-border-radius-lg) - (var(--bs-border-width)));--bs-modal-header-padding-x: 1rem;--bs-modal-header-padding-y: 1rem;--bs-modal-header-padding: 1rem 1rem;--bs-modal-header-border-color: var(--bs-border-color);--bs-modal-header-border-width: var(--bs-border-width);--bs-modal-title-line-height: 1.5;--bs-modal-footer-gap: .5rem;--bs-modal-footer-bg: ;--bs-modal-footer-border-color: var(--bs-border-color);--bs-modal-footer-border-width: var(--bs-border-width);position:fixed;top:0;left:0;z-index:var(--bs-modal-zindex);display:none;width:100%;height:100%;overflow-x:hidden;overflow-y:auto;outline:0}.modal-dialog{position:relative;width:auto;margin:var(--bs-modal-margin);pointer-events:none}.modal.fade .modal-dialog{transform:translateY(-50px);transition:transform .3s ease-out}@media (prefers-reduced-motion: reduce){.modal.fade .modal-dialog{transition:none}}.modal.show .modal-dialog{transform:none}.modal.modal-static .modal-dialog{transform:scale(1.02)}.modal-dialog-scrollable{height:calc(100% - var(--bs-modal-margin) * 2)}.modal-dialog-scrollable .modal-content{max-height:100%;overflow:hidden}.modal-dialog-scrollable .modal-body{overflow-y:auto}.modal-dialog-centered{display:flex;align-items:center;min-height:calc(100% - var(--bs-modal-margin) * 2)}.modal-content{position:relative;display:flex;flex-direction:column;width:100%;color:var(--bs-modal-color);pointer-events:auto;background-color:var(--bs-modal-bg);background-clip:padding-box;border:var(--bs-modal-border-width) solid var(--bs-modal-border-color);border-radius:var(--bs-modal-border-radius);outline:0}.modal-backdrop{--bs-backdrop-zindex: 1050;--bs-backdrop-bg: #000;--bs-backdrop-opacity: .5;position:fixed;top:0;left:0;z-index:var(--bs-backdrop-zindex);width:100vw;height:100vh;background-color:var(--bs-backdrop-bg)}.modal-backdrop.fade{opacity:0}.modal-backdrop.show{opacity:var(--bs-backdrop-opacity)}.modal-header{display:flex;flex-shrink:0;align-items:center;padding:var(--bs-modal-header-padding);border-bottom:var(--bs-modal-header-border-width) solid var(--bs-modal-header-border-color);border-top-left-radius:var(--bs-modal-inner-border-radius);border-top-right-radius:var(--bs-modal-inner-border-radius)}.modal-header .btn-close{padding:calc(var(--bs-modal-header-padding-y) * .5) calc(var(--bs-modal-header-padding-x) * .5);margin-top:calc(-.5 * var(--bs-modal-header-padding-y));margin-right:calc(-.5 * var(--bs-modal-header-padding-x));margin-bottom:calc(-.5 * var(--bs-modal-header-padding-y));margin-left:auto}.modal-title{margin-bottom:0;line-height:var(--bs-modal-title-line-height)}.modal-body{position:relative;flex:1 1 auto;padding:var(--bs-modal-padding)}.modal-footer{display:flex;flex-shrink:0;flex-wrap:wrap;align-items:center;justify-content:flex-end;padding:calc(var(--bs-modal-padding) - var(--bs-modal-footer-gap) * .5);background-color:var(--bs-modal-footer-bg);border-top:var(--bs-modal-footer-border-width) solid var(--bs-modal-footer-border-color);border-bottom-right-radius:var(--bs-modal-inner-border-radius);border-bottom-left-radius:var(--bs-modal-inner-border-radius)}.modal-footer>*{margin:calc(var(--bs-modal-footer-gap) * .5)}@media (min-width: 576px){.modal{--bs-modal-margin: 1.75rem;--bs-modal-box-shadow: var(--bs-box-shadow)}.modal-dialog{max-width:var(--bs-modal-width);margin-right:auto;margin-left:auto}.modal-sm{--bs-modal-width: 300px}}@media (min-width: 992px){.modal-lg,.modal-xl{--bs-modal-width: 800px}}@media (min-width: 1200px){.modal-xl{--bs-modal-width: 1140px}}.modal-fullscreen{width:100vw;max-width:none;height:100%;margin:0}.modal-fullscreen .modal-content{height:100%;border:0;border-radius:0}.modal-fullscreen .modal-header,.modal-fullscreen .modal-footer{border-radius:0}.modal-fullscreen .modal-body{overflow-y:auto}@media (max-width: 575.98px){.modal-fullscreen-sm-down{width:100vw;max-width:none;height:100%;margin:0}.modal-fullscreen-sm-down .modal-content{height:100%;border:0;border-radius:0}.modal-fullscreen-sm-down .modal-header,.modal-fullscreen-sm-down .modal-footer{border-radius:0}.modal-fullscreen-sm-down .modal-body{overflow-y:auto}}@media (max-width: 767.98px){.modal-fullscreen-md-down{width:100vw;max-width:none;height:100%;margin:0}.modal-fullscreen-md-down .modal-content{height:100%;border:0;border-radius:0}.modal-fullscreen-md-down .modal-header,.modal-fullscreen-md-down .modal-footer{border-radius:0}.modal-fullscreen-md-down .modal-body{overflow-y:auto}}@media (max-width: 991.98px){.modal-fullscreen-lg-down{width:100vw;max-width:none;height:100%;margin:0}.modal-fullscreen-lg-down .modal-content{height:100%;border:0;border-radius:0}.modal-fullscreen-lg-down .modal-header,.modal-fullscreen-lg-down .modal-footer{border-radius:0}.modal-fullscreen-lg-down .modal-body{overflow-y:auto}}@media (max-width: 1199.98px){.modal-fullscreen-xl-down{width:100vw;max-width:none;height:100%;margin:0}.modal-fullscreen-xl-down .modal-content{height:100%;border:0;border-radius:0}.modal-fullscreen-xl-down .modal-header,.modal-fullscreen-xl-down .modal-footer{border-radius:0}.modal-fullscreen-xl-down .modal-body{overflow-y:auto}}@media (max-width: 1399.98px){.modal-fullscreen-xxl-down{width:100vw;max-width:none;height:100%;margin:0}.modal-fullscreen-xxl-down .modal-content{height:100%;border:0;border-radius:0}.modal-fullscreen-xxl-down .modal-header,.modal-fullscreen-xxl-down .modal-footer{border-radius:0}.modal-fullscreen-xxl-down .modal-body{overflow-y:auto}}.tooltip{--bs-tooltip-zindex: 1080;--bs-tooltip-max-width: 200px;--bs-tooltip-padding-x: .5rem;--bs-tooltip-padding-y: .25rem;--bs-tooltip-margin: ;--bs-tooltip-font-size: .875rem;--bs-tooltip-color: var(--bs-body-bg);--bs-tooltip-bg: var(--bs-emphasis-color);--bs-tooltip-border-radius: var(--bs-border-radius);--bs-tooltip-opacity: .9;--bs-tooltip-arrow-width: .8rem;--bs-tooltip-arrow-height: .4rem;z-index:var(--bs-tooltip-zindex);display:block;margin:var(--bs-tooltip-margin);font-family:var(--bs-font-sans-serif);font-style:normal;font-weight:400;line-height:1.5;text-align:left;text-align:start;text-decoration:none;text-shadow:none;text-transform:none;letter-spacing:normal;word-break:normal;white-space:normal;word-spacing:normal;line-break:auto;font-size:var(--bs-tooltip-font-size);word-wrap:break-word;opacity:0}.tooltip.show{opacity:var(--bs-tooltip-opacity)}.tooltip .tooltip-arrow{display:block;width:var(--bs-tooltip-arrow-width);height:var(--bs-tooltip-arrow-height)}.tooltip .tooltip-arrow:before{position:absolute;content:"";border-color:transparent;border-style:solid}.bs-tooltip-top .tooltip-arrow,.bs-tooltip-auto[data-popper-placement^=top] .tooltip-arrow{bottom:calc(-1 * var(--bs-tooltip-arrow-height))}.bs-tooltip-top .tooltip-arrow:before,.bs-tooltip-auto[data-popper-placement^=top] .tooltip-arrow:before{top:-1px;border-width:var(--bs-tooltip-arrow-height) calc(var(--bs-tooltip-arrow-width) * .5) 0;border-top-color:var(--bs-tooltip-bg)}.bs-tooltip-end .tooltip-arrow,.bs-tooltip-auto[data-popper-placement^=right] .tooltip-arrow{left:calc(-1 * var(--bs-tooltip-arrow-height));width:var(--bs-tooltip-arrow-height);height:var(--bs-tooltip-arrow-width)}.bs-tooltip-end .tooltip-arrow:before,.bs-tooltip-auto[data-popper-placement^=right] .tooltip-arrow:before{right:-1px;border-width:calc(var(--bs-tooltip-arrow-width) * .5) var(--bs-tooltip-arrow-height) calc(var(--bs-tooltip-arrow-width) * .5) 0;border-right-color:var(--bs-tooltip-bg)}.bs-tooltip-bottom .tooltip-arrow,.bs-tooltip-auto[data-popper-placement^=bottom] .tooltip-arrow{top:calc(-1 * var(--bs-tooltip-arrow-height))}.bs-tooltip-bottom .tooltip-arrow:before,.bs-tooltip-auto[data-popper-placement^=bottom] .tooltip-arrow:before{bottom:-1px;border-width:0 calc(var(--bs-tooltip-arrow-width) * .5) var(--bs-tooltip-arrow-height);border-bottom-color:var(--bs-tooltip-bg)}.bs-tooltip-start .tooltip-arrow,.bs-tooltip-auto[data-popper-placement^=left] .tooltip-arrow{right:calc(-1 * var(--bs-tooltip-arrow-height));width:var(--bs-tooltip-arrow-height);height:var(--bs-tooltip-arrow-width)}.bs-tooltip-start .tooltip-arrow:before,.bs-tooltip-auto[data-popper-placement^=left] .tooltip-arrow:before{left:-1px;border-width:calc(var(--bs-tooltip-arrow-width) * .5) 0 calc(var(--bs-tooltip-arrow-width) * .5) var(--bs-tooltip-arrow-height);border-left-color:var(--bs-tooltip-bg)}.tooltip-inner{max-width:var(--bs-tooltip-max-width);padding:var(--bs-tooltip-padding-y) var(--bs-tooltip-padding-x);color:var(--bs-tooltip-color);text-align:center;background-color:var(--bs-tooltip-bg);border-radius:var(--bs-tooltip-border-radius)}.popover{--bs-popover-zindex: 1070;--bs-popover-max-width: 276px;--bs-popover-font-size: .875rem;--bs-popover-bg: var(--bs-body-bg);--bs-popover-border-width: var(--bs-border-width);--bs-popover-border-color: var(--bs-border-color-translucent);--bs-popover-border-radius: var(--bs-border-radius-lg);--bs-popover-inner-border-radius: calc(var(--bs-border-radius-lg) - var(--bs-border-width));--bs-popover-box-shadow: var(--bs-box-shadow);--bs-popover-header-padding-x: 1rem;--bs-popover-header-padding-y: .5rem;--bs-popover-header-font-size: 1rem;--bs-popover-header-color: inherit;--bs-popover-header-bg: var(--bs-secondary-bg);--bs-popover-body-padding-x: 1rem;--bs-popover-body-padding-y: 1rem;--bs-popover-body-color: var(--bs-body-color);--bs-popover-arrow-width: 1rem;--bs-popover-arrow-height: .5rem;--bs-popover-arrow-border: var(--bs-popover-border-color);z-index:var(--bs-popover-zindex);display:block;max-width:var(--bs-popover-max-width);font-family:var(--bs-font-sans-serif);font-style:normal;font-weight:400;line-height:1.5;text-align:left;text-align:start;text-decoration:none;text-shadow:none;text-transform:none;letter-spacing:normal;word-break:normal;white-space:normal;word-spacing:normal;line-break:auto;font-size:var(--bs-popover-font-size);word-wrap:break-word;background-color:var(--bs-popover-bg);background-clip:padding-box;border:var(--bs-popover-border-width) solid var(--bs-popover-border-color);border-radius:var(--bs-popover-border-radius)}.popover .popover-arrow{display:block;width:var(--bs-popover-arrow-width);height:var(--bs-popover-arrow-height)}.popover .popover-arrow:before,.popover .popover-arrow:after{position:absolute;display:block;content:"";border-color:transparent;border-style:solid;border-width:0}.bs-popover-top>.popover-arrow,.bs-popover-auto[data-popper-placement^=top]>.popover-arrow{bottom:calc(-1 * (var(--bs-popover-arrow-height)) - var(--bs-popover-border-width))}.bs-popover-top>.popover-arrow:before,.bs-popover-auto[data-popper-placement^=top]>.popover-arrow:before,.bs-popover-top>.popover-arrow:after,.bs-popover-auto[data-popper-placement^=top]>.popover-arrow:after{border-width:var(--bs-popover-arrow-height) calc(var(--bs-popover-arrow-width) * .5) 0}.bs-popover-top>.popover-arrow:before,.bs-popover-auto[data-popper-placement^=top]>.popover-arrow:before{bottom:0;border-top-color:var(--bs-popover-arrow-border)}.bs-popover-top>.popover-arrow:after,.bs-popover-auto[data-popper-placement^=top]>.popover-arrow:after{bottom:var(--bs-popover-border-width);border-top-color:var(--bs-popover-bg)}.bs-popover-end>.popover-arrow,.bs-popover-auto[data-popper-placement^=right]>.popover-arrow{left:calc(-1 * (var(--bs-popover-arrow-height)) - var(--bs-popover-border-width));width:var(--bs-popover-arrow-height);height:var(--bs-popover-arrow-width)}.bs-popover-end>.popover-arrow:before,.bs-popover-auto[data-popper-placement^=right]>.popover-arrow:before,.bs-popover-end>.popover-arrow:after,.bs-popover-auto[data-popper-placement^=right]>.popover-arrow:after{border-width:calc(var(--bs-popover-arrow-width) * .5) var(--bs-popover-arrow-height) calc(var(--bs-popover-arrow-width) * .5) 0}.bs-popover-end>.popover-arrow:before,.bs-popover-auto[data-popper-placement^=right]>.popover-arrow:before{left:0;border-right-color:var(--bs-popover-arrow-border)}.bs-popover-end>.popover-arrow:after,.bs-popover-auto[data-popper-placement^=right]>.popover-arrow:after{left:var(--bs-popover-border-width);border-right-color:var(--bs-popover-bg)}.bs-popover-bottom>.popover-arrow,.bs-popover-auto[data-popper-placement^=bottom]>.popover-arrow{top:calc(-1 * (var(--bs-popover-arrow-height)) - var(--bs-popover-border-width))}.bs-popover-bottom>.popover-arrow:before,.bs-popover-auto[data-popper-placement^=bottom]>.popover-arrow:before,.bs-popover-bottom>.popover-arrow:after,.bs-popover-auto[data-popper-placement^=bottom]>.popover-arrow:after{border-width:0 calc(var(--bs-popover-arrow-width) * .5) var(--bs-popover-arrow-height)}.bs-popover-bottom>.popover-arrow:before,.bs-popover-auto[data-popper-placement^=bottom]>.popover-arrow:before{top:0;border-bottom-color:var(--bs-popover-arrow-border)}.bs-popover-bottom>.popover-arrow:after,.bs-popover-auto[data-popper-placement^=bottom]>.popover-arrow:after{top:var(--bs-popover-border-width);border-bottom-color:var(--bs-popover-bg)}.bs-popover-bottom .popover-header:before,.bs-popover-auto[data-popper-placement^=bottom] .popover-header:before{position:absolute;top:0;left:50%;display:block;width:var(--bs-popover-arrow-width);margin-left:calc(-.5 * var(--bs-popover-arrow-width));content:"";border-bottom:var(--bs-popover-border-width) solid var(--bs-popover-header-bg)}.bs-popover-start>.popover-arrow,.bs-popover-auto[data-popper-placement^=left]>.popover-arrow{right:calc(-1 * (var(--bs-popover-arrow-height)) - var(--bs-popover-border-width));width:var(--bs-popover-arrow-height);height:var(--bs-popover-arrow-width)}.bs-popover-start>.popover-arrow:before,.bs-popover-auto[data-popper-placement^=left]>.popover-arrow:before,.bs-popover-start>.popover-arrow:after,.bs-popover-auto[data-popper-placement^=left]>.popover-arrow:after{border-width:calc(var(--bs-popover-arrow-width) * .5) 0 calc(var(--bs-popover-arrow-width) * .5) var(--bs-popover-arrow-height)}.bs-popover-start>.popover-arrow:before,.bs-popover-auto[data-popper-placement^=left]>.popover-arrow:before{right:0;border-left-color:var(--bs-popover-arrow-border)}.bs-popover-start>.popover-arrow:after,.bs-popover-auto[data-popper-placement^=left]>.popover-arrow:after{right:var(--bs-popover-border-width);border-left-color:var(--bs-popover-bg)}.popover-header{padding:var(--bs-popover-header-padding-y) var(--bs-popover-header-padding-x);margin-bottom:0;font-size:var(--bs-popover-header-font-size);color:var(--bs-popover-header-color);background-color:var(--bs-popover-header-bg);border-bottom:var(--bs-popover-border-width) solid var(--bs-popover-border-color);border-top-left-radius:var(--bs-popover-inner-border-radius);border-top-right-radius:var(--bs-popover-inner-border-radius)}.popover-header:empty{display:none}.popover-body{padding:var(--bs-popover-body-padding-y) var(--bs-popover-body-padding-x);color:var(--bs-popover-body-color)}.carousel{position:relative}.carousel.pointer-event{touch-action:pan-y}.carousel-inner{position:relative;width:100%;overflow:hidden}.carousel-inner:after{display:block;clear:both;content:""}.carousel-item{position:relative;display:none;float:left;width:100%;margin-right:-100%;-webkit-backface-visibility:hidden;backface-visibility:hidden;transition:transform .6s ease-in-out}@media (prefers-reduced-motion: reduce){.carousel-item{transition:none}}.carousel-item.active,.carousel-item-next,.carousel-item-prev{display:block}.carousel-item-next:not(.carousel-item-start),.active.carousel-item-end{transform:translate(100%)}.carousel-item-prev:not(.carousel-item-end),.active.carousel-item-start{transform:translate(-100%)}.carousel-fade .carousel-item{opacity:0;transition-property:opacity;transform:none}.carousel-fade .carousel-item.active,.carousel-fade .carousel-item-next.carousel-item-start,.carousel-fade .carousel-item-prev.carousel-item-end{z-index:1;opacity:1}.carousel-fade .active.carousel-item-start,.carousel-fade .active.carousel-item-end{z-index:0;opacity:0;transition:opacity 0s .6s}@media (prefers-reduced-motion: reduce){.carousel-fade .active.carousel-item-start,.carousel-fade .active.carousel-item-end{transition:none}}.carousel-control-prev,.carousel-control-next{position:absolute;top:0;bottom:0;z-index:1;display:flex;align-items:center;justify-content:center;width:15%;padding:0;color:#fff;text-align:center;background:none;filter:var(--bs-carousel-control-icon-filter);border:0;opacity:.5;transition:opacity .15s ease}@media (prefers-reduced-motion: reduce){.carousel-control-prev,.carousel-control-next{transition:none}}.carousel-control-prev:hover,.carousel-control-prev:focus,.carousel-control-next:hover,.carousel-control-next:focus{color:#fff;text-decoration:none;outline:0;opacity:.9}.carousel-control-prev{left:0}.carousel-control-next{right:0}.carousel-control-prev-icon,.carousel-control-next-icon{display:inline-block;width:2rem;height:2rem;background-repeat:no-repeat;background-position:50%;background-size:100% 100%}.carousel-control-prev-icon{background-image:url("data:image/svg+xml,%3csvg xmlns='http://www.w3.org/2000/svg' viewBox='0 0 16 16' fill='%23fff'%3e%3cpath d='M11.354 1.646a.5.5 0 0 1 0 .708L5.707 8l5.647 5.646a.5.5 0 0 1-.708.708l-6-6a.5.5 0 0 1 0-.708l6-6a.5.5 0 0 1 .708 0'/%3e%3c/svg%3e")}.carousel-control-next-icon{background-image:url("data:image/svg+xml,%3csvg xmlns='http://www.w3.org/2000/svg' viewBox='0 0 16 16' fill='%23fff'%3e%3cpath d='M4.646 1.646a.5.5 0 0 1 .708 0l6 6a.5.5 0 0 1 0 .708l-6 6a.5.5 0 0 1-.708-.708L10.293 8 4.646 2.354a.5.5 0 0 1 0-.708'/%3e%3c/svg%3e")}.carousel-indicators{position:absolute;right:0;bottom:0;left:0;z-index:2;display:flex;justify-content:center;padding:0;margin-right:15%;margin-bottom:1rem;margin-left:15%}.carousel-indicators [data-bs-target]{box-sizing:content-box;flex:0 1 auto;width:30px;height:3px;padding:0;margin-right:3px;margin-left:3px;text-indent:-999px;cursor:pointer;background-color:var(--bs-carousel-indicator-active-bg);background-clip:padding-box;border:0;border-top:10px solid transparent;border-bottom:10px solid transparent;opacity:.5;transition:opacity .6s ease}@media (prefers-reduced-motion: reduce){.carousel-indicators [data-bs-target]{transition:none}}.carousel-indicators .active{opacity:1}.carousel-caption{position:absolute;right:15%;bottom:1.25rem;left:15%;padding-top:1.25rem;padding-bottom:1.25rem;color:var(--bs-carousel-caption-color);text-align:center}.carousel-dark{--bs-carousel-indicator-active-bg: #000;--bs-carousel-caption-color: #000;--bs-carousel-control-icon-filter: invert(1) grayscale(100)}:root,[data-bs-theme=light]{--bs-carousel-indicator-active-bg: #fff;--bs-carousel-caption-color: #fff;--bs-carousel-control-icon-filter: }[data-bs-theme=dark]{--bs-carousel-indicator-active-bg: #000;--bs-carousel-caption-color: #000;--bs-carousel-control-icon-filter: invert(1) grayscale(100)}.spinner-grow,.spinner-border{display:inline-block;width:var(--bs-spinner-width);height:var(--bs-spinner-height);vertical-align:var(--bs-spinner-vertical-align);border-radius:50%;animation:var(--bs-spinner-animation-speed) linear infinite var(--bs-spinner-animation-name)}@keyframes spinner-border{to{transform:rotate(360deg)}}.spinner-border{--bs-spinner-width: 2rem;--bs-spinner-height: 2rem;--bs-spinner-vertical-align: -.125em;--bs-spinner-border-width: .25em;--bs-spinner-animation-speed: .75s;--bs-spinner-animation-name: spinner-border;border:var(--bs-spinner-border-width) solid currentcolor;border-right-color:transparent}.spinner-border-sm{--bs-spinner-width: 1rem;--bs-spinner-height: 1rem;--bs-spinner-border-width: .2em}@keyframes spinner-grow{0%{transform:scale(0)}50%{opacity:1;transform:none}}.spinner-grow{--bs-spinner-width: 2rem;--bs-spinner-height: 2rem;--bs-spinner-vertical-align: -.125em;--bs-spinner-animation-speed: .75s;--bs-spinner-animation-name: spinner-grow;background-color:currentcolor;opacity:0}.spinner-grow-sm{--bs-spinner-width: 1rem;--bs-spinner-height: 1rem}@media (prefers-reduced-motion: reduce){.spinner-border,.spinner-grow{--bs-spinner-animation-speed: 1.5s}}.offcanvas,.offcanvas-xxl,.offcanvas-xl,.offcanvas-lg,.offcanvas-md,.offcanvas-sm{--bs-offcanvas-zindex: 1045;--bs-offcanvas-width: 400px;--bs-offcanvas-height: 30vh;--bs-offcanvas-padding-x: 1rem;--bs-offcanvas-padding-y: 1rem;--bs-offcanvas-color: var(--bs-body-color);--bs-offcanvas-bg: var(--bs-body-bg);--bs-offcanvas-border-width: var(--bs-border-width);--bs-offcanvas-border-color: var(--bs-border-color-translucent);--bs-offcanvas-box-shadow: var(--bs-box-shadow-sm);--bs-offcanvas-transition: transform .3s ease-in-out;--bs-offcanvas-title-line-height: 1.5}@media (max-width: 575.98px){.offcanvas-sm{position:fixed;bottom:0;z-index:var(--bs-offcanvas-zindex);display:flex;flex-direction:column;max-width:100%;color:var(--bs-offcanvas-color);visibility:hidden;background-color:var(--bs-offcanvas-bg);background-clip:padding-box;outline:0;transition:var(--bs-offcanvas-transition)}}@media (max-width: 575.98px) and (prefers-reduced-motion: reduce){.offcanvas-sm{transition:none}}@media (max-width: 575.98px){.offcanvas-sm.offcanvas-start{top:0;left:0;width:var(--bs-offcanvas-width);border-right:var(--bs-offcanvas-border-width) solid var(--bs-offcanvas-border-color);transform:translate(-100%)}.offcanvas-sm.offcanvas-end{top:0;right:0;width:var(--bs-offcanvas-width);border-left:var(--bs-offcanvas-border-width) solid var(--bs-offcanvas-border-color);transform:translate(100%)}.offcanvas-sm.offcanvas-top{top:0;right:0;left:0;height:var(--bs-offcanvas-height);max-height:100%;border-bottom:var(--bs-offcanvas-border-width) solid var(--bs-offcanvas-border-color);transform:translateY(-100%)}.offcanvas-sm.offcanvas-bottom{right:0;left:0;height:var(--bs-offcanvas-height);max-height:100%;border-top:var(--bs-offcanvas-border-width) solid var(--bs-offcanvas-border-color);transform:translateY(100%)}.offcanvas-sm.showing,.offcanvas-sm.show:not(.hiding){transform:none}.offcanvas-sm.showing,.offcanvas-sm.hiding,.offcanvas-sm.show{visibility:visible}}@media (min-width: 576px){.offcanvas-sm{--bs-offcanvas-height: auto;--bs-offcanvas-border-width: 0;background-color:transparent!important}.offcanvas-sm .offcanvas-header{display:none}.offcanvas-sm .offcanvas-body{display:flex;flex-grow:0;padding:0;overflow-y:visible;background-color:transparent!important}}@media (max-width: 767.98px){.offcanvas-md{position:fixed;bottom:0;z-index:var(--bs-offcanvas-zindex);display:flex;flex-direction:column;max-width:100%;color:var(--bs-offcanvas-color);visibility:hidden;background-color:var(--bs-offcanvas-bg);background-clip:padding-box;outline:0;transition:var(--bs-offcanvas-transition)}}@media (max-width: 767.98px) and (prefers-reduced-motion: reduce){.offcanvas-md{transition:none}}@media (max-width: 767.98px){.offcanvas-md.offcanvas-start{top:0;left:0;width:var(--bs-offcanvas-width);border-right:var(--bs-offcanvas-border-width) solid var(--bs-offcanvas-border-color);transform:translate(-100%)}.offcanvas-md.offcanvas-end{top:0;right:0;width:var(--bs-offcanvas-width);border-left:var(--bs-offcanvas-border-width) solid var(--bs-offcanvas-border-color);transform:translate(100%)}.offcanvas-md.offcanvas-top{top:0;right:0;left:0;height:var(--bs-offcanvas-height);max-height:100%;border-bottom:var(--bs-offcanvas-border-width) solid var(--bs-offcanvas-border-color);transform:translateY(-100%)}.offcanvas-md.offcanvas-bottom{right:0;left:0;height:var(--bs-offcanvas-height);max-height:100%;border-top:var(--bs-offcanvas-border-width) solid var(--bs-offcanvas-border-color);transform:translateY(100%)}.offcanvas-md.showing,.offcanvas-md.show:not(.hiding){transform:none}.offcanvas-md.showing,.offcanvas-md.hiding,.offcanvas-md.show{visibility:visible}}@media (min-width: 768px){.offcanvas-md{--bs-offcanvas-height: auto;--bs-offcanvas-border-width: 0;background-color:transparent!important}.offcanvas-md .offcanvas-header{display:none}.offcanvas-md .offcanvas-body{display:flex;flex-grow:0;padding:0;overflow-y:visible;background-color:transparent!important}}@media (max-width: 991.98px){.offcanvas-lg{position:fixed;bottom:0;z-index:var(--bs-offcanvas-zindex);display:flex;flex-direction:column;max-width:100%;color:var(--bs-offcanvas-color);visibility:hidden;background-color:var(--bs-offcanvas-bg);background-clip:padding-box;outline:0;transition:var(--bs-offcanvas-transition)}}@media (max-width: 991.98px) and (prefers-reduced-motion: reduce){.offcanvas-lg{transition:none}}@media (max-width: 991.98px){.offcanvas-lg.offcanvas-start{top:0;left:0;width:var(--bs-offcanvas-width);border-right:var(--bs-offcanvas-border-width) solid var(--bs-offcanvas-border-color);transform:translate(-100%)}.offcanvas-lg.offcanvas-end{top:0;right:0;width:var(--bs-offcanvas-width);border-left:var(--bs-offcanvas-border-width) solid var(--bs-offcanvas-border-color);transform:translate(100%)}.offcanvas-lg.offcanvas-top{top:0;right:0;left:0;height:var(--bs-offcanvas-height);max-height:100%;border-bottom:var(--bs-offcanvas-border-width) solid var(--bs-offcanvas-border-color);transform:translateY(-100%)}.offcanvas-lg.offcanvas-bottom{right:0;left:0;height:var(--bs-offcanvas-height);max-height:100%;border-top:var(--bs-offcanvas-border-width) solid var(--bs-offcanvas-border-color);transform:translateY(100%)}.offcanvas-lg.showing,.offcanvas-lg.show:not(.hiding){transform:none}.offcanvas-lg.showing,.offcanvas-lg.hiding,.offcanvas-lg.show{visibility:visible}}@media (min-width: 992px){.offcanvas-lg{--bs-offcanvas-height: auto;--bs-offcanvas-border-width: 0;background-color:transparent!important}.offcanvas-lg .offcanvas-header{display:none}.offcanvas-lg .offcanvas-body{display:flex;flex-grow:0;padding:0;overflow-y:visible;background-color:transparent!important}}@media (max-width: 1199.98px){.offcanvas-xl{position:fixed;bottom:0;z-index:var(--bs-offcanvas-zindex);display:flex;flex-direction:column;max-width:100%;color:var(--bs-offcanvas-color);visibility:hidden;background-color:var(--bs-offcanvas-bg);background-clip:padding-box;outline:0;transition:var(--bs-offcanvas-transition)}}@media (max-width: 1199.98px) and (prefers-reduced-motion: reduce){.offcanvas-xl{transition:none}}@media (max-width: 1199.98px){.offcanvas-xl.offcanvas-start{top:0;left:0;width:var(--bs-offcanvas-width);border-right:var(--bs-offcanvas-border-width) solid var(--bs-offcanvas-border-color);transform:translate(-100%)}.offcanvas-xl.offcanvas-end{top:0;right:0;width:var(--bs-offcanvas-width);border-left:var(--bs-offcanvas-border-width) solid var(--bs-offcanvas-border-color);transform:translate(100%)}.offcanvas-xl.offcanvas-top{top:0;right:0;left:0;height:var(--bs-offcanvas-height);max-height:100%;border-bottom:var(--bs-offcanvas-border-width) solid var(--bs-offcanvas-border-color);transform:translateY(-100%)}.offcanvas-xl.offcanvas-bottom{right:0;left:0;height:var(--bs-offcanvas-height);max-height:100%;border-top:var(--bs-offcanvas-border-width) solid var(--bs-offcanvas-border-color);transform:translateY(100%)}.offcanvas-xl.showing,.offcanvas-xl.show:not(.hiding){transform:none}.offcanvas-xl.showing,.offcanvas-xl.hiding,.offcanvas-xl.show{visibility:visible}}@media (min-width: 1200px){.offcanvas-xl{--bs-offcanvas-height: auto;--bs-offcanvas-border-width: 0;background-color:transparent!important}.offcanvas-xl .offcanvas-header{display:none}.offcanvas-xl .offcanvas-body{display:flex;flex-grow:0;padding:0;overflow-y:visible;background-color:transparent!important}}@media (max-width: 1399.98px){.offcanvas-xxl{position:fixed;bottom:0;z-index:var(--bs-offcanvas-zindex);display:flex;flex-direction:column;max-width:100%;color:var(--bs-offcanvas-color);visibility:hidden;background-color:var(--bs-offcanvas-bg);background-clip:padding-box;outline:0;transition:var(--bs-offcanvas-transition)}}@media (max-width: 1399.98px) and (prefers-reduced-motion: reduce){.offcanvas-xxl{transition:none}}@media (max-width: 1399.98px){.offcanvas-xxl.offcanvas-start{top:0;left:0;width:var(--bs-offcanvas-width);border-right:var(--bs-offcanvas-border-width) solid var(--bs-offcanvas-border-color);transform:translate(-100%)}.offcanvas-xxl.offcanvas-end{top:0;right:0;width:var(--bs-offcanvas-width);border-left:var(--bs-offcanvas-border-width) solid var(--bs-offcanvas-border-color);transform:translate(100%)}.offcanvas-xxl.offcanvas-top{top:0;right:0;left:0;height:var(--bs-offcanvas-height);max-height:100%;border-bottom:var(--bs-offcanvas-border-width) solid var(--bs-offcanvas-border-color);transform:translateY(-100%)}.offcanvas-xxl.offcanvas-bottom{right:0;left:0;height:var(--bs-offcanvas-height);max-height:100%;border-top:var(--bs-offcanvas-border-width) solid var(--bs-offcanvas-border-color);transform:translateY(100%)}.offcanvas-xxl.showing,.offcanvas-xxl.show:not(.hiding){transform:none}.offcanvas-xxl.showing,.offcanvas-xxl.hiding,.offcanvas-xxl.show{visibility:visible}}@media (min-width: 1400px){.offcanvas-xxl{--bs-offcanvas-height: auto;--bs-offcanvas-border-width: 0;background-color:transparent!important}.offcanvas-xxl .offcanvas-header{display:none}.offcanvas-xxl .offcanvas-body{display:flex;flex-grow:0;padding:0;overflow-y:visible;background-color:transparent!important}}.offcanvas{position:fixed;bottom:0;z-index:var(--bs-offcanvas-zindex);display:flex;flex-direction:column;max-width:100%;color:var(--bs-offcanvas-color);visibility:hidden;background-color:var(--bs-offcanvas-bg);background-clip:padding-box;outline:0;transition:var(--bs-offcanvas-transition)}@media (prefers-reduced-motion: reduce){.offcanvas{transition:none}}.offcanvas.offcanvas-start{top:0;left:0;width:var(--bs-offcanvas-width);border-right:var(--bs-offcanvas-border-width) solid var(--bs-offcanvas-border-color);transform:translate(-100%)}.offcanvas.offcanvas-end{top:0;right:0;width:var(--bs-offcanvas-width);border-left:var(--bs-offcanvas-border-width) solid var(--bs-offcanvas-border-color);transform:translate(100%)}.offcanvas.offcanvas-top{top:0;right:0;left:0;height:var(--bs-offcanvas-height);max-height:100%;border-bottom:var(--bs-offcanvas-border-width) solid var(--bs-offcanvas-border-color);transform:translateY(-100%)}.offcanvas.offcanvas-bottom{right:0;left:0;height:var(--bs-offcanvas-height);max-height:100%;border-top:var(--bs-offcanvas-border-width) solid var(--bs-offcanvas-border-color);transform:translateY(100%)}.offcanvas.showing,.offcanvas.show:not(.hiding){transform:none}.offcanvas.showing,.offcanvas.hiding,.offcanvas.show{visibility:visible}.offcanvas-backdrop{position:fixed;top:0;left:0;z-index:1040;width:100vw;height:100vh;background-color:#000}.offcanvas-backdrop.fade{opacity:0}.offcanvas-backdrop.show{opacity:.5}.offcanvas-header{display:flex;align-items:center;padding:var(--bs-offcanvas-padding-y) var(--bs-offcanvas-padding-x)}.offcanvas-header .btn-close{padding:calc(var(--bs-offcanvas-padding-y) * .5) calc(var(--bs-offcanvas-padding-x) * .5);margin-top:calc(-.5 * var(--bs-offcanvas-padding-y));margin-right:calc(-.5 * var(--bs-offcanvas-padding-x));margin-bottom:calc(-.5 * var(--bs-offcanvas-padding-y));margin-left:auto}.offcanvas-title{margin-bottom:0;line-height:var(--bs-offcanvas-title-line-height)}.offcanvas-body{flex-grow:1;padding:var(--bs-offcanvas-padding-y) var(--bs-offcanvas-padding-x);overflow-y:auto}.placeholder{display:inline-block;min-height:1em;vertical-align:middle;cursor:wait;background-color:currentcolor;opacity:.5}.placeholder.btn:before{display:inline-block;content:""}.placeholder-xs{min-height:.6em}.placeholder-sm{min-height:.8em}.placeholder-lg{min-height:1.2em}.placeholder-glow .placeholder{animation:placeholder-glow 2s ease-in-out infinite}@keyframes placeholder-glow{50%{opacity:.2}}.placeholder-wave{-webkit-mask-image:linear-gradient(130deg,#000 55%,rgba(0,0,0,.8) 75%,#000 95%);mask-image:linear-gradient(130deg,#000 55%,#000c,#000 95%);-webkit-mask-size:200% 100%;mask-size:200% 100%;animation:placeholder-wave 2s linear infinite}@keyframes placeholder-wave{to{-webkit-mask-position:-200% 0%;mask-position:-200% 0%}}.clearfix:after{display:block;clear:both;content:""}.text-bg-primary{color:#fff!important;background-color:RGBA(var(--bs-primary-rgb),var(--bs-bg-opacity, 1))!important}.text-bg-secondary{color:#fff!important;background-color:RGBA(var(--bs-secondary-rgb),var(--bs-bg-opacity, 1))!important}.text-bg-success{color:#fff!important;background-color:RGBA(var(--bs-success-rgb),var(--bs-bg-opacity, 1))!important}.text-bg-info{color:#000!important;background-color:RGBA(var(--bs-info-rgb),var(--bs-bg-opacity, 1))!important}.text-bg-warning{color:#000!important;background-color:RGBA(var(--bs-warning-rgb),var(--bs-bg-opacity, 1))!important}.text-bg-danger{color:#fff!important;background-color:RGBA(var(--bs-danger-rgb),var(--bs-bg-opacity, 1))!important}.text-bg-light{color:#000!important;background-color:RGBA(var(--bs-light-rgb),var(--bs-bg-opacity, 1))!important}.text-bg-dark{color:#fff!important;background-color:RGBA(var(--bs-dark-rgb),var(--bs-bg-opacity, 1))!important}.link-primary{color:RGBA(var(--bs-primary-rgb),var(--bs-link-opacity, 1))!important;-webkit-text-decoration-color:RGBA(var(--bs-primary-rgb),var(--bs-link-underline-opacity, 1))!important;text-decoration-color:RGBA(var(--bs-primary-rgb),var(--bs-link-underline-opacity, 1))!important}.link-primary:hover,.link-primary:focus{color:RGBA(10,88,202,var(--bs-link-opacity, 1))!important;-webkit-text-decoration-color:RGBA(10,88,202,var(--bs-link-underline-opacity, 1))!important;text-decoration-color:RGBA(10,88,202,var(--bs-link-underline-opacity, 1))!important}.link-secondary{color:RGBA(var(--bs-secondary-rgb),var(--bs-link-opacity, 1))!important;-webkit-text-decoration-color:RGBA(var(--bs-secondary-rgb),var(--bs-link-underline-opacity, 1))!important;text-decoration-color:RGBA(var(--bs-secondary-rgb),var(--bs-link-underline-opacity, 1))!important}.link-secondary:hover,.link-secondary:focus{color:RGBA(86,94,100,var(--bs-link-opacity, 1))!important;-webkit-text-decoration-color:RGBA(86,94,100,var(--bs-link-underline-opacity, 1))!important;text-decoration-color:RGBA(86,94,100,var(--bs-link-underline-opacity, 1))!important}.link-success{color:RGBA(var(--bs-success-rgb),var(--bs-link-opacity, 1))!important;-webkit-text-decoration-color:RGBA(var(--bs-success-rgb),var(--bs-link-underline-opacity, 1))!important;text-decoration-color:RGBA(var(--bs-success-rgb),var(--bs-link-underline-opacity, 1))!important}.link-success:hover,.link-success:focus{color:RGBA(20,108,67,var(--bs-link-opacity, 1))!important;-webkit-text-decoration-color:RGBA(20,108,67,var(--bs-link-underline-opacity, 1))!important;text-decoration-color:RGBA(20,108,67,var(--bs-link-underline-opacity, 1))!important}.link-info{color:RGBA(var(--bs-info-rgb),var(--bs-link-opacity, 1))!important;-webkit-text-decoration-color:RGBA(var(--bs-info-rgb),var(--bs-link-underline-opacity, 1))!important;text-decoration-color:RGBA(var(--bs-info-rgb),var(--bs-link-underline-opacity, 1))!important}.link-info:hover,.link-info:focus{color:RGBA(61,213,243,var(--bs-link-opacity, 1))!important;-webkit-text-decoration-color:RGBA(61,213,243,var(--bs-link-underline-opacity, 1))!important;text-decoration-color:RGBA(61,213,243,var(--bs-link-underline-opacity, 1))!important}.link-warning{color:RGBA(var(--bs-warning-rgb),var(--bs-link-opacity, 1))!important;-webkit-text-decoration-color:RGBA(var(--bs-warning-rgb),var(--bs-link-underline-opacity, 1))!important;text-decoration-color:RGBA(var(--bs-warning-rgb),var(--bs-link-underline-opacity, 1))!important}.link-warning:hover,.link-warning:focus{color:RGBA(255,205,57,var(--bs-link-opacity, 1))!important;-webkit-text-decoration-color:RGBA(255,205,57,var(--bs-link-underline-opacity, 1))!important;text-decoration-color:RGBA(255,205,57,var(--bs-link-underline-opacity, 1))!important}.link-danger{color:RGBA(var(--bs-danger-rgb),var(--bs-link-opacity, 1))!important;-webkit-text-decoration-color:RGBA(var(--bs-danger-rgb),var(--bs-link-underline-opacity, 1))!important;text-decoration-color:RGBA(var(--bs-danger-rgb),var(--bs-link-underline-opacity, 1))!important}.link-danger:hover,.link-danger:focus{color:RGBA(176,42,55,var(--bs-link-opacity, 1))!important;-webkit-text-decoration-color:RGBA(176,42,55,var(--bs-link-underline-opacity, 1))!important;text-decoration-color:RGBA(176,42,55,var(--bs-link-underline-opacity, 1))!important}.link-light{color:RGBA(var(--bs-light-rgb),var(--bs-link-opacity, 1))!important;-webkit-text-decoration-color:RGBA(var(--bs-light-rgb),var(--bs-link-underline-opacity, 1))!important;text-decoration-color:RGBA(var(--bs-light-rgb),var(--bs-link-underline-opacity, 1))!important}.link-light:hover,.link-light:focus{color:RGBA(249,250,251,var(--bs-link-opacity, 1))!important;-webkit-text-decoration-color:RGBA(249,250,251,var(--bs-link-underline-opacity, 1))!important;text-decoration-color:RGBA(249,250,251,var(--bs-link-underline-opacity, 1))!important}.link-dark{color:RGBA(var(--bs-dark-rgb),var(--bs-link-opacity, 1))!important;-webkit-text-decoration-color:RGBA(var(--bs-dark-rgb),var(--bs-link-underline-opacity, 1))!important;text-decoration-color:RGBA(var(--bs-dark-rgb),var(--bs-link-underline-opacity, 1))!important}.link-dark:hover,.link-dark:focus{color:RGBA(26,30,33,var(--bs-link-opacity, 1))!important;-webkit-text-decoration-color:RGBA(26,30,33,var(--bs-link-underline-opacity, 1))!important;text-decoration-color:RGBA(26,30,33,var(--bs-link-underline-opacity, 1))!important}.link-body-emphasis{color:RGBA(var(--bs-emphasis-color-rgb),var(--bs-link-opacity, 1))!important;-webkit-text-decoration-color:RGBA(var(--bs-emphasis-color-rgb),var(--bs-link-underline-opacity, 1))!important;text-decoration-color:RGBA(var(--bs-emphasis-color-rgb),var(--bs-link-underline-opacity, 1))!important}.link-body-emphasis:hover,.link-body-emphasis:focus{color:RGBA(var(--bs-emphasis-color-rgb),var(--bs-link-opacity, .75))!important;-webkit-text-decoration-color:RGBA(var(--bs-emphasis-color-rgb),var(--bs-link-underline-opacity, .75))!important;text-decoration-color:RGBA(var(--bs-emphasis-color-rgb),var(--bs-link-underline-opacity, .75))!important}.focus-ring:focus{outline:0;box-shadow:var(--bs-focus-ring-x, 0) var(--bs-focus-ring-y, 0) var(--bs-focus-ring-blur, 0) var(--bs-focus-ring-width) var(--bs-focus-ring-color)}.icon-link{display:inline-flex;gap:.375rem;align-items:center;-webkit-text-decoration-color:rgba(var(--bs-link-color-rgb),var(--bs-link-opacity, .5));text-decoration-color:rgba(var(--bs-link-color-rgb),var(--bs-link-opacity, .5));text-underline-offset:.25em;-webkit-backface-visibility:hidden;backface-visibility:hidden}.icon-link>.bi{flex-shrink:0;width:1em;height:1em;fill:currentcolor;transition:.2s ease-in-out transform}@media (prefers-reduced-motion: reduce){.icon-link>.bi{transition:none}}.icon-link-hover:hover>.bi,.icon-link-hover:focus-visible>.bi{transform:var(--bs-icon-link-transform, translate3d(.25em, 0, 0))}.ratio{position:relative;width:100%}.ratio:before{display:block;padding-top:var(--bs-aspect-ratio);content:""}.ratio>*{position:absolute;top:0;left:0;width:100%;height:100%}.ratio-1x1{--bs-aspect-ratio: 100%}.ratio-4x3{--bs-aspect-ratio: 75%}.ratio-16x9{--bs-aspect-ratio: 56.25%}.ratio-21x9{--bs-aspect-ratio: 42.8571428571%}.fixed-top{position:fixed;top:0;right:0;left:0;z-index:1030}.fixed-bottom{position:fixed;right:0;bottom:0;left:0;z-index:1030}.sticky-top{position:-webkit-sticky;position:sticky;top:0;z-index:1020}.sticky-bottom{position:-webkit-sticky;position:sticky;bottom:0;z-index:1020}@media (min-width: 576px){.sticky-sm-top{position:-webkit-sticky;position:sticky;top:0;z-index:1020}.sticky-sm-bottom{position:-webkit-sticky;position:sticky;bottom:0;z-index:1020}}@media (min-width: 768px){.sticky-md-top{position:-webkit-sticky;position:sticky;top:0;z-index:1020}.sticky-md-bottom{position:-webkit-sticky;position:sticky;bottom:0;z-index:1020}}@media (min-width: 992px){.sticky-lg-top{position:-webkit-sticky;position:sticky;top:0;z-index:1020}.sticky-lg-bottom{position:-webkit-sticky;position:sticky;bottom:0;z-index:1020}}@media (min-width: 1200px){.sticky-xl-top{position:-webkit-sticky;position:sticky;top:0;z-index:1020}.sticky-xl-bottom{position:-webkit-sticky;position:sticky;bottom:0;z-index:1020}}@media (min-width: 1400px){.sticky-xxl-top{position:-webkit-sticky;position:sticky;top:0;z-index:1020}.sticky-xxl-bottom{position:-webkit-sticky;position:sticky;bottom:0;z-index:1020}}.hstack{display:flex;flex-direction:row;align-items:center;align-self:stretch}.vstack{display:flex;flex:1 1 auto;flex-direction:column;align-self:stretch}.visually-hidden,.visually-hidden-focusable:not(:focus):not(:focus-within){width:1px!important;height:1px!important;padding:0!important;margin:-1px!important;overflow:hidden!important;clip:rect(0,0,0,0)!important;white-space:nowrap!important;border:0!important}.visually-hidden:not(caption),.visually-hidden-focusable:not(:focus):not(:focus-within):not(caption){position:absolute!important}.visually-hidden *,.visually-hidden-focusable:not(:focus):not(:focus-within) *{overflow:hidden!important}.stretched-link:after{position:absolute;inset:0;z-index:1;content:""}.text-truncate{overflow:hidden;text-overflow:ellipsis;white-space:nowrap}.vr{display:inline-block;align-self:stretch;width:var(--bs-border-width);min-height:1em;background-color:currentcolor;opacity:.25}.align-baseline{vertical-align:baseline!important}.align-top{vertical-align:top!important}.align-middle{vertical-align:middle!important}.align-bottom{vertical-align:bottom!important}.align-text-bottom{vertical-align:text-bottom!important}.align-text-top{vertical-align:text-top!important}.float-start{float:left!important}.float-end{float:right!important}.float-none{float:none!important}.object-fit-contain{-o-object-fit:contain!important;object-fit:contain!important}.object-fit-cover{-o-object-fit:cover!important;object-fit:cover!important}.object-fit-fill{-o-object-fit:fill!important;object-fit:fill!important}.object-fit-scale{-o-object-fit:scale-down!important;object-fit:scale-down!important}.object-fit-none{-o-object-fit:none!important;object-fit:none!important}.opacity-0{opacity:0!important}.opacity-25{opacity:.25!important}.opacity-50{opacity:.5!important}.opacity-75{opacity:.75!important}.opacity-100{opacity:1!important}.overflow-auto{overflow:auto!important}.overflow-hidden{overflow:hidden!important}.overflow-visible{overflow:visible!important}.overflow-scroll{overflow:scroll!important}.overflow-x-auto{overflow-x:auto!important}.overflow-x-hidden{overflow-x:hidden!important}.overflow-x-visible{overflow-x:visible!important}.overflow-x-scroll{overflow-x:scroll!important}.overflow-y-auto{overflow-y:auto!important}.overflow-y-hidden{overflow-y:hidden!important}.overflow-y-visible{overflow-y:visible!important}.overflow-y-scroll{overflow-y:scroll!important}.d-inline{display:inline!important}.d-inline-block{display:inline-block!important}.d-block{display:block!important}.d-grid{display:grid!important}.d-inline-grid{display:inline-grid!important}.d-table{display:table!important}.d-table-row{display:table-row!important}.d-table-cell{display:table-cell!important}.d-flex{display:flex!important}.d-inline-flex{display:inline-flex!important}.d-none{display:none!important}.shadow{box-shadow:var(--bs-box-shadow)!important}.shadow-sm{box-shadow:var(--bs-box-shadow-sm)!important}.shadow-lg{box-shadow:var(--bs-box-shadow-lg)!important}.shadow-none{box-shadow:none!important}.focus-ring-primary{--bs-focus-ring-color: rgba(var(--bs-primary-rgb), var(--bs-focus-ring-opacity))}.focus-ring-secondary{--bs-focus-ring-color: rgba(var(--bs-secondary-rgb), var(--bs-focus-ring-opacity))}.focus-ring-success{--bs-focus-ring-color: rgba(var(--bs-success-rgb), var(--bs-focus-ring-opacity))}.focus-ring-info{--bs-focus-ring-color: rgba(var(--bs-info-rgb), var(--bs-focus-ring-opacity))}.focus-ring-warning{--bs-focus-ring-color: rgba(var(--bs-warning-rgb), var(--bs-focus-ring-opacity))}.focus-ring-danger{--bs-focus-ring-color: rgba(var(--bs-danger-rgb), var(--bs-focus-ring-opacity))}.focus-ring-light{--bs-focus-ring-color: rgba(var(--bs-light-rgb), var(--bs-focus-ring-opacity))}.focus-ring-dark{--bs-focus-ring-color: rgba(var(--bs-dark-rgb), var(--bs-focus-ring-opacity))}.position-static{position:static!important}.position-relative{position:relative!important}.position-absolute{position:absolute!important}.position-fixed{position:fixed!important}.position-sticky{position:-webkit-sticky!important;position:sticky!important}.top-0{top:0!important}.top-50{top:50%!important}.top-100{top:100%!important}.bottom-0{bottom:0!important}.bottom-50{bottom:50%!important}.bottom-100{bottom:100%!important}.start-0{left:0!important}.start-50{left:50%!important}.start-100{left:100%!important}.end-0{right:0!important}.end-50{right:50%!important}.end-100{right:100%!important}.translate-middle{transform:translate(-50%,-50%)!important}.translate-middle-x{transform:translate(-50%)!important}.translate-middle-y{transform:translateY(-50%)!important}.border{border:var(--bs-border-width) var(--bs-border-style) var(--bs-border-color)!important}.border-0{border:0!important}.border-top{border-top:var(--bs-border-width) var(--bs-border-style) var(--bs-border-color)!important}.border-top-0{border-top:0!important}.border-end{border-right:var(--bs-border-width) var(--bs-border-style) var(--bs-border-color)!important}.border-end-0{border-right:0!important}.border-bottom{border-bottom:var(--bs-border-width) var(--bs-border-style) var(--bs-border-color)!important}.border-bottom-0{border-bottom:0!important}.border-start{border-left:var(--bs-border-width) var(--bs-border-style) var(--bs-border-color)!important}.border-start-0{border-left:0!important}.border-primary{--bs-border-opacity: 1;border-color:rgba(var(--bs-primary-rgb),var(--bs-border-opacity))!important}.border-secondary{--bs-border-opacity: 1;border-color:rgba(var(--bs-secondary-rgb),var(--bs-border-opacity))!important}.border-success{--bs-border-opacity: 1;border-color:rgba(var(--bs-success-rgb),var(--bs-border-opacity))!important}.border-info{--bs-border-opacity: 1;border-color:rgba(var(--bs-info-rgb),var(--bs-border-opacity))!important}.border-warning{--bs-border-opacity: 1;border-color:rgba(var(--bs-warning-rgb),var(--bs-border-opacity))!important}.border-danger{--bs-border-opacity: 1;border-color:rgba(var(--bs-danger-rgb),var(--bs-border-opacity))!important}.border-light{--bs-border-opacity: 1;border-color:rgba(var(--bs-light-rgb),var(--bs-border-opacity))!important}.border-dark{--bs-border-opacity: 1;border-color:rgba(var(--bs-dark-rgb),var(--bs-border-opacity))!important}.border-black{--bs-border-opacity: 1;border-color:rgba(var(--bs-black-rgb),var(--bs-border-opacity))!important}.border-white{--bs-border-opacity: 1;border-color:rgba(var(--bs-white-rgb),var(--bs-border-opacity))!important}.border-primary-subtle{border-color:var(--bs-primary-border-subtle)!important}.border-secondary-subtle{border-color:var(--bs-secondary-border-subtle)!important}.border-success-subtle{border-color:var(--bs-success-border-subtle)!important}.border-info-subtle{border-color:var(--bs-info-border-subtle)!important}.border-warning-subtle{border-color:var(--bs-warning-border-subtle)!important}.border-danger-subtle{border-color:var(--bs-danger-border-subtle)!important}.border-light-subtle{border-color:var(--bs-light-border-subtle)!important}.border-dark-subtle{border-color:var(--bs-dark-border-subtle)!important}.border-1{border-width:1px!important}.border-2{border-width:2px!important}.border-3{border-width:3px!important}.border-4{border-width:4px!important}.border-5{border-width:5px!important}.border-opacity-10{--bs-border-opacity: .1}.border-opacity-25{--bs-border-opacity: .25}.border-opacity-50{--bs-border-opacity: .5}.border-opacity-75{--bs-border-opacity: .75}.border-opacity-100{--bs-border-opacity: 1}.w-25{width:25%!important}.w-50{width:50%!important}.w-75{width:75%!important}.w-100{width:100%!important}.w-auto{width:auto!important}.mw-100{max-width:100%!important}.vw-100{width:100vw!important}.min-vw-100{min-width:100vw!important}.h-25{height:25%!important}.h-50{height:50%!important}.h-75{height:75%!important}.h-100{height:100%!important}.h-auto{height:auto!important}.mh-100{max-height:100%!important}.vh-100{height:100vh!important}.min-vh-100{min-height:100vh!important}.flex-fill{flex:1 1 auto!important}.flex-row{flex-direction:row!important}.flex-column{flex-direction:column!important}.flex-row-reverse{flex-direction:row-reverse!important}.flex-column-reverse{flex-direction:column-reverse!important}.flex-grow-0{flex-grow:0!important}.flex-grow-1{flex-grow:1!important}.flex-shrink-0{flex-shrink:0!important}.flex-shrink-1{flex-shrink:1!important}.flex-wrap{flex-wrap:wrap!important}.flex-nowrap{flex-wrap:nowrap!important}.flex-wrap-reverse{flex-wrap:wrap-reverse!important}.justify-content-start{justify-content:flex-start!important}.justify-content-end{justify-content:flex-end!important}.justify-content-center{justify-content:center!important}.justify-content-between{justify-content:space-between!important}.justify-content-around{justify-content:space-around!important}.justify-content-evenly{justify-content:space-evenly!important}.align-items-start{align-items:flex-start!important}.align-items-end{align-items:flex-end!important}.align-items-center{align-items:center!important}.align-items-baseline{align-items:baseline!important}.align-items-stretch{align-items:stretch!important}.align-content-start{align-content:flex-start!important}.align-content-end{align-content:flex-end!important}.align-content-center{align-content:center!important}.align-content-between{align-content:space-between!important}.align-content-around{align-content:space-around!important}.align-content-stretch{align-content:stretch!important}.align-self-auto{align-self:auto!important}.align-self-start{align-self:flex-start!important}.align-self-end{align-self:flex-end!important}.align-self-center{align-self:center!important}.align-self-baseline{align-self:baseline!important}.align-self-stretch{align-self:stretch!important}.order-first{order:-1!important}.order-0{order:0!important}.order-1{order:1!important}.order-2{order:2!important}.order-3{order:3!important}.order-4{order:4!important}.order-5{order:5!important}.order-last{order:6!important}.m-0{margin:0!important}.m-1{margin:.25rem!important}.m-2{margin:.5rem!important}.m-3{margin:1rem!important}.m-4{margin:1.5rem!important}.m-5{margin:3rem!important}.m-auto{margin:auto!important}.mx-0{margin-right:0!important;margin-left:0!important}.mx-1{margin-right:.25rem!important;margin-left:.25rem!important}.mx-2{margin-right:.5rem!important;margin-left:.5rem!important}.mx-3{margin-right:1rem!important;margin-left:1rem!important}.mx-4{margin-right:1.5rem!important;margin-left:1.5rem!important}.mx-5{margin-right:3rem!important;margin-left:3rem!important}.mx-auto{margin-right:auto!important;margin-left:auto!important}.my-0{margin-top:0!important;margin-bottom:0!important}.my-1{margin-top:.25rem!important;margin-bottom:.25rem!important}.my-2{margin-top:.5rem!important;margin-bottom:.5rem!important}.my-3{margin-top:1rem!important;margin-bottom:1rem!important}.my-4{margin-top:1.5rem!important;margin-bottom:1.5rem!important}.my-5{margin-top:3rem!important;margin-bottom:3rem!important}.my-auto{margin-top:auto!important;margin-bottom:auto!important}.mt-0{margin-top:0!important}.mt-1{margin-top:.25rem!important}.mt-2{margin-top:.5rem!important}.mt-3{margin-top:1rem!important}.mt-4{margin-top:1.5rem!important}.mt-5{margin-top:3rem!important}.mt-auto{margin-top:auto!important}.me-0{margin-right:0!important}.me-1{margin-right:.25rem!important}.me-2{margin-right:.5rem!important}.me-3{margin-right:1rem!important}.me-4{margin-right:1.5rem!important}.me-5{margin-right:3rem!important}.me-auto{margin-right:auto!important}.mb-0{margin-bottom:0!important}.mb-1{margin-bottom:.25rem!important}.mb-2{margin-bottom:.5rem!important}.mb-3{margin-bottom:1rem!important}.mb-4{margin-bottom:1.5rem!important}.mb-5{margin-bottom:3rem!important}.mb-auto{margin-bottom:auto!important}.ms-0{margin-left:0!important}.ms-1{margin-left:.25rem!important}.ms-2{margin-left:.5rem!important}.ms-3{margin-left:1rem!important}.ms-4{margin-left:1.5rem!important}.ms-5{margin-left:3rem!important}.ms-auto{margin-left:auto!important}.p-0{padding:0!important}.p-1{padding:.25rem!important}.p-2{padding:.5rem!important}.p-3{padding:1rem!important}.p-4{padding:1.5rem!important}.p-5{padding:3rem!important}.px-0{padding-right:0!important;padding-left:0!important}.px-1{padding-right:.25rem!important;padding-left:.25rem!important}.px-2{padding-right:.5rem!important;padding-left:.5rem!important}.px-3{padding-right:1rem!important;padding-left:1rem!important}.px-4{padding-right:1.5rem!important;padding-left:1.5rem!important}.px-5{padding-right:3rem!important;padding-left:3rem!important}.py-0{padding-top:0!important;padding-bottom:0!important}.py-1{padding-top:.25rem!important;padding-bottom:.25rem!important}.py-2{padding-top:.5rem!important;padding-bottom:.5rem!important}.py-3{padding-top:1rem!important;padding-bottom:1rem!important}.py-4{padding-top:1.5rem!important;padding-bottom:1.5rem!important}.py-5{padding-top:3rem!important;padding-bottom:3rem!important}.pt-0{padding-top:0!important}.pt-1{padding-top:.25rem!important}.pt-2{padding-top:.5rem!important}.pt-3{padding-top:1rem!important}.pt-4{padding-top:1.5rem!important}.pt-5{padding-top:3rem!important}.pe-0{padding-right:0!important}.pe-1{padding-right:.25rem!important}.pe-2{padding-right:.5rem!important}.pe-3{padding-right:1rem!important}.pe-4{padding-right:1.5rem!important}.pe-5{padding-right:3rem!important}.pb-0{padding-bottom:0!important}.pb-1{padding-bottom:.25rem!important}.pb-2{padding-bottom:.5rem!important}.pb-3{padding-bottom:1rem!important}.pb-4{padding-bottom:1.5rem!important}.pb-5{padding-bottom:3rem!important}.ps-0{padding-left:0!important}.ps-1{padding-left:.25rem!important}.ps-2{padding-left:.5rem!important}.ps-3{padding-left:1rem!important}.ps-4{padding-left:1.5rem!important}.ps-5{padding-left:3rem!important}.gap-0{gap:0!important}.gap-1{gap:.25rem!important}.gap-2{gap:.5rem!important}.gap-3{gap:1rem!important}.gap-4{gap:1.5rem!important}.gap-5{gap:3rem!important}.row-gap-0{row-gap:0!important}.row-gap-1{row-gap:.25rem!important}.row-gap-2{row-gap:.5rem!important}.row-gap-3{row-gap:1rem!important}.row-gap-4{row-gap:1.5rem!important}.row-gap-5{row-gap:3rem!important}.column-gap-0{-moz-column-gap:0!important;column-gap:0!important}.column-gap-1{-moz-column-gap:.25rem!important;column-gap:.25rem!important}.column-gap-2{-moz-column-gap:.5rem!important;column-gap:.5rem!important}.column-gap-3{-moz-column-gap:1rem!important;column-gap:1rem!important}.column-gap-4{-moz-column-gap:1.5rem!important;column-gap:1.5rem!important}.column-gap-5{-moz-column-gap:3rem!important;column-gap:3rem!important}.font-monospace{font-family:var(--bs-font-monospace)!important}.fs-1{font-size:calc(1.375rem + 1.5vw)!important}.fs-2{font-size:calc(1.325rem + .9vw)!important}.fs-3{font-size:calc(1.3rem + .6vw)!important}.fs-4{font-size:calc(1.275rem + .3vw)!important}.fs-5{font-size:1.25rem!important}.fs-6{font-size:1rem!important}.fst-italic{font-style:italic!important}.fst-normal{font-style:normal!important}.fw-lighter{font-weight:lighter!important}.fw-light{font-weight:300!important}.fw-normal{font-weight:400!important}.fw-medium{font-weight:500!important}.fw-semibold{font-weight:600!important}.fw-bold{font-weight:700!important}.fw-bolder{font-weight:bolder!important}.lh-1{line-height:1!important}.lh-sm{line-height:1.25!important}.lh-base{line-height:1.5!important}.lh-lg{line-height:2!important}.text-start{text-align:left!important}.text-end{text-align:right!important}.text-center{text-align:center!important}.text-decoration-none{text-decoration:none!important}.text-decoration-underline{text-decoration:underline!important}.text-decoration-line-through{text-decoration:line-through!important}.text-lowercase{text-transform:lowercase!important}.text-uppercase{text-transform:uppercase!important}.text-capitalize{text-transform:capitalize!important}.text-wrap{white-space:normal!important}.text-nowrap{white-space:nowrap!important}.text-break{word-wrap:break-word!important;word-break:break-word!important}.text-primary{--bs-text-opacity: 1;color:rgba(var(--bs-primary-rgb),var(--bs-text-opacity))!important}.text-secondary{--bs-text-opacity: 1;color:rgba(var(--bs-secondary-rgb),var(--bs-text-opacity))!important}.text-success{--bs-text-opacity: 1;color:rgba(var(--bs-success-rgb),var(--bs-text-opacity))!important}.text-info{--bs-text-opacity: 1;color:rgba(var(--bs-info-rgb),var(--bs-text-opacity))!important}.text-warning{--bs-text-opacity: 1;color:rgba(var(--bs-warning-rgb),var(--bs-text-opacity))!important}.text-danger{--bs-text-opacity: 1;color:rgba(var(--bs-danger-rgb),var(--bs-text-opacity))!important}.text-light{--bs-text-opacity: 1;color:rgba(var(--bs-light-rgb),var(--bs-text-opacity))!important}.text-dark{--bs-text-opacity: 1;color:rgba(var(--bs-dark-rgb),var(--bs-text-opacity))!important}.text-black{--bs-text-opacity: 1;color:rgba(var(--bs-black-rgb),var(--bs-text-opacity))!important}.text-white{--bs-text-opacity: 1;color:rgba(var(--bs-white-rgb),var(--bs-text-opacity))!important}.text-body{--bs-text-opacity: 1;color:rgba(var(--bs-body-color-rgb),var(--bs-text-opacity))!important}.text-muted{--bs-text-opacity: 1;color:var(--bs-secondary-color)!important}.text-black-50{--bs-text-opacity: 1;color:#00000080!important}.text-white-50{--bs-text-opacity: 1;color:#ffffff80!important}.text-body-secondary{--bs-text-opacity: 1;color:var(--bs-secondary-color)!important}.text-body-tertiary{--bs-text-opacity: 1;color:var(--bs-tertiary-color)!important}.text-body-emphasis{--bs-text-opacity: 1;color:var(--bs-emphasis-color)!important}.text-reset{--bs-text-opacity: 1;color:inherit!important}.text-opacity-25{--bs-text-opacity: .25}.text-opacity-50{--bs-text-opacity: .5}.text-opacity-75{--bs-text-opacity: .75}.text-opacity-100{--bs-text-opacity: 1}.text-primary-emphasis{color:var(--bs-primary-text-emphasis)!important}.text-secondary-emphasis{color:var(--bs-secondary-text-emphasis)!important}.text-success-emphasis{color:var(--bs-success-text-emphasis)!important}.text-info-emphasis{color:var(--bs-info-text-emphasis)!important}.text-warning-emphasis{color:var(--bs-warning-text-emphasis)!important}.text-danger-emphasis{color:var(--bs-danger-text-emphasis)!important}.text-light-emphasis{color:var(--bs-light-text-emphasis)!important}.text-dark-emphasis{color:var(--bs-dark-text-emphasis)!important}.link-opacity-10,.link-opacity-10-hover:hover{--bs-link-opacity: .1}.link-opacity-25,.link-opacity-25-hover:hover{--bs-link-opacity: .25}.link-opacity-50,.link-opacity-50-hover:hover{--bs-link-opacity: .5}.link-opacity-75,.link-opacity-75-hover:hover{--bs-link-opacity: .75}.link-opacity-100,.link-opacity-100-hover:hover{--bs-link-opacity: 1}.link-offset-1,.link-offset-1-hover:hover{text-underline-offset:.125em!important}.link-offset-2,.link-offset-2-hover:hover{text-underline-offset:.25em!important}.link-offset-3,.link-offset-3-hover:hover{text-underline-offset:.375em!important}.link-underline-primary{--bs-link-underline-opacity: 1;-webkit-text-decoration-color:rgba(var(--bs-primary-rgb),var(--bs-link-underline-opacity))!important;text-decoration-color:rgba(var(--bs-primary-rgb),var(--bs-link-underline-opacity))!important}.link-underline-secondary{--bs-link-underline-opacity: 1;-webkit-text-decoration-color:rgba(var(--bs-secondary-rgb),var(--bs-link-underline-opacity))!important;text-decoration-color:rgba(var(--bs-secondary-rgb),var(--bs-link-underline-opacity))!important}.link-underline-success{--bs-link-underline-opacity: 1;-webkit-text-decoration-color:rgba(var(--bs-success-rgb),var(--bs-link-underline-opacity))!important;text-decoration-color:rgba(var(--bs-success-rgb),var(--bs-link-underline-opacity))!important}.link-underline-info{--bs-link-underline-opacity: 1;-webkit-text-decoration-color:rgba(var(--bs-info-rgb),var(--bs-link-underline-opacity))!important;text-decoration-color:rgba(var(--bs-info-rgb),var(--bs-link-underline-opacity))!important}.link-underline-warning{--bs-link-underline-opacity: 1;-webkit-text-decoration-color:rgba(var(--bs-warning-rgb),var(--bs-link-underline-opacity))!important;text-decoration-color:rgba(var(--bs-warning-rgb),var(--bs-link-underline-opacity))!important}.link-underline-danger{--bs-link-underline-opacity: 1;-webkit-text-decoration-color:rgba(var(--bs-danger-rgb),var(--bs-link-underline-opacity))!important;text-decoration-color:rgba(var(--bs-danger-rgb),var(--bs-link-underline-opacity))!important}.link-underline-light{--bs-link-underline-opacity: 1;-webkit-text-decoration-color:rgba(var(--bs-light-rgb),var(--bs-link-underline-opacity))!important;text-decoration-color:rgba(var(--bs-light-rgb),var(--bs-link-underline-opacity))!important}.link-underline-dark{--bs-link-underline-opacity: 1;-webkit-text-decoration-color:rgba(var(--bs-dark-rgb),var(--bs-link-underline-opacity))!important;text-decoration-color:rgba(var(--bs-dark-rgb),var(--bs-link-underline-opacity))!important}.link-underline{--bs-link-underline-opacity: 1;-webkit-text-decoration-color:rgba(var(--bs-link-color-rgb),var(--bs-link-underline-opacity, 1))!important;text-decoration-color:rgba(var(--bs-link-color-rgb),var(--bs-link-underline-opacity, 1))!important}.link-underline-opacity-0,.link-underline-opacity-0-hover:hover{--bs-link-underline-opacity: 0}.link-underline-opacity-10,.link-underline-opacity-10-hover:hover{--bs-link-underline-opacity: .1}.link-underline-opacity-25,.link-underline-opacity-25-hover:hover{--bs-link-underline-opacity: .25}.link-underline-opacity-50,.link-underline-opacity-50-hover:hover{--bs-link-underline-opacity: .5}.link-underline-opacity-75,.link-underline-opacity-75-hover:hover{--bs-link-underline-opacity: .75}.link-underline-opacity-100,.link-underline-opacity-100-hover:hover{--bs-link-underline-opacity: 1}.bg-primary{--bs-bg-opacity: 1;background-color:rgba(var(--bs-primary-rgb),var(--bs-bg-opacity))!important}.bg-secondary{--bs-bg-opacity: 1;background-color:rgba(var(--bs-secondary-rgb),var(--bs-bg-opacity))!important}.bg-success{--bs-bg-opacity: 1;background-color:rgba(var(--bs-success-rgb),var(--bs-bg-opacity))!important}.bg-info{--bs-bg-opacity: 1;background-color:rgba(var(--bs-info-rgb),var(--bs-bg-opacity))!important}.bg-warning{--bs-bg-opacity: 1;background-color:rgba(var(--bs-warning-rgb),var(--bs-bg-opacity))!important}.bg-danger{--bs-bg-opacity: 1;background-color:rgba(var(--bs-danger-rgb),var(--bs-bg-opacity))!important}.bg-light{--bs-bg-opacity: 1;background-color:rgba(var(--bs-light-rgb),var(--bs-bg-opacity))!important}.bg-dark{--bs-bg-opacity: 1;background-color:rgba(var(--bs-dark-rgb),var(--bs-bg-opacity))!important}.bg-black{--bs-bg-opacity: 1;background-color:rgba(var(--bs-black-rgb),var(--bs-bg-opacity))!important}.bg-white{--bs-bg-opacity: 1;background-color:rgba(var(--bs-white-rgb),var(--bs-bg-opacity))!important}.bg-body{--bs-bg-opacity: 1;background-color:rgba(var(--bs-body-bg-rgb),var(--bs-bg-opacity))!important}.bg-transparent{--bs-bg-opacity: 1;background-color:transparent!important}.bg-body-secondary{--bs-bg-opacity: 1;background-color:rgba(var(--bs-secondary-bg-rgb),var(--bs-bg-opacity))!important}.bg-body-tertiary{--bs-bg-opacity: 1;background-color:rgba(var(--bs-tertiary-bg-rgb),var(--bs-bg-opacity))!important}.bg-opacity-10{--bs-bg-opacity: .1}.bg-opacity-25{--bs-bg-opacity: .25}.bg-opacity-50{--bs-bg-opacity: .5}.bg-opacity-75{--bs-bg-opacity: .75}.bg-opacity-100{--bs-bg-opacity: 1}.bg-primary-subtle{background-color:var(--bs-primary-bg-subtle)!important}.bg-secondary-subtle{background-color:var(--bs-secondary-bg-subtle)!important}.bg-success-subtle{background-color:var(--bs-success-bg-subtle)!important}.bg-info-subtle{background-color:var(--bs-info-bg-subtle)!important}.bg-warning-subtle{background-color:var(--bs-warning-bg-subtle)!important}.bg-danger-subtle{background-color:var(--bs-danger-bg-subtle)!important}.bg-light-subtle{background-color:var(--bs-light-bg-subtle)!important}.bg-dark-subtle{background-color:var(--bs-dark-bg-subtle)!important}.bg-gradient{background-image:var(--bs-gradient)!important}.user-select-all{-webkit-user-select:all!important;-moz-user-select:all!important;user-select:all!important}.user-select-auto{-webkit-user-select:auto!important;-moz-user-select:auto!important;user-select:auto!important}.user-select-none{-webkit-user-select:none!important;-moz-user-select:none!important;user-select:none!important}.pe-none{pointer-events:none!important}.pe-auto{pointer-events:auto!important}.rounded{border-radius:var(--bs-border-radius)!important}.rounded-0{border-radius:0!important}.rounded-1{border-radius:var(--bs-border-radius-sm)!important}.rounded-2{border-radius:var(--bs-border-radius)!important}.rounded-3{border-radius:var(--bs-border-radius-lg)!important}.rounded-4{border-radius:var(--bs-border-radius-xl)!important}.rounded-5{border-radius:var(--bs-border-radius-xxl)!important}.rounded-circle{border-radius:50%!important}.rounded-pill{border-radius:var(--bs-border-radius-pill)!important}.rounded-top{border-top-left-radius:var(--bs-border-radius)!important;border-top-right-radius:var(--bs-border-radius)!important}.rounded-top-0{border-top-left-radius:0!important;border-top-right-radius:0!important}.rounded-top-1{border-top-left-radius:var(--bs-border-radius-sm)!important;border-top-right-radius:var(--bs-border-radius-sm)!important}.rounded-top-2{border-top-left-radius:var(--bs-border-radius)!important;border-top-right-radius:var(--bs-border-radius)!important}.rounded-top-3{border-top-left-radius:var(--bs-border-radius-lg)!important;border-top-right-radius:var(--bs-border-radius-lg)!important}.rounded-top-4{border-top-left-radius:var(--bs-border-radius-xl)!important;border-top-right-radius:var(--bs-border-radius-xl)!important}.rounded-top-5{border-top-left-radius:var(--bs-border-radius-xxl)!important;border-top-right-radius:var(--bs-border-radius-xxl)!important}.rounded-top-circle{border-top-left-radius:50%!important;border-top-right-radius:50%!important}.rounded-top-pill{border-top-left-radius:var(--bs-border-radius-pill)!important;border-top-right-radius:var(--bs-border-radius-pill)!important}.rounded-end{border-top-right-radius:var(--bs-border-radius)!important;border-bottom-right-radius:var(--bs-border-radius)!important}.rounded-end-0{border-top-right-radius:0!important;border-bottom-right-radius:0!important}.rounded-end-1{border-top-right-radius:var(--bs-border-radius-sm)!important;border-bottom-right-radius:var(--bs-border-radius-sm)!important}.rounded-end-2{border-top-right-radius:var(--bs-border-radius)!important;border-bottom-right-radius:var(--bs-border-radius)!important}.rounded-end-3{border-top-right-radius:var(--bs-border-radius-lg)!important;border-bottom-right-radius:var(--bs-border-radius-lg)!important}.rounded-end-4{border-top-right-radius:var(--bs-border-radius-xl)!important;border-bottom-right-radius:var(--bs-border-radius-xl)!important}.rounded-end-5{border-top-right-radius:var(--bs-border-radius-xxl)!important;border-bottom-right-radius:var(--bs-border-radius-xxl)!important}.rounded-end-circle{border-top-right-radius:50%!important;border-bottom-right-radius:50%!important}.rounded-end-pill{border-top-right-radius:var(--bs-border-radius-pill)!important;border-bottom-right-radius:var(--bs-border-radius-pill)!important}.rounded-bottom{border-bottom-right-radius:var(--bs-border-radius)!important;border-bottom-left-radius:var(--bs-border-radius)!important}.rounded-bottom-0{border-bottom-right-radius:0!important;border-bottom-left-radius:0!important}.rounded-bottom-1{border-bottom-right-radius:var(--bs-border-radius-sm)!important;border-bottom-left-radius:var(--bs-border-radius-sm)!important}.rounded-bottom-2{border-bottom-right-radius:var(--bs-border-radius)!important;border-bottom-left-radius:var(--bs-border-radius)!important}.rounded-bottom-3{border-bottom-right-radius:var(--bs-border-radius-lg)!important;border-bottom-left-radius:var(--bs-border-radius-lg)!important}.rounded-bottom-4{border-bottom-right-radius:var(--bs-border-radius-xl)!important;border-bottom-left-radius:var(--bs-border-radius-xl)!important}.rounded-bottom-5{border-bottom-right-radius:var(--bs-border-radius-xxl)!important;border-bottom-left-radius:var(--bs-border-radius-xxl)!important}.rounded-bottom-circle{border-bottom-right-radius:50%!important;border-bottom-left-radius:50%!important}.rounded-bottom-pill{border-bottom-right-radius:var(--bs-border-radius-pill)!important;border-bottom-left-radius:var(--bs-border-radius-pill)!important}.rounded-start{border-bottom-left-radius:var(--bs-border-radius)!important;border-top-left-radius:var(--bs-border-radius)!important}.rounded-start-0{border-bottom-left-radius:0!important;border-top-left-radius:0!important}.rounded-start-1{border-bottom-left-radius:var(--bs-border-radius-sm)!important;border-top-left-radius:var(--bs-border-radius-sm)!important}.rounded-start-2{border-bottom-left-radius:var(--bs-border-radius)!important;border-top-left-radius:var(--bs-border-radius)!important}.rounded-start-3{border-bottom-left-radius:var(--bs-border-radius-lg)!important;border-top-left-radius:var(--bs-border-radius-lg)!important}.rounded-start-4{border-bottom-left-radius:var(--bs-border-radius-xl)!important;border-top-left-radius:var(--bs-border-radius-xl)!important}.rounded-start-5{border-bottom-left-radius:var(--bs-border-radius-xxl)!important;border-top-left-radius:var(--bs-border-radius-xxl)!important}.rounded-start-circle{border-bottom-left-radius:50%!important;border-top-left-radius:50%!important}.rounded-start-pill{border-bottom-left-radius:var(--bs-border-radius-pill)!important;border-top-left-radius:var(--bs-border-radius-pill)!important}.visible{visibility:visible!important}.invisible{visibility:hidden!important}.z-n1{z-index:-1!important}.z-0{z-index:0!important}.z-1{z-index:1!important}.z-2{z-index:2!important}.z-3{z-index:3!important}@media (min-width: 576px){.float-sm-start{float:left!important}.float-sm-end{float:right!important}.float-sm-none{float:none!important}.object-fit-sm-contain{-o-object-fit:contain!important;object-fit:contain!important}.object-fit-sm-cover{-o-object-fit:cover!important;object-fit:cover!important}.object-fit-sm-fill{-o-object-fit:fill!important;object-fit:fill!important}.object-fit-sm-scale{-o-object-fit:scale-down!important;object-fit:scale-down!important}.object-fit-sm-none{-o-object-fit:none!important;object-fit:none!important}.d-sm-inline{display:inline!important}.d-sm-inline-block{display:inline-block!important}.d-sm-block{display:block!important}.d-sm-grid{display:grid!important}.d-sm-inline-grid{display:inline-grid!important}.d-sm-table{display:table!important}.d-sm-table-row{display:table-row!important}.d-sm-table-cell{display:table-cell!important}.d-sm-flex{display:flex!important}.d-sm-inline-flex{display:inline-flex!important}.d-sm-none{display:none!important}.flex-sm-fill{flex:1 1 auto!important}.flex-sm-row{flex-direction:row!important}.flex-sm-column{flex-direction:column!important}.flex-sm-row-reverse{flex-direction:row-reverse!important}.flex-sm-column-reverse{flex-direction:column-reverse!important}.flex-sm-grow-0{flex-grow:0!important}.flex-sm-grow-1{flex-grow:1!important}.flex-sm-shrink-0{flex-shrink:0!important}.flex-sm-shrink-1{flex-shrink:1!important}.flex-sm-wrap{flex-wrap:wrap!important}.flex-sm-nowrap{flex-wrap:nowrap!important}.flex-sm-wrap-reverse{flex-wrap:wrap-reverse!important}.justify-content-sm-start{justify-content:flex-start!important}.justify-content-sm-end{justify-content:flex-end!important}.justify-content-sm-center{justify-content:center!important}.justify-content-sm-between{justify-content:space-between!important}.justify-content-sm-around{justify-content:space-around!important}.justify-content-sm-evenly{justify-content:space-evenly!important}.align-items-sm-start{align-items:flex-start!important}.align-items-sm-end{align-items:flex-end!important}.align-items-sm-center{align-items:center!important}.align-items-sm-baseline{align-items:baseline!important}.align-items-sm-stretch{align-items:stretch!important}.align-content-sm-start{align-content:flex-start!important}.align-content-sm-end{align-content:flex-end!important}.align-content-sm-center{align-content:center!important}.align-content-sm-between{align-content:space-between!important}.align-content-sm-around{align-content:space-around!important}.align-content-sm-stretch{align-content:stretch!important}.align-self-sm-auto{align-self:auto!important}.align-self-sm-start{align-self:flex-start!important}.align-self-sm-end{align-self:flex-end!important}.align-self-sm-center{align-self:center!important}.align-self-sm-baseline{align-self:baseline!important}.align-self-sm-stretch{align-self:stretch!important}.order-sm-first{order:-1!important}.order-sm-0{order:0!important}.order-sm-1{order:1!important}.order-sm-2{order:2!important}.order-sm-3{order:3!important}.order-sm-4{order:4!important}.order-sm-5{order:5!important}.order-sm-last{order:6!important}.m-sm-0{margin:0!important}.m-sm-1{margin:.25rem!important}.m-sm-2{margin:.5rem!important}.m-sm-3{margin:1rem!important}.m-sm-4{margin:1.5rem!important}.m-sm-5{margin:3rem!important}.m-sm-auto{margin:auto!important}.mx-sm-0{margin-right:0!important;margin-left:0!important}.mx-sm-1{margin-right:.25rem!important;margin-left:.25rem!important}.mx-sm-2{margin-right:.5rem!important;margin-left:.5rem!important}.mx-sm-3{margin-right:1rem!important;margin-left:1rem!important}.mx-sm-4{margin-right:1.5rem!important;margin-left:1.5rem!important}.mx-sm-5{margin-right:3rem!important;margin-left:3rem!important}.mx-sm-auto{margin-right:auto!important;margin-left:auto!important}.my-sm-0{margin-top:0!important;margin-bottom:0!important}.my-sm-1{margin-top:.25rem!important;margin-bottom:.25rem!important}.my-sm-2{margin-top:.5rem!important;margin-bottom:.5rem!important}.my-sm-3{margin-top:1rem!important;margin-bottom:1rem!important}.my-sm-4{margin-top:1.5rem!important;margin-bottom:1.5rem!important}.my-sm-5{margin-top:3rem!important;margin-bottom:3rem!important}.my-sm-auto{margin-top:auto!important;margin-bottom:auto!important}.mt-sm-0{margin-top:0!important}.mt-sm-1{margin-top:.25rem!important}.mt-sm-2{margin-top:.5rem!important}.mt-sm-3{margin-top:1rem!important}.mt-sm-4{margin-top:1.5rem!important}.mt-sm-5{margin-top:3rem!important}.mt-sm-auto{margin-top:auto!important}.me-sm-0{margin-right:0!important}.me-sm-1{margin-right:.25rem!important}.me-sm-2{margin-right:.5rem!important}.me-sm-3{margin-right:1rem!important}.me-sm-4{margin-right:1.5rem!important}.me-sm-5{margin-right:3rem!important}.me-sm-auto{margin-right:auto!important}.mb-sm-0{margin-bottom:0!important}.mb-sm-1{margin-bottom:.25rem!important}.mb-sm-2{margin-bottom:.5rem!important}.mb-sm-3{margin-bottom:1rem!important}.mb-sm-4{margin-bottom:1.5rem!important}.mb-sm-5{margin-bottom:3rem!important}.mb-sm-auto{margin-bottom:auto!important}.ms-sm-0{margin-left:0!important}.ms-sm-1{margin-left:.25rem!important}.ms-sm-2{margin-left:.5rem!important}.ms-sm-3{margin-left:1rem!important}.ms-sm-4{margin-left:1.5rem!important}.ms-sm-5{margin-left:3rem!important}.ms-sm-auto{margin-left:auto!important}.p-sm-0{padding:0!important}.p-sm-1{padding:.25rem!important}.p-sm-2{padding:.5rem!important}.p-sm-3{padding:1rem!important}.p-sm-4{padding:1.5rem!important}.p-sm-5{padding:3rem!important}.px-sm-0{padding-right:0!important;padding-left:0!important}.px-sm-1{padding-right:.25rem!important;padding-left:.25rem!important}.px-sm-2{padding-right:.5rem!important;padding-left:.5rem!important}.px-sm-3{padding-right:1rem!important;padding-left:1rem!important}.px-sm-4{padding-right:1.5rem!important;padding-left:1.5rem!important}.px-sm-5{padding-right:3rem!important;padding-left:3rem!important}.py-sm-0{padding-top:0!important;padding-bottom:0!important}.py-sm-1{padding-top:.25rem!important;padding-bottom:.25rem!important}.py-sm-2{padding-top:.5rem!important;padding-bottom:.5rem!important}.py-sm-3{padding-top:1rem!important;padding-bottom:1rem!important}.py-sm-4{padding-top:1.5rem!important;padding-bottom:1.5rem!important}.py-sm-5{padding-top:3rem!important;padding-bottom:3rem!important}.pt-sm-0{padding-top:0!important}.pt-sm-1{padding-top:.25rem!important}.pt-sm-2{padding-top:.5rem!important}.pt-sm-3{padding-top:1rem!important}.pt-sm-4{padding-top:1.5rem!important}.pt-sm-5{padding-top:3rem!important}.pe-sm-0{padding-right:0!important}.pe-sm-1{padding-right:.25rem!important}.pe-sm-2{padding-right:.5rem!important}.pe-sm-3{padding-right:1rem!important}.pe-sm-4{padding-right:1.5rem!important}.pe-sm-5{padding-right:3rem!important}.pb-sm-0{padding-bottom:0!important}.pb-sm-1{padding-bottom:.25rem!important}.pb-sm-2{padding-bottom:.5rem!important}.pb-sm-3{padding-bottom:1rem!important}.pb-sm-4{padding-bottom:1.5rem!important}.pb-sm-5{padding-bottom:3rem!important}.ps-sm-0{padding-left:0!important}.ps-sm-1{padding-left:.25rem!important}.ps-sm-2{padding-left:.5rem!important}.ps-sm-3{padding-left:1rem!important}.ps-sm-4{padding-left:1.5rem!important}.ps-sm-5{padding-left:3rem!important}.gap-sm-0{gap:0!important}.gap-sm-1{gap:.25rem!important}.gap-sm-2{gap:.5rem!important}.gap-sm-3{gap:1rem!important}.gap-sm-4{gap:1.5rem!important}.gap-sm-5{gap:3rem!important}.row-gap-sm-0{row-gap:0!important}.row-gap-sm-1{row-gap:.25rem!important}.row-gap-sm-2{row-gap:.5rem!important}.row-gap-sm-3{row-gap:1rem!important}.row-gap-sm-4{row-gap:1.5rem!important}.row-gap-sm-5{row-gap:3rem!important}.column-gap-sm-0{-moz-column-gap:0!important;column-gap:0!important}.column-gap-sm-1{-moz-column-gap:.25rem!important;column-gap:.25rem!important}.column-gap-sm-2{-moz-column-gap:.5rem!important;column-gap:.5rem!important}.column-gap-sm-3{-moz-column-gap:1rem!important;column-gap:1rem!important}.column-gap-sm-4{-moz-column-gap:1.5rem!important;column-gap:1.5rem!important}.column-gap-sm-5{-moz-column-gap:3rem!important;column-gap:3rem!important}.text-sm-start{text-align:left!important}.text-sm-end{text-align:right!important}.text-sm-center{text-align:center!important}}@media (min-width: 768px){.float-md-start{float:left!important}.float-md-end{float:right!important}.float-md-none{float:none!important}.object-fit-md-contain{-o-object-fit:contain!important;object-fit:contain!important}.object-fit-md-cover{-o-object-fit:cover!important;object-fit:cover!important}.object-fit-md-fill{-o-object-fit:fill!important;object-fit:fill!important}.object-fit-md-scale{-o-object-fit:scale-down!important;object-fit:scale-down!important}.object-fit-md-none{-o-object-fit:none!important;object-fit:none!important}.d-md-inline{display:inline!important}.d-md-inline-block{display:inline-block!important}.d-md-block{display:block!important}.d-md-grid{display:grid!important}.d-md-inline-grid{display:inline-grid!important}.d-md-table{display:table!important}.d-md-table-row{display:table-row!important}.d-md-table-cell{display:table-cell!important}.d-md-flex{display:flex!important}.d-md-inline-flex{display:inline-flex!important}.d-md-none{display:none!important}.flex-md-fill{flex:1 1 auto!important}.flex-md-row{flex-direction:row!important}.flex-md-column{flex-direction:column!important}.flex-md-row-reverse{flex-direction:row-reverse!important}.flex-md-column-reverse{flex-direction:column-reverse!important}.flex-md-grow-0{flex-grow:0!important}.flex-md-grow-1{flex-grow:1!important}.flex-md-shrink-0{flex-shrink:0!important}.flex-md-shrink-1{flex-shrink:1!important}.flex-md-wrap{flex-wrap:wrap!important}.flex-md-nowrap{flex-wrap:nowrap!important}.flex-md-wrap-reverse{flex-wrap:wrap-reverse!important}.justify-content-md-start{justify-content:flex-start!important}.justify-content-md-end{justify-content:flex-end!important}.justify-content-md-center{justify-content:center!important}.justify-content-md-between{justify-content:space-between!important}.justify-content-md-around{justify-content:space-around!important}.justify-content-md-evenly{justify-content:space-evenly!important}.align-items-md-start{align-items:flex-start!important}.align-items-md-end{align-items:flex-end!important}.align-items-md-center{align-items:center!important}.align-items-md-baseline{align-items:baseline!important}.align-items-md-stretch{align-items:stretch!important}.align-content-md-start{align-content:flex-start!important}.align-content-md-end{align-content:flex-end!important}.align-content-md-center{align-content:center!important}.align-content-md-between{align-content:space-between!important}.align-content-md-around{align-content:space-around!important}.align-content-md-stretch{align-content:stretch!important}.align-self-md-auto{align-self:auto!important}.align-self-md-start{align-self:flex-start!important}.align-self-md-end{align-self:flex-end!important}.align-self-md-center{align-self:center!important}.align-self-md-baseline{align-self:baseline!important}.align-self-md-stretch{align-self:stretch!important}.order-md-first{order:-1!important}.order-md-0{order:0!important}.order-md-1{order:1!important}.order-md-2{order:2!important}.order-md-3{order:3!important}.order-md-4{order:4!important}.order-md-5{order:5!important}.order-md-last{order:6!important}.m-md-0{margin:0!important}.m-md-1{margin:.25rem!important}.m-md-2{margin:.5rem!important}.m-md-3{margin:1rem!important}.m-md-4{margin:1.5rem!important}.m-md-5{margin:3rem!important}.m-md-auto{margin:auto!important}.mx-md-0{margin-right:0!important;margin-left:0!important}.mx-md-1{margin-right:.25rem!important;margin-left:.25rem!important}.mx-md-2{margin-right:.5rem!important;margin-left:.5rem!important}.mx-md-3{margin-right:1rem!important;margin-left:1rem!important}.mx-md-4{margin-right:1.5rem!important;margin-left:1.5rem!important}.mx-md-5{margin-right:3rem!important;margin-left:3rem!important}.mx-md-auto{margin-right:auto!important;margin-left:auto!important}.my-md-0{margin-top:0!important;margin-bottom:0!important}.my-md-1{margin-top:.25rem!important;margin-bottom:.25rem!important}.my-md-2{margin-top:.5rem!important;margin-bottom:.5rem!important}.my-md-3{margin-top:1rem!important;margin-bottom:1rem!important}.my-md-4{margin-top:1.5rem!important;margin-bottom:1.5rem!important}.my-md-5{margin-top:3rem!important;margin-bottom:3rem!important}.my-md-auto{margin-top:auto!important;margin-bottom:auto!important}.mt-md-0{margin-top:0!important}.mt-md-1{margin-top:.25rem!important}.mt-md-2{margin-top:.5rem!important}.mt-md-3{margin-top:1rem!important}.mt-md-4{margin-top:1.5rem!important}.mt-md-5{margin-top:3rem!important}.mt-md-auto{margin-top:auto!important}.me-md-0{margin-right:0!important}.me-md-1{margin-right:.25rem!important}.me-md-2{margin-right:.5rem!important}.me-md-3{margin-right:1rem!important}.me-md-4{margin-right:1.5rem!important}.me-md-5{margin-right:3rem!important}.me-md-auto{margin-right:auto!important}.mb-md-0{margin-bottom:0!important}.mb-md-1{margin-bottom:.25rem!important}.mb-md-2{margin-bottom:.5rem!important}.mb-md-3{margin-bottom:1rem!important}.mb-md-4{margin-bottom:1.5rem!important}.mb-md-5{margin-bottom:3rem!important}.mb-md-auto{margin-bottom:auto!important}.ms-md-0{margin-left:0!important}.ms-md-1{margin-left:.25rem!important}.ms-md-2{margin-left:.5rem!important}.ms-md-3{margin-left:1rem!important}.ms-md-4{margin-left:1.5rem!important}.ms-md-5{margin-left:3rem!important}.ms-md-auto{margin-left:auto!important}.p-md-0{padding:0!important}.p-md-1{padding:.25rem!important}.p-md-2{padding:.5rem!important}.p-md-3{padding:1rem!important}.p-md-4{padding:1.5rem!important}.p-md-5{padding:3rem!important}.px-md-0{padding-right:0!important;padding-left:0!important}.px-md-1{padding-right:.25rem!important;padding-left:.25rem!important}.px-md-2{padding-right:.5rem!important;padding-left:.5rem!important}.px-md-3{padding-right:1rem!important;padding-left:1rem!important}.px-md-4{padding-right:1.5rem!important;padding-left:1.5rem!important}.px-md-5{padding-right:3rem!important;padding-left:3rem!important}.py-md-0{padding-top:0!important;padding-bottom:0!important}.py-md-1{padding-top:.25rem!important;padding-bottom:.25rem!important}.py-md-2{padding-top:.5rem!important;padding-bottom:.5rem!important}.py-md-3{padding-top:1rem!important;padding-bottom:1rem!important}.py-md-4{padding-top:1.5rem!important;padding-bottom:1.5rem!important}.py-md-5{padding-top:3rem!important;padding-bottom:3rem!important}.pt-md-0{padding-top:0!important}.pt-md-1{padding-top:.25rem!important}.pt-md-2{padding-top:.5rem!important}.pt-md-3{padding-top:1rem!important}.pt-md-4{padding-top:1.5rem!important}.pt-md-5{padding-top:3rem!important}.pe-md-0{padding-right:0!important}.pe-md-1{padding-right:.25rem!important}.pe-md-2{padding-right:.5rem!important}.pe-md-3{padding-right:1rem!important}.pe-md-4{padding-right:1.5rem!important}.pe-md-5{padding-right:3rem!important}.pb-md-0{padding-bottom:0!important}.pb-md-1{padding-bottom:.25rem!important}.pb-md-2{padding-bottom:.5rem!important}.pb-md-3{padding-bottom:1rem!important}.pb-md-4{padding-bottom:1.5rem!important}.pb-md-5{padding-bottom:3rem!important}.ps-md-0{padding-left:0!important}.ps-md-1{padding-left:.25rem!important}.ps-md-2{padding-left:.5rem!important}.ps-md-3{padding-left:1rem!important}.ps-md-4{padding-left:1.5rem!important}.ps-md-5{padding-left:3rem!important}.gap-md-0{gap:0!important}.gap-md-1{gap:.25rem!important}.gap-md-2{gap:.5rem!important}.gap-md-3{gap:1rem!important}.gap-md-4{gap:1.5rem!important}.gap-md-5{gap:3rem!important}.row-gap-md-0{row-gap:0!important}.row-gap-md-1{row-gap:.25rem!important}.row-gap-md-2{row-gap:.5rem!important}.row-gap-md-3{row-gap:1rem!important}.row-gap-md-4{row-gap:1.5rem!important}.row-gap-md-5{row-gap:3rem!important}.column-gap-md-0{-moz-column-gap:0!important;column-gap:0!important}.column-gap-md-1{-moz-column-gap:.25rem!important;column-gap:.25rem!important}.column-gap-md-2{-moz-column-gap:.5rem!important;column-gap:.5rem!important}.column-gap-md-3{-moz-column-gap:1rem!important;column-gap:1rem!important}.column-gap-md-4{-moz-column-gap:1.5rem!important;column-gap:1.5rem!important}.column-gap-md-5{-moz-column-gap:3rem!important;column-gap:3rem!important}.text-md-start{text-align:left!important}.text-md-end{text-align:right!important}.text-md-center{text-align:center!important}}@media (min-width: 992px){.float-lg-start{float:left!important}.float-lg-end{float:right!important}.float-lg-none{float:none!important}.object-fit-lg-contain{-o-object-fit:contain!important;object-fit:contain!important}.object-fit-lg-cover{-o-object-fit:cover!important;object-fit:cover!important}.object-fit-lg-fill{-o-object-fit:fill!important;object-fit:fill!important}.object-fit-lg-scale{-o-object-fit:scale-down!important;object-fit:scale-down!important}.object-fit-lg-none{-o-object-fit:none!important;object-fit:none!important}.d-lg-inline{display:inline!important}.d-lg-inline-block{display:inline-block!important}.d-lg-block{display:block!important}.d-lg-grid{display:grid!important}.d-lg-inline-grid{display:inline-grid!important}.d-lg-table{display:table!important}.d-lg-table-row{display:table-row!important}.d-lg-table-cell{display:table-cell!important}.d-lg-flex{display:flex!important}.d-lg-inline-flex{display:inline-flex!important}.d-lg-none{display:none!important}.flex-lg-fill{flex:1 1 auto!important}.flex-lg-row{flex-direction:row!important}.flex-lg-column{flex-direction:column!important}.flex-lg-row-reverse{flex-direction:row-reverse!important}.flex-lg-column-reverse{flex-direction:column-reverse!important}.flex-lg-grow-0{flex-grow:0!important}.flex-lg-grow-1{flex-grow:1!important}.flex-lg-shrink-0{flex-shrink:0!important}.flex-lg-shrink-1{flex-shrink:1!important}.flex-lg-wrap{flex-wrap:wrap!important}.flex-lg-nowrap{flex-wrap:nowrap!important}.flex-lg-wrap-reverse{flex-wrap:wrap-reverse!important}.justify-content-lg-start{justify-content:flex-start!important}.justify-content-lg-end{justify-content:flex-end!important}.justify-content-lg-center{justify-content:center!important}.justify-content-lg-between{justify-content:space-between!important}.justify-content-lg-around{justify-content:space-around!important}.justify-content-lg-evenly{justify-content:space-evenly!important}.align-items-lg-start{align-items:flex-start!important}.align-items-lg-end{align-items:flex-end!important}.align-items-lg-center{align-items:center!important}.align-items-lg-baseline{align-items:baseline!important}.align-items-lg-stretch{align-items:stretch!important}.align-content-lg-start{align-content:flex-start!important}.align-content-lg-end{align-content:flex-end!important}.align-content-lg-center{align-content:center!important}.align-content-lg-between{align-content:space-between!important}.align-content-lg-around{align-content:space-around!important}.align-content-lg-stretch{align-content:stretch!important}.align-self-lg-auto{align-self:auto!important}.align-self-lg-start{align-self:flex-start!important}.align-self-lg-end{align-self:flex-end!important}.align-self-lg-center{align-self:center!important}.align-self-lg-baseline{align-self:baseline!important}.align-self-lg-stretch{align-self:stretch!important}.order-lg-first{order:-1!important}.order-lg-0{order:0!important}.order-lg-1{order:1!important}.order-lg-2{order:2!important}.order-lg-3{order:3!important}.order-lg-4{order:4!important}.order-lg-5{order:5!important}.order-lg-last{order:6!important}.m-lg-0{margin:0!important}.m-lg-1{margin:.25rem!important}.m-lg-2{margin:.5rem!important}.m-lg-3{margin:1rem!important}.m-lg-4{margin:1.5rem!important}.m-lg-5{margin:3rem!important}.m-lg-auto{margin:auto!important}.mx-lg-0{margin-right:0!important;margin-left:0!important}.mx-lg-1{margin-right:.25rem!important;margin-left:.25rem!important}.mx-lg-2{margin-right:.5rem!important;margin-left:.5rem!important}.mx-lg-3{margin-right:1rem!important;margin-left:1rem!important}.mx-lg-4{margin-right:1.5rem!important;margin-left:1.5rem!important}.mx-lg-5{margin-right:3rem!important;margin-left:3rem!important}.mx-lg-auto{margin-right:auto!important;margin-left:auto!important}.my-lg-0{margin-top:0!important;margin-bottom:0!important}.my-lg-1{margin-top:.25rem!important;margin-bottom:.25rem!important}.my-lg-2{margin-top:.5rem!important;margin-bottom:.5rem!important}.my-lg-3{margin-top:1rem!important;margin-bottom:1rem!important}.my-lg-4{margin-top:1.5rem!important;margin-bottom:1.5rem!important}.my-lg-5{margin-top:3rem!important;margin-bottom:3rem!important}.my-lg-auto{margin-top:auto!important;margin-bottom:auto!important}.mt-lg-0{margin-top:0!important}.mt-lg-1{margin-top:.25rem!important}.mt-lg-2{margin-top:.5rem!important}.mt-lg-3{margin-top:1rem!important}.mt-lg-4{margin-top:1.5rem!important}.mt-lg-5{margin-top:3rem!important}.mt-lg-auto{margin-top:auto!important}.me-lg-0{margin-right:0!important}.me-lg-1{margin-right:.25rem!important}.me-lg-2{margin-right:.5rem!important}.me-lg-3{margin-right:1rem!important}.me-lg-4{margin-right:1.5rem!important}.me-lg-5{margin-right:3rem!important}.me-lg-auto{margin-right:auto!important}.mb-lg-0{margin-bottom:0!important}.mb-lg-1{margin-bottom:.25rem!important}.mb-lg-2{margin-bottom:.5rem!important}.mb-lg-3{margin-bottom:1rem!important}.mb-lg-4{margin-bottom:1.5rem!important}.mb-lg-5{margin-bottom:3rem!important}.mb-lg-auto{margin-bottom:auto!important}.ms-lg-0{margin-left:0!important}.ms-lg-1{margin-left:.25rem!important}.ms-lg-2{margin-left:.5rem!important}.ms-lg-3{margin-left:1rem!important}.ms-lg-4{margin-left:1.5rem!important}.ms-lg-5{margin-left:3rem!important}.ms-lg-auto{margin-left:auto!important}.p-lg-0{padding:0!important}.p-lg-1{padding:.25rem!important}.p-lg-2{padding:.5rem!important}.p-lg-3{padding:1rem!important}.p-lg-4{padding:1.5rem!important}.p-lg-5{padding:3rem!important}.px-lg-0{padding-right:0!important;padding-left:0!important}.px-lg-1{padding-right:.25rem!important;padding-left:.25rem!important}.px-lg-2{padding-right:.5rem!important;padding-left:.5rem!important}.px-lg-3{padding-right:1rem!important;padding-left:1rem!important}.px-lg-4{padding-right:1.5rem!important;padding-left:1.5rem!important}.px-lg-5{padding-right:3rem!important;padding-left:3rem!important}.py-lg-0{padding-top:0!important;padding-bottom:0!important}.py-lg-1{padding-top:.25rem!important;padding-bottom:.25rem!important}.py-lg-2{padding-top:.5rem!important;padding-bottom:.5rem!important}.py-lg-3{padding-top:1rem!important;padding-bottom:1rem!important}.py-lg-4{padding-top:1.5rem!important;padding-bottom:1.5rem!important}.py-lg-5{padding-top:3rem!important;padding-bottom:3rem!important}.pt-lg-0{padding-top:0!important}.pt-lg-1{padding-top:.25rem!important}.pt-lg-2{padding-top:.5rem!important}.pt-lg-3{padding-top:1rem!important}.pt-lg-4{padding-top:1.5rem!important}.pt-lg-5{padding-top:3rem!important}.pe-lg-0{padding-right:0!important}.pe-lg-1{padding-right:.25rem!important}.pe-lg-2{padding-right:.5rem!important}.pe-lg-3{padding-right:1rem!important}.pe-lg-4{padding-right:1.5rem!important}.pe-lg-5{padding-right:3rem!important}.pb-lg-0{padding-bottom:0!important}.pb-lg-1{padding-bottom:.25rem!important}.pb-lg-2{padding-bottom:.5rem!important}.pb-lg-3{padding-bottom:1rem!important}.pb-lg-4{padding-bottom:1.5rem!important}.pb-lg-5{padding-bottom:3rem!important}.ps-lg-0{padding-left:0!important}.ps-lg-1{padding-left:.25rem!important}.ps-lg-2{padding-left:.5rem!important}.ps-lg-3{padding-left:1rem!important}.ps-lg-4{padding-left:1.5rem!important}.ps-lg-5{padding-left:3rem!important}.gap-lg-0{gap:0!important}.gap-lg-1{gap:.25rem!important}.gap-lg-2{gap:.5rem!important}.gap-lg-3{gap:1rem!important}.gap-lg-4{gap:1.5rem!important}.gap-lg-5{gap:3rem!important}.row-gap-lg-0{row-gap:0!important}.row-gap-lg-1{row-gap:.25rem!important}.row-gap-lg-2{row-gap:.5rem!important}.row-gap-lg-3{row-gap:1rem!important}.row-gap-lg-4{row-gap:1.5rem!important}.row-gap-lg-5{row-gap:3rem!important}.column-gap-lg-0{-moz-column-gap:0!important;column-gap:0!important}.column-gap-lg-1{-moz-column-gap:.25rem!important;column-gap:.25rem!important}.column-gap-lg-2{-moz-column-gap:.5rem!important;column-gap:.5rem!important}.column-gap-lg-3{-moz-column-gap:1rem!important;column-gap:1rem!important}.column-gap-lg-4{-moz-column-gap:1.5rem!important;column-gap:1.5rem!important}.column-gap-lg-5{-moz-column-gap:3rem!important;column-gap:3rem!important}.text-lg-start{text-align:left!important}.text-lg-end{text-align:right!important}.text-lg-center{text-align:center!important}}@media (min-width: 1200px){.float-xl-start{float:left!important}.float-xl-end{float:right!important}.float-xl-none{float:none!important}.object-fit-xl-contain{-o-object-fit:contain!important;object-fit:contain!important}.object-fit-xl-cover{-o-object-fit:cover!important;object-fit:cover!important}.object-fit-xl-fill{-o-object-fit:fill!important;object-fit:fill!important}.object-fit-xl-scale{-o-object-fit:scale-down!important;object-fit:scale-down!important}.object-fit-xl-none{-o-object-fit:none!important;object-fit:none!important}.d-xl-inline{display:inline!important}.d-xl-inline-block{display:inline-block!important}.d-xl-block{display:block!important}.d-xl-grid{display:grid!important}.d-xl-inline-grid{display:inline-grid!important}.d-xl-table{display:table!important}.d-xl-table-row{display:table-row!important}.d-xl-table-cell{display:table-cell!important}.d-xl-flex{display:flex!important}.d-xl-inline-flex{display:inline-flex!important}.d-xl-none{display:none!important}.flex-xl-fill{flex:1 1 auto!important}.flex-xl-row{flex-direction:row!important}.flex-xl-column{flex-direction:column!important}.flex-xl-row-reverse{flex-direction:row-reverse!important}.flex-xl-column-reverse{flex-direction:column-reverse!important}.flex-xl-grow-0{flex-grow:0!important}.flex-xl-grow-1{flex-grow:1!important}.flex-xl-shrink-0{flex-shrink:0!important}.flex-xl-shrink-1{flex-shrink:1!important}.flex-xl-wrap{flex-wrap:wrap!important}.flex-xl-nowrap{flex-wrap:nowrap!important}.flex-xl-wrap-reverse{flex-wrap:wrap-reverse!important}.justify-content-xl-start{justify-content:flex-start!important}.justify-content-xl-end{justify-content:flex-end!important}.justify-content-xl-center{justify-content:center!important}.justify-content-xl-between{justify-content:space-between!important}.justify-content-xl-around{justify-content:space-around!important}.justify-content-xl-evenly{justify-content:space-evenly!important}.align-items-xl-start{align-items:flex-start!important}.align-items-xl-end{align-items:flex-end!important}.align-items-xl-center{align-items:center!important}.align-items-xl-baseline{align-items:baseline!important}.align-items-xl-stretch{align-items:stretch!important}.align-content-xl-start{align-content:flex-start!important}.align-content-xl-end{align-content:flex-end!important}.align-content-xl-center{align-content:center!important}.align-content-xl-between{align-content:space-between!important}.align-content-xl-around{align-content:space-around!important}.align-content-xl-stretch{align-content:stretch!important}.align-self-xl-auto{align-self:auto!important}.align-self-xl-start{align-self:flex-start!important}.align-self-xl-end{align-self:flex-end!important}.align-self-xl-center{align-self:center!important}.align-self-xl-baseline{align-self:baseline!important}.align-self-xl-stretch{align-self:stretch!important}.order-xl-first{order:-1!important}.order-xl-0{order:0!important}.order-xl-1{order:1!important}.order-xl-2{order:2!important}.order-xl-3{order:3!important}.order-xl-4{order:4!important}.order-xl-5{order:5!important}.order-xl-last{order:6!important}.m-xl-0{margin:0!important}.m-xl-1{margin:.25rem!important}.m-xl-2{margin:.5rem!important}.m-xl-3{margin:1rem!important}.m-xl-4{margin:1.5rem!important}.m-xl-5{margin:3rem!important}.m-xl-auto{margin:auto!important}.mx-xl-0{margin-right:0!important;margin-left:0!important}.mx-xl-1{margin-right:.25rem!important;margin-left:.25rem!important}.mx-xl-2{margin-right:.5rem!important;margin-left:.5rem!important}.mx-xl-3{margin-right:1rem!important;margin-left:1rem!important}.mx-xl-4{margin-right:1.5rem!important;margin-left:1.5rem!important}.mx-xl-5{margin-right:3rem!important;margin-left:3rem!important}.mx-xl-auto{margin-right:auto!important;margin-left:auto!important}.my-xl-0{margin-top:0!important;margin-bottom:0!important}.my-xl-1{margin-top:.25rem!important;margin-bottom:.25rem!important}.my-xl-2{margin-top:.5rem!important;margin-bottom:.5rem!important}.my-xl-3{margin-top:1rem!important;margin-bottom:1rem!important}.my-xl-4{margin-top:1.5rem!important;margin-bottom:1.5rem!important}.my-xl-5{margin-top:3rem!important;margin-bottom:3rem!important}.my-xl-auto{margin-top:auto!important;margin-bottom:auto!important}.mt-xl-0{margin-top:0!important}.mt-xl-1{margin-top:.25rem!important}.mt-xl-2{margin-top:.5rem!important}.mt-xl-3{margin-top:1rem!important}.mt-xl-4{margin-top:1.5rem!important}.mt-xl-5{margin-top:3rem!important}.mt-xl-auto{margin-top:auto!important}.me-xl-0{margin-right:0!important}.me-xl-1{margin-right:.25rem!important}.me-xl-2{margin-right:.5rem!important}.me-xl-3{margin-right:1rem!important}.me-xl-4{margin-right:1.5rem!important}.me-xl-5{margin-right:3rem!important}.me-xl-auto{margin-right:auto!important}.mb-xl-0{margin-bottom:0!important}.mb-xl-1{margin-bottom:.25rem!important}.mb-xl-2{margin-bottom:.5rem!important}.mb-xl-3{margin-bottom:1rem!important}.mb-xl-4{margin-bottom:1.5rem!important}.mb-xl-5{margin-bottom:3rem!important}.mb-xl-auto{margin-bottom:auto!important}.ms-xl-0{margin-left:0!important}.ms-xl-1{margin-left:.25rem!important}.ms-xl-2{margin-left:.5rem!important}.ms-xl-3{margin-left:1rem!important}.ms-xl-4{margin-left:1.5rem!important}.ms-xl-5{margin-left:3rem!important}.ms-xl-auto{margin-left:auto!important}.p-xl-0{padding:0!important}.p-xl-1{padding:.25rem!important}.p-xl-2{padding:.5rem!important}.p-xl-3{padding:1rem!important}.p-xl-4{padding:1.5rem!important}.p-xl-5{padding:3rem!important}.px-xl-0{padding-right:0!important;padding-left:0!important}.px-xl-1{padding-right:.25rem!important;padding-left:.25rem!important}.px-xl-2{padding-right:.5rem!important;padding-left:.5rem!important}.px-xl-3{padding-right:1rem!important;padding-left:1rem!important}.px-xl-4{padding-right:1.5rem!important;padding-left:1.5rem!important}.px-xl-5{padding-right:3rem!important;padding-left:3rem!important}.py-xl-0{padding-top:0!important;padding-bottom:0!important}.py-xl-1{padding-top:.25rem!important;padding-bottom:.25rem!important}.py-xl-2{padding-top:.5rem!important;padding-bottom:.5rem!important}.py-xl-3{padding-top:1rem!important;padding-bottom:1rem!important}.py-xl-4{padding-top:1.5rem!important;padding-bottom:1.5rem!important}.py-xl-5{padding-top:3rem!important;padding-bottom:3rem!important}.pt-xl-0{padding-top:0!important}.pt-xl-1{padding-top:.25rem!important}.pt-xl-2{padding-top:.5rem!important}.pt-xl-3{padding-top:1rem!important}.pt-xl-4{padding-top:1.5rem!important}.pt-xl-5{padding-top:3rem!important}.pe-xl-0{padding-right:0!important}.pe-xl-1{padding-right:.25rem!important}.pe-xl-2{padding-right:.5rem!important}.pe-xl-3{padding-right:1rem!important}.pe-xl-4{padding-right:1.5rem!important}.pe-xl-5{padding-right:3rem!important}.pb-xl-0{padding-bottom:0!important}.pb-xl-1{padding-bottom:.25rem!important}.pb-xl-2{padding-bottom:.5rem!important}.pb-xl-3{padding-bottom:1rem!important}.pb-xl-4{padding-bottom:1.5rem!important}.pb-xl-5{padding-bottom:3rem!important}.ps-xl-0{padding-left:0!important}.ps-xl-1{padding-left:.25rem!important}.ps-xl-2{padding-left:.5rem!important}.ps-xl-3{padding-left:1rem!important}.ps-xl-4{padding-left:1.5rem!important}.ps-xl-5{padding-left:3rem!important}.gap-xl-0{gap:0!important}.gap-xl-1{gap:.25rem!important}.gap-xl-2{gap:.5rem!important}.gap-xl-3{gap:1rem!important}.gap-xl-4{gap:1.5rem!important}.gap-xl-5{gap:3rem!important}.row-gap-xl-0{row-gap:0!important}.row-gap-xl-1{row-gap:.25rem!important}.row-gap-xl-2{row-gap:.5rem!important}.row-gap-xl-3{row-gap:1rem!important}.row-gap-xl-4{row-gap:1.5rem!important}.row-gap-xl-5{row-gap:3rem!important}.column-gap-xl-0{-moz-column-gap:0!important;column-gap:0!important}.column-gap-xl-1{-moz-column-gap:.25rem!important;column-gap:.25rem!important}.column-gap-xl-2{-moz-column-gap:.5rem!important;column-gap:.5rem!important}.column-gap-xl-3{-moz-column-gap:1rem!important;column-gap:1rem!important}.column-gap-xl-4{-moz-column-gap:1.5rem!important;column-gap:1.5rem!important}.column-gap-xl-5{-moz-column-gap:3rem!important;column-gap:3rem!important}.text-xl-start{text-align:left!important}.text-xl-end{text-align:right!important}.text-xl-center{text-align:center!important}}@media (min-width: 1400px){.float-xxl-start{float:left!important}.float-xxl-end{float:right!important}.float-xxl-none{float:none!important}.object-fit-xxl-contain{-o-object-fit:contain!important;object-fit:contain!important}.object-fit-xxl-cover{-o-object-fit:cover!important;object-fit:cover!important}.object-fit-xxl-fill{-o-object-fit:fill!important;object-fit:fill!important}.object-fit-xxl-scale{-o-object-fit:scale-down!important;object-fit:scale-down!important}.object-fit-xxl-none{-o-object-fit:none!important;object-fit:none!important}.d-xxl-inline{display:inline!important}.d-xxl-inline-block{display:inline-block!important}.d-xxl-block{display:block!important}.d-xxl-grid{display:grid!important}.d-xxl-inline-grid{display:inline-grid!important}.d-xxl-table{display:table!important}.d-xxl-table-row{display:table-row!important}.d-xxl-table-cell{display:table-cell!important}.d-xxl-flex{display:flex!important}.d-xxl-inline-flex{display:inline-flex!important}.d-xxl-none{display:none!important}.flex-xxl-fill{flex:1 1 auto!important}.flex-xxl-row{flex-direction:row!important}.flex-xxl-column{flex-direction:column!important}.flex-xxl-row-reverse{flex-direction:row-reverse!important}.flex-xxl-column-reverse{flex-direction:column-reverse!important}.flex-xxl-grow-0{flex-grow:0!important}.flex-xxl-grow-1{flex-grow:1!important}.flex-xxl-shrink-0{flex-shrink:0!important}.flex-xxl-shrink-1{flex-shrink:1!important}.flex-xxl-wrap{flex-wrap:wrap!important}.flex-xxl-nowrap{flex-wrap:nowrap!important}.flex-xxl-wrap-reverse{flex-wrap:wrap-reverse!important}.justify-content-xxl-start{justify-content:flex-start!important}.justify-content-xxl-end{justify-content:flex-end!important}.justify-content-xxl-center{justify-content:center!important}.justify-content-xxl-between{justify-content:space-between!important}.justify-content-xxl-around{justify-content:space-around!important}.justify-content-xxl-evenly{justify-content:space-evenly!important}.align-items-xxl-start{align-items:flex-start!important}.align-items-xxl-end{align-items:flex-end!important}.align-items-xxl-center{align-items:center!important}.align-items-xxl-baseline{align-items:baseline!important}.align-items-xxl-stretch{align-items:stretch!important}.align-content-xxl-start{align-content:flex-start!important}.align-content-xxl-end{align-content:flex-end!important}.align-content-xxl-center{align-content:center!important}.align-content-xxl-between{align-content:space-between!important}.align-content-xxl-around{align-content:space-around!important}.align-content-xxl-stretch{align-content:stretch!important}.align-self-xxl-auto{align-self:auto!important}.align-self-xxl-start{align-self:flex-start!important}.align-self-xxl-end{align-self:flex-end!important}.align-self-xxl-center{align-self:center!important}.align-self-xxl-baseline{align-self:baseline!important}.align-self-xxl-stretch{align-self:stretch!important}.order-xxl-first{order:-1!important}.order-xxl-0{order:0!important}.order-xxl-1{order:1!important}.order-xxl-2{order:2!important}.order-xxl-3{order:3!important}.order-xxl-4{order:4!important}.order-xxl-5{order:5!important}.order-xxl-last{order:6!important}.m-xxl-0{margin:0!important}.m-xxl-1{margin:.25rem!important}.m-xxl-2{margin:.5rem!important}.m-xxl-3{margin:1rem!important}.m-xxl-4{margin:1.5rem!important}.m-xxl-5{margin:3rem!important}.m-xxl-auto{margin:auto!important}.mx-xxl-0{margin-right:0!important;margin-left:0!important}.mx-xxl-1{margin-right:.25rem!important;margin-left:.25rem!important}.mx-xxl-2{margin-right:.5rem!important;margin-left:.5rem!important}.mx-xxl-3{margin-right:1rem!important;margin-left:1rem!important}.mx-xxl-4{margin-right:1.5rem!important;margin-left:1.5rem!important}.mx-xxl-5{margin-right:3rem!important;margin-left:3rem!important}.mx-xxl-auto{margin-right:auto!important;margin-left:auto!important}.my-xxl-0{margin-top:0!important;margin-bottom:0!important}.my-xxl-1{margin-top:.25rem!important;margin-bottom:.25rem!important}.my-xxl-2{margin-top:.5rem!important;margin-bottom:.5rem!important}.my-xxl-3{margin-top:1rem!important;margin-bottom:1rem!important}.my-xxl-4{margin-top:1.5rem!important;margin-bottom:1.5rem!important}.my-xxl-5{margin-top:3rem!important;margin-bottom:3rem!important}.my-xxl-auto{margin-top:auto!important;margin-bottom:auto!important}.mt-xxl-0{margin-top:0!important}.mt-xxl-1{margin-top:.25rem!important}.mt-xxl-2{margin-top:.5rem!important}.mt-xxl-3{margin-top:1rem!important}.mt-xxl-4{margin-top:1.5rem!important}.mt-xxl-5{margin-top:3rem!important}.mt-xxl-auto{margin-top:auto!important}.me-xxl-0{margin-right:0!important}.me-xxl-1{margin-right:.25rem!important}.me-xxl-2{margin-right:.5rem!important}.me-xxl-3{margin-right:1rem!important}.me-xxl-4{margin-right:1.5rem!important}.me-xxl-5{margin-right:3rem!important}.me-xxl-auto{margin-right:auto!important}.mb-xxl-0{margin-bottom:0!important}.mb-xxl-1{margin-bottom:.25rem!important}.mb-xxl-2{margin-bottom:.5rem!important}.mb-xxl-3{margin-bottom:1rem!important}.mb-xxl-4{margin-bottom:1.5rem!important}.mb-xxl-5{margin-bottom:3rem!important}.mb-xxl-auto{margin-bottom:auto!important}.ms-xxl-0{margin-left:0!important}.ms-xxl-1{margin-left:.25rem!important}.ms-xxl-2{margin-left:.5rem!important}.ms-xxl-3{margin-left:1rem!important}.ms-xxl-4{margin-left:1.5rem!important}.ms-xxl-5{margin-left:3rem!important}.ms-xxl-auto{margin-left:auto!important}.p-xxl-0{padding:0!important}.p-xxl-1{padding:.25rem!important}.p-xxl-2{padding:.5rem!important}.p-xxl-3{padding:1rem!important}.p-xxl-4{padding:1.5rem!important}.p-xxl-5{padding:3rem!important}.px-xxl-0{padding-right:0!important;padding-left:0!important}.px-xxl-1{padding-right:.25rem!important;padding-left:.25rem!important}.px-xxl-2{padding-right:.5rem!important;padding-left:.5rem!important}.px-xxl-3{padding-right:1rem!important;padding-left:1rem!important}.px-xxl-4{padding-right:1.5rem!important;padding-left:1.5rem!important}.px-xxl-5{padding-right:3rem!important;padding-left:3rem!important}.py-xxl-0{padding-top:0!important;padding-bottom:0!important}.py-xxl-1{padding-top:.25rem!important;padding-bottom:.25rem!important}.py-xxl-2{padding-top:.5rem!important;padding-bottom:.5rem!important}.py-xxl-3{padding-top:1rem!important;padding-bottom:1rem!important}.py-xxl-4{padding-top:1.5rem!important;padding-bottom:1.5rem!important}.py-xxl-5{padding-top:3rem!important;padding-bottom:3rem!important}.pt-xxl-0{padding-top:0!important}.pt-xxl-1{padding-top:.25rem!important}.pt-xxl-2{padding-top:.5rem!important}.pt-xxl-3{padding-top:1rem!important}.pt-xxl-4{padding-top:1.5rem!important}.pt-xxl-5{padding-top:3rem!important}.pe-xxl-0{padding-right:0!important}.pe-xxl-1{padding-right:.25rem!important}.pe-xxl-2{padding-right:.5rem!important}.pe-xxl-3{padding-right:1rem!important}.pe-xxl-4{padding-right:1.5rem!important}.pe-xxl-5{padding-right:3rem!important}.pb-xxl-0{padding-bottom:0!important}.pb-xxl-1{padding-bottom:.25rem!important}.pb-xxl-2{padding-bottom:.5rem!important}.pb-xxl-3{padding-bottom:1rem!important}.pb-xxl-4{padding-bottom:1.5rem!important}.pb-xxl-5{padding-bottom:3rem!important}.ps-xxl-0{padding-left:0!important}.ps-xxl-1{padding-left:.25rem!important}.ps-xxl-2{padding-left:.5rem!important}.ps-xxl-3{padding-left:1rem!important}.ps-xxl-4{padding-left:1.5rem!important}.ps-xxl-5{padding-left:3rem!important}.gap-xxl-0{gap:0!important}.gap-xxl-1{gap:.25rem!important}.gap-xxl-2{gap:.5rem!important}.gap-xxl-3{gap:1rem!important}.gap-xxl-4{gap:1.5rem!important}.gap-xxl-5{gap:3rem!important}.row-gap-xxl-0{row-gap:0!important}.row-gap-xxl-1{row-gap:.25rem!important}.row-gap-xxl-2{row-gap:.5rem!important}.row-gap-xxl-3{row-gap:1rem!important}.row-gap-xxl-4{row-gap:1.5rem!important}.row-gap-xxl-5{row-gap:3rem!important}.column-gap-xxl-0{-moz-column-gap:0!important;column-gap:0!important}.column-gap-xxl-1{-moz-column-gap:.25rem!important;column-gap:.25rem!important}.column-gap-xxl-2{-moz-column-gap:.5rem!important;column-gap:.5rem!important}.column-gap-xxl-3{-moz-column-gap:1rem!important;column-gap:1rem!important}.column-gap-xxl-4{-moz-column-gap:1.5rem!important;column-gap:1.5rem!important}.column-gap-xxl-5{-moz-column-gap:3rem!important;column-gap:3rem!important}.text-xxl-start{text-align:left!important}.text-xxl-end{text-align:right!important}.text-xxl-center{text-align:center!important}}@media (min-width: 1200px){.fs-1{font-size:2.5rem!important}.fs-2{font-size:2rem!important}.fs-3{font-size:1.75rem!important}.fs-4{font-size:1.5rem!important}}@media print{.d-print-inline{display:inline!important}.d-print-inline-block{display:inline-block!important}.d-print-block{display:block!important}.d-print-grid{display:grid!important}.d-print-inline-grid{display:inline-grid!important}.d-print-table{display:table!important}.d-print-table-row{display:table-row!important}.d-print-table-cell{display:table-cell!important}.d-print-flex{display:flex!important}.d-print-inline-flex{display:inline-flex!important}.d-print-none{display:none!important}}table{thead tr.table-group{th[data-v-1a438d69]{border-left:1px solid #b5b6b7;border-bottom:0}th:empty+th[data-v-1a438d69]:empty{border-left:0}}}.tippy-box[data-animation=fade][data-state=hidden]{opacity:0}[data-tippy-root]{max-width:calc(100vw - 10px)}.tippy-box{position:relative;background-color:#333;color:#fff;border-radius:4px;font-size:14px;line-height:1.4;white-space:normal;outline:0;transition-property:transform,visibility,opacity}.tippy-box[data-placement^=top]>.tippy-arrow{bottom:0}.tippy-box[data-placement^=top]>.tippy-arrow:before{bottom:-7px;left:0;border-width:8px 8px 0;border-top-color:initial;transform-origin:center top}.tippy-box[data-placement^=bottom]>.tippy-arrow{top:0}.tippy-box[data-placement^=bottom]>.tippy-arrow:before{top:-7px;left:0;border-width:0 8px 8px;border-bottom-color:initial;transform-origin:center bottom}.tippy-box[data-placement^=left]>.tippy-arrow{right:0}.tippy-box[data-placement^=left]>.tippy-arrow:before{border-width:8px 0 8px 8px;border-left-color:initial;right:-7px;transform-origin:center left}.tippy-box[data-placement^=right]>.tippy-arrow{left:0}.tippy-box[data-placement^=right]>.tippy-arrow:before{left:-7px;border-width:8px 8px 8px 0;border-right-color:initial;transform-origin:center right}.tippy-box[data-inertia][data-state=visible]{transition-timing-function:cubic-bezier(.54,1.5,.38,1.11)}.tippy-arrow{width:16px;height:16px;color:#333}.tippy-arrow:before{content:"";position:absolute;border-color:transparent;border-style:solid}.tippy-content{position:relative;padding:5px 9px;z-index:1}.tippy-box[data-theme~=light]{color:#26323d;box-shadow:0 0 20px 4px #9aa1b126,0 4px 80px -8px #24282f40,0 4px 4px -2px #5b5e6926;background-color:#fff}.tippy-box[data-theme~=light][data-placement^=top]>.tippy-arrow:before{border-top-color:#fff}.tippy-box[data-theme~=light][data-placement^=bottom]>.tippy-arrow:before{border-bottom-color:#fff}.tippy-box[data-theme~=light][data-placement^=left]>.tippy-arrow:before{border-left-color:#fff}.tippy-box[data-theme~=light][data-placement^=right]>.tippy-arrow:before{border-right-color:#fff}.tippy-box[data-theme~=light]>.tippy-backdrop{background-color:#fff}.tippy-box[data-theme~=light]>.tippy-svg-arrow{fill:#fff}.splitpanes{display:flex;width:100%;height:100%}.splitpanes--vertical{flex-direction:row}.splitpanes--horizontal{flex-direction:column}.splitpanes--dragging *{-webkit-user-select:none;user-select:none}.splitpanes__pane{width:100%;height:100%;overflow:hidden}.splitpanes--vertical .splitpanes__pane{transition:width .2s ease-out}.splitpanes--horizontal .splitpanes__pane{transition:height .2s ease-out}.splitpanes--dragging .splitpanes__pane{transition:none}.splitpanes__splitter{touch-action:none}.splitpanes--vertical>.splitpanes__splitter{min-width:1px;cursor:col-resize}.splitpanes--horizontal>.splitpanes__splitter{min-height:1px;cursor:row-resize}.splitpanes.default-theme .splitpanes__pane{background-color:#f2f2f2}.splitpanes.default-theme .splitpanes__splitter{background-color:#fff;box-sizing:border-box;position:relative;flex-shrink:0}.splitpanes.default-theme .splitpanes__splitter:before,.splitpanes.default-theme .splitpanes__splitter:after{content:"";position:absolute;top:50%;left:50%;background-color:#00000026;transition:background-color .3s}.splitpanes.default-theme .splitpanes__splitter:hover:before,.splitpanes.default-theme .splitpanes__splitter:hover:after{background-color:#00000040}.splitpanes.default-theme .splitpanes__splitter:first-child{cursor:auto}.default-theme.splitpanes .splitpanes .splitpanes__splitter{z-index:1}.default-theme.splitpanes--vertical>.splitpanes__splitter,.default-theme .splitpanes--vertical>.splitpanes__splitter{width:7px;border-left:1px solid #eee;margin-left:-1px}.default-theme.splitpanes--vertical>.splitpanes__splitter:before,.default-theme.splitpanes--vertical>.splitpanes__splitter:after,.default-theme .splitpanes--vertical>.splitpanes__splitter:before,.default-theme .splitpanes--vertical>.splitpanes__splitter:after{transform:translateY(-50%);width:1px;height:30px}.default-theme.splitpanes--vertical>.splitpanes__splitter:before,.default-theme .splitpanes--vertical>.splitpanes__splitter:before{margin-left:-2px}.default-theme.splitpanes--vertical>.splitpanes__splitter:after,.default-theme .splitpanes--vertical>.splitpanes__splitter:after{margin-left:1px}.default-theme.splitpanes--horizontal>.splitpanes__splitter,.default-theme .splitpanes--horizontal>.splitpanes__splitter{height:7px;border-top:1px solid #eee;margin-top:-1px}.default-theme.splitpanes--horizontal>.splitpanes__splitter:before,.default-theme.splitpanes--horizontal>.splitpanes__splitter:after,.default-theme .splitpanes--horizontal>.splitpanes__splitter:before,.default-theme .splitpanes--horizontal>.splitpanes__splitter:after{transform:translate(-50%);width:30px;height:1px}.default-theme.splitpanes--horizontal>.splitpanes__splitter:before,.default-theme .splitpanes--horizontal>.splitpanes__splitter:before{margin-top:-2px}.default-theme.splitpanes--horizontal>.splitpanes__splitter:after,.default-theme .splitpanes--horizontal>.splitpanes__splitter:after{margin-top:1px}.alert.c-1{background-color:#ccc;color:#454545;font-weight:700}.alert.c-1 .text-secondary{color:#454545!important;font-weight:400}.progress-bar.c-1{background-color:#ccc;border-color:#ccc!important}.text-c-1{color:#ccc}svg circle.c-1{fill:#ccc}.alert.c-2{background-color:#fddb61;color:#454545;font-weight:700}.alert.c-2 .text-secondary{color:#454545!important;font-weight:400}.progress-bar.c-2{background-color:#fddb61;border-color:#fddb61!important}.text-c-2{color:#fddb61}svg circle.c-2{fill:#fddb61}.alert.c-3{background-color:#e80;color:#454545;font-weight:700}.alert.c-3 .text-secondary{color:#454545!important;font-weight:400}.progress-bar.c-3{background-color:#e80;border-color:#e80!important}.text-c-3{color:#e80}svg circle.c-3{fill:#e80}.alert.c-4{background-color:#800;color:#fff;font-weight:700}.alert.c-4 .text-secondary{color:#fff!important;font-weight:400}.progress-bar.c-4{background-color:#800;border-color:#800!important}.text-c-4{color:#800}svg circle.c-4{fill:#800}.bg-hit{background-color:#ccc}.border-hit{border-color:#ccc!important}.bg-read{background-color:#fddb61}.border-read{border-color:#fddb61!important}.bg-dirtied{background-color:#e80}.border-dirtied{border-color:#e80!important}.bg-written{background-color:#800}.border-written{border-color:#800!important}.btn-group-xs>.btn,.btn-xs{padding:.25rem .4rem;font-size:12px;border-radius:.2rem}.btn-group-xs>.btn,.btn-group-xs>.btn .fa,.btn-xs,.btn-xs .fa{line-height:.5}.plan-node.never-executed .plan-node-body,.bg-hatched{background-image:linear-gradient(45deg,#f7f7f7 25%,transparent 25%,transparent 50%,#f7f7f7 50%,#f7f7f7 75%,transparent 75%,transparent);background-size:1rem 1rem}.border-dashed{border-style:dashed!important;background-color:transparent!important}.line-clamp-2{display:-webkit-box;-webkit-line-clamp:2;-webkit-box-orient:vertical;text-overflow:ellipsis;overflow:hidden}.opacity-20{opacity:.2!important}.bg-secondary-light{background-color:#dedede!important}.plan-container{font-family:Noto Sans,sans-serif;-webkit-font-smoothing:antialiased;-moz-osx-font-smoothing:grayscale}.plan-container .menu{position:absolute;z-index:1;right:0}.plan-container .menu-hidden ul,.plan-container .menu-hidden h3{display:none}.plan-container .grab-bing{cursor:-webkit-grab;cursor:-moz-grab;cursor:-o-grab;cursor:grab}.plan-container .grab-bing:active{cursor:-webkit-grabbing;cursor:-moz-grabbing;cursor:-o-grabbing;cursor:grabbing}.plan-container .text-secondary{color:#ababab!important}.plan-container .cursor-help{cursor:help}.plan-container pre{overflow:initial}.plan-stats{font-size:13px}.plan-stats .stat-dropdown-container{border:1px solid #dedede;padding:10px;background-color:#fff;position:absolute;box-shadow:0 0 10px 2px #0000004d;border-radius:3px;margin-bottom:18px;z-index:6;right:0;width:300px;max-height:70vh;overflow:auto}.plan-stats .stat-dropdown-container h3{font-size:17px;width:93%;text-align:left;border-bottom:1px solid #dedede;padding-bottom:6px;margin-bottom:10px}.tippy-popper .tippy-tooltip{text-align:left}.tippy-popper .text-secondary{color:inherit!important}.splitpanes__pane{transition:none!important}.no-focus-outline:focus{outline:none}.table-nonfluid{width:auto!important}.more-info[title]{text-decoration-line:underline;text-decoration-style:dotted;text-decoration-color:#ababab;cursor:help}foreignObject{overflow:visible}.plan-diagram{line-height:.85em;font-family:Noto Sans,sans-serif}.plan-diagram.plan-diagram-top{max-height:30%}.plan-diagram table tr td:nth-child(3){width:50%}.plan-diagram table tr td:nth-child(2){max-width:0;width:60%;overflow:hidden;text-overflow:ellipsis;white-space:nowrap}.plan-diagram .legend ul li{font-size:13px}.plan-diagram .legend ul li span{display:inline-block;width:8px;height:8px;border-radius:50%}.plan-diagram tbody:after{content:"";display:block;height:10px}.plan-diagram th,.plan-diagram td{margin:0;color:#4d525a;white-space:nowrap}.plan-diagram th.node-index,.plan-diagram th.node-type,.plan-diagram th.subplan,.plan-diagram td.node-index,.plan-diagram td.node-type,.plan-diagram td.subplan{font-size:13px}.plan-diagram th.node-type,.plan-diagram td.node-type{font-weight:700}.plan-diagram th{font-size:13px}.plan-diagram tr.node{cursor:pointer}.plan-diagram tr.selected{outline:1px solid #00b5e2;box-shadow:0 0 5px 2px #00b5e266}.plan-diagram tr.highlight,.plan-diagram tr.selected{background-color:#fff}.plan-diagram table.highlight tr{opacity:50%}.plan-diagram table.highlight tr.highlight{opacity:100%}.plan-diagram .tree-lines{font-family:"monospace"}.plan-grid{background-color:#fff;line-height:.85em}.plan-grid>table{border-collapse:separate;border-spacing:0}.plan-grid>table>tbody>tr>th,.plan-grid>table>tbody>tr>td,.plan-grid>table>thead>tr>th,.plan-grid>table>thead>tr>td,.plan-grid>table>tr>th,.plan-grid>table>tr>td{font-size:11.7px;min-width:20px;padding-left:.5rem;padding-right:.5rem}.plan-grid .detailed{line-height:initial;margin:5px;width:calc(100% - 10px)!important;max-width:700px}.plan-grid .tree-lines{font-family:"monospace"}.plan-grid tr.node{cursor:pointer}.plan-grid .grid-progress-cell{position:relative;background-color:transparent}.plan-grid .grid-progress-cell .grid-progress{margin-top:1px}.plan-grid .grid-progress{position:absolute;width:100%;height:initial;left:calc(.5rem - 2px);top:calc(-3px + .25rem);height:calc(1em + 4px);width:calc(100% - 1rem + 4px);z-index:0;font-size:inherit}.plan-node{cursor:default;text-decoration:none;color:#4d525a;display:inline-block;position:relative;font-size:12px;margin-bottom:4px;overflow-wrap:break-word;word-wrap:break-word;width:240px}.plan-node .plan-node-body{position:relative;border:1px solid #dedede;border-radius:3px;background-color:#fff;box-shadow:1px 1px 3px #0000001a}.plan-node .plan-node-body.card .card-body,.plan-node .plan-node-body.card .card-header{padding:6px 10px}.plan-node .plan-node-body.card .card-header .card-header-tabs{margin:6px 0 -6px}.plan-node .plan-node-body.card .card-header .card-header-tabs .nav-link{padding:3px 10px}.plan-node.parallel .plan-node-body{box-shadow:none}.plan-node header{margin-bottom:6px;overflow:hidden}.plan-node header h4{font-size:13px;font-weight:600;margin:0;line-height:inherit;color:#000!important}.plan-node header .node-duration{float:right;margin-left:10px;font-size:13px}.plan-node .prop-list{color:inherit;table-layout:fixed}.plan-node:hover .plan-node-body,.plan-node.highlight .plan-node-body{box-shadow:1px 1px 5px #0006}.plan-node:hover .workers>div,.plan-node.highlight .workers>div{border-color:#0003}.plan-node.selected .plan-node-body{border-color:#00b5e2;box-shadow:0 0 5px 2px #00b5e266}.plan-node.selected .workers>div{border-color:#00b5e233}.plan-node .node-description{text-align:left;font-style:italic;word-break:normal}.plan-node .node-description .node-type{font-weight:600;background-color:#00b5e2;color:#fff;padding:0 6px}.plan-node .btn-default{border:0}.plan-node .text-secondary{color:#999ea7}.plan-node .plan-query-container{border:1px solid #dedede;padding:18px;background-color:#fff;position:absolute;box-shadow:0 0 10px 2px #0000004d;border-radius:3px;margin-bottom:18px;z-index:1;left:0}.plan-node .plan-query-container h3{font-size:17px;width:93%;text-align:left;border-bottom:1px solid #dedede;padding-bottom:6px;margin-bottom:10px}.plan-node .workers{position:absolute;left:-1px;top:1px;width:100%;height:100%;cursor:pointer}.plan-node .workers>div{border:1px solid #dedede;border-radius:3px;background-color:#fff;width:100%;height:100%;position:absolute}.plan-node .workers-handle{cursor:pointer;position:absolute;top:0;right:-5px}.plan-node .workers-handle>div{position:absolute;top:0;background-color:#fff;border:1px solid #efefef;border-radius:3px}.plan-node .workers-handle>div:hover{background-color:#f7f7f7;border-color:#dedede}.plan-node .subplan-name{background-color:#b3d7d7;border-radius:3px}.plan-node button .fa-chevron-right{display:inline-block}.plan-node button .fa-chevron-down{display:none}.plan-node button[aria-expanded=true] .fa-chevron-right{display:none!important}.plan-node button[aria-expanded=true] .fa-chevron-down{display:inline-block!important}.plan-node.plan-node-detail .text-truncate{overflow:initial;white-space:initial;text-overflow:initial}.node-bar-container{height:5px;margin-top:10px;margin-bottom:3px;border-radius:6px;background-color:#dedede;position:relative}.node-bar-container .node-bar{border-radius:6px;height:100%;text-align:left;position:absolute;left:0;top:0}.node-bar-label{text-align:left;display:block}.detailed{width:400px!important}*>.copy{display:none}*:hover>.copy{display:block}pre code.hljs{display:block;overflow-x:auto;padding:1em}code.hljs{padding:3px 5px}/*!
  Theme: StackOverflow Light
  Description: Light theme as used on stackoverflow.com
  Author: stackoverflow.com
  Maintainer: @Hirse
  Website: https://github.com/StackExchange/Stacks
  License: MIT
  Updated: 2021-05-15

  Updated for @stackoverflow/stacks v0.64.0
  Code Blocks: /blob/v0.64.0/lib/css/components/_stacks-code-blocks.less
  Colors: /blob/v0.64.0/lib/css/exports/_stacks-constants-colors.less
*/.hljs{color:#2f3337;background:#f6f6f6}.hljs-subst{color:#2f3337}.hljs-comment{color:#656e77}.hljs-keyword,.hljs-selector-tag,.hljs-meta .hljs-keyword,.hljs-doctag,.hljs-section,.hljs-attr{color:#015692}.hljs-attribute{color:#803378}.hljs-name,.hljs-type,.hljs-number,.hljs-selector-id,.hljs-quote,.hljs-template-tag{color:#b75501}.hljs-selector-class{color:#015692}.hljs-string,.hljs-regexp,.hljs-symbol,.hljs-variable,.hljs-template-variable,.hljs-link,.hljs-selector-attr{color:#54790d}.hljs-meta,.hljs-selector-pseudo{color:#015692}.hljs-built_in,.hljs-title,.hljs-literal{color:#b75501}.hljs-bullet,.hljs-code{color:#535a60}.hljs-meta .hljs-string{color:#54790d}.hljs-deletion{color:#c02d2e}.hljs-addition{color:#2f6f44}.hljs-emphasis{font-style:italic}.hljs-strong{font-weight:700}path{stroke-linecap:butt}path.never-executed{stroke-dasharray:.5em;stroke-opacity:.5}</style>
  </head>
  <body>
    <div id="app"></div>
  </body>
</html>
